[2023-08-14T16:33:52.073+0000] {taskinstance.py:1103} INFO - Dependencies all met for dep_context=non-requeueable deps ti=<TaskInstance: emrPipeline.step_checker_agg_task manual__2023-08-14T16:22:50+00:00 [queued]>
[2023-08-14T16:33:52.193+0000] {taskinstance.py:1103} INFO - Dependencies all met for dep_context=requeueable deps ti=<TaskInstance: emrPipeline.step_checker_agg_task manual__2023-08-14T16:22:50+00:00 [queued]>
[2023-08-14T16:33:52.193+0000] {taskinstance.py:1308} INFO - Starting attempt 1 of 1
[2023-08-14T16:33:52.529+0000] {taskinstance.py:1327} INFO - Executing <Task(EmrStepSensor): step_checker_agg_task> on 2023-08-14 16:22:50+00:00
[2023-08-14T16:33:52.633+0000] {standard_task_runner.py:57} INFO - Started process 10472 to run task
[2023-08-14T16:33:52.679+0000] {standard_task_runner.py:84} INFO - Running: ['***', 'tasks', 'run', 'emrPipeline', 'step_checker_agg_task', 'manual__2023-08-14T16:22:50+00:00', '--job-id', '1493', '--raw', '--subdir', 'DAGS_FOLDER/emr.py', '--cfg-path', '/tmp/tmp2vu9nvct']
[2023-08-14T16:33:52.783+0000] {standard_task_runner.py:85} INFO - Job 1493: Subtask step_checker_agg_task
[2023-08-14T16:33:52.876+0000] {warnings.py:109} WARNING - /home/***/.local/lib/python3.9/site-packages/***/settings.py:195: DeprecationWarning: The sql_alchemy_conn option in [core] has been moved to the sql_alchemy_conn option in [database] - the old setting has been used, but please update your config.
  SQL_ALCHEMY_CONN = conf.get("database", "SQL_ALCHEMY_CONN")

[2023-08-14T16:33:53.363+0000] {task_command.py:410} INFO - Running <TaskInstance: emrPipeline.step_checker_agg_task manual__2023-08-14T16:22:50+00:00 [running]> on host d4028c5ba2ac
[2023-08-14T16:33:54.349+0000] {taskinstance.py:1545} INFO - Exporting env vars: AIRFLOW_CTX_DAG_OWNER='***' AIRFLOW_CTX_DAG_ID='emrPipeline' AIRFLOW_CTX_TASK_ID='step_checker_agg_task' AIRFLOW_CTX_EXECUTION_DATE='2023-08-14T16:22:50+00:00' AIRFLOW_CTX_TRY_NUMBER='1' AIRFLOW_CTX_DAG_RUN_ID='manual__2023-08-14T16:22:50+00:00'
[2023-08-14T16:33:54.413+0000] {base.py:73} INFO - Using connection ID 'aws_connection' for task execution.
[2023-08-14T16:33:54.414+0000] {connection_wrapper.py:340} INFO - AWS Connection (conn_id='aws_connection', conn_type='aws') credentials retrieved from login and password.
[2023-08-14T16:34:02.577+0000] {emr.py:544} INFO - Poking step s-0089773IA7UG2AGTI71 on cluster j-11XJWD4XM14T6
[2023-08-14T16:34:04.049+0000] {emr.py:74} INFO - Job flow currently PENDING
[2023-08-14T16:34:14.061+0000] {emr.py:544} INFO - Poking step s-0089773IA7UG2AGTI71 on cluster j-11XJWD4XM14T6
[2023-08-14T16:34:14.370+0000] {emr.py:74} INFO - Job flow currently PENDING
[2023-08-14T16:34:24.376+0000] {emr.py:544} INFO - Poking step s-0089773IA7UG2AGTI71 on cluster j-11XJWD4XM14T6
[2023-08-14T16:34:24.761+0000] {emr.py:74} INFO - Job flow currently PENDING
[2023-08-14T16:34:34.766+0000] {emr.py:544} INFO - Poking step s-0089773IA7UG2AGTI71 on cluster j-11XJWD4XM14T6
[2023-08-14T16:34:35.029+0000] {emr.py:74} INFO - Job flow currently PENDING
[2023-08-14T16:34:45.037+0000] {emr.py:544} INFO - Poking step s-0089773IA7UG2AGTI71 on cluster j-11XJWD4XM14T6
[2023-08-14T16:34:45.430+0000] {emr.py:74} INFO - Job flow currently PENDING
[2023-08-14T16:34:55.436+0000] {emr.py:544} INFO - Poking step s-0089773IA7UG2AGTI71 on cluster j-11XJWD4XM14T6
[2023-08-14T16:34:55.948+0000] {emr.py:74} INFO - Job flow currently PENDING
[2023-08-14T16:35:05.956+0000] {emr.py:544} INFO - Poking step s-0089773IA7UG2AGTI71 on cluster j-11XJWD4XM14T6
[2023-08-14T16:35:06.109+0000] {emr.py:74} INFO - Job flow currently PENDING
[2023-08-14T16:35:16.116+0000] {emr.py:544} INFO - Poking step s-0089773IA7UG2AGTI71 on cluster j-11XJWD4XM14T6
[2023-08-14T16:35:16.231+0000] {emr.py:74} INFO - Job flow currently PENDING
[2023-08-14T16:35:26.241+0000] {emr.py:544} INFO - Poking step s-0089773IA7UG2AGTI71 on cluster j-11XJWD4XM14T6
[2023-08-14T16:35:26.344+0000] {emr.py:74} INFO - Job flow currently RUNNING
[2023-08-14T16:35:36.348+0000] {emr.py:544} INFO - Poking step s-0089773IA7UG2AGTI71 on cluster j-11XJWD4XM14T6
[2023-08-14T16:35:36.457+0000] {emr.py:74} INFO - Job flow currently RUNNING
[2023-08-14T16:35:46.466+0000] {emr.py:544} INFO - Poking step s-0089773IA7UG2AGTI71 on cluster j-11XJWD4XM14T6
[2023-08-14T16:35:46.583+0000] {emr.py:74} INFO - Job flow currently RUNNING
[2023-08-14T16:35:56.587+0000] {emr.py:544} INFO - Poking step s-0089773IA7UG2AGTI71 on cluster j-11XJWD4XM14T6
[2023-08-14T16:35:56.867+0000] {emr.py:74} INFO - Job flow currently RUNNING
[2023-08-14T16:36:06.876+0000] {emr.py:544} INFO - Poking step s-0089773IA7UG2AGTI71 on cluster j-11XJWD4XM14T6
[2023-08-14T16:36:07.047+0000] {emr.py:74} INFO - Job flow currently RUNNING
[2023-08-14T16:36:17.057+0000] {emr.py:544} INFO - Poking step s-0089773IA7UG2AGTI71 on cluster j-11XJWD4XM14T6
[2023-08-14T16:36:17.167+0000] {emr.py:74} INFO - Job flow currently RUNNING
[2023-08-14T16:36:27.176+0000] {emr.py:544} INFO - Poking step s-0089773IA7UG2AGTI71 on cluster j-11XJWD4XM14T6
[2023-08-14T16:36:27.289+0000] {emr.py:74} INFO - Job flow currently COMPLETED
[2023-08-14T16:36:27.290+0000] {base.py:255} INFO - Success criteria met. Exiting.
[2023-08-14T16:36:27.301+0000] {taskinstance.py:1345} INFO - Marking task as SUCCESS. dag_id=emrPipeline, task_id=step_checker_agg_task, execution_date=20230814T162250, start_date=20230814T163352, end_date=20230814T163627
[2023-08-14T16:36:27.348+0000] {local_task_job_runner.py:225} INFO - Task exited with return code 0
[2023-08-14T16:36:27.377+0000] {taskinstance.py:2653} INFO - 1 downstream tasks scheduled from follow-on schedule check
