[2023-08-11T12:00:01.357+0000] {warnings.py:109} WARNING - /home/***/.local/lib/python3.9/site-packages/***/utils/sqlalchemy.py:124: DeprecationWarning: The sql_alchemy_conn option in [core] has been moved to the sql_alchemy_conn option in [database] - the old setting has been used, but please update your config.
  return not conf.get("database", "sql_alchemy_conn").startswith("mssql")

[2023-08-11T12:00:01.412+0000] {taskinstance.py:1103} INFO - Dependencies all met for dep_context=non-requeueable deps ti=<TaskInstance: userCase2.S5 scheduled__2023-08-11T11:00:00+00:00 [queued]>
[2023-08-11T12:00:01.421+0000] {taskinstance.py:1103} INFO - Dependencies all met for dep_context=requeueable deps ti=<TaskInstance: userCase2.S5 scheduled__2023-08-11T11:00:00+00:00 [queued]>
[2023-08-11T12:00:01.422+0000] {taskinstance.py:1308} INFO - Starting attempt 1 of 1
[2023-08-11T12:00:01.436+0000] {taskinstance.py:1327} INFO - Executing <Task(BashOperator): S5> on 2023-08-11 11:00:00+00:00
[2023-08-11T12:00:01.444+0000] {standard_task_runner.py:57} INFO - Started process 3491 to run task
[2023-08-11T12:00:01.448+0000] {standard_task_runner.py:84} INFO - Running: ['***', 'tasks', 'run', 'userCase2', 'S5', 'scheduled__2023-08-11T11:00:00+00:00', '--job-id', '122', '--raw', '--subdir', 'DAGS_FOLDER/userCase.py', '--cfg-path', '/tmp/tmp46x3hpha']
[2023-08-11T12:00:01.451+0000] {standard_task_runner.py:85} INFO - Job 122: Subtask S5
[2023-08-11T12:00:01.465+0000] {warnings.py:109} WARNING - /home/***/.local/lib/python3.9/site-packages/***/settings.py:195: DeprecationWarning: The sql_alchemy_conn option in [core] has been moved to the sql_alchemy_conn option in [database] - the old setting has been used, but please update your config.
  SQL_ALCHEMY_CONN = conf.get("database", "SQL_ALCHEMY_CONN")

[2023-08-11T12:00:01.504+0000] {task_command.py:410} INFO - Running <TaskInstance: userCase2.S5 scheduled__2023-08-11T11:00:00+00:00 [running]> on host 484e6be077e8
[2023-08-11T12:00:01.516+0000] {warnings.py:109} WARNING - /home/***/.local/lib/python3.9/site-packages/***/utils/sqlalchemy.py:124: DeprecationWarning: The sql_alchemy_conn option in [core] has been moved to the sql_alchemy_conn option in [database] - the old setting has been used, but please update your config.
  return not conf.get("database", "sql_alchemy_conn").startswith("mssql")

[2023-08-11T12:00:01.591+0000] {taskinstance.py:1545} INFO - Exporting env vars: AIRFLOW_CTX_DAG_OWNER='***' AIRFLOW_CTX_DAG_ID='userCase2' AIRFLOW_CTX_TASK_ID='S5' AIRFLOW_CTX_EXECUTION_DATE='2023-08-11T11:00:00+00:00' AIRFLOW_CTX_TRY_NUMBER='1' AIRFLOW_CTX_DAG_RUN_ID='scheduled__2023-08-11T11:00:00+00:00'
[2023-08-11T12:00:01.594+0000] {subprocess.py:63} INFO - Tmp dir root location: /tmp
[2023-08-11T12:00:01.594+0000] {subprocess.py:75} INFO - Running command: ['/bin/bash', '-c', 'sleep 10']
[2023-08-11T12:00:01.609+0000] {subprocess.py:86} INFO - Output:
[2023-08-11T12:00:11.613+0000] {subprocess.py:97} INFO - Command exited with return code 0
[2023-08-11T12:00:11.648+0000] {taskinstance.py:1345} INFO - Marking task as SUCCESS. dag_id=userCase2, task_id=S5, execution_date=20230811T110000, start_date=20230811T120001, end_date=20230811T120011
[2023-08-11T12:00:11.679+0000] {local_task_job_runner.py:225} INFO - Task exited with return code 0
[2023-08-11T12:00:11.707+0000] {taskinstance.py:2653} INFO - 1 downstream tasks scheduled from follow-on schedule check
