[2023-07-25T16:02:32.615+0000] {processor.py:157} INFO - Started process (PID=89) to work on /home/airflow/.local/lib/python3.9/site-packages/airflow/example_dags/plugins/workday.py
[2023-07-25T16:02:32.616+0000] {processor.py:826} INFO - Processing file /home/airflow/.local/lib/python3.9/site-packages/airflow/example_dags/plugins/workday.py for tasks to queue
[2023-07-25T16:02:32.617+0000] {logging_mixin.py:150} INFO - [2023-07-25T16:02:32.616+0000] {dagbag.py:541} INFO - Filling up the DagBag from /home/airflow/.local/lib/python3.9/site-packages/airflow/example_dags/plugins/workday.py
[2023-07-25T16:02:34.002+0000] {processor.py:838} WARNING - No viable dags retrieved from /home/airflow/.local/lib/python3.9/site-packages/airflow/example_dags/plugins/workday.py
[2023-07-25T16:02:34.024+0000] {processor.py:179} INFO - Processing /home/airflow/.local/lib/python3.9/site-packages/airflow/example_dags/plugins/workday.py took 1.430 seconds
[2023-07-25T16:03:04.983+0000] {processor.py:157} INFO - Started process (PID=151) to work on /home/airflow/.local/lib/python3.9/site-packages/airflow/example_dags/plugins/workday.py
[2023-07-25T16:03:04.995+0000] {processor.py:826} INFO - Processing file /home/airflow/.local/lib/python3.9/site-packages/airflow/example_dags/plugins/workday.py for tasks to queue
[2023-07-25T16:03:04.996+0000] {logging_mixin.py:150} INFO - [2023-07-25T16:03:04.996+0000] {dagbag.py:541} INFO - Filling up the DagBag from /home/airflow/.local/lib/python3.9/site-packages/airflow/example_dags/plugins/workday.py
[2023-07-25T16:03:05.739+0000] {processor.py:838} WARNING - No viable dags retrieved from /home/airflow/.local/lib/python3.9/site-packages/airflow/example_dags/plugins/workday.py
[2023-07-25T16:03:05.755+0000] {processor.py:179} INFO - Processing /home/airflow/.local/lib/python3.9/site-packages/airflow/example_dags/plugins/workday.py took 0.777 seconds
[2023-07-25T16:03:36.604+0000] {processor.py:157} INFO - Started process (PID=219) to work on /home/airflow/.local/lib/python3.9/site-packages/airflow/example_dags/plugins/workday.py
[2023-07-25T16:03:36.606+0000] {processor.py:826} INFO - Processing file /home/airflow/.local/lib/python3.9/site-packages/airflow/example_dags/plugins/workday.py for tasks to queue
[2023-07-25T16:03:36.607+0000] {logging_mixin.py:150} INFO - [2023-07-25T16:03:36.606+0000] {dagbag.py:541} INFO - Filling up the DagBag from /home/airflow/.local/lib/python3.9/site-packages/airflow/example_dags/plugins/workday.py
[2023-07-25T16:03:37.679+0000] {processor.py:838} WARNING - No viable dags retrieved from /home/airflow/.local/lib/python3.9/site-packages/airflow/example_dags/plugins/workday.py
[2023-07-25T16:03:37.715+0000] {processor.py:179} INFO - Processing /home/airflow/.local/lib/python3.9/site-packages/airflow/example_dags/plugins/workday.py took 1.145 seconds
[2023-07-25T16:04:07.844+0000] {processor.py:157} INFO - Started process (PID=282) to work on /home/airflow/.local/lib/python3.9/site-packages/airflow/example_dags/plugins/workday.py
[2023-07-25T16:04:07.868+0000] {processor.py:826} INFO - Processing file /home/airflow/.local/lib/python3.9/site-packages/airflow/example_dags/plugins/workday.py for tasks to queue
[2023-07-25T16:04:07.869+0000] {logging_mixin.py:150} INFO - [2023-07-25T16:04:07.868+0000] {dagbag.py:541} INFO - Filling up the DagBag from /home/airflow/.local/lib/python3.9/site-packages/airflow/example_dags/plugins/workday.py
[2023-07-25T16:04:09.570+0000] {processor.py:838} WARNING - No viable dags retrieved from /home/airflow/.local/lib/python3.9/site-packages/airflow/example_dags/plugins/workday.py
[2023-07-25T16:04:09.648+0000] {processor.py:179} INFO - Processing /home/airflow/.local/lib/python3.9/site-packages/airflow/example_dags/plugins/workday.py took 1.809 seconds
[2023-07-25T16:04:40.604+0000] {processor.py:157} INFO - Started process (PID=343) to work on /home/airflow/.local/lib/python3.9/site-packages/airflow/example_dags/plugins/workday.py
[2023-07-25T16:04:40.630+0000] {processor.py:826} INFO - Processing file /home/airflow/.local/lib/python3.9/site-packages/airflow/example_dags/plugins/workday.py for tasks to queue
[2023-07-25T16:04:40.631+0000] {logging_mixin.py:150} INFO - [2023-07-25T16:04:40.631+0000] {dagbag.py:541} INFO - Filling up the DagBag from /home/airflow/.local/lib/python3.9/site-packages/airflow/example_dags/plugins/workday.py
[2023-07-25T16:04:41.477+0000] {processor.py:838} WARNING - No viable dags retrieved from /home/airflow/.local/lib/python3.9/site-packages/airflow/example_dags/plugins/workday.py
[2023-07-25T16:04:41.525+0000] {processor.py:179} INFO - Processing /home/airflow/.local/lib/python3.9/site-packages/airflow/example_dags/plugins/workday.py took 0.926 seconds
[2023-07-25T16:05:11.706+0000] {processor.py:157} INFO - Started process (PID=405) to work on /home/airflow/.local/lib/python3.9/site-packages/airflow/example_dags/plugins/workday.py
[2023-07-25T16:05:11.725+0000] {processor.py:826} INFO - Processing file /home/airflow/.local/lib/python3.9/site-packages/airflow/example_dags/plugins/workday.py for tasks to queue
[2023-07-25T16:05:11.726+0000] {logging_mixin.py:150} INFO - [2023-07-25T16:05:11.726+0000] {dagbag.py:541} INFO - Filling up the DagBag from /home/airflow/.local/lib/python3.9/site-packages/airflow/example_dags/plugins/workday.py
[2023-07-25T16:05:12.963+0000] {processor.py:838} WARNING - No viable dags retrieved from /home/airflow/.local/lib/python3.9/site-packages/airflow/example_dags/plugins/workday.py
[2023-07-25T16:05:13.015+0000] {processor.py:179} INFO - Processing /home/airflow/.local/lib/python3.9/site-packages/airflow/example_dags/plugins/workday.py took 1.345 seconds
[2023-07-25T16:05:43.741+0000] {processor.py:157} INFO - Started process (PID=467) to work on /home/airflow/.local/lib/python3.9/site-packages/airflow/example_dags/plugins/workday.py
[2023-07-25T16:05:43.747+0000] {processor.py:826} INFO - Processing file /home/airflow/.local/lib/python3.9/site-packages/airflow/example_dags/plugins/workday.py for tasks to queue
[2023-07-25T16:05:43.749+0000] {logging_mixin.py:150} INFO - [2023-07-25T16:05:43.748+0000] {dagbag.py:541} INFO - Filling up the DagBag from /home/airflow/.local/lib/python3.9/site-packages/airflow/example_dags/plugins/workday.py
[2023-07-25T16:05:44.694+0000] {processor.py:838} WARNING - No viable dags retrieved from /home/airflow/.local/lib/python3.9/site-packages/airflow/example_dags/plugins/workday.py
[2023-07-25T16:05:44.736+0000] {processor.py:179} INFO - Processing /home/airflow/.local/lib/python3.9/site-packages/airflow/example_dags/plugins/workday.py took 1.005 seconds
[2023-07-25T16:06:14.817+0000] {processor.py:157} INFO - Started process (PID=528) to work on /home/airflow/.local/lib/python3.9/site-packages/airflow/example_dags/plugins/workday.py
[2023-07-25T16:06:14.819+0000] {processor.py:826} INFO - Processing file /home/airflow/.local/lib/python3.9/site-packages/airflow/example_dags/plugins/workday.py for tasks to queue
[2023-07-25T16:06:14.820+0000] {logging_mixin.py:150} INFO - [2023-07-25T16:06:14.820+0000] {dagbag.py:541} INFO - Filling up the DagBag from /home/airflow/.local/lib/python3.9/site-packages/airflow/example_dags/plugins/workday.py
[2023-07-25T16:06:15.373+0000] {processor.py:838} WARNING - No viable dags retrieved from /home/airflow/.local/lib/python3.9/site-packages/airflow/example_dags/plugins/workday.py
[2023-07-25T16:06:15.413+0000] {processor.py:179} INFO - Processing /home/airflow/.local/lib/python3.9/site-packages/airflow/example_dags/plugins/workday.py took 0.612 seconds
[2023-07-25T16:06:45.660+0000] {processor.py:157} INFO - Started process (PID=589) to work on /home/airflow/.local/lib/python3.9/site-packages/airflow/example_dags/plugins/workday.py
[2023-07-25T16:06:45.675+0000] {processor.py:826} INFO - Processing file /home/airflow/.local/lib/python3.9/site-packages/airflow/example_dags/plugins/workday.py for tasks to queue
[2023-07-25T16:06:45.676+0000] {logging_mixin.py:150} INFO - [2023-07-25T16:06:45.676+0000] {dagbag.py:541} INFO - Filling up the DagBag from /home/airflow/.local/lib/python3.9/site-packages/airflow/example_dags/plugins/workday.py
[2023-07-25T16:06:46.377+0000] {processor.py:838} WARNING - No viable dags retrieved from /home/airflow/.local/lib/python3.9/site-packages/airflow/example_dags/plugins/workday.py
[2023-07-25T16:06:46.407+0000] {processor.py:179} INFO - Processing /home/airflow/.local/lib/python3.9/site-packages/airflow/example_dags/plugins/workday.py took 0.751 seconds
[2023-07-25T16:07:16.553+0000] {processor.py:157} INFO - Started process (PID=650) to work on /home/airflow/.local/lib/python3.9/site-packages/airflow/example_dags/plugins/workday.py
[2023-07-25T16:07:16.558+0000] {processor.py:826} INFO - Processing file /home/airflow/.local/lib/python3.9/site-packages/airflow/example_dags/plugins/workday.py for tasks to queue
[2023-07-25T16:07:16.559+0000] {logging_mixin.py:150} INFO - [2023-07-25T16:07:16.558+0000] {dagbag.py:541} INFO - Filling up the DagBag from /home/airflow/.local/lib/python3.9/site-packages/airflow/example_dags/plugins/workday.py
[2023-07-25T16:07:16.986+0000] {processor.py:838} WARNING - No viable dags retrieved from /home/airflow/.local/lib/python3.9/site-packages/airflow/example_dags/plugins/workday.py
[2023-07-25T16:07:17.003+0000] {processor.py:179} INFO - Processing /home/airflow/.local/lib/python3.9/site-packages/airflow/example_dags/plugins/workday.py took 0.454 seconds
[2023-07-25T16:07:47.467+0000] {processor.py:157} INFO - Started process (PID=712) to work on /home/airflow/.local/lib/python3.9/site-packages/airflow/example_dags/plugins/workday.py
[2023-07-25T16:07:47.469+0000] {processor.py:826} INFO - Processing file /home/airflow/.local/lib/python3.9/site-packages/airflow/example_dags/plugins/workday.py for tasks to queue
[2023-07-25T16:07:47.470+0000] {logging_mixin.py:150} INFO - [2023-07-25T16:07:47.470+0000] {dagbag.py:541} INFO - Filling up the DagBag from /home/airflow/.local/lib/python3.9/site-packages/airflow/example_dags/plugins/workday.py
[2023-07-25T16:07:47.894+0000] {processor.py:838} WARNING - No viable dags retrieved from /home/airflow/.local/lib/python3.9/site-packages/airflow/example_dags/plugins/workday.py
[2023-07-25T16:07:47.910+0000] {processor.py:179} INFO - Processing /home/airflow/.local/lib/python3.9/site-packages/airflow/example_dags/plugins/workday.py took 0.448 seconds
[2023-07-25T16:08:18.058+0000] {processor.py:157} INFO - Started process (PID=773) to work on /home/airflow/.local/lib/python3.9/site-packages/airflow/example_dags/plugins/workday.py
[2023-07-25T16:08:18.059+0000] {processor.py:826} INFO - Processing file /home/airflow/.local/lib/python3.9/site-packages/airflow/example_dags/plugins/workday.py for tasks to queue
[2023-07-25T16:08:18.060+0000] {logging_mixin.py:150} INFO - [2023-07-25T16:08:18.060+0000] {dagbag.py:541} INFO - Filling up the DagBag from /home/airflow/.local/lib/python3.9/site-packages/airflow/example_dags/plugins/workday.py
[2023-07-25T16:08:18.531+0000] {processor.py:838} WARNING - No viable dags retrieved from /home/airflow/.local/lib/python3.9/site-packages/airflow/example_dags/plugins/workday.py
[2023-07-25T16:08:18.547+0000] {processor.py:179} INFO - Processing /home/airflow/.local/lib/python3.9/site-packages/airflow/example_dags/plugins/workday.py took 0.495 seconds
[2023-07-25T16:08:48.934+0000] {processor.py:157} INFO - Started process (PID=835) to work on /home/airflow/.local/lib/python3.9/site-packages/airflow/example_dags/plugins/workday.py
[2023-07-25T16:08:48.972+0000] {processor.py:826} INFO - Processing file /home/airflow/.local/lib/python3.9/site-packages/airflow/example_dags/plugins/workday.py for tasks to queue
[2023-07-25T16:08:48.973+0000] {logging_mixin.py:150} INFO - [2023-07-25T16:08:48.972+0000] {dagbag.py:541} INFO - Filling up the DagBag from /home/airflow/.local/lib/python3.9/site-packages/airflow/example_dags/plugins/workday.py
[2023-07-25T16:08:50.548+0000] {processor.py:838} WARNING - No viable dags retrieved from /home/airflow/.local/lib/python3.9/site-packages/airflow/example_dags/plugins/workday.py
[2023-07-25T16:08:50.602+0000] {processor.py:179} INFO - Processing /home/airflow/.local/lib/python3.9/site-packages/airflow/example_dags/plugins/workday.py took 1.673 seconds
[2023-07-25T16:09:20.779+0000] {processor.py:157} INFO - Started process (PID=897) to work on /home/airflow/.local/lib/python3.9/site-packages/airflow/example_dags/plugins/workday.py
[2023-07-25T16:09:20.795+0000] {processor.py:826} INFO - Processing file /home/airflow/.local/lib/python3.9/site-packages/airflow/example_dags/plugins/workday.py for tasks to queue
[2023-07-25T16:09:20.796+0000] {logging_mixin.py:150} INFO - [2023-07-25T16:09:20.796+0000] {dagbag.py:541} INFO - Filling up the DagBag from /home/airflow/.local/lib/python3.9/site-packages/airflow/example_dags/plugins/workday.py
[2023-07-25T16:09:21.784+0000] {processor.py:838} WARNING - No viable dags retrieved from /home/airflow/.local/lib/python3.9/site-packages/airflow/example_dags/plugins/workday.py
[2023-07-25T16:09:21.838+0000] {processor.py:179} INFO - Processing /home/airflow/.local/lib/python3.9/site-packages/airflow/example_dags/plugins/workday.py took 1.064 seconds
[2023-07-25T16:09:52.654+0000] {processor.py:157} INFO - Started process (PID=957) to work on /home/airflow/.local/lib/python3.9/site-packages/airflow/example_dags/plugins/workday.py
[2023-07-25T16:09:52.675+0000] {processor.py:826} INFO - Processing file /home/airflow/.local/lib/python3.9/site-packages/airflow/example_dags/plugins/workday.py for tasks to queue
[2023-07-25T16:09:52.676+0000] {logging_mixin.py:150} INFO - [2023-07-25T16:09:52.676+0000] {dagbag.py:541} INFO - Filling up the DagBag from /home/airflow/.local/lib/python3.9/site-packages/airflow/example_dags/plugins/workday.py
[2023-07-25T16:09:53.855+0000] {processor.py:838} WARNING - No viable dags retrieved from /home/airflow/.local/lib/python3.9/site-packages/airflow/example_dags/plugins/workday.py
[2023-07-25T16:09:53.883+0000] {processor.py:179} INFO - Processing /home/airflow/.local/lib/python3.9/site-packages/airflow/example_dags/plugins/workday.py took 1.234 seconds
[2023-07-25T16:10:24.764+0000] {processor.py:157} INFO - Started process (PID=1019) to work on /home/airflow/.local/lib/python3.9/site-packages/airflow/example_dags/plugins/workday.py
[2023-07-25T16:10:24.795+0000] {processor.py:826} INFO - Processing file /home/airflow/.local/lib/python3.9/site-packages/airflow/example_dags/plugins/workday.py for tasks to queue
[2023-07-25T16:10:24.796+0000] {logging_mixin.py:150} INFO - [2023-07-25T16:10:24.796+0000] {dagbag.py:541} INFO - Filling up the DagBag from /home/airflow/.local/lib/python3.9/site-packages/airflow/example_dags/plugins/workday.py
[2023-07-25T16:10:25.848+0000] {processor.py:838} WARNING - No viable dags retrieved from /home/airflow/.local/lib/python3.9/site-packages/airflow/example_dags/plugins/workday.py
[2023-07-25T16:10:25.907+0000] {processor.py:179} INFO - Processing /home/airflow/.local/lib/python3.9/site-packages/airflow/example_dags/plugins/workday.py took 1.147 seconds
[2023-07-25T16:10:56.386+0000] {processor.py:157} INFO - Started process (PID=1080) to work on /home/airflow/.local/lib/python3.9/site-packages/airflow/example_dags/plugins/workday.py
[2023-07-25T16:10:56.388+0000] {processor.py:826} INFO - Processing file /home/airflow/.local/lib/python3.9/site-packages/airflow/example_dags/plugins/workday.py for tasks to queue
[2023-07-25T16:10:56.389+0000] {logging_mixin.py:150} INFO - [2023-07-25T16:10:56.389+0000] {dagbag.py:541} INFO - Filling up the DagBag from /home/airflow/.local/lib/python3.9/site-packages/airflow/example_dags/plugins/workday.py
[2023-07-25T16:10:58.005+0000] {processor.py:838} WARNING - No viable dags retrieved from /home/airflow/.local/lib/python3.9/site-packages/airflow/example_dags/plugins/workday.py
[2023-07-25T16:10:58.065+0000] {processor.py:179} INFO - Processing /home/airflow/.local/lib/python3.9/site-packages/airflow/example_dags/plugins/workday.py took 1.708 seconds
[2023-07-25T16:11:28.884+0000] {processor.py:157} INFO - Started process (PID=1136) to work on /home/airflow/.local/lib/python3.9/site-packages/airflow/example_dags/plugins/workday.py
[2023-07-25T16:11:28.909+0000] {processor.py:826} INFO - Processing file /home/airflow/.local/lib/python3.9/site-packages/airflow/example_dags/plugins/workday.py for tasks to queue
[2023-07-25T16:11:28.910+0000] {logging_mixin.py:150} INFO - [2023-07-25T16:11:28.910+0000] {dagbag.py:541} INFO - Filling up the DagBag from /home/airflow/.local/lib/python3.9/site-packages/airflow/example_dags/plugins/workday.py
[2023-07-25T16:11:30.259+0000] {processor.py:838} WARNING - No viable dags retrieved from /home/airflow/.local/lib/python3.9/site-packages/airflow/example_dags/plugins/workday.py
[2023-07-25T16:11:30.326+0000] {processor.py:179} INFO - Processing /home/airflow/.local/lib/python3.9/site-packages/airflow/example_dags/plugins/workday.py took 1.447 seconds
[2023-07-25T16:12:00.573+0000] {processor.py:157} INFO - Started process (PID=1206) to work on /home/airflow/.local/lib/python3.9/site-packages/airflow/example_dags/plugins/workday.py
[2023-07-25T16:12:00.592+0000] {processor.py:826} INFO - Processing file /home/airflow/.local/lib/python3.9/site-packages/airflow/example_dags/plugins/workday.py for tasks to queue
[2023-07-25T16:12:00.594+0000] {logging_mixin.py:150} INFO - [2023-07-25T16:12:00.593+0000] {dagbag.py:541} INFO - Filling up the DagBag from /home/airflow/.local/lib/python3.9/site-packages/airflow/example_dags/plugins/workday.py
[2023-07-25T16:12:02.086+0000] {processor.py:838} WARNING - No viable dags retrieved from /home/airflow/.local/lib/python3.9/site-packages/airflow/example_dags/plugins/workday.py
[2023-07-25T16:12:02.128+0000] {processor.py:179} INFO - Processing /home/airflow/.local/lib/python3.9/site-packages/airflow/example_dags/plugins/workday.py took 1.559 seconds
[2023-07-25T16:12:32.217+0000] {processor.py:157} INFO - Started process (PID=1269) to work on /home/airflow/.local/lib/python3.9/site-packages/airflow/example_dags/plugins/workday.py
[2023-07-25T16:12:32.225+0000] {processor.py:826} INFO - Processing file /home/airflow/.local/lib/python3.9/site-packages/airflow/example_dags/plugins/workday.py for tasks to queue
[2023-07-25T16:12:32.226+0000] {logging_mixin.py:150} INFO - [2023-07-25T16:12:32.226+0000] {dagbag.py:541} INFO - Filling up the DagBag from /home/airflow/.local/lib/python3.9/site-packages/airflow/example_dags/plugins/workday.py
[2023-07-25T16:12:33.079+0000] {processor.py:838} WARNING - No viable dags retrieved from /home/airflow/.local/lib/python3.9/site-packages/airflow/example_dags/plugins/workday.py
[2023-07-25T16:12:33.135+0000] {processor.py:179} INFO - Processing /home/airflow/.local/lib/python3.9/site-packages/airflow/example_dags/plugins/workday.py took 0.922 seconds
[2023-07-25T16:13:03.500+0000] {processor.py:157} INFO - Started process (PID=1332) to work on /home/airflow/.local/lib/python3.9/site-packages/airflow/example_dags/plugins/workday.py
[2023-07-25T16:13:03.513+0000] {processor.py:826} INFO - Processing file /home/airflow/.local/lib/python3.9/site-packages/airflow/example_dags/plugins/workday.py for tasks to queue
[2023-07-25T16:13:03.514+0000] {logging_mixin.py:150} INFO - [2023-07-25T16:13:03.514+0000] {dagbag.py:541} INFO - Filling up the DagBag from /home/airflow/.local/lib/python3.9/site-packages/airflow/example_dags/plugins/workday.py
[2023-07-25T16:13:04.588+0000] {processor.py:838} WARNING - No viable dags retrieved from /home/airflow/.local/lib/python3.9/site-packages/airflow/example_dags/plugins/workday.py
[2023-07-25T16:13:04.623+0000] {processor.py:179} INFO - Processing /home/airflow/.local/lib/python3.9/site-packages/airflow/example_dags/plugins/workday.py took 1.127 seconds
[2023-07-25T16:13:37.404+0000] {processor.py:157} INFO - Started process (PID=1402) to work on /home/airflow/.local/lib/python3.9/site-packages/airflow/example_dags/plugins/workday.py
[2023-07-25T16:13:37.426+0000] {processor.py:826} INFO - Processing file /home/airflow/.local/lib/python3.9/site-packages/airflow/example_dags/plugins/workday.py for tasks to queue
[2023-07-25T16:13:37.427+0000] {logging_mixin.py:150} INFO - [2023-07-25T16:13:37.427+0000] {dagbag.py:541} INFO - Filling up the DagBag from /home/airflow/.local/lib/python3.9/site-packages/airflow/example_dags/plugins/workday.py
[2023-07-25T16:13:39.659+0000] {processor.py:838} WARNING - No viable dags retrieved from /home/airflow/.local/lib/python3.9/site-packages/airflow/example_dags/plugins/workday.py
[2023-07-25T16:13:39.728+0000] {processor.py:179} INFO - Processing /home/airflow/.local/lib/python3.9/site-packages/airflow/example_dags/plugins/workday.py took 2.329 seconds
[2023-07-25T16:14:09.961+0000] {processor.py:157} INFO - Started process (PID=1464) to work on /home/airflow/.local/lib/python3.9/site-packages/airflow/example_dags/plugins/workday.py
[2023-07-25T16:14:09.972+0000] {processor.py:826} INFO - Processing file /home/airflow/.local/lib/python3.9/site-packages/airflow/example_dags/plugins/workday.py for tasks to queue
[2023-07-25T16:14:09.975+0000] {logging_mixin.py:150} INFO - [2023-07-25T16:14:09.973+0000] {dagbag.py:541} INFO - Filling up the DagBag from /home/airflow/.local/lib/python3.9/site-packages/airflow/example_dags/plugins/workday.py
[2023-07-25T16:14:10.780+0000] {processor.py:838} WARNING - No viable dags retrieved from /home/airflow/.local/lib/python3.9/site-packages/airflow/example_dags/plugins/workday.py
[2023-07-25T16:14:10.826+0000] {processor.py:179} INFO - Processing /home/airflow/.local/lib/python3.9/site-packages/airflow/example_dags/plugins/workday.py took 0.870 seconds
[2023-07-25T16:14:41.099+0000] {processor.py:157} INFO - Started process (PID=1526) to work on /home/airflow/.local/lib/python3.9/site-packages/airflow/example_dags/plugins/workday.py
[2023-07-25T16:14:41.115+0000] {processor.py:826} INFO - Processing file /home/airflow/.local/lib/python3.9/site-packages/airflow/example_dags/plugins/workday.py for tasks to queue
[2023-07-25T16:14:41.117+0000] {logging_mixin.py:150} INFO - [2023-07-25T16:14:41.116+0000] {dagbag.py:541} INFO - Filling up the DagBag from /home/airflow/.local/lib/python3.9/site-packages/airflow/example_dags/plugins/workday.py
[2023-07-25T16:14:41.628+0000] {processor.py:838} WARNING - No viable dags retrieved from /home/airflow/.local/lib/python3.9/site-packages/airflow/example_dags/plugins/workday.py
[2023-07-25T16:14:41.644+0000] {processor.py:179} INFO - Processing /home/airflow/.local/lib/python3.9/site-packages/airflow/example_dags/plugins/workday.py took 0.550 seconds
[2023-07-25T16:15:11.864+0000] {processor.py:157} INFO - Started process (PID=1586) to work on /home/airflow/.local/lib/python3.9/site-packages/airflow/example_dags/plugins/workday.py
[2023-07-25T16:15:11.895+0000] {processor.py:826} INFO - Processing file /home/airflow/.local/lib/python3.9/site-packages/airflow/example_dags/plugins/workday.py for tasks to queue
[2023-07-25T16:15:11.896+0000] {logging_mixin.py:150} INFO - [2023-07-25T16:15:11.896+0000] {dagbag.py:541} INFO - Filling up the DagBag from /home/airflow/.local/lib/python3.9/site-packages/airflow/example_dags/plugins/workday.py
[2023-07-25T16:15:12.365+0000] {processor.py:838} WARNING - No viable dags retrieved from /home/airflow/.local/lib/python3.9/site-packages/airflow/example_dags/plugins/workday.py
[2023-07-25T16:15:12.382+0000] {processor.py:179} INFO - Processing /home/airflow/.local/lib/python3.9/site-packages/airflow/example_dags/plugins/workday.py took 0.523 seconds
[2023-07-25T16:15:43.237+0000] {processor.py:157} INFO - Started process (PID=1648) to work on /home/airflow/.local/lib/python3.9/site-packages/airflow/example_dags/plugins/workday.py
[2023-07-25T16:15:43.255+0000] {processor.py:826} INFO - Processing file /home/airflow/.local/lib/python3.9/site-packages/airflow/example_dags/plugins/workday.py for tasks to queue
[2023-07-25T16:15:43.256+0000] {logging_mixin.py:150} INFO - [2023-07-25T16:15:43.256+0000] {dagbag.py:541} INFO - Filling up the DagBag from /home/airflow/.local/lib/python3.9/site-packages/airflow/example_dags/plugins/workday.py
[2023-07-25T16:15:44.207+0000] {processor.py:838} WARNING - No viable dags retrieved from /home/airflow/.local/lib/python3.9/site-packages/airflow/example_dags/plugins/workday.py
[2023-07-25T16:15:44.235+0000] {processor.py:179} INFO - Processing /home/airflow/.local/lib/python3.9/site-packages/airflow/example_dags/plugins/workday.py took 1.073 seconds
[2023-07-25T16:16:14.381+0000] {processor.py:157} INFO - Started process (PID=1711) to work on /home/airflow/.local/lib/python3.9/site-packages/airflow/example_dags/plugins/workday.py
[2023-07-25T16:16:14.405+0000] {processor.py:826} INFO - Processing file /home/airflow/.local/lib/python3.9/site-packages/airflow/example_dags/plugins/workday.py for tasks to queue
[2023-07-25T16:16:14.406+0000] {logging_mixin.py:150} INFO - [2023-07-25T16:16:14.406+0000] {dagbag.py:541} INFO - Filling up the DagBag from /home/airflow/.local/lib/python3.9/site-packages/airflow/example_dags/plugins/workday.py
[2023-07-25T16:16:15.155+0000] {processor.py:838} WARNING - No viable dags retrieved from /home/airflow/.local/lib/python3.9/site-packages/airflow/example_dags/plugins/workday.py
[2023-07-25T16:16:15.174+0000] {processor.py:179} INFO - Processing /home/airflow/.local/lib/python3.9/site-packages/airflow/example_dags/plugins/workday.py took 0.797 seconds
[2023-07-25T16:16:45.547+0000] {processor.py:157} INFO - Started process (PID=1773) to work on /home/airflow/.local/lib/python3.9/site-packages/airflow/example_dags/plugins/workday.py
[2023-07-25T16:16:45.555+0000] {processor.py:826} INFO - Processing file /home/airflow/.local/lib/python3.9/site-packages/airflow/example_dags/plugins/workday.py for tasks to queue
[2023-07-25T16:16:45.565+0000] {logging_mixin.py:150} INFO - [2023-07-25T16:16:45.556+0000] {dagbag.py:541} INFO - Filling up the DagBag from /home/airflow/.local/lib/python3.9/site-packages/airflow/example_dags/plugins/workday.py
[2023-07-25T16:16:46.285+0000] {processor.py:838} WARNING - No viable dags retrieved from /home/airflow/.local/lib/python3.9/site-packages/airflow/example_dags/plugins/workday.py
[2023-07-25T16:16:46.303+0000] {processor.py:179} INFO - Processing /home/airflow/.local/lib/python3.9/site-packages/airflow/example_dags/plugins/workday.py took 0.760 seconds
[2023-07-25T16:17:16.400+0000] {processor.py:157} INFO - Started process (PID=1835) to work on /home/airflow/.local/lib/python3.9/site-packages/airflow/example_dags/plugins/workday.py
[2023-07-25T16:17:16.405+0000] {processor.py:826} INFO - Processing file /home/airflow/.local/lib/python3.9/site-packages/airflow/example_dags/plugins/workday.py for tasks to queue
[2023-07-25T16:17:16.406+0000] {logging_mixin.py:150} INFO - [2023-07-25T16:17:16.406+0000] {dagbag.py:541} INFO - Filling up the DagBag from /home/airflow/.local/lib/python3.9/site-packages/airflow/example_dags/plugins/workday.py
[2023-07-25T16:17:16.995+0000] {processor.py:838} WARNING - No viable dags retrieved from /home/airflow/.local/lib/python3.9/site-packages/airflow/example_dags/plugins/workday.py
[2023-07-25T16:17:17.011+0000] {processor.py:179} INFO - Processing /home/airflow/.local/lib/python3.9/site-packages/airflow/example_dags/plugins/workday.py took 0.616 seconds
[2023-07-25T16:17:47.292+0000] {processor.py:157} INFO - Started process (PID=1897) to work on /home/airflow/.local/lib/python3.9/site-packages/airflow/example_dags/plugins/workday.py
[2023-07-25T16:17:47.294+0000] {processor.py:826} INFO - Processing file /home/airflow/.local/lib/python3.9/site-packages/airflow/example_dags/plugins/workday.py for tasks to queue
[2023-07-25T16:17:47.295+0000] {logging_mixin.py:150} INFO - [2023-07-25T16:17:47.294+0000] {dagbag.py:541} INFO - Filling up the DagBag from /home/airflow/.local/lib/python3.9/site-packages/airflow/example_dags/plugins/workday.py
[2023-07-25T16:17:47.675+0000] {processor.py:838} WARNING - No viable dags retrieved from /home/airflow/.local/lib/python3.9/site-packages/airflow/example_dags/plugins/workday.py
[2023-07-25T16:17:47.692+0000] {processor.py:179} INFO - Processing /home/airflow/.local/lib/python3.9/site-packages/airflow/example_dags/plugins/workday.py took 0.404 seconds
[2023-07-25T16:18:17.964+0000] {processor.py:157} INFO - Started process (PID=1958) to work on /home/airflow/.local/lib/python3.9/site-packages/airflow/example_dags/plugins/workday.py
[2023-07-25T16:18:18.002+0000] {processor.py:826} INFO - Processing file /home/airflow/.local/lib/python3.9/site-packages/airflow/example_dags/plugins/workday.py for tasks to queue
[2023-07-25T16:18:18.003+0000] {logging_mixin.py:150} INFO - [2023-07-25T16:18:18.003+0000] {dagbag.py:541} INFO - Filling up the DagBag from /home/airflow/.local/lib/python3.9/site-packages/airflow/example_dags/plugins/workday.py
[2023-07-25T16:18:19.847+0000] {processor.py:838} WARNING - No viable dags retrieved from /home/airflow/.local/lib/python3.9/site-packages/airflow/example_dags/plugins/workday.py
[2023-07-25T16:18:19.898+0000] {processor.py:179} INFO - Processing /home/airflow/.local/lib/python3.9/site-packages/airflow/example_dags/plugins/workday.py took 1.939 seconds
[2023-07-25T16:18:50.188+0000] {processor.py:157} INFO - Started process (PID=2020) to work on /home/airflow/.local/lib/python3.9/site-packages/airflow/example_dags/plugins/workday.py
[2023-07-25T16:18:50.205+0000] {processor.py:826} INFO - Processing file /home/airflow/.local/lib/python3.9/site-packages/airflow/example_dags/plugins/workday.py for tasks to queue
[2023-07-25T16:18:50.206+0000] {logging_mixin.py:150} INFO - [2023-07-25T16:18:50.206+0000] {dagbag.py:541} INFO - Filling up the DagBag from /home/airflow/.local/lib/python3.9/site-packages/airflow/example_dags/plugins/workday.py
[2023-07-25T16:18:50.932+0000] {processor.py:838} WARNING - No viable dags retrieved from /home/airflow/.local/lib/python3.9/site-packages/airflow/example_dags/plugins/workday.py
[2023-07-25T16:18:50.975+0000] {processor.py:179} INFO - Processing /home/airflow/.local/lib/python3.9/site-packages/airflow/example_dags/plugins/workday.py took 0.792 seconds
[2023-07-25T16:19:22.165+0000] {processor.py:157} INFO - Started process (PID=2084) to work on /home/airflow/.local/lib/python3.9/site-packages/airflow/example_dags/plugins/workday.py
[2023-07-25T16:19:22.167+0000] {processor.py:826} INFO - Processing file /home/airflow/.local/lib/python3.9/site-packages/airflow/example_dags/plugins/workday.py for tasks to queue
[2023-07-25T16:19:22.168+0000] {logging_mixin.py:150} INFO - [2023-07-25T16:19:22.168+0000] {dagbag.py:541} INFO - Filling up the DagBag from /home/airflow/.local/lib/python3.9/site-packages/airflow/example_dags/plugins/workday.py
[2023-07-25T16:19:22.591+0000] {processor.py:838} WARNING - No viable dags retrieved from /home/airflow/.local/lib/python3.9/site-packages/airflow/example_dags/plugins/workday.py
[2023-07-25T16:19:22.607+0000] {processor.py:179} INFO - Processing /home/airflow/.local/lib/python3.9/site-packages/airflow/example_dags/plugins/workday.py took 0.477 seconds
[2023-07-25T16:19:52.711+0000] {processor.py:157} INFO - Started process (PID=2145) to work on /home/airflow/.local/lib/python3.9/site-packages/airflow/example_dags/plugins/workday.py
[2023-07-25T16:19:52.715+0000] {processor.py:826} INFO - Processing file /home/airflow/.local/lib/python3.9/site-packages/airflow/example_dags/plugins/workday.py for tasks to queue
[2023-07-25T16:19:52.716+0000] {logging_mixin.py:150} INFO - [2023-07-25T16:19:52.716+0000] {dagbag.py:541} INFO - Filling up the DagBag from /home/airflow/.local/lib/python3.9/site-packages/airflow/example_dags/plugins/workday.py
[2023-07-25T16:19:53.155+0000] {processor.py:838} WARNING - No viable dags retrieved from /home/airflow/.local/lib/python3.9/site-packages/airflow/example_dags/plugins/workday.py
[2023-07-25T16:19:53.172+0000] {processor.py:179} INFO - Processing /home/airflow/.local/lib/python3.9/site-packages/airflow/example_dags/plugins/workday.py took 0.491 seconds
[2023-07-25T16:20:23.856+0000] {processor.py:157} INFO - Started process (PID=2206) to work on /home/airflow/.local/lib/python3.9/site-packages/airflow/example_dags/plugins/workday.py
[2023-07-25T16:20:23.857+0000] {processor.py:826} INFO - Processing file /home/airflow/.local/lib/python3.9/site-packages/airflow/example_dags/plugins/workday.py for tasks to queue
[2023-07-25T16:20:23.858+0000] {logging_mixin.py:150} INFO - [2023-07-25T16:20:23.858+0000] {dagbag.py:541} INFO - Filling up the DagBag from /home/airflow/.local/lib/python3.9/site-packages/airflow/example_dags/plugins/workday.py
[2023-07-25T16:20:24.781+0000] {processor.py:838} WARNING - No viable dags retrieved from /home/airflow/.local/lib/python3.9/site-packages/airflow/example_dags/plugins/workday.py
[2023-07-25T16:20:24.809+0000] {processor.py:179} INFO - Processing /home/airflow/.local/lib/python3.9/site-packages/airflow/example_dags/plugins/workday.py took 0.978 seconds
[2023-07-25T16:20:55.115+0000] {processor.py:157} INFO - Started process (PID=2268) to work on /home/airflow/.local/lib/python3.9/site-packages/airflow/example_dags/plugins/workday.py
[2023-07-25T16:20:55.117+0000] {processor.py:826} INFO - Processing file /home/airflow/.local/lib/python3.9/site-packages/airflow/example_dags/plugins/workday.py for tasks to queue
[2023-07-25T16:20:55.118+0000] {logging_mixin.py:150} INFO - [2023-07-25T16:20:55.118+0000] {dagbag.py:541} INFO - Filling up the DagBag from /home/airflow/.local/lib/python3.9/site-packages/airflow/example_dags/plugins/workday.py
[2023-07-25T16:20:55.591+0000] {processor.py:838} WARNING - No viable dags retrieved from /home/airflow/.local/lib/python3.9/site-packages/airflow/example_dags/plugins/workday.py
[2023-07-25T16:20:55.607+0000] {processor.py:179} INFO - Processing /home/airflow/.local/lib/python3.9/site-packages/airflow/example_dags/plugins/workday.py took 0.504 seconds
[2023-07-25T16:21:26.139+0000] {processor.py:157} INFO - Started process (PID=2329) to work on /home/airflow/.local/lib/python3.9/site-packages/airflow/example_dags/plugins/workday.py
[2023-07-25T16:21:26.144+0000] {processor.py:826} INFO - Processing file /home/airflow/.local/lib/python3.9/site-packages/airflow/example_dags/plugins/workday.py for tasks to queue
[2023-07-25T16:21:26.145+0000] {logging_mixin.py:150} INFO - [2023-07-25T16:21:26.145+0000] {dagbag.py:541} INFO - Filling up the DagBag from /home/airflow/.local/lib/python3.9/site-packages/airflow/example_dags/plugins/workday.py
[2023-07-25T16:21:26.586+0000] {processor.py:838} WARNING - No viable dags retrieved from /home/airflow/.local/lib/python3.9/site-packages/airflow/example_dags/plugins/workday.py
[2023-07-25T16:21:26.611+0000] {processor.py:179} INFO - Processing /home/airflow/.local/lib/python3.9/site-packages/airflow/example_dags/plugins/workday.py took 0.487 seconds
[2023-07-25T16:21:56.688+0000] {processor.py:157} INFO - Started process (PID=2391) to work on /home/airflow/.local/lib/python3.9/site-packages/airflow/example_dags/plugins/workday.py
[2023-07-25T16:21:56.695+0000] {processor.py:826} INFO - Processing file /home/airflow/.local/lib/python3.9/site-packages/airflow/example_dags/plugins/workday.py for tasks to queue
[2023-07-25T16:21:56.696+0000] {logging_mixin.py:150} INFO - [2023-07-25T16:21:56.696+0000] {dagbag.py:541} INFO - Filling up the DagBag from /home/airflow/.local/lib/python3.9/site-packages/airflow/example_dags/plugins/workday.py
[2023-07-25T16:21:57.446+0000] {processor.py:838} WARNING - No viable dags retrieved from /home/airflow/.local/lib/python3.9/site-packages/airflow/example_dags/plugins/workday.py
[2023-07-25T16:21:57.459+0000] {processor.py:179} INFO - Processing /home/airflow/.local/lib/python3.9/site-packages/airflow/example_dags/plugins/workday.py took 0.778 seconds
[2023-07-25T16:22:27.600+0000] {processor.py:157} INFO - Started process (PID=2453) to work on /home/airflow/.local/lib/python3.9/site-packages/airflow/example_dags/plugins/workday.py
[2023-07-25T16:22:27.615+0000] {processor.py:826} INFO - Processing file /home/airflow/.local/lib/python3.9/site-packages/airflow/example_dags/plugins/workday.py for tasks to queue
[2023-07-25T16:22:27.616+0000] {logging_mixin.py:150} INFO - [2023-07-25T16:22:27.616+0000] {dagbag.py:541} INFO - Filling up the DagBag from /home/airflow/.local/lib/python3.9/site-packages/airflow/example_dags/plugins/workday.py
[2023-07-25T16:22:29.523+0000] {processor.py:838} WARNING - No viable dags retrieved from /home/airflow/.local/lib/python3.9/site-packages/airflow/example_dags/plugins/workday.py
[2023-07-25T16:22:29.570+0000] {processor.py:179} INFO - Processing /home/airflow/.local/lib/python3.9/site-packages/airflow/example_dags/plugins/workday.py took 1.975 seconds
[2023-07-25T16:23:05.832+0000] {processor.py:157} INFO - Started process (PID=2519) to work on /home/airflow/.local/lib/python3.9/site-packages/airflow/example_dags/plugins/workday.py
[2023-07-25T16:23:05.874+0000] {processor.py:826} INFO - Processing file /home/airflow/.local/lib/python3.9/site-packages/airflow/example_dags/plugins/workday.py for tasks to queue
[2023-07-25T16:23:05.876+0000] {logging_mixin.py:150} INFO - [2023-07-25T16:23:05.875+0000] {dagbag.py:541} INFO - Filling up the DagBag from /home/airflow/.local/lib/python3.9/site-packages/airflow/example_dags/plugins/workday.py
[2023-07-25T16:23:08.782+0000] {processor.py:838} WARNING - No viable dags retrieved from /home/airflow/.local/lib/python3.9/site-packages/airflow/example_dags/plugins/workday.py
[2023-07-25T16:23:08.895+0000] {processor.py:179} INFO - Processing /home/airflow/.local/lib/python3.9/site-packages/airflow/example_dags/plugins/workday.py took 3.068 seconds
[2023-07-25T16:23:39.056+0000] {processor.py:157} INFO - Started process (PID=2584) to work on /home/airflow/.local/lib/python3.9/site-packages/airflow/example_dags/plugins/workday.py
[2023-07-25T16:23:39.075+0000] {processor.py:826} INFO - Processing file /home/airflow/.local/lib/python3.9/site-packages/airflow/example_dags/plugins/workday.py for tasks to queue
[2023-07-25T16:23:39.076+0000] {logging_mixin.py:150} INFO - [2023-07-25T16:23:39.076+0000] {dagbag.py:541} INFO - Filling up the DagBag from /home/airflow/.local/lib/python3.9/site-packages/airflow/example_dags/plugins/workday.py
[2023-07-25T16:23:40.050+0000] {processor.py:838} WARNING - No viable dags retrieved from /home/airflow/.local/lib/python3.9/site-packages/airflow/example_dags/plugins/workday.py
[2023-07-25T16:23:40.112+0000] {processor.py:179} INFO - Processing /home/airflow/.local/lib/python3.9/site-packages/airflow/example_dags/plugins/workday.py took 1.071 seconds
[2023-07-25T16:24:10.763+0000] {processor.py:157} INFO - Started process (PID=2654) to work on /home/airflow/.local/lib/python3.9/site-packages/airflow/example_dags/plugins/workday.py
[2023-07-25T16:24:10.796+0000] {processor.py:826} INFO - Processing file /home/airflow/.local/lib/python3.9/site-packages/airflow/example_dags/plugins/workday.py for tasks to queue
[2023-07-25T16:24:10.797+0000] {logging_mixin.py:150} INFO - [2023-07-25T16:24:10.797+0000] {dagbag.py:541} INFO - Filling up the DagBag from /home/airflow/.local/lib/python3.9/site-packages/airflow/example_dags/plugins/workday.py
[2023-07-25T16:24:11.944+0000] {processor.py:838} WARNING - No viable dags retrieved from /home/airflow/.local/lib/python3.9/site-packages/airflow/example_dags/plugins/workday.py
[2023-07-25T16:24:11.998+0000] {processor.py:179} INFO - Processing /home/airflow/.local/lib/python3.9/site-packages/airflow/example_dags/plugins/workday.py took 1.239 seconds
