[2023-08-13T17:44:29.558+0000] {taskinstance.py:1103} INFO - Dependencies all met for dep_context=non-requeueable deps ti=<TaskInstance: emrPipeline.step_checker_agg_task manual__2023-08-13T17:32:17+00:00 [queued]>
[2023-08-13T17:44:29.616+0000] {taskinstance.py:1103} INFO - Dependencies all met for dep_context=requeueable deps ti=<TaskInstance: emrPipeline.step_checker_agg_task manual__2023-08-13T17:32:17+00:00 [queued]>
[2023-08-13T17:44:29.617+0000] {taskinstance.py:1308} INFO - Starting attempt 1 of 1
[2023-08-13T17:44:29.714+0000] {taskinstance.py:1327} INFO - Executing <Task(EmrStepSensor): step_checker_agg_task> on 2023-08-13 17:32:17+00:00
[2023-08-13T17:44:29.754+0000] {standard_task_runner.py:57} INFO - Started process 12846 to run task
[2023-08-13T17:44:29.782+0000] {standard_task_runner.py:84} INFO - Running: ['***', 'tasks', 'run', 'emrPipeline', 'step_checker_agg_task', 'manual__2023-08-13T17:32:17+00:00', '--job-id', '1089', '--raw', '--subdir', 'DAGS_FOLDER/emr.py', '--cfg-path', '/tmp/tmpcy1675ag']
[2023-08-13T17:44:29.800+0000] {standard_task_runner.py:85} INFO - Job 1089: Subtask step_checker_agg_task
[2023-08-13T17:44:29.902+0000] {warnings.py:109} WARNING - /home/***/.local/lib/python3.9/site-packages/***/settings.py:195: DeprecationWarning: The sql_alchemy_conn option in [core] has been moved to the sql_alchemy_conn option in [database] - the old setting has been used, but please update your config.
  SQL_ALCHEMY_CONN = conf.get("database", "SQL_ALCHEMY_CONN")

[2023-08-13T17:44:30.277+0000] {task_command.py:410} INFO - Running <TaskInstance: emrPipeline.step_checker_agg_task manual__2023-08-13T17:32:17+00:00 [running]> on host 484e6be077e8
[2023-08-13T17:44:31.295+0000] {taskinstance.py:1545} INFO - Exporting env vars: AIRFLOW_CTX_DAG_OWNER='***' AIRFLOW_CTX_DAG_ID='emrPipeline' AIRFLOW_CTX_TASK_ID='step_checker_agg_task' AIRFLOW_CTX_EXECUTION_DATE='2023-08-13T17:32:17+00:00' AIRFLOW_CTX_TRY_NUMBER='1' AIRFLOW_CTX_DAG_RUN_ID='manual__2023-08-13T17:32:17+00:00'
[2023-08-13T17:44:31.374+0000] {base.py:73} INFO - Using connection ID 'aws_connection' for task execution.
[2023-08-13T17:44:31.375+0000] {connection_wrapper.py:340} INFO - AWS Connection (conn_id='aws_connection', conn_type='aws') credentials retrieved from login and password.
[2023-08-13T17:44:35.974+0000] {emr.py:544} INFO - Poking step s-08839269BLGSQQGA8Z on cluster j-2KKJI1N4CSDWG
[2023-08-13T17:44:36.511+0000] {emr.py:74} INFO - Job flow currently RUNNING
[2023-08-13T17:44:46.532+0000] {emr.py:544} INFO - Poking step s-08839269BLGSQQGA8Z on cluster j-2KKJI1N4CSDWG
[2023-08-13T17:44:47.041+0000] {emr.py:74} INFO - Job flow currently RUNNING
[2023-08-13T17:44:57.049+0000] {emr.py:544} INFO - Poking step s-08839269BLGSQQGA8Z on cluster j-2KKJI1N4CSDWG
[2023-08-13T17:44:57.251+0000] {emr.py:74} INFO - Job flow currently RUNNING
[2023-08-13T17:45:07.259+0000] {emr.py:544} INFO - Poking step s-08839269BLGSQQGA8Z on cluster j-2KKJI1N4CSDWG
[2023-08-13T17:45:07.388+0000] {emr.py:74} INFO - Job flow currently RUNNING
[2023-08-13T17:45:17.390+0000] {emr.py:544} INFO - Poking step s-08839269BLGSQQGA8Z on cluster j-2KKJI1N4CSDWG
[2023-08-13T17:45:17.495+0000] {emr.py:74} INFO - Job flow currently RUNNING
[2023-08-13T17:45:27.505+0000] {emr.py:544} INFO - Poking step s-08839269BLGSQQGA8Z on cluster j-2KKJI1N4CSDWG
[2023-08-13T17:45:27.620+0000] {emr.py:74} INFO - Job flow currently COMPLETED
[2023-08-13T17:45:27.620+0000] {base.py:255} INFO - Success criteria met. Exiting.
[2023-08-13T17:45:27.629+0000] {taskinstance.py:1345} INFO - Marking task as SUCCESS. dag_id=emrPipeline, task_id=step_checker_agg_task, execution_date=20230813T173217, start_date=20230813T174429, end_date=20230813T174527
[2023-08-13T17:45:27.729+0000] {local_task_job_runner.py:225} INFO - Task exited with return code 0
[2023-08-13T17:45:27.773+0000] {taskinstance.py:2653} INFO - 0 downstream tasks scheduled from follow-on schedule check
