[2023-08-12T14:00:15.372+0000] {warnings.py:109} WARNING - /home/***/.local/lib/python3.9/site-packages/***/utils/sqlalchemy.py:124: DeprecationWarning: The sql_alchemy_conn option in [core] has been moved to the sql_alchemy_conn option in [database] - the old setting has been used, but please update your config.
  return not conf.get("database", "sql_alchemy_conn").startswith("mssql")

[2023-08-12T14:00:15.432+0000] {taskinstance.py:1103} INFO - Dependencies all met for dep_context=non-requeueable deps ti=<TaskInstance: emrPipeline.add_steps scheduled__2023-08-12T13:00:00+00:00 [queued]>
[2023-08-12T14:00:15.442+0000] {taskinstance.py:1103} INFO - Dependencies all met for dep_context=requeueable deps ti=<TaskInstance: emrPipeline.add_steps scheduled__2023-08-12T13:00:00+00:00 [queued]>
[2023-08-12T14:00:15.443+0000] {taskinstance.py:1308} INFO - Starting attempt 1 of 1
[2023-08-12T14:00:15.459+0000] {taskinstance.py:1327} INFO - Executing <Task(EmrAddStepsOperator): add_steps> on 2023-08-12 13:00:00+00:00
[2023-08-12T14:00:15.467+0000] {standard_task_runner.py:57} INFO - Started process 5941 to run task
[2023-08-12T14:00:15.475+0000] {standard_task_runner.py:84} INFO - Running: ['***', 'tasks', 'run', 'emrPipeline', 'add_steps', 'scheduled__2023-08-12T13:00:00+00:00', '--job-id', '177', '--raw', '--subdir', 'DAGS_FOLDER/emr.py', '--cfg-path', '/tmp/tmp_9higglg']
[2023-08-12T14:00:15.478+0000] {standard_task_runner.py:85} INFO - Job 177: Subtask add_steps
[2023-08-12T14:00:15.493+0000] {warnings.py:109} WARNING - /home/***/.local/lib/python3.9/site-packages/***/settings.py:195: DeprecationWarning: The sql_alchemy_conn option in [core] has been moved to the sql_alchemy_conn option in [database] - the old setting has been used, but please update your config.
  SQL_ALCHEMY_CONN = conf.get("database", "SQL_ALCHEMY_CONN")

[2023-08-12T14:00:15.536+0000] {task_command.py:410} INFO - Running <TaskInstance: emrPipeline.add_steps scheduled__2023-08-12T13:00:00+00:00 [running]> on host 484e6be077e8
[2023-08-12T14:00:15.548+0000] {warnings.py:109} WARNING - /home/***/.local/lib/python3.9/site-packages/***/utils/sqlalchemy.py:124: DeprecationWarning: The sql_alchemy_conn option in [core] has been moved to the sql_alchemy_conn option in [database] - the old setting has been used, but please update your config.
  return not conf.get("database", "sql_alchemy_conn").startswith("mssql")

[2023-08-12T14:00:15.650+0000] {taskinstance.py:1545} INFO - Exporting env vars: AIRFLOW_CTX_DAG_OWNER='***' AIRFLOW_CTX_DAG_ID='emrPipeline' AIRFLOW_CTX_TASK_ID='add_steps' AIRFLOW_CTX_EXECUTION_DATE='2023-08-12T13:00:00+00:00' AIRFLOW_CTX_TRY_NUMBER='1' AIRFLOW_CTX_DAG_RUN_ID='scheduled__2023-08-12T13:00:00+00:00'
[2023-08-12T14:00:15.677+0000] {base.py:73} INFO - Using connection ID 'aws_connection' for task execution.
[2023-08-12T14:00:15.678+0000] {connection_wrapper.py:340} INFO - AWS Connection (conn_id='aws_connection', conn_type='aws') credentials retrieved from login and password.
[2023-08-12T14:00:16.270+0000] {taskinstance.py:1824} ERROR - Task failed with exception
Traceback (most recent call last):
  File "/home/airflow/.local/lib/python3.9/site-packages/airflow/providers/amazon/aws/operators/emr.py", line 142, in execute
    log_uri=get_log_uri(emr_client=emr_hook.conn, job_flow_id=job_flow_id),
  File "/home/airflow/.local/lib/python3.9/site-packages/airflow/providers/amazon/aws/links/emr.py", line 62, in get_log_uri
    cluster_info = (cluster or emr_client.describe_cluster(ClusterId=job_flow_id))["Cluster"]
  File "/home/airflow/.local/lib/python3.9/site-packages/botocore/client.py", line 530, in _api_call
    return self._make_api_call(operation_name, kwargs)
  File "/home/airflow/.local/lib/python3.9/site-packages/botocore/client.py", line 964, in _make_api_call
    raise error_class(parsed_response, operation_name)
botocore.errorfactory.InvalidRequestException: An error occurred (InvalidRequestException) when calling the DescribeCluster operation: Cluster id 'None' is not valid.
[2023-08-12T14:00:16.280+0000] {taskinstance.py:1345} INFO - Marking task as FAILED. dag_id=emrPipeline, task_id=add_steps, execution_date=20230812T130000, start_date=20230812T140015, end_date=20230812T140016
[2023-08-12T14:00:16.293+0000] {standard_task_runner.py:104} ERROR - Failed to execute job 177 for task add_steps (An error occurred (InvalidRequestException) when calling the DescribeCluster operation: Cluster id 'None' is not valid.; 5941)
[2023-08-12T14:00:16.332+0000] {local_task_job_runner.py:225} INFO - Task exited with return code 1
[2023-08-12T14:00:16.353+0000] {taskinstance.py:2653} INFO - 0 downstream tasks scheduled from follow-on schedule check
