[2023-08-27T13:01:56.284+0000] {taskinstance.py:1103} INFO - Dependencies all met for dep_context=non-requeueable deps ti=<TaskInstance: ny_taxi_Pipeline.step_checker_hive_task manual__2023-08-27T12:52:57+00:00 [queued]>
[2023-08-27T13:01:56.295+0000] {taskinstance.py:1103} INFO - Dependencies all met for dep_context=requeueable deps ti=<TaskInstance: ny_taxi_Pipeline.step_checker_hive_task manual__2023-08-27T12:52:57+00:00 [queued]>
[2023-08-27T13:01:56.296+0000] {taskinstance.py:1308} INFO - Starting attempt 1 of 1
[2023-08-27T13:01:56.311+0000] {taskinstance.py:1327} INFO - Executing <Task(EmrStepSensor): step_checker_hive_task> on 2023-08-27 12:52:57+00:00
[2023-08-27T13:01:56.320+0000] {standard_task_runner.py:57} INFO - Started process 3302 to run task
[2023-08-27T13:01:56.326+0000] {standard_task_runner.py:84} INFO - Running: ['***', 'tasks', 'run', 'ny_taxi_Pipeline', 'step_checker_hive_task', 'manual__2023-08-27T12:52:57+00:00', '--job-id', '1815', '--raw', '--subdir', 'DAGS_FOLDER/ny_taxi_datapipeline.py', '--cfg-path', '/tmp/tmp10gjn2uv']
[2023-08-27T13:01:56.329+0000] {standard_task_runner.py:85} INFO - Job 1815: Subtask step_checker_hive_task
[2023-08-27T13:01:56.345+0000] {warnings.py:109} WARNING - /home/***/.local/lib/python3.9/site-packages/***/settings.py:195: DeprecationWarning: The sql_alchemy_conn option in [core] has been moved to the sql_alchemy_conn option in [database] - the old setting has been used, but please update your config.
  SQL_ALCHEMY_CONN = conf.get("database", "SQL_ALCHEMY_CONN")

[2023-08-27T13:01:56.396+0000] {task_command.py:410} INFO - Running <TaskInstance: ny_taxi_Pipeline.step_checker_hive_task manual__2023-08-27T12:52:57+00:00 [running]> on host d4028c5ba2ac
[2023-08-27T13:01:56.520+0000] {taskinstance.py:1545} INFO - Exporting env vars: AIRFLOW_CTX_DAG_OWNER='***' AIRFLOW_CTX_DAG_ID='ny_taxi_Pipeline' AIRFLOW_CTX_TASK_ID='step_checker_hive_task' AIRFLOW_CTX_EXECUTION_DATE='2023-08-27T12:52:57+00:00' AIRFLOW_CTX_TRY_NUMBER='1' AIRFLOW_CTX_DAG_RUN_ID='manual__2023-08-27T12:52:57+00:00'
[2023-08-27T13:01:56.532+0000] {base.py:73} INFO - Using connection ID 'aws_connection' for task execution.
[2023-08-27T13:01:56.533+0000] {connection_wrapper.py:340} INFO - AWS Connection (conn_id='aws_connection', conn_type='aws') credentials retrieved from login and password.
[2023-08-27T13:01:57.141+0000] {emr.py:544} INFO - Poking step s-09485121CNCUKIBUMRKP on cluster j-D2T1FPIUUEGP
[2023-08-27T13:01:57.252+0000] {emr.py:74} INFO - Job flow currently PENDING
[2023-08-27T13:02:07.262+0000] {emr.py:544} INFO - Poking step s-09485121CNCUKIBUMRKP on cluster j-D2T1FPIUUEGP
[2023-08-27T13:02:07.363+0000] {emr.py:74} INFO - Job flow currently PENDING
[2023-08-27T13:02:17.365+0000] {emr.py:544} INFO - Poking step s-09485121CNCUKIBUMRKP on cluster j-D2T1FPIUUEGP
[2023-08-27T13:02:17.481+0000] {emr.py:74} INFO - Job flow currently PENDING
[2023-08-27T13:02:27.485+0000] {emr.py:544} INFO - Poking step s-09485121CNCUKIBUMRKP on cluster j-D2T1FPIUUEGP
[2023-08-27T13:02:27.571+0000] {emr.py:74} INFO - Job flow currently PENDING
[2023-08-27T13:02:37.575+0000] {emr.py:544} INFO - Poking step s-09485121CNCUKIBUMRKP on cluster j-D2T1FPIUUEGP
[2023-08-27T13:02:37.692+0000] {emr.py:74} INFO - Job flow currently PENDING
[2023-08-27T13:02:47.702+0000] {emr.py:544} INFO - Poking step s-09485121CNCUKIBUMRKP on cluster j-D2T1FPIUUEGP
[2023-08-27T13:02:47.855+0000] {emr.py:74} INFO - Job flow currently RUNNING
[2023-08-27T13:02:57.865+0000] {emr.py:544} INFO - Poking step s-09485121CNCUKIBUMRKP on cluster j-D2T1FPIUUEGP
[2023-08-27T13:02:57.989+0000] {emr.py:74} INFO - Job flow currently RUNNING
[2023-08-27T13:03:07.995+0000] {emr.py:544} INFO - Poking step s-09485121CNCUKIBUMRKP on cluster j-D2T1FPIUUEGP
[2023-08-27T13:03:08.134+0000] {emr.py:74} INFO - Job flow currently RUNNING
[2023-08-27T13:03:18.138+0000] {emr.py:544} INFO - Poking step s-09485121CNCUKIBUMRKP on cluster j-D2T1FPIUUEGP
[2023-08-27T13:03:18.229+0000] {emr.py:74} INFO - Job flow currently RUNNING
[2023-08-27T13:03:28.240+0000] {emr.py:544} INFO - Poking step s-09485121CNCUKIBUMRKP on cluster j-D2T1FPIUUEGP
[2023-08-27T13:03:28.335+0000] {emr.py:74} INFO - Job flow currently RUNNING
[2023-08-27T13:03:38.345+0000] {emr.py:544} INFO - Poking step s-09485121CNCUKIBUMRKP on cluster j-D2T1FPIUUEGP
[2023-08-27T13:03:38.572+0000] {emr.py:74} INFO - Job flow currently RUNNING
[2023-08-27T13:03:48.580+0000] {emr.py:544} INFO - Poking step s-09485121CNCUKIBUMRKP on cluster j-D2T1FPIUUEGP
[2023-08-27T13:03:48.672+0000] {emr.py:74} INFO - Job flow currently RUNNING
[2023-08-27T13:03:58.675+0000] {emr.py:544} INFO - Poking step s-09485121CNCUKIBUMRKP on cluster j-D2T1FPIUUEGP
[2023-08-27T13:03:58.781+0000] {emr.py:74} INFO - Job flow currently COMPLETED
[2023-08-27T13:03:58.782+0000] {base.py:255} INFO - Success criteria met. Exiting.
[2023-08-27T13:03:58.790+0000] {taskinstance.py:1345} INFO - Marking task as SUCCESS. dag_id=ny_taxi_Pipeline, task_id=step_checker_hive_task, execution_date=20230827T125257, start_date=20230827T130156, end_date=20230827T130358
[2023-08-27T13:03:58.832+0000] {local_task_job_runner.py:225} INFO - Task exited with return code 0
[2023-08-27T13:03:58.861+0000] {taskinstance.py:2653} INFO - 0 downstream tasks scheduled from follow-on schedule check
