[2023-08-14T17:11:13.319+0000] {taskinstance.py:1103} INFO - Dependencies all met for dep_context=non-requeueable deps ti=<TaskInstance: ny_taxi_Pipeline.step_checker_hive_task manual__2023-08-14T17:00:59+00:00 [queued]>
[2023-08-14T17:11:13.331+0000] {taskinstance.py:1103} INFO - Dependencies all met for dep_context=requeueable deps ti=<TaskInstance: ny_taxi_Pipeline.step_checker_hive_task manual__2023-08-14T17:00:59+00:00 [queued]>
[2023-08-14T17:11:13.331+0000] {taskinstance.py:1308} INFO - Starting attempt 1 of 1
[2023-08-14T17:11:13.354+0000] {taskinstance.py:1327} INFO - Executing <Task(EmrStepSensor): step_checker_hive_task> on 2023-08-14 17:00:59+00:00
[2023-08-14T17:11:13.361+0000] {standard_task_runner.py:57} INFO - Started process 11578 to run task
[2023-08-14T17:11:13.366+0000] {standard_task_runner.py:84} INFO - Running: ['***', 'tasks', 'run', 'ny_taxi_Pipeline', 'step_checker_hive_task', 'manual__2023-08-14T17:00:59+00:00', '--job-id', '1510', '--raw', '--subdir', 'DAGS_FOLDER/ny_taxi_datapipeline.py', '--cfg-path', '/tmp/tmp_y_e1yty']
[2023-08-14T17:11:13.369+0000] {standard_task_runner.py:85} INFO - Job 1510: Subtask step_checker_hive_task
[2023-08-14T17:11:13.385+0000] {warnings.py:109} WARNING - /home/***/.local/lib/python3.9/site-packages/***/settings.py:195: DeprecationWarning: The sql_alchemy_conn option in [core] has been moved to the sql_alchemy_conn option in [database] - the old setting has been used, but please update your config.
  SQL_ALCHEMY_CONN = conf.get("database", "SQL_ALCHEMY_CONN")

[2023-08-14T17:11:13.469+0000] {task_command.py:410} INFO - Running <TaskInstance: ny_taxi_Pipeline.step_checker_hive_task manual__2023-08-14T17:00:59+00:00 [running]> on host d4028c5ba2ac
[2023-08-14T17:11:13.731+0000] {taskinstance.py:1545} INFO - Exporting env vars: AIRFLOW_CTX_DAG_OWNER='***' AIRFLOW_CTX_DAG_ID='ny_taxi_Pipeline' AIRFLOW_CTX_TASK_ID='step_checker_hive_task' AIRFLOW_CTX_EXECUTION_DATE='2023-08-14T17:00:59+00:00' AIRFLOW_CTX_TRY_NUMBER='1' AIRFLOW_CTX_DAG_RUN_ID='manual__2023-08-14T17:00:59+00:00'
[2023-08-14T17:11:13.754+0000] {base.py:73} INFO - Using connection ID 'aws_connection' for task execution.
[2023-08-14T17:11:13.755+0000] {connection_wrapper.py:340} INFO - AWS Connection (conn_id='aws_connection', conn_type='aws') credentials retrieved from login and password.
[2023-08-14T17:11:14.414+0000] {emr.py:544} INFO - Poking step s-02982442OXKO0YJC9YVU on cluster j-93SWX0HTJHJ2
[2023-08-14T17:11:14.619+0000] {emr.py:74} INFO - Job flow currently PENDING
[2023-08-14T17:11:24.626+0000] {emr.py:544} INFO - Poking step s-02982442OXKO0YJC9YVU on cluster j-93SWX0HTJHJ2
[2023-08-14T17:11:24.733+0000] {emr.py:74} INFO - Job flow currently PENDING
[2023-08-14T17:11:34.736+0000] {emr.py:544} INFO - Poking step s-02982442OXKO0YJC9YVU on cluster j-93SWX0HTJHJ2
[2023-08-14T17:11:34.832+0000] {emr.py:74} INFO - Job flow currently PENDING
[2023-08-14T17:11:44.836+0000] {emr.py:544} INFO - Poking step s-02982442OXKO0YJC9YVU on cluster j-93SWX0HTJHJ2
[2023-08-14T17:11:44.949+0000] {emr.py:74} INFO - Job flow currently PENDING
[2023-08-14T17:11:54.956+0000] {emr.py:544} INFO - Poking step s-02982442OXKO0YJC9YVU on cluster j-93SWX0HTJHJ2
[2023-08-14T17:11:55.072+0000] {emr.py:74} INFO - Job flow currently PENDING
[2023-08-14T17:12:05.077+0000] {emr.py:544} INFO - Poking step s-02982442OXKO0YJC9YVU on cluster j-93SWX0HTJHJ2
[2023-08-14T17:12:05.186+0000] {emr.py:74} INFO - Job flow currently PENDING
[2023-08-14T17:12:15.196+0000] {emr.py:544} INFO - Poking step s-02982442OXKO0YJC9YVU on cluster j-93SWX0HTJHJ2
[2023-08-14T17:12:15.314+0000] {emr.py:74} INFO - Job flow currently RUNNING
[2023-08-14T17:12:25.316+0000] {emr.py:544} INFO - Poking step s-02982442OXKO0YJC9YVU on cluster j-93SWX0HTJHJ2
[2023-08-14T17:12:25.433+0000] {emr.py:74} INFO - Job flow currently RUNNING
[2023-08-14T17:12:35.444+0000] {emr.py:544} INFO - Poking step s-02982442OXKO0YJC9YVU on cluster j-93SWX0HTJHJ2
[2023-08-14T17:12:35.777+0000] {emr.py:74} INFO - Job flow currently RUNNING
[2023-08-14T17:12:45.786+0000] {emr.py:544} INFO - Poking step s-02982442OXKO0YJC9YVU on cluster j-93SWX0HTJHJ2
[2023-08-14T17:12:46.209+0000] {emr.py:74} INFO - Job flow currently RUNNING
[2023-08-14T17:12:56.231+0000] {emr.py:544} INFO - Poking step s-02982442OXKO0YJC9YVU on cluster j-93SWX0HTJHJ2
[2023-08-14T17:12:56.668+0000] {emr.py:74} INFO - Job flow currently RUNNING
[2023-08-14T17:13:06.678+0000] {emr.py:544} INFO - Poking step s-02982442OXKO0YJC9YVU on cluster j-93SWX0HTJHJ2
[2023-08-14T17:13:07.119+0000] {emr.py:74} INFO - Job flow currently RUNNING
[2023-08-14T17:13:17.128+0000] {emr.py:544} INFO - Poking step s-02982442OXKO0YJC9YVU on cluster j-93SWX0HTJHJ2
[2023-08-14T17:13:17.502+0000] {emr.py:74} INFO - Job flow currently COMPLETED
[2023-08-14T17:13:17.502+0000] {base.py:255} INFO - Success criteria met. Exiting.
[2023-08-14T17:13:17.664+0000] {taskinstance.py:1345} INFO - Marking task as SUCCESS. dag_id=ny_taxi_Pipeline, task_id=step_checker_hive_task, execution_date=20230814T170059, start_date=20230814T171113, end_date=20230814T171317
[2023-08-14T17:13:17.901+0000] {local_task_job_runner.py:225} INFO - Task exited with return code 0
[2023-08-14T17:13:18.211+0000] {taskinstance.py:2653} INFO - 0 downstream tasks scheduled from follow-on schedule check
