[2023-08-14T16:20:14.328+0000] {taskinstance.py:1103} INFO - Dependencies all met for dep_context=non-requeueable deps ti=<TaskInstance: emrPipeline.create_emr_cluster manual__2023-08-14T16:18:38+00:00 [queued]>
[2023-08-14T16:20:14.348+0000] {taskinstance.py:1103} INFO - Dependencies all met for dep_context=requeueable deps ti=<TaskInstance: emrPipeline.create_emr_cluster manual__2023-08-14T16:18:38+00:00 [queued]>
[2023-08-14T16:20:14.348+0000] {taskinstance.py:1308} INFO - Starting attempt 1 of 1
[2023-08-14T16:20:14.364+0000] {taskinstance.py:1327} INFO - Executing <Task(EmrCreateJobFlowOperator): create_emr_cluster> on 2023-08-14 16:18:38+00:00
[2023-08-14T16:20:14.372+0000] {standard_task_runner.py:57} INFO - Started process 10023 to run task
[2023-08-14T16:20:14.375+0000] {standard_task_runner.py:84} INFO - Running: ['***', 'tasks', 'run', 'emrPipeline', 'create_emr_cluster', 'manual__2023-08-14T16:18:38+00:00', '--job-id', '1474', '--raw', '--subdir', 'DAGS_FOLDER/emr.py', '--cfg-path', '/tmp/tmplzrsa9od']
[2023-08-14T16:20:14.378+0000] {standard_task_runner.py:85} INFO - Job 1474: Subtask create_emr_cluster
[2023-08-14T16:20:14.394+0000] {warnings.py:109} WARNING - /home/***/.local/lib/python3.9/site-packages/***/settings.py:195: DeprecationWarning: The sql_alchemy_conn option in [core] has been moved to the sql_alchemy_conn option in [database] - the old setting has been used, but please update your config.
  SQL_ALCHEMY_CONN = conf.get("database", "SQL_ALCHEMY_CONN")

[2023-08-14T16:20:14.440+0000] {task_command.py:410} INFO - Running <TaskInstance: emrPipeline.create_emr_cluster manual__2023-08-14T16:18:38+00:00 [running]> on host d4028c5ba2ac
[2023-08-14T16:20:14.542+0000] {taskinstance.py:1545} INFO - Exporting env vars: AIRFLOW_CTX_DAG_OWNER='***' AIRFLOW_CTX_DAG_ID='emrPipeline' AIRFLOW_CTX_TASK_ID='create_emr_cluster' AIRFLOW_CTX_EXECUTION_DATE='2023-08-14T16:18:38+00:00' AIRFLOW_CTX_TRY_NUMBER='1' AIRFLOW_CTX_DAG_RUN_ID='manual__2023-08-14T16:18:38+00:00'
[2023-08-14T16:20:14.544+0000] {emr.py:700} INFO - Creating job flow using aws_conn_id: aws_connection, emr_conn_id: EMR_Connection
[2023-08-14T16:20:14.554+0000] {base.py:73} INFO - Using connection ID 'EMR_Connection' for task execution.
[2023-08-14T16:20:14.563+0000] {base.py:73} INFO - Using connection ID 'aws_connection' for task execution.
[2023-08-14T16:20:14.563+0000] {connection_wrapper.py:340} INFO - AWS Connection (conn_id='aws_connection', conn_type='aws') credentials retrieved from login and password.
[2023-08-14T16:20:15.560+0000] {emr.py:714} INFO - Job flow with id j-5U7VBZ3ATIIL created
[2023-08-14T16:21:15.788+0000] {taskinstance.py:1824} ERROR - Task failed with exception
Traceback (most recent call last):
  File "/home/airflow/.local/lib/python3.9/site-packages/airflow/providers/amazon/aws/operators/emr.py", line 745, in execute
    self._emr_hook.get_waiter("job_flow_waiting").wait(
  File "/home/airflow/.local/lib/python3.9/site-packages/botocore/waiter.py", line 55, in wait
    Waiter.wait(self, **kwargs)
  File "/home/airflow/.local/lib/python3.9/site-packages/botocore/waiter.py", line 375, in wait
    raise WaiterError(
botocore.exceptions.WaiterError: Waiter job_flow_waiting failed: Waiter encountered a terminal failure state: For expression "Cluster.Status.State" we matched expected path: "TERMINATED_WITH_ERRORS"
[2023-08-14T16:21:15.796+0000] {taskinstance.py:1345} INFO - Marking task as FAILED. dag_id=emrPipeline, task_id=create_emr_cluster, execution_date=20230814T161838, start_date=20230814T162014, end_date=20230814T162115
[2023-08-14T16:21:15.809+0000] {standard_task_runner.py:104} ERROR - Failed to execute job 1474 for task create_emr_cluster (Waiter job_flow_waiting failed: Waiter encountered a terminal failure state: For expression "Cluster.Status.State" we matched expected path: "TERMINATED_WITH_ERRORS"; 10023)
[2023-08-14T16:21:15.845+0000] {local_task_job_runner.py:225} INFO - Task exited with return code 1
[2023-08-14T16:21:15.871+0000] {taskinstance.py:2653} INFO - 0 downstream tasks scheduled from follow-on schedule check
