[2023-08-14T14:00:07.570+0000] {warnings.py:109} WARNING - /home/***/.local/lib/python3.9/site-packages/***/utils/sqlalchemy.py:124: DeprecationWarning: The sql_alchemy_conn option in [core] has been moved to the sql_alchemy_conn option in [database] - the old setting has been used, but please update your config.
  return not conf.get("database", "sql_alchemy_conn").startswith("mssql")

[2023-08-14T14:00:07.629+0000] {taskinstance.py:1103} INFO - Dependencies all met for dep_context=non-requeueable deps ti=<TaskInstance: emrPipeline.S0 scheduled__2023-08-14T13:00:00+00:00 [queued]>
[2023-08-14T14:00:07.639+0000] {taskinstance.py:1103} INFO - Dependencies all met for dep_context=requeueable deps ti=<TaskInstance: emrPipeline.S0 scheduled__2023-08-14T13:00:00+00:00 [queued]>
[2023-08-14T14:00:07.639+0000] {taskinstance.py:1308} INFO - Starting attempt 1 of 1
[2023-08-14T14:00:07.654+0000] {taskinstance.py:1327} INFO - Executing <Task(BashOperator): S0> on 2023-08-14 13:00:00+00:00
[2023-08-14T14:00:07.662+0000] {standard_task_runner.py:57} INFO - Started process 5858 to run task
[2023-08-14T14:00:07.665+0000] {standard_task_runner.py:84} INFO - Running: ['***', 'tasks', 'run', 'emrPipeline', 'S0', 'scheduled__2023-08-14T13:00:00+00:00', '--job-id', '1384', '--raw', '--subdir', 'DAGS_FOLDER/emr.py', '--cfg-path', '/tmp/tmpa733r41x']
[2023-08-14T14:00:07.669+0000] {standard_task_runner.py:85} INFO - Job 1384: Subtask S0
[2023-08-14T14:00:07.682+0000] {warnings.py:109} WARNING - /home/***/.local/lib/python3.9/site-packages/***/settings.py:195: DeprecationWarning: The sql_alchemy_conn option in [core] has been moved to the sql_alchemy_conn option in [database] - the old setting has been used, but please update your config.
  SQL_ALCHEMY_CONN = conf.get("database", "SQL_ALCHEMY_CONN")

[2023-08-14T14:00:07.721+0000] {task_command.py:410} INFO - Running <TaskInstance: emrPipeline.S0 scheduled__2023-08-14T13:00:00+00:00 [running]> on host d4028c5ba2ac
[2023-08-14T14:00:07.735+0000] {warnings.py:109} WARNING - /home/***/.local/lib/python3.9/site-packages/***/utils/sqlalchemy.py:124: DeprecationWarning: The sql_alchemy_conn option in [core] has been moved to the sql_alchemy_conn option in [database] - the old setting has been used, but please update your config.
  return not conf.get("database", "sql_alchemy_conn").startswith("mssql")

[2023-08-14T14:00:07.827+0000] {taskinstance.py:1545} INFO - Exporting env vars: AIRFLOW_CTX_DAG_OWNER='***' AIRFLOW_CTX_DAG_ID='emrPipeline' AIRFLOW_CTX_TASK_ID='S0' AIRFLOW_CTX_EXECUTION_DATE='2023-08-14T13:00:00+00:00' AIRFLOW_CTX_TRY_NUMBER='1' AIRFLOW_CTX_DAG_RUN_ID='scheduled__2023-08-14T13:00:00+00:00'
[2023-08-14T14:00:07.829+0000] {subprocess.py:63} INFO - Tmp dir root location: /tmp
[2023-08-14T14:00:07.830+0000] {subprocess.py:75} INFO - Running command: ['/bin/bash', '-c', 'sleep 10']
[2023-08-14T14:00:07.851+0000] {subprocess.py:86} INFO - Output:
[2023-08-14T14:00:17.859+0000] {subprocess.py:97} INFO - Command exited with return code 0
[2023-08-14T14:00:17.889+0000] {taskinstance.py:1345} INFO - Marking task as SUCCESS. dag_id=emrPipeline, task_id=S0, execution_date=20230814T130000, start_date=20230814T140007, end_date=20230814T140017
[2023-08-14T14:00:17.923+0000] {local_task_job_runner.py:225} INFO - Task exited with return code 0
[2023-08-14T14:00:17.955+0000] {taskinstance.py:2653} INFO - 1 downstream tasks scheduled from follow-on schedule check
