[2023-08-12T17:27:18.172+0000] {taskinstance.py:1103} INFO - Dependencies all met for dep_context=non-requeueable deps ti=<TaskInstance: emrPipeline.watch_step manual__2023-08-12T17:19:41.770731+00:00 [queued]>
[2023-08-12T17:27:18.181+0000] {taskinstance.py:1103} INFO - Dependencies all met for dep_context=requeueable deps ti=<TaskInstance: emrPipeline.watch_step manual__2023-08-12T17:19:41.770731+00:00 [queued]>
[2023-08-12T17:27:18.181+0000] {taskinstance.py:1308} INFO - Starting attempt 1 of 1
[2023-08-12T17:27:18.197+0000] {taskinstance.py:1327} INFO - Executing <Task(EmrStepSensor): watch_step> on 2023-08-12 17:19:41.770731+00:00
[2023-08-12T17:27:18.204+0000] {standard_task_runner.py:57} INFO - Started process 12662 to run task
[2023-08-12T17:27:18.208+0000] {standard_task_runner.py:84} INFO - Running: ['***', 'tasks', 'run', 'emrPipeline', 'watch_step', 'manual__2023-08-12T17:19:41.770731+00:00', '--job-id', '206', '--raw', '--subdir', 'DAGS_FOLDER/emr.py', '--cfg-path', '/tmp/tmpzee2luxm']
[2023-08-12T17:27:18.211+0000] {standard_task_runner.py:85} INFO - Job 206: Subtask watch_step
[2023-08-12T17:27:18.225+0000] {warnings.py:109} WARNING - /home/***/.local/lib/python3.9/site-packages/***/settings.py:195: DeprecationWarning: The sql_alchemy_conn option in [core] has been moved to the sql_alchemy_conn option in [database] - the old setting has been used, but please update your config.
  SQL_ALCHEMY_CONN = conf.get("database", "SQL_ALCHEMY_CONN")

[2023-08-12T17:27:18.262+0000] {task_command.py:410} INFO - Running <TaskInstance: emrPipeline.watch_step manual__2023-08-12T17:19:41.770731+00:00 [running]> on host 484e6be077e8
[2023-08-12T17:27:18.377+0000] {taskinstance.py:1545} INFO - Exporting env vars: AIRFLOW_CTX_DAG_OWNER='***' AIRFLOW_CTX_DAG_ID='emrPipeline' AIRFLOW_CTX_TASK_ID='watch_step' AIRFLOW_CTX_EXECUTION_DATE='2023-08-12T17:19:41.770731+00:00' AIRFLOW_CTX_TRY_NUMBER='1' AIRFLOW_CTX_DAG_RUN_ID='manual__2023-08-12T17:19:41.770731+00:00'
[2023-08-12T17:27:18.387+0000] {base.py:73} INFO - Using connection ID 'aws_connection' for task execution.
[2023-08-12T17:27:18.388+0000] {connection_wrapper.py:340} INFO - AWS Connection (conn_id='aws_connection', conn_type='aws') credentials retrieved from login and password.
[2023-08-12T17:27:18.884+0000] {emr.py:544} INFO - Poking step s-00709912HJW4Z6K417Z0 on cluster j-2SONY77HJCL8Z
[2023-08-12T17:27:19.006+0000] {emr.py:74} INFO - Job flow currently PENDING
[2023-08-12T17:28:19.065+0000] {emr.py:544} INFO - Poking step s-00709912HJW4Z6K417Z0 on cluster j-2SONY77HJCL8Z
[2023-08-12T17:28:19.443+0000] {emr.py:74} INFO - Job flow currently RUNNING
[2023-08-12T17:29:19.506+0000] {emr.py:544} INFO - Poking step s-00709912HJW4Z6K417Z0 on cluster j-2SONY77HJCL8Z
[2023-08-12T17:29:19.829+0000] {emr.py:74} INFO - Job flow currently COMPLETED
[2023-08-12T17:29:19.829+0000] {base.py:255} INFO - Success criteria met. Exiting.
[2023-08-12T17:29:19.920+0000] {taskinstance.py:1345} INFO - Marking task as SUCCESS. dag_id=emrPipeline, task_id=watch_step, execution_date=20230812T171941, start_date=20230812T172718, end_date=20230812T172919
[2023-08-12T17:29:20.057+0000] {local_task_job_runner.py:225} INFO - Task exited with return code 0
[2023-08-12T17:29:20.263+0000] {taskinstance.py:2653} INFO - 1 downstream tasks scheduled from follow-on schedule check
