[2023-08-14T17:11:13.571+0000] {taskinstance.py:1103} INFO - Dependencies all met for dep_context=non-requeueable deps ti=<TaskInstance: ny_taxi_Pipeline.step_checker_agg_task manual__2023-08-14T17:00:59+00:00 [queued]>
[2023-08-14T17:11:13.592+0000] {taskinstance.py:1103} INFO - Dependencies all met for dep_context=requeueable deps ti=<TaskInstance: ny_taxi_Pipeline.step_checker_agg_task manual__2023-08-14T17:00:59+00:00 [queued]>
[2023-08-14T17:11:13.593+0000] {taskinstance.py:1308} INFO - Starting attempt 1 of 1
[2023-08-14T17:11:13.629+0000] {taskinstance.py:1327} INFO - Executing <Task(EmrStepSensor): step_checker_agg_task> on 2023-08-14 17:00:59+00:00
[2023-08-14T17:11:13.642+0000] {standard_task_runner.py:84} INFO - Running: ['***', 'tasks', 'run', 'ny_taxi_Pipeline', 'step_checker_agg_task', 'manual__2023-08-14T17:00:59+00:00', '--job-id', '1511', '--raw', '--subdir', 'DAGS_FOLDER/ny_taxi_datapipeline.py', '--cfg-path', '/tmp/tmphmpg8g1s']
[2023-08-14T17:11:13.646+0000] {standard_task_runner.py:85} INFO - Job 1511: Subtask step_checker_agg_task
[2023-08-14T17:11:13.636+0000] {standard_task_runner.py:57} INFO - Started process 11579 to run task
[2023-08-14T17:11:13.702+0000] {warnings.py:109} WARNING - /home/***/.local/lib/python3.9/site-packages/***/settings.py:195: DeprecationWarning: The sql_alchemy_conn option in [core] has been moved to the sql_alchemy_conn option in [database] - the old setting has been used, but please update your config.
  SQL_ALCHEMY_CONN = conf.get("database", "SQL_ALCHEMY_CONN")

[2023-08-14T17:11:13.829+0000] {task_command.py:410} INFO - Running <TaskInstance: ny_taxi_Pipeline.step_checker_agg_task manual__2023-08-14T17:00:59+00:00 [running]> on host d4028c5ba2ac
[2023-08-14T17:11:14.120+0000] {taskinstance.py:1545} INFO - Exporting env vars: AIRFLOW_CTX_DAG_OWNER='***' AIRFLOW_CTX_DAG_ID='ny_taxi_Pipeline' AIRFLOW_CTX_TASK_ID='step_checker_agg_task' AIRFLOW_CTX_EXECUTION_DATE='2023-08-14T17:00:59+00:00' AIRFLOW_CTX_TRY_NUMBER='1' AIRFLOW_CTX_DAG_RUN_ID='manual__2023-08-14T17:00:59+00:00'
[2023-08-14T17:11:14.159+0000] {base.py:73} INFO - Using connection ID 'aws_connection' for task execution.
[2023-08-14T17:11:14.159+0000] {connection_wrapper.py:340} INFO - AWS Connection (conn_id='aws_connection', conn_type='aws') credentials retrieved from login and password.
[2023-08-14T17:11:14.899+0000] {emr.py:544} INFO - Poking step s-0491442KJS1RSQWW5N9 on cluster j-93SWX0HTJHJ2
[2023-08-14T17:11:15.041+0000] {emr.py:74} INFO - Job flow currently PENDING
[2023-08-14T17:11:25.049+0000] {emr.py:544} INFO - Poking step s-0491442KJS1RSQWW5N9 on cluster j-93SWX0HTJHJ2
[2023-08-14T17:11:25.154+0000] {emr.py:74} INFO - Job flow currently PENDING
[2023-08-14T17:11:35.156+0000] {emr.py:544} INFO - Poking step s-0491442KJS1RSQWW5N9 on cluster j-93SWX0HTJHJ2
[2023-08-14T17:11:35.272+0000] {emr.py:74} INFO - Job flow currently PENDING
[2023-08-14T17:11:45.276+0000] {emr.py:544} INFO - Poking step s-0491442KJS1RSQWW5N9 on cluster j-93SWX0HTJHJ2
[2023-08-14T17:11:45.383+0000] {emr.py:74} INFO - Job flow currently PENDING
[2023-08-14T17:11:55.386+0000] {emr.py:544} INFO - Poking step s-0491442KJS1RSQWW5N9 on cluster j-93SWX0HTJHJ2
[2023-08-14T17:11:55.504+0000] {emr.py:74} INFO - Job flow currently PENDING
[2023-08-14T17:12:05.508+0000] {emr.py:544} INFO - Poking step s-0491442KJS1RSQWW5N9 on cluster j-93SWX0HTJHJ2
[2023-08-14T17:12:05.622+0000] {emr.py:74} INFO - Job flow currently PENDING
[2023-08-14T17:12:15.632+0000] {emr.py:544} INFO - Poking step s-0491442KJS1RSQWW5N9 on cluster j-93SWX0HTJHJ2
[2023-08-14T17:12:15.776+0000] {emr.py:74} INFO - Job flow currently PENDING
[2023-08-14T17:12:25.786+0000] {emr.py:544} INFO - Poking step s-0491442KJS1RSQWW5N9 on cluster j-93SWX0HTJHJ2
[2023-08-14T17:12:25.889+0000] {emr.py:74} INFO - Job flow currently PENDING
[2023-08-14T17:12:35.896+0000] {emr.py:544} INFO - Poking step s-0491442KJS1RSQWW5N9 on cluster j-93SWX0HTJHJ2
[2023-08-14T17:12:36.355+0000] {emr.py:74} INFO - Job flow currently PENDING
[2023-08-14T17:12:46.363+0000] {emr.py:544} INFO - Poking step s-0491442KJS1RSQWW5N9 on cluster j-93SWX0HTJHJ2
[2023-08-14T17:12:46.675+0000] {emr.py:74} INFO - Job flow currently PENDING
[2023-08-14T17:12:56.696+0000] {emr.py:544} INFO - Poking step s-0491442KJS1RSQWW5N9 on cluster j-93SWX0HTJHJ2
[2023-08-14T17:12:57.182+0000] {emr.py:74} INFO - Job flow currently PENDING
[2023-08-14T17:13:07.191+0000] {emr.py:544} INFO - Poking step s-0491442KJS1RSQWW5N9 on cluster j-93SWX0HTJHJ2
[2023-08-14T17:13:07.529+0000] {emr.py:74} INFO - Job flow currently PENDING
[2023-08-14T17:13:17.541+0000] {emr.py:544} INFO - Poking step s-0491442KJS1RSQWW5N9 on cluster j-93SWX0HTJHJ2
[2023-08-14T17:13:18.062+0000] {emr.py:74} INFO - Job flow currently RUNNING
[2023-08-14T17:13:28.070+0000] {emr.py:544} INFO - Poking step s-0491442KJS1RSQWW5N9 on cluster j-93SWX0HTJHJ2
[2023-08-14T17:13:28.435+0000] {emr.py:74} INFO - Job flow currently RUNNING
[2023-08-14T17:13:38.438+0000] {emr.py:544} INFO - Poking step s-0491442KJS1RSQWW5N9 on cluster j-93SWX0HTJHJ2
[2023-08-14T17:13:38.836+0000] {emr.py:74} INFO - Job flow currently RUNNING
[2023-08-14T17:13:48.847+0000] {emr.py:544} INFO - Poking step s-0491442KJS1RSQWW5N9 on cluster j-93SWX0HTJHJ2
[2023-08-14T17:13:48.994+0000] {emr.py:74} INFO - Job flow currently RUNNING
[2023-08-14T17:13:58.998+0000] {emr.py:544} INFO - Poking step s-0491442KJS1RSQWW5N9 on cluster j-93SWX0HTJHJ2
[2023-08-14T17:13:59.407+0000] {emr.py:74} INFO - Job flow currently RUNNING
[2023-08-14T17:14:09.424+0000] {emr.py:544} INFO - Poking step s-0491442KJS1RSQWW5N9 on cluster j-93SWX0HTJHJ2
[2023-08-14T17:14:09.773+0000] {emr.py:74} INFO - Job flow currently RUNNING
[2023-08-14T17:14:19.784+0000] {emr.py:544} INFO - Poking step s-0491442KJS1RSQWW5N9 on cluster j-93SWX0HTJHJ2
[2023-08-14T17:14:20.236+0000] {emr.py:74} INFO - Job flow currently FAILED
[2023-08-14T17:14:20.305+0000] {taskinstance.py:1824} ERROR - Task failed with exception
Traceback (most recent call last):
  File "/home/airflow/.local/lib/python3.9/site-packages/airflow/sensors/base.py", line 225, in execute
    raise e
  File "/home/airflow/.local/lib/python3.9/site-packages/airflow/sensors/base.py", line 212, in execute
    poke_return = self.poke(context)
  File "/home/airflow/.local/lib/python3.9/site-packages/airflow/providers/amazon/aws/sensors/emr.py", line 80, in poke
    raise AirflowException(f"EMR job failed: {self.failure_message_from_response(response)}")
airflow.exceptions.AirflowException: EMR job failed: for reason None with message pyspark.errors.exceptions.captured.AnalysisException: [PATH_NOT_FOUND] Path does not exist: s3://myawsbucket19080/hiveStep/agg_output. and log file Step log files on S3 are only available for clusters which have logging enabled.
[2023-08-14T17:14:20.343+0000] {taskinstance.py:1345} INFO - Marking task as FAILED. dag_id=ny_taxi_Pipeline, task_id=step_checker_agg_task, execution_date=20230814T170059, start_date=20230814T171113, end_date=20230814T171420
[2023-08-14T17:14:20.607+0000] {standard_task_runner.py:104} ERROR - Failed to execute job 1511 for task step_checker_agg_task (EMR job failed: for reason None with message pyspark.errors.exceptions.captured.AnalysisException: [PATH_NOT_FOUND] Path does not exist: s3://myawsbucket19080/hiveStep/agg_output. and log file Step log files on S3 are only available for clusters which have logging enabled.; 11579)
[2023-08-14T17:14:20.703+0000] {local_task_job_runner.py:225} INFO - Task exited with return code 1
[2023-08-14T17:14:20.940+0000] {taskinstance.py:2653} INFO - 1 downstream tasks scheduled from follow-on schedule check
