[2023-07-25 17:47:10,070] {taskinstance.py:896} INFO - Dependencies all met for <TaskInstance: example_bash_operator.runme_0 2023-07-23T00:00:00+00:00 [queued]>
[2023-07-25 17:47:10,225] {taskinstance.py:896} INFO - Dependencies all met for <TaskInstance: example_bash_operator.runme_0 2023-07-23T00:00:00+00:00 [queued]>
[2023-07-25 17:47:10,226] {taskinstance.py:1087} INFO - 
--------------------------------------------------------------------------------
[2023-07-25 17:47:10,226] {taskinstance.py:1088} INFO - Starting attempt 1 of 1
[2023-07-25 17:47:10,226] {taskinstance.py:1089} INFO - 
--------------------------------------------------------------------------------
[2023-07-25 17:47:10,325] {taskinstance.py:1107} INFO - Executing <Task(BashOperator): runme_0> on 2023-07-23T00:00:00+00:00
[2023-07-25 17:47:10,330] {standard_task_runner.py:52} INFO - Started process 870 to run task
[2023-07-25 17:47:10,419] {standard_task_runner.py:76} INFO - Running: ['***', 'tasks', 'run', 'example_bash_operator', 'runme_0', '2023-07-23T00:00:00+00:00', '--job-id', '3', '--pool', 'default_pool', '--raw', '--subdir', '/home/***/.local/lib/python3.9/site-packages/***/example_dags/example_bash_operator.py', '--cfg-path', '/tmp/tmpt3kyx6oc', '--error-file', '/tmp/tmp7w3kp9ln']
[2023-07-25 17:47:10,419] {standard_task_runner.py:77} INFO - Job 3: Subtask runme_0
[2023-07-25 17:47:10,891] {logging_mixin.py:104} INFO - Running <TaskInstance: example_bash_operator.runme_0 2023-07-23T00:00:00+00:00 [running]> on host 2ae13fbb8692
[2023-07-25 17:47:11,270] {taskinstance.py:1300} INFO - Exporting the following env vars:
AIRFLOW_CTX_DAG_OWNER=***
AIRFLOW_CTX_DAG_ID=example_bash_operator
AIRFLOW_CTX_TASK_ID=runme_0
AIRFLOW_CTX_EXECUTION_DATE=2023-07-23T00:00:00+00:00
AIRFLOW_CTX_DAG_RUN_ID=scheduled__2023-07-23T00:00:00+00:00
[2023-07-25 17:47:11,271] {subprocess.py:52} INFO - Tmp dir root location: 
 /tmp
[2023-07-25 17:47:11,271] {subprocess.py:63} INFO - Running command: ['bash', '-c', 'echo "example_bash_operator__runme_0__20230723" && sleep 1']
[2023-07-25 17:47:11,355] {subprocess.py:74} INFO - Output:
[2023-07-25 17:47:11,397] {subprocess.py:78} INFO - example_bash_operator__runme_0__20230723
[2023-07-25 17:47:12,421] {subprocess.py:82} INFO - Command exited with return code 0
[2023-07-25 17:47:12,453] {taskinstance.py:1204} INFO - Marking task as SUCCESS. dag_id=example_bash_operator, task_id=runme_0, execution_date=20230723T000000, start_date=20230725T174710, end_date=20230725T174712
[2023-07-25 17:47:12,484] {taskinstance.py:1265} INFO - 0 downstream tasks scheduled from follow-on schedule check
[2023-07-25 17:47:12,523] {local_task_job.py:149} INFO - Task exited with return code 0
