[2023-07-25 17:47:13,345] {taskinstance.py:896} INFO - Dependencies all met for <TaskInstance: example_bash_operator.run_after_loop 2023-07-23T00:00:00+00:00 [queued]>
[2023-07-25 17:47:13,370] {taskinstance.py:896} INFO - Dependencies all met for <TaskInstance: example_bash_operator.run_after_loop 2023-07-23T00:00:00+00:00 [queued]>
[2023-07-25 17:47:13,370] {taskinstance.py:1087} INFO - 
--------------------------------------------------------------------------------
[2023-07-25 17:47:13,370] {taskinstance.py:1088} INFO - Starting attempt 1 of 1
[2023-07-25 17:47:13,370] {taskinstance.py:1089} INFO - 
--------------------------------------------------------------------------------
[2023-07-25 17:47:13,378] {taskinstance.py:1107} INFO - Executing <Task(BashOperator): run_after_loop> on 2023-07-23T00:00:00+00:00
[2023-07-25 17:47:13,383] {standard_task_runner.py:52} INFO - Started process 891 to run task
[2023-07-25 17:47:13,387] {standard_task_runner.py:76} INFO - Running: ['***', 'tasks', 'run', 'example_bash_operator', 'run_after_loop', '2023-07-23T00:00:00+00:00', '--job-id', '12', '--pool', 'default_pool', '--raw', '--subdir', '/home/***/.local/lib/python3.9/site-packages/***/example_dags/example_bash_operator.py', '--cfg-path', '/tmp/tmpm9jjm7p8', '--error-file', '/tmp/tmpmggmffem']
[2023-07-25 17:47:13,388] {standard_task_runner.py:77} INFO - Job 12: Subtask run_after_loop
[2023-07-25 17:47:13,437] {logging_mixin.py:104} INFO - Running <TaskInstance: example_bash_operator.run_after_loop 2023-07-23T00:00:00+00:00 [running]> on host 2ae13fbb8692
[2023-07-25 17:47:13,490] {taskinstance.py:1300} INFO - Exporting the following env vars:
AIRFLOW_CTX_DAG_OWNER=***
AIRFLOW_CTX_DAG_ID=example_bash_operator
AIRFLOW_CTX_TASK_ID=run_after_loop
AIRFLOW_CTX_EXECUTION_DATE=2023-07-23T00:00:00+00:00
AIRFLOW_CTX_DAG_RUN_ID=scheduled__2023-07-23T00:00:00+00:00
[2023-07-25 17:47:13,491] {subprocess.py:52} INFO - Tmp dir root location: 
 /tmp
[2023-07-25 17:47:13,492] {subprocess.py:63} INFO - Running command: ['bash', '-c', 'echo 1']
[2023-07-25 17:47:13,501] {subprocess.py:74} INFO - Output:
[2023-07-25 17:47:13,504] {subprocess.py:78} INFO - 1
[2023-07-25 17:47:13,504] {subprocess.py:82} INFO - Command exited with return code 0
[2023-07-25 17:47:13,531] {taskinstance.py:1204} INFO - Marking task as SUCCESS. dag_id=example_bash_operator, task_id=run_after_loop, execution_date=20230723T000000, start_date=20230725T174713, end_date=20230725T174713
[2023-07-25 17:47:13,557] {taskinstance.py:1265} INFO - 0 downstream tasks scheduled from follow-on schedule check
[2023-07-25 17:47:13,602] {local_task_job.py:149} INFO - Task exited with return code 0
