[2023-07-25T16:02:32.636+0000] {processor.py:157} INFO - Started process (PID=90) to work on /home/airflow/.local/lib/python3.9/site-packages/airflow/example_dags/subdags/subdag.py
[2023-07-25T16:02:32.637+0000] {processor.py:826} INFO - Processing file /home/airflow/.local/lib/python3.9/site-packages/airflow/example_dags/subdags/subdag.py for tasks to queue
[2023-07-25T16:02:32.638+0000] {logging_mixin.py:150} INFO - [2023-07-25T16:02:32.638+0000] {dagbag.py:541} INFO - Filling up the DagBag from /home/airflow/.local/lib/python3.9/site-packages/airflow/example_dags/subdags/subdag.py
[2023-07-25T16:02:32.641+0000] {processor.py:838} WARNING - No viable dags retrieved from /home/airflow/.local/lib/python3.9/site-packages/airflow/example_dags/subdags/subdag.py
[2023-07-25T16:02:32.696+0000] {processor.py:179} INFO - Processing /home/airflow/.local/lib/python3.9/site-packages/airflow/example_dags/subdags/subdag.py took 0.071 seconds
[2023-07-25T16:03:02.900+0000] {processor.py:157} INFO - Started process (PID=150) to work on /home/airflow/.local/lib/python3.9/site-packages/airflow/example_dags/subdags/subdag.py
[2023-07-25T16:03:02.906+0000] {processor.py:826} INFO - Processing file /home/airflow/.local/lib/python3.9/site-packages/airflow/example_dags/subdags/subdag.py for tasks to queue
[2023-07-25T16:03:02.911+0000] {logging_mixin.py:150} INFO - [2023-07-25T16:03:02.910+0000] {dagbag.py:541} INFO - Filling up the DagBag from /home/airflow/.local/lib/python3.9/site-packages/airflow/example_dags/subdags/subdag.py
[2023-07-25T16:03:02.914+0000] {processor.py:838} WARNING - No viable dags retrieved from /home/airflow/.local/lib/python3.9/site-packages/airflow/example_dags/subdags/subdag.py
[2023-07-25T16:03:02.952+0000] {processor.py:179} INFO - Processing /home/airflow/.local/lib/python3.9/site-packages/airflow/example_dags/subdags/subdag.py took 0.057 seconds
[2023-07-25T16:03:33.528+0000] {processor.py:157} INFO - Started process (PID=211) to work on /home/airflow/.local/lib/python3.9/site-packages/airflow/example_dags/subdags/subdag.py
[2023-07-25T16:03:33.532+0000] {processor.py:826} INFO - Processing file /home/airflow/.local/lib/python3.9/site-packages/airflow/example_dags/subdags/subdag.py for tasks to queue
[2023-07-25T16:03:33.533+0000] {logging_mixin.py:150} INFO - [2023-07-25T16:03:33.533+0000] {dagbag.py:541} INFO - Filling up the DagBag from /home/airflow/.local/lib/python3.9/site-packages/airflow/example_dags/subdags/subdag.py
[2023-07-25T16:03:33.543+0000] {processor.py:838} WARNING - No viable dags retrieved from /home/airflow/.local/lib/python3.9/site-packages/airflow/example_dags/subdags/subdag.py
[2023-07-25T16:03:33.559+0000] {processor.py:179} INFO - Processing /home/airflow/.local/lib/python3.9/site-packages/airflow/example_dags/subdags/subdag.py took 0.036 seconds
[2023-07-25T16:04:05.604+0000] {processor.py:157} INFO - Started process (PID=281) to work on /home/airflow/.local/lib/python3.9/site-packages/airflow/example_dags/subdags/subdag.py
[2023-07-25T16:04:05.645+0000] {processor.py:826} INFO - Processing file /home/airflow/.local/lib/python3.9/site-packages/airflow/example_dags/subdags/subdag.py for tasks to queue
[2023-07-25T16:04:05.646+0000] {logging_mixin.py:150} INFO - [2023-07-25T16:04:05.646+0000] {dagbag.py:541} INFO - Filling up the DagBag from /home/airflow/.local/lib/python3.9/site-packages/airflow/example_dags/subdags/subdag.py
[2023-07-25T16:04:05.649+0000] {processor.py:838} WARNING - No viable dags retrieved from /home/airflow/.local/lib/python3.9/site-packages/airflow/example_dags/subdags/subdag.py
[2023-07-25T16:04:05.718+0000] {processor.py:179} INFO - Processing /home/airflow/.local/lib/python3.9/site-packages/airflow/example_dags/subdags/subdag.py took 0.119 seconds
[2023-07-25T16:04:36.484+0000] {processor.py:157} INFO - Started process (PID=336) to work on /home/airflow/.local/lib/python3.9/site-packages/airflow/example_dags/subdags/subdag.py
[2023-07-25T16:04:36.486+0000] {processor.py:826} INFO - Processing file /home/airflow/.local/lib/python3.9/site-packages/airflow/example_dags/subdags/subdag.py for tasks to queue
[2023-07-25T16:04:36.487+0000] {logging_mixin.py:150} INFO - [2023-07-25T16:04:36.487+0000] {dagbag.py:541} INFO - Filling up the DagBag from /home/airflow/.local/lib/python3.9/site-packages/airflow/example_dags/subdags/subdag.py
[2023-07-25T16:04:36.490+0000] {processor.py:838} WARNING - No viable dags retrieved from /home/airflow/.local/lib/python3.9/site-packages/airflow/example_dags/subdags/subdag.py
[2023-07-25T16:04:36.526+0000] {processor.py:179} INFO - Processing /home/airflow/.local/lib/python3.9/site-packages/airflow/example_dags/subdags/subdag.py took 0.066 seconds
[2023-07-25T16:05:07.543+0000] {processor.py:157} INFO - Started process (PID=397) to work on /home/airflow/.local/lib/python3.9/site-packages/airflow/example_dags/subdags/subdag.py
[2023-07-25T16:05:07.557+0000] {processor.py:826} INFO - Processing file /home/airflow/.local/lib/python3.9/site-packages/airflow/example_dags/subdags/subdag.py for tasks to queue
[2023-07-25T16:05:07.558+0000] {logging_mixin.py:150} INFO - [2023-07-25T16:05:07.558+0000] {dagbag.py:541} INFO - Filling up the DagBag from /home/airflow/.local/lib/python3.9/site-packages/airflow/example_dags/subdags/subdag.py
[2023-07-25T16:05:07.561+0000] {processor.py:838} WARNING - No viable dags retrieved from /home/airflow/.local/lib/python3.9/site-packages/airflow/example_dags/subdags/subdag.py
[2023-07-25T16:05:07.596+0000] {processor.py:179} INFO - Processing /home/airflow/.local/lib/python3.9/site-packages/airflow/example_dags/subdags/subdag.py took 0.057 seconds
[2023-07-25T16:05:38.583+0000] {processor.py:157} INFO - Started process (PID=459) to work on /home/airflow/.local/lib/python3.9/site-packages/airflow/example_dags/subdags/subdag.py
[2023-07-25T16:05:38.584+0000] {processor.py:826} INFO - Processing file /home/airflow/.local/lib/python3.9/site-packages/airflow/example_dags/subdags/subdag.py for tasks to queue
[2023-07-25T16:05:38.585+0000] {logging_mixin.py:150} INFO - [2023-07-25T16:05:38.585+0000] {dagbag.py:541} INFO - Filling up the DagBag from /home/airflow/.local/lib/python3.9/site-packages/airflow/example_dags/subdags/subdag.py
[2023-07-25T16:05:38.588+0000] {processor.py:838} WARNING - No viable dags retrieved from /home/airflow/.local/lib/python3.9/site-packages/airflow/example_dags/subdags/subdag.py
[2023-07-25T16:05:38.646+0000] {processor.py:179} INFO - Processing /home/airflow/.local/lib/python3.9/site-packages/airflow/example_dags/subdags/subdag.py took 0.085 seconds
[2023-07-25T16:06:09.681+0000] {processor.py:157} INFO - Started process (PID=527) to work on /home/airflow/.local/lib/python3.9/site-packages/airflow/example_dags/subdags/subdag.py
[2023-07-25T16:06:09.683+0000] {processor.py:826} INFO - Processing file /home/airflow/.local/lib/python3.9/site-packages/airflow/example_dags/subdags/subdag.py for tasks to queue
[2023-07-25T16:06:09.684+0000] {logging_mixin.py:150} INFO - [2023-07-25T16:06:09.684+0000] {dagbag.py:541} INFO - Filling up the DagBag from /home/airflow/.local/lib/python3.9/site-packages/airflow/example_dags/subdags/subdag.py
[2023-07-25T16:06:09.687+0000] {processor.py:838} WARNING - No viable dags retrieved from /home/airflow/.local/lib/python3.9/site-packages/airflow/example_dags/subdags/subdag.py
[2023-07-25T16:06:09.733+0000] {processor.py:179} INFO - Processing /home/airflow/.local/lib/python3.9/site-packages/airflow/example_dags/subdags/subdag.py took 0.063 seconds
[2023-07-25T16:06:40.507+0000] {processor.py:157} INFO - Started process (PID=587) to work on /home/airflow/.local/lib/python3.9/site-packages/airflow/example_dags/subdags/subdag.py
[2023-07-25T16:06:40.515+0000] {processor.py:826} INFO - Processing file /home/airflow/.local/lib/python3.9/site-packages/airflow/example_dags/subdags/subdag.py for tasks to queue
[2023-07-25T16:06:40.516+0000] {logging_mixin.py:150} INFO - [2023-07-25T16:06:40.516+0000] {dagbag.py:541} INFO - Filling up the DagBag from /home/airflow/.local/lib/python3.9/site-packages/airflow/example_dags/subdags/subdag.py
[2023-07-25T16:06:40.519+0000] {processor.py:838} WARNING - No viable dags retrieved from /home/airflow/.local/lib/python3.9/site-packages/airflow/example_dags/subdags/subdag.py
[2023-07-25T16:06:40.568+0000] {processor.py:179} INFO - Processing /home/airflow/.local/lib/python3.9/site-packages/airflow/example_dags/subdags/subdag.py took 0.083 seconds
[2023-07-25T16:07:11.288+0000] {processor.py:157} INFO - Started process (PID=649) to work on /home/airflow/.local/lib/python3.9/site-packages/airflow/example_dags/subdags/subdag.py
[2023-07-25T16:07:11.296+0000] {processor.py:826} INFO - Processing file /home/airflow/.local/lib/python3.9/site-packages/airflow/example_dags/subdags/subdag.py for tasks to queue
[2023-07-25T16:07:11.297+0000] {logging_mixin.py:150} INFO - [2023-07-25T16:07:11.296+0000] {dagbag.py:541} INFO - Filling up the DagBag from /home/airflow/.local/lib/python3.9/site-packages/airflow/example_dags/subdags/subdag.py
[2023-07-25T16:07:11.299+0000] {processor.py:838} WARNING - No viable dags retrieved from /home/airflow/.local/lib/python3.9/site-packages/airflow/example_dags/subdags/subdag.py
[2023-07-25T16:07:11.427+0000] {processor.py:179} INFO - Processing /home/airflow/.local/lib/python3.9/site-packages/airflow/example_dags/subdags/subdag.py took 0.153 seconds
[2023-07-25T16:07:42.258+0000] {processor.py:157} INFO - Started process (PID=711) to work on /home/airflow/.local/lib/python3.9/site-packages/airflow/example_dags/subdags/subdag.py
[2023-07-25T16:07:42.289+0000] {processor.py:826} INFO - Processing file /home/airflow/.local/lib/python3.9/site-packages/airflow/example_dags/subdags/subdag.py for tasks to queue
[2023-07-25T16:07:42.290+0000] {logging_mixin.py:150} INFO - [2023-07-25T16:07:42.290+0000] {dagbag.py:541} INFO - Filling up the DagBag from /home/airflow/.local/lib/python3.9/site-packages/airflow/example_dags/subdags/subdag.py
[2023-07-25T16:07:42.293+0000] {processor.py:838} WARNING - No viable dags retrieved from /home/airflow/.local/lib/python3.9/site-packages/airflow/example_dags/subdags/subdag.py
[2023-07-25T16:07:42.384+0000] {processor.py:179} INFO - Processing /home/airflow/.local/lib/python3.9/site-packages/airflow/example_dags/subdags/subdag.py took 0.175 seconds
[2023-07-25T16:08:12.854+0000] {processor.py:157} INFO - Started process (PID=772) to work on /home/airflow/.local/lib/python3.9/site-packages/airflow/example_dags/subdags/subdag.py
[2023-07-25T16:08:12.905+0000] {processor.py:826} INFO - Processing file /home/airflow/.local/lib/python3.9/site-packages/airflow/example_dags/subdags/subdag.py for tasks to queue
[2023-07-25T16:08:12.906+0000] {logging_mixin.py:150} INFO - [2023-07-25T16:08:12.906+0000] {dagbag.py:541} INFO - Filling up the DagBag from /home/airflow/.local/lib/python3.9/site-packages/airflow/example_dags/subdags/subdag.py
[2023-07-25T16:08:12.909+0000] {processor.py:838} WARNING - No viable dags retrieved from /home/airflow/.local/lib/python3.9/site-packages/airflow/example_dags/subdags/subdag.py
[2023-07-25T16:08:12.986+0000] {processor.py:179} INFO - Processing /home/airflow/.local/lib/python3.9/site-packages/airflow/example_dags/subdags/subdag.py took 0.136 seconds
[2023-07-25T16:08:46.774+0000] {processor.py:157} INFO - Started process (PID=834) to work on /home/airflow/.local/lib/python3.9/site-packages/airflow/example_dags/subdags/subdag.py
[2023-07-25T16:08:46.790+0000] {processor.py:826} INFO - Processing file /home/airflow/.local/lib/python3.9/site-packages/airflow/example_dags/subdags/subdag.py for tasks to queue
[2023-07-25T16:08:46.795+0000] {logging_mixin.py:150} INFO - [2023-07-25T16:08:46.792+0000] {dagbag.py:541} INFO - Filling up the DagBag from /home/airflow/.local/lib/python3.9/site-packages/airflow/example_dags/subdags/subdag.py
[2023-07-25T16:08:46.824+0000] {processor.py:838} WARNING - No viable dags retrieved from /home/airflow/.local/lib/python3.9/site-packages/airflow/example_dags/subdags/subdag.py
[2023-07-25T16:08:46.924+0000] {processor.py:179} INFO - Processing /home/airflow/.local/lib/python3.9/site-packages/airflow/example_dags/subdags/subdag.py took 0.154 seconds
[2023-07-25T16:09:17.485+0000] {processor.py:157} INFO - Started process (PID=889) to work on /home/airflow/.local/lib/python3.9/site-packages/airflow/example_dags/subdags/subdag.py
[2023-07-25T16:09:17.492+0000] {processor.py:826} INFO - Processing file /home/airflow/.local/lib/python3.9/site-packages/airflow/example_dags/subdags/subdag.py for tasks to queue
[2023-07-25T16:09:17.494+0000] {logging_mixin.py:150} INFO - [2023-07-25T16:09:17.494+0000] {dagbag.py:541} INFO - Filling up the DagBag from /home/airflow/.local/lib/python3.9/site-packages/airflow/example_dags/subdags/subdag.py
[2023-07-25T16:09:17.515+0000] {processor.py:838} WARNING - No viable dags retrieved from /home/airflow/.local/lib/python3.9/site-packages/airflow/example_dags/subdags/subdag.py
[2023-07-25T16:09:17.694+0000] {processor.py:179} INFO - Processing /home/airflow/.local/lib/python3.9/site-packages/airflow/example_dags/subdags/subdag.py took 0.224 seconds
[2023-07-25T16:09:48.608+0000] {processor.py:157} INFO - Started process (PID=950) to work on /home/airflow/.local/lib/python3.9/site-packages/airflow/example_dags/subdags/subdag.py
[2023-07-25T16:09:48.609+0000] {processor.py:826} INFO - Processing file /home/airflow/.local/lib/python3.9/site-packages/airflow/example_dags/subdags/subdag.py for tasks to queue
[2023-07-25T16:09:48.610+0000] {logging_mixin.py:150} INFO - [2023-07-25T16:09:48.610+0000] {dagbag.py:541} INFO - Filling up the DagBag from /home/airflow/.local/lib/python3.9/site-packages/airflow/example_dags/subdags/subdag.py
[2023-07-25T16:09:48.613+0000] {processor.py:838} WARNING - No viable dags retrieved from /home/airflow/.local/lib/python3.9/site-packages/airflow/example_dags/subdags/subdag.py
[2023-07-25T16:09:48.637+0000] {processor.py:179} INFO - Processing /home/airflow/.local/lib/python3.9/site-packages/airflow/example_dags/subdags/subdag.py took 0.054 seconds
[2023-07-25T16:10:19.661+0000] {processor.py:157} INFO - Started process (PID=1011) to work on /home/airflow/.local/lib/python3.9/site-packages/airflow/example_dags/subdags/subdag.py
[2023-07-25T16:10:19.666+0000] {processor.py:826} INFO - Processing file /home/airflow/.local/lib/python3.9/site-packages/airflow/example_dags/subdags/subdag.py for tasks to queue
[2023-07-25T16:10:19.667+0000] {logging_mixin.py:150} INFO - [2023-07-25T16:10:19.667+0000] {dagbag.py:541} INFO - Filling up the DagBag from /home/airflow/.local/lib/python3.9/site-packages/airflow/example_dags/subdags/subdag.py
[2023-07-25T16:10:19.670+0000] {processor.py:838} WARNING - No viable dags retrieved from /home/airflow/.local/lib/python3.9/site-packages/airflow/example_dags/subdags/subdag.py
[2023-07-25T16:10:19.710+0000] {processor.py:179} INFO - Processing /home/airflow/.local/lib/python3.9/site-packages/airflow/example_dags/subdags/subdag.py took 0.057 seconds
[2023-07-25T16:10:50.173+0000] {processor.py:157} INFO - Started process (PID=1073) to work on /home/airflow/.local/lib/python3.9/site-packages/airflow/example_dags/subdags/subdag.py
[2023-07-25T16:10:50.195+0000] {processor.py:826} INFO - Processing file /home/airflow/.local/lib/python3.9/site-packages/airflow/example_dags/subdags/subdag.py for tasks to queue
[2023-07-25T16:10:50.196+0000] {logging_mixin.py:150} INFO - [2023-07-25T16:10:50.196+0000] {dagbag.py:541} INFO - Filling up the DagBag from /home/airflow/.local/lib/python3.9/site-packages/airflow/example_dags/subdags/subdag.py
[2023-07-25T16:10:50.199+0000] {processor.py:838} WARNING - No viable dags retrieved from /home/airflow/.local/lib/python3.9/site-packages/airflow/example_dags/subdags/subdag.py
[2023-07-25T16:10:50.216+0000] {processor.py:179} INFO - Processing /home/airflow/.local/lib/python3.9/site-packages/airflow/example_dags/subdags/subdag.py took 0.048 seconds
[2023-07-25T16:11:22.731+0000] {processor.py:157} INFO - Started process (PID=1134) to work on /home/airflow/.local/lib/python3.9/site-packages/airflow/example_dags/subdags/subdag.py
[2023-07-25T16:11:22.742+0000] {processor.py:826} INFO - Processing file /home/airflow/.local/lib/python3.9/site-packages/airflow/example_dags/subdags/subdag.py for tasks to queue
[2023-07-25T16:11:22.743+0000] {logging_mixin.py:150} INFO - [2023-07-25T16:11:22.743+0000] {dagbag.py:541} INFO - Filling up the DagBag from /home/airflow/.local/lib/python3.9/site-packages/airflow/example_dags/subdags/subdag.py
[2023-07-25T16:11:22.746+0000] {processor.py:838} WARNING - No viable dags retrieved from /home/airflow/.local/lib/python3.9/site-packages/airflow/example_dags/subdags/subdag.py
[2023-07-25T16:11:22.790+0000] {processor.py:179} INFO - Processing /home/airflow/.local/lib/python3.9/site-packages/airflow/example_dags/subdags/subdag.py took 0.063 seconds
[2023-07-25T16:11:53.446+0000] {processor.py:157} INFO - Started process (PID=1196) to work on /home/airflow/.local/lib/python3.9/site-packages/airflow/example_dags/subdags/subdag.py
[2023-07-25T16:11:53.449+0000] {processor.py:826} INFO - Processing file /home/airflow/.local/lib/python3.9/site-packages/airflow/example_dags/subdags/subdag.py for tasks to queue
[2023-07-25T16:11:53.450+0000] {logging_mixin.py:150} INFO - [2023-07-25T16:11:53.449+0000] {dagbag.py:541} INFO - Filling up the DagBag from /home/airflow/.local/lib/python3.9/site-packages/airflow/example_dags/subdags/subdag.py
[2023-07-25T16:11:53.452+0000] {processor.py:838} WARNING - No viable dags retrieved from /home/airflow/.local/lib/python3.9/site-packages/airflow/example_dags/subdags/subdag.py
[2023-07-25T16:11:53.493+0000] {processor.py:179} INFO - Processing /home/airflow/.local/lib/python3.9/site-packages/airflow/example_dags/subdags/subdag.py took 0.082 seconds
[2023-07-25T16:12:25.054+0000] {processor.py:157} INFO - Started process (PID=1257) to work on /home/airflow/.local/lib/python3.9/site-packages/airflow/example_dags/subdags/subdag.py
[2023-07-25T16:12:25.063+0000] {processor.py:826} INFO - Processing file /home/airflow/.local/lib/python3.9/site-packages/airflow/example_dags/subdags/subdag.py for tasks to queue
[2023-07-25T16:12:25.064+0000] {logging_mixin.py:150} INFO - [2023-07-25T16:12:25.064+0000] {dagbag.py:541} INFO - Filling up the DagBag from /home/airflow/.local/lib/python3.9/site-packages/airflow/example_dags/subdags/subdag.py
[2023-07-25T16:12:25.067+0000] {processor.py:838} WARNING - No viable dags retrieved from /home/airflow/.local/lib/python3.9/site-packages/airflow/example_dags/subdags/subdag.py
[2023-07-25T16:12:25.083+0000] {processor.py:179} INFO - Processing /home/airflow/.local/lib/python3.9/site-packages/airflow/example_dags/subdags/subdag.py took 0.033 seconds
[2023-07-25T16:12:56.181+0000] {processor.py:157} INFO - Started process (PID=1318) to work on /home/airflow/.local/lib/python3.9/site-packages/airflow/example_dags/subdags/subdag.py
[2023-07-25T16:12:56.207+0000] {processor.py:826} INFO - Processing file /home/airflow/.local/lib/python3.9/site-packages/airflow/example_dags/subdags/subdag.py for tasks to queue
[2023-07-25T16:12:56.209+0000] {logging_mixin.py:150} INFO - [2023-07-25T16:12:56.208+0000] {dagbag.py:541} INFO - Filling up the DagBag from /home/airflow/.local/lib/python3.9/site-packages/airflow/example_dags/subdags/subdag.py
[2023-07-25T16:12:56.213+0000] {processor.py:838} WARNING - No viable dags retrieved from /home/airflow/.local/lib/python3.9/site-packages/airflow/example_dags/subdags/subdag.py
[2023-07-25T16:12:56.245+0000] {processor.py:179} INFO - Processing /home/airflow/.local/lib/python3.9/site-packages/airflow/example_dags/subdags/subdag.py took 0.069 seconds
[2023-07-25T16:13:30.284+0000] {processor.py:157} INFO - Started process (PID=1387) to work on /home/airflow/.local/lib/python3.9/site-packages/airflow/example_dags/subdags/subdag.py
[2023-07-25T16:13:30.317+0000] {processor.py:826} INFO - Processing file /home/airflow/.local/lib/python3.9/site-packages/airflow/example_dags/subdags/subdag.py for tasks to queue
[2023-07-25T16:13:30.318+0000] {logging_mixin.py:150} INFO - [2023-07-25T16:13:30.317+0000] {dagbag.py:541} INFO - Filling up the DagBag from /home/airflow/.local/lib/python3.9/site-packages/airflow/example_dags/subdags/subdag.py
[2023-07-25T16:13:30.321+0000] {processor.py:838} WARNING - No viable dags retrieved from /home/airflow/.local/lib/python3.9/site-packages/airflow/example_dags/subdags/subdag.py
[2023-07-25T16:13:30.456+0000] {processor.py:179} INFO - Processing /home/airflow/.local/lib/python3.9/site-packages/airflow/example_dags/subdags/subdag.py took 0.177 seconds
[2023-07-25T16:14:00.890+0000] {processor.py:157} INFO - Started process (PID=1441) to work on /home/airflow/.local/lib/python3.9/site-packages/airflow/example_dags/subdags/subdag.py
[2023-07-25T16:14:00.905+0000] {processor.py:826} INFO - Processing file /home/airflow/.local/lib/python3.9/site-packages/airflow/example_dags/subdags/subdag.py for tasks to queue
[2023-07-25T16:14:00.906+0000] {logging_mixin.py:150} INFO - [2023-07-25T16:14:00.906+0000] {dagbag.py:541} INFO - Filling up the DagBag from /home/airflow/.local/lib/python3.9/site-packages/airflow/example_dags/subdags/subdag.py
[2023-07-25T16:14:00.909+0000] {processor.py:838} WARNING - No viable dags retrieved from /home/airflow/.local/lib/python3.9/site-packages/airflow/example_dags/subdags/subdag.py
[2023-07-25T16:14:00.936+0000] {processor.py:179} INFO - Processing /home/airflow/.local/lib/python3.9/site-packages/airflow/example_dags/subdags/subdag.py took 0.051 seconds
[2023-07-25T16:14:32.061+0000] {processor.py:157} INFO - Started process (PID=1502) to work on /home/airflow/.local/lib/python3.9/site-packages/airflow/example_dags/subdags/subdag.py
[2023-07-25T16:14:32.075+0000] {processor.py:826} INFO - Processing file /home/airflow/.local/lib/python3.9/site-packages/airflow/example_dags/subdags/subdag.py for tasks to queue
[2023-07-25T16:14:32.076+0000] {logging_mixin.py:150} INFO - [2023-07-25T16:14:32.076+0000] {dagbag.py:541} INFO - Filling up the DagBag from /home/airflow/.local/lib/python3.9/site-packages/airflow/example_dags/subdags/subdag.py
[2023-07-25T16:14:32.079+0000] {processor.py:838} WARNING - No viable dags retrieved from /home/airflow/.local/lib/python3.9/site-packages/airflow/example_dags/subdags/subdag.py
[2023-07-25T16:14:32.127+0000] {processor.py:179} INFO - Processing /home/airflow/.local/lib/python3.9/site-packages/airflow/example_dags/subdags/subdag.py took 0.070 seconds
[2023-07-25T16:15:04.332+0000] {processor.py:157} INFO - Started process (PID=1569) to work on /home/airflow/.local/lib/python3.9/site-packages/airflow/example_dags/subdags/subdag.py
[2023-07-25T16:15:04.347+0000] {processor.py:826} INFO - Processing file /home/airflow/.local/lib/python3.9/site-packages/airflow/example_dags/subdags/subdag.py for tasks to queue
[2023-07-25T16:15:04.348+0000] {logging_mixin.py:150} INFO - [2023-07-25T16:15:04.348+0000] {dagbag.py:541} INFO - Filling up the DagBag from /home/airflow/.local/lib/python3.9/site-packages/airflow/example_dags/subdags/subdag.py
[2023-07-25T16:15:04.366+0000] {processor.py:838} WARNING - No viable dags retrieved from /home/airflow/.local/lib/python3.9/site-packages/airflow/example_dags/subdags/subdag.py
[2023-07-25T16:15:04.406+0000] {processor.py:179} INFO - Processing /home/airflow/.local/lib/python3.9/site-packages/airflow/example_dags/subdags/subdag.py took 0.079 seconds
[2023-07-25T16:15:35.614+0000] {processor.py:157} INFO - Started process (PID=1631) to work on /home/airflow/.local/lib/python3.9/site-packages/airflow/example_dags/subdags/subdag.py
[2023-07-25T16:15:35.635+0000] {processor.py:826} INFO - Processing file /home/airflow/.local/lib/python3.9/site-packages/airflow/example_dags/subdags/subdag.py for tasks to queue
[2023-07-25T16:15:35.636+0000] {logging_mixin.py:150} INFO - [2023-07-25T16:15:35.636+0000] {dagbag.py:541} INFO - Filling up the DagBag from /home/airflow/.local/lib/python3.9/site-packages/airflow/example_dags/subdags/subdag.py
[2023-07-25T16:15:35.639+0000] {processor.py:838} WARNING - No viable dags retrieved from /home/airflow/.local/lib/python3.9/site-packages/airflow/example_dags/subdags/subdag.py
[2023-07-25T16:15:35.724+0000] {processor.py:179} INFO - Processing /home/airflow/.local/lib/python3.9/site-packages/airflow/example_dags/subdags/subdag.py took 0.115 seconds
[2023-07-25T16:16:06.072+0000] {processor.py:157} INFO - Started process (PID=1686) to work on /home/airflow/.local/lib/python3.9/site-packages/airflow/example_dags/subdags/subdag.py
[2023-07-25T16:16:06.085+0000] {processor.py:826} INFO - Processing file /home/airflow/.local/lib/python3.9/site-packages/airflow/example_dags/subdags/subdag.py for tasks to queue
[2023-07-25T16:16:06.086+0000] {logging_mixin.py:150} INFO - [2023-07-25T16:16:06.086+0000] {dagbag.py:541} INFO - Filling up the DagBag from /home/airflow/.local/lib/python3.9/site-packages/airflow/example_dags/subdags/subdag.py
[2023-07-25T16:16:06.089+0000] {processor.py:838} WARNING - No viable dags retrieved from /home/airflow/.local/lib/python3.9/site-packages/airflow/example_dags/subdags/subdag.py
[2023-07-25T16:16:06.139+0000] {processor.py:179} INFO - Processing /home/airflow/.local/lib/python3.9/site-packages/airflow/example_dags/subdags/subdag.py took 0.072 seconds
[2023-07-25T16:16:37.638+0000] {processor.py:157} INFO - Started process (PID=1749) to work on /home/airflow/.local/lib/python3.9/site-packages/airflow/example_dags/subdags/subdag.py
[2023-07-25T16:16:37.655+0000] {processor.py:826} INFO - Processing file /home/airflow/.local/lib/python3.9/site-packages/airflow/example_dags/subdags/subdag.py for tasks to queue
[2023-07-25T16:16:37.656+0000] {logging_mixin.py:150} INFO - [2023-07-25T16:16:37.656+0000] {dagbag.py:541} INFO - Filling up the DagBag from /home/airflow/.local/lib/python3.9/site-packages/airflow/example_dags/subdags/subdag.py
[2023-07-25T16:16:37.659+0000] {processor.py:838} WARNING - No viable dags retrieved from /home/airflow/.local/lib/python3.9/site-packages/airflow/example_dags/subdags/subdag.py
[2023-07-25T16:16:37.716+0000] {processor.py:179} INFO - Processing /home/airflow/.local/lib/python3.9/site-packages/airflow/example_dags/subdags/subdag.py took 0.103 seconds
[2023-07-25T16:17:08.289+0000] {processor.py:157} INFO - Started process (PID=1818) to work on /home/airflow/.local/lib/python3.9/site-packages/airflow/example_dags/subdags/subdag.py
[2023-07-25T16:17:08.309+0000] {processor.py:826} INFO - Processing file /home/airflow/.local/lib/python3.9/site-packages/airflow/example_dags/subdags/subdag.py for tasks to queue
[2023-07-25T16:17:08.310+0000] {logging_mixin.py:150} INFO - [2023-07-25T16:17:08.310+0000] {dagbag.py:541} INFO - Filling up the DagBag from /home/airflow/.local/lib/python3.9/site-packages/airflow/example_dags/subdags/subdag.py
[2023-07-25T16:17:08.313+0000] {processor.py:838} WARNING - No viable dags retrieved from /home/airflow/.local/lib/python3.9/site-packages/airflow/example_dags/subdags/subdag.py
[2023-07-25T16:17:08.376+0000] {processor.py:179} INFO - Processing /home/airflow/.local/lib/python3.9/site-packages/airflow/example_dags/subdags/subdag.py took 0.091 seconds
[2023-07-25T16:17:40.103+0000] {processor.py:157} INFO - Started process (PID=1880) to work on /home/airflow/.local/lib/python3.9/site-packages/airflow/example_dags/subdags/subdag.py
[2023-07-25T16:17:40.117+0000] {processor.py:826} INFO - Processing file /home/airflow/.local/lib/python3.9/site-packages/airflow/example_dags/subdags/subdag.py for tasks to queue
[2023-07-25T16:17:40.118+0000] {logging_mixin.py:150} INFO - [2023-07-25T16:17:40.118+0000] {dagbag.py:541} INFO - Filling up the DagBag from /home/airflow/.local/lib/python3.9/site-packages/airflow/example_dags/subdags/subdag.py
[2023-07-25T16:17:40.121+0000] {processor.py:838} WARNING - No viable dags retrieved from /home/airflow/.local/lib/python3.9/site-packages/airflow/example_dags/subdags/subdag.py
[2023-07-25T16:17:40.218+0000] {processor.py:179} INFO - Processing /home/airflow/.local/lib/python3.9/site-packages/airflow/example_dags/subdags/subdag.py took 0.120 seconds
[2023-07-25T16:18:11.301+0000] {processor.py:157} INFO - Started process (PID=1941) to work on /home/airflow/.local/lib/python3.9/site-packages/airflow/example_dags/subdags/subdag.py
[2023-07-25T16:18:11.325+0000] {processor.py:826} INFO - Processing file /home/airflow/.local/lib/python3.9/site-packages/airflow/example_dags/subdags/subdag.py for tasks to queue
[2023-07-25T16:18:11.326+0000] {logging_mixin.py:150} INFO - [2023-07-25T16:18:11.326+0000] {dagbag.py:541} INFO - Filling up the DagBag from /home/airflow/.local/lib/python3.9/site-packages/airflow/example_dags/subdags/subdag.py
[2023-07-25T16:18:11.346+0000] {processor.py:838} WARNING - No viable dags retrieved from /home/airflow/.local/lib/python3.9/site-packages/airflow/example_dags/subdags/subdag.py
[2023-07-25T16:18:11.536+0000] {processor.py:179} INFO - Processing /home/airflow/.local/lib/python3.9/site-packages/airflow/example_dags/subdags/subdag.py took 0.263 seconds
[2023-07-25T16:18:41.843+0000] {processor.py:157} INFO - Started process (PID=2003) to work on /home/airflow/.local/lib/python3.9/site-packages/airflow/example_dags/subdags/subdag.py
[2023-07-25T16:18:41.867+0000] {processor.py:826} INFO - Processing file /home/airflow/.local/lib/python3.9/site-packages/airflow/example_dags/subdags/subdag.py for tasks to queue
[2023-07-25T16:18:41.868+0000] {logging_mixin.py:150} INFO - [2023-07-25T16:18:41.868+0000] {dagbag.py:541} INFO - Filling up the DagBag from /home/airflow/.local/lib/python3.9/site-packages/airflow/example_dags/subdags/subdag.py
[2023-07-25T16:18:41.892+0000] {processor.py:838} WARNING - No viable dags retrieved from /home/airflow/.local/lib/python3.9/site-packages/airflow/example_dags/subdags/subdag.py
[2023-07-25T16:18:41.926+0000] {processor.py:179} INFO - Processing /home/airflow/.local/lib/python3.9/site-packages/airflow/example_dags/subdags/subdag.py took 0.088 seconds
[2023-07-25T16:19:13.394+0000] {processor.py:157} INFO - Started process (PID=2066) to work on /home/airflow/.local/lib/python3.9/site-packages/airflow/example_dags/subdags/subdag.py
[2023-07-25T16:19:13.425+0000] {processor.py:826} INFO - Processing file /home/airflow/.local/lib/python3.9/site-packages/airflow/example_dags/subdags/subdag.py for tasks to queue
[2023-07-25T16:19:13.426+0000] {logging_mixin.py:150} INFO - [2023-07-25T16:19:13.426+0000] {dagbag.py:541} INFO - Filling up the DagBag from /home/airflow/.local/lib/python3.9/site-packages/airflow/example_dags/subdags/subdag.py
[2023-07-25T16:19:13.429+0000] {processor.py:838} WARNING - No viable dags retrieved from /home/airflow/.local/lib/python3.9/site-packages/airflow/example_dags/subdags/subdag.py
[2023-07-25T16:19:13.465+0000] {processor.py:179} INFO - Processing /home/airflow/.local/lib/python3.9/site-packages/airflow/example_dags/subdags/subdag.py took 0.076 seconds
[2023-07-25T16:19:43.943+0000] {processor.py:157} INFO - Started process (PID=2126) to work on /home/airflow/.local/lib/python3.9/site-packages/airflow/example_dags/subdags/subdag.py
[2023-07-25T16:19:43.970+0000] {processor.py:826} INFO - Processing file /home/airflow/.local/lib/python3.9/site-packages/airflow/example_dags/subdags/subdag.py for tasks to queue
[2023-07-25T16:19:43.971+0000] {logging_mixin.py:150} INFO - [2023-07-25T16:19:43.970+0000] {dagbag.py:541} INFO - Filling up the DagBag from /home/airflow/.local/lib/python3.9/site-packages/airflow/example_dags/subdags/subdag.py
[2023-07-25T16:19:43.974+0000] {processor.py:838} WARNING - No viable dags retrieved from /home/airflow/.local/lib/python3.9/site-packages/airflow/example_dags/subdags/subdag.py
[2023-07-25T16:19:44.051+0000] {processor.py:179} INFO - Processing /home/airflow/.local/lib/python3.9/site-packages/airflow/example_dags/subdags/subdag.py took 0.113 seconds
[2023-07-25T16:20:15.334+0000] {processor.py:157} INFO - Started process (PID=2186) to work on /home/airflow/.local/lib/python3.9/site-packages/airflow/example_dags/subdags/subdag.py
[2023-07-25T16:20:15.349+0000] {processor.py:826} INFO - Processing file /home/airflow/.local/lib/python3.9/site-packages/airflow/example_dags/subdags/subdag.py for tasks to queue
[2023-07-25T16:20:15.359+0000] {logging_mixin.py:150} INFO - [2023-07-25T16:20:15.359+0000] {dagbag.py:541} INFO - Filling up the DagBag from /home/airflow/.local/lib/python3.9/site-packages/airflow/example_dags/subdags/subdag.py
[2023-07-25T16:20:15.362+0000] {processor.py:838} WARNING - No viable dags retrieved from /home/airflow/.local/lib/python3.9/site-packages/airflow/example_dags/subdags/subdag.py
[2023-07-25T16:20:15.445+0000] {processor.py:179} INFO - Processing /home/airflow/.local/lib/python3.9/site-packages/airflow/example_dags/subdags/subdag.py took 0.116 seconds
[2023-07-25T16:20:45.684+0000] {processor.py:157} INFO - Started process (PID=2241) to work on /home/airflow/.local/lib/python3.9/site-packages/airflow/example_dags/subdags/subdag.py
[2023-07-25T16:20:45.713+0000] {processor.py:826} INFO - Processing file /home/airflow/.local/lib/python3.9/site-packages/airflow/example_dags/subdags/subdag.py for tasks to queue
[2023-07-25T16:20:45.714+0000] {logging_mixin.py:150} INFO - [2023-07-25T16:20:45.714+0000] {dagbag.py:541} INFO - Filling up the DagBag from /home/airflow/.local/lib/python3.9/site-packages/airflow/example_dags/subdags/subdag.py
[2023-07-25T16:20:45.717+0000] {processor.py:838} WARNING - No viable dags retrieved from /home/airflow/.local/lib/python3.9/site-packages/airflow/example_dags/subdags/subdag.py
[2023-07-25T16:20:45.796+0000] {processor.py:179} INFO - Processing /home/airflow/.local/lib/python3.9/site-packages/airflow/example_dags/subdags/subdag.py took 0.117 seconds
[2023-07-25T16:21:16.147+0000] {processor.py:157} INFO - Started process (PID=2301) to work on /home/airflow/.local/lib/python3.9/site-packages/airflow/example_dags/subdags/subdag.py
[2023-07-25T16:21:16.155+0000] {processor.py:826} INFO - Processing file /home/airflow/.local/lib/python3.9/site-packages/airflow/example_dags/subdags/subdag.py for tasks to queue
[2023-07-25T16:21:16.156+0000] {logging_mixin.py:150} INFO - [2023-07-25T16:21:16.156+0000] {dagbag.py:541} INFO - Filling up the DagBag from /home/airflow/.local/lib/python3.9/site-packages/airflow/example_dags/subdags/subdag.py
[2023-07-25T16:21:16.159+0000] {processor.py:838} WARNING - No viable dags retrieved from /home/airflow/.local/lib/python3.9/site-packages/airflow/example_dags/subdags/subdag.py
[2023-07-25T16:21:16.225+0000] {processor.py:179} INFO - Processing /home/airflow/.local/lib/python3.9/site-packages/airflow/example_dags/subdags/subdag.py took 0.093 seconds
[2023-07-25T16:21:46.617+0000] {processor.py:157} INFO - Started process (PID=2363) to work on /home/airflow/.local/lib/python3.9/site-packages/airflow/example_dags/subdags/subdag.py
[2023-07-25T16:21:46.639+0000] {processor.py:826} INFO - Processing file /home/airflow/.local/lib/python3.9/site-packages/airflow/example_dags/subdags/subdag.py for tasks to queue
[2023-07-25T16:21:46.640+0000] {logging_mixin.py:150} INFO - [2023-07-25T16:21:46.640+0000] {dagbag.py:541} INFO - Filling up the DagBag from /home/airflow/.local/lib/python3.9/site-packages/airflow/example_dags/subdags/subdag.py
[2023-07-25T16:21:46.643+0000] {processor.py:838} WARNING - No viable dags retrieved from /home/airflow/.local/lib/python3.9/site-packages/airflow/example_dags/subdags/subdag.py
[2023-07-25T16:21:46.675+0000] {processor.py:179} INFO - Processing /home/airflow/.local/lib/python3.9/site-packages/airflow/example_dags/subdags/subdag.py took 0.092 seconds
[2023-07-25T16:22:16.822+0000] {processor.py:157} INFO - Started process (PID=2425) to work on /home/airflow/.local/lib/python3.9/site-packages/airflow/example_dags/subdags/subdag.py
[2023-07-25T16:22:16.845+0000] {processor.py:826} INFO - Processing file /home/airflow/.local/lib/python3.9/site-packages/airflow/example_dags/subdags/subdag.py for tasks to queue
[2023-07-25T16:22:16.847+0000] {logging_mixin.py:150} INFO - [2023-07-25T16:22:16.846+0000] {dagbag.py:541} INFO - Filling up the DagBag from /home/airflow/.local/lib/python3.9/site-packages/airflow/example_dags/subdags/subdag.py
[2023-07-25T16:22:16.849+0000] {processor.py:838} WARNING - No viable dags retrieved from /home/airflow/.local/lib/python3.9/site-packages/airflow/example_dags/subdags/subdag.py
[2023-07-25T16:22:16.899+0000] {processor.py:179} INFO - Processing /home/airflow/.local/lib/python3.9/site-packages/airflow/example_dags/subdags/subdag.py took 0.082 seconds
[2023-07-25T16:22:48.151+0000] {processor.py:157} INFO - Started process (PID=2487) to work on /home/airflow/.local/lib/python3.9/site-packages/airflow/example_dags/subdags/subdag.py
[2023-07-25T16:22:48.195+0000] {processor.py:826} INFO - Processing file /home/airflow/.local/lib/python3.9/site-packages/airflow/example_dags/subdags/subdag.py for tasks to queue
[2023-07-25T16:22:48.205+0000] {logging_mixin.py:150} INFO - [2023-07-25T16:22:48.196+0000] {dagbag.py:541} INFO - Filling up the DagBag from /home/airflow/.local/lib/python3.9/site-packages/airflow/example_dags/subdags/subdag.py
[2023-07-25T16:22:48.207+0000] {processor.py:838} WARNING - No viable dags retrieved from /home/airflow/.local/lib/python3.9/site-packages/airflow/example_dags/subdags/subdag.py
[2023-07-25T16:22:48.306+0000] {processor.py:179} INFO - Processing /home/airflow/.local/lib/python3.9/site-packages/airflow/example_dags/subdags/subdag.py took 0.159 seconds
[2023-07-25T16:23:19.274+0000] {processor.py:157} INFO - Started process (PID=2549) to work on /home/airflow/.local/lib/python3.9/site-packages/airflow/example_dags/subdags/subdag.py
[2023-07-25T16:23:19.286+0000] {processor.py:826} INFO - Processing file /home/airflow/.local/lib/python3.9/site-packages/airflow/example_dags/subdags/subdag.py for tasks to queue
[2023-07-25T16:23:19.287+0000] {logging_mixin.py:150} INFO - [2023-07-25T16:23:19.287+0000] {dagbag.py:541} INFO - Filling up the DagBag from /home/airflow/.local/lib/python3.9/site-packages/airflow/example_dags/subdags/subdag.py
[2023-07-25T16:23:19.290+0000] {processor.py:838} WARNING - No viable dags retrieved from /home/airflow/.local/lib/python3.9/site-packages/airflow/example_dags/subdags/subdag.py
[2023-07-25T16:23:19.317+0000] {processor.py:179} INFO - Processing /home/airflow/.local/lib/python3.9/site-packages/airflow/example_dags/subdags/subdag.py took 0.047 seconds
[2023-07-25T16:23:50.187+0000] {processor.py:157} INFO - Started process (PID=2611) to work on /home/airflow/.local/lib/python3.9/site-packages/airflow/example_dags/subdags/subdag.py
[2023-07-25T16:23:50.195+0000] {processor.py:826} INFO - Processing file /home/airflow/.local/lib/python3.9/site-packages/airflow/example_dags/subdags/subdag.py for tasks to queue
[2023-07-25T16:23:50.196+0000] {logging_mixin.py:150} INFO - [2023-07-25T16:23:50.195+0000] {dagbag.py:541} INFO - Filling up the DagBag from /home/airflow/.local/lib/python3.9/site-packages/airflow/example_dags/subdags/subdag.py
[2023-07-25T16:23:50.198+0000] {processor.py:838} WARNING - No viable dags retrieved from /home/airflow/.local/lib/python3.9/site-packages/airflow/example_dags/subdags/subdag.py
[2023-07-25T16:23:50.276+0000] {processor.py:179} INFO - Processing /home/airflow/.local/lib/python3.9/site-packages/airflow/example_dags/subdags/subdag.py took 0.094 seconds
[2023-07-25T16:24:20.950+0000] {processor.py:157} INFO - Started process (PID=2673) to work on /home/airflow/.local/lib/python3.9/site-packages/airflow/example_dags/subdags/subdag.py
[2023-07-25T16:24:20.965+0000] {processor.py:826} INFO - Processing file /home/airflow/.local/lib/python3.9/site-packages/airflow/example_dags/subdags/subdag.py for tasks to queue
[2023-07-25T16:24:20.966+0000] {logging_mixin.py:150} INFO - [2023-07-25T16:24:20.966+0000] {dagbag.py:541} INFO - Filling up the DagBag from /home/airflow/.local/lib/python3.9/site-packages/airflow/example_dags/subdags/subdag.py
[2023-07-25T16:24:20.969+0000] {processor.py:838} WARNING - No viable dags retrieved from /home/airflow/.local/lib/python3.9/site-packages/airflow/example_dags/subdags/subdag.py
[2023-07-25T16:24:21.018+0000] {processor.py:179} INFO - Processing /home/airflow/.local/lib/python3.9/site-packages/airflow/example_dags/subdags/subdag.py took 0.095 seconds
[2023-07-25 17:26:29,627] {scheduler_job.py:181} INFO - Started process (PID=212) to work on /home/airflow/.local/lib/python3.9/site-packages/airflow/example_dags/subdags/subdag.py
[2023-07-25 17:26:29,628] {scheduler_job.py:632} INFO - Processing file /home/airflow/.local/lib/python3.9/site-packages/airflow/example_dags/subdags/subdag.py for tasks to queue
[2023-07-25 17:26:29,629] {logging_mixin.py:104} INFO - [2023-07-25 17:26:29,629] {dagbag.py:496} INFO - Filling up the DagBag from /home/airflow/.local/lib/python3.9/site-packages/airflow/example_dags/subdags/subdag.py
[2023-07-25 17:26:29,632] {scheduler_job.py:644} WARNING - No viable dags retrieved from /home/airflow/.local/lib/python3.9/site-packages/airflow/example_dags/subdags/subdag.py
[2023-07-25 17:26:29,648] {scheduler_job.py:189} INFO - Processing /home/airflow/.local/lib/python3.9/site-packages/airflow/example_dags/subdags/subdag.py took 0.028 seconds
[2023-07-25 17:26:59,688] {scheduler_job.py:181} INFO - Started process (PID=257) to work on /home/airflow/.local/lib/python3.9/site-packages/airflow/example_dags/subdags/subdag.py
[2023-07-25 17:26:59,689] {scheduler_job.py:632} INFO - Processing file /home/airflow/.local/lib/python3.9/site-packages/airflow/example_dags/subdags/subdag.py for tasks to queue
[2023-07-25 17:26:59,690] {logging_mixin.py:104} INFO - [2023-07-25 17:26:59,690] {dagbag.py:496} INFO - Filling up the DagBag from /home/airflow/.local/lib/python3.9/site-packages/airflow/example_dags/subdags/subdag.py
[2023-07-25 17:26:59,693] {scheduler_job.py:644} WARNING - No viable dags retrieved from /home/airflow/.local/lib/python3.9/site-packages/airflow/example_dags/subdags/subdag.py
[2023-07-25 17:26:59,709] {scheduler_job.py:189} INFO - Processing /home/airflow/.local/lib/python3.9/site-packages/airflow/example_dags/subdags/subdag.py took 0.024 seconds
[2023-07-25 17:27:29,799] {scheduler_job.py:181} INFO - Started process (PID=302) to work on /home/airflow/.local/lib/python3.9/site-packages/airflow/example_dags/subdags/subdag.py
[2023-07-25 17:27:29,800] {scheduler_job.py:632} INFO - Processing file /home/airflow/.local/lib/python3.9/site-packages/airflow/example_dags/subdags/subdag.py for tasks to queue
[2023-07-25 17:27:29,801] {logging_mixin.py:104} INFO - [2023-07-25 17:27:29,801] {dagbag.py:496} INFO - Filling up the DagBag from /home/airflow/.local/lib/python3.9/site-packages/airflow/example_dags/subdags/subdag.py
[2023-07-25 17:27:29,804] {scheduler_job.py:644} WARNING - No viable dags retrieved from /home/airflow/.local/lib/python3.9/site-packages/airflow/example_dags/subdags/subdag.py
[2023-07-25 17:27:29,819] {scheduler_job.py:189} INFO - Processing /home/airflow/.local/lib/python3.9/site-packages/airflow/example_dags/subdags/subdag.py took 0.023 seconds
[2023-07-25 17:28:00,026] {scheduler_job.py:181} INFO - Started process (PID=353) to work on /home/airflow/.local/lib/python3.9/site-packages/airflow/example_dags/subdags/subdag.py
[2023-07-25 17:28:00,027] {scheduler_job.py:632} INFO - Processing file /home/airflow/.local/lib/python3.9/site-packages/airflow/example_dags/subdags/subdag.py for tasks to queue
[2023-07-25 17:28:00,027] {logging_mixin.py:104} INFO - [2023-07-25 17:28:00,027] {dagbag.py:496} INFO - Filling up the DagBag from /home/airflow/.local/lib/python3.9/site-packages/airflow/example_dags/subdags/subdag.py
[2023-07-25 17:28:00,030] {scheduler_job.py:644} WARNING - No viable dags retrieved from /home/airflow/.local/lib/python3.9/site-packages/airflow/example_dags/subdags/subdag.py
[2023-07-25 17:28:00,045] {scheduler_job.py:189} INFO - Processing /home/airflow/.local/lib/python3.9/site-packages/airflow/example_dags/subdags/subdag.py took 0.023 seconds
[2023-07-25 17:28:30,200] {scheduler_job.py:181} INFO - Started process (PID=398) to work on /home/airflow/.local/lib/python3.9/site-packages/airflow/example_dags/subdags/subdag.py
[2023-07-25 17:28:30,201] {scheduler_job.py:632} INFO - Processing file /home/airflow/.local/lib/python3.9/site-packages/airflow/example_dags/subdags/subdag.py for tasks to queue
[2023-07-25 17:28:30,202] {logging_mixin.py:104} INFO - [2023-07-25 17:28:30,202] {dagbag.py:496} INFO - Filling up the DagBag from /home/airflow/.local/lib/python3.9/site-packages/airflow/example_dags/subdags/subdag.py
[2023-07-25 17:28:30,235] {scheduler_job.py:644} WARNING - No viable dags retrieved from /home/airflow/.local/lib/python3.9/site-packages/airflow/example_dags/subdags/subdag.py
[2023-07-25 17:28:30,285] {scheduler_job.py:189} INFO - Processing /home/airflow/.local/lib/python3.9/site-packages/airflow/example_dags/subdags/subdag.py took 0.089 seconds
[2023-07-25 17:29:00,429] {scheduler_job.py:181} INFO - Started process (PID=443) to work on /home/airflow/.local/lib/python3.9/site-packages/airflow/example_dags/subdags/subdag.py
[2023-07-25 17:29:00,430] {scheduler_job.py:632} INFO - Processing file /home/airflow/.local/lib/python3.9/site-packages/airflow/example_dags/subdags/subdag.py for tasks to queue
[2023-07-25 17:29:00,430] {logging_mixin.py:104} INFO - [2023-07-25 17:29:00,430] {dagbag.py:496} INFO - Filling up the DagBag from /home/airflow/.local/lib/python3.9/site-packages/airflow/example_dags/subdags/subdag.py
[2023-07-25 17:29:00,433] {scheduler_job.py:644} WARNING - No viable dags retrieved from /home/airflow/.local/lib/python3.9/site-packages/airflow/example_dags/subdags/subdag.py
[2023-07-25 17:29:00,450] {scheduler_job.py:189} INFO - Processing /home/airflow/.local/lib/python3.9/site-packages/airflow/example_dags/subdags/subdag.py took 0.025 seconds
[2023-07-25 17:29:30,635] {scheduler_job.py:181} INFO - Started process (PID=488) to work on /home/airflow/.local/lib/python3.9/site-packages/airflow/example_dags/subdags/subdag.py
[2023-07-25 17:29:30,636] {scheduler_job.py:632} INFO - Processing file /home/airflow/.local/lib/python3.9/site-packages/airflow/example_dags/subdags/subdag.py for tasks to queue
[2023-07-25 17:29:30,637] {logging_mixin.py:104} INFO - [2023-07-25 17:29:30,637] {dagbag.py:496} INFO - Filling up the DagBag from /home/airflow/.local/lib/python3.9/site-packages/airflow/example_dags/subdags/subdag.py
[2023-07-25 17:29:30,640] {scheduler_job.py:644} WARNING - No viable dags retrieved from /home/airflow/.local/lib/python3.9/site-packages/airflow/example_dags/subdags/subdag.py
[2023-07-25 17:29:30,656] {scheduler_job.py:189} INFO - Processing /home/airflow/.local/lib/python3.9/site-packages/airflow/example_dags/subdags/subdag.py took 0.024 seconds
[2023-07-25 17:30:00,939] {scheduler_job.py:181} INFO - Started process (PID=540) to work on /home/airflow/.local/lib/python3.9/site-packages/airflow/example_dags/subdags/subdag.py
[2023-07-25 17:30:00,940] {scheduler_job.py:632} INFO - Processing file /home/airflow/.local/lib/python3.9/site-packages/airflow/example_dags/subdags/subdag.py for tasks to queue
[2023-07-25 17:30:00,941] {logging_mixin.py:104} INFO - [2023-07-25 17:30:00,941] {dagbag.py:496} INFO - Filling up the DagBag from /home/airflow/.local/lib/python3.9/site-packages/airflow/example_dags/subdags/subdag.py
[2023-07-25 17:30:00,945] {scheduler_job.py:644} WARNING - No viable dags retrieved from /home/airflow/.local/lib/python3.9/site-packages/airflow/example_dags/subdags/subdag.py
[2023-07-25 17:30:00,960] {scheduler_job.py:189} INFO - Processing /home/airflow/.local/lib/python3.9/site-packages/airflow/example_dags/subdags/subdag.py took 0.025 seconds
[2023-07-25 17:30:31,298] {scheduler_job.py:181} INFO - Started process (PID=586) to work on /home/airflow/.local/lib/python3.9/site-packages/airflow/example_dags/subdags/subdag.py
[2023-07-25 17:30:31,299] {scheduler_job.py:632} INFO - Processing file /home/airflow/.local/lib/python3.9/site-packages/airflow/example_dags/subdags/subdag.py for tasks to queue
[2023-07-25 17:30:31,300] {logging_mixin.py:104} INFO - [2023-07-25 17:30:31,300] {dagbag.py:496} INFO - Filling up the DagBag from /home/airflow/.local/lib/python3.9/site-packages/airflow/example_dags/subdags/subdag.py
[2023-07-25 17:30:31,303] {scheduler_job.py:644} WARNING - No viable dags retrieved from /home/airflow/.local/lib/python3.9/site-packages/airflow/example_dags/subdags/subdag.py
[2023-07-25 17:30:31,385] {scheduler_job.py:189} INFO - Processing /home/airflow/.local/lib/python3.9/site-packages/airflow/example_dags/subdags/subdag.py took 0.091 seconds
[2023-07-25 17:31:01,590] {scheduler_job.py:181} INFO - Started process (PID=638) to work on /home/airflow/.local/lib/python3.9/site-packages/airflow/example_dags/subdags/subdag.py
[2023-07-25 17:31:01,591] {scheduler_job.py:632} INFO - Processing file /home/airflow/.local/lib/python3.9/site-packages/airflow/example_dags/subdags/subdag.py for tasks to queue
[2023-07-25 17:31:01,592] {logging_mixin.py:104} INFO - [2023-07-25 17:31:01,592] {dagbag.py:496} INFO - Filling up the DagBag from /home/airflow/.local/lib/python3.9/site-packages/airflow/example_dags/subdags/subdag.py
[2023-07-25 17:31:01,595] {scheduler_job.py:644} WARNING - No viable dags retrieved from /home/airflow/.local/lib/python3.9/site-packages/airflow/example_dags/subdags/subdag.py
[2023-07-25 17:31:01,615] {scheduler_job.py:189} INFO - Processing /home/airflow/.local/lib/python3.9/site-packages/airflow/example_dags/subdags/subdag.py took 0.029 seconds
[2023-07-25 17:31:32,123] {scheduler_job.py:181} INFO - Started process (PID=683) to work on /home/airflow/.local/lib/python3.9/site-packages/airflow/example_dags/subdags/subdag.py
[2023-07-25 17:31:32,124] {scheduler_job.py:632} INFO - Processing file /home/airflow/.local/lib/python3.9/site-packages/airflow/example_dags/subdags/subdag.py for tasks to queue
[2023-07-25 17:31:32,125] {logging_mixin.py:104} INFO - [2023-07-25 17:31:32,125] {dagbag.py:496} INFO - Filling up the DagBag from /home/airflow/.local/lib/python3.9/site-packages/airflow/example_dags/subdags/subdag.py
[2023-07-25 17:31:32,129] {scheduler_job.py:644} WARNING - No viable dags retrieved from /home/airflow/.local/lib/python3.9/site-packages/airflow/example_dags/subdags/subdag.py
[2023-07-25 17:31:32,145] {scheduler_job.py:189} INFO - Processing /home/airflow/.local/lib/python3.9/site-packages/airflow/example_dags/subdags/subdag.py took 0.025 seconds
[2023-07-25 17:32:02,513] {scheduler_job.py:181} INFO - Started process (PID=727) to work on /home/airflow/.local/lib/python3.9/site-packages/airflow/example_dags/subdags/subdag.py
[2023-07-25 17:32:02,515] {scheduler_job.py:632} INFO - Processing file /home/airflow/.local/lib/python3.9/site-packages/airflow/example_dags/subdags/subdag.py for tasks to queue
[2023-07-25 17:32:02,515] {logging_mixin.py:104} INFO - [2023-07-25 17:32:02,515] {dagbag.py:496} INFO - Filling up the DagBag from /home/airflow/.local/lib/python3.9/site-packages/airflow/example_dags/subdags/subdag.py
[2023-07-25 17:32:02,519] {scheduler_job.py:644} WARNING - No viable dags retrieved from /home/airflow/.local/lib/python3.9/site-packages/airflow/example_dags/subdags/subdag.py
[2023-07-25 17:32:02,547] {scheduler_job.py:189} INFO - Processing /home/airflow/.local/lib/python3.9/site-packages/airflow/example_dags/subdags/subdag.py took 0.038 seconds
[2023-07-25 17:32:32,983] {scheduler_job.py:181} INFO - Started process (PID=778) to work on /home/airflow/.local/lib/python3.9/site-packages/airflow/example_dags/subdags/subdag.py
[2023-07-25 17:32:32,984] {scheduler_job.py:632} INFO - Processing file /home/airflow/.local/lib/python3.9/site-packages/airflow/example_dags/subdags/subdag.py for tasks to queue
[2023-07-25 17:32:32,984] {logging_mixin.py:104} INFO - [2023-07-25 17:32:32,984] {dagbag.py:496} INFO - Filling up the DagBag from /home/airflow/.local/lib/python3.9/site-packages/airflow/example_dags/subdags/subdag.py
[2023-07-25 17:32:32,997] {scheduler_job.py:644} WARNING - No viable dags retrieved from /home/airflow/.local/lib/python3.9/site-packages/airflow/example_dags/subdags/subdag.py
[2023-07-25 17:32:33,035] {scheduler_job.py:189} INFO - Processing /home/airflow/.local/lib/python3.9/site-packages/airflow/example_dags/subdags/subdag.py took 0.056 seconds
[2023-07-25 17:33:03,450] {scheduler_job.py:181} INFO - Started process (PID=821) to work on /home/airflow/.local/lib/python3.9/site-packages/airflow/example_dags/subdags/subdag.py
[2023-07-25 17:33:03,451] {scheduler_job.py:632} INFO - Processing file /home/airflow/.local/lib/python3.9/site-packages/airflow/example_dags/subdags/subdag.py for tasks to queue
[2023-07-25 17:33:03,452] {logging_mixin.py:104} INFO - [2023-07-25 17:33:03,452] {dagbag.py:496} INFO - Filling up the DagBag from /home/airflow/.local/lib/python3.9/site-packages/airflow/example_dags/subdags/subdag.py
[2023-07-25 17:33:03,455] {scheduler_job.py:644} WARNING - No viable dags retrieved from /home/airflow/.local/lib/python3.9/site-packages/airflow/example_dags/subdags/subdag.py
[2023-07-25 17:33:03,471] {scheduler_job.py:189} INFO - Processing /home/airflow/.local/lib/python3.9/site-packages/airflow/example_dags/subdags/subdag.py took 0.025 seconds
[2023-07-25 17:33:33,954] {scheduler_job.py:181} INFO - Started process (PID=868) to work on /home/airflow/.local/lib/python3.9/site-packages/airflow/example_dags/subdags/subdag.py
[2023-07-25 17:33:33,955] {scheduler_job.py:632} INFO - Processing file /home/airflow/.local/lib/python3.9/site-packages/airflow/example_dags/subdags/subdag.py for tasks to queue
[2023-07-25 17:33:33,956] {logging_mixin.py:104} INFO - [2023-07-25 17:33:33,955] {dagbag.py:496} INFO - Filling up the DagBag from /home/airflow/.local/lib/python3.9/site-packages/airflow/example_dags/subdags/subdag.py
[2023-07-25 17:33:33,959] {scheduler_job.py:644} WARNING - No viable dags retrieved from /home/airflow/.local/lib/python3.9/site-packages/airflow/example_dags/subdags/subdag.py
[2023-07-25 17:33:33,974] {scheduler_job.py:189} INFO - Processing /home/airflow/.local/lib/python3.9/site-packages/airflow/example_dags/subdags/subdag.py took 0.023 seconds
[2023-07-25 17:34:04,146] {scheduler_job.py:181} INFO - Started process (PID=921) to work on /home/airflow/.local/lib/python3.9/site-packages/airflow/example_dags/subdags/subdag.py
[2023-07-25 17:34:04,147] {scheduler_job.py:632} INFO - Processing file /home/airflow/.local/lib/python3.9/site-packages/airflow/example_dags/subdags/subdag.py for tasks to queue
[2023-07-25 17:34:04,147] {logging_mixin.py:104} INFO - [2023-07-25 17:34:04,147] {dagbag.py:496} INFO - Filling up the DagBag from /home/airflow/.local/lib/python3.9/site-packages/airflow/example_dags/subdags/subdag.py
[2023-07-25 17:34:04,150] {scheduler_job.py:644} WARNING - No viable dags retrieved from /home/airflow/.local/lib/python3.9/site-packages/airflow/example_dags/subdags/subdag.py
[2023-07-25 17:34:04,165] {scheduler_job.py:189} INFO - Processing /home/airflow/.local/lib/python3.9/site-packages/airflow/example_dags/subdags/subdag.py took 0.023 seconds
[2023-07-25 17:34:34,254] {scheduler_job.py:181} INFO - Started process (PID=967) to work on /home/airflow/.local/lib/python3.9/site-packages/airflow/example_dags/subdags/subdag.py
[2023-07-25 17:34:34,255] {scheduler_job.py:632} INFO - Processing file /home/airflow/.local/lib/python3.9/site-packages/airflow/example_dags/subdags/subdag.py for tasks to queue
[2023-07-25 17:34:34,255] {logging_mixin.py:104} INFO - [2023-07-25 17:34:34,255] {dagbag.py:496} INFO - Filling up the DagBag from /home/airflow/.local/lib/python3.9/site-packages/airflow/example_dags/subdags/subdag.py
[2023-07-25 17:34:34,259] {scheduler_job.py:644} WARNING - No viable dags retrieved from /home/airflow/.local/lib/python3.9/site-packages/airflow/example_dags/subdags/subdag.py
[2023-07-25 17:34:34,274] {scheduler_job.py:189} INFO - Processing /home/airflow/.local/lib/python3.9/site-packages/airflow/example_dags/subdags/subdag.py took 0.024 seconds
[2023-07-25 17:35:04,609] {scheduler_job.py:181} INFO - Started process (PID=1019) to work on /home/airflow/.local/lib/python3.9/site-packages/airflow/example_dags/subdags/subdag.py
[2023-07-25 17:35:04,611] {scheduler_job.py:632} INFO - Processing file /home/airflow/.local/lib/python3.9/site-packages/airflow/example_dags/subdags/subdag.py for tasks to queue
[2023-07-25 17:35:04,611] {logging_mixin.py:104} INFO - [2023-07-25 17:35:04,611] {dagbag.py:496} INFO - Filling up the DagBag from /home/airflow/.local/lib/python3.9/site-packages/airflow/example_dags/subdags/subdag.py
[2023-07-25 17:35:04,615] {scheduler_job.py:644} WARNING - No viable dags retrieved from /home/airflow/.local/lib/python3.9/site-packages/airflow/example_dags/subdags/subdag.py
[2023-07-25 17:35:04,630] {scheduler_job.py:189} INFO - Processing /home/airflow/.local/lib/python3.9/site-packages/airflow/example_dags/subdags/subdag.py took 0.024 seconds
[2023-07-25 17:35:34,867] {scheduler_job.py:181} INFO - Started process (PID=1065) to work on /home/airflow/.local/lib/python3.9/site-packages/airflow/example_dags/subdags/subdag.py
[2023-07-25 17:35:34,868] {scheduler_job.py:632} INFO - Processing file /home/airflow/.local/lib/python3.9/site-packages/airflow/example_dags/subdags/subdag.py for tasks to queue
[2023-07-25 17:35:34,868] {logging_mixin.py:104} INFO - [2023-07-25 17:35:34,868] {dagbag.py:496} INFO - Filling up the DagBag from /home/airflow/.local/lib/python3.9/site-packages/airflow/example_dags/subdags/subdag.py
[2023-07-25 17:35:34,871] {scheduler_job.py:644} WARNING - No viable dags retrieved from /home/airflow/.local/lib/python3.9/site-packages/airflow/example_dags/subdags/subdag.py
[2023-07-25 17:35:34,887] {scheduler_job.py:189} INFO - Processing /home/airflow/.local/lib/python3.9/site-packages/airflow/example_dags/subdags/subdag.py took 0.024 seconds
[2023-07-25 17:36:05,337] {scheduler_job.py:181} INFO - Started process (PID=1110) to work on /home/airflow/.local/lib/python3.9/site-packages/airflow/example_dags/subdags/subdag.py
[2023-07-25 17:36:05,338] {scheduler_job.py:632} INFO - Processing file /home/airflow/.local/lib/python3.9/site-packages/airflow/example_dags/subdags/subdag.py for tasks to queue
[2023-07-25 17:36:05,338] {logging_mixin.py:104} INFO - [2023-07-25 17:36:05,338] {dagbag.py:496} INFO - Filling up the DagBag from /home/airflow/.local/lib/python3.9/site-packages/airflow/example_dags/subdags/subdag.py
[2023-07-25 17:36:05,341] {scheduler_job.py:644} WARNING - No viable dags retrieved from /home/airflow/.local/lib/python3.9/site-packages/airflow/example_dags/subdags/subdag.py
[2023-07-25 17:36:05,357] {scheduler_job.py:189} INFO - Processing /home/airflow/.local/lib/python3.9/site-packages/airflow/example_dags/subdags/subdag.py took 0.025 seconds
[2023-07-25 17:36:35,573] {scheduler_job.py:181} INFO - Started process (PID=1160) to work on /home/airflow/.local/lib/python3.9/site-packages/airflow/example_dags/subdags/subdag.py
[2023-07-25 17:36:35,595] {scheduler_job.py:632} INFO - Processing file /home/airflow/.local/lib/python3.9/site-packages/airflow/example_dags/subdags/subdag.py for tasks to queue
[2023-07-25 17:36:35,596] {logging_mixin.py:104} INFO - [2023-07-25 17:36:35,596] {dagbag.py:496} INFO - Filling up the DagBag from /home/airflow/.local/lib/python3.9/site-packages/airflow/example_dags/subdags/subdag.py
[2023-07-25 17:36:35,615] {scheduler_job.py:644} WARNING - No viable dags retrieved from /home/airflow/.local/lib/python3.9/site-packages/airflow/example_dags/subdags/subdag.py
[2023-07-25 17:36:35,657] {scheduler_job.py:189} INFO - Processing /home/airflow/.local/lib/python3.9/site-packages/airflow/example_dags/subdags/subdag.py took 0.088 seconds
[2023-07-25 17:37:05,890] {scheduler_job.py:181} INFO - Started process (PID=1205) to work on /home/airflow/.local/lib/python3.9/site-packages/airflow/example_dags/subdags/subdag.py
[2023-07-25 17:37:05,891] {scheduler_job.py:632} INFO - Processing file /home/airflow/.local/lib/python3.9/site-packages/airflow/example_dags/subdags/subdag.py for tasks to queue
[2023-07-25 17:37:05,892] {logging_mixin.py:104} INFO - [2023-07-25 17:37:05,892] {dagbag.py:496} INFO - Filling up the DagBag from /home/airflow/.local/lib/python3.9/site-packages/airflow/example_dags/subdags/subdag.py
[2023-07-25 17:37:05,905] {scheduler_job.py:644} WARNING - No viable dags retrieved from /home/airflow/.local/lib/python3.9/site-packages/airflow/example_dags/subdags/subdag.py
[2023-07-25 17:37:05,941] {scheduler_job.py:189} INFO - Processing /home/airflow/.local/lib/python3.9/site-packages/airflow/example_dags/subdags/subdag.py took 0.055 seconds
[2023-07-25 17:37:36,047] {scheduler_job.py:181} INFO - Started process (PID=1249) to work on /home/airflow/.local/lib/python3.9/site-packages/airflow/example_dags/subdags/subdag.py
[2023-07-25 17:37:36,047] {scheduler_job.py:632} INFO - Processing file /home/airflow/.local/lib/python3.9/site-packages/airflow/example_dags/subdags/subdag.py for tasks to queue
[2023-07-25 17:37:36,048] {logging_mixin.py:104} INFO - [2023-07-25 17:37:36,048] {dagbag.py:496} INFO - Filling up the DagBag from /home/airflow/.local/lib/python3.9/site-packages/airflow/example_dags/subdags/subdag.py
[2023-07-25 17:37:36,051] {scheduler_job.py:644} WARNING - No viable dags retrieved from /home/airflow/.local/lib/python3.9/site-packages/airflow/example_dags/subdags/subdag.py
[2023-07-25 17:37:36,066] {scheduler_job.py:189} INFO - Processing /home/airflow/.local/lib/python3.9/site-packages/airflow/example_dags/subdags/subdag.py took 0.024 seconds
[2023-07-25 17:38:06,929] {scheduler_job.py:181} INFO - Started process (PID=1294) to work on /home/airflow/.local/lib/python3.9/site-packages/airflow/example_dags/subdags/subdag.py
[2023-07-25 17:38:06,930] {scheduler_job.py:632} INFO - Processing file /home/airflow/.local/lib/python3.9/site-packages/airflow/example_dags/subdags/subdag.py for tasks to queue
[2023-07-25 17:38:06,930] {logging_mixin.py:104} INFO - [2023-07-25 17:38:06,930] {dagbag.py:496} INFO - Filling up the DagBag from /home/airflow/.local/lib/python3.9/site-packages/airflow/example_dags/subdags/subdag.py
[2023-07-25 17:38:06,933] {scheduler_job.py:644} WARNING - No viable dags retrieved from /home/airflow/.local/lib/python3.9/site-packages/airflow/example_dags/subdags/subdag.py
[2023-07-25 17:38:06,949] {scheduler_job.py:189} INFO - Processing /home/airflow/.local/lib/python3.9/site-packages/airflow/example_dags/subdags/subdag.py took 0.024 seconds
[2023-07-25 17:38:37,828] {scheduler_job.py:181} INFO - Started process (PID=1348) to work on /home/airflow/.local/lib/python3.9/site-packages/airflow/example_dags/subdags/subdag.py
[2023-07-25 17:38:37,829] {scheduler_job.py:632} INFO - Processing file /home/airflow/.local/lib/python3.9/site-packages/airflow/example_dags/subdags/subdag.py for tasks to queue
[2023-07-25 17:38:37,829] {logging_mixin.py:104} INFO - [2023-07-25 17:38:37,829] {dagbag.py:496} INFO - Filling up the DagBag from /home/airflow/.local/lib/python3.9/site-packages/airflow/example_dags/subdags/subdag.py
[2023-07-25 17:38:37,832] {scheduler_job.py:644} WARNING - No viable dags retrieved from /home/airflow/.local/lib/python3.9/site-packages/airflow/example_dags/subdags/subdag.py
[2023-07-25 17:38:37,847] {scheduler_job.py:189} INFO - Processing /home/airflow/.local/lib/python3.9/site-packages/airflow/example_dags/subdags/subdag.py took 0.025 seconds
[2023-07-25 17:39:08,656] {scheduler_job.py:181} INFO - Started process (PID=1393) to work on /home/airflow/.local/lib/python3.9/site-packages/airflow/example_dags/subdags/subdag.py
[2023-07-25 17:39:08,657] {scheduler_job.py:632} INFO - Processing file /home/airflow/.local/lib/python3.9/site-packages/airflow/example_dags/subdags/subdag.py for tasks to queue
[2023-07-25 17:39:08,657] {logging_mixin.py:104} INFO - [2023-07-25 17:39:08,657] {dagbag.py:496} INFO - Filling up the DagBag from /home/airflow/.local/lib/python3.9/site-packages/airflow/example_dags/subdags/subdag.py
[2023-07-25 17:39:08,661] {scheduler_job.py:644} WARNING - No viable dags retrieved from /home/airflow/.local/lib/python3.9/site-packages/airflow/example_dags/subdags/subdag.py
[2023-07-25 17:39:08,676] {scheduler_job.py:189} INFO - Processing /home/airflow/.local/lib/python3.9/site-packages/airflow/example_dags/subdags/subdag.py took 0.024 seconds
[2023-07-25 17:39:39,489] {scheduler_job.py:181} INFO - Started process (PID=1438) to work on /home/airflow/.local/lib/python3.9/site-packages/airflow/example_dags/subdags/subdag.py
[2023-07-25 17:39:39,490] {scheduler_job.py:632} INFO - Processing file /home/airflow/.local/lib/python3.9/site-packages/airflow/example_dags/subdags/subdag.py for tasks to queue
[2023-07-25 17:39:39,490] {logging_mixin.py:104} INFO - [2023-07-25 17:39:39,490] {dagbag.py:496} INFO - Filling up the DagBag from /home/airflow/.local/lib/python3.9/site-packages/airflow/example_dags/subdags/subdag.py
[2023-07-25 17:39:39,493] {scheduler_job.py:644} WARNING - No viable dags retrieved from /home/airflow/.local/lib/python3.9/site-packages/airflow/example_dags/subdags/subdag.py
[2023-07-25 17:39:39,509] {scheduler_job.py:189} INFO - Processing /home/airflow/.local/lib/python3.9/site-packages/airflow/example_dags/subdags/subdag.py took 0.024 seconds
[2023-07-25 17:40:09,557] {scheduler_job.py:181} INFO - Started process (PID=1491) to work on /home/airflow/.local/lib/python3.9/site-packages/airflow/example_dags/subdags/subdag.py
[2023-07-25 17:40:09,558] {scheduler_job.py:632} INFO - Processing file /home/airflow/.local/lib/python3.9/site-packages/airflow/example_dags/subdags/subdag.py for tasks to queue
[2023-07-25 17:40:09,559] {logging_mixin.py:104} INFO - [2023-07-25 17:40:09,559] {dagbag.py:496} INFO - Filling up the DagBag from /home/airflow/.local/lib/python3.9/site-packages/airflow/example_dags/subdags/subdag.py
[2023-07-25 17:40:09,562] {scheduler_job.py:644} WARNING - No viable dags retrieved from /home/airflow/.local/lib/python3.9/site-packages/airflow/example_dags/subdags/subdag.py
[2023-07-25 17:40:09,577] {scheduler_job.py:189} INFO - Processing /home/airflow/.local/lib/python3.9/site-packages/airflow/example_dags/subdags/subdag.py took 0.024 seconds
[2023-07-25 17:40:40,152] {scheduler_job.py:181} INFO - Started process (PID=1536) to work on /home/airflow/.local/lib/python3.9/site-packages/airflow/example_dags/subdags/subdag.py
[2023-07-25 17:40:40,153] {scheduler_job.py:632} INFO - Processing file /home/airflow/.local/lib/python3.9/site-packages/airflow/example_dags/subdags/subdag.py for tasks to queue
[2023-07-25 17:40:40,154] {logging_mixin.py:104} INFO - [2023-07-25 17:40:40,154] {dagbag.py:496} INFO - Filling up the DagBag from /home/airflow/.local/lib/python3.9/site-packages/airflow/example_dags/subdags/subdag.py
[2023-07-25 17:40:40,157] {scheduler_job.py:644} WARNING - No viable dags retrieved from /home/airflow/.local/lib/python3.9/site-packages/airflow/example_dags/subdags/subdag.py
[2023-07-25 17:40:40,174] {scheduler_job.py:189} INFO - Processing /home/airflow/.local/lib/python3.9/site-packages/airflow/example_dags/subdags/subdag.py took 0.026 seconds
[2023-07-25 17:41:11,073] {scheduler_job.py:181} INFO - Started process (PID=1588) to work on /home/airflow/.local/lib/python3.9/site-packages/airflow/example_dags/subdags/subdag.py
[2023-07-25 17:41:11,087] {scheduler_job.py:632} INFO - Processing file /home/airflow/.local/lib/python3.9/site-packages/airflow/example_dags/subdags/subdag.py for tasks to queue
[2023-07-25 17:41:11,088] {logging_mixin.py:104} INFO - [2023-07-25 17:41:11,088] {dagbag.py:496} INFO - Filling up the DagBag from /home/airflow/.local/lib/python3.9/site-packages/airflow/example_dags/subdags/subdag.py
[2023-07-25 17:41:11,091] {scheduler_job.py:644} WARNING - No viable dags retrieved from /home/airflow/.local/lib/python3.9/site-packages/airflow/example_dags/subdags/subdag.py
[2023-07-25 17:41:11,131] {scheduler_job.py:189} INFO - Processing /home/airflow/.local/lib/python3.9/site-packages/airflow/example_dags/subdags/subdag.py took 0.062 seconds
[2023-07-25 17:41:41,192] {scheduler_job.py:181} INFO - Started process (PID=1633) to work on /home/airflow/.local/lib/python3.9/site-packages/airflow/example_dags/subdags/subdag.py
[2023-07-25 17:41:41,193] {scheduler_job.py:632} INFO - Processing file /home/airflow/.local/lib/python3.9/site-packages/airflow/example_dags/subdags/subdag.py for tasks to queue
[2023-07-25 17:41:41,193] {logging_mixin.py:104} INFO - [2023-07-25 17:41:41,193] {dagbag.py:496} INFO - Filling up the DagBag from /home/airflow/.local/lib/python3.9/site-packages/airflow/example_dags/subdags/subdag.py
[2023-07-25 17:41:41,196] {scheduler_job.py:644} WARNING - No viable dags retrieved from /home/airflow/.local/lib/python3.9/site-packages/airflow/example_dags/subdags/subdag.py
[2023-07-25 17:41:41,210] {scheduler_job.py:189} INFO - Processing /home/airflow/.local/lib/python3.9/site-packages/airflow/example_dags/subdags/subdag.py took 0.023 seconds
[2023-07-25 17:42:11,991] {scheduler_job.py:181} INFO - Started process (PID=1678) to work on /home/airflow/.local/lib/python3.9/site-packages/airflow/example_dags/subdags/subdag.py
[2023-07-25 17:42:11,992] {scheduler_job.py:632} INFO - Processing file /home/airflow/.local/lib/python3.9/site-packages/airflow/example_dags/subdags/subdag.py for tasks to queue
[2023-07-25 17:42:11,993] {logging_mixin.py:104} INFO - [2023-07-25 17:42:11,993] {dagbag.py:496} INFO - Filling up the DagBag from /home/airflow/.local/lib/python3.9/site-packages/airflow/example_dags/subdags/subdag.py
[2023-07-25 17:42:11,997] {scheduler_job.py:644} WARNING - No viable dags retrieved from /home/airflow/.local/lib/python3.9/site-packages/airflow/example_dags/subdags/subdag.py
[2023-07-25 17:42:12,011] {scheduler_job.py:189} INFO - Processing /home/airflow/.local/lib/python3.9/site-packages/airflow/example_dags/subdags/subdag.py took 0.024 seconds
[2023-07-25 17:42:42,585] {scheduler_job.py:181} INFO - Started process (PID=1722) to work on /home/airflow/.local/lib/python3.9/site-packages/airflow/example_dags/subdags/subdag.py
[2023-07-25 17:42:42,586] {scheduler_job.py:632} INFO - Processing file /home/airflow/.local/lib/python3.9/site-packages/airflow/example_dags/subdags/subdag.py for tasks to queue
[2023-07-25 17:42:42,586] {logging_mixin.py:104} INFO - [2023-07-25 17:42:42,586] {dagbag.py:496} INFO - Filling up the DagBag from /home/airflow/.local/lib/python3.9/site-packages/airflow/example_dags/subdags/subdag.py
[2023-07-25 17:42:42,589] {scheduler_job.py:644} WARNING - No viable dags retrieved from /home/airflow/.local/lib/python3.9/site-packages/airflow/example_dags/subdags/subdag.py
[2023-07-25 17:42:42,731] {scheduler_job.py:189} INFO - Processing /home/airflow/.local/lib/python3.9/site-packages/airflow/example_dags/subdags/subdag.py took 0.150 seconds
[2023-07-25 17:43:13,484] {scheduler_job.py:181} INFO - Started process (PID=1775) to work on /home/airflow/.local/lib/python3.9/site-packages/airflow/example_dags/subdags/subdag.py
[2023-07-25 17:43:13,505] {scheduler_job.py:632} INFO - Processing file /home/airflow/.local/lib/python3.9/site-packages/airflow/example_dags/subdags/subdag.py for tasks to queue
[2023-07-25 17:43:13,506] {logging_mixin.py:104} INFO - [2023-07-25 17:43:13,506] {dagbag.py:496} INFO - Filling up the DagBag from /home/airflow/.local/lib/python3.9/site-packages/airflow/example_dags/subdags/subdag.py
[2023-07-25 17:43:13,509] {scheduler_job.py:644} WARNING - No viable dags retrieved from /home/airflow/.local/lib/python3.9/site-packages/airflow/example_dags/subdags/subdag.py
[2023-07-25 17:43:13,818] {scheduler_job.py:189} INFO - Processing /home/airflow/.local/lib/python3.9/site-packages/airflow/example_dags/subdags/subdag.py took 0.338 seconds
[2023-07-25 17:43:44,517] {scheduler_job.py:181} INFO - Started process (PID=1822) to work on /home/airflow/.local/lib/python3.9/site-packages/airflow/example_dags/subdags/subdag.py
[2023-07-25 17:43:44,518] {scheduler_job.py:632} INFO - Processing file /home/airflow/.local/lib/python3.9/site-packages/airflow/example_dags/subdags/subdag.py for tasks to queue
[2023-07-25 17:43:44,518] {logging_mixin.py:104} INFO - [2023-07-25 17:43:44,518] {dagbag.py:496} INFO - Filling up the DagBag from /home/airflow/.local/lib/python3.9/site-packages/airflow/example_dags/subdags/subdag.py
[2023-07-25 17:43:44,650] {scheduler_job.py:644} WARNING - No viable dags retrieved from /home/airflow/.local/lib/python3.9/site-packages/airflow/example_dags/subdags/subdag.py
[2023-07-25 17:43:44,663] {scheduler_job.py:189} INFO - Processing /home/airflow/.local/lib/python3.9/site-packages/airflow/example_dags/subdags/subdag.py took 0.150 seconds
[2023-07-25 17:44:15,046] {scheduler_job.py:181} INFO - Started process (PID=1869) to work on /home/airflow/.local/lib/python3.9/site-packages/airflow/example_dags/subdags/subdag.py
[2023-07-25 17:44:15,175] {scheduler_job.py:632} INFO - Processing file /home/airflow/.local/lib/python3.9/site-packages/airflow/example_dags/subdags/subdag.py for tasks to queue
[2023-07-25 17:44:15,176] {logging_mixin.py:104} INFO - [2023-07-25 17:44:15,176] {dagbag.py:496} INFO - Filling up the DagBag from /home/airflow/.local/lib/python3.9/site-packages/airflow/example_dags/subdags/subdag.py
[2023-07-25 17:44:15,178] {scheduler_job.py:644} WARNING - No viable dags retrieved from /home/airflow/.local/lib/python3.9/site-packages/airflow/example_dags/subdags/subdag.py
[2023-07-25 17:44:15,190] {scheduler_job.py:189} INFO - Processing /home/airflow/.local/lib/python3.9/site-packages/airflow/example_dags/subdags/subdag.py took 0.148 seconds
[2023-07-25 17:44:45,290] {scheduler_job.py:181} INFO - Started process (PID=1914) to work on /home/airflow/.local/lib/python3.9/site-packages/airflow/example_dags/subdags/subdag.py
[2023-07-25 17:44:45,291] {scheduler_job.py:632} INFO - Processing file /home/airflow/.local/lib/python3.9/site-packages/airflow/example_dags/subdags/subdag.py for tasks to queue
[2023-07-25 17:44:45,292] {logging_mixin.py:104} INFO - [2023-07-25 17:44:45,291] {dagbag.py:496} INFO - Filling up the DagBag from /home/airflow/.local/lib/python3.9/site-packages/airflow/example_dags/subdags/subdag.py
[2023-07-25 17:44:45,295] {scheduler_job.py:644} WARNING - No viable dags retrieved from /home/airflow/.local/lib/python3.9/site-packages/airflow/example_dags/subdags/subdag.py
[2023-07-25 17:44:45,310] {scheduler_job.py:189} INFO - Processing /home/airflow/.local/lib/python3.9/site-packages/airflow/example_dags/subdags/subdag.py took 0.024 seconds
[2023-07-25 17:45:16,051] {scheduler_job.py:181} INFO - Started process (PID=1967) to work on /home/airflow/.local/lib/python3.9/site-packages/airflow/example_dags/subdags/subdag.py
[2023-07-25 17:45:16,052] {scheduler_job.py:632} INFO - Processing file /home/airflow/.local/lib/python3.9/site-packages/airflow/example_dags/subdags/subdag.py for tasks to queue
[2023-07-25 17:45:16,052] {logging_mixin.py:104} INFO - [2023-07-25 17:45:16,052] {dagbag.py:496} INFO - Filling up the DagBag from /home/airflow/.local/lib/python3.9/site-packages/airflow/example_dags/subdags/subdag.py
[2023-07-25 17:45:16,056] {scheduler_job.py:644} WARNING - No viable dags retrieved from /home/airflow/.local/lib/python3.9/site-packages/airflow/example_dags/subdags/subdag.py
[2023-07-25 17:45:16,072] {scheduler_job.py:189} INFO - Processing /home/airflow/.local/lib/python3.9/site-packages/airflow/example_dags/subdags/subdag.py took 0.025 seconds
[2023-07-25 17:45:46,711] {scheduler_job.py:181} INFO - Started process (PID=2013) to work on /home/airflow/.local/lib/python3.9/site-packages/airflow/example_dags/subdags/subdag.py
[2023-07-25 17:45:46,712] {scheduler_job.py:632} INFO - Processing file /home/airflow/.local/lib/python3.9/site-packages/airflow/example_dags/subdags/subdag.py for tasks to queue
[2023-07-25 17:45:46,712] {logging_mixin.py:104} INFO - [2023-07-25 17:45:46,712] {dagbag.py:496} INFO - Filling up the DagBag from /home/airflow/.local/lib/python3.9/site-packages/airflow/example_dags/subdags/subdag.py
[2023-07-25 17:45:46,716] {scheduler_job.py:644} WARNING - No viable dags retrieved from /home/airflow/.local/lib/python3.9/site-packages/airflow/example_dags/subdags/subdag.py
[2023-07-25 17:45:46,731] {scheduler_job.py:189} INFO - Processing /home/airflow/.local/lib/python3.9/site-packages/airflow/example_dags/subdags/subdag.py took 0.025 seconds
[2023-07-25 17:46:16,951] {scheduler_job.py:181} INFO - Started process (PID=2066) to work on /home/airflow/.local/lib/python3.9/site-packages/airflow/example_dags/subdags/subdag.py
[2023-07-25 17:46:16,952] {scheduler_job.py:632} INFO - Processing file /home/airflow/.local/lib/python3.9/site-packages/airflow/example_dags/subdags/subdag.py for tasks to queue
[2023-07-25 17:46:16,953] {logging_mixin.py:104} INFO - [2023-07-25 17:46:16,953] {dagbag.py:496} INFO - Filling up the DagBag from /home/airflow/.local/lib/python3.9/site-packages/airflow/example_dags/subdags/subdag.py
[2023-07-25 17:46:16,956] {scheduler_job.py:644} WARNING - No viable dags retrieved from /home/airflow/.local/lib/python3.9/site-packages/airflow/example_dags/subdags/subdag.py
[2023-07-25 17:46:16,972] {scheduler_job.py:189} INFO - Processing /home/airflow/.local/lib/python3.9/site-packages/airflow/example_dags/subdags/subdag.py took 0.025 seconds
[2023-07-25 17:46:47,540] {scheduler_job.py:181} INFO - Started process (PID=2113) to work on /home/airflow/.local/lib/python3.9/site-packages/airflow/example_dags/subdags/subdag.py
[2023-07-25 17:46:47,541] {scheduler_job.py:632} INFO - Processing file /home/airflow/.local/lib/python3.9/site-packages/airflow/example_dags/subdags/subdag.py for tasks to queue
[2023-07-25 17:46:47,542] {logging_mixin.py:104} INFO - [2023-07-25 17:46:47,542] {dagbag.py:496} INFO - Filling up the DagBag from /home/airflow/.local/lib/python3.9/site-packages/airflow/example_dags/subdags/subdag.py
[2023-07-25 17:46:47,546] {scheduler_job.py:644} WARNING - No viable dags retrieved from /home/airflow/.local/lib/python3.9/site-packages/airflow/example_dags/subdags/subdag.py
[2023-07-25 17:46:47,560] {scheduler_job.py:189} INFO - Processing /home/airflow/.local/lib/python3.9/site-packages/airflow/example_dags/subdags/subdag.py took 0.024 seconds
[2023-07-25 17:47:18,022] {scheduler_job.py:181} INFO - Started process (PID=2158) to work on /home/airflow/.local/lib/python3.9/site-packages/airflow/example_dags/subdags/subdag.py
[2023-07-25 17:47:18,023] {scheduler_job.py:632} INFO - Processing file /home/airflow/.local/lib/python3.9/site-packages/airflow/example_dags/subdags/subdag.py for tasks to queue
[2023-07-25 17:47:18,024] {logging_mixin.py:104} INFO - [2023-07-25 17:47:18,023] {dagbag.py:496} INFO - Filling up the DagBag from /home/airflow/.local/lib/python3.9/site-packages/airflow/example_dags/subdags/subdag.py
[2023-07-25 17:47:18,027] {scheduler_job.py:644} WARNING - No viable dags retrieved from /home/airflow/.local/lib/python3.9/site-packages/airflow/example_dags/subdags/subdag.py
[2023-07-25 17:47:18,062] {scheduler_job.py:189} INFO - Processing /home/airflow/.local/lib/python3.9/site-packages/airflow/example_dags/subdags/subdag.py took 0.043 seconds
[2023-07-25 17:47:48,393] {scheduler_job.py:181} INFO - Started process (PID=2208) to work on /home/airflow/.local/lib/python3.9/site-packages/airflow/example_dags/subdags/subdag.py
[2023-07-25 17:47:48,394] {scheduler_job.py:632} INFO - Processing file /home/airflow/.local/lib/python3.9/site-packages/airflow/example_dags/subdags/subdag.py for tasks to queue
[2023-07-25 17:47:48,395] {logging_mixin.py:104} INFO - [2023-07-25 17:47:48,395] {dagbag.py:496} INFO - Filling up the DagBag from /home/airflow/.local/lib/python3.9/site-packages/airflow/example_dags/subdags/subdag.py
[2023-07-25 17:47:48,398] {scheduler_job.py:644} WARNING - No viable dags retrieved from /home/airflow/.local/lib/python3.9/site-packages/airflow/example_dags/subdags/subdag.py
[2023-07-25 17:47:48,415] {scheduler_job.py:189} INFO - Processing /home/airflow/.local/lib/python3.9/site-packages/airflow/example_dags/subdags/subdag.py took 0.034 seconds
[2023-07-25 17:48:18,830] {scheduler_job.py:181} INFO - Started process (PID=2253) to work on /home/airflow/.local/lib/python3.9/site-packages/airflow/example_dags/subdags/subdag.py
[2023-07-25 17:48:18,831] {scheduler_job.py:632} INFO - Processing file /home/airflow/.local/lib/python3.9/site-packages/airflow/example_dags/subdags/subdag.py for tasks to queue
[2023-07-25 17:48:18,831] {logging_mixin.py:104} INFO - [2023-07-25 17:48:18,831] {dagbag.py:496} INFO - Filling up the DagBag from /home/airflow/.local/lib/python3.9/site-packages/airflow/example_dags/subdags/subdag.py
[2023-07-25 17:48:18,834] {scheduler_job.py:644} WARNING - No viable dags retrieved from /home/airflow/.local/lib/python3.9/site-packages/airflow/example_dags/subdags/subdag.py
[2023-07-25 17:48:18,850] {scheduler_job.py:189} INFO - Processing /home/airflow/.local/lib/python3.9/site-packages/airflow/example_dags/subdags/subdag.py took 0.024 seconds
[2023-07-25 17:48:48,946] {scheduler_job.py:181} INFO - Started process (PID=2298) to work on /home/airflow/.local/lib/python3.9/site-packages/airflow/example_dags/subdags/subdag.py
[2023-07-25 17:48:48,947] {scheduler_job.py:632} INFO - Processing file /home/airflow/.local/lib/python3.9/site-packages/airflow/example_dags/subdags/subdag.py for tasks to queue
[2023-07-25 17:48:48,948] {logging_mixin.py:104} INFO - [2023-07-25 17:48:48,948] {dagbag.py:496} INFO - Filling up the DagBag from /home/airflow/.local/lib/python3.9/site-packages/airflow/example_dags/subdags/subdag.py
[2023-07-25 17:48:48,951] {scheduler_job.py:644} WARNING - No viable dags retrieved from /home/airflow/.local/lib/python3.9/site-packages/airflow/example_dags/subdags/subdag.py
[2023-07-25 17:48:48,966] {scheduler_job.py:189} INFO - Processing /home/airflow/.local/lib/python3.9/site-packages/airflow/example_dags/subdags/subdag.py took 0.023 seconds
[2023-07-25 17:49:19,245] {scheduler_job.py:181} INFO - Started process (PID=2352) to work on /home/airflow/.local/lib/python3.9/site-packages/airflow/example_dags/subdags/subdag.py
[2023-07-25 17:49:19,246] {scheduler_job.py:632} INFO - Processing file /home/airflow/.local/lib/python3.9/site-packages/airflow/example_dags/subdags/subdag.py for tasks to queue
[2023-07-25 17:49:19,248] {logging_mixin.py:104} INFO - [2023-07-25 17:49:19,248] {dagbag.py:496} INFO - Filling up the DagBag from /home/airflow/.local/lib/python3.9/site-packages/airflow/example_dags/subdags/subdag.py
[2023-07-25 17:49:19,252] {scheduler_job.py:644} WARNING - No viable dags retrieved from /home/airflow/.local/lib/python3.9/site-packages/airflow/example_dags/subdags/subdag.py
[2023-07-25 17:49:19,272] {scheduler_job.py:189} INFO - Processing /home/airflow/.local/lib/python3.9/site-packages/airflow/example_dags/subdags/subdag.py took 0.039 seconds
[2023-07-25 17:49:49,473] {scheduler_job.py:181} INFO - Started process (PID=2397) to work on /home/airflow/.local/lib/python3.9/site-packages/airflow/example_dags/subdags/subdag.py
[2023-07-25 17:49:49,474] {scheduler_job.py:632} INFO - Processing file /home/airflow/.local/lib/python3.9/site-packages/airflow/example_dags/subdags/subdag.py for tasks to queue
[2023-07-25 17:49:49,475] {logging_mixin.py:104} INFO - [2023-07-25 17:49:49,475] {dagbag.py:496} INFO - Filling up the DagBag from /home/airflow/.local/lib/python3.9/site-packages/airflow/example_dags/subdags/subdag.py
[2023-07-25 17:49:49,478] {scheduler_job.py:644} WARNING - No viable dags retrieved from /home/airflow/.local/lib/python3.9/site-packages/airflow/example_dags/subdags/subdag.py
[2023-07-25 17:49:49,493] {scheduler_job.py:189} INFO - Processing /home/airflow/.local/lib/python3.9/site-packages/airflow/example_dags/subdags/subdag.py took 0.024 seconds
[2023-07-25 17:50:19,557] {scheduler_job.py:181} INFO - Started process (PID=2443) to work on /home/airflow/.local/lib/python3.9/site-packages/airflow/example_dags/subdags/subdag.py
[2023-07-25 17:50:19,558] {scheduler_job.py:632} INFO - Processing file /home/airflow/.local/lib/python3.9/site-packages/airflow/example_dags/subdags/subdag.py for tasks to queue
[2023-07-25 17:50:19,558] {logging_mixin.py:104} INFO - [2023-07-25 17:50:19,558] {dagbag.py:496} INFO - Filling up the DagBag from /home/airflow/.local/lib/python3.9/site-packages/airflow/example_dags/subdags/subdag.py
[2023-07-25 17:50:19,562] {scheduler_job.py:644} WARNING - No viable dags retrieved from /home/airflow/.local/lib/python3.9/site-packages/airflow/example_dags/subdags/subdag.py
[2023-07-25 17:50:19,577] {scheduler_job.py:189} INFO - Processing /home/airflow/.local/lib/python3.9/site-packages/airflow/example_dags/subdags/subdag.py took 0.024 seconds
[2023-07-25 17:50:49,919] {scheduler_job.py:181} INFO - Started process (PID=2493) to work on /home/airflow/.local/lib/python3.9/site-packages/airflow/example_dags/subdags/subdag.py
[2023-07-25 17:50:49,921] {scheduler_job.py:632} INFO - Processing file /home/airflow/.local/lib/python3.9/site-packages/airflow/example_dags/subdags/subdag.py for tasks to queue
[2023-07-25 17:50:49,921] {logging_mixin.py:104} INFO - [2023-07-25 17:50:49,921] {dagbag.py:496} INFO - Filling up the DagBag from /home/airflow/.local/lib/python3.9/site-packages/airflow/example_dags/subdags/subdag.py
[2023-07-25 17:50:49,924] {scheduler_job.py:644} WARNING - No viable dags retrieved from /home/airflow/.local/lib/python3.9/site-packages/airflow/example_dags/subdags/subdag.py
[2023-07-25 17:50:49,939] {scheduler_job.py:189} INFO - Processing /home/airflow/.local/lib/python3.9/site-packages/airflow/example_dags/subdags/subdag.py took 0.024 seconds
[2023-07-25 17:51:20,428] {scheduler_job.py:181} INFO - Started process (PID=2539) to work on /home/airflow/.local/lib/python3.9/site-packages/airflow/example_dags/subdags/subdag.py
[2023-07-25 17:51:20,429] {scheduler_job.py:632} INFO - Processing file /home/airflow/.local/lib/python3.9/site-packages/airflow/example_dags/subdags/subdag.py for tasks to queue
[2023-07-25 17:51:20,429] {logging_mixin.py:104} INFO - [2023-07-25 17:51:20,429] {dagbag.py:496} INFO - Filling up the DagBag from /home/airflow/.local/lib/python3.9/site-packages/airflow/example_dags/subdags/subdag.py
[2023-07-25 17:51:20,433] {scheduler_job.py:644} WARNING - No viable dags retrieved from /home/airflow/.local/lib/python3.9/site-packages/airflow/example_dags/subdags/subdag.py
[2023-07-25 17:51:20,448] {scheduler_job.py:189} INFO - Processing /home/airflow/.local/lib/python3.9/site-packages/airflow/example_dags/subdags/subdag.py took 0.023 seconds
[2023-07-25 17:51:50,941] {scheduler_job.py:181} INFO - Started process (PID=2590) to work on /home/airflow/.local/lib/python3.9/site-packages/airflow/example_dags/subdags/subdag.py
[2023-07-25 17:51:50,943] {scheduler_job.py:632} INFO - Processing file /home/airflow/.local/lib/python3.9/site-packages/airflow/example_dags/subdags/subdag.py for tasks to queue
[2023-07-25 17:51:50,944] {logging_mixin.py:104} INFO - [2023-07-25 17:51:50,944] {dagbag.py:496} INFO - Filling up the DagBag from /home/airflow/.local/lib/python3.9/site-packages/airflow/example_dags/subdags/subdag.py
[2023-07-25 17:51:50,968] {scheduler_job.py:644} WARNING - No viable dags retrieved from /home/airflow/.local/lib/python3.9/site-packages/airflow/example_dags/subdags/subdag.py
[2023-07-25 17:51:50,997] {scheduler_job.py:189} INFO - Processing /home/airflow/.local/lib/python3.9/site-packages/airflow/example_dags/subdags/subdag.py took 0.060 seconds
[2023-07-25 17:52:21,557] {scheduler_job.py:181} INFO - Started process (PID=2635) to work on /home/airflow/.local/lib/python3.9/site-packages/airflow/example_dags/subdags/subdag.py
[2023-07-25 17:52:21,558] {scheduler_job.py:632} INFO - Processing file /home/airflow/.local/lib/python3.9/site-packages/airflow/example_dags/subdags/subdag.py for tasks to queue
[2023-07-25 17:52:21,558] {logging_mixin.py:104} INFO - [2023-07-25 17:52:21,558] {dagbag.py:496} INFO - Filling up the DagBag from /home/airflow/.local/lib/python3.9/site-packages/airflow/example_dags/subdags/subdag.py
[2023-07-25 17:52:21,561] {scheduler_job.py:644} WARNING - No viable dags retrieved from /home/airflow/.local/lib/python3.9/site-packages/airflow/example_dags/subdags/subdag.py
[2023-07-25 17:52:21,576] {scheduler_job.py:189} INFO - Processing /home/airflow/.local/lib/python3.9/site-packages/airflow/example_dags/subdags/subdag.py took 0.023 seconds
[2023-07-25 17:52:52,450] {scheduler_job.py:181} INFO - Started process (PID=2679) to work on /home/airflow/.local/lib/python3.9/site-packages/airflow/example_dags/subdags/subdag.py
[2023-07-25 17:52:52,451] {scheduler_job.py:632} INFO - Processing file /home/airflow/.local/lib/python3.9/site-packages/airflow/example_dags/subdags/subdag.py for tasks to queue
[2023-07-25 17:52:52,451] {logging_mixin.py:104} INFO - [2023-07-25 17:52:52,451] {dagbag.py:496} INFO - Filling up the DagBag from /home/airflow/.local/lib/python3.9/site-packages/airflow/example_dags/subdags/subdag.py
[2023-07-25 17:52:52,455] {scheduler_job.py:644} WARNING - No viable dags retrieved from /home/airflow/.local/lib/python3.9/site-packages/airflow/example_dags/subdags/subdag.py
[2023-07-25 17:52:52,470] {scheduler_job.py:189} INFO - Processing /home/airflow/.local/lib/python3.9/site-packages/airflow/example_dags/subdags/subdag.py took 0.024 seconds
[2023-07-25 17:53:23,383] {scheduler_job.py:181} INFO - Started process (PID=2731) to work on /home/airflow/.local/lib/python3.9/site-packages/airflow/example_dags/subdags/subdag.py
[2023-07-25 17:53:23,384] {scheduler_job.py:632} INFO - Processing file /home/airflow/.local/lib/python3.9/site-packages/airflow/example_dags/subdags/subdag.py for tasks to queue
[2023-07-25 17:53:23,385] {logging_mixin.py:104} INFO - [2023-07-25 17:53:23,384] {dagbag.py:496} INFO - Filling up the DagBag from /home/airflow/.local/lib/python3.9/site-packages/airflow/example_dags/subdags/subdag.py
[2023-07-25 17:53:23,388] {scheduler_job.py:644} WARNING - No viable dags retrieved from /home/airflow/.local/lib/python3.9/site-packages/airflow/example_dags/subdags/subdag.py
[2023-07-25 17:53:23,403] {scheduler_job.py:189} INFO - Processing /home/airflow/.local/lib/python3.9/site-packages/airflow/example_dags/subdags/subdag.py took 0.040 seconds
[2023-07-25 17:53:53,553] {scheduler_job.py:181} INFO - Started process (PID=2776) to work on /home/airflow/.local/lib/python3.9/site-packages/airflow/example_dags/subdags/subdag.py
[2023-07-25 17:53:53,554] {scheduler_job.py:632} INFO - Processing file /home/airflow/.local/lib/python3.9/site-packages/airflow/example_dags/subdags/subdag.py for tasks to queue
[2023-07-25 17:53:53,555] {logging_mixin.py:104} INFO - [2023-07-25 17:53:53,555] {dagbag.py:496} INFO - Filling up the DagBag from /home/airflow/.local/lib/python3.9/site-packages/airflow/example_dags/subdags/subdag.py
[2023-07-25 17:53:53,558] {scheduler_job.py:644} WARNING - No viable dags retrieved from /home/airflow/.local/lib/python3.9/site-packages/airflow/example_dags/subdags/subdag.py
[2023-07-25 17:53:53,575] {scheduler_job.py:189} INFO - Processing /home/airflow/.local/lib/python3.9/site-packages/airflow/example_dags/subdags/subdag.py took 0.025 seconds
[2023-07-25 17:54:23,647] {scheduler_job.py:181} INFO - Started process (PID=2821) to work on /home/airflow/.local/lib/python3.9/site-packages/airflow/example_dags/subdags/subdag.py
[2023-07-25 17:54:23,648] {scheduler_job.py:632} INFO - Processing file /home/airflow/.local/lib/python3.9/site-packages/airflow/example_dags/subdags/subdag.py for tasks to queue
[2023-07-25 17:54:23,649] {logging_mixin.py:104} INFO - [2023-07-25 17:54:23,649] {dagbag.py:496} INFO - Filling up the DagBag from /home/airflow/.local/lib/python3.9/site-packages/airflow/example_dags/subdags/subdag.py
[2023-07-25 17:54:23,653] {scheduler_job.py:644} WARNING - No viable dags retrieved from /home/airflow/.local/lib/python3.9/site-packages/airflow/example_dags/subdags/subdag.py
[2023-07-25 17:54:23,668] {scheduler_job.py:189} INFO - Processing /home/airflow/.local/lib/python3.9/site-packages/airflow/example_dags/subdags/subdag.py took 0.024 seconds
[2023-07-25 17:54:53,979] {scheduler_job.py:181} INFO - Started process (PID=2875) to work on /home/airflow/.local/lib/python3.9/site-packages/airflow/example_dags/subdags/subdag.py
[2023-07-25 17:54:53,981] {scheduler_job.py:632} INFO - Processing file /home/airflow/.local/lib/python3.9/site-packages/airflow/example_dags/subdags/subdag.py for tasks to queue
[2023-07-25 17:54:53,982] {logging_mixin.py:104} INFO - [2023-07-25 17:54:53,981] {dagbag.py:496} INFO - Filling up the DagBag from /home/airflow/.local/lib/python3.9/site-packages/airflow/example_dags/subdags/subdag.py
[2023-07-25 17:54:53,985] {scheduler_job.py:644} WARNING - No viable dags retrieved from /home/airflow/.local/lib/python3.9/site-packages/airflow/example_dags/subdags/subdag.py
[2023-07-25 17:54:54,000] {scheduler_job.py:189} INFO - Processing /home/airflow/.local/lib/python3.9/site-packages/airflow/example_dags/subdags/subdag.py took 0.025 seconds
[2023-07-25 17:55:24,052] {scheduler_job.py:181} INFO - Started process (PID=2920) to work on /home/airflow/.local/lib/python3.9/site-packages/airflow/example_dags/subdags/subdag.py
[2023-07-25 17:55:24,053] {scheduler_job.py:632} INFO - Processing file /home/airflow/.local/lib/python3.9/site-packages/airflow/example_dags/subdags/subdag.py for tasks to queue
[2023-07-25 17:55:24,053] {logging_mixin.py:104} INFO - [2023-07-25 17:55:24,053] {dagbag.py:496} INFO - Filling up the DagBag from /home/airflow/.local/lib/python3.9/site-packages/airflow/example_dags/subdags/subdag.py
[2023-07-25 17:55:24,057] {scheduler_job.py:644} WARNING - No viable dags retrieved from /home/airflow/.local/lib/python3.9/site-packages/airflow/example_dags/subdags/subdag.py
[2023-07-25 17:55:24,072] {scheduler_job.py:189} INFO - Processing /home/airflow/.local/lib/python3.9/site-packages/airflow/example_dags/subdags/subdag.py took 0.025 seconds
[2023-07-25 17:55:54,223] {scheduler_job.py:181} INFO - Started process (PID=2971) to work on /home/airflow/.local/lib/python3.9/site-packages/airflow/example_dags/subdags/subdag.py
[2023-07-25 17:55:54,227] {scheduler_job.py:632} INFO - Processing file /home/airflow/.local/lib/python3.9/site-packages/airflow/example_dags/subdags/subdag.py for tasks to queue
[2023-07-25 17:55:54,228] {logging_mixin.py:104} INFO - [2023-07-25 17:55:54,228] {dagbag.py:496} INFO - Filling up the DagBag from /home/airflow/.local/lib/python3.9/site-packages/airflow/example_dags/subdags/subdag.py
[2023-07-25 17:55:54,245] {scheduler_job.py:644} WARNING - No viable dags retrieved from /home/airflow/.local/lib/python3.9/site-packages/airflow/example_dags/subdags/subdag.py
[2023-07-25 17:55:54,296] {scheduler_job.py:189} INFO - Processing /home/airflow/.local/lib/python3.9/site-packages/airflow/example_dags/subdags/subdag.py took 0.094 seconds
[2023-07-25 17:56:24,628] {scheduler_job.py:181} INFO - Started process (PID=3016) to work on /home/airflow/.local/lib/python3.9/site-packages/airflow/example_dags/subdags/subdag.py
[2023-07-25 17:56:24,630] {scheduler_job.py:632} INFO - Processing file /home/airflow/.local/lib/python3.9/site-packages/airflow/example_dags/subdags/subdag.py for tasks to queue
[2023-07-25 17:56:24,630] {logging_mixin.py:104} INFO - [2023-07-25 17:56:24,630] {dagbag.py:496} INFO - Filling up the DagBag from /home/airflow/.local/lib/python3.9/site-packages/airflow/example_dags/subdags/subdag.py
[2023-07-25 17:56:24,633] {scheduler_job.py:644} WARNING - No viable dags retrieved from /home/airflow/.local/lib/python3.9/site-packages/airflow/example_dags/subdags/subdag.py
[2023-07-25 17:56:24,649] {scheduler_job.py:189} INFO - Processing /home/airflow/.local/lib/python3.9/site-packages/airflow/example_dags/subdags/subdag.py took 0.026 seconds
