[2023-07-29 09:31:08,470] {taskinstance.py:896} INFO - Dependencies all met for <TaskInstance: example_bash_operator.also_run_this 2023-07-28T00:00:00+00:00 [queued]>
[2023-07-29 09:31:08,814] {taskinstance.py:896} INFO - Dependencies all met for <TaskInstance: example_bash_operator.also_run_this 2023-07-28T00:00:00+00:00 [queued]>
[2023-07-29 09:31:08,815] {taskinstance.py:1087} INFO - 
--------------------------------------------------------------------------------
[2023-07-29 09:31:08,815] {taskinstance.py:1088} INFO - Starting attempt 1 of 1
[2023-07-29 09:31:08,815] {taskinstance.py:1089} INFO - 
--------------------------------------------------------------------------------
[2023-07-29 09:31:08,983] {taskinstance.py:1107} INFO - Executing <Task(BashOperator): also_run_this> on 2023-07-28T00:00:00+00:00
[2023-07-29 09:31:08,998] {standard_task_runner.py:52} INFO - Started process 93 to run task
[2023-07-29 09:31:09,062] {standard_task_runner.py:76} INFO - Running: ['***', 'tasks', 'run', 'example_bash_operator', 'also_run_this', '2023-07-28T00:00:00+00:00', '--job-id', '34', '--pool', 'default_pool', '--raw', '--subdir', '/home/***/.local/lib/python3.9/site-packages/***/example_dags/example_bash_operator.py', '--cfg-path', '/tmp/tmpu7n4fgk0', '--error-file', '/tmp/tmpsvdxoyqs']
[2023-07-29 09:31:09,165] {standard_task_runner.py:77} INFO - Job 34: Subtask also_run_this
[2023-07-29 09:31:09,920] {logging_mixin.py:104} INFO - Running <TaskInstance: example_bash_operator.also_run_this 2023-07-28T00:00:00+00:00 [running]> on host 2ae13fbb8692
[2023-07-29 09:31:10,644] {taskinstance.py:1300} INFO - Exporting the following env vars:
AIRFLOW_CTX_DAG_OWNER=***
AIRFLOW_CTX_DAG_ID=example_bash_operator
AIRFLOW_CTX_TASK_ID=also_run_this
AIRFLOW_CTX_EXECUTION_DATE=2023-07-28T00:00:00+00:00
AIRFLOW_CTX_DAG_RUN_ID=scheduled__2023-07-28T00:00:00+00:00
[2023-07-29 09:31:10,644] {subprocess.py:52} INFO - Tmp dir root location: 
 /tmp
[2023-07-29 09:31:10,645] {subprocess.py:63} INFO - Running command: ['bash', '-c', 'echo "run_id=scheduled__2023-07-28T00:00:00+00:00 | dag_run=<DagRun example_bash_operator @ 2023-07-28 00:00:00+00:00: scheduled__2023-07-28T00:00:00+00:00, externally triggered: False>"']
[2023-07-29 09:31:10,876] {subprocess.py:74} INFO - Output:
[2023-07-29 09:31:11,031] {subprocess.py:78} INFO - run_id=scheduled__2023-07-28T00:00:00+00:00 | dag_run=<DagRun example_bash_operator @ 2023-07-28 00:00:00+00:00: scheduled__2023-07-28T00:00:00+00:00, externally triggered: False>
[2023-07-29 09:31:11,057] {subprocess.py:82} INFO - Command exited with return code 0
[2023-07-29 09:31:11,342] {taskinstance.py:1204} INFO - Marking task as SUCCESS. dag_id=example_bash_operator, task_id=also_run_this, execution_date=20230728T000000, start_date=20230729T093108, end_date=20230729T093111
[2023-07-29 09:31:11,569] {taskinstance.py:1265} INFO - 0 downstream tasks scheduled from follow-on schedule check
[2023-07-29 09:31:11,646] {local_task_job.py:149} INFO - Task exited with return code 0
