[2023-08-12T18:28:28.375+0000] {taskinstance.py:1103} INFO - Dependencies all met for dep_context=non-requeueable deps ti=<TaskInstance: emrPipeline.step_checker_agg_task manual__2023-08-12T18:20:29.452064+00:00 [queued]>
[2023-08-12T18:28:28.575+0000] {taskinstance.py:1103} INFO - Dependencies all met for dep_context=requeueable deps ti=<TaskInstance: emrPipeline.step_checker_agg_task manual__2023-08-12T18:20:29.452064+00:00 [queued]>
[2023-08-12T18:28:28.575+0000] {taskinstance.py:1308} INFO - Starting attempt 1 of 1
[2023-08-12T18:28:28.696+0000] {taskinstance.py:1327} INFO - Executing <Task(EmrStepSensor): step_checker_agg_task> on 2023-08-12 18:20:29.452064+00:00
[2023-08-12T18:28:28.777+0000] {standard_task_runner.py:57} INFO - Started process 14421 to run task
[2023-08-12T18:28:28.767+0000] {standard_task_runner.py:84} INFO - Running: ['***', 'tasks', 'run', 'emrPipeline', 'step_checker_agg_task', 'manual__2023-08-12T18:20:29.452064+00:00', '--job-id', '225', '--raw', '--subdir', 'DAGS_FOLDER/emr.py', '--cfg-path', '/tmp/tmpvko_p3um']
[2023-08-12T18:28:28.794+0000] {standard_task_runner.py:85} INFO - Job 225: Subtask step_checker_agg_task
[2023-08-12T18:28:28.875+0000] {warnings.py:109} WARNING - /home/***/.local/lib/python3.9/site-packages/***/settings.py:195: DeprecationWarning: The sql_alchemy_conn option in [core] has been moved to the sql_alchemy_conn option in [database] - the old setting has been used, but please update your config.
  SQL_ALCHEMY_CONN = conf.get("database", "SQL_ALCHEMY_CONN")

[2023-08-12T18:28:29.240+0000] {task_command.py:410} INFO - Running <TaskInstance: emrPipeline.step_checker_agg_task manual__2023-08-12T18:20:29.452064+00:00 [running]> on host 484e6be077e8
[2023-08-12T18:28:30.239+0000] {taskinstance.py:1545} INFO - Exporting env vars: AIRFLOW_CTX_DAG_OWNER='***' AIRFLOW_CTX_DAG_ID='emrPipeline' AIRFLOW_CTX_TASK_ID='step_checker_agg_task' AIRFLOW_CTX_EXECUTION_DATE='2023-08-12T18:20:29.452064+00:00' AIRFLOW_CTX_TRY_NUMBER='1' AIRFLOW_CTX_DAG_RUN_ID='manual__2023-08-12T18:20:29.452064+00:00'
[2023-08-12T18:28:30.401+0000] {base.py:73} INFO - Using connection ID 'aws_connection' for task execution.
[2023-08-12T18:28:30.402+0000] {connection_wrapper.py:340} INFO - AWS Connection (conn_id='aws_connection', conn_type='aws') credentials retrieved from login and password.
[2023-08-12T18:28:36.263+0000] {emr.py:544} INFO - Poking step s-00180823LACRQ7BUD3KJ on cluster j-34SC77Z02THNT
[2023-08-12T18:28:36.842+0000] {emr.py:74} INFO - Job flow currently PENDING
[2023-08-12T18:28:46.860+0000] {emr.py:544} INFO - Poking step s-00180823LACRQ7BUD3KJ on cluster j-34SC77Z02THNT
[2023-08-12T18:28:47.627+0000] {emr.py:74} INFO - Job flow currently PENDING
[2023-08-12T18:28:57.632+0000] {emr.py:544} INFO - Poking step s-00180823LACRQ7BUD3KJ on cluster j-34SC77Z02THNT
[2023-08-12T18:28:58.056+0000] {emr.py:74} INFO - Job flow currently PENDING
[2023-08-12T18:29:08.069+0000] {emr.py:544} INFO - Poking step s-00180823LACRQ7BUD3KJ on cluster j-34SC77Z02THNT
[2023-08-12T18:29:08.585+0000] {emr.py:74} INFO - Job flow currently PENDING
[2023-08-12T18:29:18.592+0000] {emr.py:544} INFO - Poking step s-00180823LACRQ7BUD3KJ on cluster j-34SC77Z02THNT
[2023-08-12T18:29:18.876+0000] {emr.py:74} INFO - Job flow currently PENDING
[2023-08-12T18:29:28.887+0000] {emr.py:544} INFO - Poking step s-00180823LACRQ7BUD3KJ on cluster j-34SC77Z02THNT
[2023-08-12T18:29:29.315+0000] {emr.py:74} INFO - Job flow currently PENDING
[2023-08-12T18:29:39.334+0000] {emr.py:544} INFO - Poking step s-00180823LACRQ7BUD3KJ on cluster j-34SC77Z02THNT
[2023-08-12T18:29:39.742+0000] {emr.py:74} INFO - Job flow currently PENDING
[2023-08-12T18:29:49.760+0000] {emr.py:544} INFO - Poking step s-00180823LACRQ7BUD3KJ on cluster j-34SC77Z02THNT
[2023-08-12T18:29:50.297+0000] {emr.py:74} INFO - Job flow currently PENDING
[2023-08-12T18:30:00.311+0000] {emr.py:544} INFO - Poking step s-00180823LACRQ7BUD3KJ on cluster j-34SC77Z02THNT
[2023-08-12T18:30:00.668+0000] {emr.py:74} INFO - Job flow currently RUNNING
[2023-08-12T18:30:10.670+0000] {emr.py:544} INFO - Poking step s-00180823LACRQ7BUD3KJ on cluster j-34SC77Z02THNT
[2023-08-12T18:30:10.772+0000] {emr.py:74} INFO - Job flow currently RUNNING
[2023-08-12T18:30:20.782+0000] {emr.py:544} INFO - Poking step s-00180823LACRQ7BUD3KJ on cluster j-34SC77Z02THNT
[2023-08-12T18:30:20.875+0000] {emr.py:74} INFO - Job flow currently RUNNING
[2023-08-12T18:30:30.884+0000] {emr.py:544} INFO - Poking step s-00180823LACRQ7BUD3KJ on cluster j-34SC77Z02THNT
[2023-08-12T18:30:31.035+0000] {emr.py:74} INFO - Job flow currently RUNNING
[2023-08-12T18:30:41.040+0000] {emr.py:544} INFO - Poking step s-00180823LACRQ7BUD3KJ on cluster j-34SC77Z02THNT
[2023-08-12T18:30:41.147+0000] {emr.py:74} INFO - Job flow currently RUNNING
[2023-08-12T18:30:51.150+0000] {emr.py:544} INFO - Poking step s-00180823LACRQ7BUD3KJ on cluster j-34SC77Z02THNT
[2023-08-12T18:30:51.247+0000] {emr.py:74} INFO - Job flow currently RUNNING
[2023-08-12T18:31:01.257+0000] {emr.py:544} INFO - Poking step s-00180823LACRQ7BUD3KJ on cluster j-34SC77Z02THNT
[2023-08-12T18:31:01.361+0000] {emr.py:74} INFO - Job flow currently COMPLETED
[2023-08-12T18:31:01.361+0000] {base.py:255} INFO - Success criteria met. Exiting.
[2023-08-12T18:31:01.371+0000] {taskinstance.py:1345} INFO - Marking task as SUCCESS. dag_id=emrPipeline, task_id=step_checker_agg_task, execution_date=20230812T182029, start_date=20230812T182828, end_date=20230812T183101
[2023-08-12T18:31:01.397+0000] {local_task_job_runner.py:225} INFO - Task exited with return code 0
[2023-08-12T18:31:01.427+0000] {taskinstance.py:2653} INFO - 1 downstream tasks scheduled from follow-on schedule check
