[2023-08-14T20:49:44.624+0000] {taskinstance.py:1103} INFO - Dependencies all met for dep_context=non-requeueable deps ti=<TaskInstance: ny_taxi_Pipeline.step_checker_hive_task manual__2023-08-14T20:41:19+00:00 [queued]>
[2023-08-14T20:49:44.677+0000] {taskinstance.py:1103} INFO - Dependencies all met for dep_context=requeueable deps ti=<TaskInstance: ny_taxi_Pipeline.step_checker_hive_task manual__2023-08-14T20:41:19+00:00 [queued]>
[2023-08-14T20:49:44.677+0000] {taskinstance.py:1308} INFO - Starting attempt 1 of 1
[2023-08-14T20:49:44.743+0000] {taskinstance.py:1327} INFO - Executing <Task(EmrStepSensor): step_checker_hive_task> on 2023-08-14 20:41:19+00:00
[2023-08-14T20:49:44.799+0000] {standard_task_runner.py:57} INFO - Started process 18379 to run task
[2023-08-14T20:49:44.838+0000] {standard_task_runner.py:84} INFO - Running: ['***', 'tasks', 'run', 'ny_taxi_Pipeline', 'step_checker_hive_task', 'manual__2023-08-14T20:41:19+00:00', '--job-id', '1719', '--raw', '--subdir', 'DAGS_FOLDER/ny_taxi_datapipeline.py', '--cfg-path', '/tmp/tmpwk21e_4j']
[2023-08-14T20:49:44.862+0000] {standard_task_runner.py:85} INFO - Job 1719: Subtask step_checker_hive_task
[2023-08-14T20:49:45.211+0000] {warnings.py:109} WARNING - /home/***/.local/lib/python3.9/site-packages/***/settings.py:195: DeprecationWarning: The sql_alchemy_conn option in [core] has been moved to the sql_alchemy_conn option in [database] - the old setting has been used, but please update your config.
  SQL_ALCHEMY_CONN = conf.get("database", "SQL_ALCHEMY_CONN")

[2023-08-14T20:49:45.581+0000] {task_command.py:410} INFO - Running <TaskInstance: ny_taxi_Pipeline.step_checker_hive_task manual__2023-08-14T20:41:19+00:00 [running]> on host d4028c5ba2ac
[2023-08-14T20:49:47.523+0000] {taskinstance.py:1545} INFO - Exporting env vars: AIRFLOW_CTX_DAG_OWNER='***' AIRFLOW_CTX_DAG_ID='ny_taxi_Pipeline' AIRFLOW_CTX_TASK_ID='step_checker_hive_task' AIRFLOW_CTX_EXECUTION_DATE='2023-08-14T20:41:19+00:00' AIRFLOW_CTX_TRY_NUMBER='1' AIRFLOW_CTX_DAG_RUN_ID='manual__2023-08-14T20:41:19+00:00'
[2023-08-14T20:49:47.652+0000] {base.py:73} INFO - Using connection ID 'aws_connection' for task execution.
[2023-08-14T20:49:47.652+0000] {connection_wrapper.py:340} INFO - AWS Connection (conn_id='aws_connection', conn_type='aws') credentials retrieved from login and password.
[2023-08-14T20:49:56.353+0000] {emr.py:544} INFO - Poking step s-01785362YVUT4C5NGNET on cluster j-2EHJ0PSPP99C0
[2023-08-14T20:49:57.068+0000] {emr.py:74} INFO - Job flow currently PENDING
[2023-08-14T20:50:07.076+0000] {emr.py:544} INFO - Poking step s-01785362YVUT4C5NGNET on cluster j-2EHJ0PSPP99C0
[2023-08-14T20:50:07.169+0000] {emr.py:74} INFO - Job flow currently PENDING
[2023-08-14T20:50:17.176+0000] {emr.py:544} INFO - Poking step s-01785362YVUT4C5NGNET on cluster j-2EHJ0PSPP99C0
[2023-08-14T20:50:17.299+0000] {emr.py:74} INFO - Job flow currently RUNNING
[2023-08-14T20:50:27.306+0000] {emr.py:544} INFO - Poking step s-01785362YVUT4C5NGNET on cluster j-2EHJ0PSPP99C0
[2023-08-14T20:50:27.415+0000] {emr.py:74} INFO - Job flow currently RUNNING
[2023-08-14T20:50:37.416+0000] {emr.py:544} INFO - Poking step s-01785362YVUT4C5NGNET on cluster j-2EHJ0PSPP99C0
[2023-08-14T20:50:37.510+0000] {emr.py:74} INFO - Job flow currently RUNNING
[2023-08-14T20:50:47.516+0000] {emr.py:544} INFO - Poking step s-01785362YVUT4C5NGNET on cluster j-2EHJ0PSPP99C0
[2023-08-14T20:50:47.615+0000] {emr.py:74} INFO - Job flow currently RUNNING
[2023-08-14T20:50:57.621+0000] {emr.py:544} INFO - Poking step s-01785362YVUT4C5NGNET on cluster j-2EHJ0PSPP99C0
[2023-08-14T20:50:57.715+0000] {emr.py:74} INFO - Job flow currently RUNNING
[2023-08-14T20:51:07.720+0000] {emr.py:544} INFO - Poking step s-01785362YVUT4C5NGNET on cluster j-2EHJ0PSPP99C0
[2023-08-14T20:51:07.812+0000] {emr.py:74} INFO - Job flow currently RUNNING
[2023-08-14T20:51:17.816+0000] {emr.py:544} INFO - Poking step s-01785362YVUT4C5NGNET on cluster j-2EHJ0PSPP99C0
[2023-08-14T20:51:17.918+0000] {emr.py:74} INFO - Job flow currently COMPLETED
[2023-08-14T20:51:17.919+0000] {base.py:255} INFO - Success criteria met. Exiting.
[2023-08-14T20:51:17.927+0000] {taskinstance.py:1345} INFO - Marking task as SUCCESS. dag_id=ny_taxi_Pipeline, task_id=step_checker_hive_task, execution_date=20230814T204119, start_date=20230814T204944, end_date=20230814T205117
[2023-08-14T20:51:17.959+0000] {local_task_job_runner.py:225} INFO - Task exited with return code 0
[2023-08-14T20:51:17.988+0000] {taskinstance.py:2653} INFO - 0 downstream tasks scheduled from follow-on schedule check
