[2023-08-14T18:52:23.169+0000] {taskinstance.py:1103} INFO - Dependencies all met for dep_context=non-requeueable deps ti=<TaskInstance: ny_taxi_Pipeline.step_checker_agg_task manual__2023-08-14T18:40:46+00:00 [queued]>
[2023-08-14T18:52:23.191+0000] {taskinstance.py:1103} INFO - Dependencies all met for dep_context=requeueable deps ti=<TaskInstance: ny_taxi_Pipeline.step_checker_agg_task manual__2023-08-14T18:40:46+00:00 [queued]>
[2023-08-14T18:52:23.192+0000] {taskinstance.py:1308} INFO - Starting attempt 1 of 1
[2023-08-14T18:52:23.215+0000] {taskinstance.py:1327} INFO - Executing <Task(EmrStepSensor): step_checker_agg_task> on 2023-08-14 18:40:46+00:00
[2023-08-14T18:52:23.222+0000] {standard_task_runner.py:57} INFO - Started process 14812 to run task
[2023-08-14T18:52:23.226+0000] {standard_task_runner.py:84} INFO - Running: ['***', 'tasks', 'run', 'ny_taxi_Pipeline', 'step_checker_agg_task', 'manual__2023-08-14T18:40:46+00:00', '--job-id', '1623', '--raw', '--subdir', 'DAGS_FOLDER/ny_taxi_datapipeline.py', '--cfg-path', '/tmp/tmps8lnke_v']
[2023-08-14T18:52:23.240+0000] {standard_task_runner.py:85} INFO - Job 1623: Subtask step_checker_agg_task
[2023-08-14T18:52:23.282+0000] {warnings.py:109} WARNING - /home/***/.local/lib/python3.9/site-packages/***/settings.py:195: DeprecationWarning: The sql_alchemy_conn option in [core] has been moved to the sql_alchemy_conn option in [database] - the old setting has been used, but please update your config.
  SQL_ALCHEMY_CONN = conf.get("database", "SQL_ALCHEMY_CONN")

[2023-08-14T18:52:23.373+0000] {task_command.py:410} INFO - Running <TaskInstance: ny_taxi_Pipeline.step_checker_agg_task manual__2023-08-14T18:40:46+00:00 [running]> on host d4028c5ba2ac
[2023-08-14T18:52:23.640+0000] {taskinstance.py:1545} INFO - Exporting env vars: AIRFLOW_CTX_DAG_OWNER='***' AIRFLOW_CTX_DAG_ID='ny_taxi_Pipeline' AIRFLOW_CTX_TASK_ID='step_checker_agg_task' AIRFLOW_CTX_EXECUTION_DATE='2023-08-14T18:40:46+00:00' AIRFLOW_CTX_TRY_NUMBER='1' AIRFLOW_CTX_DAG_RUN_ID='manual__2023-08-14T18:40:46+00:00'
[2023-08-14T18:52:23.673+0000] {base.py:73} INFO - Using connection ID 'aws_connection' for task execution.
[2023-08-14T18:52:23.674+0000] {connection_wrapper.py:340} INFO - AWS Connection (conn_id='aws_connection', conn_type='aws') credentials retrieved from login and password.
[2023-08-14T18:52:24.840+0000] {emr.py:544} INFO - Poking step s-01272101GOTCI65EIC4G on cluster j-2RS8CJ80UG1XZ
[2023-08-14T18:52:24.994+0000] {emr.py:74} INFO - Job flow currently RUNNING
[2023-08-14T18:52:35.005+0000] {emr.py:544} INFO - Poking step s-01272101GOTCI65EIC4G on cluster j-2RS8CJ80UG1XZ
[2023-08-14T18:52:35.175+0000] {emr.py:74} INFO - Job flow currently RUNNING
[2023-08-14T18:52:45.227+0000] {emr.py:544} INFO - Poking step s-01272101GOTCI65EIC4G on cluster j-2RS8CJ80UG1XZ
[2023-08-14T18:52:45.624+0000] {emr.py:74} INFO - Job flow currently RUNNING
[2023-08-14T18:52:55.637+0000] {emr.py:544} INFO - Poking step s-01272101GOTCI65EIC4G on cluster j-2RS8CJ80UG1XZ
[2023-08-14T18:52:56.071+0000] {emr.py:74} INFO - Job flow currently RUNNING
[2023-08-14T18:53:06.091+0000] {emr.py:544} INFO - Poking step s-01272101GOTCI65EIC4G on cluster j-2RS8CJ80UG1XZ
[2023-08-14T18:53:06.818+0000] {emr.py:74} INFO - Job flow currently RUNNING
[2023-08-14T18:53:16.840+0000] {emr.py:544} INFO - Poking step s-01272101GOTCI65EIC4G on cluster j-2RS8CJ80UG1XZ
[2023-08-14T18:53:17.436+0000] {emr.py:74} INFO - Job flow currently RUNNING
[2023-08-14T18:53:27.448+0000] {emr.py:544} INFO - Poking step s-01272101GOTCI65EIC4G on cluster j-2RS8CJ80UG1XZ
[2023-08-14T18:53:27.885+0000] {emr.py:74} INFO - Job flow currently RUNNING
[2023-08-14T18:53:37.895+0000] {emr.py:544} INFO - Poking step s-01272101GOTCI65EIC4G on cluster j-2RS8CJ80UG1XZ
[2023-08-14T18:53:38.344+0000] {emr.py:74} INFO - Job flow currently RUNNING
[2023-08-14T18:53:48.361+0000] {emr.py:544} INFO - Poking step s-01272101GOTCI65EIC4G on cluster j-2RS8CJ80UG1XZ
[2023-08-14T18:53:48.643+0000] {emr.py:74} INFO - Job flow currently COMPLETED
[2023-08-14T18:53:48.643+0000] {base.py:255} INFO - Success criteria met. Exiting.
[2023-08-14T18:53:48.750+0000] {taskinstance.py:1345} INFO - Marking task as SUCCESS. dag_id=ny_taxi_Pipeline, task_id=step_checker_agg_task, execution_date=20230814T184046, start_date=20230814T185223, end_date=20230814T185348
[2023-08-14T18:53:48.947+0000] {local_task_job_runner.py:225} INFO - Task exited with return code 0
[2023-08-14T18:53:49.120+0000] {taskinstance.py:2653} INFO - 0 downstream tasks scheduled from follow-on schedule check
