[2023-08-12T15:00:14.657+0000] {warnings.py:109} WARNING - /home/***/.local/lib/python3.9/site-packages/***/utils/sqlalchemy.py:124: DeprecationWarning: The sql_alchemy_conn option in [core] has been moved to the sql_alchemy_conn option in [database] - the old setting has been used, but please update your config.
  return not conf.get("database", "sql_alchemy_conn").startswith("mssql")

[2023-08-12T15:00:14.751+0000] {taskinstance.py:1103} INFO - Dependencies all met for dep_context=non-requeueable deps ti=<TaskInstance: emrPipeline.step_adder scheduled__2023-08-12T14:00:00+00:00 [queued]>
[2023-08-12T15:00:14.770+0000] {taskinstance.py:1103} INFO - Dependencies all met for dep_context=requeueable deps ti=<TaskInstance: emrPipeline.step_adder scheduled__2023-08-12T14:00:00+00:00 [queued]>
[2023-08-12T15:00:14.770+0000] {taskinstance.py:1308} INFO - Starting attempt 1 of 1
[2023-08-12T15:00:14.795+0000] {taskinstance.py:1327} INFO - Executing <Task(EmrAddStepsOperator): step_adder> on 2023-08-12 14:00:00+00:00
[2023-08-12T15:00:14.833+0000] {standard_task_runner.py:57} INFO - Started process 8062 to run task
[2023-08-12T15:00:14.846+0000] {standard_task_runner.py:84} INFO - Running: ['***', 'tasks', 'run', 'emrPipeline', 'step_adder', 'scheduled__2023-08-12T14:00:00+00:00', '--job-id', '180', '--raw', '--subdir', 'DAGS_FOLDER/emr.py', '--cfg-path', '/tmp/tmppthsoh7c']
[2023-08-12T15:00:14.849+0000] {standard_task_runner.py:85} INFO - Job 180: Subtask step_adder
[2023-08-12T15:00:14.883+0000] {warnings.py:109} WARNING - /home/***/.local/lib/python3.9/site-packages/***/settings.py:195: DeprecationWarning: The sql_alchemy_conn option in [core] has been moved to the sql_alchemy_conn option in [database] - the old setting has been used, but please update your config.
  SQL_ALCHEMY_CONN = conf.get("database", "SQL_ALCHEMY_CONN")

[2023-08-12T15:00:15.012+0000] {task_command.py:410} INFO - Running <TaskInstance: emrPipeline.step_adder scheduled__2023-08-12T14:00:00+00:00 [running]> on host 484e6be077e8
[2023-08-12T15:00:15.066+0000] {warnings.py:109} WARNING - /home/***/.local/lib/python3.9/site-packages/***/utils/sqlalchemy.py:124: DeprecationWarning: The sql_alchemy_conn option in [core] has been moved to the sql_alchemy_conn option in [database] - the old setting has been used, but please update your config.
  return not conf.get("database", "sql_alchemy_conn").startswith("mssql")

[2023-08-12T15:00:15.342+0000] {taskinstance.py:1545} INFO - Exporting env vars: AIRFLOW_CTX_DAG_OWNER='***' AIRFLOW_CTX_DAG_ID='emrPipeline' AIRFLOW_CTX_TASK_ID='step_adder' AIRFLOW_CTX_EXECUTION_DATE='2023-08-12T14:00:00+00:00' AIRFLOW_CTX_TRY_NUMBER='1' AIRFLOW_CTX_DAG_RUN_ID='scheduled__2023-08-12T14:00:00+00:00'
[2023-08-12T15:00:15.402+0000] {base.py:73} INFO - Using connection ID 'aws_connection' for task execution.
[2023-08-12T15:00:15.403+0000] {connection_wrapper.py:340} INFO - AWS Connection (conn_id='aws_connection', conn_type='aws') credentials retrieved from login and password.
[2023-08-12T15:00:17.176+0000] {emr.py:145} INFO - Adding steps to j-5NS8T6J4FHN6
[2023-08-12T15:00:17.271+0000] {emr.py:168} INFO - Steps ['s-001975913BC08UU1K5E7'] added to JobFlow
[2023-08-12T15:00:17.327+0000] {taskinstance.py:1345} INFO - Marking task as SUCCESS. dag_id=emrPipeline, task_id=step_adder, execution_date=20230812T140000, start_date=20230812T150014, end_date=20230812T150017
[2023-08-12T15:00:17.401+0000] {local_task_job_runner.py:225} INFO - Task exited with return code 0
[2023-08-12T15:00:17.426+0000] {taskinstance.py:2653} INFO - 0 downstream tasks scheduled from follow-on schedule check
