[2023-08-13T17:42:44.716+0000] {taskinstance.py:1103} INFO - Dependencies all met for dep_context=non-requeueable deps ti=<TaskInstance: emrPipeline.step_checker_hive_task manual__2023-08-13T17:32:17+00:00 [queued]>
[2023-08-13T17:42:44.725+0000] {taskinstance.py:1103} INFO - Dependencies all met for dep_context=requeueable deps ti=<TaskInstance: emrPipeline.step_checker_hive_task manual__2023-08-13T17:32:17+00:00 [queued]>
[2023-08-13T17:42:44.726+0000] {taskinstance.py:1308} INFO - Starting attempt 1 of 1
[2023-08-13T17:42:44.738+0000] {taskinstance.py:1327} INFO - Executing <Task(EmrStepSensor): step_checker_hive_task> on 2023-08-13 17:32:17+00:00
[2023-08-13T17:42:44.749+0000] {standard_task_runner.py:57} INFO - Started process 12802 to run task
[2023-08-13T17:42:44.753+0000] {standard_task_runner.py:84} INFO - Running: ['***', 'tasks', 'run', 'emrPipeline', 'step_checker_hive_task', 'manual__2023-08-13T17:32:17+00:00', '--job-id', '1088', '--raw', '--subdir', 'DAGS_FOLDER/emr.py', '--cfg-path', '/tmp/tmpj94yrz_w']
[2023-08-13T17:42:44.756+0000] {standard_task_runner.py:85} INFO - Job 1088: Subtask step_checker_hive_task
[2023-08-13T17:42:44.770+0000] {warnings.py:109} WARNING - /home/***/.local/lib/python3.9/site-packages/***/settings.py:195: DeprecationWarning: The sql_alchemy_conn option in [core] has been moved to the sql_alchemy_conn option in [database] - the old setting has been used, but please update your config.
  SQL_ALCHEMY_CONN = conf.get("database", "SQL_ALCHEMY_CONN")

[2023-08-13T17:42:44.818+0000] {task_command.py:410} INFO - Running <TaskInstance: emrPipeline.step_checker_hive_task manual__2023-08-13T17:32:17+00:00 [running]> on host 484e6be077e8
[2023-08-13T17:42:44.949+0000] {taskinstance.py:1545} INFO - Exporting env vars: AIRFLOW_CTX_DAG_OWNER='***' AIRFLOW_CTX_DAG_ID='emrPipeline' AIRFLOW_CTX_TASK_ID='step_checker_hive_task' AIRFLOW_CTX_EXECUTION_DATE='2023-08-13T17:32:17+00:00' AIRFLOW_CTX_TRY_NUMBER='1' AIRFLOW_CTX_DAG_RUN_ID='manual__2023-08-13T17:32:17+00:00'
[2023-08-13T17:42:44.958+0000] {base.py:73} INFO - Using connection ID 'aws_connection' for task execution.
[2023-08-13T17:42:44.958+0000] {connection_wrapper.py:340} INFO - AWS Connection (conn_id='aws_connection', conn_type='aws') credentials retrieved from login and password.
[2023-08-13T17:42:45.913+0000] {emr.py:544} INFO - Poking step s-01536353QYQ2SXUQR5W6 on cluster j-2KKJI1N4CSDWG
[2023-08-13T17:42:46.179+0000] {emr.py:74} INFO - Job flow currently PENDING
[2023-08-13T17:42:56.189+0000] {emr.py:544} INFO - Poking step s-01536353QYQ2SXUQR5W6 on cluster j-2KKJI1N4CSDWG
[2023-08-13T17:42:56.398+0000] {emr.py:74} INFO - Job flow currently PENDING
[2023-08-13T17:43:06.401+0000] {emr.py:544} INFO - Poking step s-01536353QYQ2SXUQR5W6 on cluster j-2KKJI1N4CSDWG
[2023-08-13T17:43:06.832+0000] {emr.py:74} INFO - Job flow currently PENDING
[2023-08-13T17:43:16.856+0000] {emr.py:544} INFO - Poking step s-01536353QYQ2SXUQR5W6 on cluster j-2KKJI1N4CSDWG
[2023-08-13T17:43:17.240+0000] {emr.py:74} INFO - Job flow currently PENDING
[2023-08-13T17:43:27.257+0000] {emr.py:544} INFO - Poking step s-01536353QYQ2SXUQR5W6 on cluster j-2KKJI1N4CSDWG
[2023-08-13T17:43:27.751+0000] {emr.py:74} INFO - Job flow currently RUNNING
[2023-08-13T17:43:37.769+0000] {emr.py:544} INFO - Poking step s-01536353QYQ2SXUQR5W6 on cluster j-2KKJI1N4CSDWG
[2023-08-13T17:43:38.104+0000] {emr.py:74} INFO - Job flow currently RUNNING
[2023-08-13T17:43:48.118+0000] {emr.py:544} INFO - Poking step s-01536353QYQ2SXUQR5W6 on cluster j-2KKJI1N4CSDWG
[2023-08-13T17:43:48.595+0000] {emr.py:74} INFO - Job flow currently RUNNING
[2023-08-13T17:43:58.603+0000] {emr.py:544} INFO - Poking step s-01536353QYQ2SXUQR5W6 on cluster j-2KKJI1N4CSDWG
[2023-08-13T17:43:59.045+0000] {emr.py:74} INFO - Job flow currently RUNNING
[2023-08-13T17:44:09.058+0000] {emr.py:544} INFO - Poking step s-01536353QYQ2SXUQR5W6 on cluster j-2KKJI1N4CSDWG
[2023-08-13T17:44:09.711+0000] {emr.py:74} INFO - Job flow currently RUNNING
[2023-08-13T17:44:19.724+0000] {emr.py:544} INFO - Poking step s-01536353QYQ2SXUQR5W6 on cluster j-2KKJI1N4CSDWG
[2023-08-13T17:44:19.966+0000] {emr.py:74} INFO - Job flow currently COMPLETED
[2023-08-13T17:44:19.967+0000] {base.py:255} INFO - Success criteria met. Exiting.
[2023-08-13T17:44:20.003+0000] {taskinstance.py:1345} INFO - Marking task as SUCCESS. dag_id=emrPipeline, task_id=step_checker_hive_task, execution_date=20230813T173217, start_date=20230813T174244, end_date=20230813T174420
[2023-08-13T17:44:20.084+0000] {local_task_job_runner.py:225} INFO - Task exited with return code 0
[2023-08-13T17:44:20.159+0000] {taskinstance.py:2653} INFO - 1 downstream tasks scheduled from follow-on schedule check
