[2023-08-14T16:00:08.293+0000] {warnings.py:109} WARNING - /home/***/.local/lib/python3.9/site-packages/***/utils/sqlalchemy.py:124: DeprecationWarning: The sql_alchemy_conn option in [core] has been moved to the sql_alchemy_conn option in [database] - the old setting has been used, but please update your config.
  return not conf.get("database", "sql_alchemy_conn").startswith("mssql")

[2023-08-14T16:00:08.359+0000] {taskinstance.py:1103} INFO - Dependencies all met for dep_context=non-requeueable deps ti=<TaskInstance: userCase2.S5 scheduled__2023-08-14T15:00:00+00:00 [queued]>
[2023-08-14T16:00:08.368+0000] {taskinstance.py:1103} INFO - Dependencies all met for dep_context=requeueable deps ti=<TaskInstance: userCase2.S5 scheduled__2023-08-14T15:00:00+00:00 [queued]>
[2023-08-14T16:00:08.368+0000] {taskinstance.py:1308} INFO - Starting attempt 1 of 1
[2023-08-14T16:00:08.390+0000] {taskinstance.py:1327} INFO - Executing <Task(BashOperator): S5> on 2023-08-14 15:00:00+00:00
[2023-08-14T16:00:08.398+0000] {standard_task_runner.py:57} INFO - Started process 9392 to run task
[2023-08-14T16:00:08.406+0000] {standard_task_runner.py:84} INFO - Running: ['***', 'tasks', 'run', 'userCase2', 'S5', 'scheduled__2023-08-14T15:00:00+00:00', '--job-id', '1451', '--raw', '--subdir', 'DAGS_FOLDER/userCase.py', '--cfg-path', '/tmp/tmphf2l9c5l']
[2023-08-14T16:00:08.409+0000] {standard_task_runner.py:85} INFO - Job 1451: Subtask S5
[2023-08-14T16:00:08.426+0000] {warnings.py:109} WARNING - /home/***/.local/lib/python3.9/site-packages/***/settings.py:195: DeprecationWarning: The sql_alchemy_conn option in [core] has been moved to the sql_alchemy_conn option in [database] - the old setting has been used, but please update your config.
  SQL_ALCHEMY_CONN = conf.get("database", "SQL_ALCHEMY_CONN")

[2023-08-14T16:00:08.499+0000] {task_command.py:410} INFO - Running <TaskInstance: userCase2.S5 scheduled__2023-08-14T15:00:00+00:00 [running]> on host d4028c5ba2ac
[2023-08-14T16:00:08.521+0000] {warnings.py:109} WARNING - /home/***/.local/lib/python3.9/site-packages/***/utils/sqlalchemy.py:124: DeprecationWarning: The sql_alchemy_conn option in [core] has been moved to the sql_alchemy_conn option in [database] - the old setting has been used, but please update your config.
  return not conf.get("database", "sql_alchemy_conn").startswith("mssql")

[2023-08-14T16:00:08.728+0000] {taskinstance.py:1545} INFO - Exporting env vars: AIRFLOW_CTX_DAG_OWNER='***' AIRFLOW_CTX_DAG_ID='userCase2' AIRFLOW_CTX_TASK_ID='S5' AIRFLOW_CTX_EXECUTION_DATE='2023-08-14T15:00:00+00:00' AIRFLOW_CTX_TRY_NUMBER='1' AIRFLOW_CTX_DAG_RUN_ID='scheduled__2023-08-14T15:00:00+00:00'
[2023-08-14T16:00:08.730+0000] {subprocess.py:63} INFO - Tmp dir root location: /tmp
[2023-08-14T16:00:08.731+0000] {subprocess.py:75} INFO - Running command: ['/bin/bash', '-c', 'sleep 10']
[2023-08-14T16:00:08.773+0000] {subprocess.py:86} INFO - Output:
[2023-08-14T16:00:18.791+0000] {subprocess.py:97} INFO - Command exited with return code 0
[2023-08-14T16:00:18.819+0000] {taskinstance.py:1345} INFO - Marking task as SUCCESS. dag_id=userCase2, task_id=S5, execution_date=20230814T150000, start_date=20230814T160008, end_date=20230814T160018
[2023-08-14T16:00:18.854+0000] {local_task_job_runner.py:225} INFO - Task exited with return code 0
[2023-08-14T16:00:18.881+0000] {taskinstance.py:2653} INFO - 1 downstream tasks scheduled from follow-on schedule check
