[2023-08-12T18:28:29.119+0000] {taskinstance.py:1103} INFO - Dependencies all met for dep_context=non-requeueable deps ti=<TaskInstance: emrPipeline.step_checker_hive_task manual__2023-08-12T18:20:29.452064+00:00 [queued]>
[2023-08-12T18:28:29.159+0000] {taskinstance.py:1103} INFO - Dependencies all met for dep_context=requeueable deps ti=<TaskInstance: emrPipeline.step_checker_hive_task manual__2023-08-12T18:20:29.452064+00:00 [queued]>
[2023-08-12T18:28:29.159+0000] {taskinstance.py:1308} INFO - Starting attempt 1 of 1
[2023-08-12T18:28:29.255+0000] {taskinstance.py:1327} INFO - Executing <Task(EmrStepSensor): step_checker_hive_task> on 2023-08-12 18:20:29.452064+00:00
[2023-08-12T18:28:29.287+0000] {standard_task_runner.py:57} INFO - Started process 14422 to run task
[2023-08-12T18:28:29.352+0000] {standard_task_runner.py:84} INFO - Running: ['***', 'tasks', 'run', 'emrPipeline', 'step_checker_hive_task', 'manual__2023-08-12T18:20:29.452064+00:00', '--job-id', '226', '--raw', '--subdir', 'DAGS_FOLDER/emr.py', '--cfg-path', '/tmp/tmpfsa8wbc5']
[2023-08-12T18:28:29.373+0000] {standard_task_runner.py:85} INFO - Job 226: Subtask step_checker_hive_task
[2023-08-12T18:28:29.428+0000] {warnings.py:109} WARNING - /home/***/.local/lib/python3.9/site-packages/***/settings.py:195: DeprecationWarning: The sql_alchemy_conn option in [core] has been moved to the sql_alchemy_conn option in [database] - the old setting has been used, but please update your config.
  SQL_ALCHEMY_CONN = conf.get("database", "SQL_ALCHEMY_CONN")

[2023-08-12T18:28:29.829+0000] {task_command.py:410} INFO - Running <TaskInstance: emrPipeline.step_checker_hive_task manual__2023-08-12T18:20:29.452064+00:00 [running]> on host 484e6be077e8
[2023-08-12T18:28:31.297+0000] {taskinstance.py:1545} INFO - Exporting env vars: AIRFLOW_CTX_DAG_OWNER='***' AIRFLOW_CTX_DAG_ID='emrPipeline' AIRFLOW_CTX_TASK_ID='step_checker_hive_task' AIRFLOW_CTX_EXECUTION_DATE='2023-08-12T18:20:29.452064+00:00' AIRFLOW_CTX_TRY_NUMBER='1' AIRFLOW_CTX_DAG_RUN_ID='manual__2023-08-12T18:20:29.452064+00:00'
[2023-08-12T18:28:31.458+0000] {base.py:73} INFO - Using connection ID 'aws_connection' for task execution.
[2023-08-12T18:28:31.459+0000] {connection_wrapper.py:340} INFO - AWS Connection (conn_id='aws_connection', conn_type='aws') credentials retrieved from login and password.
[2023-08-12T18:28:38.351+0000] {emr.py:544} INFO - Poking step s-01607161981D06DJ1UR4 on cluster j-34SC77Z02THNT
[2023-08-12T18:28:39.436+0000] {emr.py:74} INFO - Job flow currently PENDING
[2023-08-12T18:28:49.448+0000] {emr.py:544} INFO - Poking step s-01607161981D06DJ1UR4 on cluster j-34SC77Z02THNT
[2023-08-12T18:28:49.886+0000] {emr.py:74} INFO - Job flow currently PENDING
[2023-08-12T18:28:59.897+0000] {emr.py:544} INFO - Poking step s-01607161981D06DJ1UR4 on cluster j-34SC77Z02THNT
[2023-08-12T18:29:00.479+0000] {emr.py:74} INFO - Job flow currently RUNNING
[2023-08-12T18:29:10.489+0000] {emr.py:544} INFO - Poking step s-01607161981D06DJ1UR4 on cluster j-34SC77Z02THNT
[2023-08-12T18:29:10.849+0000] {emr.py:74} INFO - Job flow currently RUNNING
[2023-08-12T18:29:20.854+0000] {emr.py:544} INFO - Poking step s-01607161981D06DJ1UR4 on cluster j-34SC77Z02THNT
[2023-08-12T18:29:21.162+0000] {emr.py:74} INFO - Job flow currently RUNNING
[2023-08-12T18:29:31.176+0000] {emr.py:544} INFO - Poking step s-01607161981D06DJ1UR4 on cluster j-34SC77Z02THNT
[2023-08-12T18:29:31.468+0000] {emr.py:74} INFO - Job flow currently RUNNING
[2023-08-12T18:29:41.478+0000] {emr.py:544} INFO - Poking step s-01607161981D06DJ1UR4 on cluster j-34SC77Z02THNT
[2023-08-12T18:29:41.915+0000] {emr.py:74} INFO - Job flow currently RUNNING
[2023-08-12T18:29:51.920+0000] {emr.py:544} INFO - Poking step s-01607161981D06DJ1UR4 on cluster j-34SC77Z02THNT
[2023-08-12T18:29:52.242+0000] {emr.py:74} INFO - Job flow currently RUNNING
[2023-08-12T18:30:02.261+0000] {emr.py:544} INFO - Poking step s-01607161981D06DJ1UR4 on cluster j-34SC77Z02THNT
[2023-08-12T18:30:02.746+0000] {emr.py:74} INFO - Job flow currently COMPLETED
[2023-08-12T18:30:02.747+0000] {base.py:255} INFO - Success criteria met. Exiting.
[2023-08-12T18:30:02.885+0000] {taskinstance.py:1345} INFO - Marking task as SUCCESS. dag_id=emrPipeline, task_id=step_checker_hive_task, execution_date=20230812T182029, start_date=20230812T182829, end_date=20230812T183002
[2023-08-12T18:30:03.297+0000] {local_task_job_runner.py:225} INFO - Task exited with return code 0
[2023-08-12T18:30:03.649+0000] {taskinstance.py:2653} INFO - 0 downstream tasks scheduled from follow-on schedule check
