[2023-07-29 09:31:07,097] {taskinstance.py:896} INFO - Dependencies all met for <TaskInstance: example_bash_operator.this_will_skip 2023-07-25T00:00:00+00:00 [queued]>
[2023-07-29 09:31:07,311] {taskinstance.py:896} INFO - Dependencies all met for <TaskInstance: example_bash_operator.this_will_skip 2023-07-25T00:00:00+00:00 [queued]>
[2023-07-29 09:31:07,311] {taskinstance.py:1087} INFO - 
--------------------------------------------------------------------------------
[2023-07-29 09:31:07,311] {taskinstance.py:1088} INFO - Starting attempt 1 of 1
[2023-07-29 09:31:07,311] {taskinstance.py:1089} INFO - 
--------------------------------------------------------------------------------
[2023-07-29 09:31:07,552] {taskinstance.py:1107} INFO - Executing <Task(BashOperator): this_will_skip> on 2023-07-25T00:00:00+00:00
[2023-07-29 09:31:07,623] {standard_task_runner.py:52} INFO - Started process 83 to run task
[2023-07-29 09:31:07,686] {standard_task_runner.py:76} INFO - Running: ['***', 'tasks', 'run', 'example_bash_operator', 'this_will_skip', '2023-07-25T00:00:00+00:00', '--job-id', '24', '--pool', 'default_pool', '--raw', '--subdir', '/home/***/.local/lib/python3.9/site-packages/***/example_dags/example_bash_operator.py', '--cfg-path', '/tmp/tmp7kjcce1p', '--error-file', '/tmp/tmpk46huxci']
[2023-07-29 09:31:07,687] {standard_task_runner.py:77} INFO - Job 24: Subtask this_will_skip
[2023-07-29 09:31:08,606] {logging_mixin.py:104} INFO - Running <TaskInstance: example_bash_operator.this_will_skip 2023-07-25T00:00:00+00:00 [running]> on host 2ae13fbb8692
[2023-07-29 09:31:09,524] {taskinstance.py:1300} INFO - Exporting the following env vars:
AIRFLOW_CTX_DAG_OWNER=***
AIRFLOW_CTX_DAG_ID=example_bash_operator
AIRFLOW_CTX_TASK_ID=this_will_skip
AIRFLOW_CTX_EXECUTION_DATE=2023-07-25T00:00:00+00:00
AIRFLOW_CTX_DAG_RUN_ID=scheduled__2023-07-25T00:00:00+00:00
[2023-07-29 09:31:09,525] {subprocess.py:52} INFO - Tmp dir root location: 
 /tmp
[2023-07-29 09:31:09,525] {subprocess.py:63} INFO - Running command: ['bash', '-c', 'echo "hello world"; exit 99;']
[2023-07-29 09:31:09,706] {subprocess.py:74} INFO - Output:
[2023-07-29 09:31:09,756] {subprocess.py:78} INFO - hello world
[2023-07-29 09:31:09,814] {subprocess.py:82} INFO - Command exited with return code 99
[2023-07-29 09:31:09,816] {taskinstance.py:1167} INFO - Bash command returned exit code 99. Skipping.
[2023-07-29 09:31:09,877] {taskinstance.py:1170} INFO - Marking task as SKIPPED. dag_id=example_bash_operator, task_id=this_will_skip, execution_date=20230725T000000, start_date=20230729T093107, end_date=
[2023-07-29 09:31:09,877] {taskinstance.py:1204} INFO - Marking task as SUCCESS. dag_id=example_bash_operator, task_id=this_will_skip, execution_date=20230725T000000, start_date=20230729T093107, end_date=20230729T093109
[2023-07-29 09:31:10,543] {taskinstance.py:1265} INFO - 0 downstream tasks scheduled from follow-on schedule check
[2023-07-29 09:31:10,573] {local_task_job.py:149} INFO - Task exited with return code 0
