[2023-08-14T17:45:14.091+0000] {warnings.py:109} WARNING - /home/***/.local/lib/python3.9/site-packages/***/utils/sqlalchemy.py:124: DeprecationWarning: The sql_alchemy_conn option in [core] has been moved to the sql_alchemy_conn option in [database] - the old setting has been used, but please update your config.
  return not conf.get("database", "sql_alchemy_conn").startswith("mssql")

[2023-08-14T17:45:14.104+0000] {taskinstance.py:1103} INFO - Dependencies all met for dep_context=non-requeueable deps ti=<TaskInstance: serial_parallel_data_pipeline.P0 scheduled__2023-08-13T00:00:00+00:00 [queued]>
[2023-08-14T17:45:14.113+0000] {taskinstance.py:1103} INFO - Dependencies all met for dep_context=requeueable deps ti=<TaskInstance: serial_parallel_data_pipeline.P0 scheduled__2023-08-13T00:00:00+00:00 [queued]>
[2023-08-14T17:45:14.113+0000] {taskinstance.py:1308} INFO - Starting attempt 1 of 1
[2023-08-14T17:45:14.137+0000] {taskinstance.py:1327} INFO - Executing <Task(BashOperator): P0> on 2023-08-13 00:00:00+00:00
[2023-08-14T17:45:14.145+0000] {standard_task_runner.py:57} INFO - Started process 12603 to run task
[2023-08-14T17:45:14.154+0000] {standard_task_runner.py:84} INFO - Running: ['***', 'tasks', 'run', 'serial_parallel_data_pipeline', 'P0', 'scheduled__2023-08-13T00:00:00+00:00', '--job-id', '1532', '--raw', '--subdir', 'DAGS_FOLDER/data_pipleline_serial_and_parallel.py', '--cfg-path', '/tmp/tmpfxs0ljgo']
[2023-08-14T17:45:14.159+0000] {standard_task_runner.py:85} INFO - Job 1532: Subtask P0
[2023-08-14T17:45:14.187+0000] {warnings.py:109} WARNING - /home/***/.local/lib/python3.9/site-packages/***/settings.py:195: DeprecationWarning: The sql_alchemy_conn option in [core] has been moved to the sql_alchemy_conn option in [database] - the old setting has been used, but please update your config.
  SQL_ALCHEMY_CONN = conf.get("database", "SQL_ALCHEMY_CONN")

[2023-08-14T17:45:14.314+0000] {task_command.py:410} INFO - Running <TaskInstance: serial_parallel_data_pipeline.P0 scheduled__2023-08-13T00:00:00+00:00 [running]> on host d4028c5ba2ac
[2023-08-14T17:45:14.333+0000] {warnings.py:109} WARNING - /home/***/.local/lib/python3.9/site-packages/***/utils/sqlalchemy.py:124: DeprecationWarning: The sql_alchemy_conn option in [core] has been moved to the sql_alchemy_conn option in [database] - the old setting has been used, but please update your config.
  return not conf.get("database", "sql_alchemy_conn").startswith("mssql")

[2023-08-14T17:45:14.427+0000] {taskinstance.py:1545} INFO - Exporting env vars: AIRFLOW_CTX_DAG_OWNER='***' AIRFLOW_CTX_DAG_ID='serial_parallel_data_pipeline' AIRFLOW_CTX_TASK_ID='P0' AIRFLOW_CTX_EXECUTION_DATE='2023-08-13T00:00:00+00:00' AIRFLOW_CTX_TRY_NUMBER='1' AIRFLOW_CTX_DAG_RUN_ID='scheduled__2023-08-13T00:00:00+00:00'
[2023-08-14T17:45:14.429+0000] {subprocess.py:63} INFO - Tmp dir root location: /tmp
[2023-08-14T17:45:14.430+0000] {subprocess.py:75} INFO - Running command: ['/bin/bash', '-c', 'sleep 5']
[2023-08-14T17:45:14.456+0000] {subprocess.py:86} INFO - Output:
[2023-08-14T17:45:19.457+0000] {subprocess.py:97} INFO - Command exited with return code 0
[2023-08-14T17:45:19.494+0000] {taskinstance.py:1345} INFO - Marking task as SUCCESS. dag_id=serial_parallel_data_pipeline, task_id=P0, execution_date=20230813T000000, start_date=20230814T174514, end_date=20230814T174519
[2023-08-14T17:45:19.548+0000] {local_task_job_runner.py:225} INFO - Task exited with return code 0
[2023-08-14T17:45:19.587+0000] {taskinstance.py:2653} INFO - 0 downstream tasks scheduled from follow-on schedule check
