[2023-08-14T17:01:18.928+0000] {taskinstance.py:1103} INFO - Dependencies all met for dep_context=non-requeueable deps ti=<TaskInstance: ny_taxi_Pipeline.s3_file_check manual__2023-08-14T17:00:59+00:00 [queued]>
[2023-08-14T17:01:18.945+0000] {taskinstance.py:1103} INFO - Dependencies all met for dep_context=requeueable deps ti=<TaskInstance: ny_taxi_Pipeline.s3_file_check manual__2023-08-14T17:00:59+00:00 [queued]>
[2023-08-14T17:01:18.946+0000] {taskinstance.py:1308} INFO - Starting attempt 1 of 31
[2023-08-14T17:01:18.961+0000] {taskinstance.py:1327} INFO - Executing <Task(S3KeySensor): s3_file_check> on 2023-08-14 17:00:59+00:00
[2023-08-14T17:01:19.029+0000] {standard_task_runner.py:57} INFO - Started process 11256 to run task
[2023-08-14T17:01:19.042+0000] {standard_task_runner.py:84} INFO - Running: ['***', 'tasks', 'run', 'ny_taxi_Pipeline', 's3_file_check', 'manual__2023-08-14T17:00:59+00:00', '--job-id', '1502', '--raw', '--subdir', 'DAGS_FOLDER/ny_taxi_datapipeline.py', '--cfg-path', '/tmp/tmp8ak27wvs']
[2023-08-14T17:01:19.046+0000] {standard_task_runner.py:85} INFO - Job 1502: Subtask s3_file_check
[2023-08-14T17:01:19.113+0000] {warnings.py:109} WARNING - /home/***/.local/lib/python3.9/site-packages/***/settings.py:195: DeprecationWarning: The sql_alchemy_conn option in [core] has been moved to the sql_alchemy_conn option in [database] - the old setting has been used, but please update your config.
  SQL_ALCHEMY_CONN = conf.get("database", "SQL_ALCHEMY_CONN")

[2023-08-14T17:01:19.231+0000] {task_command.py:410} INFO - Running <TaskInstance: ny_taxi_Pipeline.s3_file_check manual__2023-08-14T17:00:59+00:00 [running]> on host d4028c5ba2ac
[2023-08-14T17:01:19.410+0000] {taskinstance.py:1545} INFO - Exporting env vars: AIRFLOW_CTX_DAG_OWNER='***' AIRFLOW_CTX_DAG_ID='ny_taxi_Pipeline' AIRFLOW_CTX_TASK_ID='s3_file_check' AIRFLOW_CTX_EXECUTION_DATE='2023-08-14T17:00:59+00:00' AIRFLOW_CTX_TRY_NUMBER='1' AIRFLOW_CTX_DAG_RUN_ID='manual__2023-08-14T17:00:59+00:00'
[2023-08-14T17:01:19.412+0000] {s3.py:103} INFO - Poking for key : s3://myawsbucket19080/hiveStep/raw/tripdata.csv
[2023-08-14T17:01:19.422+0000] {base.py:73} INFO - Using connection ID 'aws_connection' for task execution.
[2023-08-14T17:01:19.423+0000] {connection_wrapper.py:340} INFO - AWS Connection (conn_id='aws_connection', conn_type='aws') credentials retrieved from login and password.
[2023-08-14T17:01:30.681+0000] {s3.py:103} INFO - Poking for key : s3://myawsbucket19080/hiveStep/raw/tripdata.csv
[2023-08-14T17:01:40.727+0000] {s3.py:103} INFO - Poking for key : s3://myawsbucket19080/hiveStep/raw/tripdata.csv
[2023-08-14T17:01:50.776+0000] {s3.py:103} INFO - Poking for key : s3://myawsbucket19080/hiveStep/raw/tripdata.csv
[2023-08-14T17:02:00.825+0000] {s3.py:103} INFO - Poking for key : s3://myawsbucket19080/hiveStep/raw/tripdata.csv
[2023-08-14T17:02:10.877+0000] {s3.py:103} INFO - Poking for key : s3://myawsbucket19080/hiveStep/raw/tripdata.csv
[2023-08-14T17:02:20.936+0000] {s3.py:103} INFO - Poking for key : s3://myawsbucket19080/hiveStep/raw/tripdata.csv
[2023-08-14T17:02:31.044+0000] {s3.py:103} INFO - Poking for key : s3://myawsbucket19080/hiveStep/raw/tripdata.csv
[2023-08-14T17:02:31.130+0000] {base.py:255} INFO - Success criteria met. Exiting.
[2023-08-14T17:02:31.207+0000] {taskinstance.py:1345} INFO - Marking task as SUCCESS. dag_id=ny_taxi_Pipeline, task_id=s3_file_check, execution_date=20230814T170059, start_date=20230814T170118, end_date=20230814T170231
[2023-08-14T17:02:31.418+0000] {local_task_job_runner.py:225} INFO - Task exited with return code 0
[2023-08-14T17:02:31.592+0000] {taskinstance.py:2653} INFO - 1 downstream tasks scheduled from follow-on schedule check
