[2023-07-29T19:00:13.834+0000] {warnings.py:109} WARNING - /home/***/.local/lib/python3.9/site-packages/***/utils/sqlalchemy.py:124: DeprecationWarning: The sql_alchemy_conn option in [core] has been moved to the sql_alchemy_conn option in [database] - the old setting has been used, but please update your config.
  return not conf.get("database", "sql_alchemy_conn").startswith("mssql")

[2023-07-29T19:00:13.883+0000] {taskinstance.py:1103} INFO - Dependencies all met for dep_context=non-requeueable deps ti=<TaskInstance: emrPipeline.create_emr_cluster scheduled__2023-07-29T18:00:00+00:00 [queued]>
[2023-07-29T19:00:13.893+0000] {taskinstance.py:1103} INFO - Dependencies all met for dep_context=requeueable deps ti=<TaskInstance: emrPipeline.create_emr_cluster scheduled__2023-07-29T18:00:00+00:00 [queued]>
[2023-07-29T19:00:13.893+0000] {taskinstance.py:1308} INFO - Starting attempt 1 of 1
[2023-07-29T19:00:13.905+0000] {taskinstance.py:1327} INFO - Executing <Task(EmrCreateJobFlowOperator): create_emr_cluster> on 2023-07-29 18:00:00+00:00
[2023-07-29T19:00:13.912+0000] {standard_task_runner.py:57} INFO - Started process 10549 to run task
[2023-07-29T19:00:13.916+0000] {standard_task_runner.py:84} INFO - Running: ['***', 'tasks', 'run', 'emrPipeline', 'create_emr_cluster', 'scheduled__2023-07-29T18:00:00+00:00', '--job-id', '29', '--raw', '--subdir', 'DAGS_FOLDER/emr.py', '--cfg-path', '/tmp/tmp846icn_a']
[2023-07-29T19:00:13.922+0000] {standard_task_runner.py:85} INFO - Job 29: Subtask create_emr_cluster
[2023-07-29T19:00:13.935+0000] {warnings.py:109} WARNING - /home/***/.local/lib/python3.9/site-packages/***/settings.py:195: DeprecationWarning: The sql_alchemy_conn option in [core] has been moved to the sql_alchemy_conn option in [database] - the old setting has been used, but please update your config.
  SQL_ALCHEMY_CONN = conf.get("database", "SQL_ALCHEMY_CONN")

[2023-07-29T19:00:13.969+0000] {task_command.py:410} INFO - Running <TaskInstance: emrPipeline.create_emr_cluster scheduled__2023-07-29T18:00:00+00:00 [running]> on host 3ea9eeb1605e
[2023-07-29T19:00:13.980+0000] {warnings.py:109} WARNING - /home/***/.local/lib/python3.9/site-packages/***/utils/sqlalchemy.py:124: DeprecationWarning: The sql_alchemy_conn option in [core] has been moved to the sql_alchemy_conn option in [database] - the old setting has been used, but please update your config.
  return not conf.get("database", "sql_alchemy_conn").startswith("mssql")

[2023-07-29T19:00:14.047+0000] {taskinstance.py:1545} INFO - Exporting env vars: AIRFLOW_CTX_DAG_OWNER='***' AIRFLOW_CTX_DAG_ID='emrPipeline' AIRFLOW_CTX_TASK_ID='create_emr_cluster' AIRFLOW_CTX_EXECUTION_DATE='2023-07-29T18:00:00+00:00' AIRFLOW_CTX_TRY_NUMBER='1' AIRFLOW_CTX_DAG_RUN_ID='scheduled__2023-07-29T18:00:00+00:00'
[2023-07-29T19:00:14.048+0000] {emr.py:700} INFO - Creating job flow using aws_conn_id: aws_connection, emr_conn_id: EMR_Connection
[2023-07-29T19:00:14.057+0000] {base.py:73} INFO - Using connection ID 'EMR_Connection' for task execution.
[2023-07-29T19:00:14.064+0000] {base.py:73} INFO - Using connection ID 'aws_connection' for task execution.
[2023-07-29T19:00:14.064+0000] {connection_wrapper.py:340} INFO - AWS Connection (conn_id='aws_connection', conn_type='aws') credentials retrieved from login and password.
[2023-07-29T19:00:14.828+0000] {emr.py:714} INFO - Job flow with id j-26KRV4H3DNDQT created
[2023-07-29T19:00:14.916+0000] {taskinstance.py:1345} INFO - Marking task as SUCCESS. dag_id=emrPipeline, task_id=create_emr_cluster, execution_date=20230729T180000, start_date=20230729T190013, end_date=20230729T190014
[2023-07-29T19:00:14.972+0000] {local_task_job_runner.py:225} INFO - Task exited with return code 0
[2023-07-29T19:00:14.992+0000] {taskinstance.py:2653} INFO - 0 downstream tasks scheduled from follow-on schedule check
