[2023-07-29T16:24:04.084+0000] {taskinstance.py:1103} INFO - Dependencies all met for dep_context=non-requeueable deps ti=<TaskInstance: emrPipeline.create_emr_cluster manual__2023-07-29T16:23:49.743562+00:00 [queued]>
[2023-07-29T16:24:04.093+0000] {taskinstance.py:1103} INFO - Dependencies all met for dep_context=requeueable deps ti=<TaskInstance: emrPipeline.create_emr_cluster manual__2023-07-29T16:23:49.743562+00:00 [queued]>
[2023-07-29T16:24:04.093+0000] {taskinstance.py:1308} INFO - Starting attempt 1 of 1
[2023-07-29T16:24:04.106+0000] {taskinstance.py:1327} INFO - Executing <Task(EmrCreateJobFlowOperator): create_emr_cluster> on 2023-07-29 16:23:49.743562+00:00
[2023-07-29T16:24:04.114+0000] {standard_task_runner.py:57} INFO - Started process 4988 to run task
[2023-07-29T16:24:04.117+0000] {standard_task_runner.py:84} INFO - Running: ['***', 'tasks', 'run', 'emrPipeline', 'create_emr_cluster', 'manual__2023-07-29T16:23:49.743562+00:00', '--job-id', '13', '--raw', '--subdir', 'DAGS_FOLDER/emr.py', '--cfg-path', '/tmp/tmp90xw4ywa']
[2023-07-29T16:24:04.120+0000] {standard_task_runner.py:85} INFO - Job 13: Subtask create_emr_cluster
[2023-07-29T16:24:04.134+0000] {warnings.py:109} WARNING - /home/***/.local/lib/python3.9/site-packages/***/settings.py:195: DeprecationWarning: The sql_alchemy_conn option in [core] has been moved to the sql_alchemy_conn option in [database] - the old setting has been used, but please update your config.
  SQL_ALCHEMY_CONN = conf.get("database", "SQL_ALCHEMY_CONN")

[2023-07-29T16:24:04.171+0000] {task_command.py:410} INFO - Running <TaskInstance: emrPipeline.create_emr_cluster manual__2023-07-29T16:23:49.743562+00:00 [running]> on host 3ea9eeb1605e
[2023-07-29T16:24:04.257+0000] {taskinstance.py:1545} INFO - Exporting env vars: AIRFLOW_CTX_DAG_OWNER='***' AIRFLOW_CTX_DAG_ID='emrPipeline' AIRFLOW_CTX_TASK_ID='create_emr_cluster' AIRFLOW_CTX_EXECUTION_DATE='2023-07-29T16:23:49.743562+00:00' AIRFLOW_CTX_TRY_NUMBER='1' AIRFLOW_CTX_DAG_RUN_ID='manual__2023-07-29T16:23:49.743562+00:00'
[2023-07-29T16:24:04.259+0000] {emr.py:700} INFO - Creating job flow using aws_conn_id: aws_connection, emr_conn_id: emr_default
[2023-07-29T16:24:04.267+0000] {warnings.py:109} WARNING - /home/***/.local/lib/python3.9/site-packages/***/providers/amazon/aws/operators/emr.py:708: UserWarning: Unable to find Amazon Elastic MapReduce Connection ID 'emr_default', using an empty initial configuration. If you want to get rid of this warning message please provide a valid `emr_conn_id` or set it to None.
  response = self._emr_hook.create_job_flow(job_flow_overrides)

[2023-07-29T16:24:04.273+0000] {base.py:73} INFO - Using connection ID 'aws_connection' for task execution.
[2023-07-29T16:24:04.273+0000] {connection_wrapper.py:340} INFO - AWS Connection (conn_id='aws_connection', conn_type='aws') credentials retrieved from login and password.
[2023-07-29T16:24:05.000+0000] {emr.py:714} INFO - Job flow with id j-1IF5WBO71WWO created
[2023-07-29T16:24:05.088+0000] {taskinstance.py:1345} INFO - Marking task as SUCCESS. dag_id=emrPipeline, task_id=create_emr_cluster, execution_date=20230729T162349, start_date=20230729T162404, end_date=20230729T162405
[2023-07-29T16:24:05.133+0000] {local_task_job_runner.py:225} INFO - Task exited with return code 0
[2023-07-29T16:24:05.152+0000] {taskinstance.py:2653} INFO - 0 downstream tasks scheduled from follow-on schedule check
