[2023-08-14T17:29:15.301+0000] {taskinstance.py:1103} INFO - Dependencies all met for dep_context=non-requeueable deps ti=<TaskInstance: ny_taxi_Pipeline.step_checker_agg_task manual__2023-08-14T17:18:57+00:00 [queued]>
[2023-08-14T17:29:15.449+0000] {taskinstance.py:1103} INFO - Dependencies all met for dep_context=requeueable deps ti=<TaskInstance: ny_taxi_Pipeline.step_checker_agg_task manual__2023-08-14T17:18:57+00:00 [queued]>
[2023-08-14T17:29:15.449+0000] {taskinstance.py:1308} INFO - Starting attempt 1 of 1
[2023-08-14T17:29:15.568+0000] {taskinstance.py:1327} INFO - Executing <Task(EmrStepSensor): step_checker_agg_task> on 2023-08-14 17:18:57+00:00
[2023-08-14T17:29:15.663+0000] {standard_task_runner.py:57} INFO - Started process 12128 to run task
[2023-08-14T17:29:15.809+0000] {standard_task_runner.py:84} INFO - Running: ['***', 'tasks', 'run', 'ny_taxi_Pipeline', 'step_checker_agg_task', 'manual__2023-08-14T17:18:57+00:00', '--job-id', '1524', '--raw', '--subdir', 'DAGS_FOLDER/ny_taxi_datapipeline.py', '--cfg-path', '/tmp/tmp6ce9cdbd']
[2023-08-14T17:29:15.812+0000] {standard_task_runner.py:85} INFO - Job 1524: Subtask step_checker_agg_task
[2023-08-14T17:29:16.112+0000] {warnings.py:109} WARNING - /home/***/.local/lib/python3.9/site-packages/***/settings.py:195: DeprecationWarning: The sql_alchemy_conn option in [core] has been moved to the sql_alchemy_conn option in [database] - the old setting has been used, but please update your config.
  SQL_ALCHEMY_CONN = conf.get("database", "SQL_ALCHEMY_CONN")

[2023-08-14T17:29:16.880+0000] {task_command.py:410} INFO - Running <TaskInstance: ny_taxi_Pipeline.step_checker_agg_task manual__2023-08-14T17:18:57+00:00 [running]> on host d4028c5ba2ac
[2023-08-14T17:29:18.730+0000] {taskinstance.py:1545} INFO - Exporting env vars: AIRFLOW_CTX_DAG_OWNER='***' AIRFLOW_CTX_DAG_ID='ny_taxi_Pipeline' AIRFLOW_CTX_TASK_ID='step_checker_agg_task' AIRFLOW_CTX_EXECUTION_DATE='2023-08-14T17:18:57+00:00' AIRFLOW_CTX_TRY_NUMBER='1' AIRFLOW_CTX_DAG_RUN_ID='manual__2023-08-14T17:18:57+00:00'
[2023-08-14T17:29:18.922+0000] {base.py:73} INFO - Using connection ID 'aws_connection' for task execution.
[2023-08-14T17:29:18.923+0000] {connection_wrapper.py:340} INFO - AWS Connection (conn_id='aws_connection', conn_type='aws') credentials retrieved from login and password.
[2023-08-14T17:29:25.731+0000] {emr.py:544} INFO - Poking step s-00843903PESJWSCHLHE0 on cluster j-210VO6NKX1CLA
[2023-08-14T17:29:26.597+0000] {emr.py:74} INFO - Job flow currently PENDING
[2023-08-14T17:29:36.614+0000] {emr.py:544} INFO - Poking step s-00843903PESJWSCHLHE0 on cluster j-210VO6NKX1CLA
[2023-08-14T17:29:36.979+0000] {emr.py:74} INFO - Job flow currently PENDING
[2023-08-14T17:29:46.994+0000] {emr.py:544} INFO - Poking step s-00843903PESJWSCHLHE0 on cluster j-210VO6NKX1CLA
[2023-08-14T17:29:47.680+0000] {emr.py:74} INFO - Job flow currently PENDING
[2023-08-14T17:29:57.688+0000] {emr.py:544} INFO - Poking step s-00843903PESJWSCHLHE0 on cluster j-210VO6NKX1CLA
[2023-08-14T17:29:58.104+0000] {emr.py:74} INFO - Job flow currently PENDING
[2023-08-14T17:30:08.106+0000] {emr.py:544} INFO - Poking step s-00843903PESJWSCHLHE0 on cluster j-210VO6NKX1CLA
[2023-08-14T17:30:08.248+0000] {emr.py:74} INFO - Job flow currently PENDING
[2023-08-14T17:30:18.258+0000] {emr.py:544} INFO - Poking step s-00843903PESJWSCHLHE0 on cluster j-210VO6NKX1CLA
[2023-08-14T17:30:18.548+0000] {emr.py:74} INFO - Job flow currently PENDING
[2023-08-14T17:30:28.556+0000] {emr.py:544} INFO - Poking step s-00843903PESJWSCHLHE0 on cluster j-210VO6NKX1CLA
[2023-08-14T17:30:28.669+0000] {emr.py:74} INFO - Job flow currently PENDING
[2023-08-14T17:30:38.676+0000] {emr.py:544} INFO - Poking step s-00843903PESJWSCHLHE0 on cluster j-210VO6NKX1CLA
[2023-08-14T17:30:38.789+0000] {emr.py:74} INFO - Job flow currently PENDING
[2023-08-14T17:30:48.796+0000] {emr.py:544} INFO - Poking step s-00843903PESJWSCHLHE0 on cluster j-210VO6NKX1CLA
[2023-08-14T17:30:48.919+0000] {emr.py:74} INFO - Job flow currently RUNNING
[2023-08-14T17:30:58.926+0000] {emr.py:544} INFO - Poking step s-00843903PESJWSCHLHE0 on cluster j-210VO6NKX1CLA
[2023-08-14T17:30:59.052+0000] {emr.py:74} INFO - Job flow currently RUNNING
[2023-08-14T17:31:09.056+0000] {emr.py:544} INFO - Poking step s-00843903PESJWSCHLHE0 on cluster j-210VO6NKX1CLA
[2023-08-14T17:31:09.175+0000] {emr.py:74} INFO - Job flow currently RUNNING
[2023-08-14T17:31:19.185+0000] {emr.py:544} INFO - Poking step s-00843903PESJWSCHLHE0 on cluster j-210VO6NKX1CLA
[2023-08-14T17:31:19.295+0000] {emr.py:74} INFO - Job flow currently RUNNING
[2023-08-14T17:31:29.296+0000] {emr.py:544} INFO - Poking step s-00843903PESJWSCHLHE0 on cluster j-210VO6NKX1CLA
[2023-08-14T17:31:29.405+0000] {emr.py:74} INFO - Job flow currently RUNNING
[2023-08-14T17:31:39.413+0000] {emr.py:544} INFO - Poking step s-00843903PESJWSCHLHE0 on cluster j-210VO6NKX1CLA
[2023-08-14T17:31:39.527+0000] {emr.py:74} INFO - Job flow currently RUNNING
[2023-08-14T17:31:49.537+0000] {emr.py:544} INFO - Poking step s-00843903PESJWSCHLHE0 on cluster j-210VO6NKX1CLA
[2023-08-14T17:31:49.656+0000] {emr.py:74} INFO - Job flow currently RUNNING
[2023-08-14T17:31:59.656+0000] {emr.py:544} INFO - Poking step s-00843903PESJWSCHLHE0 on cluster j-210VO6NKX1CLA
[2023-08-14T17:31:59.838+0000] {emr.py:74} INFO - Job flow currently RUNNING
[2023-08-14T17:32:09.846+0000] {emr.py:544} INFO - Poking step s-00843903PESJWSCHLHE0 on cluster j-210VO6NKX1CLA
[2023-08-14T17:32:10.022+0000] {emr.py:74} INFO - Job flow currently RUNNING
[2023-08-14T17:32:20.026+0000] {emr.py:544} INFO - Poking step s-00843903PESJWSCHLHE0 on cluster j-210VO6NKX1CLA
[2023-08-14T17:32:20.405+0000] {emr.py:74} INFO - Job flow currently COMPLETED
[2023-08-14T17:32:20.405+0000] {base.py:255} INFO - Success criteria met. Exiting.
[2023-08-14T17:32:20.417+0000] {taskinstance.py:1345} INFO - Marking task as SUCCESS. dag_id=ny_taxi_Pipeline, task_id=step_checker_agg_task, execution_date=20230814T171857, start_date=20230814T172915, end_date=20230814T173220
[2023-08-14T17:32:20.488+0000] {local_task_job_runner.py:225} INFO - Task exited with return code 0
[2023-08-14T17:32:20.539+0000] {taskinstance.py:2653} INFO - 1 downstream tasks scheduled from follow-on schedule check
