[2023-08-12T10:23:35.974+0000] {warnings.py:109} WARNING - /home/***/.local/lib/python3.9/site-packages/***/utils/sqlalchemy.py:124: DeprecationWarning: The sql_alchemy_conn option in [core] has been moved to the sql_alchemy_conn option in [database] - the old setting has been used, but please update your config.
  return not conf.get("database", "sql_alchemy_conn").startswith("mssql")

[2023-08-12T10:23:36.091+0000] {taskinstance.py:1103} INFO - Dependencies all met for dep_context=non-requeueable deps ti=<TaskInstance: emrPipeline.create_emr_cluster scheduled__2023-08-12T09:00:00+00:00 [queued]>
[2023-08-12T10:23:36.100+0000] {taskinstance.py:1103} INFO - Dependencies all met for dep_context=requeueable deps ti=<TaskInstance: emrPipeline.create_emr_cluster scheduled__2023-08-12T09:00:00+00:00 [queued]>
[2023-08-12T10:23:36.100+0000] {taskinstance.py:1308} INFO - Starting attempt 1 of 1
[2023-08-12T10:23:36.113+0000] {taskinstance.py:1327} INFO - Executing <Task(EmrCreateJobFlowOperator): create_emr_cluster> on 2023-08-12 09:00:00+00:00
[2023-08-12T10:23:36.120+0000] {standard_task_runner.py:57} INFO - Started process 1907 to run task
[2023-08-12T10:23:36.127+0000] {standard_task_runner.py:84} INFO - Running: ['***', 'tasks', 'run', 'emrPipeline', 'create_emr_cluster', 'scheduled__2023-08-12T09:00:00+00:00', '--job-id', '138', '--raw', '--subdir', 'DAGS_FOLDER/emr.py', '--cfg-path', '/tmp/tmpssqlraoj']
[2023-08-12T10:23:36.133+0000] {standard_task_runner.py:85} INFO - Job 138: Subtask create_emr_cluster
[2023-08-12T10:23:36.146+0000] {warnings.py:109} WARNING - /home/***/.local/lib/python3.9/site-packages/***/settings.py:195: DeprecationWarning: The sql_alchemy_conn option in [core] has been moved to the sql_alchemy_conn option in [database] - the old setting has been used, but please update your config.
  SQL_ALCHEMY_CONN = conf.get("database", "SQL_ALCHEMY_CONN")

[2023-08-12T10:23:36.186+0000] {task_command.py:410} INFO - Running <TaskInstance: emrPipeline.create_emr_cluster scheduled__2023-08-12T09:00:00+00:00 [running]> on host 484e6be077e8
[2023-08-12T10:23:36.197+0000] {warnings.py:109} WARNING - /home/***/.local/lib/python3.9/site-packages/***/utils/sqlalchemy.py:124: DeprecationWarning: The sql_alchemy_conn option in [core] has been moved to the sql_alchemy_conn option in [database] - the old setting has been used, but please update your config.
  return not conf.get("database", "sql_alchemy_conn").startswith("mssql")

[2023-08-12T10:23:36.275+0000] {taskinstance.py:1545} INFO - Exporting env vars: AIRFLOW_CTX_DAG_OWNER='***' AIRFLOW_CTX_DAG_ID='emrPipeline' AIRFLOW_CTX_TASK_ID='create_emr_cluster' AIRFLOW_CTX_EXECUTION_DATE='2023-08-12T09:00:00+00:00' AIRFLOW_CTX_TRY_NUMBER='1' AIRFLOW_CTX_DAG_RUN_ID='scheduled__2023-08-12T09:00:00+00:00'
[2023-08-12T10:23:36.276+0000] {emr.py:700} INFO - Creating job flow using aws_conn_id: aws_connection, emr_conn_id: EMR_Connection
[2023-08-12T10:23:36.288+0000] {base.py:73} INFO - Using connection ID 'EMR_Connection' for task execution.
[2023-08-12T10:23:36.297+0000] {base.py:73} INFO - Using connection ID 'aws_connection' for task execution.
[2023-08-12T10:23:36.298+0000] {connection_wrapper.py:340} INFO - AWS Connection (conn_id='aws_connection', conn_type='aws') credentials retrieved from login and password.
[2023-08-12T10:23:36.868+0000] {taskinstance.py:1824} ERROR - Task failed with exception
Traceback (most recent call last):
  File "/home/airflow/.local/lib/python3.9/site-packages/airflow/providers/amazon/aws/operators/emr.py", line 708, in execute
    response = self._emr_hook.create_job_flow(job_flow_overrides)
  File "/home/airflow/.local/lib/python3.9/site-packages/airflow/providers/amazon/aws/hooks/emr.py", line 134, in create_job_flow
    response = self.get_conn().run_job_flow(**config)
  File "/home/airflow/.local/lib/python3.9/site-packages/botocore/client.py", line 530, in _api_call
    return self._make_api_call(operation_name, kwargs)
  File "/home/airflow/.local/lib/python3.9/site-packages/botocore/client.py", line 964, in _make_api_call
    raise error_class(parsed_response, operation_name)
botocore.exceptions.ClientError: An error occurred (AccessDeniedException) when calling the RunJobFlow operation: User: arn:aws:iam::569280590340:user/paran is not authorized to perform: iam:PassRole on resource: arn:aws:iam::569280590340:role/EMR_DefaultRole with an explicit deny in an identity-based policy
[2023-08-12T10:23:36.880+0000] {taskinstance.py:1345} INFO - Marking task as FAILED. dag_id=emrPipeline, task_id=create_emr_cluster, execution_date=20230812T090000, start_date=20230812T102336, end_date=20230812T102336
[2023-08-12T10:23:36.894+0000] {standard_task_runner.py:104} ERROR - Failed to execute job 138 for task create_emr_cluster (An error occurred (AccessDeniedException) when calling the RunJobFlow operation: User: arn:aws:iam::569280590340:user/paran is not authorized to perform: iam:PassRole on resource: arn:aws:iam::569280590340:role/EMR_DefaultRole with an explicit deny in an identity-based policy; 1907)
[2023-08-12T10:23:36.941+0000] {local_task_job_runner.py:225} INFO - Task exited with return code 1
[2023-08-12T10:23:36.961+0000] {taskinstance.py:2653} INFO - 0 downstream tasks scheduled from follow-on schedule check
