[2023-08-14T18:34:21.218+0000] {taskinstance.py:1103} INFO - Dependencies all met for dep_context=non-requeueable deps ti=<TaskInstance: ny_taxi_Pipeline.step_checker_hive_task manual__2023-08-14T18:24:06+00:00 [queued]>
[2023-08-14T18:34:21.353+0000] {taskinstance.py:1103} INFO - Dependencies all met for dep_context=requeueable deps ti=<TaskInstance: ny_taxi_Pipeline.step_checker_hive_task manual__2023-08-14T18:24:06+00:00 [queued]>
[2023-08-14T18:34:21.354+0000] {taskinstance.py:1308} INFO - Starting attempt 1 of 1
[2023-08-14T18:34:21.535+0000] {taskinstance.py:1327} INFO - Executing <Task(EmrStepSensor): step_checker_hive_task> on 2023-08-14 18:24:06+00:00
[2023-08-14T18:34:21.669+0000] {standard_task_runner.py:57} INFO - Started process 14233 to run task
[2023-08-14T18:34:21.682+0000] {standard_task_runner.py:84} INFO - Running: ['***', 'tasks', 'run', 'ny_taxi_Pipeline', 'step_checker_hive_task', 'manual__2023-08-14T18:24:06+00:00', '--job-id', '1605', '--raw', '--subdir', 'DAGS_FOLDER/ny_taxi_datapipeline.py', '--cfg-path', '/tmp/tmp0uxa3vmn']
[2023-08-14T18:34:21.713+0000] {standard_task_runner.py:85} INFO - Job 1605: Subtask step_checker_hive_task
[2023-08-14T18:34:21.884+0000] {warnings.py:109} WARNING - /home/***/.local/lib/python3.9/site-packages/***/settings.py:195: DeprecationWarning: The sql_alchemy_conn option in [core] has been moved to the sql_alchemy_conn option in [database] - the old setting has been used, but please update your config.
  SQL_ALCHEMY_CONN = conf.get("database", "SQL_ALCHEMY_CONN")

[2023-08-14T18:34:22.692+0000] {task_command.py:410} INFO - Running <TaskInstance: ny_taxi_Pipeline.step_checker_hive_task manual__2023-08-14T18:24:06+00:00 [running]> on host d4028c5ba2ac
[2023-08-14T18:34:24.781+0000] {taskinstance.py:1545} INFO - Exporting env vars: AIRFLOW_CTX_DAG_OWNER='***' AIRFLOW_CTX_DAG_ID='ny_taxi_Pipeline' AIRFLOW_CTX_TASK_ID='step_checker_hive_task' AIRFLOW_CTX_EXECUTION_DATE='2023-08-14T18:24:06+00:00' AIRFLOW_CTX_TRY_NUMBER='1' AIRFLOW_CTX_DAG_RUN_ID='manual__2023-08-14T18:24:06+00:00'
[2023-08-14T18:34:24.921+0000] {base.py:73} INFO - Using connection ID 'aws_connection' for task execution.
[2023-08-14T18:34:24.922+0000] {connection_wrapper.py:340} INFO - AWS Connection (conn_id='aws_connection', conn_type='aws') credentials retrieved from login and password.
[2023-08-14T18:34:31.284+0000] {emr.py:544} INFO - Poking step s-04401023IKLTK6JT8JL6 on cluster j-1YSW736131KVH
[2023-08-14T18:34:37.044+0000] {emr.py:74} INFO - Job flow currently PENDING
[2023-08-14T18:34:47.049+0000] {emr.py:544} INFO - Poking step s-04401023IKLTK6JT8JL6 on cluster j-1YSW736131KVH
[2023-08-14T18:34:47.391+0000] {emr.py:74} INFO - Job flow currently RUNNING
[2023-08-14T18:34:57.396+0000] {emr.py:544} INFO - Poking step s-04401023IKLTK6JT8JL6 on cluster j-1YSW736131KVH
[2023-08-14T18:34:57.949+0000] {emr.py:74} INFO - Job flow currently RUNNING
[2023-08-14T18:35:07.956+0000] {emr.py:544} INFO - Poking step s-04401023IKLTK6JT8JL6 on cluster j-1YSW736131KVH
[2023-08-14T18:35:08.069+0000] {emr.py:74} INFO - Job flow currently RUNNING
[2023-08-14T18:35:18.076+0000] {emr.py:544} INFO - Poking step s-04401023IKLTK6JT8JL6 on cluster j-1YSW736131KVH
[2023-08-14T18:35:18.189+0000] {emr.py:74} INFO - Job flow currently RUNNING
[2023-08-14T18:35:28.196+0000] {emr.py:544} INFO - Poking step s-04401023IKLTK6JT8JL6 on cluster j-1YSW736131KVH
[2023-08-14T18:35:28.302+0000] {emr.py:74} INFO - Job flow currently RUNNING
[2023-08-14T18:35:38.306+0000] {emr.py:544} INFO - Poking step s-04401023IKLTK6JT8JL6 on cluster j-1YSW736131KVH
[2023-08-14T18:35:38.460+0000] {emr.py:74} INFO - Job flow currently RUNNING
[2023-08-14T18:35:48.468+0000] {emr.py:544} INFO - Poking step s-04401023IKLTK6JT8JL6 on cluster j-1YSW736131KVH
[2023-08-14T18:35:48.570+0000] {emr.py:74} INFO - Job flow currently COMPLETED
[2023-08-14T18:35:48.570+0000] {base.py:255} INFO - Success criteria met. Exiting.
[2023-08-14T18:35:48.579+0000] {taskinstance.py:1345} INFO - Marking task as SUCCESS. dag_id=ny_taxi_Pipeline, task_id=step_checker_hive_task, execution_date=20230814T182406, start_date=20230814T183421, end_date=20230814T183548
[2023-08-14T18:35:48.629+0000] {local_task_job_runner.py:225} INFO - Task exited with return code 0
[2023-08-14T18:35:48.661+0000] {taskinstance.py:2653} INFO - 0 downstream tasks scheduled from follow-on schedule check
