[2023-07-25 17:47:28,100] {taskinstance.py:896} INFO - Dependencies all met for <TaskInstance: example_bash_operator.runme_2 2023-07-25T17:47:26.117172+00:00 [queued]>
[2023-07-25 17:47:28,195] {taskinstance.py:896} INFO - Dependencies all met for <TaskInstance: example_bash_operator.runme_2 2023-07-25T17:47:26.117172+00:00 [queued]>
[2023-07-25 17:47:28,195] {taskinstance.py:1087} INFO - 
--------------------------------------------------------------------------------
[2023-07-25 17:47:28,195] {taskinstance.py:1088} INFO - Starting attempt 1 of 1
[2023-07-25 17:47:28,195] {taskinstance.py:1089} INFO - 
--------------------------------------------------------------------------------
[2023-07-25 17:47:28,252] {taskinstance.py:1107} INFO - Executing <Task(BashOperator): runme_2> on 2023-07-25T17:47:26.117172+00:00
[2023-07-25 17:47:28,263] {standard_task_runner.py:52} INFO - Started process 913 to run task
[2023-07-25 17:47:28,285] {standard_task_runner.py:76} INFO - Running: ['***', 'tasks', 'run', 'example_bash_operator', 'runme_2', '2023-07-25T17:47:26.117172+00:00', '--job-id', '16', '--pool', 'default_pool', '--raw', '--subdir', '/home/***/.local/lib/python3.9/site-packages/***/example_dags/example_bash_operator.py', '--cfg-path', '/tmp/tmpjvdn931u', '--error-file', '/tmp/tmpyab18mao']
[2023-07-25 17:47:28,286] {standard_task_runner.py:77} INFO - Job 16: Subtask runme_2
[2023-07-25 17:47:28,476] {logging_mixin.py:104} INFO - Running <TaskInstance: example_bash_operator.runme_2 2023-07-25T17:47:26.117172+00:00 [running]> on host 2ae13fbb8692
[2023-07-25 17:47:28,622] {taskinstance.py:1300} INFO - Exporting the following env vars:
AIRFLOW_CTX_DAG_OWNER=***
AIRFLOW_CTX_DAG_ID=example_bash_operator
AIRFLOW_CTX_TASK_ID=runme_2
AIRFLOW_CTX_EXECUTION_DATE=2023-07-25T17:47:26.117172+00:00
AIRFLOW_CTX_DAG_RUN_ID=manual__2023-07-25T17:47:26.117172+00:00
[2023-07-25 17:47:28,623] {subprocess.py:52} INFO - Tmp dir root location: 
 /tmp
[2023-07-25 17:47:28,624] {subprocess.py:63} INFO - Running command: ['bash', '-c', 'echo "example_bash_operator__runme_2__20230725" && sleep 1']
[2023-07-25 17:47:28,657] {subprocess.py:74} INFO - Output:
[2023-07-25 17:47:28,672] {subprocess.py:78} INFO - example_bash_operator__runme_2__20230725
[2023-07-25 17:47:29,676] {subprocess.py:82} INFO - Command exited with return code 0
[2023-07-25 17:47:29,713] {taskinstance.py:1204} INFO - Marking task as SUCCESS. dag_id=example_bash_operator, task_id=runme_2, execution_date=20230725T174726, start_date=20230725T174728, end_date=20230725T174729
[2023-07-25 17:47:29,749] {taskinstance.py:1265} INFO - 1 downstream tasks scheduled from follow-on schedule check
[2023-07-25 17:47:29,772] {local_task_job.py:149} INFO - Task exited with return code 0
