[2023-08-13T14:25:02.944+0000] {taskinstance.py:1103} INFO - Dependencies all met for dep_context=non-requeueable deps ti=<TaskInstance: emrPipeline.copyFile manual__2023-08-13T14:23:20+00:00 [queued]>
[2023-08-13T14:25:03.074+0000] {taskinstance.py:1103} INFO - Dependencies all met for dep_context=requeueable deps ti=<TaskInstance: emrPipeline.copyFile manual__2023-08-13T14:23:20+00:00 [queued]>
[2023-08-13T14:25:03.075+0000] {taskinstance.py:1308} INFO - Starting attempt 1 of 1
[2023-08-13T14:25:03.195+0000] {taskinstance.py:1327} INFO - Executing <Task(BashOperator): copyFile> on 2023-08-13 14:23:20+00:00
[2023-08-13T14:25:03.331+0000] {standard_task_runner.py:57} INFO - Started process 6696 to run task
[2023-08-13T14:25:03.295+0000] {standard_task_runner.py:84} INFO - Running: ['***', 'tasks', 'run', 'emrPipeline', 'copyFile', 'manual__2023-08-13T14:23:20+00:00', '--job-id', '926', '--raw', '--subdir', 'DAGS_FOLDER/emr.py', '--cfg-path', '/tmp/tmpeawesr9m']
[2023-08-13T14:25:03.333+0000] {standard_task_runner.py:85} INFO - Job 926: Subtask copyFile
[2023-08-13T14:25:03.414+0000] {warnings.py:109} WARNING - /home/***/.local/lib/python3.9/site-packages/***/settings.py:195: DeprecationWarning: The sql_alchemy_conn option in [core] has been moved to the sql_alchemy_conn option in [database] - the old setting has been used, but please update your config.
  SQL_ALCHEMY_CONN = conf.get("database", "SQL_ALCHEMY_CONN")

[2023-08-13T14:25:03.676+0000] {task_command.py:410} INFO - Running <TaskInstance: emrPipeline.copyFile manual__2023-08-13T14:23:20+00:00 [running]> on host 484e6be077e8
[2023-08-13T14:25:04.263+0000] {taskinstance.py:1545} INFO - Exporting env vars: AIRFLOW_CTX_DAG_OWNER='***' AIRFLOW_CTX_DAG_ID='emrPipeline' AIRFLOW_CTX_TASK_ID='copyFile' AIRFLOW_CTX_EXECUTION_DATE='2023-08-13T14:23:20+00:00' AIRFLOW_CTX_TRY_NUMBER='1' AIRFLOW_CTX_DAG_RUN_ID='manual__2023-08-13T14:23:20+00:00'
[2023-08-13T14:25:04.279+0000] {subprocess.py:63} INFO - Tmp dir root location: /tmp
[2023-08-13T14:25:04.280+0000] {subprocess.py:75} INFO - Running command: ['/bin/bash', '-c', '\n    s3_buckName=${s3_bucketName}\n    s3_source_dir=${s3_source_dir}\n    s3_target_dir=${s3_target_dir}\n    export AWS_ACCESS_KEY_ID="AKIAYJC6EOICLQ475Y7D"\n    export AWS_SECRET_ACCESS_KEY="***"\n    fileName=$(/home/***/.local/bin/aws s3 ls s3://${s3_buckName}/${s3_source_dir}/ | sed -n 2p | awk \'{ print $4 }\')\n    timeStamp=$(echo $fileName | awk -F "_"  \'{ print $2}\')\n    /home/***/.local/bin/aws s3 cp   s3://${s3_buckName}/${s3_source_dir}/$fileName   s3://${s3_buckName}/${s3_target_dir/}\n    echo $timeStamp\n    ']
[2023-08-13T14:25:04.340+0000] {subprocess.py:86} INFO - Output:
[2023-08-13T14:25:09.791+0000] {subprocess.py:93} INFO - Completed 1.4 MiB/1.4 MiB (7.0 MiB/s) with 1 file(s) remainingcopy: s3://myawsbucket19080/hiveStep/raw/tripdata_20230813T142320_validated.csv to s3://myawsbucket19080/hiveStep/inputData
[2023-08-13T14:25:09.933+0000] {subprocess.py:93} INFO - 20230813T142320
[2023-08-13T14:25:09.934+0000] {subprocess.py:97} INFO - Command exited with return code 0
[2023-08-13T14:25:09.979+0000] {taskinstance.py:1345} INFO - Marking task as SUCCESS. dag_id=emrPipeline, task_id=copyFile, execution_date=20230813T142320, start_date=20230813T142502, end_date=20230813T142509
[2023-08-13T14:25:10.022+0000] {local_task_job_runner.py:225} INFO - Task exited with return code 0
[2023-08-13T14:25:10.133+0000] {taskinstance.py:2653} INFO - 0 downstream tasks scheduled from follow-on schedule check
