[2023-08-14T20:17:13.189+0000] {taskinstance.py:1103} INFO - Dependencies all met for dep_context=non-requeueable deps ti=<TaskInstance: ny_taxi_Pipeline.step_checker_hive_task manual__2023-08-14T20:07:45+00:00 [queued]>
[2023-08-14T20:17:13.200+0000] {taskinstance.py:1103} INFO - Dependencies all met for dep_context=requeueable deps ti=<TaskInstance: ny_taxi_Pipeline.step_checker_hive_task manual__2023-08-14T20:07:45+00:00 [queued]>
[2023-08-14T20:17:13.201+0000] {taskinstance.py:1308} INFO - Starting attempt 1 of 1
[2023-08-14T20:17:13.218+0000] {taskinstance.py:1327} INFO - Executing <Task(EmrStepSensor): step_checker_hive_task> on 2023-08-14 20:07:45+00:00
[2023-08-14T20:17:13.225+0000] {standard_task_runner.py:57} INFO - Started process 17410 to run task
[2023-08-14T20:17:13.232+0000] {standard_task_runner.py:84} INFO - Running: ['***', 'tasks', 'run', 'ny_taxi_Pipeline', 'step_checker_hive_task', 'manual__2023-08-14T20:07:45+00:00', '--job-id', '1696', '--raw', '--subdir', 'DAGS_FOLDER/ny_taxi_datapipeline.py', '--cfg-path', '/tmp/tmpac57pq5l']
[2023-08-14T20:17:13.235+0000] {standard_task_runner.py:85} INFO - Job 1696: Subtask step_checker_hive_task
[2023-08-14T20:17:13.249+0000] {warnings.py:109} WARNING - /home/***/.local/lib/python3.9/site-packages/***/settings.py:195: DeprecationWarning: The sql_alchemy_conn option in [core] has been moved to the sql_alchemy_conn option in [database] - the old setting has been used, but please update your config.
  SQL_ALCHEMY_CONN = conf.get("database", "SQL_ALCHEMY_CONN")

[2023-08-14T20:17:13.294+0000] {task_command.py:410} INFO - Running <TaskInstance: ny_taxi_Pipeline.step_checker_hive_task manual__2023-08-14T20:07:45+00:00 [running]> on host d4028c5ba2ac
[2023-08-14T20:17:13.442+0000] {taskinstance.py:1545} INFO - Exporting env vars: AIRFLOW_CTX_DAG_OWNER='***' AIRFLOW_CTX_DAG_ID='ny_taxi_Pipeline' AIRFLOW_CTX_TASK_ID='step_checker_hive_task' AIRFLOW_CTX_EXECUTION_DATE='2023-08-14T20:07:45+00:00' AIRFLOW_CTX_TRY_NUMBER='1' AIRFLOW_CTX_DAG_RUN_ID='manual__2023-08-14T20:07:45+00:00'
[2023-08-14T20:17:13.451+0000] {base.py:73} INFO - Using connection ID 'aws_connection' for task execution.
[2023-08-14T20:17:13.452+0000] {connection_wrapper.py:340} INFO - AWS Connection (conn_id='aws_connection', conn_type='aws') credentials retrieved from login and password.
[2023-08-14T20:17:14.013+0000] {emr.py:544} INFO - Poking step s-0827979RF4U6FRHGWID on cluster j-2OPNK81HY73SB
[2023-08-14T20:17:14.141+0000] {emr.py:74} INFO - Job flow currently PENDING
[2023-08-14T20:17:24.146+0000] {emr.py:544} INFO - Poking step s-0827979RF4U6FRHGWID on cluster j-2OPNK81HY73SB
[2023-08-14T20:17:24.260+0000] {emr.py:74} INFO - Job flow currently PENDING
[2023-08-14T20:17:34.266+0000] {emr.py:544} INFO - Poking step s-0827979RF4U6FRHGWID on cluster j-2OPNK81HY73SB
[2023-08-14T20:17:34.380+0000] {emr.py:74} INFO - Job flow currently PENDING
[2023-08-14T20:17:44.397+0000] {emr.py:544} INFO - Poking step s-0827979RF4U6FRHGWID on cluster j-2OPNK81HY73SB
[2023-08-14T20:17:44.903+0000] {emr.py:74} INFO - Job flow currently PENDING
[2023-08-14T20:17:54.906+0000] {emr.py:544} INFO - Poking step s-0827979RF4U6FRHGWID on cluster j-2OPNK81HY73SB
[2023-08-14T20:17:55.327+0000] {emr.py:74} INFO - Job flow currently PENDING
[2023-08-14T20:18:05.336+0000] {emr.py:544} INFO - Poking step s-0827979RF4U6FRHGWID on cluster j-2OPNK81HY73SB
[2023-08-14T20:18:05.777+0000] {emr.py:74} INFO - Job flow currently RUNNING
[2023-08-14T20:18:15.789+0000] {emr.py:544} INFO - Poking step s-0827979RF4U6FRHGWID on cluster j-2OPNK81HY73SB
[2023-08-14T20:18:16.112+0000] {emr.py:74} INFO - Job flow currently RUNNING
[2023-08-14T20:18:26.116+0000] {emr.py:544} INFO - Poking step s-0827979RF4U6FRHGWID on cluster j-2OPNK81HY73SB
[2023-08-14T20:18:26.692+0000] {emr.py:74} INFO - Job flow currently RUNNING
[2023-08-14T20:18:36.702+0000] {emr.py:544} INFO - Poking step s-0827979RF4U6FRHGWID on cluster j-2OPNK81HY73SB
[2023-08-14T20:18:37.177+0000] {emr.py:74} INFO - Job flow currently RUNNING
[2023-08-14T20:18:47.187+0000] {emr.py:544} INFO - Poking step s-0827979RF4U6FRHGWID on cluster j-2OPNK81HY73SB
[2023-08-14T20:18:47.584+0000] {emr.py:74} INFO - Job flow currently RUNNING
[2023-08-14T20:18:57.592+0000] {emr.py:544} INFO - Poking step s-0827979RF4U6FRHGWID on cluster j-2OPNK81HY73SB
[2023-08-14T20:18:57.916+0000] {emr.py:74} INFO - Job flow currently RUNNING
[2023-08-14T20:19:07.921+0000] {emr.py:544} INFO - Poking step s-0827979RF4U6FRHGWID on cluster j-2OPNK81HY73SB
[2023-08-14T20:19:08.337+0000] {emr.py:74} INFO - Job flow currently COMPLETED
[2023-08-14T20:19:08.338+0000] {base.py:255} INFO - Success criteria met. Exiting.
[2023-08-14T20:19:08.408+0000] {taskinstance.py:1345} INFO - Marking task as SUCCESS. dag_id=ny_taxi_Pipeline, task_id=step_checker_hive_task, execution_date=20230814T200745, start_date=20230814T201713, end_date=20230814T201908
[2023-08-14T20:19:08.735+0000] {local_task_job_runner.py:225} INFO - Task exited with return code 0
[2023-08-14T20:19:08.935+0000] {taskinstance.py:2653} INFO - 1 downstream tasks scheduled from follow-on schedule check
