[2023-08-14T17:45:47.818+0000] {warnings.py:109} WARNING - /home/***/.local/lib/python3.9/site-packages/***/utils/sqlalchemy.py:124: DeprecationWarning: The sql_alchemy_conn option in [core] has been moved to the sql_alchemy_conn option in [database] - the old setting has been used, but please update your config.
  return not conf.get("database", "sql_alchemy_conn").startswith("mssql")

[2023-08-14T17:45:47.829+0000] {taskinstance.py:1103} INFO - Dependencies all met for dep_context=non-requeueable deps ti=<TaskInstance: serial_parallel_data_pipeline.B0 scheduled__2023-08-13T00:00:00+00:00 [queued]>
[2023-08-14T17:45:47.837+0000] {taskinstance.py:1103} INFO - Dependencies all met for dep_context=requeueable deps ti=<TaskInstance: serial_parallel_data_pipeline.B0 scheduled__2023-08-13T00:00:00+00:00 [queued]>
[2023-08-14T17:45:47.838+0000] {taskinstance.py:1308} INFO - Starting attempt 1 of 1
[2023-08-14T17:45:47.853+0000] {taskinstance.py:1327} INFO - Executing <Task(BranchPythonOperator): B0> on 2023-08-13 00:00:00+00:00
[2023-08-14T17:45:47.860+0000] {standard_task_runner.py:57} INFO - Started process 12637 to run task
[2023-08-14T17:45:47.867+0000] {standard_task_runner.py:84} INFO - Running: ['***', 'tasks', 'run', 'serial_parallel_data_pipeline', 'B0', 'scheduled__2023-08-13T00:00:00+00:00', '--job-id', '1536', '--raw', '--subdir', 'DAGS_FOLDER/data_pipleline_serial_and_parallel.py', '--cfg-path', '/tmp/tmp5g8r8bvd']
[2023-08-14T17:45:47.870+0000] {standard_task_runner.py:85} INFO - Job 1536: Subtask B0
[2023-08-14T17:45:47.883+0000] {warnings.py:109} WARNING - /home/***/.local/lib/python3.9/site-packages/***/settings.py:195: DeprecationWarning: The sql_alchemy_conn option in [core] has been moved to the sql_alchemy_conn option in [database] - the old setting has been used, but please update your config.
  SQL_ALCHEMY_CONN = conf.get("database", "SQL_ALCHEMY_CONN")

[2023-08-14T17:45:47.922+0000] {task_command.py:410} INFO - Running <TaskInstance: serial_parallel_data_pipeline.B0 scheduled__2023-08-13T00:00:00+00:00 [running]> on host d4028c5ba2ac
[2023-08-14T17:45:47.936+0000] {warnings.py:109} WARNING - /home/***/.local/lib/python3.9/site-packages/***/utils/sqlalchemy.py:124: DeprecationWarning: The sql_alchemy_conn option in [core] has been moved to the sql_alchemy_conn option in [database] - the old setting has been used, but please update your config.
  return not conf.get("database", "sql_alchemy_conn").startswith("mssql")

[2023-08-14T17:45:48.005+0000] {taskinstance.py:1545} INFO - Exporting env vars: AIRFLOW_CTX_DAG_OWNER='***' AIRFLOW_CTX_DAG_ID='serial_parallel_data_pipeline' AIRFLOW_CTX_TASK_ID='B0' AIRFLOW_CTX_EXECUTION_DATE='2023-08-13T00:00:00+00:00' AIRFLOW_CTX_TRY_NUMBER='1' AIRFLOW_CTX_DAG_RUN_ID='scheduled__2023-08-13T00:00:00+00:00'
[2023-08-14T17:45:48.006+0000] {taskinstance.py:1824} ERROR - Task failed with exception
Traceback (most recent call last):
  File "/home/airflow/.local/lib/python3.9/site-packages/airflow/operators/python.py", line 215, in execute
    branch = super().execute(context)
  File "/home/airflow/.local/lib/python3.9/site-packages/airflow/operators/python.py", line 181, in execute
    return_value = self.execute_callable()
  File "/home/airflow/.local/lib/python3.9/site-packages/airflow/operators/python.py", line 198, in execute_callable
    return self.python_callable(*self.op_args, **self.op_kwargs)
  File "/opt/airflow/dags/data_pipleline_serial_and_parallel.py", line 9, in _check_flag
    if context['dag_run'].conf['flag']  == "true":
KeyError: 'flag'
[2023-08-14T17:45:48.015+0000] {taskinstance.py:1345} INFO - Marking task as FAILED. dag_id=serial_parallel_data_pipeline, task_id=B0, execution_date=20230813T000000, start_date=20230814T174547, end_date=20230814T174548
[2023-08-14T17:45:48.028+0000] {standard_task_runner.py:104} ERROR - Failed to execute job 1536 for task B0 ('flag'; 12637)
[2023-08-14T17:45:48.076+0000] {local_task_job_runner.py:225} INFO - Task exited with return code 1
[2023-08-14T17:45:48.112+0000] {taskinstance.py:2653} INFO - 0 downstream tasks scheduled from follow-on schedule check
