[2023-08-13T14:00:08.314+0000] {warnings.py:109} WARNING - /home/***/.local/lib/python3.9/site-packages/***/utils/sqlalchemy.py:124: DeprecationWarning: The sql_alchemy_conn option in [core] has been moved to the sql_alchemy_conn option in [database] - the old setting has been used, but please update your config.
  return not conf.get("database", "sql_alchemy_conn").startswith("mssql")

[2023-08-13T14:00:08.386+0000] {taskinstance.py:1103} INFO - Dependencies all met for dep_context=non-requeueable deps ti=<TaskInstance: emrPipeline.S0 scheduled__2023-08-13T13:00:00+00:00 [queued]>
[2023-08-13T14:00:08.399+0000] {taskinstance.py:1103} INFO - Dependencies all met for dep_context=requeueable deps ti=<TaskInstance: emrPipeline.S0 scheduled__2023-08-13T13:00:00+00:00 [queued]>
[2023-08-13T14:00:08.403+0000] {taskinstance.py:1308} INFO - Starting attempt 1 of 1
[2023-08-13T14:00:08.423+0000] {taskinstance.py:1327} INFO - Executing <Task(BashOperator): S0> on 2023-08-13 13:00:00+00:00
[2023-08-13T14:00:08.442+0000] {standard_task_runner.py:57} INFO - Started process 5839 to run task
[2023-08-13T14:00:08.450+0000] {standard_task_runner.py:84} INFO - Running: ['***', 'tasks', 'run', 'emrPipeline', 'S0', 'scheduled__2023-08-13T13:00:00+00:00', '--job-id', '890', '--raw', '--subdir', 'DAGS_FOLDER/emr.py', '--cfg-path', '/tmp/tmp692_bqtk']
[2023-08-13T14:00:08.453+0000] {standard_task_runner.py:85} INFO - Job 890: Subtask S0
[2023-08-13T14:00:08.473+0000] {warnings.py:109} WARNING - /home/***/.local/lib/python3.9/site-packages/***/settings.py:195: DeprecationWarning: The sql_alchemy_conn option in [core] has been moved to the sql_alchemy_conn option in [database] - the old setting has been used, but please update your config.
  SQL_ALCHEMY_CONN = conf.get("database", "SQL_ALCHEMY_CONN")

[2023-08-13T14:00:08.542+0000] {task_command.py:410} INFO - Running <TaskInstance: emrPipeline.S0 scheduled__2023-08-13T13:00:00+00:00 [running]> on host 484e6be077e8
[2023-08-13T14:00:08.559+0000] {warnings.py:109} WARNING - /home/***/.local/lib/python3.9/site-packages/***/utils/sqlalchemy.py:124: DeprecationWarning: The sql_alchemy_conn option in [core] has been moved to the sql_alchemy_conn option in [database] - the old setting has been used, but please update your config.
  return not conf.get("database", "sql_alchemy_conn").startswith("mssql")

[2023-08-13T14:00:08.724+0000] {taskinstance.py:1545} INFO - Exporting env vars: AIRFLOW_CTX_DAG_OWNER='***' AIRFLOW_CTX_DAG_ID='emrPipeline' AIRFLOW_CTX_TASK_ID='S0' AIRFLOW_CTX_EXECUTION_DATE='2023-08-13T13:00:00+00:00' AIRFLOW_CTX_TRY_NUMBER='1' AIRFLOW_CTX_DAG_RUN_ID='scheduled__2023-08-13T13:00:00+00:00'
[2023-08-13T14:00:08.725+0000] {subprocess.py:63} INFO - Tmp dir root location: /tmp
[2023-08-13T14:00:08.726+0000] {subprocess.py:75} INFO - Running command: ['/bin/bash', '-c', 'sleep 10']
[2023-08-13T14:00:08.756+0000] {subprocess.py:86} INFO - Output:
[2023-08-13T14:00:18.765+0000] {subprocess.py:97} INFO - Command exited with return code 0
[2023-08-13T14:00:18.791+0000] {taskinstance.py:1345} INFO - Marking task as SUCCESS. dag_id=emrPipeline, task_id=S0, execution_date=20230813T130000, start_date=20230813T140008, end_date=20230813T140018
[2023-08-13T14:00:18.836+0000] {local_task_job_runner.py:225} INFO - Task exited with return code 0
[2023-08-13T14:00:18.870+0000] {taskinstance.py:2653} INFO - 1 downstream tasks scheduled from follow-on schedule check
