[2023-07-30T15:00:14.503+0000] {warnings.py:109} WARNING - /home/***/.local/lib/python3.9/site-packages/***/utils/sqlalchemy.py:124: DeprecationWarning: The sql_alchemy_conn option in [core] has been moved to the sql_alchemy_conn option in [database] - the old setting has been used, but please update your config.
  return not conf.get("database", "sql_alchemy_conn").startswith("mssql")

[2023-07-30T15:00:14.563+0000] {taskinstance.py:1103} INFO - Dependencies all met for dep_context=non-requeueable deps ti=<TaskInstance: emrPipeline.create_emr_cluster scheduled__2023-07-30T14:00:00+00:00 [queued]>
[2023-07-30T15:00:14.573+0000] {taskinstance.py:1103} INFO - Dependencies all met for dep_context=requeueable deps ti=<TaskInstance: emrPipeline.create_emr_cluster scheduled__2023-07-30T14:00:00+00:00 [queued]>
[2023-07-30T15:00:14.573+0000] {taskinstance.py:1308} INFO - Starting attempt 1 of 1
[2023-07-30T15:00:14.588+0000] {taskinstance.py:1327} INFO - Executing <Task(EmrCreateJobFlowOperator): create_emr_cluster> on 2023-07-30 14:00:00+00:00
[2023-07-30T15:00:14.595+0000] {standard_task_runner.py:57} INFO - Started process 3951 to run task
[2023-07-30T15:00:14.602+0000] {standard_task_runner.py:84} INFO - Running: ['***', 'tasks', 'run', 'emrPipeline', 'create_emr_cluster', 'scheduled__2023-07-30T14:00:00+00:00', '--job-id', '57', '--raw', '--subdir', 'DAGS_FOLDER/emr.py', '--cfg-path', '/tmp/tmpaq_r5jab']
[2023-07-30T15:00:14.608+0000] {standard_task_runner.py:85} INFO - Job 57: Subtask create_emr_cluster
[2023-07-30T15:00:14.622+0000] {warnings.py:109} WARNING - /home/***/.local/lib/python3.9/site-packages/***/settings.py:195: DeprecationWarning: The sql_alchemy_conn option in [core] has been moved to the sql_alchemy_conn option in [database] - the old setting has been used, but please update your config.
  SQL_ALCHEMY_CONN = conf.get("database", "SQL_ALCHEMY_CONN")

[2023-07-30T15:00:14.661+0000] {task_command.py:410} INFO - Running <TaskInstance: emrPipeline.create_emr_cluster scheduled__2023-07-30T14:00:00+00:00 [running]> on host 5c02965f2dba
[2023-07-30T15:00:14.672+0000] {warnings.py:109} WARNING - /home/***/.local/lib/python3.9/site-packages/***/utils/sqlalchemy.py:124: DeprecationWarning: The sql_alchemy_conn option in [core] has been moved to the sql_alchemy_conn option in [database] - the old setting has been used, but please update your config.
  return not conf.get("database", "sql_alchemy_conn").startswith("mssql")

[2023-07-30T15:00:14.753+0000] {taskinstance.py:1545} INFO - Exporting env vars: AIRFLOW_CTX_DAG_OWNER='***' AIRFLOW_CTX_DAG_ID='emrPipeline' AIRFLOW_CTX_TASK_ID='create_emr_cluster' AIRFLOW_CTX_EXECUTION_DATE='2023-07-30T14:00:00+00:00' AIRFLOW_CTX_TRY_NUMBER='1' AIRFLOW_CTX_DAG_RUN_ID='scheduled__2023-07-30T14:00:00+00:00'
[2023-07-30T15:00:14.755+0000] {emr.py:700} INFO - Creating job flow using aws_conn_id: aws_connection, emr_conn_id: EMR_Connection
[2023-07-30T15:00:14.765+0000] {base.py:73} INFO - Using connection ID 'EMR_Connection' for task execution.
[2023-07-30T15:00:14.775+0000] {base.py:73} INFO - Using connection ID 'aws_connection' for task execution.
[2023-07-30T15:00:14.776+0000] {connection_wrapper.py:340} INFO - AWS Connection (conn_id='aws_connection', conn_type='aws') credentials retrieved from login and password.
[2023-07-30T15:00:15.560+0000] {emr.py:714} INFO - Job flow with id j-36C8NL8IN5NTA created
[2023-07-30T15:00:15.669+0000] {taskinstance.py:1345} INFO - Marking task as SUCCESS. dag_id=emrPipeline, task_id=create_emr_cluster, execution_date=20230730T140000, start_date=20230730T150014, end_date=20230730T150015
[2023-07-30T15:00:15.939+0000] {local_task_job_runner.py:225} INFO - Task exited with return code 0
[2023-07-30T15:00:15.968+0000] {taskinstance.py:2653} INFO - 0 downstream tasks scheduled from follow-on schedule check
