[2023-07-25T16:02:20.055+0000] {processor.py:157} INFO - Started process (PID=61) to work on /home/airflow/.local/lib/python3.9/site-packages/airflow/example_dags/example_local_kubernetes_executor.py
[2023-07-25T16:02:20.056+0000] {processor.py:826} INFO - Processing file /home/airflow/.local/lib/python3.9/site-packages/airflow/example_dags/example_local_kubernetes_executor.py for tasks to queue
[2023-07-25T16:02:20.057+0000] {logging_mixin.py:150} INFO - [2023-07-25T16:02:20.057+0000] {dagbag.py:541} INFO - Filling up the DagBag from /home/airflow/.local/lib/python3.9/site-packages/airflow/example_dags/example_local_kubernetes_executor.py
[2023-07-25T16:02:22.631+0000] {processor.py:836} INFO - DAG(s) dict_keys(['example_local_kubernetes_executor']) retrieved from /home/airflow/.local/lib/python3.9/site-packages/airflow/example_dags/example_local_kubernetes_executor.py
[2023-07-25T16:02:22.859+0000] {logging_mixin.py:150} INFO - [2023-07-25T16:02:22.858+0000] {dag.py:2742} INFO - Sync 1 DAGs
[2023-07-25T16:02:22.935+0000] {logging_mixin.py:150} INFO - [2023-07-25T16:02:22.935+0000] {dag.py:3504} INFO - Setting next_dagrun for example_local_kubernetes_executor to None, run_after=None
[2023-07-25T16:02:23.062+0000] {processor.py:179} INFO - Processing /home/airflow/.local/lib/python3.9/site-packages/airflow/example_dags/example_local_kubernetes_executor.py took 3.028 seconds
[2023-07-25T16:02:53.283+0000] {processor.py:157} INFO - Started process (PID=122) to work on /home/airflow/.local/lib/python3.9/site-packages/airflow/example_dags/example_local_kubernetes_executor.py
[2023-07-25T16:02:53.286+0000] {processor.py:826} INFO - Processing file /home/airflow/.local/lib/python3.9/site-packages/airflow/example_dags/example_local_kubernetes_executor.py for tasks to queue
[2023-07-25T16:02:53.287+0000] {logging_mixin.py:150} INFO - [2023-07-25T16:02:53.286+0000] {dagbag.py:541} INFO - Filling up the DagBag from /home/airflow/.local/lib/python3.9/site-packages/airflow/example_dags/example_local_kubernetes_executor.py
[2023-07-25T16:02:54.111+0000] {processor.py:836} INFO - DAG(s) dict_keys(['example_local_kubernetes_executor']) retrieved from /home/airflow/.local/lib/python3.9/site-packages/airflow/example_dags/example_local_kubernetes_executor.py
[2023-07-25T16:02:54.203+0000] {logging_mixin.py:150} INFO - [2023-07-25T16:02:54.202+0000] {dag.py:2742} INFO - Sync 1 DAGs
[2023-07-25T16:02:54.283+0000] {logging_mixin.py:150} INFO - [2023-07-25T16:02:54.283+0000] {dag.py:3504} INFO - Setting next_dagrun for example_local_kubernetes_executor to None, run_after=None
[2023-07-25T16:02:54.415+0000] {processor.py:179} INFO - Processing /home/airflow/.local/lib/python3.9/site-packages/airflow/example_dags/example_local_kubernetes_executor.py took 1.165 seconds
[2023-07-25T16:03:24.674+0000] {processor.py:157} INFO - Started process (PID=183) to work on /home/airflow/.local/lib/python3.9/site-packages/airflow/example_dags/example_local_kubernetes_executor.py
[2023-07-25T16:03:24.705+0000] {processor.py:826} INFO - Processing file /home/airflow/.local/lib/python3.9/site-packages/airflow/example_dags/example_local_kubernetes_executor.py for tasks to queue
[2023-07-25T16:03:24.706+0000] {logging_mixin.py:150} INFO - [2023-07-25T16:03:24.706+0000] {dagbag.py:541} INFO - Filling up the DagBag from /home/airflow/.local/lib/python3.9/site-packages/airflow/example_dags/example_local_kubernetes_executor.py
[2023-07-25T16:03:25.526+0000] {processor.py:836} INFO - DAG(s) dict_keys(['example_local_kubernetes_executor']) retrieved from /home/airflow/.local/lib/python3.9/site-packages/airflow/example_dags/example_local_kubernetes_executor.py
[2023-07-25T16:03:25.588+0000] {logging_mixin.py:150} INFO - [2023-07-25T16:03:25.587+0000] {dag.py:2742} INFO - Sync 1 DAGs
[2023-07-25T16:03:25.639+0000] {logging_mixin.py:150} INFO - [2023-07-25T16:03:25.638+0000] {dag.py:3504} INFO - Setting next_dagrun for example_local_kubernetes_executor to None, run_after=None
[2023-07-25T16:03:25.682+0000] {processor.py:179} INFO - Processing /home/airflow/.local/lib/python3.9/site-packages/airflow/example_dags/example_local_kubernetes_executor.py took 1.012 seconds
[2023-07-25T16:03:56.643+0000] {processor.py:157} INFO - Started process (PID=247) to work on /home/airflow/.local/lib/python3.9/site-packages/airflow/example_dags/example_local_kubernetes_executor.py
[2023-07-25T16:03:56.649+0000] {processor.py:826} INFO - Processing file /home/airflow/.local/lib/python3.9/site-packages/airflow/example_dags/example_local_kubernetes_executor.py for tasks to queue
[2023-07-25T16:03:56.650+0000] {logging_mixin.py:150} INFO - [2023-07-25T16:03:56.649+0000] {dagbag.py:541} INFO - Filling up the DagBag from /home/airflow/.local/lib/python3.9/site-packages/airflow/example_dags/example_local_kubernetes_executor.py
[2023-07-25T16:03:57.370+0000] {processor.py:836} INFO - DAG(s) dict_keys(['example_local_kubernetes_executor']) retrieved from /home/airflow/.local/lib/python3.9/site-packages/airflow/example_dags/example_local_kubernetes_executor.py
[2023-07-25T16:03:57.476+0000] {logging_mixin.py:150} INFO - [2023-07-25T16:03:57.475+0000] {dag.py:2742} INFO - Sync 1 DAGs
[2023-07-25T16:03:57.542+0000] {logging_mixin.py:150} INFO - [2023-07-25T16:03:57.541+0000] {dag.py:3504} INFO - Setting next_dagrun for example_local_kubernetes_executor to None, run_after=None
[2023-07-25T16:03:57.590+0000] {processor.py:179} INFO - Processing /home/airflow/.local/lib/python3.9/site-packages/airflow/example_dags/example_local_kubernetes_executor.py took 0.951 seconds
[2023-07-25T16:04:28.459+0000] {processor.py:157} INFO - Started process (PID=310) to work on /home/airflow/.local/lib/python3.9/site-packages/airflow/example_dags/example_local_kubernetes_executor.py
[2023-07-25T16:04:28.461+0000] {processor.py:826} INFO - Processing file /home/airflow/.local/lib/python3.9/site-packages/airflow/example_dags/example_local_kubernetes_executor.py for tasks to queue
[2023-07-25T16:04:28.462+0000] {logging_mixin.py:150} INFO - [2023-07-25T16:04:28.461+0000] {dagbag.py:541} INFO - Filling up the DagBag from /home/airflow/.local/lib/python3.9/site-packages/airflow/example_dags/example_local_kubernetes_executor.py
[2023-07-25T16:04:29.175+0000] {processor.py:836} INFO - DAG(s) dict_keys(['example_local_kubernetes_executor']) retrieved from /home/airflow/.local/lib/python3.9/site-packages/airflow/example_dags/example_local_kubernetes_executor.py
[2023-07-25T16:04:29.227+0000] {logging_mixin.py:150} INFO - [2023-07-25T16:04:29.226+0000] {dag.py:2742} INFO - Sync 1 DAGs
[2023-07-25T16:04:29.259+0000] {logging_mixin.py:150} INFO - [2023-07-25T16:04:29.259+0000] {dag.py:3504} INFO - Setting next_dagrun for example_local_kubernetes_executor to None, run_after=None
[2023-07-25T16:04:29.282+0000] {processor.py:179} INFO - Processing /home/airflow/.local/lib/python3.9/site-packages/airflow/example_dags/example_local_kubernetes_executor.py took 0.827 seconds
[2023-07-25T16:04:59.474+0000] {processor.py:157} INFO - Started process (PID=373) to work on /home/airflow/.local/lib/python3.9/site-packages/airflow/example_dags/example_local_kubernetes_executor.py
[2023-07-25T16:04:59.486+0000] {processor.py:826} INFO - Processing file /home/airflow/.local/lib/python3.9/site-packages/airflow/example_dags/example_local_kubernetes_executor.py for tasks to queue
[2023-07-25T16:04:59.488+0000] {logging_mixin.py:150} INFO - [2023-07-25T16:04:59.487+0000] {dagbag.py:541} INFO - Filling up the DagBag from /home/airflow/.local/lib/python3.9/site-packages/airflow/example_dags/example_local_kubernetes_executor.py
[2023-07-25T16:04:59.937+0000] {processor.py:836} INFO - DAG(s) dict_keys(['example_local_kubernetes_executor']) retrieved from /home/airflow/.local/lib/python3.9/site-packages/airflow/example_dags/example_local_kubernetes_executor.py
[2023-07-25T16:04:59.975+0000] {logging_mixin.py:150} INFO - [2023-07-25T16:04:59.974+0000] {dag.py:2742} INFO - Sync 1 DAGs
[2023-07-25T16:05:00.003+0000] {logging_mixin.py:150} INFO - [2023-07-25T16:05:00.003+0000] {dag.py:3504} INFO - Setting next_dagrun for example_local_kubernetes_executor to None, run_after=None
[2023-07-25T16:05:00.030+0000] {processor.py:179} INFO - Processing /home/airflow/.local/lib/python3.9/site-packages/airflow/example_dags/example_local_kubernetes_executor.py took 0.561 seconds
[2023-07-25T16:05:30.669+0000] {processor.py:157} INFO - Started process (PID=435) to work on /home/airflow/.local/lib/python3.9/site-packages/airflow/example_dags/example_local_kubernetes_executor.py
[2023-07-25T16:05:30.685+0000] {processor.py:826} INFO - Processing file /home/airflow/.local/lib/python3.9/site-packages/airflow/example_dags/example_local_kubernetes_executor.py for tasks to queue
[2023-07-25T16:05:30.686+0000] {logging_mixin.py:150} INFO - [2023-07-25T16:05:30.686+0000] {dagbag.py:541} INFO - Filling up the DagBag from /home/airflow/.local/lib/python3.9/site-packages/airflow/example_dags/example_local_kubernetes_executor.py
[2023-07-25T16:05:31.492+0000] {processor.py:836} INFO - DAG(s) dict_keys(['example_local_kubernetes_executor']) retrieved from /home/airflow/.local/lib/python3.9/site-packages/airflow/example_dags/example_local_kubernetes_executor.py
[2023-07-25T16:05:31.543+0000] {logging_mixin.py:150} INFO - [2023-07-25T16:05:31.542+0000] {dag.py:2742} INFO - Sync 1 DAGs
[2023-07-25T16:05:31.599+0000] {logging_mixin.py:150} INFO - [2023-07-25T16:05:31.599+0000] {dag.py:3504} INFO - Setting next_dagrun for example_local_kubernetes_executor to None, run_after=None
[2023-07-25T16:05:31.673+0000] {processor.py:179} INFO - Processing /home/airflow/.local/lib/python3.9/site-packages/airflow/example_dags/example_local_kubernetes_executor.py took 1.030 seconds
[2023-07-25T16:06:01.814+0000] {processor.py:157} INFO - Started process (PID=497) to work on /home/airflow/.local/lib/python3.9/site-packages/airflow/example_dags/example_local_kubernetes_executor.py
[2023-07-25T16:06:01.835+0000] {processor.py:826} INFO - Processing file /home/airflow/.local/lib/python3.9/site-packages/airflow/example_dags/example_local_kubernetes_executor.py for tasks to queue
[2023-07-25T16:06:01.836+0000] {logging_mixin.py:150} INFO - [2023-07-25T16:06:01.836+0000] {dagbag.py:541} INFO - Filling up the DagBag from /home/airflow/.local/lib/python3.9/site-packages/airflow/example_dags/example_local_kubernetes_executor.py
[2023-07-25T16:06:02.512+0000] {processor.py:836} INFO - DAG(s) dict_keys(['example_local_kubernetes_executor']) retrieved from /home/airflow/.local/lib/python3.9/site-packages/airflow/example_dags/example_local_kubernetes_executor.py
[2023-07-25T16:06:02.562+0000] {logging_mixin.py:150} INFO - [2023-07-25T16:06:02.561+0000] {dag.py:2742} INFO - Sync 1 DAGs
[2023-07-25T16:06:02.592+0000] {logging_mixin.py:150} INFO - [2023-07-25T16:06:02.591+0000] {dag.py:3504} INFO - Setting next_dagrun for example_local_kubernetes_executor to None, run_after=None
[2023-07-25T16:06:02.636+0000] {processor.py:179} INFO - Processing /home/airflow/.local/lib/python3.9/site-packages/airflow/example_dags/example_local_kubernetes_executor.py took 0.827 seconds
[2023-07-25T16:06:33.554+0000] {processor.py:157} INFO - Started process (PID=559) to work on /home/airflow/.local/lib/python3.9/site-packages/airflow/example_dags/example_local_kubernetes_executor.py
[2023-07-25T16:06:33.566+0000] {processor.py:826} INFO - Processing file /home/airflow/.local/lib/python3.9/site-packages/airflow/example_dags/example_local_kubernetes_executor.py for tasks to queue
[2023-07-25T16:06:33.567+0000] {logging_mixin.py:150} INFO - [2023-07-25T16:06:33.566+0000] {dagbag.py:541} INFO - Filling up the DagBag from /home/airflow/.local/lib/python3.9/site-packages/airflow/example_dags/example_local_kubernetes_executor.py
[2023-07-25T16:06:34.727+0000] {processor.py:836} INFO - DAG(s) dict_keys(['example_local_kubernetes_executor']) retrieved from /home/airflow/.local/lib/python3.9/site-packages/airflow/example_dags/example_local_kubernetes_executor.py
[2023-07-25T16:06:34.856+0000] {logging_mixin.py:150} INFO - [2023-07-25T16:06:34.855+0000] {dag.py:2742} INFO - Sync 1 DAGs
[2023-07-25T16:06:34.936+0000] {logging_mixin.py:150} INFO - [2023-07-25T16:06:34.935+0000] {dag.py:3504} INFO - Setting next_dagrun for example_local_kubernetes_executor to None, run_after=None
[2023-07-25T16:06:35.055+0000] {processor.py:179} INFO - Processing /home/airflow/.local/lib/python3.9/site-packages/airflow/example_dags/example_local_kubernetes_executor.py took 1.522 seconds
[2023-07-25T16:07:05.304+0000] {processor.py:157} INFO - Started process (PID=622) to work on /home/airflow/.local/lib/python3.9/site-packages/airflow/example_dags/example_local_kubernetes_executor.py
[2023-07-25T16:07:05.324+0000] {processor.py:826} INFO - Processing file /home/airflow/.local/lib/python3.9/site-packages/airflow/example_dags/example_local_kubernetes_executor.py for tasks to queue
[2023-07-25T16:07:05.325+0000] {logging_mixin.py:150} INFO - [2023-07-25T16:07:05.325+0000] {dagbag.py:541} INFO - Filling up the DagBag from /home/airflow/.local/lib/python3.9/site-packages/airflow/example_dags/example_local_kubernetes_executor.py
[2023-07-25T16:07:06.054+0000] {processor.py:836} INFO - DAG(s) dict_keys(['example_local_kubernetes_executor']) retrieved from /home/airflow/.local/lib/python3.9/site-packages/airflow/example_dags/example_local_kubernetes_executor.py
[2023-07-25T16:07:06.155+0000] {logging_mixin.py:150} INFO - [2023-07-25T16:07:06.154+0000] {dag.py:2742} INFO - Sync 1 DAGs
[2023-07-25T16:07:06.205+0000] {logging_mixin.py:150} INFO - [2023-07-25T16:07:06.205+0000] {dag.py:3504} INFO - Setting next_dagrun for example_local_kubernetes_executor to None, run_after=None
[2023-07-25T16:07:06.248+0000] {processor.py:179} INFO - Processing /home/airflow/.local/lib/python3.9/site-packages/airflow/example_dags/example_local_kubernetes_executor.py took 0.948 seconds
[2023-07-25T16:07:36.398+0000] {processor.py:157} INFO - Started process (PID=683) to work on /home/airflow/.local/lib/python3.9/site-packages/airflow/example_dags/example_local_kubernetes_executor.py
[2023-07-25T16:07:36.400+0000] {processor.py:826} INFO - Processing file /home/airflow/.local/lib/python3.9/site-packages/airflow/example_dags/example_local_kubernetes_executor.py for tasks to queue
[2023-07-25T16:07:36.401+0000] {logging_mixin.py:150} INFO - [2023-07-25T16:07:36.401+0000] {dagbag.py:541} INFO - Filling up the DagBag from /home/airflow/.local/lib/python3.9/site-packages/airflow/example_dags/example_local_kubernetes_executor.py
[2023-07-25T16:07:37.090+0000] {processor.py:836} INFO - DAG(s) dict_keys(['example_local_kubernetes_executor']) retrieved from /home/airflow/.local/lib/python3.9/site-packages/airflow/example_dags/example_local_kubernetes_executor.py
[2023-07-25T16:07:37.186+0000] {logging_mixin.py:150} INFO - [2023-07-25T16:07:37.185+0000] {dag.py:2742} INFO - Sync 1 DAGs
[2023-07-25T16:07:37.238+0000] {logging_mixin.py:150} INFO - [2023-07-25T16:07:37.238+0000] {dag.py:3504} INFO - Setting next_dagrun for example_local_kubernetes_executor to None, run_after=None
[2023-07-25T16:07:37.299+0000] {processor.py:179} INFO - Processing /home/airflow/.local/lib/python3.9/site-packages/airflow/example_dags/example_local_kubernetes_executor.py took 0.916 seconds
[2023-07-25T16:08:07.430+0000] {processor.py:157} INFO - Started process (PID=744) to work on /home/airflow/.local/lib/python3.9/site-packages/airflow/example_dags/example_local_kubernetes_executor.py
[2023-07-25T16:08:07.432+0000] {processor.py:826} INFO - Processing file /home/airflow/.local/lib/python3.9/site-packages/airflow/example_dags/example_local_kubernetes_executor.py for tasks to queue
[2023-07-25T16:08:07.433+0000] {logging_mixin.py:150} INFO - [2023-07-25T16:08:07.432+0000] {dagbag.py:541} INFO - Filling up the DagBag from /home/airflow/.local/lib/python3.9/site-packages/airflow/example_dags/example_local_kubernetes_executor.py
[2023-07-25T16:08:08.038+0000] {processor.py:836} INFO - DAG(s) dict_keys(['example_local_kubernetes_executor']) retrieved from /home/airflow/.local/lib/python3.9/site-packages/airflow/example_dags/example_local_kubernetes_executor.py
[2023-07-25T16:08:08.177+0000] {logging_mixin.py:150} INFO - [2023-07-25T16:08:08.177+0000] {dag.py:2742} INFO - Sync 1 DAGs
[2023-07-25T16:08:08.219+0000] {logging_mixin.py:150} INFO - [2023-07-25T16:08:08.218+0000] {dag.py:3504} INFO - Setting next_dagrun for example_local_kubernetes_executor to None, run_after=None
[2023-07-25T16:08:08.258+0000] {processor.py:179} INFO - Processing /home/airflow/.local/lib/python3.9/site-packages/airflow/example_dags/example_local_kubernetes_executor.py took 0.833 seconds
[2023-07-25T16:08:38.984+0000] {processor.py:157} INFO - Started process (PID=806) to work on /home/airflow/.local/lib/python3.9/site-packages/airflow/example_dags/example_local_kubernetes_executor.py
[2023-07-25T16:08:39.026+0000] {processor.py:826} INFO - Processing file /home/airflow/.local/lib/python3.9/site-packages/airflow/example_dags/example_local_kubernetes_executor.py for tasks to queue
[2023-07-25T16:08:39.027+0000] {logging_mixin.py:150} INFO - [2023-07-25T16:08:39.027+0000] {dagbag.py:541} INFO - Filling up the DagBag from /home/airflow/.local/lib/python3.9/site-packages/airflow/example_dags/example_local_kubernetes_executor.py
[2023-07-25T16:08:40.174+0000] {processor.py:836} INFO - DAG(s) dict_keys(['example_local_kubernetes_executor']) retrieved from /home/airflow/.local/lib/python3.9/site-packages/airflow/example_dags/example_local_kubernetes_executor.py
[2023-07-25T16:08:40.301+0000] {logging_mixin.py:150} INFO - [2023-07-25T16:08:40.300+0000] {dag.py:2742} INFO - Sync 1 DAGs
[2023-07-25T16:08:40.379+0000] {logging_mixin.py:150} INFO - [2023-07-25T16:08:40.379+0000] {dag.py:3504} INFO - Setting next_dagrun for example_local_kubernetes_executor to None, run_after=None
[2023-07-25T16:08:40.459+0000] {processor.py:179} INFO - Processing /home/airflow/.local/lib/python3.9/site-packages/airflow/example_dags/example_local_kubernetes_executor.py took 1.479 seconds
[2023-07-25T16:09:11.183+0000] {processor.py:157} INFO - Started process (PID=868) to work on /home/airflow/.local/lib/python3.9/site-packages/airflow/example_dags/example_local_kubernetes_executor.py
[2023-07-25T16:09:11.195+0000] {processor.py:826} INFO - Processing file /home/airflow/.local/lib/python3.9/site-packages/airflow/example_dags/example_local_kubernetes_executor.py for tasks to queue
[2023-07-25T16:09:11.196+0000] {logging_mixin.py:150} INFO - [2023-07-25T16:09:11.196+0000] {dagbag.py:541} INFO - Filling up the DagBag from /home/airflow/.local/lib/python3.9/site-packages/airflow/example_dags/example_local_kubernetes_executor.py
[2023-07-25T16:09:11.954+0000] {processor.py:836} INFO - DAG(s) dict_keys(['example_local_kubernetes_executor']) retrieved from /home/airflow/.local/lib/python3.9/site-packages/airflow/example_dags/example_local_kubernetes_executor.py
[2023-07-25T16:09:12.036+0000] {logging_mixin.py:150} INFO - [2023-07-25T16:09:12.035+0000] {dag.py:2742} INFO - Sync 1 DAGs
[2023-07-25T16:09:12.088+0000] {logging_mixin.py:150} INFO - [2023-07-25T16:09:12.087+0000] {dag.py:3504} INFO - Setting next_dagrun for example_local_kubernetes_executor to None, run_after=None
[2023-07-25T16:09:12.129+0000] {processor.py:179} INFO - Processing /home/airflow/.local/lib/python3.9/site-packages/airflow/example_dags/example_local_kubernetes_executor.py took 0.950 seconds
[2023-07-25T16:09:42.642+0000] {processor.py:157} INFO - Started process (PID=929) to work on /home/airflow/.local/lib/python3.9/site-packages/airflow/example_dags/example_local_kubernetes_executor.py
[2023-07-25T16:09:42.651+0000] {processor.py:826} INFO - Processing file /home/airflow/.local/lib/python3.9/site-packages/airflow/example_dags/example_local_kubernetes_executor.py for tasks to queue
[2023-07-25T16:09:42.652+0000] {logging_mixin.py:150} INFO - [2023-07-25T16:09:42.651+0000] {dagbag.py:541} INFO - Filling up the DagBag from /home/airflow/.local/lib/python3.9/site-packages/airflow/example_dags/example_local_kubernetes_executor.py
[2023-07-25T16:09:43.444+0000] {processor.py:836} INFO - DAG(s) dict_keys(['example_local_kubernetes_executor']) retrieved from /home/airflow/.local/lib/python3.9/site-packages/airflow/example_dags/example_local_kubernetes_executor.py
[2023-07-25T16:09:43.530+0000] {logging_mixin.py:150} INFO - [2023-07-25T16:09:43.529+0000] {dag.py:2742} INFO - Sync 1 DAGs
[2023-07-25T16:09:43.590+0000] {logging_mixin.py:150} INFO - [2023-07-25T16:09:43.590+0000] {dag.py:3504} INFO - Setting next_dagrun for example_local_kubernetes_executor to None, run_after=None
[2023-07-25T16:09:43.659+0000] {processor.py:179} INFO - Processing /home/airflow/.local/lib/python3.9/site-packages/airflow/example_dags/example_local_kubernetes_executor.py took 1.021 seconds
[2023-07-25T16:10:13.816+0000] {processor.py:157} INFO - Started process (PID=990) to work on /home/airflow/.local/lib/python3.9/site-packages/airflow/example_dags/example_local_kubernetes_executor.py
[2023-07-25T16:10:13.818+0000] {processor.py:826} INFO - Processing file /home/airflow/.local/lib/python3.9/site-packages/airflow/example_dags/example_local_kubernetes_executor.py for tasks to queue
[2023-07-25T16:10:13.819+0000] {logging_mixin.py:150} INFO - [2023-07-25T16:10:13.818+0000] {dagbag.py:541} INFO - Filling up the DagBag from /home/airflow/.local/lib/python3.9/site-packages/airflow/example_dags/example_local_kubernetes_executor.py
[2023-07-25T16:10:14.649+0000] {processor.py:836} INFO - DAG(s) dict_keys(['example_local_kubernetes_executor']) retrieved from /home/airflow/.local/lib/python3.9/site-packages/airflow/example_dags/example_local_kubernetes_executor.py
[2023-07-25T16:10:14.726+0000] {logging_mixin.py:150} INFO - [2023-07-25T16:10:14.726+0000] {dag.py:2742} INFO - Sync 1 DAGs
[2023-07-25T16:10:14.783+0000] {logging_mixin.py:150} INFO - [2023-07-25T16:10:14.783+0000] {dag.py:3504} INFO - Setting next_dagrun for example_local_kubernetes_executor to None, run_after=None
[2023-07-25T16:10:14.839+0000] {processor.py:179} INFO - Processing /home/airflow/.local/lib/python3.9/site-packages/airflow/example_dags/example_local_kubernetes_executor.py took 1.040 seconds
[2023-07-25T16:10:45.250+0000] {processor.py:157} INFO - Started process (PID=1052) to work on /home/airflow/.local/lib/python3.9/site-packages/airflow/example_dags/example_local_kubernetes_executor.py
[2023-07-25T16:10:45.265+0000] {processor.py:826} INFO - Processing file /home/airflow/.local/lib/python3.9/site-packages/airflow/example_dags/example_local_kubernetes_executor.py for tasks to queue
[2023-07-25T16:10:45.266+0000] {logging_mixin.py:150} INFO - [2023-07-25T16:10:45.266+0000] {dagbag.py:541} INFO - Filling up the DagBag from /home/airflow/.local/lib/python3.9/site-packages/airflow/example_dags/example_local_kubernetes_executor.py
[2023-07-25T16:10:45.946+0000] {processor.py:836} INFO - DAG(s) dict_keys(['example_local_kubernetes_executor']) retrieved from /home/airflow/.local/lib/python3.9/site-packages/airflow/example_dags/example_local_kubernetes_executor.py
[2023-07-25T16:10:46.028+0000] {logging_mixin.py:150} INFO - [2023-07-25T16:10:46.022+0000] {dag.py:2742} INFO - Sync 1 DAGs
[2023-07-25T16:10:46.076+0000] {logging_mixin.py:150} INFO - [2023-07-25T16:10:46.076+0000] {dag.py:3504} INFO - Setting next_dagrun for example_local_kubernetes_executor to None, run_after=None
[2023-07-25T16:10:46.124+0000] {processor.py:179} INFO - Processing /home/airflow/.local/lib/python3.9/site-packages/airflow/example_dags/example_local_kubernetes_executor.py took 0.902 seconds
[2023-07-25T16:11:16.874+0000] {processor.py:157} INFO - Started process (PID=1113) to work on /home/airflow/.local/lib/python3.9/site-packages/airflow/example_dags/example_local_kubernetes_executor.py
[2023-07-25T16:11:16.946+0000] {processor.py:826} INFO - Processing file /home/airflow/.local/lib/python3.9/site-packages/airflow/example_dags/example_local_kubernetes_executor.py for tasks to queue
[2023-07-25T16:11:16.947+0000] {logging_mixin.py:150} INFO - [2023-07-25T16:11:16.947+0000] {dagbag.py:541} INFO - Filling up the DagBag from /home/airflow/.local/lib/python3.9/site-packages/airflow/example_dags/example_local_kubernetes_executor.py
[2023-07-25T16:11:18.820+0000] {processor.py:836} INFO - DAG(s) dict_keys(['example_local_kubernetes_executor']) retrieved from /home/airflow/.local/lib/python3.9/site-packages/airflow/example_dags/example_local_kubernetes_executor.py
[2023-07-25T16:11:19.076+0000] {logging_mixin.py:150} INFO - [2023-07-25T16:11:19.075+0000] {dag.py:2742} INFO - Sync 1 DAGs
[2023-07-25T16:11:19.206+0000] {logging_mixin.py:150} INFO - [2023-07-25T16:11:19.205+0000] {dag.py:3504} INFO - Setting next_dagrun for example_local_kubernetes_executor to None, run_after=None
[2023-07-25T16:11:19.355+0000] {processor.py:179} INFO - Processing /home/airflow/.local/lib/python3.9/site-packages/airflow/example_dags/example_local_kubernetes_executor.py took 2.485 seconds
[2023-07-25T16:11:50.166+0000] {processor.py:157} INFO - Started process (PID=1175) to work on /home/airflow/.local/lib/python3.9/site-packages/airflow/example_dags/example_local_kubernetes_executor.py
[2023-07-25T16:11:50.174+0000] {processor.py:826} INFO - Processing file /home/airflow/.local/lib/python3.9/site-packages/airflow/example_dags/example_local_kubernetes_executor.py for tasks to queue
[2023-07-25T16:11:50.176+0000] {logging_mixin.py:150} INFO - [2023-07-25T16:11:50.176+0000] {dagbag.py:541} INFO - Filling up the DagBag from /home/airflow/.local/lib/python3.9/site-packages/airflow/example_dags/example_local_kubernetes_executor.py
[2023-07-25T16:11:50.924+0000] {processor.py:836} INFO - DAG(s) dict_keys(['example_local_kubernetes_executor']) retrieved from /home/airflow/.local/lib/python3.9/site-packages/airflow/example_dags/example_local_kubernetes_executor.py
[2023-07-25T16:11:51.016+0000] {logging_mixin.py:150} INFO - [2023-07-25T16:11:51.016+0000] {dag.py:2742} INFO - Sync 1 DAGs
[2023-07-25T16:11:51.063+0000] {logging_mixin.py:150} INFO - [2023-07-25T16:11:51.063+0000] {dag.py:3504} INFO - Setting next_dagrun for example_local_kubernetes_executor to None, run_after=None
[2023-07-25T16:11:51.116+0000] {processor.py:179} INFO - Processing /home/airflow/.local/lib/python3.9/site-packages/airflow/example_dags/example_local_kubernetes_executor.py took 0.955 seconds
[2023-07-25T16:12:21.892+0000] {processor.py:157} INFO - Started process (PID=1236) to work on /home/airflow/.local/lib/python3.9/site-packages/airflow/example_dags/example_local_kubernetes_executor.py
[2023-07-25T16:12:21.905+0000] {processor.py:826} INFO - Processing file /home/airflow/.local/lib/python3.9/site-packages/airflow/example_dags/example_local_kubernetes_executor.py for tasks to queue
[2023-07-25T16:12:21.907+0000] {logging_mixin.py:150} INFO - [2023-07-25T16:12:21.906+0000] {dagbag.py:541} INFO - Filling up the DagBag from /home/airflow/.local/lib/python3.9/site-packages/airflow/example_dags/example_local_kubernetes_executor.py
[2023-07-25T16:12:22.699+0000] {processor.py:836} INFO - DAG(s) dict_keys(['example_local_kubernetes_executor']) retrieved from /home/airflow/.local/lib/python3.9/site-packages/airflow/example_dags/example_local_kubernetes_executor.py
[2023-07-25T16:12:22.804+0000] {logging_mixin.py:150} INFO - [2023-07-25T16:12:22.798+0000] {dag.py:2742} INFO - Sync 1 DAGs
[2023-07-25T16:12:22.867+0000] {logging_mixin.py:150} INFO - [2023-07-25T16:12:22.867+0000] {dag.py:3504} INFO - Setting next_dagrun for example_local_kubernetes_executor to None, run_after=None
[2023-07-25T16:12:22.912+0000] {processor.py:179} INFO - Processing /home/airflow/.local/lib/python3.9/site-packages/airflow/example_dags/example_local_kubernetes_executor.py took 1.025 seconds
[2023-07-25T16:12:52.984+0000] {processor.py:157} INFO - Started process (PID=1297) to work on /home/airflow/.local/lib/python3.9/site-packages/airflow/example_dags/example_local_kubernetes_executor.py
[2023-07-25T16:12:52.988+0000] {processor.py:826} INFO - Processing file /home/airflow/.local/lib/python3.9/site-packages/airflow/example_dags/example_local_kubernetes_executor.py for tasks to queue
[2023-07-25T16:12:52.996+0000] {logging_mixin.py:150} INFO - [2023-07-25T16:12:52.995+0000] {dagbag.py:541} INFO - Filling up the DagBag from /home/airflow/.local/lib/python3.9/site-packages/airflow/example_dags/example_local_kubernetes_executor.py
[2023-07-25T16:12:53.743+0000] {processor.py:836} INFO - DAG(s) dict_keys(['example_local_kubernetes_executor']) retrieved from /home/airflow/.local/lib/python3.9/site-packages/airflow/example_dags/example_local_kubernetes_executor.py
[2023-07-25T16:12:53.836+0000] {logging_mixin.py:150} INFO - [2023-07-25T16:12:53.835+0000] {dag.py:2742} INFO - Sync 1 DAGs
[2023-07-25T16:12:53.893+0000] {logging_mixin.py:150} INFO - [2023-07-25T16:12:53.893+0000] {dag.py:3504} INFO - Setting next_dagrun for example_local_kubernetes_executor to None, run_after=None
[2023-07-25T16:12:53.953+0000] {processor.py:179} INFO - Processing /home/airflow/.local/lib/python3.9/site-packages/airflow/example_dags/example_local_kubernetes_executor.py took 0.974 seconds
[2023-07-25T16:13:24.168+0000] {processor.py:157} INFO - Started process (PID=1359) to work on /home/airflow/.local/lib/python3.9/site-packages/airflow/example_dags/example_local_kubernetes_executor.py
[2023-07-25T16:13:24.186+0000] {processor.py:826} INFO - Processing file /home/airflow/.local/lib/python3.9/site-packages/airflow/example_dags/example_local_kubernetes_executor.py for tasks to queue
[2023-07-25T16:13:24.196+0000] {logging_mixin.py:150} INFO - [2023-07-25T16:13:24.196+0000] {dagbag.py:541} INFO - Filling up the DagBag from /home/airflow/.local/lib/python3.9/site-packages/airflow/example_dags/example_local_kubernetes_executor.py
[2023-07-25T16:13:25.438+0000] {processor.py:836} INFO - DAG(s) dict_keys(['example_local_kubernetes_executor']) retrieved from /home/airflow/.local/lib/python3.9/site-packages/airflow/example_dags/example_local_kubernetes_executor.py
[2023-07-25T16:13:25.576+0000] {logging_mixin.py:150} INFO - [2023-07-25T16:13:25.575+0000] {dag.py:2742} INFO - Sync 1 DAGs
[2023-07-25T16:13:25.645+0000] {logging_mixin.py:150} INFO - [2023-07-25T16:13:25.645+0000] {dag.py:3504} INFO - Setting next_dagrun for example_local_kubernetes_executor to None, run_after=None
[2023-07-25T16:13:25.726+0000] {processor.py:179} INFO - Processing /home/airflow/.local/lib/python3.9/site-packages/airflow/example_dags/example_local_kubernetes_executor.py took 1.581 seconds
[2023-07-25T16:13:56.147+0000] {processor.py:157} INFO - Started process (PID=1420) to work on /home/airflow/.local/lib/python3.9/site-packages/airflow/example_dags/example_local_kubernetes_executor.py
[2023-07-25T16:13:56.148+0000] {processor.py:826} INFO - Processing file /home/airflow/.local/lib/python3.9/site-packages/airflow/example_dags/example_local_kubernetes_executor.py for tasks to queue
[2023-07-25T16:13:56.149+0000] {logging_mixin.py:150} INFO - [2023-07-25T16:13:56.149+0000] {dagbag.py:541} INFO - Filling up the DagBag from /home/airflow/.local/lib/python3.9/site-packages/airflow/example_dags/example_local_kubernetes_executor.py
[2023-07-25T16:13:57.002+0000] {processor.py:836} INFO - DAG(s) dict_keys(['example_local_kubernetes_executor']) retrieved from /home/airflow/.local/lib/python3.9/site-packages/airflow/example_dags/example_local_kubernetes_executor.py
[2023-07-25T16:13:57.081+0000] {logging_mixin.py:150} INFO - [2023-07-25T16:13:57.080+0000] {dag.py:2742} INFO - Sync 1 DAGs
[2023-07-25T16:13:57.143+0000] {logging_mixin.py:150} INFO - [2023-07-25T16:13:57.142+0000] {dag.py:3504} INFO - Setting next_dagrun for example_local_kubernetes_executor to None, run_after=None
[2023-07-25T16:13:57.186+0000] {processor.py:179} INFO - Processing /home/airflow/.local/lib/python3.9/site-packages/airflow/example_dags/example_local_kubernetes_executor.py took 1.054 seconds
[2023-07-25T16:14:27.229+0000] {processor.py:157} INFO - Started process (PID=1480) to work on /home/airflow/.local/lib/python3.9/site-packages/airflow/example_dags/example_local_kubernetes_executor.py
[2023-07-25T16:14:27.231+0000] {processor.py:826} INFO - Processing file /home/airflow/.local/lib/python3.9/site-packages/airflow/example_dags/example_local_kubernetes_executor.py for tasks to queue
[2023-07-25T16:14:27.232+0000] {logging_mixin.py:150} INFO - [2023-07-25T16:14:27.231+0000] {dagbag.py:541} INFO - Filling up the DagBag from /home/airflow/.local/lib/python3.9/site-packages/airflow/example_dags/example_local_kubernetes_executor.py
[2023-07-25T16:14:27.616+0000] {processor.py:836} INFO - DAG(s) dict_keys(['example_local_kubernetes_executor']) retrieved from /home/airflow/.local/lib/python3.9/site-packages/airflow/example_dags/example_local_kubernetes_executor.py
[2023-07-25T16:14:27.661+0000] {logging_mixin.py:150} INFO - [2023-07-25T16:14:27.661+0000] {dag.py:2742} INFO - Sync 1 DAGs
[2023-07-25T16:14:27.692+0000] {logging_mixin.py:150} INFO - [2023-07-25T16:14:27.692+0000] {dag.py:3504} INFO - Setting next_dagrun for example_local_kubernetes_executor to None, run_after=None
[2023-07-25T16:14:27.718+0000] {processor.py:179} INFO - Processing /home/airflow/.local/lib/python3.9/site-packages/airflow/example_dags/example_local_kubernetes_executor.py took 0.494 seconds
[2023-07-25T16:14:57.908+0000] {processor.py:157} INFO - Started process (PID=1541) to work on /home/airflow/.local/lib/python3.9/site-packages/airflow/example_dags/example_local_kubernetes_executor.py
[2023-07-25T16:14:57.911+0000] {processor.py:826} INFO - Processing file /home/airflow/.local/lib/python3.9/site-packages/airflow/example_dags/example_local_kubernetes_executor.py for tasks to queue
[2023-07-25T16:14:57.912+0000] {logging_mixin.py:150} INFO - [2023-07-25T16:14:57.912+0000] {dagbag.py:541} INFO - Filling up the DagBag from /home/airflow/.local/lib/python3.9/site-packages/airflow/example_dags/example_local_kubernetes_executor.py
[2023-07-25T16:14:58.315+0000] {processor.py:836} INFO - DAG(s) dict_keys(['example_local_kubernetes_executor']) retrieved from /home/airflow/.local/lib/python3.9/site-packages/airflow/example_dags/example_local_kubernetes_executor.py
[2023-07-25T16:14:58.355+0000] {logging_mixin.py:150} INFO - [2023-07-25T16:14:58.355+0000] {dag.py:2742} INFO - Sync 1 DAGs
[2023-07-25T16:14:58.382+0000] {logging_mixin.py:150} INFO - [2023-07-25T16:14:58.382+0000] {dag.py:3504} INFO - Setting next_dagrun for example_local_kubernetes_executor to None, run_after=None
[2023-07-25T16:14:58.403+0000] {processor.py:179} INFO - Processing /home/airflow/.local/lib/python3.9/site-packages/airflow/example_dags/example_local_kubernetes_executor.py took 0.512 seconds
[2023-07-25T16:15:28.540+0000] {processor.py:157} INFO - Started process (PID=1602) to work on /home/airflow/.local/lib/python3.9/site-packages/airflow/example_dags/example_local_kubernetes_executor.py
[2023-07-25T16:15:28.551+0000] {processor.py:826} INFO - Processing file /home/airflow/.local/lib/python3.9/site-packages/airflow/example_dags/example_local_kubernetes_executor.py for tasks to queue
[2023-07-25T16:15:28.552+0000] {logging_mixin.py:150} INFO - [2023-07-25T16:15:28.552+0000] {dagbag.py:541} INFO - Filling up the DagBag from /home/airflow/.local/lib/python3.9/site-packages/airflow/example_dags/example_local_kubernetes_executor.py
[2023-07-25T16:15:29.107+0000] {processor.py:836} INFO - DAG(s) dict_keys(['example_local_kubernetes_executor']) retrieved from /home/airflow/.local/lib/python3.9/site-packages/airflow/example_dags/example_local_kubernetes_executor.py
[2023-07-25T16:15:29.155+0000] {logging_mixin.py:150} INFO - [2023-07-25T16:15:29.154+0000] {dag.py:2742} INFO - Sync 1 DAGs
[2023-07-25T16:15:29.183+0000] {logging_mixin.py:150} INFO - [2023-07-25T16:15:29.183+0000] {dag.py:3504} INFO - Setting next_dagrun for example_local_kubernetes_executor to None, run_after=None
[2023-07-25T16:15:29.222+0000] {processor.py:179} INFO - Processing /home/airflow/.local/lib/python3.9/site-packages/airflow/example_dags/example_local_kubernetes_executor.py took 0.687 seconds
[2023-07-25T16:15:59.394+0000] {processor.py:157} INFO - Started process (PID=1667) to work on /home/airflow/.local/lib/python3.9/site-packages/airflow/example_dags/example_local_kubernetes_executor.py
[2023-07-25T16:15:59.415+0000] {processor.py:826} INFO - Processing file /home/airflow/.local/lib/python3.9/site-packages/airflow/example_dags/example_local_kubernetes_executor.py for tasks to queue
[2023-07-25T16:15:59.416+0000] {logging_mixin.py:150} INFO - [2023-07-25T16:15:59.416+0000] {dagbag.py:541} INFO - Filling up the DagBag from /home/airflow/.local/lib/python3.9/site-packages/airflow/example_dags/example_local_kubernetes_executor.py
[2023-07-25T16:16:00.635+0000] {processor.py:836} INFO - DAG(s) dict_keys(['example_local_kubernetes_executor']) retrieved from /home/airflow/.local/lib/python3.9/site-packages/airflow/example_dags/example_local_kubernetes_executor.py
[2023-07-25T16:16:00.716+0000] {logging_mixin.py:150} INFO - [2023-07-25T16:16:00.715+0000] {dag.py:2742} INFO - Sync 1 DAGs
[2023-07-25T16:16:00.784+0000] {logging_mixin.py:150} INFO - [2023-07-25T16:16:00.784+0000] {dag.py:3504} INFO - Setting next_dagrun for example_local_kubernetes_executor to None, run_after=None
[2023-07-25T16:16:01.358+0000] {processor.py:179} INFO - Processing /home/airflow/.local/lib/python3.9/site-packages/airflow/example_dags/example_local_kubernetes_executor.py took 1.969 seconds
[2023-07-25T16:16:32.282+0000] {processor.py:157} INFO - Started process (PID=1732) to work on /home/airflow/.local/lib/python3.9/site-packages/airflow/example_dags/example_local_kubernetes_executor.py
[2023-07-25T16:16:32.295+0000] {processor.py:826} INFO - Processing file /home/airflow/.local/lib/python3.9/site-packages/airflow/example_dags/example_local_kubernetes_executor.py for tasks to queue
[2023-07-25T16:16:32.296+0000] {logging_mixin.py:150} INFO - [2023-07-25T16:16:32.296+0000] {dagbag.py:541} INFO - Filling up the DagBag from /home/airflow/.local/lib/python3.9/site-packages/airflow/example_dags/example_local_kubernetes_executor.py
[2023-07-25T16:16:32.899+0000] {processor.py:836} INFO - DAG(s) dict_keys(['example_local_kubernetes_executor']) retrieved from /home/airflow/.local/lib/python3.9/site-packages/airflow/example_dags/example_local_kubernetes_executor.py
[2023-07-25T16:16:32.983+0000] {logging_mixin.py:150} INFO - [2023-07-25T16:16:32.983+0000] {dag.py:2742} INFO - Sync 1 DAGs
[2023-07-25T16:16:33.011+0000] {logging_mixin.py:150} INFO - [2023-07-25T16:16:33.011+0000] {dag.py:3504} INFO - Setting next_dagrun for example_local_kubernetes_executor to None, run_after=None
[2023-07-25T16:16:33.055+0000] {processor.py:179} INFO - Processing /home/airflow/.local/lib/python3.9/site-packages/airflow/example_dags/example_local_kubernetes_executor.py took 0.777 seconds
[2023-07-25T16:17:03.248+0000] {processor.py:157} INFO - Started process (PID=1796) to work on /home/airflow/.local/lib/python3.9/site-packages/airflow/example_dags/example_local_kubernetes_executor.py
[2023-07-25T16:17:03.257+0000] {processor.py:826} INFO - Processing file /home/airflow/.local/lib/python3.9/site-packages/airflow/example_dags/example_local_kubernetes_executor.py for tasks to queue
[2023-07-25T16:17:03.258+0000] {logging_mixin.py:150} INFO - [2023-07-25T16:17:03.258+0000] {dagbag.py:541} INFO - Filling up the DagBag from /home/airflow/.local/lib/python3.9/site-packages/airflow/example_dags/example_local_kubernetes_executor.py
[2023-07-25T16:17:03.732+0000] {processor.py:836} INFO - DAG(s) dict_keys(['example_local_kubernetes_executor']) retrieved from /home/airflow/.local/lib/python3.9/site-packages/airflow/example_dags/example_local_kubernetes_executor.py
[2023-07-25T16:17:03.775+0000] {logging_mixin.py:150} INFO - [2023-07-25T16:17:03.774+0000] {dag.py:2742} INFO - Sync 1 DAGs
[2023-07-25T16:17:03.803+0000] {logging_mixin.py:150} INFO - [2023-07-25T16:17:03.803+0000] {dag.py:3504} INFO - Setting next_dagrun for example_local_kubernetes_executor to None, run_after=None
[2023-07-25T16:17:03.826+0000] {processor.py:179} INFO - Processing /home/airflow/.local/lib/python3.9/site-packages/airflow/example_dags/example_local_kubernetes_executor.py took 0.583 seconds
[2023-07-25T16:17:33.974+0000] {processor.py:157} INFO - Started process (PID=1858) to work on /home/airflow/.local/lib/python3.9/site-packages/airflow/example_dags/example_local_kubernetes_executor.py
[2023-07-25T16:17:33.976+0000] {processor.py:826} INFO - Processing file /home/airflow/.local/lib/python3.9/site-packages/airflow/example_dags/example_local_kubernetes_executor.py for tasks to queue
[2023-07-25T16:17:33.977+0000] {logging_mixin.py:150} INFO - [2023-07-25T16:17:33.976+0000] {dagbag.py:541} INFO - Filling up the DagBag from /home/airflow/.local/lib/python3.9/site-packages/airflow/example_dags/example_local_kubernetes_executor.py
[2023-07-25T16:17:34.639+0000] {processor.py:836} INFO - DAG(s) dict_keys(['example_local_kubernetes_executor']) retrieved from /home/airflow/.local/lib/python3.9/site-packages/airflow/example_dags/example_local_kubernetes_executor.py
[2023-07-25T16:17:34.771+0000] {logging_mixin.py:150} INFO - [2023-07-25T16:17:34.771+0000] {dag.py:2742} INFO - Sync 1 DAGs
[2023-07-25T16:17:34.833+0000] {logging_mixin.py:150} INFO - [2023-07-25T16:17:34.833+0000] {dag.py:3504} INFO - Setting next_dagrun for example_local_kubernetes_executor to None, run_after=None
[2023-07-25T16:17:35.220+0000] {processor.py:179} INFO - Processing /home/airflow/.local/lib/python3.9/site-packages/airflow/example_dags/example_local_kubernetes_executor.py took 1.251 seconds
[2023-07-25T16:18:05.390+0000] {processor.py:157} INFO - Started process (PID=1922) to work on /home/airflow/.local/lib/python3.9/site-packages/airflow/example_dags/example_local_kubernetes_executor.py
[2023-07-25T16:18:05.395+0000] {processor.py:826} INFO - Processing file /home/airflow/.local/lib/python3.9/site-packages/airflow/example_dags/example_local_kubernetes_executor.py for tasks to queue
[2023-07-25T16:18:05.396+0000] {logging_mixin.py:150} INFO - [2023-07-25T16:18:05.396+0000] {dagbag.py:541} INFO - Filling up the DagBag from /home/airflow/.local/lib/python3.9/site-packages/airflow/example_dags/example_local_kubernetes_executor.py
[2023-07-25T16:18:05.945+0000] {processor.py:836} INFO - DAG(s) dict_keys(['example_local_kubernetes_executor']) retrieved from /home/airflow/.local/lib/python3.9/site-packages/airflow/example_dags/example_local_kubernetes_executor.py
[2023-07-25T16:18:06.086+0000] {logging_mixin.py:150} INFO - [2023-07-25T16:18:06.085+0000] {dag.py:2742} INFO - Sync 1 DAGs
[2023-07-25T16:18:06.196+0000] {logging_mixin.py:150} INFO - [2023-07-25T16:18:06.195+0000] {dag.py:3504} INFO - Setting next_dagrun for example_local_kubernetes_executor to None, run_after=None
[2023-07-25T16:18:06.303+0000] {processor.py:179} INFO - Processing /home/airflow/.local/lib/python3.9/site-packages/airflow/example_dags/example_local_kubernetes_executor.py took 0.918 seconds
[2023-07-25T16:18:36.981+0000] {processor.py:157} INFO - Started process (PID=1984) to work on /home/airflow/.local/lib/python3.9/site-packages/airflow/example_dags/example_local_kubernetes_executor.py
[2023-07-25T16:18:36.993+0000] {processor.py:826} INFO - Processing file /home/airflow/.local/lib/python3.9/site-packages/airflow/example_dags/example_local_kubernetes_executor.py for tasks to queue
[2023-07-25T16:18:36.994+0000] {logging_mixin.py:150} INFO - [2023-07-25T16:18:36.994+0000] {dagbag.py:541} INFO - Filling up the DagBag from /home/airflow/.local/lib/python3.9/site-packages/airflow/example_dags/example_local_kubernetes_executor.py
[2023-07-25T16:18:37.614+0000] {processor.py:836} INFO - DAG(s) dict_keys(['example_local_kubernetes_executor']) retrieved from /home/airflow/.local/lib/python3.9/site-packages/airflow/example_dags/example_local_kubernetes_executor.py
[2023-07-25T16:18:37.654+0000] {logging_mixin.py:150} INFO - [2023-07-25T16:18:37.653+0000] {dag.py:2742} INFO - Sync 1 DAGs
[2023-07-25T16:18:37.686+0000] {logging_mixin.py:150} INFO - [2023-07-25T16:18:37.686+0000] {dag.py:3504} INFO - Setting next_dagrun for example_local_kubernetes_executor to None, run_after=None
[2023-07-25T16:18:37.728+0000] {processor.py:179} INFO - Processing /home/airflow/.local/lib/python3.9/site-packages/airflow/example_dags/example_local_kubernetes_executor.py took 0.752 seconds
[2023-07-25T16:19:08.114+0000] {processor.py:157} INFO - Started process (PID=2048) to work on /home/airflow/.local/lib/python3.9/site-packages/airflow/example_dags/example_local_kubernetes_executor.py
[2023-07-25T16:19:08.135+0000] {processor.py:826} INFO - Processing file /home/airflow/.local/lib/python3.9/site-packages/airflow/example_dags/example_local_kubernetes_executor.py for tasks to queue
[2023-07-25T16:19:08.136+0000] {logging_mixin.py:150} INFO - [2023-07-25T16:19:08.136+0000] {dagbag.py:541} INFO - Filling up the DagBag from /home/airflow/.local/lib/python3.9/site-packages/airflow/example_dags/example_local_kubernetes_executor.py
[2023-07-25T16:19:09.058+0000] {processor.py:836} INFO - DAG(s) dict_keys(['example_local_kubernetes_executor']) retrieved from /home/airflow/.local/lib/python3.9/site-packages/airflow/example_dags/example_local_kubernetes_executor.py
[2023-07-25T16:19:09.121+0000] {logging_mixin.py:150} INFO - [2023-07-25T16:19:09.121+0000] {dag.py:2742} INFO - Sync 1 DAGs
[2023-07-25T16:19:09.184+0000] {logging_mixin.py:150} INFO - [2023-07-25T16:19:09.184+0000] {dag.py:3504} INFO - Setting next_dagrun for example_local_kubernetes_executor to None, run_after=None
[2023-07-25T16:19:09.535+0000] {processor.py:179} INFO - Processing /home/airflow/.local/lib/python3.9/site-packages/airflow/example_dags/example_local_kubernetes_executor.py took 1.425 seconds
[2023-07-25T16:19:40.264+0000] {processor.py:157} INFO - Started process (PID=2111) to work on /home/airflow/.local/lib/python3.9/site-packages/airflow/example_dags/example_local_kubernetes_executor.py
[2023-07-25T16:19:40.276+0000] {processor.py:826} INFO - Processing file /home/airflow/.local/lib/python3.9/site-packages/airflow/example_dags/example_local_kubernetes_executor.py for tasks to queue
[2023-07-25T16:19:40.277+0000] {logging_mixin.py:150} INFO - [2023-07-25T16:19:40.277+0000] {dagbag.py:541} INFO - Filling up the DagBag from /home/airflow/.local/lib/python3.9/site-packages/airflow/example_dags/example_local_kubernetes_executor.py
[2023-07-25T16:19:41.110+0000] {processor.py:836} INFO - DAG(s) dict_keys(['example_local_kubernetes_executor']) retrieved from /home/airflow/.local/lib/python3.9/site-packages/airflow/example_dags/example_local_kubernetes_executor.py
[2023-07-25T16:19:41.285+0000] {logging_mixin.py:150} INFO - [2023-07-25T16:19:41.258+0000] {dag.py:2742} INFO - Sync 1 DAGs
[2023-07-25T16:19:41.426+0000] {logging_mixin.py:150} INFO - [2023-07-25T16:19:41.425+0000] {dag.py:3504} INFO - Setting next_dagrun for example_local_kubernetes_executor to None, run_after=None
[2023-07-25T16:19:41.598+0000] {processor.py:179} INFO - Processing /home/airflow/.local/lib/python3.9/site-packages/airflow/example_dags/example_local_kubernetes_executor.py took 1.339 seconds
[2023-07-25T16:20:12.183+0000] {processor.py:157} INFO - Started process (PID=2172) to work on /home/airflow/.local/lib/python3.9/site-packages/airflow/example_dags/example_local_kubernetes_executor.py
[2023-07-25T16:20:12.205+0000] {processor.py:826} INFO - Processing file /home/airflow/.local/lib/python3.9/site-packages/airflow/example_dags/example_local_kubernetes_executor.py for tasks to queue
[2023-07-25T16:20:12.219+0000] {logging_mixin.py:150} INFO - [2023-07-25T16:20:12.219+0000] {dagbag.py:541} INFO - Filling up the DagBag from /home/airflow/.local/lib/python3.9/site-packages/airflow/example_dags/example_local_kubernetes_executor.py
[2023-07-25T16:20:14.091+0000] {processor.py:836} INFO - DAG(s) dict_keys(['example_local_kubernetes_executor']) retrieved from /home/airflow/.local/lib/python3.9/site-packages/airflow/example_dags/example_local_kubernetes_executor.py
[2023-07-25T16:20:14.265+0000] {logging_mixin.py:150} INFO - [2023-07-25T16:20:14.255+0000] {dag.py:2742} INFO - Sync 1 DAGs
[2023-07-25T16:20:15.306+0000] {logging_mixin.py:150} INFO - [2023-07-25T16:20:15.305+0000] {dag.py:3504} INFO - Setting next_dagrun for example_local_kubernetes_executor to None, run_after=None
[2023-07-25T16:20:15.445+0000] {processor.py:179} INFO - Processing /home/airflow/.local/lib/python3.9/site-packages/airflow/example_dags/example_local_kubernetes_executor.py took 3.266 seconds
[2023-07-25T16:20:45.577+0000] {processor.py:157} INFO - Started process (PID=2240) to work on /home/airflow/.local/lib/python3.9/site-packages/airflow/example_dags/example_local_kubernetes_executor.py
[2023-07-25T16:20:45.580+0000] {processor.py:826} INFO - Processing file /home/airflow/.local/lib/python3.9/site-packages/airflow/example_dags/example_local_kubernetes_executor.py for tasks to queue
[2023-07-25T16:20:45.596+0000] {logging_mixin.py:150} INFO - [2023-07-25T16:20:45.595+0000] {dagbag.py:541} INFO - Filling up the DagBag from /home/airflow/.local/lib/python3.9/site-packages/airflow/example_dags/example_local_kubernetes_executor.py
[2023-07-25T16:20:46.543+0000] {processor.py:836} INFO - DAG(s) dict_keys(['example_local_kubernetes_executor']) retrieved from /home/airflow/.local/lib/python3.9/site-packages/airflow/example_dags/example_local_kubernetes_executor.py
[2023-07-25T16:20:46.613+0000] {logging_mixin.py:150} INFO - [2023-07-25T16:20:46.613+0000] {dag.py:2742} INFO - Sync 1 DAGs
[2023-07-25T16:20:46.816+0000] {logging_mixin.py:150} INFO - [2023-07-25T16:20:46.815+0000] {dag.py:3504} INFO - Setting next_dagrun for example_local_kubernetes_executor to None, run_after=None
[2023-07-25T16:20:46.933+0000] {processor.py:179} INFO - Processing /home/airflow/.local/lib/python3.9/site-packages/airflow/example_dags/example_local_kubernetes_executor.py took 1.382 seconds
[2023-07-25T16:21:17.185+0000] {processor.py:157} INFO - Started process (PID=2302) to work on /home/airflow/.local/lib/python3.9/site-packages/airflow/example_dags/example_local_kubernetes_executor.py
[2023-07-25T16:21:17.205+0000] {processor.py:826} INFO - Processing file /home/airflow/.local/lib/python3.9/site-packages/airflow/example_dags/example_local_kubernetes_executor.py for tasks to queue
[2023-07-25T16:21:17.206+0000] {logging_mixin.py:150} INFO - [2023-07-25T16:21:17.206+0000] {dagbag.py:541} INFO - Filling up the DagBag from /home/airflow/.local/lib/python3.9/site-packages/airflow/example_dags/example_local_kubernetes_executor.py
[2023-07-25T16:21:18.679+0000] {processor.py:836} INFO - DAG(s) dict_keys(['example_local_kubernetes_executor']) retrieved from /home/airflow/.local/lib/python3.9/site-packages/airflow/example_dags/example_local_kubernetes_executor.py
[2023-07-25T16:21:18.805+0000] {logging_mixin.py:150} INFO - [2023-07-25T16:21:18.805+0000] {dag.py:2742} INFO - Sync 1 DAGs
[2023-07-25T16:21:19.411+0000] {logging_mixin.py:150} INFO - [2023-07-25T16:21:19.411+0000] {dag.py:3504} INFO - Setting next_dagrun for example_local_kubernetes_executor to None, run_after=None
[2023-07-25T16:21:19.480+0000] {processor.py:179} INFO - Processing /home/airflow/.local/lib/python3.9/site-packages/airflow/example_dags/example_local_kubernetes_executor.py took 2.309 seconds
[2023-07-25T16:21:49.601+0000] {processor.py:157} INFO - Started process (PID=2375) to work on /home/airflow/.local/lib/python3.9/site-packages/airflow/example_dags/example_local_kubernetes_executor.py
[2023-07-25T16:21:49.615+0000] {processor.py:826} INFO - Processing file /home/airflow/.local/lib/python3.9/site-packages/airflow/example_dags/example_local_kubernetes_executor.py for tasks to queue
[2023-07-25T16:21:49.616+0000] {logging_mixin.py:150} INFO - [2023-07-25T16:21:49.616+0000] {dagbag.py:541} INFO - Filling up the DagBag from /home/airflow/.local/lib/python3.9/site-packages/airflow/example_dags/example_local_kubernetes_executor.py
[2023-07-25T16:21:50.410+0000] {processor.py:836} INFO - DAG(s) dict_keys(['example_local_kubernetes_executor']) retrieved from /home/airflow/.local/lib/python3.9/site-packages/airflow/example_dags/example_local_kubernetes_executor.py
[2023-07-25T16:21:50.541+0000] {logging_mixin.py:150} INFO - [2023-07-25T16:21:50.540+0000] {dag.py:2742} INFO - Sync 1 DAGs
[2023-07-25T16:21:50.626+0000] {logging_mixin.py:150} INFO - [2023-07-25T16:21:50.625+0000] {dag.py:3504} INFO - Setting next_dagrun for example_local_kubernetes_executor to None, run_after=None
[2023-07-25T16:21:51.182+0000] {processor.py:179} INFO - Processing /home/airflow/.local/lib/python3.9/site-packages/airflow/example_dags/example_local_kubernetes_executor.py took 1.586 seconds
[2023-07-25T16:22:21.430+0000] {processor.py:157} INFO - Started process (PID=2440) to work on /home/airflow/.local/lib/python3.9/site-packages/airflow/example_dags/example_local_kubernetes_executor.py
[2023-07-25T16:22:21.439+0000] {processor.py:826} INFO - Processing file /home/airflow/.local/lib/python3.9/site-packages/airflow/example_dags/example_local_kubernetes_executor.py for tasks to queue
[2023-07-25T16:22:21.441+0000] {logging_mixin.py:150} INFO - [2023-07-25T16:22:21.440+0000] {dagbag.py:541} INFO - Filling up the DagBag from /home/airflow/.local/lib/python3.9/site-packages/airflow/example_dags/example_local_kubernetes_executor.py
[2023-07-25T16:22:22.539+0000] {processor.py:836} INFO - DAG(s) dict_keys(['example_local_kubernetes_executor']) retrieved from /home/airflow/.local/lib/python3.9/site-packages/airflow/example_dags/example_local_kubernetes_executor.py
[2023-07-25T16:22:23.326+0000] {logging_mixin.py:150} INFO - [2023-07-25T16:22:23.326+0000] {dag.py:2742} INFO - Sync 1 DAGs
[2023-07-25T16:22:23.396+0000] {logging_mixin.py:150} INFO - [2023-07-25T16:22:23.395+0000] {dag.py:3504} INFO - Setting next_dagrun for example_local_kubernetes_executor to None, run_after=None
[2023-07-25T16:22:23.455+0000] {processor.py:179} INFO - Processing /home/airflow/.local/lib/python3.9/site-packages/airflow/example_dags/example_local_kubernetes_executor.py took 2.029 seconds
[2023-07-25T16:22:54.948+0000] {processor.py:157} INFO - Started process (PID=2506) to work on /home/airflow/.local/lib/python3.9/site-packages/airflow/example_dags/example_local_kubernetes_executor.py
[2023-07-25T16:22:54.949+0000] {processor.py:826} INFO - Processing file /home/airflow/.local/lib/python3.9/site-packages/airflow/example_dags/example_local_kubernetes_executor.py for tasks to queue
[2023-07-25T16:22:54.950+0000] {logging_mixin.py:150} INFO - [2023-07-25T16:22:54.950+0000] {dagbag.py:541} INFO - Filling up the DagBag from /home/airflow/.local/lib/python3.9/site-packages/airflow/example_dags/example_local_kubernetes_executor.py
[2023-07-25T16:22:57.531+0000] {processor.py:836} INFO - DAG(s) dict_keys(['example_local_kubernetes_executor']) retrieved from /home/airflow/.local/lib/python3.9/site-packages/airflow/example_dags/example_local_kubernetes_executor.py
[2023-07-25T16:22:57.766+0000] {logging_mixin.py:150} INFO - [2023-07-25T16:22:57.765+0000] {dag.py:2742} INFO - Sync 1 DAGs
[2023-07-25T16:22:59.166+0000] {logging_mixin.py:150} INFO - [2023-07-25T16:22:59.165+0000] {dag.py:3504} INFO - Setting next_dagrun for example_local_kubernetes_executor to None, run_after=None
[2023-07-25T16:22:59.318+0000] {processor.py:179} INFO - Processing /home/airflow/.local/lib/python3.9/site-packages/airflow/example_dags/example_local_kubernetes_executor.py took 4.427 seconds
[2023-07-25T16:23:29.794+0000] {processor.py:157} INFO - Started process (PID=2569) to work on /home/airflow/.local/lib/python3.9/site-packages/airflow/example_dags/example_local_kubernetes_executor.py
[2023-07-25T16:23:29.802+0000] {processor.py:826} INFO - Processing file /home/airflow/.local/lib/python3.9/site-packages/airflow/example_dags/example_local_kubernetes_executor.py for tasks to queue
[2023-07-25T16:23:29.803+0000] {logging_mixin.py:150} INFO - [2023-07-25T16:23:29.803+0000] {dagbag.py:541} INFO - Filling up the DagBag from /home/airflow/.local/lib/python3.9/site-packages/airflow/example_dags/example_local_kubernetes_executor.py
[2023-07-25T16:23:30.578+0000] {processor.py:836} INFO - DAG(s) dict_keys(['example_local_kubernetes_executor']) retrieved from /home/airflow/.local/lib/python3.9/site-packages/airflow/example_dags/example_local_kubernetes_executor.py
[2023-07-25T16:23:30.612+0000] {logging_mixin.py:150} INFO - [2023-07-25T16:23:30.612+0000] {dag.py:2742} INFO - Sync 1 DAGs
[2023-07-25T16:23:30.636+0000] {logging_mixin.py:150} INFO - [2023-07-25T16:23:30.636+0000] {dag.py:3504} INFO - Setting next_dagrun for example_local_kubernetes_executor to None, run_after=None
[2023-07-25T16:23:30.660+0000] {processor.py:179} INFO - Processing /home/airflow/.local/lib/python3.9/site-packages/airflow/example_dags/example_local_kubernetes_executor.py took 0.871 seconds
[2023-07-25T16:24:00.974+0000] {processor.py:157} INFO - Started process (PID=2631) to work on /home/airflow/.local/lib/python3.9/site-packages/airflow/example_dags/example_local_kubernetes_executor.py
[2023-07-25T16:24:00.985+0000] {processor.py:826} INFO - Processing file /home/airflow/.local/lib/python3.9/site-packages/airflow/example_dags/example_local_kubernetes_executor.py for tasks to queue
[2023-07-25T16:24:00.986+0000] {logging_mixin.py:150} INFO - [2023-07-25T16:24:00.985+0000] {dagbag.py:541} INFO - Filling up the DagBag from /home/airflow/.local/lib/python3.9/site-packages/airflow/example_dags/example_local_kubernetes_executor.py
[2023-07-25T16:24:01.466+0000] {processor.py:836} INFO - DAG(s) dict_keys(['example_local_kubernetes_executor']) retrieved from /home/airflow/.local/lib/python3.9/site-packages/airflow/example_dags/example_local_kubernetes_executor.py
[2023-07-25T16:24:01.693+0000] {logging_mixin.py:150} INFO - [2023-07-25T16:24:01.693+0000] {dag.py:2742} INFO - Sync 1 DAGs
[2023-07-25T16:24:01.717+0000] {logging_mixin.py:150} INFO - [2023-07-25T16:24:01.717+0000] {dag.py:3504} INFO - Setting next_dagrun for example_local_kubernetes_executor to None, run_after=None
[2023-07-25T16:24:01.743+0000] {processor.py:179} INFO - Processing /home/airflow/.local/lib/python3.9/site-packages/airflow/example_dags/example_local_kubernetes_executor.py took 0.774 seconds
