[2023-07-25T16:02:17.132+0000] {processor.py:157} INFO - Started process (PID=48) to work on /home/airflow/.local/lib/python3.9/site-packages/airflow/example_dags/example_dynamic_task_mapping.py
[2023-07-25T16:02:17.133+0000] {processor.py:826} INFO - Processing file /home/airflow/.local/lib/python3.9/site-packages/airflow/example_dags/example_dynamic_task_mapping.py for tasks to queue
[2023-07-25T16:02:17.134+0000] {logging_mixin.py:150} INFO - [2023-07-25T16:02:17.134+0000] {dagbag.py:541} INFO - Filling up the DagBag from /home/airflow/.local/lib/python3.9/site-packages/airflow/example_dags/example_dynamic_task_mapping.py
[2023-07-25T16:02:17.170+0000] {processor.py:836} INFO - DAG(s) dict_keys(['example_dynamic_task_mapping']) retrieved from /home/airflow/.local/lib/python3.9/site-packages/airflow/example_dags/example_dynamic_task_mapping.py
[2023-07-25T16:02:17.244+0000] {logging_mixin.py:150} INFO - [2023-07-25T16:02:17.243+0000] {dag.py:2742} INFO - Sync 1 DAGs
[2023-07-25T16:02:17.653+0000] {logging_mixin.py:150} INFO - [2023-07-25T16:02:17.652+0000] {dag.py:3504} INFO - Setting next_dagrun for example_dynamic_task_mapping to 2022-03-04T00:00:00+00:00, run_after=2022-03-05T00:00:00+00:00
[2023-07-25T16:02:17.701+0000] {processor.py:179} INFO - Processing /home/airflow/.local/lib/python3.9/site-packages/airflow/example_dags/example_dynamic_task_mapping.py took 0.573 seconds
[2023-07-25T16:02:48.562+0000] {processor.py:157} INFO - Started process (PID=110) to work on /home/airflow/.local/lib/python3.9/site-packages/airflow/example_dags/example_dynamic_task_mapping.py
[2023-07-25T16:02:48.574+0000] {processor.py:826} INFO - Processing file /home/airflow/.local/lib/python3.9/site-packages/airflow/example_dags/example_dynamic_task_mapping.py for tasks to queue
[2023-07-25T16:02:48.575+0000] {logging_mixin.py:150} INFO - [2023-07-25T16:02:48.574+0000] {dagbag.py:541} INFO - Filling up the DagBag from /home/airflow/.local/lib/python3.9/site-packages/airflow/example_dags/example_dynamic_task_mapping.py
[2023-07-25T16:02:48.584+0000] {processor.py:836} INFO - DAG(s) dict_keys(['example_dynamic_task_mapping']) retrieved from /home/airflow/.local/lib/python3.9/site-packages/airflow/example_dags/example_dynamic_task_mapping.py
[2023-07-25T16:02:48.687+0000] {logging_mixin.py:150} INFO - [2023-07-25T16:02:48.686+0000] {dag.py:2742} INFO - Sync 1 DAGs
[2023-07-25T16:02:48.766+0000] {logging_mixin.py:150} INFO - [2023-07-25T16:02:48.765+0000] {dag.py:3504} INFO - Setting next_dagrun for example_dynamic_task_mapping to 2022-03-04T00:00:00+00:00, run_after=2022-03-05T00:00:00+00:00
[2023-07-25T16:02:48.846+0000] {processor.py:179} INFO - Processing /home/airflow/.local/lib/python3.9/site-packages/airflow/example_dags/example_dynamic_task_mapping.py took 0.288 seconds
[2023-07-25T16:03:18.944+0000] {processor.py:157} INFO - Started process (PID=171) to work on /home/airflow/.local/lib/python3.9/site-packages/airflow/example_dags/example_dynamic_task_mapping.py
[2023-07-25T16:03:18.955+0000] {processor.py:826} INFO - Processing file /home/airflow/.local/lib/python3.9/site-packages/airflow/example_dags/example_dynamic_task_mapping.py for tasks to queue
[2023-07-25T16:03:18.956+0000] {logging_mixin.py:150} INFO - [2023-07-25T16:03:18.956+0000] {dagbag.py:541} INFO - Filling up the DagBag from /home/airflow/.local/lib/python3.9/site-packages/airflow/example_dags/example_dynamic_task_mapping.py
[2023-07-25T16:03:18.995+0000] {processor.py:836} INFO - DAG(s) dict_keys(['example_dynamic_task_mapping']) retrieved from /home/airflow/.local/lib/python3.9/site-packages/airflow/example_dags/example_dynamic_task_mapping.py
[2023-07-25T16:03:19.075+0000] {logging_mixin.py:150} INFO - [2023-07-25T16:03:19.075+0000] {dag.py:2742} INFO - Sync 1 DAGs
[2023-07-25T16:03:19.156+0000] {logging_mixin.py:150} INFO - [2023-07-25T16:03:19.155+0000] {dag.py:3504} INFO - Setting next_dagrun for example_dynamic_task_mapping to 2022-03-04T00:00:00+00:00, run_after=2022-03-05T00:00:00+00:00
[2023-07-25T16:03:19.232+0000] {processor.py:179} INFO - Processing /home/airflow/.local/lib/python3.9/site-packages/airflow/example_dags/example_dynamic_task_mapping.py took 0.292 seconds
[2023-07-25T16:03:49.585+0000] {processor.py:157} INFO - Started process (PID=232) to work on /home/airflow/.local/lib/python3.9/site-packages/airflow/example_dags/example_dynamic_task_mapping.py
[2023-07-25T16:03:49.595+0000] {processor.py:826} INFO - Processing file /home/airflow/.local/lib/python3.9/site-packages/airflow/example_dags/example_dynamic_task_mapping.py for tasks to queue
[2023-07-25T16:03:49.596+0000] {logging_mixin.py:150} INFO - [2023-07-25T16:03:49.596+0000] {dagbag.py:541} INFO - Filling up the DagBag from /home/airflow/.local/lib/python3.9/site-packages/airflow/example_dags/example_dynamic_task_mapping.py
[2023-07-25T16:03:49.617+0000] {processor.py:836} INFO - DAG(s) dict_keys(['example_dynamic_task_mapping']) retrieved from /home/airflow/.local/lib/python3.9/site-packages/airflow/example_dags/example_dynamic_task_mapping.py
[2023-07-25T16:03:49.707+0000] {logging_mixin.py:150} INFO - [2023-07-25T16:03:49.707+0000] {dag.py:2742} INFO - Sync 1 DAGs
[2023-07-25T16:03:49.792+0000] {logging_mixin.py:150} INFO - [2023-07-25T16:03:49.792+0000] {dag.py:3504} INFO - Setting next_dagrun for example_dynamic_task_mapping to 2022-03-04T00:00:00+00:00, run_after=2022-03-05T00:00:00+00:00
[2023-07-25T16:03:49.867+0000] {processor.py:179} INFO - Processing /home/airflow/.local/lib/python3.9/site-packages/airflow/example_dags/example_dynamic_task_mapping.py took 0.297 seconds
[2023-07-25T16:04:20.484+0000] {processor.py:157} INFO - Started process (PID=295) to work on /home/airflow/.local/lib/python3.9/site-packages/airflow/example_dags/example_dynamic_task_mapping.py
[2023-07-25T16:04:20.495+0000] {processor.py:826} INFO - Processing file /home/airflow/.local/lib/python3.9/site-packages/airflow/example_dags/example_dynamic_task_mapping.py for tasks to queue
[2023-07-25T16:04:20.496+0000] {logging_mixin.py:150} INFO - [2023-07-25T16:04:20.496+0000] {dagbag.py:541} INFO - Filling up the DagBag from /home/airflow/.local/lib/python3.9/site-packages/airflow/example_dags/example_dynamic_task_mapping.py
[2023-07-25T16:04:20.515+0000] {processor.py:836} INFO - DAG(s) dict_keys(['example_dynamic_task_mapping']) retrieved from /home/airflow/.local/lib/python3.9/site-packages/airflow/example_dags/example_dynamic_task_mapping.py
[2023-07-25T16:04:20.558+0000] {logging_mixin.py:150} INFO - [2023-07-25T16:04:20.557+0000] {dag.py:2742} INFO - Sync 1 DAGs
[2023-07-25T16:04:20.600+0000] {logging_mixin.py:150} INFO - [2023-07-25T16:04:20.600+0000] {dag.py:3504} INFO - Setting next_dagrun for example_dynamic_task_mapping to 2022-03-04T00:00:00+00:00, run_after=2022-03-05T00:00:00+00:00
[2023-07-25T16:04:20.632+0000] {processor.py:179} INFO - Processing /home/airflow/.local/lib/python3.9/site-packages/airflow/example_dags/example_dynamic_task_mapping.py took 0.153 seconds
[2023-07-25T16:04:51.054+0000] {processor.py:157} INFO - Started process (PID=355) to work on /home/airflow/.local/lib/python3.9/site-packages/airflow/example_dags/example_dynamic_task_mapping.py
[2023-07-25T16:04:51.066+0000] {processor.py:826} INFO - Processing file /home/airflow/.local/lib/python3.9/site-packages/airflow/example_dags/example_dynamic_task_mapping.py for tasks to queue
[2023-07-25T16:04:51.067+0000] {logging_mixin.py:150} INFO - [2023-07-25T16:04:51.067+0000] {dagbag.py:541} INFO - Filling up the DagBag from /home/airflow/.local/lib/python3.9/site-packages/airflow/example_dags/example_dynamic_task_mapping.py
[2023-07-25T16:04:51.087+0000] {processor.py:836} INFO - DAG(s) dict_keys(['example_dynamic_task_mapping']) retrieved from /home/airflow/.local/lib/python3.9/site-packages/airflow/example_dags/example_dynamic_task_mapping.py
[2023-07-25T16:04:51.138+0000] {logging_mixin.py:150} INFO - [2023-07-25T16:04:51.138+0000] {dag.py:2742} INFO - Sync 1 DAGs
[2023-07-25T16:04:51.212+0000] {logging_mixin.py:150} INFO - [2023-07-25T16:04:51.212+0000] {dag.py:3504} INFO - Setting next_dagrun for example_dynamic_task_mapping to 2022-03-04T00:00:00+00:00, run_after=2022-03-05T00:00:00+00:00
[2023-07-25T16:04:51.268+0000] {processor.py:179} INFO - Processing /home/airflow/.local/lib/python3.9/site-packages/airflow/example_dags/example_dynamic_task_mapping.py took 0.219 seconds
[2023-07-25T16:05:21.718+0000] {processor.py:157} INFO - Started process (PID=417) to work on /home/airflow/.local/lib/python3.9/site-packages/airflow/example_dags/example_dynamic_task_mapping.py
[2023-07-25T16:05:21.721+0000] {processor.py:826} INFO - Processing file /home/airflow/.local/lib/python3.9/site-packages/airflow/example_dags/example_dynamic_task_mapping.py for tasks to queue
[2023-07-25T16:05:21.729+0000] {logging_mixin.py:150} INFO - [2023-07-25T16:05:21.728+0000] {dagbag.py:541} INFO - Filling up the DagBag from /home/airflow/.local/lib/python3.9/site-packages/airflow/example_dags/example_dynamic_task_mapping.py
[2023-07-25T16:05:21.755+0000] {processor.py:836} INFO - DAG(s) dict_keys(['example_dynamic_task_mapping']) retrieved from /home/airflow/.local/lib/python3.9/site-packages/airflow/example_dags/example_dynamic_task_mapping.py
[2023-07-25T16:05:21.799+0000] {logging_mixin.py:150} INFO - [2023-07-25T16:05:21.799+0000] {dag.py:2742} INFO - Sync 1 DAGs
[2023-07-25T16:05:21.836+0000] {logging_mixin.py:150} INFO - [2023-07-25T16:05:21.836+0000] {dag.py:3504} INFO - Setting next_dagrun for example_dynamic_task_mapping to 2022-03-04T00:00:00+00:00, run_after=2022-03-05T00:00:00+00:00
[2023-07-25T16:05:21.868+0000] {processor.py:179} INFO - Processing /home/airflow/.local/lib/python3.9/site-packages/airflow/example_dags/example_dynamic_task_mapping.py took 0.159 seconds
[2023-07-25T16:05:52.251+0000] {processor.py:157} INFO - Started process (PID=479) to work on /home/airflow/.local/lib/python3.9/site-packages/airflow/example_dags/example_dynamic_task_mapping.py
[2023-07-25T16:05:52.257+0000] {processor.py:826} INFO - Processing file /home/airflow/.local/lib/python3.9/site-packages/airflow/example_dags/example_dynamic_task_mapping.py for tasks to queue
[2023-07-25T16:05:52.258+0000] {logging_mixin.py:150} INFO - [2023-07-25T16:05:52.258+0000] {dagbag.py:541} INFO - Filling up the DagBag from /home/airflow/.local/lib/python3.9/site-packages/airflow/example_dags/example_dynamic_task_mapping.py
[2023-07-25T16:05:52.277+0000] {processor.py:836} INFO - DAG(s) dict_keys(['example_dynamic_task_mapping']) retrieved from /home/airflow/.local/lib/python3.9/site-packages/airflow/example_dags/example_dynamic_task_mapping.py
[2023-07-25T16:05:52.322+0000] {logging_mixin.py:150} INFO - [2023-07-25T16:05:52.322+0000] {dag.py:2742} INFO - Sync 1 DAGs
[2023-07-25T16:05:52.381+0000] {logging_mixin.py:150} INFO - [2023-07-25T16:05:52.381+0000] {dag.py:3504} INFO - Setting next_dagrun for example_dynamic_task_mapping to 2022-03-04T00:00:00+00:00, run_after=2022-03-05T00:00:00+00:00
[2023-07-25T16:05:52.436+0000] {processor.py:179} INFO - Processing /home/airflow/.local/lib/python3.9/site-packages/airflow/example_dags/example_dynamic_task_mapping.py took 0.190 seconds
[2023-07-25T16:06:23.304+0000] {processor.py:157} INFO - Started process (PID=546) to work on /home/airflow/.local/lib/python3.9/site-packages/airflow/example_dags/example_dynamic_task_mapping.py
[2023-07-25T16:06:23.325+0000] {processor.py:826} INFO - Processing file /home/airflow/.local/lib/python3.9/site-packages/airflow/example_dags/example_dynamic_task_mapping.py for tasks to queue
[2023-07-25T16:06:23.326+0000] {logging_mixin.py:150} INFO - [2023-07-25T16:06:23.326+0000] {dagbag.py:541} INFO - Filling up the DagBag from /home/airflow/.local/lib/python3.9/site-packages/airflow/example_dags/example_dynamic_task_mapping.py
[2023-07-25T16:06:23.355+0000] {processor.py:836} INFO - DAG(s) dict_keys(['example_dynamic_task_mapping']) retrieved from /home/airflow/.local/lib/python3.9/site-packages/airflow/example_dags/example_dynamic_task_mapping.py
[2023-07-25T16:06:23.455+0000] {logging_mixin.py:150} INFO - [2023-07-25T16:06:23.455+0000] {dag.py:2742} INFO - Sync 1 DAGs
[2023-07-25T16:06:23.566+0000] {logging_mixin.py:150} INFO - [2023-07-25T16:06:23.566+0000] {dag.py:3504} INFO - Setting next_dagrun for example_dynamic_task_mapping to 2022-03-04T00:00:00+00:00, run_after=2022-03-05T00:00:00+00:00
[2023-07-25T16:06:23.747+0000] {processor.py:179} INFO - Processing /home/airflow/.local/lib/python3.9/site-packages/airflow/example_dags/example_dynamic_task_mapping.py took 0.448 seconds
[2023-07-25T16:06:54.446+0000] {processor.py:157} INFO - Started process (PID=607) to work on /home/airflow/.local/lib/python3.9/site-packages/airflow/example_dags/example_dynamic_task_mapping.py
[2023-07-25T16:06:54.465+0000] {processor.py:826} INFO - Processing file /home/airflow/.local/lib/python3.9/site-packages/airflow/example_dags/example_dynamic_task_mapping.py for tasks to queue
[2023-07-25T16:06:54.466+0000] {logging_mixin.py:150} INFO - [2023-07-25T16:06:54.466+0000] {dagbag.py:541} INFO - Filling up the DagBag from /home/airflow/.local/lib/python3.9/site-packages/airflow/example_dags/example_dynamic_task_mapping.py
[2023-07-25T16:06:54.508+0000] {processor.py:836} INFO - DAG(s) dict_keys(['example_dynamic_task_mapping']) retrieved from /home/airflow/.local/lib/python3.9/site-packages/airflow/example_dags/example_dynamic_task_mapping.py
[2023-07-25T16:06:54.625+0000] {logging_mixin.py:150} INFO - [2023-07-25T16:06:54.625+0000] {dag.py:2742} INFO - Sync 1 DAGs
[2023-07-25T16:06:54.685+0000] {logging_mixin.py:150} INFO - [2023-07-25T16:06:54.684+0000] {dag.py:3504} INFO - Setting next_dagrun for example_dynamic_task_mapping to 2022-03-04T00:00:00+00:00, run_after=2022-03-05T00:00:00+00:00
[2023-07-25T16:06:54.748+0000] {processor.py:179} INFO - Processing /home/airflow/.local/lib/python3.9/site-packages/airflow/example_dags/example_dynamic_task_mapping.py took 0.327 seconds
[2023-07-25T16:07:25.175+0000] {processor.py:157} INFO - Started process (PID=669) to work on /home/airflow/.local/lib/python3.9/site-packages/airflow/example_dags/example_dynamic_task_mapping.py
[2023-07-25T16:07:25.185+0000] {processor.py:826} INFO - Processing file /home/airflow/.local/lib/python3.9/site-packages/airflow/example_dags/example_dynamic_task_mapping.py for tasks to queue
[2023-07-25T16:07:25.186+0000] {logging_mixin.py:150} INFO - [2023-07-25T16:07:25.186+0000] {dagbag.py:541} INFO - Filling up the DagBag from /home/airflow/.local/lib/python3.9/site-packages/airflow/example_dags/example_dynamic_task_mapping.py
[2023-07-25T16:07:25.207+0000] {processor.py:836} INFO - DAG(s) dict_keys(['example_dynamic_task_mapping']) retrieved from /home/airflow/.local/lib/python3.9/site-packages/airflow/example_dags/example_dynamic_task_mapping.py
[2023-07-25T16:07:25.261+0000] {logging_mixin.py:150} INFO - [2023-07-25T16:07:25.261+0000] {dag.py:2742} INFO - Sync 1 DAGs
[2023-07-25T16:07:25.346+0000] {logging_mixin.py:150} INFO - [2023-07-25T16:07:25.345+0000] {dag.py:3504} INFO - Setting next_dagrun for example_dynamic_task_mapping to 2022-03-04T00:00:00+00:00, run_after=2022-03-05T00:00:00+00:00
[2023-07-25T16:07:25.416+0000] {processor.py:179} INFO - Processing /home/airflow/.local/lib/python3.9/site-packages/airflow/example_dags/example_dynamic_task_mapping.py took 0.265 seconds
[2023-07-25T16:07:55.510+0000] {processor.py:157} INFO - Started process (PID=730) to work on /home/airflow/.local/lib/python3.9/site-packages/airflow/example_dags/example_dynamic_task_mapping.py
[2023-07-25T16:07:55.525+0000] {processor.py:826} INFO - Processing file /home/airflow/.local/lib/python3.9/site-packages/airflow/example_dags/example_dynamic_task_mapping.py for tasks to queue
[2023-07-25T16:07:55.526+0000] {logging_mixin.py:150} INFO - [2023-07-25T16:07:55.526+0000] {dagbag.py:541} INFO - Filling up the DagBag from /home/airflow/.local/lib/python3.9/site-packages/airflow/example_dags/example_dynamic_task_mapping.py
[2023-07-25T16:07:55.546+0000] {processor.py:836} INFO - DAG(s) dict_keys(['example_dynamic_task_mapping']) retrieved from /home/airflow/.local/lib/python3.9/site-packages/airflow/example_dags/example_dynamic_task_mapping.py
[2023-07-25T16:07:55.620+0000] {logging_mixin.py:150} INFO - [2023-07-25T16:07:55.620+0000] {dag.py:2742} INFO - Sync 1 DAGs
[2023-07-25T16:07:55.701+0000] {logging_mixin.py:150} INFO - [2023-07-25T16:07:55.700+0000] {dag.py:3504} INFO - Setting next_dagrun for example_dynamic_task_mapping to 2022-03-04T00:00:00+00:00, run_after=2022-03-05T00:00:00+00:00
[2023-07-25T16:07:55.806+0000] {processor.py:179} INFO - Processing /home/airflow/.local/lib/python3.9/site-packages/airflow/example_dags/example_dynamic_task_mapping.py took 0.300 seconds
[2023-07-25T16:08:26.376+0000] {processor.py:157} INFO - Started process (PID=792) to work on /home/airflow/.local/lib/python3.9/site-packages/airflow/example_dags/example_dynamic_task_mapping.py
[2023-07-25T16:08:26.385+0000] {processor.py:826} INFO - Processing file /home/airflow/.local/lib/python3.9/site-packages/airflow/example_dags/example_dynamic_task_mapping.py for tasks to queue
[2023-07-25T16:08:26.386+0000] {logging_mixin.py:150} INFO - [2023-07-25T16:08:26.386+0000] {dagbag.py:541} INFO - Filling up the DagBag from /home/airflow/.local/lib/python3.9/site-packages/airflow/example_dags/example_dynamic_task_mapping.py
[2023-07-25T16:08:26.409+0000] {processor.py:836} INFO - DAG(s) dict_keys(['example_dynamic_task_mapping']) retrieved from /home/airflow/.local/lib/python3.9/site-packages/airflow/example_dags/example_dynamic_task_mapping.py
[2023-07-25T16:08:26.494+0000] {logging_mixin.py:150} INFO - [2023-07-25T16:08:26.493+0000] {dag.py:2742} INFO - Sync 1 DAGs
[2023-07-25T16:08:26.566+0000] {logging_mixin.py:150} INFO - [2023-07-25T16:08:26.566+0000] {dag.py:3504} INFO - Setting next_dagrun for example_dynamic_task_mapping to 2022-03-04T00:00:00+00:00, run_after=2022-03-05T00:00:00+00:00
[2023-07-25T16:08:26.639+0000] {processor.py:179} INFO - Processing /home/airflow/.local/lib/python3.9/site-packages/airflow/example_dags/example_dynamic_task_mapping.py took 0.297 seconds
[2023-07-25T16:08:57.435+0000] {processor.py:157} INFO - Started process (PID=847) to work on /home/airflow/.local/lib/python3.9/site-packages/airflow/example_dags/example_dynamic_task_mapping.py
[2023-07-25T16:08:57.445+0000] {processor.py:826} INFO - Processing file /home/airflow/.local/lib/python3.9/site-packages/airflow/example_dags/example_dynamic_task_mapping.py for tasks to queue
[2023-07-25T16:08:57.446+0000] {logging_mixin.py:150} INFO - [2023-07-25T16:08:57.446+0000] {dagbag.py:541} INFO - Filling up the DagBag from /home/airflow/.local/lib/python3.9/site-packages/airflow/example_dags/example_dynamic_task_mapping.py
[2023-07-25T16:08:57.469+0000] {processor.py:836} INFO - DAG(s) dict_keys(['example_dynamic_task_mapping']) retrieved from /home/airflow/.local/lib/python3.9/site-packages/airflow/example_dags/example_dynamic_task_mapping.py
[2023-07-25T16:08:57.576+0000] {logging_mixin.py:150} INFO - [2023-07-25T16:08:57.576+0000] {dag.py:2742} INFO - Sync 1 DAGs
[2023-07-25T16:08:57.706+0000] {logging_mixin.py:150} INFO - [2023-07-25T16:08:57.705+0000] {dag.py:3504} INFO - Setting next_dagrun for example_dynamic_task_mapping to 2022-03-04T00:00:00+00:00, run_after=2022-03-05T00:00:00+00:00
[2023-07-25T16:08:57.793+0000] {processor.py:179} INFO - Processing /home/airflow/.local/lib/python3.9/site-packages/airflow/example_dags/example_dynamic_task_mapping.py took 0.371 seconds
[2023-07-25T16:09:28.765+0000] {processor.py:157} INFO - Started process (PID=909) to work on /home/airflow/.local/lib/python3.9/site-packages/airflow/example_dags/example_dynamic_task_mapping.py
[2023-07-25T16:09:28.772+0000] {processor.py:826} INFO - Processing file /home/airflow/.local/lib/python3.9/site-packages/airflow/example_dags/example_dynamic_task_mapping.py for tasks to queue
[2023-07-25T16:09:28.773+0000] {logging_mixin.py:150} INFO - [2023-07-25T16:09:28.773+0000] {dagbag.py:541} INFO - Filling up the DagBag from /home/airflow/.local/lib/python3.9/site-packages/airflow/example_dags/example_dynamic_task_mapping.py
[2023-07-25T16:09:28.822+0000] {processor.py:836} INFO - DAG(s) dict_keys(['example_dynamic_task_mapping']) retrieved from /home/airflow/.local/lib/python3.9/site-packages/airflow/example_dags/example_dynamic_task_mapping.py
[2023-07-25T16:09:28.870+0000] {logging_mixin.py:150} INFO - [2023-07-25T16:09:28.870+0000] {dag.py:2742} INFO - Sync 1 DAGs
[2023-07-25T16:09:28.913+0000] {logging_mixin.py:150} INFO - [2023-07-25T16:09:28.913+0000] {dag.py:3504} INFO - Setting next_dagrun for example_dynamic_task_mapping to 2022-03-04T00:00:00+00:00, run_after=2022-03-05T00:00:00+00:00
[2023-07-25T16:09:28.960+0000] {processor.py:179} INFO - Processing /home/airflow/.local/lib/python3.9/site-packages/airflow/example_dags/example_dynamic_task_mapping.py took 0.214 seconds
[2023-07-25T16:09:59.900+0000] {processor.py:157} INFO - Started process (PID=969) to work on /home/airflow/.local/lib/python3.9/site-packages/airflow/example_dags/example_dynamic_task_mapping.py
[2023-07-25T16:09:59.915+0000] {processor.py:826} INFO - Processing file /home/airflow/.local/lib/python3.9/site-packages/airflow/example_dags/example_dynamic_task_mapping.py for tasks to queue
[2023-07-25T16:09:59.916+0000] {logging_mixin.py:150} INFO - [2023-07-25T16:09:59.916+0000] {dagbag.py:541} INFO - Filling up the DagBag from /home/airflow/.local/lib/python3.9/site-packages/airflow/example_dags/example_dynamic_task_mapping.py
[2023-07-25T16:09:59.935+0000] {processor.py:836} INFO - DAG(s) dict_keys(['example_dynamic_task_mapping']) retrieved from /home/airflow/.local/lib/python3.9/site-packages/airflow/example_dags/example_dynamic_task_mapping.py
[2023-07-25T16:09:59.982+0000] {logging_mixin.py:150} INFO - [2023-07-25T16:09:59.981+0000] {dag.py:2742} INFO - Sync 1 DAGs
[2023-07-25T16:10:00.046+0000] {logging_mixin.py:150} INFO - [2023-07-25T16:10:00.046+0000] {dag.py:3504} INFO - Setting next_dagrun for example_dynamic_task_mapping to 2022-03-04T00:00:00+00:00, run_after=2022-03-05T00:00:00+00:00
[2023-07-25T16:10:00.090+0000] {processor.py:179} INFO - Processing /home/airflow/.local/lib/python3.9/site-packages/airflow/example_dags/example_dynamic_task_mapping.py took 0.195 seconds
[2023-07-25T16:10:30.315+0000] {processor.py:157} INFO - Started process (PID=1030) to work on /home/airflow/.local/lib/python3.9/site-packages/airflow/example_dags/example_dynamic_task_mapping.py
[2023-07-25T16:10:30.316+0000] {processor.py:826} INFO - Processing file /home/airflow/.local/lib/python3.9/site-packages/airflow/example_dags/example_dynamic_task_mapping.py for tasks to queue
[2023-07-25T16:10:30.317+0000] {logging_mixin.py:150} INFO - [2023-07-25T16:10:30.317+0000] {dagbag.py:541} INFO - Filling up the DagBag from /home/airflow/.local/lib/python3.9/site-packages/airflow/example_dags/example_dynamic_task_mapping.py
[2023-07-25T16:10:30.335+0000] {processor.py:836} INFO - DAG(s) dict_keys(['example_dynamic_task_mapping']) retrieved from /home/airflow/.local/lib/python3.9/site-packages/airflow/example_dags/example_dynamic_task_mapping.py
[2023-07-25T16:10:30.390+0000] {logging_mixin.py:150} INFO - [2023-07-25T16:10:30.390+0000] {dag.py:2742} INFO - Sync 1 DAGs
[2023-07-25T16:10:30.474+0000] {logging_mixin.py:150} INFO - [2023-07-25T16:10:30.474+0000] {dag.py:3504} INFO - Setting next_dagrun for example_dynamic_task_mapping to 2022-03-04T00:00:00+00:00, run_after=2022-03-05T00:00:00+00:00
[2023-07-25T16:10:30.518+0000] {processor.py:179} INFO - Processing /home/airflow/.local/lib/python3.9/site-packages/airflow/example_dags/example_dynamic_task_mapping.py took 0.223 seconds
[2023-07-25T16:11:01.167+0000] {processor.py:157} INFO - Started process (PID=1092) to work on /home/airflow/.local/lib/python3.9/site-packages/airflow/example_dags/example_dynamic_task_mapping.py
[2023-07-25T16:11:01.179+0000] {processor.py:826} INFO - Processing file /home/airflow/.local/lib/python3.9/site-packages/airflow/example_dags/example_dynamic_task_mapping.py for tasks to queue
[2023-07-25T16:11:01.181+0000] {logging_mixin.py:150} INFO - [2023-07-25T16:11:01.180+0000] {dagbag.py:541} INFO - Filling up the DagBag from /home/airflow/.local/lib/python3.9/site-packages/airflow/example_dags/example_dynamic_task_mapping.py
[2023-07-25T16:11:01.200+0000] {processor.py:836} INFO - DAG(s) dict_keys(['example_dynamic_task_mapping']) retrieved from /home/airflow/.local/lib/python3.9/site-packages/airflow/example_dags/example_dynamic_task_mapping.py
[2023-07-25T16:11:01.302+0000] {logging_mixin.py:150} INFO - [2023-07-25T16:11:01.302+0000] {dag.py:2742} INFO - Sync 1 DAGs
[2023-07-25T16:11:01.470+0000] {logging_mixin.py:150} INFO - [2023-07-25T16:11:01.470+0000] {dag.py:3504} INFO - Setting next_dagrun for example_dynamic_task_mapping to 2022-03-04T00:00:00+00:00, run_after=2022-03-05T00:00:00+00:00
[2023-07-25T16:11:01.585+0000] {processor.py:179} INFO - Processing /home/airflow/.local/lib/python3.9/site-packages/airflow/example_dags/example_dynamic_task_mapping.py took 0.446 seconds
[2023-07-25T16:11:31.676+0000] {processor.py:157} INFO - Started process (PID=1153) to work on /home/airflow/.local/lib/python3.9/site-packages/airflow/example_dags/example_dynamic_task_mapping.py
[2023-07-25T16:11:31.681+0000] {processor.py:826} INFO - Processing file /home/airflow/.local/lib/python3.9/site-packages/airflow/example_dags/example_dynamic_task_mapping.py for tasks to queue
[2023-07-25T16:11:31.682+0000] {logging_mixin.py:150} INFO - [2023-07-25T16:11:31.682+0000] {dagbag.py:541} INFO - Filling up the DagBag from /home/airflow/.local/lib/python3.9/site-packages/airflow/example_dags/example_dynamic_task_mapping.py
[2023-07-25T16:11:31.712+0000] {processor.py:836} INFO - DAG(s) dict_keys(['example_dynamic_task_mapping']) retrieved from /home/airflow/.local/lib/python3.9/site-packages/airflow/example_dags/example_dynamic_task_mapping.py
[2023-07-25T16:11:31.797+0000] {logging_mixin.py:150} INFO - [2023-07-25T16:11:31.797+0000] {dag.py:2742} INFO - Sync 1 DAGs
[2023-07-25T16:11:31.926+0000] {logging_mixin.py:150} INFO - [2023-07-25T16:11:31.926+0000] {dag.py:3504} INFO - Setting next_dagrun for example_dynamic_task_mapping to 2022-03-04T00:00:00+00:00, run_after=2022-03-05T00:00:00+00:00
[2023-07-25T16:11:32.025+0000] {processor.py:179} INFO - Processing /home/airflow/.local/lib/python3.9/site-packages/airflow/example_dags/example_dynamic_task_mapping.py took 0.375 seconds
[2023-07-25T16:12:02.528+0000] {processor.py:157} INFO - Started process (PID=1214) to work on /home/airflow/.local/lib/python3.9/site-packages/airflow/example_dags/example_dynamic_task_mapping.py
[2023-07-25T16:12:02.538+0000] {processor.py:826} INFO - Processing file /home/airflow/.local/lib/python3.9/site-packages/airflow/example_dags/example_dynamic_task_mapping.py for tasks to queue
[2023-07-25T16:12:02.539+0000] {logging_mixin.py:150} INFO - [2023-07-25T16:12:02.539+0000] {dagbag.py:541} INFO - Filling up the DagBag from /home/airflow/.local/lib/python3.9/site-packages/airflow/example_dags/example_dynamic_task_mapping.py
[2023-07-25T16:12:02.578+0000] {processor.py:836} INFO - DAG(s) dict_keys(['example_dynamic_task_mapping']) retrieved from /home/airflow/.local/lib/python3.9/site-packages/airflow/example_dags/example_dynamic_task_mapping.py
[2023-07-25T16:12:02.655+0000] {logging_mixin.py:150} INFO - [2023-07-25T16:12:02.655+0000] {dag.py:2742} INFO - Sync 1 DAGs
[2023-07-25T16:12:02.716+0000] {logging_mixin.py:150} INFO - [2023-07-25T16:12:02.715+0000] {dag.py:3504} INFO - Setting next_dagrun for example_dynamic_task_mapping to 2022-03-04T00:00:00+00:00, run_after=2022-03-05T00:00:00+00:00
[2023-07-25T16:12:02.790+0000] {processor.py:179} INFO - Processing /home/airflow/.local/lib/python3.9/site-packages/airflow/example_dags/example_dynamic_task_mapping.py took 0.267 seconds
[2023-07-25T16:12:33.617+0000] {processor.py:157} INFO - Started process (PID=1275) to work on /home/airflow/.local/lib/python3.9/site-packages/airflow/example_dags/example_dynamic_task_mapping.py
[2023-07-25T16:12:33.632+0000] {processor.py:826} INFO - Processing file /home/airflow/.local/lib/python3.9/site-packages/airflow/example_dags/example_dynamic_task_mapping.py for tasks to queue
[2023-07-25T16:12:33.633+0000] {logging_mixin.py:150} INFO - [2023-07-25T16:12:33.633+0000] {dagbag.py:541} INFO - Filling up the DagBag from /home/airflow/.local/lib/python3.9/site-packages/airflow/example_dags/example_dynamic_task_mapping.py
[2023-07-25T16:12:33.642+0000] {processor.py:836} INFO - DAG(s) dict_keys(['example_dynamic_task_mapping']) retrieved from /home/airflow/.local/lib/python3.9/site-packages/airflow/example_dags/example_dynamic_task_mapping.py
[2023-07-25T16:12:33.743+0000] {logging_mixin.py:150} INFO - [2023-07-25T16:12:33.743+0000] {dag.py:2742} INFO - Sync 1 DAGs
[2023-07-25T16:12:33.821+0000] {logging_mixin.py:150} INFO - [2023-07-25T16:12:33.820+0000] {dag.py:3504} INFO - Setting next_dagrun for example_dynamic_task_mapping to 2022-03-04T00:00:00+00:00, run_after=2022-03-05T00:00:00+00:00
[2023-07-25T16:12:33.879+0000] {processor.py:179} INFO - Processing /home/airflow/.local/lib/python3.9/site-packages/airflow/example_dags/example_dynamic_task_mapping.py took 0.277 seconds
[2023-07-25T16:13:04.667+0000] {processor.py:157} INFO - Started process (PID=1338) to work on /home/airflow/.local/lib/python3.9/site-packages/airflow/example_dags/example_dynamic_task_mapping.py
[2023-07-25T16:13:04.670+0000] {processor.py:826} INFO - Processing file /home/airflow/.local/lib/python3.9/site-packages/airflow/example_dags/example_dynamic_task_mapping.py for tasks to queue
[2023-07-25T16:13:04.671+0000] {logging_mixin.py:150} INFO - [2023-07-25T16:13:04.670+0000] {dagbag.py:541} INFO - Filling up the DagBag from /home/airflow/.local/lib/python3.9/site-packages/airflow/example_dags/example_dynamic_task_mapping.py
[2023-07-25T16:13:04.680+0000] {processor.py:836} INFO - DAG(s) dict_keys(['example_dynamic_task_mapping']) retrieved from /home/airflow/.local/lib/python3.9/site-packages/airflow/example_dags/example_dynamic_task_mapping.py
[2023-07-25T16:13:04.747+0000] {logging_mixin.py:150} INFO - [2023-07-25T16:13:04.746+0000] {dag.py:2742} INFO - Sync 1 DAGs
[2023-07-25T16:13:04.799+0000] {logging_mixin.py:150} INFO - [2023-07-25T16:13:04.799+0000] {dag.py:3504} INFO - Setting next_dagrun for example_dynamic_task_mapping to 2022-03-04T00:00:00+00:00, run_after=2022-03-05T00:00:00+00:00
[2023-07-25T16:13:04.854+0000] {processor.py:179} INFO - Processing /home/airflow/.local/lib/python3.9/site-packages/airflow/example_dags/example_dynamic_task_mapping.py took 0.191 seconds
[2023-07-25T16:13:35.714+0000] {processor.py:157} INFO - Started process (PID=1397) to work on /home/airflow/.local/lib/python3.9/site-packages/airflow/example_dags/example_dynamic_task_mapping.py
[2023-07-25T16:13:35.745+0000] {processor.py:826} INFO - Processing file /home/airflow/.local/lib/python3.9/site-packages/airflow/example_dags/example_dynamic_task_mapping.py for tasks to queue
[2023-07-25T16:13:35.746+0000] {logging_mixin.py:150} INFO - [2023-07-25T16:13:35.746+0000] {dagbag.py:541} INFO - Filling up the DagBag from /home/airflow/.local/lib/python3.9/site-packages/airflow/example_dags/example_dynamic_task_mapping.py
[2023-07-25T16:13:35.796+0000] {processor.py:836} INFO - DAG(s) dict_keys(['example_dynamic_task_mapping']) retrieved from /home/airflow/.local/lib/python3.9/site-packages/airflow/example_dags/example_dynamic_task_mapping.py
[2023-07-25T16:13:35.935+0000] {logging_mixin.py:150} INFO - [2023-07-25T16:13:35.935+0000] {dag.py:2742} INFO - Sync 1 DAGs
[2023-07-25T16:13:36.076+0000] {logging_mixin.py:150} INFO - [2023-07-25T16:13:36.076+0000] {dag.py:3504} INFO - Setting next_dagrun for example_dynamic_task_mapping to 2022-03-04T00:00:00+00:00, run_after=2022-03-05T00:00:00+00:00
[2023-07-25T16:13:36.186+0000] {processor.py:179} INFO - Processing /home/airflow/.local/lib/python3.9/site-packages/airflow/example_dags/example_dynamic_task_mapping.py took 0.477 seconds
[2023-07-25T16:14:06.843+0000] {processor.py:157} INFO - Started process (PID=1458) to work on /home/airflow/.local/lib/python3.9/site-packages/airflow/example_dags/example_dynamic_task_mapping.py
[2023-07-25T16:14:06.855+0000] {processor.py:826} INFO - Processing file /home/airflow/.local/lib/python3.9/site-packages/airflow/example_dags/example_dynamic_task_mapping.py for tasks to queue
[2023-07-25T16:14:06.856+0000] {logging_mixin.py:150} INFO - [2023-07-25T16:14:06.856+0000] {dagbag.py:541} INFO - Filling up the DagBag from /home/airflow/.local/lib/python3.9/site-packages/airflow/example_dags/example_dynamic_task_mapping.py
[2023-07-25T16:14:06.885+0000] {processor.py:836} INFO - DAG(s) dict_keys(['example_dynamic_task_mapping']) retrieved from /home/airflow/.local/lib/python3.9/site-packages/airflow/example_dags/example_dynamic_task_mapping.py
[2023-07-25T16:14:06.946+0000] {logging_mixin.py:150} INFO - [2023-07-25T16:14:06.945+0000] {dag.py:2742} INFO - Sync 1 DAGs
[2023-07-25T16:14:07.036+0000] {logging_mixin.py:150} INFO - [2023-07-25T16:14:07.036+0000] {dag.py:3504} INFO - Setting next_dagrun for example_dynamic_task_mapping to 2022-03-04T00:00:00+00:00, run_after=2022-03-05T00:00:00+00:00
[2023-07-25T16:14:07.111+0000] {processor.py:179} INFO - Processing /home/airflow/.local/lib/python3.9/site-packages/airflow/example_dags/example_dynamic_task_mapping.py took 0.272 seconds
[2023-07-25T16:14:37.965+0000] {processor.py:157} INFO - Started process (PID=1519) to work on /home/airflow/.local/lib/python3.9/site-packages/airflow/example_dags/example_dynamic_task_mapping.py
[2023-07-25T16:14:37.975+0000] {processor.py:826} INFO - Processing file /home/airflow/.local/lib/python3.9/site-packages/airflow/example_dags/example_dynamic_task_mapping.py for tasks to queue
[2023-07-25T16:14:37.976+0000] {logging_mixin.py:150} INFO - [2023-07-25T16:14:37.976+0000] {dagbag.py:541} INFO - Filling up the DagBag from /home/airflow/.local/lib/python3.9/site-packages/airflow/example_dags/example_dynamic_task_mapping.py
[2023-07-25T16:14:37.989+0000] {processor.py:836} INFO - DAG(s) dict_keys(['example_dynamic_task_mapping']) retrieved from /home/airflow/.local/lib/python3.9/site-packages/airflow/example_dags/example_dynamic_task_mapping.py
[2023-07-25T16:14:38.035+0000] {logging_mixin.py:150} INFO - [2023-07-25T16:14:38.035+0000] {dag.py:2742} INFO - Sync 1 DAGs
[2023-07-25T16:14:38.106+0000] {logging_mixin.py:150} INFO - [2023-07-25T16:14:38.105+0000] {dag.py:3504} INFO - Setting next_dagrun for example_dynamic_task_mapping to 2022-03-04T00:00:00+00:00, run_after=2022-03-05T00:00:00+00:00
[2023-07-25T16:14:38.155+0000] {processor.py:179} INFO - Processing /home/airflow/.local/lib/python3.9/site-packages/airflow/example_dags/example_dynamic_task_mapping.py took 0.204 seconds
[2023-07-25T16:15:08.559+0000] {processor.py:157} INFO - Started process (PID=1579) to work on /home/airflow/.local/lib/python3.9/site-packages/airflow/example_dags/example_dynamic_task_mapping.py
[2023-07-25T16:15:08.565+0000] {processor.py:826} INFO - Processing file /home/airflow/.local/lib/python3.9/site-packages/airflow/example_dags/example_dynamic_task_mapping.py for tasks to queue
[2023-07-25T16:15:08.566+0000] {logging_mixin.py:150} INFO - [2023-07-25T16:15:08.566+0000] {dagbag.py:541} INFO - Filling up the DagBag from /home/airflow/.local/lib/python3.9/site-packages/airflow/example_dags/example_dynamic_task_mapping.py
[2023-07-25T16:15:08.606+0000] {processor.py:836} INFO - DAG(s) dict_keys(['example_dynamic_task_mapping']) retrieved from /home/airflow/.local/lib/python3.9/site-packages/airflow/example_dags/example_dynamic_task_mapping.py
[2023-07-25T16:15:08.661+0000] {logging_mixin.py:150} INFO - [2023-07-25T16:15:08.661+0000] {dag.py:2742} INFO - Sync 1 DAGs
[2023-07-25T16:15:08.720+0000] {logging_mixin.py:150} INFO - [2023-07-25T16:15:08.720+0000] {dag.py:3504} INFO - Setting next_dagrun for example_dynamic_task_mapping to 2022-03-04T00:00:00+00:00, run_after=2022-03-05T00:00:00+00:00
[2023-07-25T16:15:08.774+0000] {processor.py:179} INFO - Processing /home/airflow/.local/lib/python3.9/site-packages/airflow/example_dags/example_dynamic_task_mapping.py took 0.242 seconds
[2023-07-25T16:15:40.021+0000] {processor.py:157} INFO - Started process (PID=1641) to work on /home/airflow/.local/lib/python3.9/site-packages/airflow/example_dags/example_dynamic_task_mapping.py
[2023-07-25T16:15:40.055+0000] {processor.py:826} INFO - Processing file /home/airflow/.local/lib/python3.9/site-packages/airflow/example_dags/example_dynamic_task_mapping.py for tasks to queue
[2023-07-25T16:15:40.056+0000] {logging_mixin.py:150} INFO - [2023-07-25T16:15:40.056+0000] {dagbag.py:541} INFO - Filling up the DagBag from /home/airflow/.local/lib/python3.9/site-packages/airflow/example_dags/example_dynamic_task_mapping.py
[2023-07-25T16:15:40.090+0000] {processor.py:836} INFO - DAG(s) dict_keys(['example_dynamic_task_mapping']) retrieved from /home/airflow/.local/lib/python3.9/site-packages/airflow/example_dags/example_dynamic_task_mapping.py
[2023-07-25T16:15:40.180+0000] {logging_mixin.py:150} INFO - [2023-07-25T16:15:40.179+0000] {dag.py:2742} INFO - Sync 1 DAGs
[2023-07-25T16:15:40.280+0000] {logging_mixin.py:150} INFO - [2023-07-25T16:15:40.279+0000] {dag.py:3504} INFO - Setting next_dagrun for example_dynamic_task_mapping to 2022-03-04T00:00:00+00:00, run_after=2022-03-05T00:00:00+00:00
[2023-07-25T16:15:40.325+0000] {processor.py:179} INFO - Processing /home/airflow/.local/lib/python3.9/site-packages/airflow/example_dags/example_dynamic_task_mapping.py took 0.323 seconds
[2023-07-25T16:16:11.101+0000] {processor.py:157} INFO - Started process (PID=1704) to work on /home/airflow/.local/lib/python3.9/site-packages/airflow/example_dags/example_dynamic_task_mapping.py
[2023-07-25T16:16:11.111+0000] {processor.py:826} INFO - Processing file /home/airflow/.local/lib/python3.9/site-packages/airflow/example_dags/example_dynamic_task_mapping.py for tasks to queue
[2023-07-25T16:16:11.112+0000] {logging_mixin.py:150} INFO - [2023-07-25T16:16:11.112+0000] {dagbag.py:541} INFO - Filling up the DagBag from /home/airflow/.local/lib/python3.9/site-packages/airflow/example_dags/example_dynamic_task_mapping.py
[2023-07-25T16:16:11.121+0000] {processor.py:836} INFO - DAG(s) dict_keys(['example_dynamic_task_mapping']) retrieved from /home/airflow/.local/lib/python3.9/site-packages/airflow/example_dags/example_dynamic_task_mapping.py
[2023-07-25T16:16:11.244+0000] {logging_mixin.py:150} INFO - [2023-07-25T16:16:11.244+0000] {dag.py:2742} INFO - Sync 1 DAGs
[2023-07-25T16:16:11.346+0000] {logging_mixin.py:150} INFO - [2023-07-25T16:16:11.346+0000] {dag.py:3504} INFO - Setting next_dagrun for example_dynamic_task_mapping to 2022-03-04T00:00:00+00:00, run_after=2022-03-05T00:00:00+00:00
[2023-07-25T16:16:11.414+0000] {processor.py:179} INFO - Processing /home/airflow/.local/lib/python3.9/site-packages/airflow/example_dags/example_dynamic_task_mapping.py took 0.341 seconds
[2023-07-25T16:16:42.261+0000] {processor.py:157} INFO - Started process (PID=1766) to work on /home/airflow/.local/lib/python3.9/site-packages/airflow/example_dags/example_dynamic_task_mapping.py
[2023-07-25T16:16:42.273+0000] {processor.py:826} INFO - Processing file /home/airflow/.local/lib/python3.9/site-packages/airflow/example_dags/example_dynamic_task_mapping.py for tasks to queue
[2023-07-25T16:16:42.275+0000] {logging_mixin.py:150} INFO - [2023-07-25T16:16:42.274+0000] {dagbag.py:541} INFO - Filling up the DagBag from /home/airflow/.local/lib/python3.9/site-packages/airflow/example_dags/example_dynamic_task_mapping.py
[2023-07-25T16:16:42.284+0000] {processor.py:836} INFO - DAG(s) dict_keys(['example_dynamic_task_mapping']) retrieved from /home/airflow/.local/lib/python3.9/site-packages/airflow/example_dags/example_dynamic_task_mapping.py
[2023-07-25T16:16:42.399+0000] {logging_mixin.py:150} INFO - [2023-07-25T16:16:42.399+0000] {dag.py:2742} INFO - Sync 1 DAGs
[2023-07-25T16:16:42.498+0000] {logging_mixin.py:150} INFO - [2023-07-25T16:16:42.498+0000] {dag.py:3504} INFO - Setting next_dagrun for example_dynamic_task_mapping to 2022-03-04T00:00:00+00:00, run_after=2022-03-05T00:00:00+00:00
[2023-07-25T16:16:42.646+0000] {processor.py:179} INFO - Processing /home/airflow/.local/lib/python3.9/site-packages/airflow/example_dags/example_dynamic_task_mapping.py took 0.390 seconds
[2023-07-25T16:17:12.924+0000] {processor.py:157} INFO - Started process (PID=1828) to work on /home/airflow/.local/lib/python3.9/site-packages/airflow/example_dags/example_dynamic_task_mapping.py
[2023-07-25T16:17:12.946+0000] {processor.py:826} INFO - Processing file /home/airflow/.local/lib/python3.9/site-packages/airflow/example_dags/example_dynamic_task_mapping.py for tasks to queue
[2023-07-25T16:17:12.947+0000] {logging_mixin.py:150} INFO - [2023-07-25T16:17:12.946+0000] {dagbag.py:541} INFO - Filling up the DagBag from /home/airflow/.local/lib/python3.9/site-packages/airflow/example_dags/example_dynamic_task_mapping.py
[2023-07-25T16:17:12.969+0000] {processor.py:836} INFO - DAG(s) dict_keys(['example_dynamic_task_mapping']) retrieved from /home/airflow/.local/lib/python3.9/site-packages/airflow/example_dags/example_dynamic_task_mapping.py
[2023-07-25T16:17:13.191+0000] {logging_mixin.py:150} INFO - [2023-07-25T16:17:13.190+0000] {dag.py:2742} INFO - Sync 1 DAGs
[2023-07-25T16:17:13.331+0000] {logging_mixin.py:150} INFO - [2023-07-25T16:17:13.331+0000] {dag.py:3504} INFO - Setting next_dagrun for example_dynamic_task_mapping to 2022-03-04T00:00:00+00:00, run_after=2022-03-05T00:00:00+00:00
[2023-07-25T16:17:13.401+0000] {processor.py:179} INFO - Processing /home/airflow/.local/lib/python3.9/site-packages/airflow/example_dags/example_dynamic_task_mapping.py took 0.482 seconds
[2023-07-25T16:17:44.023+0000] {processor.py:157} INFO - Started process (PID=1890) to work on /home/airflow/.local/lib/python3.9/site-packages/airflow/example_dags/example_dynamic_task_mapping.py
[2023-07-25T16:17:44.050+0000] {processor.py:826} INFO - Processing file /home/airflow/.local/lib/python3.9/site-packages/airflow/example_dags/example_dynamic_task_mapping.py for tasks to queue
[2023-07-25T16:17:44.052+0000] {logging_mixin.py:150} INFO - [2023-07-25T16:17:44.052+0000] {dagbag.py:541} INFO - Filling up the DagBag from /home/airflow/.local/lib/python3.9/site-packages/airflow/example_dags/example_dynamic_task_mapping.py
[2023-07-25T16:17:44.061+0000] {processor.py:836} INFO - DAG(s) dict_keys(['example_dynamic_task_mapping']) retrieved from /home/airflow/.local/lib/python3.9/site-packages/airflow/example_dags/example_dynamic_task_mapping.py
[2023-07-25T16:17:44.088+0000] {logging_mixin.py:150} INFO - [2023-07-25T16:17:44.087+0000] {dag.py:2742} INFO - Sync 1 DAGs
[2023-07-25T16:17:44.140+0000] {logging_mixin.py:150} INFO - [2023-07-25T16:17:44.139+0000] {dag.py:3504} INFO - Setting next_dagrun for example_dynamic_task_mapping to 2022-03-04T00:00:00+00:00, run_after=2022-03-05T00:00:00+00:00
[2023-07-25T16:17:44.176+0000] {processor.py:179} INFO - Processing /home/airflow/.local/lib/python3.9/site-packages/airflow/example_dags/example_dynamic_task_mapping.py took 0.157 seconds
[2023-07-25T16:18:14.929+0000] {processor.py:157} INFO - Started process (PID=1951) to work on /home/airflow/.local/lib/python3.9/site-packages/airflow/example_dags/example_dynamic_task_mapping.py
[2023-07-25T16:18:14.945+0000] {processor.py:826} INFO - Processing file /home/airflow/.local/lib/python3.9/site-packages/airflow/example_dags/example_dynamic_task_mapping.py for tasks to queue
[2023-07-25T16:18:14.946+0000] {logging_mixin.py:150} INFO - [2023-07-25T16:18:14.946+0000] {dagbag.py:541} INFO - Filling up the DagBag from /home/airflow/.local/lib/python3.9/site-packages/airflow/example_dags/example_dynamic_task_mapping.py
[2023-07-25T16:18:14.987+0000] {processor.py:836} INFO - DAG(s) dict_keys(['example_dynamic_task_mapping']) retrieved from /home/airflow/.local/lib/python3.9/site-packages/airflow/example_dags/example_dynamic_task_mapping.py
[2023-07-25T16:18:15.125+0000] {logging_mixin.py:150} INFO - [2023-07-25T16:18:15.125+0000] {dag.py:2742} INFO - Sync 1 DAGs
[2023-07-25T16:18:15.236+0000] {logging_mixin.py:150} INFO - [2023-07-25T16:18:15.236+0000] {dag.py:3504} INFO - Setting next_dagrun for example_dynamic_task_mapping to 2022-03-04T00:00:00+00:00, run_after=2022-03-05T00:00:00+00:00
[2023-07-25T16:18:15.345+0000] {processor.py:179} INFO - Processing /home/airflow/.local/lib/python3.9/site-packages/airflow/example_dags/example_dynamic_task_mapping.py took 0.435 seconds
[2023-07-25T16:18:46.352+0000] {processor.py:157} INFO - Started process (PID=2013) to work on /home/airflow/.local/lib/python3.9/site-packages/airflow/example_dags/example_dynamic_task_mapping.py
[2023-07-25T16:18:46.365+0000] {processor.py:826} INFO - Processing file /home/airflow/.local/lib/python3.9/site-packages/airflow/example_dags/example_dynamic_task_mapping.py for tasks to queue
[2023-07-25T16:18:46.366+0000] {logging_mixin.py:150} INFO - [2023-07-25T16:18:46.366+0000] {dagbag.py:541} INFO - Filling up the DagBag from /home/airflow/.local/lib/python3.9/site-packages/airflow/example_dags/example_dynamic_task_mapping.py
[2023-07-25T16:18:46.382+0000] {processor.py:836} INFO - DAG(s) dict_keys(['example_dynamic_task_mapping']) retrieved from /home/airflow/.local/lib/python3.9/site-packages/airflow/example_dags/example_dynamic_task_mapping.py
[2023-07-25T16:18:46.439+0000] {logging_mixin.py:150} INFO - [2023-07-25T16:18:46.439+0000] {dag.py:2742} INFO - Sync 1 DAGs
[2023-07-25T16:18:46.500+0000] {logging_mixin.py:150} INFO - [2023-07-25T16:18:46.500+0000] {dag.py:3504} INFO - Setting next_dagrun for example_dynamic_task_mapping to 2022-03-04T00:00:00+00:00, run_after=2022-03-05T00:00:00+00:00
[2023-07-25T16:18:46.538+0000] {processor.py:179} INFO - Processing /home/airflow/.local/lib/python3.9/site-packages/airflow/example_dags/example_dynamic_task_mapping.py took 0.191 seconds
[2023-07-25T16:19:16.874+0000] {processor.py:157} INFO - Started process (PID=2075) to work on /home/airflow/.local/lib/python3.9/site-packages/airflow/example_dags/example_dynamic_task_mapping.py
[2023-07-25T16:19:16.885+0000] {processor.py:826} INFO - Processing file /home/airflow/.local/lib/python3.9/site-packages/airflow/example_dags/example_dynamic_task_mapping.py for tasks to queue
[2023-07-25T16:19:16.886+0000] {logging_mixin.py:150} INFO - [2023-07-25T16:19:16.886+0000] {dagbag.py:541} INFO - Filling up the DagBag from /home/airflow/.local/lib/python3.9/site-packages/airflow/example_dags/example_dynamic_task_mapping.py
[2023-07-25T16:19:16.894+0000] {processor.py:836} INFO - DAG(s) dict_keys(['example_dynamic_task_mapping']) retrieved from /home/airflow/.local/lib/python3.9/site-packages/airflow/example_dags/example_dynamic_task_mapping.py
[2023-07-25T16:19:16.969+0000] {logging_mixin.py:150} INFO - [2023-07-25T16:19:16.968+0000] {dag.py:2742} INFO - Sync 1 DAGs
[2023-07-25T16:19:17.000+0000] {logging_mixin.py:150} INFO - [2023-07-25T16:19:16.999+0000] {dag.py:3504} INFO - Setting next_dagrun for example_dynamic_task_mapping to 2022-03-04T00:00:00+00:00, run_after=2022-03-05T00:00:00+00:00
[2023-07-25T16:19:17.046+0000] {processor.py:179} INFO - Processing /home/airflow/.local/lib/python3.9/site-packages/airflow/example_dags/example_dynamic_task_mapping.py took 0.184 seconds
[2023-07-25T16:19:47.774+0000] {processor.py:157} INFO - Started process (PID=2136) to work on /home/airflow/.local/lib/python3.9/site-packages/airflow/example_dags/example_dynamic_task_mapping.py
[2023-07-25T16:19:47.815+0000] {processor.py:826} INFO - Processing file /home/airflow/.local/lib/python3.9/site-packages/airflow/example_dags/example_dynamic_task_mapping.py for tasks to queue
[2023-07-25T16:19:47.817+0000] {logging_mixin.py:150} INFO - [2023-07-25T16:19:47.816+0000] {dagbag.py:541} INFO - Filling up the DagBag from /home/airflow/.local/lib/python3.9/site-packages/airflow/example_dags/example_dynamic_task_mapping.py
[2023-07-25T16:19:47.846+0000] {processor.py:836} INFO - DAG(s) dict_keys(['example_dynamic_task_mapping']) retrieved from /home/airflow/.local/lib/python3.9/site-packages/airflow/example_dags/example_dynamic_task_mapping.py
[2023-07-25T16:19:47.891+0000] {logging_mixin.py:150} INFO - [2023-07-25T16:19:47.891+0000] {dag.py:2742} INFO - Sync 1 DAGs
[2023-07-25T16:19:47.934+0000] {logging_mixin.py:150} INFO - [2023-07-25T16:19:47.934+0000] {dag.py:3504} INFO - Setting next_dagrun for example_dynamic_task_mapping to 2022-03-04T00:00:00+00:00, run_after=2022-03-05T00:00:00+00:00
[2023-07-25T16:19:47.986+0000] {processor.py:179} INFO - Processing /home/airflow/.local/lib/python3.9/site-packages/airflow/example_dags/example_dynamic_task_mapping.py took 0.217 seconds
[2023-07-25T16:20:18.128+0000] {processor.py:157} INFO - Started process (PID=2196) to work on /home/airflow/.local/lib/python3.9/site-packages/airflow/example_dags/example_dynamic_task_mapping.py
[2023-07-25T16:20:18.130+0000] {processor.py:826} INFO - Processing file /home/airflow/.local/lib/python3.9/site-packages/airflow/example_dags/example_dynamic_task_mapping.py for tasks to queue
[2023-07-25T16:20:18.131+0000] {logging_mixin.py:150} INFO - [2023-07-25T16:20:18.131+0000] {dagbag.py:541} INFO - Filling up the DagBag from /home/airflow/.local/lib/python3.9/site-packages/airflow/example_dags/example_dynamic_task_mapping.py
[2023-07-25T16:20:18.141+0000] {processor.py:836} INFO - DAG(s) dict_keys(['example_dynamic_task_mapping']) retrieved from /home/airflow/.local/lib/python3.9/site-packages/airflow/example_dags/example_dynamic_task_mapping.py
[2023-07-25T16:20:18.170+0000] {logging_mixin.py:150} INFO - [2023-07-25T16:20:18.169+0000] {dag.py:2742} INFO - Sync 1 DAGs
[2023-07-25T16:20:18.238+0000] {logging_mixin.py:150} INFO - [2023-07-25T16:20:18.238+0000] {dag.py:3504} INFO - Setting next_dagrun for example_dynamic_task_mapping to 2022-03-04T00:00:00+00:00, run_after=2022-03-05T00:00:00+00:00
[2023-07-25T16:20:18.352+0000] {processor.py:179} INFO - Processing /home/airflow/.local/lib/python3.9/site-packages/airflow/example_dags/example_dynamic_task_mapping.py took 0.228 seconds
[2023-07-25T16:20:48.677+0000] {processor.py:157} INFO - Started process (PID=2251) to work on /home/airflow/.local/lib/python3.9/site-packages/airflow/example_dags/example_dynamic_task_mapping.py
[2023-07-25T16:20:48.684+0000] {processor.py:826} INFO - Processing file /home/airflow/.local/lib/python3.9/site-packages/airflow/example_dags/example_dynamic_task_mapping.py for tasks to queue
[2023-07-25T16:20:48.685+0000] {logging_mixin.py:150} INFO - [2023-07-25T16:20:48.684+0000] {dagbag.py:541} INFO - Filling up the DagBag from /home/airflow/.local/lib/python3.9/site-packages/airflow/example_dags/example_dynamic_task_mapping.py
[2023-07-25T16:20:48.702+0000] {processor.py:836} INFO - DAG(s) dict_keys(['example_dynamic_task_mapping']) retrieved from /home/airflow/.local/lib/python3.9/site-packages/airflow/example_dags/example_dynamic_task_mapping.py
[2023-07-25T16:20:48.787+0000] {logging_mixin.py:150} INFO - [2023-07-25T16:20:48.787+0000] {dag.py:2742} INFO - Sync 1 DAGs
[2023-07-25T16:20:48.906+0000] {logging_mixin.py:150} INFO - [2023-07-25T16:20:48.906+0000] {dag.py:3504} INFO - Setting next_dagrun for example_dynamic_task_mapping to 2022-03-04T00:00:00+00:00, run_after=2022-03-05T00:00:00+00:00
[2023-07-25T16:20:49.000+0000] {processor.py:179} INFO - Processing /home/airflow/.local/lib/python3.9/site-packages/airflow/example_dags/example_dynamic_task_mapping.py took 0.358 seconds
[2023-07-25T16:21:20.404+0000] {processor.py:157} INFO - Started process (PID=2319) to work on /home/airflow/.local/lib/python3.9/site-packages/airflow/example_dags/example_dynamic_task_mapping.py
[2023-07-25T16:21:20.417+0000] {processor.py:826} INFO - Processing file /home/airflow/.local/lib/python3.9/site-packages/airflow/example_dags/example_dynamic_task_mapping.py for tasks to queue
[2023-07-25T16:21:20.418+0000] {logging_mixin.py:150} INFO - [2023-07-25T16:21:20.418+0000] {dagbag.py:541} INFO - Filling up the DagBag from /home/airflow/.local/lib/python3.9/site-packages/airflow/example_dags/example_dynamic_task_mapping.py
[2023-07-25T16:21:20.446+0000] {processor.py:836} INFO - DAG(s) dict_keys(['example_dynamic_task_mapping']) retrieved from /home/airflow/.local/lib/python3.9/site-packages/airflow/example_dags/example_dynamic_task_mapping.py
[2023-07-25T16:21:20.525+0000] {logging_mixin.py:150} INFO - [2023-07-25T16:21:20.525+0000] {dag.py:2742} INFO - Sync 1 DAGs
[2023-07-25T16:21:20.613+0000] {logging_mixin.py:150} INFO - [2023-07-25T16:21:20.613+0000] {dag.py:3504} INFO - Setting next_dagrun for example_dynamic_task_mapping to 2022-03-04T00:00:00+00:00, run_after=2022-03-05T00:00:00+00:00
[2023-07-25T16:21:20.705+0000] {processor.py:179} INFO - Processing /home/airflow/.local/lib/python3.9/site-packages/airflow/example_dags/example_dynamic_task_mapping.py took 0.306 seconds
[2023-07-25T16:21:51.614+0000] {processor.py:157} INFO - Started process (PID=2381) to work on /home/airflow/.local/lib/python3.9/site-packages/airflow/example_dags/example_dynamic_task_mapping.py
[2023-07-25T16:21:51.623+0000] {processor.py:826} INFO - Processing file /home/airflow/.local/lib/python3.9/site-packages/airflow/example_dags/example_dynamic_task_mapping.py for tasks to queue
[2023-07-25T16:21:51.624+0000] {logging_mixin.py:150} INFO - [2023-07-25T16:21:51.623+0000] {dagbag.py:541} INFO - Filling up the DagBag from /home/airflow/.local/lib/python3.9/site-packages/airflow/example_dags/example_dynamic_task_mapping.py
[2023-07-25T16:21:51.636+0000] {processor.py:836} INFO - DAG(s) dict_keys(['example_dynamic_task_mapping']) retrieved from /home/airflow/.local/lib/python3.9/site-packages/airflow/example_dags/example_dynamic_task_mapping.py
[2023-07-25T16:21:51.714+0000] {logging_mixin.py:150} INFO - [2023-07-25T16:21:51.713+0000] {dag.py:2742} INFO - Sync 1 DAGs
[2023-07-25T16:21:51.776+0000] {logging_mixin.py:150} INFO - [2023-07-25T16:21:51.776+0000] {dag.py:3504} INFO - Setting next_dagrun for example_dynamic_task_mapping to 2022-03-04T00:00:00+00:00, run_after=2022-03-05T00:00:00+00:00
[2023-07-25T16:21:51.845+0000] {processor.py:179} INFO - Processing /home/airflow/.local/lib/python3.9/site-packages/airflow/example_dags/example_dynamic_task_mapping.py took 0.236 seconds
[2023-07-25T16:22:22.686+0000] {processor.py:157} INFO - Started process (PID=2443) to work on /home/airflow/.local/lib/python3.9/site-packages/airflow/example_dags/example_dynamic_task_mapping.py
[2023-07-25T16:22:22.688+0000] {processor.py:826} INFO - Processing file /home/airflow/.local/lib/python3.9/site-packages/airflow/example_dags/example_dynamic_task_mapping.py for tasks to queue
[2023-07-25T16:22:22.689+0000] {logging_mixin.py:150} INFO - [2023-07-25T16:22:22.688+0000] {dagbag.py:541} INFO - Filling up the DagBag from /home/airflow/.local/lib/python3.9/site-packages/airflow/example_dags/example_dynamic_task_mapping.py
[2023-07-25T16:22:22.712+0000] {processor.py:836} INFO - DAG(s) dict_keys(['example_dynamic_task_mapping']) retrieved from /home/airflow/.local/lib/python3.9/site-packages/airflow/example_dags/example_dynamic_task_mapping.py
[2023-07-25T16:22:22.766+0000] {logging_mixin.py:150} INFO - [2023-07-25T16:22:22.765+0000] {dag.py:2742} INFO - Sync 1 DAGs
[2023-07-25T16:22:22.820+0000] {logging_mixin.py:150} INFO - [2023-07-25T16:22:22.820+0000] {dag.py:3504} INFO - Setting next_dagrun for example_dynamic_task_mapping to 2022-03-04T00:00:00+00:00, run_after=2022-03-05T00:00:00+00:00
[2023-07-25T16:22:22.875+0000] {processor.py:179} INFO - Processing /home/airflow/.local/lib/python3.9/site-packages/airflow/example_dags/example_dynamic_task_mapping.py took 0.204 seconds
[2023-07-25T16:22:54.002+0000] {processor.py:157} INFO - Started process (PID=2504) to work on /home/airflow/.local/lib/python3.9/site-packages/airflow/example_dags/example_dynamic_task_mapping.py
[2023-07-25T16:22:54.010+0000] {processor.py:826} INFO - Processing file /home/airflow/.local/lib/python3.9/site-packages/airflow/example_dags/example_dynamic_task_mapping.py for tasks to queue
[2023-07-25T16:22:54.011+0000] {logging_mixin.py:150} INFO - [2023-07-25T16:22:54.011+0000] {dagbag.py:541} INFO - Filling up the DagBag from /home/airflow/.local/lib/python3.9/site-packages/airflow/example_dags/example_dynamic_task_mapping.py
[2023-07-25T16:22:54.061+0000] {processor.py:836} INFO - DAG(s) dict_keys(['example_dynamic_task_mapping']) retrieved from /home/airflow/.local/lib/python3.9/site-packages/airflow/example_dags/example_dynamic_task_mapping.py
[2023-07-25T16:22:54.210+0000] {logging_mixin.py:150} INFO - [2023-07-25T16:22:54.209+0000] {dag.py:2742} INFO - Sync 1 DAGs
[2023-07-25T16:22:54.346+0000] {logging_mixin.py:150} INFO - [2023-07-25T16:22:54.345+0000] {dag.py:3504} INFO - Setting next_dagrun for example_dynamic_task_mapping to 2022-03-04T00:00:00+00:00, run_after=2022-03-05T00:00:00+00:00
[2023-07-25T16:22:54.486+0000] {processor.py:179} INFO - Processing /home/airflow/.local/lib/python3.9/site-packages/airflow/example_dags/example_dynamic_task_mapping.py took 0.532 seconds
[2023-07-25T16:23:25.004+0000] {processor.py:157} INFO - Started process (PID=2559) to work on /home/airflow/.local/lib/python3.9/site-packages/airflow/example_dags/example_dynamic_task_mapping.py
[2023-07-25T16:23:25.015+0000] {processor.py:826} INFO - Processing file /home/airflow/.local/lib/python3.9/site-packages/airflow/example_dags/example_dynamic_task_mapping.py for tasks to queue
[2023-07-25T16:23:25.016+0000] {logging_mixin.py:150} INFO - [2023-07-25T16:23:25.016+0000] {dagbag.py:541} INFO - Filling up the DagBag from /home/airflow/.local/lib/python3.9/site-packages/airflow/example_dags/example_dynamic_task_mapping.py
[2023-07-25T16:23:25.040+0000] {processor.py:836} INFO - DAG(s) dict_keys(['example_dynamic_task_mapping']) retrieved from /home/airflow/.local/lib/python3.9/site-packages/airflow/example_dags/example_dynamic_task_mapping.py
[2023-07-25T16:23:25.138+0000] {logging_mixin.py:150} INFO - [2023-07-25T16:23:25.137+0000] {dag.py:2742} INFO - Sync 1 DAGs
[2023-07-25T16:23:25.258+0000] {logging_mixin.py:150} INFO - [2023-07-25T16:23:25.258+0000] {dag.py:3504} INFO - Setting next_dagrun for example_dynamic_task_mapping to 2022-03-04T00:00:00+00:00, run_after=2022-03-05T00:00:00+00:00
[2023-07-25T16:23:25.365+0000] {processor.py:179} INFO - Processing /home/airflow/.local/lib/python3.9/site-packages/airflow/example_dags/example_dynamic_task_mapping.py took 0.374 seconds
[2023-07-25T16:23:56.242+0000] {processor.py:157} INFO - Started process (PID=2627) to work on /home/airflow/.local/lib/python3.9/site-packages/airflow/example_dags/example_dynamic_task_mapping.py
[2023-07-25T16:23:56.266+0000] {processor.py:826} INFO - Processing file /home/airflow/.local/lib/python3.9/site-packages/airflow/example_dags/example_dynamic_task_mapping.py for tasks to queue
[2023-07-25T16:23:56.267+0000] {logging_mixin.py:150} INFO - [2023-07-25T16:23:56.267+0000] {dagbag.py:541} INFO - Filling up the DagBag from /home/airflow/.local/lib/python3.9/site-packages/airflow/example_dags/example_dynamic_task_mapping.py
[2023-07-25T16:23:56.292+0000] {processor.py:836} INFO - DAG(s) dict_keys(['example_dynamic_task_mapping']) retrieved from /home/airflow/.local/lib/python3.9/site-packages/airflow/example_dags/example_dynamic_task_mapping.py
[2023-07-25T16:23:56.369+0000] {logging_mixin.py:150} INFO - [2023-07-25T16:23:56.368+0000] {dag.py:2742} INFO - Sync 1 DAGs
[2023-07-25T16:23:56.468+0000] {logging_mixin.py:150} INFO - [2023-07-25T16:23:56.468+0000] {dag.py:3504} INFO - Setting next_dagrun for example_dynamic_task_mapping to 2022-03-04T00:00:00+00:00, run_after=2022-03-05T00:00:00+00:00
[2023-07-25T16:23:56.542+0000] {processor.py:179} INFO - Processing /home/airflow/.local/lib/python3.9/site-packages/airflow/example_dags/example_dynamic_task_mapping.py took 0.306 seconds
[2023-07-25T16:24:26.774+0000] {processor.py:157} INFO - Started process (PID=2690) to work on /home/airflow/.local/lib/python3.9/site-packages/airflow/example_dags/example_dynamic_task_mapping.py
[2023-07-25T16:24:26.788+0000] {processor.py:826} INFO - Processing file /home/airflow/.local/lib/python3.9/site-packages/airflow/example_dags/example_dynamic_task_mapping.py for tasks to queue
[2023-07-25T16:24:26.789+0000] {logging_mixin.py:150} INFO - [2023-07-25T16:24:26.788+0000] {dagbag.py:541} INFO - Filling up the DagBag from /home/airflow/.local/lib/python3.9/site-packages/airflow/example_dags/example_dynamic_task_mapping.py
[2023-07-25T16:24:26.828+0000] {processor.py:836} INFO - DAG(s) dict_keys(['example_dynamic_task_mapping']) retrieved from /home/airflow/.local/lib/python3.9/site-packages/airflow/example_dags/example_dynamic_task_mapping.py
[2023-07-25T16:24:26.917+0000] {logging_mixin.py:150} INFO - [2023-07-25T16:24:26.917+0000] {dag.py:2742} INFO - Sync 1 DAGs
[2023-07-25T16:24:27.019+0000] {logging_mixin.py:150} INFO - [2023-07-25T16:24:27.019+0000] {dag.py:3504} INFO - Setting next_dagrun for example_dynamic_task_mapping to 2022-03-04T00:00:00+00:00, run_after=2022-03-05T00:00:00+00:00
[2023-07-25T16:24:27.091+0000] {processor.py:179} INFO - Processing /home/airflow/.local/lib/python3.9/site-packages/airflow/example_dags/example_dynamic_task_mapping.py took 0.322 seconds
