[2023-07-25T16:02:23.194+0000] {processor.py:157} INFO - Started process (PID=63) to work on /home/airflow/.local/lib/python3.9/site-packages/airflow/example_dags/example_params_trigger_ui.py
[2023-07-25T16:02:23.215+0000] {processor.py:826} INFO - Processing file /home/airflow/.local/lib/python3.9/site-packages/airflow/example_dags/example_params_trigger_ui.py for tasks to queue
[2023-07-25T16:02:23.216+0000] {logging_mixin.py:150} INFO - [2023-07-25T16:02:23.216+0000] {dagbag.py:541} INFO - Filling up the DagBag from /home/airflow/.local/lib/python3.9/site-packages/airflow/example_dags/example_params_trigger_ui.py
[2023-07-25T16:02:23.368+0000] {processor.py:836} INFO - DAG(s) dict_keys(['example_params_trigger_ui']) retrieved from /home/airflow/.local/lib/python3.9/site-packages/airflow/example_dags/example_params_trigger_ui.py
[2023-07-25T16:02:23.680+0000] {logging_mixin.py:150} INFO - [2023-07-25T16:02:23.680+0000] {dag.py:2742} INFO - Sync 1 DAGs
[2023-07-25T16:02:24.520+0000] {logging_mixin.py:150} INFO - [2023-07-25T16:02:24.519+0000] {dag.py:3504} INFO - Setting next_dagrun for example_params_trigger_ui to None, run_after=None
[2023-07-25T16:02:24.563+0000] {processor.py:179} INFO - Processing /home/airflow/.local/lib/python3.9/site-packages/airflow/example_dags/example_params_trigger_ui.py took 1.374 seconds
[2023-07-25T16:02:54.636+0000] {processor.py:157} INFO - Started process (PID=124) to work on /home/airflow/.local/lib/python3.9/site-packages/airflow/example_dags/example_params_trigger_ui.py
[2023-07-25T16:02:54.638+0000] {processor.py:826} INFO - Processing file /home/airflow/.local/lib/python3.9/site-packages/airflow/example_dags/example_params_trigger_ui.py for tasks to queue
[2023-07-25T16:02:54.639+0000] {logging_mixin.py:150} INFO - [2023-07-25T16:02:54.638+0000] {dagbag.py:541} INFO - Filling up the DagBag from /home/airflow/.local/lib/python3.9/site-packages/airflow/example_dags/example_params_trigger_ui.py
[2023-07-25T16:02:54.679+0000] {processor.py:836} INFO - DAG(s) dict_keys(['example_params_trigger_ui']) retrieved from /home/airflow/.local/lib/python3.9/site-packages/airflow/example_dags/example_params_trigger_ui.py
[2023-07-25T16:02:54.759+0000] {logging_mixin.py:150} INFO - [2023-07-25T16:02:54.759+0000] {dag.py:2742} INFO - Sync 1 DAGs
[2023-07-25T16:02:54.802+0000] {logging_mixin.py:150} INFO - [2023-07-25T16:02:54.802+0000] {dag.py:3504} INFO - Setting next_dagrun for example_params_trigger_ui to None, run_after=None
[2023-07-25T16:02:54.852+0000] {processor.py:179} INFO - Processing /home/airflow/.local/lib/python3.9/site-packages/airflow/example_dags/example_params_trigger_ui.py took 0.231 seconds
[2023-07-25T16:03:25.462+0000] {processor.py:157} INFO - Started process (PID=185) to work on /home/airflow/.local/lib/python3.9/site-packages/airflow/example_dags/example_params_trigger_ui.py
[2023-07-25T16:03:25.476+0000] {processor.py:826} INFO - Processing file /home/airflow/.local/lib/python3.9/site-packages/airflow/example_dags/example_params_trigger_ui.py for tasks to queue
[2023-07-25T16:03:25.478+0000] {logging_mixin.py:150} INFO - [2023-07-25T16:03:25.477+0000] {dagbag.py:541} INFO - Filling up the DagBag from /home/airflow/.local/lib/python3.9/site-packages/airflow/example_dags/example_params_trigger_ui.py
[2023-07-25T16:03:25.522+0000] {processor.py:836} INFO - DAG(s) dict_keys(['example_params_trigger_ui']) retrieved from /home/airflow/.local/lib/python3.9/site-packages/airflow/example_dags/example_params_trigger_ui.py
[2023-07-25T16:03:25.662+0000] {logging_mixin.py:150} INFO - [2023-07-25T16:03:25.661+0000] {dag.py:2742} INFO - Sync 1 DAGs
[2023-07-25T16:03:25.724+0000] {logging_mixin.py:150} INFO - [2023-07-25T16:03:25.723+0000] {dag.py:3504} INFO - Setting next_dagrun for example_params_trigger_ui to None, run_after=None
[2023-07-25T16:03:25.783+0000] {processor.py:179} INFO - Processing /home/airflow/.local/lib/python3.9/site-packages/airflow/example_dags/example_params_trigger_ui.py took 0.343 seconds
[2023-07-25T16:03:56.676+0000] {processor.py:157} INFO - Started process (PID=248) to work on /home/airflow/.local/lib/python3.9/site-packages/airflow/example_dags/example_params_trigger_ui.py
[2023-07-25T16:03:56.682+0000] {processor.py:826} INFO - Processing file /home/airflow/.local/lib/python3.9/site-packages/airflow/example_dags/example_params_trigger_ui.py for tasks to queue
[2023-07-25T16:03:56.683+0000] {logging_mixin.py:150} INFO - [2023-07-25T16:03:56.683+0000] {dagbag.py:541} INFO - Filling up the DagBag from /home/airflow/.local/lib/python3.9/site-packages/airflow/example_dags/example_params_trigger_ui.py
[2023-07-25T16:03:56.763+0000] {processor.py:836} INFO - DAG(s) dict_keys(['example_params_trigger_ui']) retrieved from /home/airflow/.local/lib/python3.9/site-packages/airflow/example_dags/example_params_trigger_ui.py
[2023-07-25T16:03:57.056+0000] {logging_mixin.py:150} INFO - [2023-07-25T16:03:57.055+0000] {dag.py:2742} INFO - Sync 1 DAGs
[2023-07-25T16:03:57.147+0000] {logging_mixin.py:150} INFO - [2023-07-25T16:03:57.146+0000] {dag.py:3504} INFO - Setting next_dagrun for example_params_trigger_ui to None, run_after=None
[2023-07-25T16:03:57.235+0000] {processor.py:179} INFO - Processing /home/airflow/.local/lib/python3.9/site-packages/airflow/example_dags/example_params_trigger_ui.py took 0.584 seconds
[2023-07-25T16:04:27.429+0000] {processor.py:157} INFO - Started process (PID=309) to work on /home/airflow/.local/lib/python3.9/site-packages/airflow/example_dags/example_params_trigger_ui.py
[2023-07-25T16:04:27.431+0000] {processor.py:826} INFO - Processing file /home/airflow/.local/lib/python3.9/site-packages/airflow/example_dags/example_params_trigger_ui.py for tasks to queue
[2023-07-25T16:04:27.432+0000] {logging_mixin.py:150} INFO - [2023-07-25T16:04:27.432+0000] {dagbag.py:541} INFO - Filling up the DagBag from /home/airflow/.local/lib/python3.9/site-packages/airflow/example_dags/example_params_trigger_ui.py
[2023-07-25T16:04:27.456+0000] {processor.py:836} INFO - DAG(s) dict_keys(['example_params_trigger_ui']) retrieved from /home/airflow/.local/lib/python3.9/site-packages/airflow/example_dags/example_params_trigger_ui.py
[2023-07-25T16:04:27.519+0000] {logging_mixin.py:150} INFO - [2023-07-25T16:04:27.519+0000] {dag.py:2742} INFO - Sync 1 DAGs
[2023-07-25T16:04:27.548+0000] {logging_mixin.py:150} INFO - [2023-07-25T16:04:27.548+0000] {dag.py:3504} INFO - Setting next_dagrun for example_params_trigger_ui to None, run_after=None
[2023-07-25T16:04:27.572+0000] {processor.py:179} INFO - Processing /home/airflow/.local/lib/python3.9/site-packages/airflow/example_dags/example_params_trigger_ui.py took 0.147 seconds
[2023-07-25T16:04:58.226+0000] {processor.py:157} INFO - Started process (PID=370) to work on /home/airflow/.local/lib/python3.9/site-packages/airflow/example_dags/example_params_trigger_ui.py
[2023-07-25T16:04:58.228+0000] {processor.py:826} INFO - Processing file /home/airflow/.local/lib/python3.9/site-packages/airflow/example_dags/example_params_trigger_ui.py for tasks to queue
[2023-07-25T16:04:58.229+0000] {logging_mixin.py:150} INFO - [2023-07-25T16:04:58.228+0000] {dagbag.py:541} INFO - Filling up the DagBag from /home/airflow/.local/lib/python3.9/site-packages/airflow/example_dags/example_params_trigger_ui.py
[2023-07-25T16:04:58.282+0000] {processor.py:836} INFO - DAG(s) dict_keys(['example_params_trigger_ui']) retrieved from /home/airflow/.local/lib/python3.9/site-packages/airflow/example_dags/example_params_trigger_ui.py
[2023-07-25T16:04:58.478+0000] {logging_mixin.py:150} INFO - [2023-07-25T16:04:58.477+0000] {dag.py:2742} INFO - Sync 1 DAGs
[2023-07-25T16:04:58.536+0000] {logging_mixin.py:150} INFO - [2023-07-25T16:04:58.535+0000] {dag.py:3504} INFO - Setting next_dagrun for example_params_trigger_ui to None, run_after=None
[2023-07-25T16:04:58.646+0000] {processor.py:179} INFO - Processing /home/airflow/.local/lib/python3.9/site-packages/airflow/example_dags/example_params_trigger_ui.py took 0.435 seconds
[2023-07-25T16:05:28.824+0000] {processor.py:157} INFO - Started process (PID=431) to work on /home/airflow/.local/lib/python3.9/site-packages/airflow/example_dags/example_params_trigger_ui.py
[2023-07-25T16:05:28.885+0000] {processor.py:826} INFO - Processing file /home/airflow/.local/lib/python3.9/site-packages/airflow/example_dags/example_params_trigger_ui.py for tasks to queue
[2023-07-25T16:05:28.886+0000] {logging_mixin.py:150} INFO - [2023-07-25T16:05:28.886+0000] {dagbag.py:541} INFO - Filling up the DagBag from /home/airflow/.local/lib/python3.9/site-packages/airflow/example_dags/example_params_trigger_ui.py
[2023-07-25T16:05:29.006+0000] {processor.py:836} INFO - DAG(s) dict_keys(['example_params_trigger_ui']) retrieved from /home/airflow/.local/lib/python3.9/site-packages/airflow/example_dags/example_params_trigger_ui.py
[2023-07-25T16:05:29.300+0000] {logging_mixin.py:150} INFO - [2023-07-25T16:05:29.299+0000] {dag.py:2742} INFO - Sync 1 DAGs
[2023-07-25T16:05:29.516+0000] {logging_mixin.py:150} INFO - [2023-07-25T16:05:29.515+0000] {dag.py:3504} INFO - Setting next_dagrun for example_params_trigger_ui to None, run_after=None
[2023-07-25T16:05:29.665+0000] {processor.py:179} INFO - Processing /home/airflow/.local/lib/python3.9/site-packages/airflow/example_dags/example_params_trigger_ui.py took 0.846 seconds
[2023-07-25T16:06:00.473+0000] {processor.py:157} INFO - Started process (PID=492) to work on /home/airflow/.local/lib/python3.9/site-packages/airflow/example_dags/example_params_trigger_ui.py
[2023-07-25T16:06:00.485+0000] {processor.py:826} INFO - Processing file /home/airflow/.local/lib/python3.9/site-packages/airflow/example_dags/example_params_trigger_ui.py for tasks to queue
[2023-07-25T16:06:00.486+0000] {logging_mixin.py:150} INFO - [2023-07-25T16:06:00.486+0000] {dagbag.py:541} INFO - Filling up the DagBag from /home/airflow/.local/lib/python3.9/site-packages/airflow/example_dags/example_params_trigger_ui.py
[2023-07-25T16:06:00.543+0000] {processor.py:836} INFO - DAG(s) dict_keys(['example_params_trigger_ui']) retrieved from /home/airflow/.local/lib/python3.9/site-packages/airflow/example_dags/example_params_trigger_ui.py
[2023-07-25T16:06:00.756+0000] {logging_mixin.py:150} INFO - [2023-07-25T16:06:00.755+0000] {dag.py:2742} INFO - Sync 1 DAGs
[2023-07-25T16:06:00.856+0000] {logging_mixin.py:150} INFO - [2023-07-25T16:06:00.855+0000] {dag.py:3504} INFO - Setting next_dagrun for example_params_trigger_ui to None, run_after=None
[2023-07-25T16:06:00.936+0000] {processor.py:179} INFO - Processing /home/airflow/.local/lib/python3.9/site-packages/airflow/example_dags/example_params_trigger_ui.py took 0.467 seconds
[2023-07-25T16:06:31.508+0000] {processor.py:157} INFO - Started process (PID=553) to work on /home/airflow/.local/lib/python3.9/site-packages/airflow/example_dags/example_params_trigger_ui.py
[2023-07-25T16:06:31.515+0000] {processor.py:826} INFO - Processing file /home/airflow/.local/lib/python3.9/site-packages/airflow/example_dags/example_params_trigger_ui.py for tasks to queue
[2023-07-25T16:06:31.516+0000] {logging_mixin.py:150} INFO - [2023-07-25T16:06:31.515+0000] {dagbag.py:541} INFO - Filling up the DagBag from /home/airflow/.local/lib/python3.9/site-packages/airflow/example_dags/example_params_trigger_ui.py
[2023-07-25T16:06:31.572+0000] {processor.py:836} INFO - DAG(s) dict_keys(['example_params_trigger_ui']) retrieved from /home/airflow/.local/lib/python3.9/site-packages/airflow/example_dags/example_params_trigger_ui.py
[2023-07-25T16:06:31.876+0000] {logging_mixin.py:150} INFO - [2023-07-25T16:06:31.875+0000] {dag.py:2742} INFO - Sync 1 DAGs
[2023-07-25T16:06:31.992+0000] {logging_mixin.py:150} INFO - [2023-07-25T16:06:31.992+0000] {dag.py:3504} INFO - Setting next_dagrun for example_params_trigger_ui to None, run_after=None
[2023-07-25T16:06:32.039+0000] {processor.py:179} INFO - Processing /home/airflow/.local/lib/python3.9/site-packages/airflow/example_dags/example_params_trigger_ui.py took 0.536 seconds
[2023-07-25T16:07:02.153+0000] {processor.py:157} INFO - Started process (PID=615) to work on /home/airflow/.local/lib/python3.9/site-packages/airflow/example_dags/example_params_trigger_ui.py
[2023-07-25T16:07:02.170+0000] {processor.py:826} INFO - Processing file /home/airflow/.local/lib/python3.9/site-packages/airflow/example_dags/example_params_trigger_ui.py for tasks to queue
[2023-07-25T16:07:02.172+0000] {logging_mixin.py:150} INFO - [2023-07-25T16:07:02.171+0000] {dagbag.py:541} INFO - Filling up the DagBag from /home/airflow/.local/lib/python3.9/site-packages/airflow/example_dags/example_params_trigger_ui.py
[2023-07-25T16:07:02.222+0000] {processor.py:836} INFO - DAG(s) dict_keys(['example_params_trigger_ui']) retrieved from /home/airflow/.local/lib/python3.9/site-packages/airflow/example_dags/example_params_trigger_ui.py
[2023-07-25T16:07:02.371+0000] {logging_mixin.py:150} INFO - [2023-07-25T16:07:02.370+0000] {dag.py:2742} INFO - Sync 1 DAGs
[2023-07-25T16:07:02.424+0000] {logging_mixin.py:150} INFO - [2023-07-25T16:07:02.424+0000] {dag.py:3504} INFO - Setting next_dagrun for example_params_trigger_ui to None, run_after=None
[2023-07-25T16:07:02.465+0000] {processor.py:179} INFO - Processing /home/airflow/.local/lib/python3.9/site-packages/airflow/example_dags/example_params_trigger_ui.py took 0.316 seconds
[2023-07-25T16:07:32.741+0000] {processor.py:157} INFO - Started process (PID=676) to work on /home/airflow/.local/lib/python3.9/site-packages/airflow/example_dags/example_params_trigger_ui.py
[2023-07-25T16:07:32.752+0000] {processor.py:826} INFO - Processing file /home/airflow/.local/lib/python3.9/site-packages/airflow/example_dags/example_params_trigger_ui.py for tasks to queue
[2023-07-25T16:07:32.754+0000] {logging_mixin.py:150} INFO - [2023-07-25T16:07:32.753+0000] {dagbag.py:541} INFO - Filling up the DagBag from /home/airflow/.local/lib/python3.9/site-packages/airflow/example_dags/example_params_trigger_ui.py
[2023-07-25T16:07:32.786+0000] {processor.py:836} INFO - DAG(s) dict_keys(['example_params_trigger_ui']) retrieved from /home/airflow/.local/lib/python3.9/site-packages/airflow/example_dags/example_params_trigger_ui.py
[2023-07-25T16:07:32.850+0000] {logging_mixin.py:150} INFO - [2023-07-25T16:07:32.850+0000] {dag.py:2742} INFO - Sync 1 DAGs
[2023-07-25T16:07:32.883+0000] {logging_mixin.py:150} INFO - [2023-07-25T16:07:32.883+0000] {dag.py:3504} INFO - Setting next_dagrun for example_params_trigger_ui to None, run_after=None
[2023-07-25T16:07:32.924+0000] {processor.py:179} INFO - Processing /home/airflow/.local/lib/python3.9/site-packages/airflow/example_dags/example_params_trigger_ui.py took 0.187 seconds
[2023-07-25T16:08:03.756+0000] {processor.py:157} INFO - Started process (PID=738) to work on /home/airflow/.local/lib/python3.9/site-packages/airflow/example_dags/example_params_trigger_ui.py
[2023-07-25T16:08:03.772+0000] {processor.py:826} INFO - Processing file /home/airflow/.local/lib/python3.9/site-packages/airflow/example_dags/example_params_trigger_ui.py for tasks to queue
[2023-07-25T16:08:03.773+0000] {logging_mixin.py:150} INFO - [2023-07-25T16:08:03.773+0000] {dagbag.py:541} INFO - Filling up the DagBag from /home/airflow/.local/lib/python3.9/site-packages/airflow/example_dags/example_params_trigger_ui.py
[2023-07-25T16:08:03.805+0000] {processor.py:836} INFO - DAG(s) dict_keys(['example_params_trigger_ui']) retrieved from /home/airflow/.local/lib/python3.9/site-packages/airflow/example_dags/example_params_trigger_ui.py
[2023-07-25T16:08:04.011+0000] {logging_mixin.py:150} INFO - [2023-07-25T16:08:04.011+0000] {dag.py:2742} INFO - Sync 1 DAGs
[2023-07-25T16:08:04.042+0000] {logging_mixin.py:150} INFO - [2023-07-25T16:08:04.042+0000] {dag.py:3504} INFO - Setting next_dagrun for example_params_trigger_ui to None, run_after=None
[2023-07-25T16:08:04.068+0000] {processor.py:179} INFO - Processing /home/airflow/.local/lib/python3.9/site-packages/airflow/example_dags/example_params_trigger_ui.py took 0.317 seconds
[2023-07-25T16:08:34.233+0000] {processor.py:157} INFO - Started process (PID=799) to work on /home/airflow/.local/lib/python3.9/site-packages/airflow/example_dags/example_params_trigger_ui.py
[2023-07-25T16:08:34.235+0000] {processor.py:826} INFO - Processing file /home/airflow/.local/lib/python3.9/site-packages/airflow/example_dags/example_params_trigger_ui.py for tasks to queue
[2023-07-25T16:08:34.236+0000] {logging_mixin.py:150} INFO - [2023-07-25T16:08:34.235+0000] {dagbag.py:541} INFO - Filling up the DagBag from /home/airflow/.local/lib/python3.9/site-packages/airflow/example_dags/example_params_trigger_ui.py
[2023-07-25T16:08:34.279+0000] {processor.py:836} INFO - DAG(s) dict_keys(['example_params_trigger_ui']) retrieved from /home/airflow/.local/lib/python3.9/site-packages/airflow/example_dags/example_params_trigger_ui.py
[2023-07-25T16:08:34.452+0000] {logging_mixin.py:150} INFO - [2023-07-25T16:08:34.451+0000] {dag.py:2742} INFO - Sync 1 DAGs
[2023-07-25T16:08:34.500+0000] {logging_mixin.py:150} INFO - [2023-07-25T16:08:34.499+0000] {dag.py:3504} INFO - Setting next_dagrun for example_params_trigger_ui to None, run_after=None
[2023-07-25T16:08:34.545+0000] {processor.py:179} INFO - Processing /home/airflow/.local/lib/python3.9/site-packages/airflow/example_dags/example_params_trigger_ui.py took 0.327 seconds
[2023-07-25T16:09:04.827+0000] {processor.py:157} INFO - Started process (PID=861) to work on /home/airflow/.local/lib/python3.9/site-packages/airflow/example_dags/example_params_trigger_ui.py
[2023-07-25T16:09:04.845+0000] {processor.py:826} INFO - Processing file /home/airflow/.local/lib/python3.9/site-packages/airflow/example_dags/example_params_trigger_ui.py for tasks to queue
[2023-07-25T16:09:04.846+0000] {logging_mixin.py:150} INFO - [2023-07-25T16:09:04.846+0000] {dagbag.py:541} INFO - Filling up the DagBag from /home/airflow/.local/lib/python3.9/site-packages/airflow/example_dags/example_params_trigger_ui.py
[2023-07-25T16:09:04.971+0000] {processor.py:836} INFO - DAG(s) dict_keys(['example_params_trigger_ui']) retrieved from /home/airflow/.local/lib/python3.9/site-packages/airflow/example_dags/example_params_trigger_ui.py
[2023-07-25T16:09:05.265+0000] {logging_mixin.py:150} INFO - [2023-07-25T16:09:05.265+0000] {dag.py:2742} INFO - Sync 1 DAGs
[2023-07-25T16:09:05.396+0000] {logging_mixin.py:150} INFO - [2023-07-25T16:09:05.396+0000] {dag.py:3504} INFO - Setting next_dagrun for example_params_trigger_ui to None, run_after=None
[2023-07-25T16:09:05.435+0000] {processor.py:179} INFO - Processing /home/airflow/.local/lib/python3.9/site-packages/airflow/example_dags/example_params_trigger_ui.py took 0.622 seconds
[2023-07-25T16:09:35.824+0000] {processor.py:157} INFO - Started process (PID=922) to work on /home/airflow/.local/lib/python3.9/site-packages/airflow/example_dags/example_params_trigger_ui.py
[2023-07-25T16:09:35.857+0000] {processor.py:826} INFO - Processing file /home/airflow/.local/lib/python3.9/site-packages/airflow/example_dags/example_params_trigger_ui.py for tasks to queue
[2023-07-25T16:09:35.859+0000] {logging_mixin.py:150} INFO - [2023-07-25T16:09:35.858+0000] {dagbag.py:541} INFO - Filling up the DagBag from /home/airflow/.local/lib/python3.9/site-packages/airflow/example_dags/example_params_trigger_ui.py
[2023-07-25T16:09:35.923+0000] {processor.py:836} INFO - DAG(s) dict_keys(['example_params_trigger_ui']) retrieved from /home/airflow/.local/lib/python3.9/site-packages/airflow/example_dags/example_params_trigger_ui.py
[2023-07-25T16:09:36.305+0000] {logging_mixin.py:150} INFO - [2023-07-25T16:09:36.305+0000] {dag.py:2742} INFO - Sync 1 DAGs
[2023-07-25T16:09:36.436+0000] {logging_mixin.py:150} INFO - [2023-07-25T16:09:36.435+0000] {dag.py:3504} INFO - Setting next_dagrun for example_params_trigger_ui to None, run_after=None
[2023-07-25T16:09:36.565+0000] {processor.py:179} INFO - Processing /home/airflow/.local/lib/python3.9/site-packages/airflow/example_dags/example_params_trigger_ui.py took 0.746 seconds
[2023-07-25T16:10:06.943+0000] {processor.py:157} INFO - Started process (PID=983) to work on /home/airflow/.local/lib/python3.9/site-packages/airflow/example_dags/example_params_trigger_ui.py
[2023-07-25T16:10:06.975+0000] {processor.py:826} INFO - Processing file /home/airflow/.local/lib/python3.9/site-packages/airflow/example_dags/example_params_trigger_ui.py for tasks to queue
[2023-07-25T16:10:06.976+0000] {logging_mixin.py:150} INFO - [2023-07-25T16:10:06.976+0000] {dagbag.py:541} INFO - Filling up the DagBag from /home/airflow/.local/lib/python3.9/site-packages/airflow/example_dags/example_params_trigger_ui.py
[2023-07-25T16:10:07.080+0000] {processor.py:836} INFO - DAG(s) dict_keys(['example_params_trigger_ui']) retrieved from /home/airflow/.local/lib/python3.9/site-packages/airflow/example_dags/example_params_trigger_ui.py
[2023-07-25T16:10:07.401+0000] {logging_mixin.py:150} INFO - [2023-07-25T16:10:07.401+0000] {dag.py:2742} INFO - Sync 1 DAGs
[2023-07-25T16:10:07.499+0000] {logging_mixin.py:150} INFO - [2023-07-25T16:10:07.499+0000] {dag.py:3504} INFO - Setting next_dagrun for example_params_trigger_ui to None, run_after=None
[2023-07-25T16:10:07.643+0000] {processor.py:179} INFO - Processing /home/airflow/.local/lib/python3.9/site-packages/airflow/example_dags/example_params_trigger_ui.py took 0.704 seconds
[2023-07-25T16:10:38.175+0000] {processor.py:157} INFO - Started process (PID=1045) to work on /home/airflow/.local/lib/python3.9/site-packages/airflow/example_dags/example_params_trigger_ui.py
[2023-07-25T16:10:38.185+0000] {processor.py:826} INFO - Processing file /home/airflow/.local/lib/python3.9/site-packages/airflow/example_dags/example_params_trigger_ui.py for tasks to queue
[2023-07-25T16:10:38.186+0000] {logging_mixin.py:150} INFO - [2023-07-25T16:10:38.186+0000] {dagbag.py:541} INFO - Filling up the DagBag from /home/airflow/.local/lib/python3.9/site-packages/airflow/example_dags/example_params_trigger_ui.py
[2023-07-25T16:10:38.281+0000] {processor.py:836} INFO - DAG(s) dict_keys(['example_params_trigger_ui']) retrieved from /home/airflow/.local/lib/python3.9/site-packages/airflow/example_dags/example_params_trigger_ui.py
[2023-07-25T16:10:38.546+0000] {logging_mixin.py:150} INFO - [2023-07-25T16:10:38.545+0000] {dag.py:2742} INFO - Sync 1 DAGs
[2023-07-25T16:10:38.650+0000] {logging_mixin.py:150} INFO - [2023-07-25T16:10:38.650+0000] {dag.py:3504} INFO - Setting next_dagrun for example_params_trigger_ui to None, run_after=None
[2023-07-25T16:10:38.786+0000] {processor.py:179} INFO - Processing /home/airflow/.local/lib/python3.9/site-packages/airflow/example_dags/example_params_trigger_ui.py took 0.637 seconds
[2023-07-25T16:11:09.077+0000] {processor.py:157} INFO - Started process (PID=1099) to work on /home/airflow/.local/lib/python3.9/site-packages/airflow/example_dags/example_params_trigger_ui.py
[2023-07-25T16:11:09.085+0000] {processor.py:826} INFO - Processing file /home/airflow/.local/lib/python3.9/site-packages/airflow/example_dags/example_params_trigger_ui.py for tasks to queue
[2023-07-25T16:11:09.086+0000] {logging_mixin.py:150} INFO - [2023-07-25T16:11:09.086+0000] {dagbag.py:541} INFO - Filling up the DagBag from /home/airflow/.local/lib/python3.9/site-packages/airflow/example_dags/example_params_trigger_ui.py
[2023-07-25T16:11:09.155+0000] {processor.py:836} INFO - DAG(s) dict_keys(['example_params_trigger_ui']) retrieved from /home/airflow/.local/lib/python3.9/site-packages/airflow/example_dags/example_params_trigger_ui.py
[2023-07-25T16:11:09.388+0000] {logging_mixin.py:150} INFO - [2023-07-25T16:11:09.376+0000] {dag.py:2742} INFO - Sync 1 DAGs
[2023-07-25T16:11:09.504+0000] {logging_mixin.py:150} INFO - [2023-07-25T16:11:09.503+0000] {dag.py:3504} INFO - Setting next_dagrun for example_params_trigger_ui to None, run_after=None
[2023-07-25T16:11:09.601+0000] {processor.py:179} INFO - Processing /home/airflow/.local/lib/python3.9/site-packages/airflow/example_dags/example_params_trigger_ui.py took 0.542 seconds
[2023-07-25T16:11:40.353+0000] {processor.py:157} INFO - Started process (PID=1161) to work on /home/airflow/.local/lib/python3.9/site-packages/airflow/example_dags/example_params_trigger_ui.py
[2023-07-25T16:11:40.365+0000] {processor.py:826} INFO - Processing file /home/airflow/.local/lib/python3.9/site-packages/airflow/example_dags/example_params_trigger_ui.py for tasks to queue
[2023-07-25T16:11:40.366+0000] {logging_mixin.py:150} INFO - [2023-07-25T16:11:40.366+0000] {dagbag.py:541} INFO - Filling up the DagBag from /home/airflow/.local/lib/python3.9/site-packages/airflow/example_dags/example_params_trigger_ui.py
[2023-07-25T16:11:40.408+0000] {processor.py:836} INFO - DAG(s) dict_keys(['example_params_trigger_ui']) retrieved from /home/airflow/.local/lib/python3.9/site-packages/airflow/example_dags/example_params_trigger_ui.py
[2023-07-25T16:11:40.545+0000] {logging_mixin.py:150} INFO - [2023-07-25T16:11:40.545+0000] {dag.py:2742} INFO - Sync 1 DAGs
[2023-07-25T16:11:40.601+0000] {logging_mixin.py:150} INFO - [2023-07-25T16:11:40.601+0000] {dag.py:3504} INFO - Setting next_dagrun for example_params_trigger_ui to None, run_after=None
[2023-07-25T16:11:40.646+0000] {processor.py:179} INFO - Processing /home/airflow/.local/lib/python3.9/site-packages/airflow/example_dags/example_params_trigger_ui.py took 0.298 seconds
[2023-07-25T16:12:10.895+0000] {processor.py:157} INFO - Started process (PID=1222) to work on /home/airflow/.local/lib/python3.9/site-packages/airflow/example_dags/example_params_trigger_ui.py
[2023-07-25T16:12:10.897+0000] {processor.py:826} INFO - Processing file /home/airflow/.local/lib/python3.9/site-packages/airflow/example_dags/example_params_trigger_ui.py for tasks to queue
[2023-07-25T16:12:10.898+0000] {logging_mixin.py:150} INFO - [2023-07-25T16:12:10.897+0000] {dagbag.py:541} INFO - Filling up the DagBag from /home/airflow/.local/lib/python3.9/site-packages/airflow/example_dags/example_params_trigger_ui.py
[2023-07-25T16:12:10.941+0000] {processor.py:836} INFO - DAG(s) dict_keys(['example_params_trigger_ui']) retrieved from /home/airflow/.local/lib/python3.9/site-packages/airflow/example_dags/example_params_trigger_ui.py
[2023-07-25T16:12:11.074+0000] {logging_mixin.py:150} INFO - [2023-07-25T16:12:11.073+0000] {dag.py:2742} INFO - Sync 1 DAGs
[2023-07-25T16:12:11.127+0000] {logging_mixin.py:150} INFO - [2023-07-25T16:12:11.127+0000] {dag.py:3504} INFO - Setting next_dagrun for example_params_trigger_ui to None, run_after=None
[2023-07-25T16:12:11.170+0000] {processor.py:179} INFO - Processing /home/airflow/.local/lib/python3.9/site-packages/airflow/example_dags/example_params_trigger_ui.py took 0.293 seconds
[2023-07-25T16:12:41.795+0000] {processor.py:157} INFO - Started process (PID=1283) to work on /home/airflow/.local/lib/python3.9/site-packages/airflow/example_dags/example_params_trigger_ui.py
[2023-07-25T16:12:41.799+0000] {processor.py:826} INFO - Processing file /home/airflow/.local/lib/python3.9/site-packages/airflow/example_dags/example_params_trigger_ui.py for tasks to queue
[2023-07-25T16:12:41.801+0000] {logging_mixin.py:150} INFO - [2023-07-25T16:12:41.800+0000] {dagbag.py:541} INFO - Filling up the DagBag from /home/airflow/.local/lib/python3.9/site-packages/airflow/example_dags/example_params_trigger_ui.py
[2023-07-25T16:12:41.844+0000] {processor.py:836} INFO - DAG(s) dict_keys(['example_params_trigger_ui']) retrieved from /home/airflow/.local/lib/python3.9/site-packages/airflow/example_dags/example_params_trigger_ui.py
[2023-07-25T16:12:42.056+0000] {logging_mixin.py:150} INFO - [2023-07-25T16:12:42.055+0000] {dag.py:2742} INFO - Sync 1 DAGs
[2023-07-25T16:12:42.146+0000] {logging_mixin.py:150} INFO - [2023-07-25T16:12:42.145+0000] {dag.py:3504} INFO - Setting next_dagrun for example_params_trigger_ui to None, run_after=None
[2023-07-25T16:12:42.212+0000] {processor.py:179} INFO - Processing /home/airflow/.local/lib/python3.9/site-packages/airflow/example_dags/example_params_trigger_ui.py took 0.431 seconds
[2023-07-25T16:13:12.422+0000] {processor.py:157} INFO - Started process (PID=1345) to work on /home/airflow/.local/lib/python3.9/site-packages/airflow/example_dags/example_params_trigger_ui.py
[2023-07-25T16:13:12.433+0000] {processor.py:826} INFO - Processing file /home/airflow/.local/lib/python3.9/site-packages/airflow/example_dags/example_params_trigger_ui.py for tasks to queue
[2023-07-25T16:13:12.434+0000] {logging_mixin.py:150} INFO - [2023-07-25T16:13:12.433+0000] {dagbag.py:541} INFO - Filling up the DagBag from /home/airflow/.local/lib/python3.9/site-packages/airflow/example_dags/example_params_trigger_ui.py
[2023-07-25T16:13:12.491+0000] {processor.py:836} INFO - DAG(s) dict_keys(['example_params_trigger_ui']) retrieved from /home/airflow/.local/lib/python3.9/site-packages/airflow/example_dags/example_params_trigger_ui.py
[2023-07-25T16:13:12.706+0000] {logging_mixin.py:150} INFO - [2023-07-25T16:13:12.706+0000] {dag.py:2742} INFO - Sync 1 DAGs
[2023-07-25T16:13:12.790+0000] {logging_mixin.py:150} INFO - [2023-07-25T16:13:12.789+0000] {dag.py:3504} INFO - Setting next_dagrun for example_params_trigger_ui to None, run_after=None
[2023-07-25T16:13:12.875+0000] {processor.py:179} INFO - Processing /home/airflow/.local/lib/python3.9/site-packages/airflow/example_dags/example_params_trigger_ui.py took 0.458 seconds
[2023-07-25T16:13:43.169+0000] {processor.py:157} INFO - Started process (PID=1407) to work on /home/airflow/.local/lib/python3.9/site-packages/airflow/example_dags/example_params_trigger_ui.py
[2023-07-25T16:13:43.171+0000] {processor.py:826} INFO - Processing file /home/airflow/.local/lib/python3.9/site-packages/airflow/example_dags/example_params_trigger_ui.py for tasks to queue
[2023-07-25T16:13:43.172+0000] {logging_mixin.py:150} INFO - [2023-07-25T16:13:43.171+0000] {dagbag.py:541} INFO - Filling up the DagBag from /home/airflow/.local/lib/python3.9/site-packages/airflow/example_dags/example_params_trigger_ui.py
[2023-07-25T16:13:43.195+0000] {processor.py:836} INFO - DAG(s) dict_keys(['example_params_trigger_ui']) retrieved from /home/airflow/.local/lib/python3.9/site-packages/airflow/example_dags/example_params_trigger_ui.py
[2023-07-25T16:13:43.292+0000] {logging_mixin.py:150} INFO - [2023-07-25T16:13:43.292+0000] {dag.py:2742} INFO - Sync 1 DAGs
[2023-07-25T16:13:43.382+0000] {logging_mixin.py:150} INFO - [2023-07-25T16:13:43.382+0000] {dag.py:3504} INFO - Setting next_dagrun for example_params_trigger_ui to None, run_after=None
[2023-07-25T16:13:43.439+0000] {processor.py:179} INFO - Processing /home/airflow/.local/lib/python3.9/site-packages/airflow/example_dags/example_params_trigger_ui.py took 0.280 seconds
[2023-07-25T16:14:13.899+0000] {processor.py:157} INFO - Started process (PID=1468) to work on /home/airflow/.local/lib/python3.9/site-packages/airflow/example_dags/example_params_trigger_ui.py
[2023-07-25T16:14:13.911+0000] {processor.py:826} INFO - Processing file /home/airflow/.local/lib/python3.9/site-packages/airflow/example_dags/example_params_trigger_ui.py for tasks to queue
[2023-07-25T16:14:13.912+0000] {logging_mixin.py:150} INFO - [2023-07-25T16:14:13.912+0000] {dagbag.py:541} INFO - Filling up the DagBag from /home/airflow/.local/lib/python3.9/site-packages/airflow/example_dags/example_params_trigger_ui.py
[2023-07-25T16:14:13.952+0000] {processor.py:836} INFO - DAG(s) dict_keys(['example_params_trigger_ui']) retrieved from /home/airflow/.local/lib/python3.9/site-packages/airflow/example_dags/example_params_trigger_ui.py
[2023-07-25T16:14:14.115+0000] {logging_mixin.py:150} INFO - [2023-07-25T16:14:14.115+0000] {dag.py:2742} INFO - Sync 1 DAGs
[2023-07-25T16:14:14.165+0000] {logging_mixin.py:150} INFO - [2023-07-25T16:14:14.164+0000] {dag.py:3504} INFO - Setting next_dagrun for example_params_trigger_ui to None, run_after=None
[2023-07-25T16:14:14.209+0000] {processor.py:179} INFO - Processing /home/airflow/.local/lib/python3.9/site-packages/airflow/example_dags/example_params_trigger_ui.py took 0.314 seconds
[2023-07-25T16:14:44.402+0000] {processor.py:157} INFO - Started process (PID=1529) to work on /home/airflow/.local/lib/python3.9/site-packages/airflow/example_dags/example_params_trigger_ui.py
[2023-07-25T16:14:44.413+0000] {processor.py:826} INFO - Processing file /home/airflow/.local/lib/python3.9/site-packages/airflow/example_dags/example_params_trigger_ui.py for tasks to queue
[2023-07-25T16:14:44.414+0000] {logging_mixin.py:150} INFO - [2023-07-25T16:14:44.414+0000] {dagbag.py:541} INFO - Filling up the DagBag from /home/airflow/.local/lib/python3.9/site-packages/airflow/example_dags/example_params_trigger_ui.py
[2023-07-25T16:14:44.452+0000] {processor.py:836} INFO - DAG(s) dict_keys(['example_params_trigger_ui']) retrieved from /home/airflow/.local/lib/python3.9/site-packages/airflow/example_dags/example_params_trigger_ui.py
[2023-07-25T16:14:44.596+0000] {logging_mixin.py:150} INFO - [2023-07-25T16:14:44.596+0000] {dag.py:2742} INFO - Sync 1 DAGs
[2023-07-25T16:14:44.646+0000] {logging_mixin.py:150} INFO - [2023-07-25T16:14:44.646+0000] {dag.py:3504} INFO - Setting next_dagrun for example_params_trigger_ui to None, run_after=None
[2023-07-25T16:14:44.710+0000] {processor.py:179} INFO - Processing /home/airflow/.local/lib/python3.9/site-packages/airflow/example_dags/example_params_trigger_ui.py took 0.312 seconds
[2023-07-25T16:15:15.178+0000] {processor.py:157} INFO - Started process (PID=1589) to work on /home/airflow/.local/lib/python3.9/site-packages/airflow/example_dags/example_params_trigger_ui.py
[2023-07-25T16:15:15.184+0000] {processor.py:826} INFO - Processing file /home/airflow/.local/lib/python3.9/site-packages/airflow/example_dags/example_params_trigger_ui.py for tasks to queue
[2023-07-25T16:15:15.185+0000] {logging_mixin.py:150} INFO - [2023-07-25T16:15:15.185+0000] {dagbag.py:541} INFO - Filling up the DagBag from /home/airflow/.local/lib/python3.9/site-packages/airflow/example_dags/example_params_trigger_ui.py
[2023-07-25T16:15:15.209+0000] {processor.py:836} INFO - DAG(s) dict_keys(['example_params_trigger_ui']) retrieved from /home/airflow/.local/lib/python3.9/site-packages/airflow/example_dags/example_params_trigger_ui.py
[2023-07-25T16:15:15.329+0000] {logging_mixin.py:150} INFO - [2023-07-25T16:15:15.329+0000] {dag.py:2742} INFO - Sync 1 DAGs
[2023-07-25T16:15:15.385+0000] {logging_mixin.py:150} INFO - [2023-07-25T16:15:15.384+0000] {dag.py:3504} INFO - Setting next_dagrun for example_params_trigger_ui to None, run_after=None
[2023-07-25T16:15:15.438+0000] {processor.py:179} INFO - Processing /home/airflow/.local/lib/python3.9/site-packages/airflow/example_dags/example_params_trigger_ui.py took 0.264 seconds
[2023-07-25T16:15:45.827+0000] {processor.py:157} INFO - Started process (PID=1651) to work on /home/airflow/.local/lib/python3.9/site-packages/airflow/example_dags/example_params_trigger_ui.py
[2023-07-25T16:15:45.835+0000] {processor.py:826} INFO - Processing file /home/airflow/.local/lib/python3.9/site-packages/airflow/example_dags/example_params_trigger_ui.py for tasks to queue
[2023-07-25T16:15:45.836+0000] {logging_mixin.py:150} INFO - [2023-07-25T16:15:45.836+0000] {dagbag.py:541} INFO - Filling up the DagBag from /home/airflow/.local/lib/python3.9/site-packages/airflow/example_dags/example_params_trigger_ui.py
[2023-07-25T16:15:45.917+0000] {processor.py:836} INFO - DAG(s) dict_keys(['example_params_trigger_ui']) retrieved from /home/airflow/.local/lib/python3.9/site-packages/airflow/example_dags/example_params_trigger_ui.py
[2023-07-25T16:15:46.138+0000] {logging_mixin.py:150} INFO - [2023-07-25T16:15:46.138+0000] {dag.py:2742} INFO - Sync 1 DAGs
[2023-07-25T16:15:46.259+0000] {logging_mixin.py:150} INFO - [2023-07-25T16:15:46.259+0000] {dag.py:3504} INFO - Setting next_dagrun for example_params_trigger_ui to None, run_after=None
[2023-07-25T16:15:46.341+0000] {processor.py:179} INFO - Processing /home/airflow/.local/lib/python3.9/site-packages/airflow/example_dags/example_params_trigger_ui.py took 0.529 seconds
[2023-07-25T16:16:17.083+0000] {processor.py:157} INFO - Started process (PID=1714) to work on /home/airflow/.local/lib/python3.9/site-packages/airflow/example_dags/example_params_trigger_ui.py
[2023-07-25T16:16:17.095+0000] {processor.py:826} INFO - Processing file /home/airflow/.local/lib/python3.9/site-packages/airflow/example_dags/example_params_trigger_ui.py for tasks to queue
[2023-07-25T16:16:17.096+0000] {logging_mixin.py:150} INFO - [2023-07-25T16:16:17.096+0000] {dagbag.py:541} INFO - Filling up the DagBag from /home/airflow/.local/lib/python3.9/site-packages/airflow/example_dags/example_params_trigger_ui.py
[2023-07-25T16:16:17.145+0000] {processor.py:836} INFO - DAG(s) dict_keys(['example_params_trigger_ui']) retrieved from /home/airflow/.local/lib/python3.9/site-packages/airflow/example_dags/example_params_trigger_ui.py
[2023-07-25T16:16:17.277+0000] {logging_mixin.py:150} INFO - [2023-07-25T16:16:17.277+0000] {dag.py:2742} INFO - Sync 1 DAGs
[2023-07-25T16:16:17.342+0000] {logging_mixin.py:150} INFO - [2023-07-25T16:16:17.341+0000] {dag.py:3504} INFO - Setting next_dagrun for example_params_trigger_ui to None, run_after=None
[2023-07-25T16:16:17.418+0000] {processor.py:179} INFO - Processing /home/airflow/.local/lib/python3.9/site-packages/airflow/example_dags/example_params_trigger_ui.py took 0.340 seconds
[2023-07-25T16:16:48.283+0000] {processor.py:157} INFO - Started process (PID=1776) to work on /home/airflow/.local/lib/python3.9/site-packages/airflow/example_dags/example_params_trigger_ui.py
[2023-07-25T16:16:48.290+0000] {processor.py:826} INFO - Processing file /home/airflow/.local/lib/python3.9/site-packages/airflow/example_dags/example_params_trigger_ui.py for tasks to queue
[2023-07-25T16:16:48.291+0000] {logging_mixin.py:150} INFO - [2023-07-25T16:16:48.291+0000] {dagbag.py:541} INFO - Filling up the DagBag from /home/airflow/.local/lib/python3.9/site-packages/airflow/example_dags/example_params_trigger_ui.py
[2023-07-25T16:16:48.334+0000] {processor.py:836} INFO - DAG(s) dict_keys(['example_params_trigger_ui']) retrieved from /home/airflow/.local/lib/python3.9/site-packages/airflow/example_dags/example_params_trigger_ui.py
[2023-07-25T16:16:48.487+0000] {logging_mixin.py:150} INFO - [2023-07-25T16:16:48.487+0000] {dag.py:2742} INFO - Sync 1 DAGs
[2023-07-25T16:16:48.545+0000] {logging_mixin.py:150} INFO - [2023-07-25T16:16:48.545+0000] {dag.py:3504} INFO - Setting next_dagrun for example_params_trigger_ui to None, run_after=None
[2023-07-25T16:16:48.591+0000] {processor.py:179} INFO - Processing /home/airflow/.local/lib/python3.9/site-packages/airflow/example_dags/example_params_trigger_ui.py took 0.320 seconds
[2023-07-25T16:17:18.873+0000] {processor.py:157} INFO - Started process (PID=1838) to work on /home/airflow/.local/lib/python3.9/site-packages/airflow/example_dags/example_params_trigger_ui.py
[2023-07-25T16:17:18.885+0000] {processor.py:826} INFO - Processing file /home/airflow/.local/lib/python3.9/site-packages/airflow/example_dags/example_params_trigger_ui.py for tasks to queue
[2023-07-25T16:17:18.886+0000] {logging_mixin.py:150} INFO - [2023-07-25T16:17:18.886+0000] {dagbag.py:541} INFO - Filling up the DagBag from /home/airflow/.local/lib/python3.9/site-packages/airflow/example_dags/example_params_trigger_ui.py
[2023-07-25T16:17:18.937+0000] {processor.py:836} INFO - DAG(s) dict_keys(['example_params_trigger_ui']) retrieved from /home/airflow/.local/lib/python3.9/site-packages/airflow/example_dags/example_params_trigger_ui.py
[2023-07-25T16:17:19.027+0000] {logging_mixin.py:150} INFO - [2023-07-25T16:17:19.026+0000] {dag.py:2742} INFO - Sync 1 DAGs
[2023-07-25T16:17:19.089+0000] {logging_mixin.py:150} INFO - [2023-07-25T16:17:19.088+0000] {dag.py:3504} INFO - Setting next_dagrun for example_params_trigger_ui to None, run_after=None
[2023-07-25T16:17:19.137+0000] {processor.py:179} INFO - Processing /home/airflow/.local/lib/python3.9/site-packages/airflow/example_dags/example_params_trigger_ui.py took 0.269 seconds
[2023-07-25T16:17:49.320+0000] {processor.py:157} INFO - Started process (PID=1900) to work on /home/airflow/.local/lib/python3.9/site-packages/airflow/example_dags/example_params_trigger_ui.py
[2023-07-25T16:17:49.331+0000] {processor.py:826} INFO - Processing file /home/airflow/.local/lib/python3.9/site-packages/airflow/example_dags/example_params_trigger_ui.py for tasks to queue
[2023-07-25T16:17:49.333+0000] {logging_mixin.py:150} INFO - [2023-07-25T16:17:49.332+0000] {dagbag.py:541} INFO - Filling up the DagBag from /home/airflow/.local/lib/python3.9/site-packages/airflow/example_dags/example_params_trigger_ui.py
[2023-07-25T16:17:49.410+0000] {processor.py:836} INFO - DAG(s) dict_keys(['example_params_trigger_ui']) retrieved from /home/airflow/.local/lib/python3.9/site-packages/airflow/example_dags/example_params_trigger_ui.py
[2023-07-25T16:17:49.483+0000] {logging_mixin.py:150} INFO - [2023-07-25T16:17:49.482+0000] {dag.py:2742} INFO - Sync 1 DAGs
[2023-07-25T16:17:49.527+0000] {logging_mixin.py:150} INFO - [2023-07-25T16:17:49.527+0000] {dag.py:3504} INFO - Setting next_dagrun for example_params_trigger_ui to None, run_after=None
[2023-07-25T16:17:49.573+0000] {processor.py:179} INFO - Processing /home/airflow/.local/lib/python3.9/site-packages/airflow/example_dags/example_params_trigger_ui.py took 0.258 seconds
[2023-07-25T16:18:19.999+0000] {processor.py:157} INFO - Started process (PID=1961) to work on /home/airflow/.local/lib/python3.9/site-packages/airflow/example_dags/example_params_trigger_ui.py
[2023-07-25T16:18:20.009+0000] {processor.py:826} INFO - Processing file /home/airflow/.local/lib/python3.9/site-packages/airflow/example_dags/example_params_trigger_ui.py for tasks to queue
[2023-07-25T16:18:20.010+0000] {logging_mixin.py:150} INFO - [2023-07-25T16:18:20.010+0000] {dagbag.py:541} INFO - Filling up the DagBag from /home/airflow/.local/lib/python3.9/site-packages/airflow/example_dags/example_params_trigger_ui.py
[2023-07-25T16:18:20.117+0000] {processor.py:836} INFO - DAG(s) dict_keys(['example_params_trigger_ui']) retrieved from /home/airflow/.local/lib/python3.9/site-packages/airflow/example_dags/example_params_trigger_ui.py
[2023-07-25T16:18:20.465+0000] {logging_mixin.py:150} INFO - [2023-07-25T16:18:20.465+0000] {dag.py:2742} INFO - Sync 1 DAGs
[2023-07-25T16:18:20.616+0000] {logging_mixin.py:150} INFO - [2023-07-25T16:18:20.615+0000] {dag.py:3504} INFO - Setting next_dagrun for example_params_trigger_ui to None, run_after=None
[2023-07-25T16:18:20.748+0000] {processor.py:179} INFO - Processing /home/airflow/.local/lib/python3.9/site-packages/airflow/example_dags/example_params_trigger_ui.py took 0.769 seconds
[2023-07-25T16:18:50.834+0000] {processor.py:157} INFO - Started process (PID=2023) to work on /home/airflow/.local/lib/python3.9/site-packages/airflow/example_dags/example_params_trigger_ui.py
[2023-07-25T16:18:50.846+0000] {processor.py:826} INFO - Processing file /home/airflow/.local/lib/python3.9/site-packages/airflow/example_dags/example_params_trigger_ui.py for tasks to queue
[2023-07-25T16:18:50.847+0000] {logging_mixin.py:150} INFO - [2023-07-25T16:18:50.847+0000] {dagbag.py:541} INFO - Filling up the DagBag from /home/airflow/.local/lib/python3.9/site-packages/airflow/example_dags/example_params_trigger_ui.py
[2023-07-25T16:18:50.911+0000] {processor.py:836} INFO - DAG(s) dict_keys(['example_params_trigger_ui']) retrieved from /home/airflow/.local/lib/python3.9/site-packages/airflow/example_dags/example_params_trigger_ui.py
[2023-07-25T16:18:51.009+0000] {logging_mixin.py:150} INFO - [2023-07-25T16:18:51.009+0000] {dag.py:2742} INFO - Sync 1 DAGs
[2023-07-25T16:18:51.039+0000] {logging_mixin.py:150} INFO - [2023-07-25T16:18:51.038+0000] {dag.py:3504} INFO - Setting next_dagrun for example_params_trigger_ui to None, run_after=None
[2023-07-25T16:18:51.083+0000] {processor.py:179} INFO - Processing /home/airflow/.local/lib/python3.9/site-packages/airflow/example_dags/example_params_trigger_ui.py took 0.254 seconds
[2023-07-25T16:19:21.633+0000] {processor.py:157} INFO - Started process (PID=2082) to work on /home/airflow/.local/lib/python3.9/site-packages/airflow/example_dags/example_params_trigger_ui.py
[2023-07-25T16:19:21.649+0000] {processor.py:826} INFO - Processing file /home/airflow/.local/lib/python3.9/site-packages/airflow/example_dags/example_params_trigger_ui.py for tasks to queue
[2023-07-25T16:19:21.651+0000] {logging_mixin.py:150} INFO - [2023-07-25T16:19:21.650+0000] {dagbag.py:541} INFO - Filling up the DagBag from /home/airflow/.local/lib/python3.9/site-packages/airflow/example_dags/example_params_trigger_ui.py
[2023-07-25T16:19:21.707+0000] {processor.py:836} INFO - DAG(s) dict_keys(['example_params_trigger_ui']) retrieved from /home/airflow/.local/lib/python3.9/site-packages/airflow/example_dags/example_params_trigger_ui.py
[2023-07-25T16:19:21.801+0000] {logging_mixin.py:150} INFO - [2023-07-25T16:19:21.801+0000] {dag.py:2742} INFO - Sync 1 DAGs
[2023-07-25T16:19:21.870+0000] {logging_mixin.py:150} INFO - [2023-07-25T16:19:21.870+0000] {dag.py:3504} INFO - Setting next_dagrun for example_params_trigger_ui to None, run_after=None
[2023-07-25T16:19:21.906+0000] {processor.py:179} INFO - Processing /home/airflow/.local/lib/python3.9/site-packages/airflow/example_dags/example_params_trigger_ui.py took 0.277 seconds
[2023-07-25T16:19:51.997+0000] {processor.py:157} INFO - Started process (PID=2142) to work on /home/airflow/.local/lib/python3.9/site-packages/airflow/example_dags/example_params_trigger_ui.py
[2023-07-25T16:19:51.999+0000] {processor.py:826} INFO - Processing file /home/airflow/.local/lib/python3.9/site-packages/airflow/example_dags/example_params_trigger_ui.py for tasks to queue
[2023-07-25T16:19:51.999+0000] {logging_mixin.py:150} INFO - [2023-07-25T16:19:51.999+0000] {dagbag.py:541} INFO - Filling up the DagBag from /home/airflow/.local/lib/python3.9/site-packages/airflow/example_dags/example_params_trigger_ui.py
[2023-07-25T16:19:52.023+0000] {processor.py:836} INFO - DAG(s) dict_keys(['example_params_trigger_ui']) retrieved from /home/airflow/.local/lib/python3.9/site-packages/airflow/example_dags/example_params_trigger_ui.py
[2023-07-25T16:19:52.090+0000] {logging_mixin.py:150} INFO - [2023-07-25T16:19:52.090+0000] {dag.py:2742} INFO - Sync 1 DAGs
[2023-07-25T16:19:52.118+0000] {logging_mixin.py:150} INFO - [2023-07-25T16:19:52.117+0000] {dag.py:3504} INFO - Setting next_dagrun for example_params_trigger_ui to None, run_after=None
[2023-07-25T16:19:52.143+0000] {processor.py:179} INFO - Processing /home/airflow/.local/lib/python3.9/site-packages/airflow/example_dags/example_params_trigger_ui.py took 0.151 seconds
[2023-07-25T16:20:22.828+0000] {processor.py:157} INFO - Started process (PID=2204) to work on /home/airflow/.local/lib/python3.9/site-packages/airflow/example_dags/example_params_trigger_ui.py
[2023-07-25T16:20:22.831+0000] {processor.py:826} INFO - Processing file /home/airflow/.local/lib/python3.9/site-packages/airflow/example_dags/example_params_trigger_ui.py for tasks to queue
[2023-07-25T16:20:22.832+0000] {logging_mixin.py:150} INFO - [2023-07-25T16:20:22.832+0000] {dagbag.py:541} INFO - Filling up the DagBag from /home/airflow/.local/lib/python3.9/site-packages/airflow/example_dags/example_params_trigger_ui.py
[2023-07-25T16:20:22.914+0000] {processor.py:836} INFO - DAG(s) dict_keys(['example_params_trigger_ui']) retrieved from /home/airflow/.local/lib/python3.9/site-packages/airflow/example_dags/example_params_trigger_ui.py
[2023-07-25T16:20:23.146+0000] {logging_mixin.py:150} INFO - [2023-07-25T16:20:23.145+0000] {dag.py:2742} INFO - Sync 1 DAGs
[2023-07-25T16:20:23.259+0000] {logging_mixin.py:150} INFO - [2023-07-25T16:20:23.259+0000] {dag.py:3504} INFO - Setting next_dagrun for example_params_trigger_ui to None, run_after=None
[2023-07-25T16:20:23.386+0000] {processor.py:179} INFO - Processing /home/airflow/.local/lib/python3.9/site-packages/airflow/example_dags/example_params_trigger_ui.py took 0.580 seconds
[2023-07-25T16:20:54.424+0000] {processor.py:157} INFO - Started process (PID=2266) to work on /home/airflow/.local/lib/python3.9/site-packages/airflow/example_dags/example_params_trigger_ui.py
[2023-07-25T16:20:54.437+0000] {processor.py:826} INFO - Processing file /home/airflow/.local/lib/python3.9/site-packages/airflow/example_dags/example_params_trigger_ui.py for tasks to queue
[2023-07-25T16:20:54.438+0000] {logging_mixin.py:150} INFO - [2023-07-25T16:20:54.438+0000] {dagbag.py:541} INFO - Filling up the DagBag from /home/airflow/.local/lib/python3.9/site-packages/airflow/example_dags/example_params_trigger_ui.py
[2023-07-25T16:20:54.482+0000] {processor.py:836} INFO - DAG(s) dict_keys(['example_params_trigger_ui']) retrieved from /home/airflow/.local/lib/python3.9/site-packages/airflow/example_dags/example_params_trigger_ui.py
[2023-07-25T16:20:54.616+0000] {logging_mixin.py:150} INFO - [2023-07-25T16:20:54.615+0000] {dag.py:2742} INFO - Sync 1 DAGs
[2023-07-25T16:20:54.674+0000] {logging_mixin.py:150} INFO - [2023-07-25T16:20:54.673+0000] {dag.py:3504} INFO - Setting next_dagrun for example_params_trigger_ui to None, run_after=None
[2023-07-25T16:20:54.740+0000] {processor.py:179} INFO - Processing /home/airflow/.local/lib/python3.9/site-packages/airflow/example_dags/example_params_trigger_ui.py took 0.319 seconds
[2023-07-25T16:21:25.583+0000] {processor.py:157} INFO - Started process (PID=2327) to work on /home/airflow/.local/lib/python3.9/site-packages/airflow/example_dags/example_params_trigger_ui.py
[2023-07-25T16:21:25.605+0000] {processor.py:826} INFO - Processing file /home/airflow/.local/lib/python3.9/site-packages/airflow/example_dags/example_params_trigger_ui.py for tasks to queue
[2023-07-25T16:21:25.610+0000] {logging_mixin.py:150} INFO - [2023-07-25T16:21:25.609+0000] {dagbag.py:541} INFO - Filling up the DagBag from /home/airflow/.local/lib/python3.9/site-packages/airflow/example_dags/example_params_trigger_ui.py
[2023-07-25T16:21:25.671+0000] {processor.py:836} INFO - DAG(s) dict_keys(['example_params_trigger_ui']) retrieved from /home/airflow/.local/lib/python3.9/site-packages/airflow/example_dags/example_params_trigger_ui.py
[2023-07-25T16:21:25.799+0000] {logging_mixin.py:150} INFO - [2023-07-25T16:21:25.798+0000] {dag.py:2742} INFO - Sync 1 DAGs
[2023-07-25T16:21:25.827+0000] {logging_mixin.py:150} INFO - [2023-07-25T16:21:25.827+0000] {dag.py:3504} INFO - Setting next_dagrun for example_params_trigger_ui to None, run_after=None
[2023-07-25T16:21:25.875+0000] {processor.py:179} INFO - Processing /home/airflow/.local/lib/python3.9/site-packages/airflow/example_dags/example_params_trigger_ui.py took 0.297 seconds
[2023-07-25T16:21:56.199+0000] {processor.py:157} INFO - Started process (PID=2389) to work on /home/airflow/.local/lib/python3.9/site-packages/airflow/example_dags/example_params_trigger_ui.py
[2023-07-25T16:21:56.212+0000] {processor.py:826} INFO - Processing file /home/airflow/.local/lib/python3.9/site-packages/airflow/example_dags/example_params_trigger_ui.py for tasks to queue
[2023-07-25T16:21:56.213+0000] {logging_mixin.py:150} INFO - [2023-07-25T16:21:56.213+0000] {dagbag.py:541} INFO - Filling up the DagBag from /home/airflow/.local/lib/python3.9/site-packages/airflow/example_dags/example_params_trigger_ui.py
[2023-07-25T16:21:56.250+0000] {processor.py:836} INFO - DAG(s) dict_keys(['example_params_trigger_ui']) retrieved from /home/airflow/.local/lib/python3.9/site-packages/airflow/example_dags/example_params_trigger_ui.py
[2023-07-25T16:21:56.320+0000] {logging_mixin.py:150} INFO - [2023-07-25T16:21:56.320+0000] {dag.py:2742} INFO - Sync 1 DAGs
[2023-07-25T16:21:56.349+0000] {logging_mixin.py:150} INFO - [2023-07-25T16:21:56.348+0000] {dag.py:3504} INFO - Setting next_dagrun for example_params_trigger_ui to None, run_after=None
[2023-07-25T16:21:56.426+0000] {processor.py:179} INFO - Processing /home/airflow/.local/lib/python3.9/site-packages/airflow/example_dags/example_params_trigger_ui.py took 0.242 seconds
[2023-07-25T16:22:27.126+0000] {processor.py:157} INFO - Started process (PID=2451) to work on /home/airflow/.local/lib/python3.9/site-packages/airflow/example_dags/example_params_trigger_ui.py
[2023-07-25T16:22:27.128+0000] {processor.py:826} INFO - Processing file /home/airflow/.local/lib/python3.9/site-packages/airflow/example_dags/example_params_trigger_ui.py for tasks to queue
[2023-07-25T16:22:27.129+0000] {logging_mixin.py:150} INFO - [2023-07-25T16:22:27.129+0000] {dagbag.py:541} INFO - Filling up the DagBag from /home/airflow/.local/lib/python3.9/site-packages/airflow/example_dags/example_params_trigger_ui.py
[2023-07-25T16:22:27.168+0000] {processor.py:836} INFO - DAG(s) dict_keys(['example_params_trigger_ui']) retrieved from /home/airflow/.local/lib/python3.9/site-packages/airflow/example_dags/example_params_trigger_ui.py
[2023-07-25T16:22:27.325+0000] {logging_mixin.py:150} INFO - [2023-07-25T16:22:27.325+0000] {dag.py:2742} INFO - Sync 1 DAGs
[2023-07-25T16:22:27.406+0000] {logging_mixin.py:150} INFO - [2023-07-25T16:22:27.405+0000] {dag.py:3504} INFO - Setting next_dagrun for example_params_trigger_ui to None, run_after=None
[2023-07-25T16:22:27.467+0000] {processor.py:179} INFO - Processing /home/airflow/.local/lib/python3.9/site-packages/airflow/example_dags/example_params_trigger_ui.py took 0.364 seconds
[2023-07-25T16:23:01.765+0000] {processor.py:157} INFO - Started process (PID=2513) to work on /home/airflow/.local/lib/python3.9/site-packages/airflow/example_dags/example_params_trigger_ui.py
[2023-07-25T16:23:01.775+0000] {processor.py:826} INFO - Processing file /home/airflow/.local/lib/python3.9/site-packages/airflow/example_dags/example_params_trigger_ui.py for tasks to queue
[2023-07-25T16:23:01.776+0000] {logging_mixin.py:150} INFO - [2023-07-25T16:23:01.776+0000] {dagbag.py:541} INFO - Filling up the DagBag from /home/airflow/.local/lib/python3.9/site-packages/airflow/example_dags/example_params_trigger_ui.py
[2023-07-25T16:23:01.890+0000] {processor.py:836} INFO - DAG(s) dict_keys(['example_params_trigger_ui']) retrieved from /home/airflow/.local/lib/python3.9/site-packages/airflow/example_dags/example_params_trigger_ui.py
[2023-07-25T16:23:02.346+0000] {logging_mixin.py:150} INFO - [2023-07-25T16:23:02.345+0000] {dag.py:2742} INFO - Sync 1 DAGs
[2023-07-25T16:23:02.556+0000] {logging_mixin.py:150} INFO - [2023-07-25T16:23:02.555+0000] {dag.py:3504} INFO - Setting next_dagrun for example_params_trigger_ui to None, run_after=None
[2023-07-25T16:23:02.874+0000] {processor.py:179} INFO - Processing /home/airflow/.local/lib/python3.9/site-packages/airflow/example_dags/example_params_trigger_ui.py took 1.145 seconds
[2023-07-25T16:23:33.693+0000] {processor.py:157} INFO - Started process (PID=2575) to work on /home/airflow/.local/lib/python3.9/site-packages/airflow/example_dags/example_params_trigger_ui.py
[2023-07-25T16:23:33.708+0000] {processor.py:826} INFO - Processing file /home/airflow/.local/lib/python3.9/site-packages/airflow/example_dags/example_params_trigger_ui.py for tasks to queue
[2023-07-25T16:23:33.709+0000] {logging_mixin.py:150} INFO - [2023-07-25T16:23:33.709+0000] {dagbag.py:541} INFO - Filling up the DagBag from /home/airflow/.local/lib/python3.9/site-packages/airflow/example_dags/example_params_trigger_ui.py
[2023-07-25T16:23:33.753+0000] {processor.py:836} INFO - DAG(s) dict_keys(['example_params_trigger_ui']) retrieved from /home/airflow/.local/lib/python3.9/site-packages/airflow/example_dags/example_params_trigger_ui.py
[2023-07-25T16:23:33.883+0000] {logging_mixin.py:150} INFO - [2023-07-25T16:23:33.883+0000] {dag.py:2742} INFO - Sync 1 DAGs
[2023-07-25T16:23:33.936+0000] {logging_mixin.py:150} INFO - [2023-07-25T16:23:33.935+0000] {dag.py:3504} INFO - Setting next_dagrun for example_params_trigger_ui to None, run_after=None
[2023-07-25T16:23:34.029+0000] {processor.py:179} INFO - Processing /home/airflow/.local/lib/python3.9/site-packages/airflow/example_dags/example_params_trigger_ui.py took 0.340 seconds
[2023-07-25T16:24:04.169+0000] {processor.py:157} INFO - Started process (PID=2636) to work on /home/airflow/.local/lib/python3.9/site-packages/airflow/example_dags/example_params_trigger_ui.py
[2023-07-25T16:24:04.175+0000] {processor.py:826} INFO - Processing file /home/airflow/.local/lib/python3.9/site-packages/airflow/example_dags/example_params_trigger_ui.py for tasks to queue
[2023-07-25T16:24:04.176+0000] {logging_mixin.py:150} INFO - [2023-07-25T16:24:04.176+0000] {dagbag.py:541} INFO - Filling up the DagBag from /home/airflow/.local/lib/python3.9/site-packages/airflow/example_dags/example_params_trigger_ui.py
[2023-07-25T16:24:04.223+0000] {processor.py:836} INFO - DAG(s) dict_keys(['example_params_trigger_ui']) retrieved from /home/airflow/.local/lib/python3.9/site-packages/airflow/example_dags/example_params_trigger_ui.py
[2023-07-25T16:24:04.415+0000] {logging_mixin.py:150} INFO - [2023-07-25T16:24:04.415+0000] {dag.py:2742} INFO - Sync 1 DAGs
[2023-07-25T16:24:04.473+0000] {logging_mixin.py:150} INFO - [2023-07-25T16:24:04.473+0000] {dag.py:3504} INFO - Setting next_dagrun for example_params_trigger_ui to None, run_after=None
[2023-07-25T16:24:04.523+0000] {processor.py:179} INFO - Processing /home/airflow/.local/lib/python3.9/site-packages/airflow/example_dags/example_params_trigger_ui.py took 0.368 seconds
