[2023-07-25T16:02:23.564+0000] {processor.py:157} INFO - Started process (PID=64) to work on /home/airflow/.local/lib/python3.9/site-packages/airflow/example_dags/example_params_ui_tutorial.py
[2023-07-25T16:02:23.585+0000] {processor.py:826} INFO - Processing file /home/airflow/.local/lib/python3.9/site-packages/airflow/example_dags/example_params_ui_tutorial.py for tasks to queue
[2023-07-25T16:02:23.587+0000] {logging_mixin.py:150} INFO - [2023-07-25T16:02:23.586+0000] {dagbag.py:541} INFO - Filling up the DagBag from /home/airflow/.local/lib/python3.9/site-packages/airflow/example_dags/example_params_ui_tutorial.py
[2023-07-25T16:02:23.672+0000] {processor.py:836} INFO - DAG(s) dict_keys(['example_params_ui_tutorial']) retrieved from /home/airflow/.local/lib/python3.9/site-packages/airflow/example_dags/example_params_ui_tutorial.py
[2023-07-25T16:02:24.811+0000] {logging_mixin.py:150} INFO - [2023-07-25T16:02:24.804+0000] {dagbag.py:649} ERROR - Failed to write serialized DAG: /home/airflow/.local/lib/python3.9/site-packages/airflow/example_dags/example_params_ui_tutorial.py
Traceback (most recent call last):
  File "/home/airflow/.local/lib/python3.9/site-packages/airflow/models/dagbag.py", line 644, in _serialize_dag_capturing_errors
    DagBag._sync_perm_for_dag(dag, session=session)
  File "/home/airflow/.local/lib/python3.9/site-packages/airflow/utils/session.py", line 73, in wrapper
    return func(*args, **kwargs)
  File "/home/airflow/.local/lib/python3.9/site-packages/airflow/models/dagbag.py", line 698, in _sync_perm_for_dag
    security_manager.sync_perm_for_dag(root_dag_id, dag.access_control)
  File "/home/airflow/.local/lib/python3.9/site-packages/airflow/www/security.py", line 656, in sync_perm_for_dag
    self.create_permission(dag_action_name, dag_resource_name)
  File "/home/airflow/.local/lib/python3.9/site-packages/airflow/www/fab_security/sqla/manager.py", line 494, in create_permission
    perm = self.get_permission(action_name, resource_name)
  File "/home/airflow/.local/lib/python3.9/site-packages/airflow/www/fab_security/sqla/manager.py", line 464, in get_permission
    action = self.get_action(action_name)
  File "/home/airflow/.local/lib/python3.9/site-packages/airflow/www/fab_security/sqla/manager.py", line 281, in get_action
    return self.get_session.query(self.action_model).filter_by(name=name).one_or_none()
  File "/home/airflow/.local/lib/python3.9/site-packages/sqlalchemy/orm/session.py", line 2046, in query
    return self._query_cls(entities, self, **kwargs)
  File "/home/airflow/.local/lib/python3.9/site-packages/sqlalchemy/orm/query.py", line 173, in __init__
    self._set_entities(entities)
  File "/home/airflow/.local/lib/python3.9/site-packages/sqlalchemy/orm/query.py", line 180, in _set_entities
    self._raw_columns = [
  File "/home/airflow/.local/lib/python3.9/site-packages/sqlalchemy/orm/query.py", line 181, in <listcomp>
    coercions.expect(
  File "/home/airflow/.local/lib/python3.9/site-packages/sqlalchemy/sql/coercions.py", line 160, in expect
    insp._post_inspect
  File "/home/airflow/.local/lib/python3.9/site-packages/sqlalchemy/util/langhelpers.py", line 1162, in __get__
    obj.__dict__[self.__name__] = result = self.fget(obj)
  File "/home/airflow/.local/lib/python3.9/site-packages/sqlalchemy/orm/mapper.py", line 2097, in _post_inspect
    self._check_configure()
  File "/home/airflow/.local/lib/python3.9/site-packages/sqlalchemy/orm/mapper.py", line 1874, in _check_configure
    _configure_registries({self.registry}, cascade=True)
  File "/home/airflow/.local/lib/python3.9/site-packages/sqlalchemy/orm/mapper.py", line 3381, in _configure_registries
    _do_configure_registries(registries, cascade)
  File "/home/airflow/.local/lib/python3.9/site-packages/sqlalchemy/orm/mapper.py", line 3420, in _do_configure_registries
    mapper._post_configure_properties()
  File "/home/airflow/.local/lib/python3.9/site-packages/sqlalchemy/orm/mapper.py", line 1891, in _post_configure_properties
    prop.init()
  File "/home/airflow/.local/lib/python3.9/site-packages/sqlalchemy/orm/interfaces.py", line 227, in init
    self.do_init()
  File "/home/airflow/.local/lib/python3.9/site-packages/sqlalchemy/orm/relationships.py", line 2133, in do_init
    self._setup_join_conditions()
  File "/home/airflow/.local/lib/python3.9/site-packages/sqlalchemy/orm/relationships.py", line 2229, in _setup_join_conditions
    self._join_condition = jc = JoinCondition(
  File "/home/airflow/.local/lib/python3.9/site-packages/sqlalchemy/orm/relationships.py", line 2624, in __init__
    self._determine_joins()
  File "/home/airflow/.local/lib/python3.9/site-packages/sqlalchemy/orm/relationships.py", line 2720, in _determine_joins
    self.secondaryjoin = join_condition(
  File "<string>", line 2, in join_condition
  File "/home/airflow/.local/lib/python3.9/site-packages/sqlalchemy/sql/selectable.py", line 1186, in _join_condition
    constraints = cls._joincond_scan_left_right(
  File "/home/airflow/.local/lib/python3.9/site-packages/sqlalchemy/sql/selectable.py", line 1255, in _joincond_scan_left_right
    col = fk.get_referent(left)
  File "/home/airflow/.local/lib/python3.9/site-packages/sqlalchemy/sql/schema.py", line 2232, in get_referent
    return table.corresponding_column(self.column)
  File "/home/airflow/.local/lib/python3.9/site-packages/sqlalchemy/util/langhelpers.py", line 1095, in __get__
    obj.__dict__[self.__name__] = result = self.fget(obj)
  File "/home/airflow/.local/lib/python3.9/site-packages/sqlalchemy/sql/schema.py", line 2373, in column
    raise exc.NoReferencedTableError(
sqlalchemy.exc.NoReferencedTableError: Foreign key associated with column 'ab_permission_view_role.permission_view_id' could not find table 'ab_permission_view' with which to generate a foreign key to target column 'id'
[2023-07-25T16:02:24.812+0000] {logging_mixin.py:150} INFO - [2023-07-25T16:02:24.812+0000] {dag.py:2742} INFO - Sync 1 DAGs
[2023-07-25T16:02:24.906+0000] {logging_mixin.py:150} INFO - [2023-07-25T16:02:24.906+0000] {dag.py:3504} INFO - Setting next_dagrun for example_params_ui_tutorial to None, run_after=None
[2023-07-25T16:02:24.991+0000] {processor.py:179} INFO - Processing /home/airflow/.local/lib/python3.9/site-packages/airflow/example_dags/example_params_ui_tutorial.py took 1.432 seconds
[2023-07-25T16:02:55.642+0000] {processor.py:157} INFO - Started process (PID=125) to work on /home/airflow/.local/lib/python3.9/site-packages/airflow/example_dags/example_params_ui_tutorial.py
[2023-07-25T16:02:55.645+0000] {processor.py:826} INFO - Processing file /home/airflow/.local/lib/python3.9/site-packages/airflow/example_dags/example_params_ui_tutorial.py for tasks to queue
[2023-07-25T16:02:55.646+0000] {logging_mixin.py:150} INFO - [2023-07-25T16:02:55.646+0000] {dagbag.py:541} INFO - Filling up the DagBag from /home/airflow/.local/lib/python3.9/site-packages/airflow/example_dags/example_params_ui_tutorial.py
[2023-07-25T16:02:55.720+0000] {processor.py:836} INFO - DAG(s) dict_keys(['example_params_ui_tutorial']) retrieved from /home/airflow/.local/lib/python3.9/site-packages/airflow/example_dags/example_params_ui_tutorial.py
[2023-07-25T16:02:55.821+0000] {logging_mixin.py:150} INFO - [2023-07-25T16:02:55.821+0000] {dag.py:2742} INFO - Sync 1 DAGs
[2023-07-25T16:02:55.851+0000] {logging_mixin.py:150} INFO - [2023-07-25T16:02:55.851+0000] {dag.py:3504} INFO - Setting next_dagrun for example_params_ui_tutorial to None, run_after=None
[2023-07-25T16:02:55.893+0000] {processor.py:179} INFO - Processing /home/airflow/.local/lib/python3.9/site-packages/airflow/example_dags/example_params_ui_tutorial.py took 0.255 seconds
[2023-07-25T16:03:26.743+0000] {processor.py:157} INFO - Started process (PID=186) to work on /home/airflow/.local/lib/python3.9/site-packages/airflow/example_dags/example_params_ui_tutorial.py
[2023-07-25T16:03:26.755+0000] {processor.py:826} INFO - Processing file /home/airflow/.local/lib/python3.9/site-packages/airflow/example_dags/example_params_ui_tutorial.py for tasks to queue
[2023-07-25T16:03:26.756+0000] {logging_mixin.py:150} INFO - [2023-07-25T16:03:26.756+0000] {dagbag.py:541} INFO - Filling up the DagBag from /home/airflow/.local/lib/python3.9/site-packages/airflow/example_dags/example_params_ui_tutorial.py
[2023-07-25T16:03:26.816+0000] {processor.py:836} INFO - DAG(s) dict_keys(['example_params_ui_tutorial']) retrieved from /home/airflow/.local/lib/python3.9/site-packages/airflow/example_dags/example_params_ui_tutorial.py
[2023-07-25T16:03:26.978+0000] {logging_mixin.py:150} INFO - [2023-07-25T16:03:26.978+0000] {dag.py:2742} INFO - Sync 1 DAGs
[2023-07-25T16:03:27.034+0000] {logging_mixin.py:150} INFO - [2023-07-25T16:03:27.033+0000] {dag.py:3504} INFO - Setting next_dagrun for example_params_ui_tutorial to None, run_after=None
[2023-07-25T16:03:27.068+0000] {processor.py:179} INFO - Processing /home/airflow/.local/lib/python3.9/site-packages/airflow/example_dags/example_params_ui_tutorial.py took 0.329 seconds
[2023-07-25T16:03:57.294+0000] {processor.py:157} INFO - Started process (PID=249) to work on /home/airflow/.local/lib/python3.9/site-packages/airflow/example_dags/example_params_ui_tutorial.py
[2023-07-25T16:03:57.306+0000] {processor.py:826} INFO - Processing file /home/airflow/.local/lib/python3.9/site-packages/airflow/example_dags/example_params_ui_tutorial.py for tasks to queue
[2023-07-25T16:03:57.308+0000] {logging_mixin.py:150} INFO - [2023-07-25T16:03:57.307+0000] {dagbag.py:541} INFO - Filling up the DagBag from /home/airflow/.local/lib/python3.9/site-packages/airflow/example_dags/example_params_ui_tutorial.py
[2023-07-25T16:03:57.423+0000] {processor.py:836} INFO - DAG(s) dict_keys(['example_params_ui_tutorial']) retrieved from /home/airflow/.local/lib/python3.9/site-packages/airflow/example_dags/example_params_ui_tutorial.py
[2023-07-25T16:03:57.571+0000] {logging_mixin.py:150} INFO - [2023-07-25T16:03:57.569+0000] {dag.py:2742} INFO - Sync 1 DAGs
[2023-07-25T16:03:57.662+0000] {logging_mixin.py:150} INFO - [2023-07-25T16:03:57.662+0000] {dag.py:3504} INFO - Setting next_dagrun for example_params_ui_tutorial to None, run_after=None
[2023-07-25T16:03:57.731+0000] {processor.py:179} INFO - Processing /home/airflow/.local/lib/python3.9/site-packages/airflow/example_dags/example_params_ui_tutorial.py took 0.442 seconds
[2023-07-25T16:04:28.467+0000] {processor.py:157} INFO - Started process (PID=311) to work on /home/airflow/.local/lib/python3.9/site-packages/airflow/example_dags/example_params_ui_tutorial.py
[2023-07-25T16:04:28.475+0000] {processor.py:826} INFO - Processing file /home/airflow/.local/lib/python3.9/site-packages/airflow/example_dags/example_params_ui_tutorial.py for tasks to queue
[2023-07-25T16:04:28.476+0000] {logging_mixin.py:150} INFO - [2023-07-25T16:04:28.476+0000] {dagbag.py:541} INFO - Filling up the DagBag from /home/airflow/.local/lib/python3.9/site-packages/airflow/example_dags/example_params_ui_tutorial.py
[2023-07-25T16:04:28.556+0000] {processor.py:836} INFO - DAG(s) dict_keys(['example_params_ui_tutorial']) retrieved from /home/airflow/.local/lib/python3.9/site-packages/airflow/example_dags/example_params_ui_tutorial.py
[2023-07-25T16:04:28.668+0000] {logging_mixin.py:150} INFO - [2023-07-25T16:04:28.668+0000] {dag.py:2742} INFO - Sync 1 DAGs
[2023-07-25T16:04:28.737+0000] {logging_mixin.py:150} INFO - [2023-07-25T16:04:28.736+0000] {dag.py:3504} INFO - Setting next_dagrun for example_params_ui_tutorial to None, run_after=None
[2023-07-25T16:04:28.784+0000] {processor.py:179} INFO - Processing /home/airflow/.local/lib/python3.9/site-packages/airflow/example_dags/example_params_ui_tutorial.py took 0.333 seconds
[2023-07-25T16:04:59.224+0000] {processor.py:157} INFO - Started process (PID=371) to work on /home/airflow/.local/lib/python3.9/site-packages/airflow/example_dags/example_params_ui_tutorial.py
[2023-07-25T16:04:59.226+0000] {processor.py:826} INFO - Processing file /home/airflow/.local/lib/python3.9/site-packages/airflow/example_dags/example_params_ui_tutorial.py for tasks to queue
[2023-07-25T16:04:59.226+0000] {logging_mixin.py:150} INFO - [2023-07-25T16:04:59.226+0000] {dagbag.py:541} INFO - Filling up the DagBag from /home/airflow/.local/lib/python3.9/site-packages/airflow/example_dags/example_params_ui_tutorial.py
[2023-07-25T16:04:59.301+0000] {processor.py:836} INFO - DAG(s) dict_keys(['example_params_ui_tutorial']) retrieved from /home/airflow/.local/lib/python3.9/site-packages/airflow/example_dags/example_params_ui_tutorial.py
[2023-07-25T16:04:59.432+0000] {logging_mixin.py:150} INFO - [2023-07-25T16:04:59.432+0000] {dag.py:2742} INFO - Sync 1 DAGs
[2023-07-25T16:04:59.481+0000] {logging_mixin.py:150} INFO - [2023-07-25T16:04:59.480+0000] {dag.py:3504} INFO - Setting next_dagrun for example_params_ui_tutorial to None, run_after=None
[2023-07-25T16:04:59.533+0000] {processor.py:179} INFO - Processing /home/airflow/.local/lib/python3.9/site-packages/airflow/example_dags/example_params_ui_tutorial.py took 0.325 seconds
[2023-07-25T16:05:29.818+0000] {processor.py:157} INFO - Started process (PID=433) to work on /home/airflow/.local/lib/python3.9/site-packages/airflow/example_dags/example_params_ui_tutorial.py
[2023-07-25T16:05:29.835+0000] {processor.py:826} INFO - Processing file /home/airflow/.local/lib/python3.9/site-packages/airflow/example_dags/example_params_ui_tutorial.py for tasks to queue
[2023-07-25T16:05:29.836+0000] {logging_mixin.py:150} INFO - [2023-07-25T16:05:29.836+0000] {dagbag.py:541} INFO - Filling up the DagBag from /home/airflow/.local/lib/python3.9/site-packages/airflow/example_dags/example_params_ui_tutorial.py
[2023-07-25T16:05:29.975+0000] {processor.py:836} INFO - DAG(s) dict_keys(['example_params_ui_tutorial']) retrieved from /home/airflow/.local/lib/python3.9/site-packages/airflow/example_dags/example_params_ui_tutorial.py
[2023-07-25T16:05:30.117+0000] {logging_mixin.py:150} INFO - [2023-07-25T16:05:30.116+0000] {dag.py:2742} INFO - Sync 1 DAGs
[2023-07-25T16:05:30.144+0000] {logging_mixin.py:150} INFO - [2023-07-25T16:05:30.144+0000] {dag.py:3504} INFO - Setting next_dagrun for example_params_ui_tutorial to None, run_after=None
[2023-07-25T16:05:30.183+0000] {processor.py:179} INFO - Processing /home/airflow/.local/lib/python3.9/site-packages/airflow/example_dags/example_params_ui_tutorial.py took 0.384 seconds
[2023-07-25T16:06:00.490+0000] {processor.py:157} INFO - Started process (PID=493) to work on /home/airflow/.local/lib/python3.9/site-packages/airflow/example_dags/example_params_ui_tutorial.py
[2023-07-25T16:06:00.505+0000] {processor.py:826} INFO - Processing file /home/airflow/.local/lib/python3.9/site-packages/airflow/example_dags/example_params_ui_tutorial.py for tasks to queue
[2023-07-25T16:06:00.506+0000] {logging_mixin.py:150} INFO - [2023-07-25T16:06:00.506+0000] {dagbag.py:541} INFO - Filling up the DagBag from /home/airflow/.local/lib/python3.9/site-packages/airflow/example_dags/example_params_ui_tutorial.py
[2023-07-25T16:06:00.615+0000] {processor.py:836} INFO - DAG(s) dict_keys(['example_params_ui_tutorial']) retrieved from /home/airflow/.local/lib/python3.9/site-packages/airflow/example_dags/example_params_ui_tutorial.py
[2023-07-25T16:06:00.773+0000] {logging_mixin.py:150} INFO - [2023-07-25T16:06:00.773+0000] {dag.py:2742} INFO - Sync 1 DAGs
[2023-07-25T16:06:00.856+0000] {logging_mixin.py:150} INFO - [2023-07-25T16:06:00.855+0000] {dag.py:3504} INFO - Setting next_dagrun for example_params_ui_tutorial to None, run_after=None
[2023-07-25T16:06:00.948+0000] {processor.py:179} INFO - Processing /home/airflow/.local/lib/python3.9/site-packages/airflow/example_dags/example_params_ui_tutorial.py took 0.463 seconds
[2023-07-25T16:06:31.564+0000] {processor.py:157} INFO - Started process (PID=554) to work on /home/airflow/.local/lib/python3.9/site-packages/airflow/example_dags/example_params_ui_tutorial.py
[2023-07-25T16:06:31.599+0000] {processor.py:826} INFO - Processing file /home/airflow/.local/lib/python3.9/site-packages/airflow/example_dags/example_params_ui_tutorial.py for tasks to queue
[2023-07-25T16:06:31.600+0000] {logging_mixin.py:150} INFO - [2023-07-25T16:06:31.600+0000] {dagbag.py:541} INFO - Filling up the DagBag from /home/airflow/.local/lib/python3.9/site-packages/airflow/example_dags/example_params_ui_tutorial.py
[2023-07-25T16:06:31.720+0000] {processor.py:836} INFO - DAG(s) dict_keys(['example_params_ui_tutorial']) retrieved from /home/airflow/.local/lib/python3.9/site-packages/airflow/example_dags/example_params_ui_tutorial.py
[2023-07-25T16:06:31.915+0000] {logging_mixin.py:150} INFO - [2023-07-25T16:06:31.915+0000] {dag.py:2742} INFO - Sync 1 DAGs
[2023-07-25T16:06:32.007+0000] {logging_mixin.py:150} INFO - [2023-07-25T16:06:32.007+0000] {dag.py:3504} INFO - Setting next_dagrun for example_params_ui_tutorial to None, run_after=None
[2023-07-25T16:06:32.069+0000] {processor.py:179} INFO - Processing /home/airflow/.local/lib/python3.9/site-packages/airflow/example_dags/example_params_ui_tutorial.py took 0.510 seconds
[2023-07-25T16:07:02.169+0000] {processor.py:157} INFO - Started process (PID=616) to work on /home/airflow/.local/lib/python3.9/site-packages/airflow/example_dags/example_params_ui_tutorial.py
[2023-07-25T16:07:02.187+0000] {processor.py:826} INFO - Processing file /home/airflow/.local/lib/python3.9/site-packages/airflow/example_dags/example_params_ui_tutorial.py for tasks to queue
[2023-07-25T16:07:02.188+0000] {logging_mixin.py:150} INFO - [2023-07-25T16:07:02.188+0000] {dagbag.py:541} INFO - Filling up the DagBag from /home/airflow/.local/lib/python3.9/site-packages/airflow/example_dags/example_params_ui_tutorial.py
[2023-07-25T16:07:02.268+0000] {processor.py:836} INFO - DAG(s) dict_keys(['example_params_ui_tutorial']) retrieved from /home/airflow/.local/lib/python3.9/site-packages/airflow/example_dags/example_params_ui_tutorial.py
[2023-07-25T16:07:02.391+0000] {logging_mixin.py:150} INFO - [2023-07-25T16:07:02.391+0000] {dag.py:2742} INFO - Sync 1 DAGs
[2023-07-25T16:07:02.437+0000] {logging_mixin.py:150} INFO - [2023-07-25T16:07:02.436+0000] {dag.py:3504} INFO - Setting next_dagrun for example_params_ui_tutorial to None, run_after=None
[2023-07-25T16:07:02.486+0000] {processor.py:179} INFO - Processing /home/airflow/.local/lib/python3.9/site-packages/airflow/example_dags/example_params_ui_tutorial.py took 0.321 seconds
[2023-07-25T16:07:32.751+0000] {processor.py:157} INFO - Started process (PID=677) to work on /home/airflow/.local/lib/python3.9/site-packages/airflow/example_dags/example_params_ui_tutorial.py
[2023-07-25T16:07:32.759+0000] {processor.py:826} INFO - Processing file /home/airflow/.local/lib/python3.9/site-packages/airflow/example_dags/example_params_ui_tutorial.py for tasks to queue
[2023-07-25T16:07:32.760+0000] {logging_mixin.py:150} INFO - [2023-07-25T16:07:32.760+0000] {dagbag.py:541} INFO - Filling up the DagBag from /home/airflow/.local/lib/python3.9/site-packages/airflow/example_dags/example_params_ui_tutorial.py
[2023-07-25T16:07:32.848+0000] {processor.py:836} INFO - DAG(s) dict_keys(['example_params_ui_tutorial']) retrieved from /home/airflow/.local/lib/python3.9/site-packages/airflow/example_dags/example_params_ui_tutorial.py
[2023-07-25T16:07:32.959+0000] {logging_mixin.py:150} INFO - [2023-07-25T16:07:32.958+0000] {dag.py:2742} INFO - Sync 1 DAGs
[2023-07-25T16:07:32.987+0000] {logging_mixin.py:150} INFO - [2023-07-25T16:07:32.986+0000] {dag.py:3504} INFO - Setting next_dagrun for example_params_ui_tutorial to None, run_after=None
[2023-07-25T16:07:33.010+0000] {processor.py:179} INFO - Processing /home/airflow/.local/lib/python3.9/site-packages/airflow/example_dags/example_params_ui_tutorial.py took 0.264 seconds
[2023-07-25T16:08:03.770+0000] {processor.py:157} INFO - Started process (PID=739) to work on /home/airflow/.local/lib/python3.9/site-packages/airflow/example_dags/example_params_ui_tutorial.py
[2023-07-25T16:08:03.785+0000] {processor.py:826} INFO - Processing file /home/airflow/.local/lib/python3.9/site-packages/airflow/example_dags/example_params_ui_tutorial.py for tasks to queue
[2023-07-25T16:08:03.786+0000] {logging_mixin.py:150} INFO - [2023-07-25T16:08:03.786+0000] {dagbag.py:541} INFO - Filling up the DagBag from /home/airflow/.local/lib/python3.9/site-packages/airflow/example_dags/example_params_ui_tutorial.py
[2023-07-25T16:08:03.864+0000] {processor.py:836} INFO - DAG(s) dict_keys(['example_params_ui_tutorial']) retrieved from /home/airflow/.local/lib/python3.9/site-packages/airflow/example_dags/example_params_ui_tutorial.py
[2023-07-25T16:08:03.916+0000] {logging_mixin.py:150} INFO - [2023-07-25T16:08:03.915+0000] {dag.py:2742} INFO - Sync 1 DAGs
[2023-07-25T16:08:03.945+0000] {logging_mixin.py:150} INFO - [2023-07-25T16:08:03.944+0000] {dag.py:3504} INFO - Setting next_dagrun for example_params_ui_tutorial to None, run_after=None
[2023-07-25T16:08:03.984+0000] {processor.py:179} INFO - Processing /home/airflow/.local/lib/python3.9/site-packages/airflow/example_dags/example_params_ui_tutorial.py took 0.219 seconds
[2023-07-25T16:08:34.230+0000] {processor.py:157} INFO - Started process (PID=800) to work on /home/airflow/.local/lib/python3.9/site-packages/airflow/example_dags/example_params_ui_tutorial.py
[2023-07-25T16:08:34.245+0000] {processor.py:826} INFO - Processing file /home/airflow/.local/lib/python3.9/site-packages/airflow/example_dags/example_params_ui_tutorial.py for tasks to queue
[2023-07-25T16:08:34.246+0000] {logging_mixin.py:150} INFO - [2023-07-25T16:08:34.245+0000] {dagbag.py:541} INFO - Filling up the DagBag from /home/airflow/.local/lib/python3.9/site-packages/airflow/example_dags/example_params_ui_tutorial.py
[2023-07-25T16:08:34.312+0000] {processor.py:836} INFO - DAG(s) dict_keys(['example_params_ui_tutorial']) retrieved from /home/airflow/.local/lib/python3.9/site-packages/airflow/example_dags/example_params_ui_tutorial.py
[2023-07-25T16:08:34.461+0000] {logging_mixin.py:150} INFO - [2023-07-25T16:08:34.461+0000] {dag.py:2742} INFO - Sync 1 DAGs
[2023-07-25T16:08:34.512+0000] {logging_mixin.py:150} INFO - [2023-07-25T16:08:34.512+0000] {dag.py:3504} INFO - Setting next_dagrun for example_params_ui_tutorial to None, run_after=None
[2023-07-25T16:08:34.547+0000] {processor.py:179} INFO - Processing /home/airflow/.local/lib/python3.9/site-packages/airflow/example_dags/example_params_ui_tutorial.py took 0.322 seconds
[2023-07-25T16:09:04.922+0000] {processor.py:157} INFO - Started process (PID=862) to work on /home/airflow/.local/lib/python3.9/site-packages/airflow/example_dags/example_params_ui_tutorial.py
[2023-07-25T16:09:04.945+0000] {processor.py:826} INFO - Processing file /home/airflow/.local/lib/python3.9/site-packages/airflow/example_dags/example_params_ui_tutorial.py for tasks to queue
[2023-07-25T16:09:04.980+0000] {logging_mixin.py:150} INFO - [2023-07-25T16:09:04.980+0000] {dagbag.py:541} INFO - Filling up the DagBag from /home/airflow/.local/lib/python3.9/site-packages/airflow/example_dags/example_params_ui_tutorial.py
[2023-07-25T16:09:05.217+0000] {processor.py:836} INFO - DAG(s) dict_keys(['example_params_ui_tutorial']) retrieved from /home/airflow/.local/lib/python3.9/site-packages/airflow/example_dags/example_params_ui_tutorial.py
[2023-07-25T16:09:05.447+0000] {logging_mixin.py:150} INFO - [2023-07-25T16:09:05.447+0000] {dag.py:2742} INFO - Sync 1 DAGs
[2023-07-25T16:09:05.480+0000] {logging_mixin.py:150} INFO - [2023-07-25T16:09:05.480+0000] {dag.py:3504} INFO - Setting next_dagrun for example_params_ui_tutorial to None, run_after=None
[2023-07-25T16:09:05.514+0000] {processor.py:179} INFO - Processing /home/airflow/.local/lib/python3.9/site-packages/airflow/example_dags/example_params_ui_tutorial.py took 0.596 seconds
[2023-07-25T16:09:35.894+0000] {processor.py:157} INFO - Started process (PID=923) to work on /home/airflow/.local/lib/python3.9/site-packages/airflow/example_dags/example_params_ui_tutorial.py
[2023-07-25T16:09:35.936+0000] {processor.py:826} INFO - Processing file /home/airflow/.local/lib/python3.9/site-packages/airflow/example_dags/example_params_ui_tutorial.py for tasks to queue
[2023-07-25T16:09:35.937+0000] {logging_mixin.py:150} INFO - [2023-07-25T16:09:35.937+0000] {dagbag.py:541} INFO - Filling up the DagBag from /home/airflow/.local/lib/python3.9/site-packages/airflow/example_dags/example_params_ui_tutorial.py
[2023-07-25T16:09:36.101+0000] {processor.py:836} INFO - DAG(s) dict_keys(['example_params_ui_tutorial']) retrieved from /home/airflow/.local/lib/python3.9/site-packages/airflow/example_dags/example_params_ui_tutorial.py
[2023-07-25T16:09:36.336+0000] {logging_mixin.py:150} INFO - [2023-07-25T16:09:36.335+0000] {dag.py:2742} INFO - Sync 1 DAGs
[2023-07-25T16:09:36.456+0000] {logging_mixin.py:150} INFO - [2023-07-25T16:09:36.455+0000] {dag.py:3504} INFO - Setting next_dagrun for example_params_ui_tutorial to None, run_after=None
[2023-07-25T16:09:36.546+0000] {processor.py:179} INFO - Processing /home/airflow/.local/lib/python3.9/site-packages/airflow/example_dags/example_params_ui_tutorial.py took 0.657 seconds
[2023-07-25T16:10:07.020+0000] {processor.py:157} INFO - Started process (PID=984) to work on /home/airflow/.local/lib/python3.9/site-packages/airflow/example_dags/example_params_ui_tutorial.py
[2023-07-25T16:10:07.035+0000] {processor.py:826} INFO - Processing file /home/airflow/.local/lib/python3.9/site-packages/airflow/example_dags/example_params_ui_tutorial.py for tasks to queue
[2023-07-25T16:10:07.036+0000] {logging_mixin.py:150} INFO - [2023-07-25T16:10:07.036+0000] {dagbag.py:541} INFO - Filling up the DagBag from /home/airflow/.local/lib/python3.9/site-packages/airflow/example_dags/example_params_ui_tutorial.py
[2023-07-25T16:10:07.289+0000] {processor.py:836} INFO - DAG(s) dict_keys(['example_params_ui_tutorial']) retrieved from /home/airflow/.local/lib/python3.9/site-packages/airflow/example_dags/example_params_ui_tutorial.py
[2023-07-25T16:10:07.545+0000] {logging_mixin.py:150} INFO - [2023-07-25T16:10:07.545+0000] {dag.py:2742} INFO - Sync 1 DAGs
[2023-07-25T16:10:07.671+0000] {logging_mixin.py:150} INFO - [2023-07-25T16:10:07.670+0000] {dag.py:3504} INFO - Setting next_dagrun for example_params_ui_tutorial to None, run_after=None
[2023-07-25T16:10:07.775+0000] {processor.py:179} INFO - Processing /home/airflow/.local/lib/python3.9/site-packages/airflow/example_dags/example_params_ui_tutorial.py took 0.760 seconds
[2023-07-25T16:10:38.285+0000] {processor.py:157} INFO - Started process (PID=1046) to work on /home/airflow/.local/lib/python3.9/site-packages/airflow/example_dags/example_params_ui_tutorial.py
[2023-07-25T16:10:38.295+0000] {processor.py:826} INFO - Processing file /home/airflow/.local/lib/python3.9/site-packages/airflow/example_dags/example_params_ui_tutorial.py for tasks to queue
[2023-07-25T16:10:38.296+0000] {logging_mixin.py:150} INFO - [2023-07-25T16:10:38.296+0000] {dagbag.py:541} INFO - Filling up the DagBag from /home/airflow/.local/lib/python3.9/site-packages/airflow/example_dags/example_params_ui_tutorial.py
[2023-07-25T16:10:38.429+0000] {processor.py:836} INFO - DAG(s) dict_keys(['example_params_ui_tutorial']) retrieved from /home/airflow/.local/lib/python3.9/site-packages/airflow/example_dags/example_params_ui_tutorial.py
[2023-07-25T16:10:38.629+0000] {logging_mixin.py:150} INFO - [2023-07-25T16:10:38.628+0000] {dag.py:2742} INFO - Sync 1 DAGs
[2023-07-25T16:10:38.746+0000] {logging_mixin.py:150} INFO - [2023-07-25T16:10:38.746+0000] {dag.py:3504} INFO - Setting next_dagrun for example_params_ui_tutorial to None, run_after=None
[2023-07-25T16:10:38.865+0000] {processor.py:179} INFO - Processing /home/airflow/.local/lib/python3.9/site-packages/airflow/example_dags/example_params_ui_tutorial.py took 0.645 seconds
[2023-07-25T16:11:09.147+0000] {processor.py:157} INFO - Started process (PID=1100) to work on /home/airflow/.local/lib/python3.9/site-packages/airflow/example_dags/example_params_ui_tutorial.py
[2023-07-25T16:11:09.160+0000] {processor.py:826} INFO - Processing file /home/airflow/.local/lib/python3.9/site-packages/airflow/example_dags/example_params_ui_tutorial.py for tasks to queue
[2023-07-25T16:11:09.162+0000] {logging_mixin.py:150} INFO - [2023-07-25T16:11:09.161+0000] {dagbag.py:541} INFO - Filling up the DagBag from /home/airflow/.local/lib/python3.9/site-packages/airflow/example_dags/example_params_ui_tutorial.py
[2023-07-25T16:11:09.322+0000] {processor.py:836} INFO - DAG(s) dict_keys(['example_params_ui_tutorial']) retrieved from /home/airflow/.local/lib/python3.9/site-packages/airflow/example_dags/example_params_ui_tutorial.py
[2023-07-25T16:11:09.560+0000] {logging_mixin.py:150} INFO - [2023-07-25T16:11:09.559+0000] {dag.py:2742} INFO - Sync 1 DAGs
[2023-07-25T16:11:09.658+0000] {logging_mixin.py:150} INFO - [2023-07-25T16:11:09.658+0000] {dag.py:3504} INFO - Setting next_dagrun for example_params_ui_tutorial to None, run_after=None
[2023-07-25T16:11:09.719+0000] {processor.py:179} INFO - Processing /home/airflow/.local/lib/python3.9/site-packages/airflow/example_dags/example_params_ui_tutorial.py took 0.597 seconds
[2023-07-25T16:11:40.378+0000] {processor.py:157} INFO - Started process (PID=1162) to work on /home/airflow/.local/lib/python3.9/site-packages/airflow/example_dags/example_params_ui_tutorial.py
[2023-07-25T16:11:40.380+0000] {processor.py:826} INFO - Processing file /home/airflow/.local/lib/python3.9/site-packages/airflow/example_dags/example_params_ui_tutorial.py for tasks to queue
[2023-07-25T16:11:40.381+0000] {logging_mixin.py:150} INFO - [2023-07-25T16:11:40.380+0000] {dagbag.py:541} INFO - Filling up the DagBag from /home/airflow/.local/lib/python3.9/site-packages/airflow/example_dags/example_params_ui_tutorial.py
[2023-07-25T16:11:40.442+0000] {processor.py:836} INFO - DAG(s) dict_keys(['example_params_ui_tutorial']) retrieved from /home/airflow/.local/lib/python3.9/site-packages/airflow/example_dags/example_params_ui_tutorial.py
[2023-07-25T16:11:40.560+0000] {logging_mixin.py:150} INFO - [2023-07-25T16:11:40.560+0000] {dag.py:2742} INFO - Sync 1 DAGs
[2023-07-25T16:11:40.615+0000] {logging_mixin.py:150} INFO - [2023-07-25T16:11:40.614+0000] {dag.py:3504} INFO - Setting next_dagrun for example_params_ui_tutorial to None, run_after=None
[2023-07-25T16:11:40.669+0000] {processor.py:179} INFO - Processing /home/airflow/.local/lib/python3.9/site-packages/airflow/example_dags/example_params_ui_tutorial.py took 0.306 seconds
[2023-07-25T16:12:10.894+0000] {processor.py:157} INFO - Started process (PID=1223) to work on /home/airflow/.local/lib/python3.9/site-packages/airflow/example_dags/example_params_ui_tutorial.py
[2023-07-25T16:12:10.905+0000] {processor.py:826} INFO - Processing file /home/airflow/.local/lib/python3.9/site-packages/airflow/example_dags/example_params_ui_tutorial.py for tasks to queue
[2023-07-25T16:12:10.906+0000] {logging_mixin.py:150} INFO - [2023-07-25T16:12:10.905+0000] {dagbag.py:541} INFO - Filling up the DagBag from /home/airflow/.local/lib/python3.9/site-packages/airflow/example_dags/example_params_ui_tutorial.py
[2023-07-25T16:12:10.969+0000] {processor.py:836} INFO - DAG(s) dict_keys(['example_params_ui_tutorial']) retrieved from /home/airflow/.local/lib/python3.9/site-packages/airflow/example_dags/example_params_ui_tutorial.py
[2023-07-25T16:12:11.079+0000] {logging_mixin.py:150} INFO - [2023-07-25T16:12:11.079+0000] {dag.py:2742} INFO - Sync 1 DAGs
[2023-07-25T16:12:11.134+0000] {logging_mixin.py:150} INFO - [2023-07-25T16:12:11.133+0000] {dag.py:3504} INFO - Setting next_dagrun for example_params_ui_tutorial to None, run_after=None
[2023-07-25T16:12:11.175+0000] {processor.py:179} INFO - Processing /home/airflow/.local/lib/python3.9/site-packages/airflow/example_dags/example_params_ui_tutorial.py took 0.286 seconds
[2023-07-25T16:12:41.798+0000] {processor.py:157} INFO - Started process (PID=1284) to work on /home/airflow/.local/lib/python3.9/site-packages/airflow/example_dags/example_params_ui_tutorial.py
[2023-07-25T16:12:41.805+0000] {processor.py:826} INFO - Processing file /home/airflow/.local/lib/python3.9/site-packages/airflow/example_dags/example_params_ui_tutorial.py for tasks to queue
[2023-07-25T16:12:41.806+0000] {logging_mixin.py:150} INFO - [2023-07-25T16:12:41.806+0000] {dagbag.py:541} INFO - Filling up the DagBag from /home/airflow/.local/lib/python3.9/site-packages/airflow/example_dags/example_params_ui_tutorial.py
[2023-07-25T16:12:41.870+0000] {processor.py:836} INFO - DAG(s) dict_keys(['example_params_ui_tutorial']) retrieved from /home/airflow/.local/lib/python3.9/site-packages/airflow/example_dags/example_params_ui_tutorial.py
[2023-07-25T16:12:42.041+0000] {logging_mixin.py:150} INFO - [2023-07-25T16:12:42.040+0000] {dag.py:2742} INFO - Sync 1 DAGs
[2023-07-25T16:12:42.127+0000] {logging_mixin.py:150} INFO - [2023-07-25T16:12:42.127+0000] {dag.py:3504} INFO - Setting next_dagrun for example_params_ui_tutorial to None, run_after=None
[2023-07-25T16:12:42.205+0000] {processor.py:179} INFO - Processing /home/airflow/.local/lib/python3.9/site-packages/airflow/example_dags/example_params_ui_tutorial.py took 0.414 seconds
[2023-07-25T16:13:12.462+0000] {processor.py:157} INFO - Started process (PID=1346) to work on /home/airflow/.local/lib/python3.9/site-packages/airflow/example_dags/example_params_ui_tutorial.py
[2023-07-25T16:13:12.470+0000] {processor.py:826} INFO - Processing file /home/airflow/.local/lib/python3.9/site-packages/airflow/example_dags/example_params_ui_tutorial.py for tasks to queue
[2023-07-25T16:13:12.471+0000] {logging_mixin.py:150} INFO - [2023-07-25T16:13:12.470+0000] {dagbag.py:541} INFO - Filling up the DagBag from /home/airflow/.local/lib/python3.9/site-packages/airflow/example_dags/example_params_ui_tutorial.py
[2023-07-25T16:13:12.605+0000] {processor.py:836} INFO - DAG(s) dict_keys(['example_params_ui_tutorial']) retrieved from /home/airflow/.local/lib/python3.9/site-packages/airflow/example_dags/example_params_ui_tutorial.py
[2023-07-25T16:13:12.750+0000] {logging_mixin.py:150} INFO - [2023-07-25T16:13:12.749+0000] {dag.py:2742} INFO - Sync 1 DAGs
[2023-07-25T16:13:12.846+0000] {logging_mixin.py:150} INFO - [2023-07-25T16:13:12.845+0000] {dag.py:3504} INFO - Setting next_dagrun for example_params_ui_tutorial to None, run_after=None
[2023-07-25T16:13:12.926+0000] {processor.py:179} INFO - Processing /home/airflow/.local/lib/python3.9/site-packages/airflow/example_dags/example_params_ui_tutorial.py took 0.469 seconds
[2023-07-25T16:13:43.170+0000] {processor.py:157} INFO - Started process (PID=1408) to work on /home/airflow/.local/lib/python3.9/site-packages/airflow/example_dags/example_params_ui_tutorial.py
[2023-07-25T16:13:43.185+0000] {processor.py:826} INFO - Processing file /home/airflow/.local/lib/python3.9/site-packages/airflow/example_dags/example_params_ui_tutorial.py for tasks to queue
[2023-07-25T16:13:43.186+0000] {logging_mixin.py:150} INFO - [2023-07-25T16:13:43.186+0000] {dagbag.py:541} INFO - Filling up the DagBag from /home/airflow/.local/lib/python3.9/site-packages/airflow/example_dags/example_params_ui_tutorial.py
[2023-07-25T16:13:43.266+0000] {processor.py:836} INFO - DAG(s) dict_keys(['example_params_ui_tutorial']) retrieved from /home/airflow/.local/lib/python3.9/site-packages/airflow/example_dags/example_params_ui_tutorial.py
[2023-07-25T16:13:43.399+0000] {logging_mixin.py:150} INFO - [2023-07-25T16:13:43.399+0000] {dag.py:2742} INFO - Sync 1 DAGs
[2023-07-25T16:13:43.453+0000] {logging_mixin.py:150} INFO - [2023-07-25T16:13:43.452+0000] {dag.py:3504} INFO - Setting next_dagrun for example_params_ui_tutorial to None, run_after=None
[2023-07-25T16:13:43.482+0000] {processor.py:179} INFO - Processing /home/airflow/.local/lib/python3.9/site-packages/airflow/example_dags/example_params_ui_tutorial.py took 0.334 seconds
[2023-07-25T16:14:13.910+0000] {processor.py:157} INFO - Started process (PID=1469) to work on /home/airflow/.local/lib/python3.9/site-packages/airflow/example_dags/example_params_ui_tutorial.py
[2023-07-25T16:14:13.925+0000] {processor.py:826} INFO - Processing file /home/airflow/.local/lib/python3.9/site-packages/airflow/example_dags/example_params_ui_tutorial.py for tasks to queue
[2023-07-25T16:14:13.926+0000] {logging_mixin.py:150} INFO - [2023-07-25T16:14:13.926+0000] {dagbag.py:541} INFO - Filling up the DagBag from /home/airflow/.local/lib/python3.9/site-packages/airflow/example_dags/example_params_ui_tutorial.py
[2023-07-25T16:14:14.000+0000] {processor.py:836} INFO - DAG(s) dict_keys(['example_params_ui_tutorial']) retrieved from /home/airflow/.local/lib/python3.9/site-packages/airflow/example_dags/example_params_ui_tutorial.py
[2023-07-25T16:14:14.127+0000] {logging_mixin.py:150} INFO - [2023-07-25T16:14:14.127+0000] {dag.py:2742} INFO - Sync 1 DAGs
[2023-07-25T16:14:14.178+0000] {logging_mixin.py:150} INFO - [2023-07-25T16:14:14.178+0000] {dag.py:3504} INFO - Setting next_dagrun for example_params_ui_tutorial to None, run_after=None
[2023-07-25T16:14:14.225+0000] {processor.py:179} INFO - Processing /home/airflow/.local/lib/python3.9/site-packages/airflow/example_dags/example_params_ui_tutorial.py took 0.320 seconds
[2023-07-25T16:14:44.412+0000] {processor.py:157} INFO - Started process (PID=1530) to work on /home/airflow/.local/lib/python3.9/site-packages/airflow/example_dags/example_params_ui_tutorial.py
[2023-07-25T16:14:44.425+0000] {processor.py:826} INFO - Processing file /home/airflow/.local/lib/python3.9/site-packages/airflow/example_dags/example_params_ui_tutorial.py for tasks to queue
[2023-07-25T16:14:44.426+0000] {logging_mixin.py:150} INFO - [2023-07-25T16:14:44.426+0000] {dagbag.py:541} INFO - Filling up the DagBag from /home/airflow/.local/lib/python3.9/site-packages/airflow/example_dags/example_params_ui_tutorial.py
[2023-07-25T16:14:44.483+0000] {processor.py:836} INFO - DAG(s) dict_keys(['example_params_ui_tutorial']) retrieved from /home/airflow/.local/lib/python3.9/site-packages/airflow/example_dags/example_params_ui_tutorial.py
[2023-07-25T16:14:44.586+0000] {logging_mixin.py:150} INFO - [2023-07-25T16:14:44.586+0000] {dag.py:2742} INFO - Sync 1 DAGs
[2023-07-25T16:14:44.640+0000] {logging_mixin.py:150} INFO - [2023-07-25T16:14:44.639+0000] {dag.py:3504} INFO - Setting next_dagrun for example_params_ui_tutorial to None, run_after=None
[2023-07-25T16:14:44.688+0000] {processor.py:179} INFO - Processing /home/airflow/.local/lib/python3.9/site-packages/airflow/example_dags/example_params_ui_tutorial.py took 0.281 seconds
[2023-07-25T16:15:15.191+0000] {processor.py:157} INFO - Started process (PID=1590) to work on /home/airflow/.local/lib/python3.9/site-packages/airflow/example_dags/example_params_ui_tutorial.py
[2023-07-25T16:15:15.214+0000] {processor.py:826} INFO - Processing file /home/airflow/.local/lib/python3.9/site-packages/airflow/example_dags/example_params_ui_tutorial.py for tasks to queue
[2023-07-25T16:15:15.217+0000] {logging_mixin.py:150} INFO - [2023-07-25T16:15:15.217+0000] {dagbag.py:541} INFO - Filling up the DagBag from /home/airflow/.local/lib/python3.9/site-packages/airflow/example_dags/example_params_ui_tutorial.py
[2023-07-25T16:15:15.295+0000] {processor.py:836} INFO - DAG(s) dict_keys(['example_params_ui_tutorial']) retrieved from /home/airflow/.local/lib/python3.9/site-packages/airflow/example_dags/example_params_ui_tutorial.py
[2023-07-25T16:15:15.391+0000] {logging_mixin.py:150} INFO - [2023-07-25T16:15:15.391+0000] {dag.py:2742} INFO - Sync 1 DAGs
[2023-07-25T16:15:15.461+0000] {logging_mixin.py:150} INFO - [2023-07-25T16:15:15.461+0000] {dag.py:3504} INFO - Setting next_dagrun for example_params_ui_tutorial to None, run_after=None
[2023-07-25T16:15:15.495+0000] {processor.py:179} INFO - Processing /home/airflow/.local/lib/python3.9/site-packages/airflow/example_dags/example_params_ui_tutorial.py took 0.309 seconds
[2023-07-25T16:15:45.854+0000] {processor.py:157} INFO - Started process (PID=1652) to work on /home/airflow/.local/lib/python3.9/site-packages/airflow/example_dags/example_params_ui_tutorial.py
[2023-07-25T16:15:45.864+0000] {processor.py:826} INFO - Processing file /home/airflow/.local/lib/python3.9/site-packages/airflow/example_dags/example_params_ui_tutorial.py for tasks to queue
[2023-07-25T16:15:45.865+0000] {logging_mixin.py:150} INFO - [2023-07-25T16:15:45.865+0000] {dagbag.py:541} INFO - Filling up the DagBag from /home/airflow/.local/lib/python3.9/site-packages/airflow/example_dags/example_params_ui_tutorial.py
[2023-07-25T16:15:45.996+0000] {processor.py:836} INFO - DAG(s) dict_keys(['example_params_ui_tutorial']) retrieved from /home/airflow/.local/lib/python3.9/site-packages/airflow/example_dags/example_params_ui_tutorial.py
[2023-07-25T16:15:46.176+0000] {logging_mixin.py:150} INFO - [2023-07-25T16:15:46.175+0000] {dag.py:2742} INFO - Sync 1 DAGs
[2023-07-25T16:15:46.287+0000] {logging_mixin.py:150} INFO - [2023-07-25T16:15:46.287+0000] {dag.py:3504} INFO - Setting next_dagrun for example_params_ui_tutorial to None, run_after=None
[2023-07-25T16:15:46.385+0000] {processor.py:179} INFO - Processing /home/airflow/.local/lib/python3.9/site-packages/airflow/example_dags/example_params_ui_tutorial.py took 0.536 seconds
[2023-07-25T16:16:17.108+0000] {processor.py:157} INFO - Started process (PID=1715) to work on /home/airflow/.local/lib/python3.9/site-packages/airflow/example_dags/example_params_ui_tutorial.py
[2023-07-25T16:16:17.115+0000] {processor.py:826} INFO - Processing file /home/airflow/.local/lib/python3.9/site-packages/airflow/example_dags/example_params_ui_tutorial.py for tasks to queue
[2023-07-25T16:16:17.116+0000] {logging_mixin.py:150} INFO - [2023-07-25T16:16:17.116+0000] {dagbag.py:541} INFO - Filling up the DagBag from /home/airflow/.local/lib/python3.9/site-packages/airflow/example_dags/example_params_ui_tutorial.py
[2023-07-25T16:16:17.190+0000] {processor.py:836} INFO - DAG(s) dict_keys(['example_params_ui_tutorial']) retrieved from /home/airflow/.local/lib/python3.9/site-packages/airflow/example_dags/example_params_ui_tutorial.py
[2023-07-25T16:16:17.300+0000] {logging_mixin.py:150} INFO - [2023-07-25T16:16:17.299+0000] {dag.py:2742} INFO - Sync 1 DAGs
[2023-07-25T16:16:17.382+0000] {logging_mixin.py:150} INFO - [2023-07-25T16:16:17.381+0000] {dag.py:3504} INFO - Setting next_dagrun for example_params_ui_tutorial to None, run_after=None
[2023-07-25T16:16:17.441+0000] {processor.py:179} INFO - Processing /home/airflow/.local/lib/python3.9/site-packages/airflow/example_dags/example_params_ui_tutorial.py took 0.348 seconds
[2023-07-25T16:16:48.289+0000] {processor.py:157} INFO - Started process (PID=1777) to work on /home/airflow/.local/lib/python3.9/site-packages/airflow/example_dags/example_params_ui_tutorial.py
[2023-07-25T16:16:48.295+0000] {processor.py:826} INFO - Processing file /home/airflow/.local/lib/python3.9/site-packages/airflow/example_dags/example_params_ui_tutorial.py for tasks to queue
[2023-07-25T16:16:48.296+0000] {logging_mixin.py:150} INFO - [2023-07-25T16:16:48.296+0000] {dagbag.py:541} INFO - Filling up the DagBag from /home/airflow/.local/lib/python3.9/site-packages/airflow/example_dags/example_params_ui_tutorial.py
[2023-07-25T16:16:48.385+0000] {processor.py:836} INFO - DAG(s) dict_keys(['example_params_ui_tutorial']) retrieved from /home/airflow/.local/lib/python3.9/site-packages/airflow/example_dags/example_params_ui_tutorial.py
[2023-07-25T16:16:48.445+0000] {logging_mixin.py:150} INFO - [2023-07-25T16:16:48.445+0000] {dag.py:2742} INFO - Sync 1 DAGs
[2023-07-25T16:16:48.506+0000] {logging_mixin.py:150} INFO - [2023-07-25T16:16:48.505+0000] {dag.py:3504} INFO - Setting next_dagrun for example_params_ui_tutorial to None, run_after=None
[2023-07-25T16:16:48.556+0000] {processor.py:179} INFO - Processing /home/airflow/.local/lib/python3.9/site-packages/airflow/example_dags/example_params_ui_tutorial.py took 0.272 seconds
[2023-07-25T16:17:18.895+0000] {processor.py:157} INFO - Started process (PID=1839) to work on /home/airflow/.local/lib/python3.9/site-packages/airflow/example_dags/example_params_ui_tutorial.py
[2023-07-25T16:17:18.898+0000] {processor.py:826} INFO - Processing file /home/airflow/.local/lib/python3.9/site-packages/airflow/example_dags/example_params_ui_tutorial.py for tasks to queue
[2023-07-25T16:17:18.899+0000] {logging_mixin.py:150} INFO - [2023-07-25T16:17:18.898+0000] {dagbag.py:541} INFO - Filling up the DagBag from /home/airflow/.local/lib/python3.9/site-packages/airflow/example_dags/example_params_ui_tutorial.py
[2023-07-25T16:17:18.970+0000] {processor.py:836} INFO - DAG(s) dict_keys(['example_params_ui_tutorial']) retrieved from /home/airflow/.local/lib/python3.9/site-packages/airflow/example_dags/example_params_ui_tutorial.py
[2023-07-25T16:17:19.125+0000] {logging_mixin.py:150} INFO - [2023-07-25T16:17:19.124+0000] {dag.py:2742} INFO - Sync 1 DAGs
[2023-07-25T16:17:19.166+0000] {logging_mixin.py:150} INFO - [2023-07-25T16:17:19.166+0000] {dag.py:3504} INFO - Setting next_dagrun for example_params_ui_tutorial to None, run_after=None
[2023-07-25T16:17:19.190+0000] {processor.py:179} INFO - Processing /home/airflow/.local/lib/python3.9/site-packages/airflow/example_dags/example_params_ui_tutorial.py took 0.310 seconds
[2023-07-25T16:17:49.330+0000] {processor.py:157} INFO - Started process (PID=1901) to work on /home/airflow/.local/lib/python3.9/site-packages/airflow/example_dags/example_params_ui_tutorial.py
[2023-07-25T16:17:49.345+0000] {processor.py:826} INFO - Processing file /home/airflow/.local/lib/python3.9/site-packages/airflow/example_dags/example_params_ui_tutorial.py for tasks to queue
[2023-07-25T16:17:49.346+0000] {logging_mixin.py:150} INFO - [2023-07-25T16:17:49.346+0000] {dagbag.py:541} INFO - Filling up the DagBag from /home/airflow/.local/lib/python3.9/site-packages/airflow/example_dags/example_params_ui_tutorial.py
[2023-07-25T16:17:49.439+0000] {processor.py:836} INFO - DAG(s) dict_keys(['example_params_ui_tutorial']) retrieved from /home/airflow/.local/lib/python3.9/site-packages/airflow/example_dags/example_params_ui_tutorial.py
[2023-07-25T16:17:49.596+0000] {logging_mixin.py:150} INFO - [2023-07-25T16:17:49.596+0000] {dag.py:2742} INFO - Sync 1 DAGs
[2023-07-25T16:17:49.622+0000] {logging_mixin.py:150} INFO - [2023-07-25T16:17:49.622+0000] {dag.py:3504} INFO - Setting next_dagrun for example_params_ui_tutorial to None, run_after=None
[2023-07-25T16:17:49.659+0000] {processor.py:179} INFO - Processing /home/airflow/.local/lib/python3.9/site-packages/airflow/example_dags/example_params_ui_tutorial.py took 0.333 seconds
[2023-07-25T16:18:20.014+0000] {processor.py:157} INFO - Started process (PID=1962) to work on /home/airflow/.local/lib/python3.9/site-packages/airflow/example_dags/example_params_ui_tutorial.py
[2023-07-25T16:18:20.095+0000] {processor.py:826} INFO - Processing file /home/airflow/.local/lib/python3.9/site-packages/airflow/example_dags/example_params_ui_tutorial.py for tasks to queue
[2023-07-25T16:18:20.096+0000] {logging_mixin.py:150} INFO - [2023-07-25T16:18:20.096+0000] {dagbag.py:541} INFO - Filling up the DagBag from /home/airflow/.local/lib/python3.9/site-packages/airflow/example_dags/example_params_ui_tutorial.py
[2023-07-25T16:18:20.302+0000] {processor.py:836} INFO - DAG(s) dict_keys(['example_params_ui_tutorial']) retrieved from /home/airflow/.local/lib/python3.9/site-packages/airflow/example_dags/example_params_ui_tutorial.py
[2023-07-25T16:18:20.566+0000] {logging_mixin.py:150} INFO - [2023-07-25T16:18:20.566+0000] {dag.py:2742} INFO - Sync 1 DAGs
[2023-07-25T16:18:20.665+0000] {logging_mixin.py:150} INFO - [2023-07-25T16:18:20.665+0000] {dag.py:3504} INFO - Setting next_dagrun for example_params_ui_tutorial to None, run_after=None
[2023-07-25T16:18:20.756+0000] {processor.py:179} INFO - Processing /home/airflow/.local/lib/python3.9/site-packages/airflow/example_dags/example_params_ui_tutorial.py took 0.746 seconds
[2023-07-25T16:18:51.145+0000] {processor.py:157} INFO - Started process (PID=2024) to work on /home/airflow/.local/lib/python3.9/site-packages/airflow/example_dags/example_params_ui_tutorial.py
[2023-07-25T16:18:51.152+0000] {processor.py:826} INFO - Processing file /home/airflow/.local/lib/python3.9/site-packages/airflow/example_dags/example_params_ui_tutorial.py for tasks to queue
[2023-07-25T16:18:51.154+0000] {logging_mixin.py:150} INFO - [2023-07-25T16:18:51.154+0000] {dagbag.py:541} INFO - Filling up the DagBag from /home/airflow/.local/lib/python3.9/site-packages/airflow/example_dags/example_params_ui_tutorial.py
[2023-07-25T16:18:51.193+0000] {processor.py:836} INFO - DAG(s) dict_keys(['example_params_ui_tutorial']) retrieved from /home/airflow/.local/lib/python3.9/site-packages/airflow/example_dags/example_params_ui_tutorial.py
[2023-07-25T16:18:51.245+0000] {logging_mixin.py:150} INFO - [2023-07-25T16:18:51.245+0000] {dag.py:2742} INFO - Sync 1 DAGs
[2023-07-25T16:18:51.273+0000] {logging_mixin.py:150} INFO - [2023-07-25T16:18:51.273+0000] {dag.py:3504} INFO - Setting next_dagrun for example_params_ui_tutorial to None, run_after=None
[2023-07-25T16:18:51.296+0000] {processor.py:179} INFO - Processing /home/airflow/.local/lib/python3.9/site-packages/airflow/example_dags/example_params_ui_tutorial.py took 0.157 seconds
[2023-07-25T16:19:21.939+0000] {processor.py:157} INFO - Started process (PID=2083) to work on /home/airflow/.local/lib/python3.9/site-packages/airflow/example_dags/example_params_ui_tutorial.py
[2023-07-25T16:19:21.941+0000] {processor.py:826} INFO - Processing file /home/airflow/.local/lib/python3.9/site-packages/airflow/example_dags/example_params_ui_tutorial.py for tasks to queue
[2023-07-25T16:19:21.942+0000] {logging_mixin.py:150} INFO - [2023-07-25T16:19:21.942+0000] {dagbag.py:541} INFO - Filling up the DagBag from /home/airflow/.local/lib/python3.9/site-packages/airflow/example_dags/example_params_ui_tutorial.py
[2023-07-25T16:19:22.029+0000] {processor.py:836} INFO - DAG(s) dict_keys(['example_params_ui_tutorial']) retrieved from /home/airflow/.local/lib/python3.9/site-packages/airflow/example_dags/example_params_ui_tutorial.py
[2023-07-25T16:19:22.137+0000] {logging_mixin.py:150} INFO - [2023-07-25T16:19:22.137+0000] {dag.py:2742} INFO - Sync 1 DAGs
[2023-07-25T16:19:22.165+0000] {logging_mixin.py:150} INFO - [2023-07-25T16:19:22.164+0000] {dag.py:3504} INFO - Setting next_dagrun for example_params_ui_tutorial to None, run_after=None
[2023-07-25T16:19:22.200+0000] {processor.py:179} INFO - Processing /home/airflow/.local/lib/python3.9/site-packages/airflow/example_dags/example_params_ui_tutorial.py took 0.266 seconds
[2023-07-25T16:19:52.474+0000] {processor.py:157} INFO - Started process (PID=2144) to work on /home/airflow/.local/lib/python3.9/site-packages/airflow/example_dags/example_params_ui_tutorial.py
[2023-07-25T16:19:52.476+0000] {processor.py:826} INFO - Processing file /home/airflow/.local/lib/python3.9/site-packages/airflow/example_dags/example_params_ui_tutorial.py for tasks to queue
[2023-07-25T16:19:52.477+0000] {logging_mixin.py:150} INFO - [2023-07-25T16:19:52.477+0000] {dagbag.py:541} INFO - Filling up the DagBag from /home/airflow/.local/lib/python3.9/site-packages/airflow/example_dags/example_params_ui_tutorial.py
[2023-07-25T16:19:52.523+0000] {processor.py:836} INFO - DAG(s) dict_keys(['example_params_ui_tutorial']) retrieved from /home/airflow/.local/lib/python3.9/site-packages/airflow/example_dags/example_params_ui_tutorial.py
[2023-07-25T16:19:52.584+0000] {logging_mixin.py:150} INFO - [2023-07-25T16:19:52.584+0000] {dag.py:2742} INFO - Sync 1 DAGs
[2023-07-25T16:19:52.611+0000] {logging_mixin.py:150} INFO - [2023-07-25T16:19:52.611+0000] {dag.py:3504} INFO - Setting next_dagrun for example_params_ui_tutorial to None, run_after=None
[2023-07-25T16:19:52.635+0000] {processor.py:179} INFO - Processing /home/airflow/.local/lib/python3.9/site-packages/airflow/example_dags/example_params_ui_tutorial.py took 0.165 seconds
[2023-07-25T16:20:23.454+0000] {processor.py:157} INFO - Started process (PID=2205) to work on /home/airflow/.local/lib/python3.9/site-packages/airflow/example_dags/example_params_ui_tutorial.py
[2023-07-25T16:20:23.476+0000] {processor.py:826} INFO - Processing file /home/airflow/.local/lib/python3.9/site-packages/airflow/example_dags/example_params_ui_tutorial.py for tasks to queue
[2023-07-25T16:20:23.477+0000] {logging_mixin.py:150} INFO - [2023-07-25T16:20:23.477+0000] {dagbag.py:541} INFO - Filling up the DagBag from /home/airflow/.local/lib/python3.9/site-packages/airflow/example_dags/example_params_ui_tutorial.py
[2023-07-25T16:20:23.607+0000] {processor.py:836} INFO - DAG(s) dict_keys(['example_params_ui_tutorial']) retrieved from /home/airflow/.local/lib/python3.9/site-packages/airflow/example_dags/example_params_ui_tutorial.py
[2023-07-25T16:20:23.746+0000] {logging_mixin.py:150} INFO - [2023-07-25T16:20:23.746+0000] {dag.py:2742} INFO - Sync 1 DAGs
[2023-07-25T16:20:23.826+0000] {logging_mixin.py:150} INFO - [2023-07-25T16:20:23.825+0000] {dag.py:3504} INFO - Setting next_dagrun for example_params_ui_tutorial to None, run_after=None
[2023-07-25T16:20:23.885+0000] {processor.py:179} INFO - Processing /home/airflow/.local/lib/python3.9/site-packages/airflow/example_dags/example_params_ui_tutorial.py took 0.436 seconds
[2023-07-25T16:20:54.784+0000] {processor.py:157} INFO - Started process (PID=2267) to work on /home/airflow/.local/lib/python3.9/site-packages/airflow/example_dags/example_params_ui_tutorial.py
[2023-07-25T16:20:54.803+0000] {processor.py:826} INFO - Processing file /home/airflow/.local/lib/python3.9/site-packages/airflow/example_dags/example_params_ui_tutorial.py for tasks to queue
[2023-07-25T16:20:54.804+0000] {logging_mixin.py:150} INFO - [2023-07-25T16:20:54.804+0000] {dagbag.py:541} INFO - Filling up the DagBag from /home/airflow/.local/lib/python3.9/site-packages/airflow/example_dags/example_params_ui_tutorial.py
[2023-07-25T16:20:54.883+0000] {processor.py:836} INFO - DAG(s) dict_keys(['example_params_ui_tutorial']) retrieved from /home/airflow/.local/lib/python3.9/site-packages/airflow/example_dags/example_params_ui_tutorial.py
[2023-07-25T16:20:55.046+0000] {logging_mixin.py:150} INFO - [2023-07-25T16:20:55.045+0000] {dag.py:2742} INFO - Sync 1 DAGs
[2023-07-25T16:20:55.105+0000] {logging_mixin.py:150} INFO - [2023-07-25T16:20:55.105+0000] {dag.py:3504} INFO - Setting next_dagrun for example_params_ui_tutorial to None, run_after=None
[2023-07-25T16:20:55.159+0000] {processor.py:179} INFO - Processing /home/airflow/.local/lib/python3.9/site-packages/airflow/example_dags/example_params_ui_tutorial.py took 0.380 seconds
[2023-07-25T16:21:25.931+0000] {processor.py:157} INFO - Started process (PID=2328) to work on /home/airflow/.local/lib/python3.9/site-packages/airflow/example_dags/example_params_ui_tutorial.py
[2023-07-25T16:21:25.945+0000] {processor.py:826} INFO - Processing file /home/airflow/.local/lib/python3.9/site-packages/airflow/example_dags/example_params_ui_tutorial.py for tasks to queue
[2023-07-25T16:21:25.946+0000] {logging_mixin.py:150} INFO - [2023-07-25T16:21:25.946+0000] {dagbag.py:541} INFO - Filling up the DagBag from /home/airflow/.local/lib/python3.9/site-packages/airflow/example_dags/example_params_ui_tutorial.py
[2023-07-25T16:21:26.040+0000] {processor.py:836} INFO - DAG(s) dict_keys(['example_params_ui_tutorial']) retrieved from /home/airflow/.local/lib/python3.9/site-packages/airflow/example_dags/example_params_ui_tutorial.py
[2023-07-25T16:21:26.140+0000] {logging_mixin.py:150} INFO - [2023-07-25T16:21:26.140+0000] {dag.py:2742} INFO - Sync 1 DAGs
[2023-07-25T16:21:26.199+0000] {logging_mixin.py:150} INFO - [2023-07-25T16:21:26.199+0000] {dag.py:3504} INFO - Setting next_dagrun for example_params_ui_tutorial to None, run_after=None
[2023-07-25T16:21:26.238+0000] {processor.py:179} INFO - Processing /home/airflow/.local/lib/python3.9/site-packages/airflow/example_dags/example_params_ui_tutorial.py took 0.312 seconds
[2023-07-25T16:21:56.472+0000] {processor.py:157} INFO - Started process (PID=2390) to work on /home/airflow/.local/lib/python3.9/site-packages/airflow/example_dags/example_params_ui_tutorial.py
[2023-07-25T16:21:56.475+0000] {processor.py:826} INFO - Processing file /home/airflow/.local/lib/python3.9/site-packages/airflow/example_dags/example_params_ui_tutorial.py for tasks to queue
[2023-07-25T16:21:56.476+0000] {logging_mixin.py:150} INFO - [2023-07-25T16:21:56.475+0000] {dagbag.py:541} INFO - Filling up the DagBag from /home/airflow/.local/lib/python3.9/site-packages/airflow/example_dags/example_params_ui_tutorial.py
[2023-07-25T16:21:56.557+0000] {processor.py:836} INFO - DAG(s) dict_keys(['example_params_ui_tutorial']) retrieved from /home/airflow/.local/lib/python3.9/site-packages/airflow/example_dags/example_params_ui_tutorial.py
[2023-07-25T16:21:56.661+0000] {logging_mixin.py:150} INFO - [2023-07-25T16:21:56.660+0000] {dag.py:2742} INFO - Sync 1 DAGs
[2023-07-25T16:21:56.720+0000] {logging_mixin.py:150} INFO - [2023-07-25T16:21:56.719+0000] {dag.py:3504} INFO - Setting next_dagrun for example_params_ui_tutorial to None, run_after=None
[2023-07-25T16:21:56.777+0000] {processor.py:179} INFO - Processing /home/airflow/.local/lib/python3.9/site-packages/airflow/example_dags/example_params_ui_tutorial.py took 0.310 seconds
[2023-07-25T16:22:27.515+0000] {processor.py:157} INFO - Started process (PID=2452) to work on /home/airflow/.local/lib/python3.9/site-packages/airflow/example_dags/example_params_ui_tutorial.py
[2023-07-25T16:22:27.530+0000] {processor.py:826} INFO - Processing file /home/airflow/.local/lib/python3.9/site-packages/airflow/example_dags/example_params_ui_tutorial.py for tasks to queue
[2023-07-25T16:22:27.531+0000] {logging_mixin.py:150} INFO - [2023-07-25T16:22:27.531+0000] {dagbag.py:541} INFO - Filling up the DagBag from /home/airflow/.local/lib/python3.9/site-packages/airflow/example_dags/example_params_ui_tutorial.py
[2023-07-25T16:22:27.614+0000] {processor.py:836} INFO - DAG(s) dict_keys(['example_params_ui_tutorial']) retrieved from /home/airflow/.local/lib/python3.9/site-packages/airflow/example_dags/example_params_ui_tutorial.py
[2023-07-25T16:22:27.758+0000] {logging_mixin.py:150} INFO - [2023-07-25T16:22:27.758+0000] {dag.py:2742} INFO - Sync 1 DAGs
[2023-07-25T16:22:27.876+0000] {logging_mixin.py:150} INFO - [2023-07-25T16:22:27.876+0000] {dag.py:3504} INFO - Setting next_dagrun for example_params_ui_tutorial to None, run_after=None
[2023-07-25T16:22:27.962+0000] {processor.py:179} INFO - Processing /home/airflow/.local/lib/python3.9/site-packages/airflow/example_dags/example_params_ui_tutorial.py took 0.459 seconds
[2023-07-25T16:23:03.104+0000] {processor.py:157} INFO - Started process (PID=2514) to work on /home/airflow/.local/lib/python3.9/site-packages/airflow/example_dags/example_params_ui_tutorial.py
[2023-07-25T16:23:03.167+0000] {processor.py:826} INFO - Processing file /home/airflow/.local/lib/python3.9/site-packages/airflow/example_dags/example_params_ui_tutorial.py for tasks to queue
[2023-07-25T16:23:03.168+0000] {logging_mixin.py:150} INFO - [2023-07-25T16:23:03.168+0000] {dagbag.py:541} INFO - Filling up the DagBag from /home/airflow/.local/lib/python3.9/site-packages/airflow/example_dags/example_params_ui_tutorial.py
[2023-07-25T16:23:03.466+0000] {processor.py:836} INFO - DAG(s) dict_keys(['example_params_ui_tutorial']) retrieved from /home/airflow/.local/lib/python3.9/site-packages/airflow/example_dags/example_params_ui_tutorial.py
[2023-07-25T16:23:03.766+0000] {logging_mixin.py:150} INFO - [2023-07-25T16:23:03.765+0000] {dag.py:2742} INFO - Sync 1 DAGs
[2023-07-25T16:23:03.916+0000] {logging_mixin.py:150} INFO - [2023-07-25T16:23:03.916+0000] {dag.py:3504} INFO - Setting next_dagrun for example_params_ui_tutorial to None, run_after=None
[2023-07-25T16:23:04.179+0000] {processor.py:179} INFO - Processing /home/airflow/.local/lib/python3.9/site-packages/airflow/example_dags/example_params_ui_tutorial.py took 1.080 seconds
[2023-07-25T16:23:35.083+0000] {processor.py:157} INFO - Started process (PID=2576) to work on /home/airflow/.local/lib/python3.9/site-packages/airflow/example_dags/example_params_ui_tutorial.py
[2023-07-25T16:23:35.101+0000] {processor.py:826} INFO - Processing file /home/airflow/.local/lib/python3.9/site-packages/airflow/example_dags/example_params_ui_tutorial.py for tasks to queue
[2023-07-25T16:23:35.102+0000] {logging_mixin.py:150} INFO - [2023-07-25T16:23:35.101+0000] {dagbag.py:541} INFO - Filling up the DagBag from /home/airflow/.local/lib/python3.9/site-packages/airflow/example_dags/example_params_ui_tutorial.py
[2023-07-25T16:23:35.168+0000] {processor.py:836} INFO - DAG(s) dict_keys(['example_params_ui_tutorial']) retrieved from /home/airflow/.local/lib/python3.9/site-packages/airflow/example_dags/example_params_ui_tutorial.py
[2023-07-25T16:23:35.422+0000] {logging_mixin.py:150} INFO - [2023-07-25T16:23:35.422+0000] {dag.py:2742} INFO - Sync 1 DAGs
[2023-07-25T16:23:35.473+0000] {logging_mixin.py:150} INFO - [2023-07-25T16:23:35.472+0000] {dag.py:3504} INFO - Setting next_dagrun for example_params_ui_tutorial to None, run_after=None
[2023-07-25T16:23:35.555+0000] {processor.py:179} INFO - Processing /home/airflow/.local/lib/python3.9/site-packages/airflow/example_dags/example_params_ui_tutorial.py took 0.476 seconds
[2023-07-25T16:24:05.654+0000] {processor.py:157} INFO - Started process (PID=2638) to work on /home/airflow/.local/lib/python3.9/site-packages/airflow/example_dags/example_params_ui_tutorial.py
[2023-07-25T16:24:05.676+0000] {processor.py:826} INFO - Processing file /home/airflow/.local/lib/python3.9/site-packages/airflow/example_dags/example_params_ui_tutorial.py for tasks to queue
[2023-07-25T16:24:05.677+0000] {logging_mixin.py:150} INFO - [2023-07-25T16:24:05.677+0000] {dagbag.py:541} INFO - Filling up the DagBag from /home/airflow/.local/lib/python3.9/site-packages/airflow/example_dags/example_params_ui_tutorial.py
[2023-07-25T16:24:05.839+0000] {processor.py:836} INFO - DAG(s) dict_keys(['example_params_ui_tutorial']) retrieved from /home/airflow/.local/lib/python3.9/site-packages/airflow/example_dags/example_params_ui_tutorial.py
[2023-07-25T16:24:05.981+0000] {logging_mixin.py:150} INFO - [2023-07-25T16:24:05.980+0000] {dag.py:2742} INFO - Sync 1 DAGs
[2023-07-25T16:24:06.054+0000] {logging_mixin.py:150} INFO - [2023-07-25T16:24:06.053+0000] {dag.py:3504} INFO - Setting next_dagrun for example_params_ui_tutorial to None, run_after=None
[2023-07-25T16:24:06.165+0000] {processor.py:179} INFO - Processing /home/airflow/.local/lib/python3.9/site-packages/airflow/example_dags/example_params_ui_tutorial.py took 0.516 seconds
