[2023-07-25T16:02:25.544+0000] {processor.py:157} INFO - Started process (PID=67) to work on /home/airflow/.local/lib/python3.9/site-packages/airflow/example_dags/example_sensor_decorator.py
[2023-07-25T16:02:25.563+0000] {processor.py:826} INFO - Processing file /home/airflow/.local/lib/python3.9/site-packages/airflow/example_dags/example_sensor_decorator.py for tasks to queue
[2023-07-25T16:02:25.565+0000] {logging_mixin.py:150} INFO - [2023-07-25T16:02:25.564+0000] {dagbag.py:541} INFO - Filling up the DagBag from /home/airflow/.local/lib/python3.9/site-packages/airflow/example_dags/example_sensor_decorator.py
[2023-07-25T16:02:25.592+0000] {processor.py:836} INFO - DAG(s) dict_keys(['example_sensor_decorator']) retrieved from /home/airflow/.local/lib/python3.9/site-packages/airflow/example_dags/example_sensor_decorator.py
[2023-07-25T16:02:25.640+0000] {logging_mixin.py:150} INFO - [2023-07-25T16:02:25.639+0000] {dag.py:2742} INFO - Sync 1 DAGs
[2023-07-25T16:02:26.059+0000] {logging_mixin.py:150} INFO - [2023-07-25T16:02:26.059+0000] {dag.py:3504} INFO - Setting next_dagrun for example_sensor_decorator to None, run_after=None
[2023-07-25T16:02:26.133+0000] {processor.py:179} INFO - Processing /home/airflow/.local/lib/python3.9/site-packages/airflow/example_dags/example_sensor_decorator.py took 0.594 seconds
[2023-07-25T16:02:57.023+0000] {processor.py:157} INFO - Started process (PID=128) to work on /home/airflow/.local/lib/python3.9/site-packages/airflow/example_dags/example_sensor_decorator.py
[2023-07-25T16:02:57.066+0000] {processor.py:826} INFO - Processing file /home/airflow/.local/lib/python3.9/site-packages/airflow/example_dags/example_sensor_decorator.py for tasks to queue
[2023-07-25T16:02:57.068+0000] {logging_mixin.py:150} INFO - [2023-07-25T16:02:57.067+0000] {dagbag.py:541} INFO - Filling up the DagBag from /home/airflow/.local/lib/python3.9/site-packages/airflow/example_dags/example_sensor_decorator.py
[2023-07-25T16:02:57.092+0000] {processor.py:836} INFO - DAG(s) dict_keys(['example_sensor_decorator']) retrieved from /home/airflow/.local/lib/python3.9/site-packages/airflow/example_dags/example_sensor_decorator.py
[2023-07-25T16:02:57.167+0000] {logging_mixin.py:150} INFO - [2023-07-25T16:02:57.167+0000] {dag.py:2742} INFO - Sync 1 DAGs
[2023-07-25T16:02:57.266+0000] {logging_mixin.py:150} INFO - [2023-07-25T16:02:57.265+0000] {dag.py:3504} INFO - Setting next_dagrun for example_sensor_decorator to None, run_after=None
[2023-07-25T16:02:57.342+0000] {processor.py:179} INFO - Processing /home/airflow/.local/lib/python3.9/site-packages/airflow/example_dags/example_sensor_decorator.py took 0.324 seconds
[2023-07-25T16:03:28.096+0000] {processor.py:157} INFO - Started process (PID=189) to work on /home/airflow/.local/lib/python3.9/site-packages/airflow/example_dags/example_sensor_decorator.py
[2023-07-25T16:03:28.106+0000] {processor.py:826} INFO - Processing file /home/airflow/.local/lib/python3.9/site-packages/airflow/example_dags/example_sensor_decorator.py for tasks to queue
[2023-07-25T16:03:28.107+0000] {logging_mixin.py:150} INFO - [2023-07-25T16:03:28.107+0000] {dagbag.py:541} INFO - Filling up the DagBag from /home/airflow/.local/lib/python3.9/site-packages/airflow/example_dags/example_sensor_decorator.py
[2023-07-25T16:03:28.131+0000] {processor.py:836} INFO - DAG(s) dict_keys(['example_sensor_decorator']) retrieved from /home/airflow/.local/lib/python3.9/site-packages/airflow/example_dags/example_sensor_decorator.py
[2023-07-25T16:03:28.179+0000] {logging_mixin.py:150} INFO - [2023-07-25T16:03:28.179+0000] {dag.py:2742} INFO - Sync 1 DAGs
[2023-07-25T16:03:28.235+0000] {logging_mixin.py:150} INFO - [2023-07-25T16:03:28.235+0000] {dag.py:3504} INFO - Setting next_dagrun for example_sensor_decorator to None, run_after=None
[2023-07-25T16:03:28.285+0000] {processor.py:179} INFO - Processing /home/airflow/.local/lib/python3.9/site-packages/airflow/example_dags/example_sensor_decorator.py took 0.193 seconds
[2023-07-25T16:03:58.814+0000] {processor.py:157} INFO - Started process (PID=252) to work on /home/airflow/.local/lib/python3.9/site-packages/airflow/example_dags/example_sensor_decorator.py
[2023-07-25T16:03:58.835+0000] {processor.py:826} INFO - Processing file /home/airflow/.local/lib/python3.9/site-packages/airflow/example_dags/example_sensor_decorator.py for tasks to queue
[2023-07-25T16:03:58.836+0000] {logging_mixin.py:150} INFO - [2023-07-25T16:03:58.836+0000] {dagbag.py:541} INFO - Filling up the DagBag from /home/airflow/.local/lib/python3.9/site-packages/airflow/example_dags/example_sensor_decorator.py
[2023-07-25T16:03:58.866+0000] {processor.py:836} INFO - DAG(s) dict_keys(['example_sensor_decorator']) retrieved from /home/airflow/.local/lib/python3.9/site-packages/airflow/example_dags/example_sensor_decorator.py
[2023-07-25T16:03:58.945+0000] {logging_mixin.py:150} INFO - [2023-07-25T16:03:58.945+0000] {dag.py:2742} INFO - Sync 1 DAGs
[2023-07-25T16:03:59.036+0000] {logging_mixin.py:150} INFO - [2023-07-25T16:03:59.035+0000] {dag.py:3504} INFO - Setting next_dagrun for example_sensor_decorator to None, run_after=None
[2023-07-25T16:03:59.095+0000] {processor.py:179} INFO - Processing /home/airflow/.local/lib/python3.9/site-packages/airflow/example_dags/example_sensor_decorator.py took 0.286 seconds
[2023-07-25T16:04:29.360+0000] {processor.py:157} INFO - Started process (PID=314) to work on /home/airflow/.local/lib/python3.9/site-packages/airflow/example_dags/example_sensor_decorator.py
[2023-07-25T16:04:29.365+0000] {processor.py:826} INFO - Processing file /home/airflow/.local/lib/python3.9/site-packages/airflow/example_dags/example_sensor_decorator.py for tasks to queue
[2023-07-25T16:04:29.366+0000] {logging_mixin.py:150} INFO - [2023-07-25T16:04:29.365+0000] {dagbag.py:541} INFO - Filling up the DagBag from /home/airflow/.local/lib/python3.9/site-packages/airflow/example_dags/example_sensor_decorator.py
[2023-07-25T16:04:29.399+0000] {processor.py:836} INFO - DAG(s) dict_keys(['example_sensor_decorator']) retrieved from /home/airflow/.local/lib/python3.9/site-packages/airflow/example_dags/example_sensor_decorator.py
[2023-07-25T16:04:29.451+0000] {logging_mixin.py:150} INFO - [2023-07-25T16:04:29.450+0000] {dag.py:2742} INFO - Sync 1 DAGs
[2023-07-25T16:04:29.529+0000] {logging_mixin.py:150} INFO - [2023-07-25T16:04:29.528+0000] {dag.py:3504} INFO - Setting next_dagrun for example_sensor_decorator to None, run_after=None
[2023-07-25T16:04:29.608+0000] {processor.py:179} INFO - Processing /home/airflow/.local/lib/python3.9/site-packages/airflow/example_dags/example_sensor_decorator.py took 0.260 seconds
[2023-07-25T16:05:00.084+0000] {processor.py:157} INFO - Started process (PID=375) to work on /home/airflow/.local/lib/python3.9/site-packages/airflow/example_dags/example_sensor_decorator.py
[2023-07-25T16:05:00.096+0000] {processor.py:826} INFO - Processing file /home/airflow/.local/lib/python3.9/site-packages/airflow/example_dags/example_sensor_decorator.py for tasks to queue
[2023-07-25T16:05:00.097+0000] {logging_mixin.py:150} INFO - [2023-07-25T16:05:00.096+0000] {dagbag.py:541} INFO - Filling up the DagBag from /home/airflow/.local/lib/python3.9/site-packages/airflow/example_dags/example_sensor_decorator.py
[2023-07-25T16:05:00.116+0000] {processor.py:836} INFO - DAG(s) dict_keys(['example_sensor_decorator']) retrieved from /home/airflow/.local/lib/python3.9/site-packages/airflow/example_dags/example_sensor_decorator.py
[2023-07-25T16:05:00.163+0000] {logging_mixin.py:150} INFO - [2023-07-25T16:05:00.162+0000] {dag.py:2742} INFO - Sync 1 DAGs
[2023-07-25T16:05:00.214+0000] {logging_mixin.py:150} INFO - [2023-07-25T16:05:00.214+0000] {dag.py:3504} INFO - Setting next_dagrun for example_sensor_decorator to None, run_after=None
[2023-07-25T16:05:00.266+0000] {processor.py:179} INFO - Processing /home/airflow/.local/lib/python3.9/site-packages/airflow/example_dags/example_sensor_decorator.py took 0.186 seconds
[2023-07-25T16:05:31.224+0000] {processor.py:157} INFO - Started process (PID=437) to work on /home/airflow/.local/lib/python3.9/site-packages/airflow/example_dags/example_sensor_decorator.py
[2023-07-25T16:05:31.255+0000] {processor.py:826} INFO - Processing file /home/airflow/.local/lib/python3.9/site-packages/airflow/example_dags/example_sensor_decorator.py for tasks to queue
[2023-07-25T16:05:31.256+0000] {logging_mixin.py:150} INFO - [2023-07-25T16:05:31.256+0000] {dagbag.py:541} INFO - Filling up the DagBag from /home/airflow/.local/lib/python3.9/site-packages/airflow/example_dags/example_sensor_decorator.py
[2023-07-25T16:05:31.276+0000] {processor.py:836} INFO - DAG(s) dict_keys(['example_sensor_decorator']) retrieved from /home/airflow/.local/lib/python3.9/site-packages/airflow/example_dags/example_sensor_decorator.py
[2023-07-25T16:05:31.316+0000] {logging_mixin.py:150} INFO - [2023-07-25T16:05:31.315+0000] {dag.py:2742} INFO - Sync 1 DAGs
[2023-07-25T16:05:31.365+0000] {logging_mixin.py:150} INFO - [2023-07-25T16:05:31.365+0000] {dag.py:3504} INFO - Setting next_dagrun for example_sensor_decorator to None, run_after=None
[2023-07-25T16:05:31.411+0000] {processor.py:179} INFO - Processing /home/airflow/.local/lib/python3.9/site-packages/airflow/example_dags/example_sensor_decorator.py took 0.192 seconds
[2023-07-25T16:06:02.292+0000] {processor.py:157} INFO - Started process (PID=498) to work on /home/airflow/.local/lib/python3.9/site-packages/airflow/example_dags/example_sensor_decorator.py
[2023-07-25T16:06:02.298+0000] {processor.py:826} INFO - Processing file /home/airflow/.local/lib/python3.9/site-packages/airflow/example_dags/example_sensor_decorator.py for tasks to queue
[2023-07-25T16:06:02.299+0000] {logging_mixin.py:150} INFO - [2023-07-25T16:06:02.299+0000] {dagbag.py:541} INFO - Filling up the DagBag from /home/airflow/.local/lib/python3.9/site-packages/airflow/example_dags/example_sensor_decorator.py
[2023-07-25T16:06:02.319+0000] {processor.py:836} INFO - DAG(s) dict_keys(['example_sensor_decorator']) retrieved from /home/airflow/.local/lib/python3.9/site-packages/airflow/example_dags/example_sensor_decorator.py
[2023-07-25T16:06:02.374+0000] {logging_mixin.py:150} INFO - [2023-07-25T16:06:02.374+0000] {dag.py:2742} INFO - Sync 1 DAGs
[2023-07-25T16:06:02.430+0000] {logging_mixin.py:150} INFO - [2023-07-25T16:06:02.429+0000] {dag.py:3504} INFO - Setting next_dagrun for example_sensor_decorator to None, run_after=None
[2023-07-25T16:06:02.486+0000] {processor.py:179} INFO - Processing /home/airflow/.local/lib/python3.9/site-packages/airflow/example_dags/example_sensor_decorator.py took 0.198 seconds
[2023-07-25T16:06:33.234+0000] {processor.py:157} INFO - Started process (PID=558) to work on /home/airflow/.local/lib/python3.9/site-packages/airflow/example_dags/example_sensor_decorator.py
[2023-07-25T16:06:33.255+0000] {processor.py:826} INFO - Processing file /home/airflow/.local/lib/python3.9/site-packages/airflow/example_dags/example_sensor_decorator.py for tasks to queue
[2023-07-25T16:06:33.256+0000] {logging_mixin.py:150} INFO - [2023-07-25T16:06:33.256+0000] {dagbag.py:541} INFO - Filling up the DagBag from /home/airflow/.local/lib/python3.9/site-packages/airflow/example_dags/example_sensor_decorator.py
[2023-07-25T16:06:33.276+0000] {processor.py:836} INFO - DAG(s) dict_keys(['example_sensor_decorator']) retrieved from /home/airflow/.local/lib/python3.9/site-packages/airflow/example_dags/example_sensor_decorator.py
[2023-07-25T16:06:33.346+0000] {logging_mixin.py:150} INFO - [2023-07-25T16:06:33.345+0000] {dag.py:2742} INFO - Sync 1 DAGs
[2023-07-25T16:06:33.382+0000] {logging_mixin.py:150} INFO - [2023-07-25T16:06:33.382+0000] {dag.py:3504} INFO - Setting next_dagrun for example_sensor_decorator to None, run_after=None
[2023-07-25T16:06:33.439+0000] {processor.py:179} INFO - Processing /home/airflow/.local/lib/python3.9/site-packages/airflow/example_dags/example_sensor_decorator.py took 0.210 seconds
[2023-07-25T16:07:03.779+0000] {processor.py:157} INFO - Started process (PID=619) to work on /home/airflow/.local/lib/python3.9/site-packages/airflow/example_dags/example_sensor_decorator.py
[2023-07-25T16:07:03.784+0000] {processor.py:826} INFO - Processing file /home/airflow/.local/lib/python3.9/site-packages/airflow/example_dags/example_sensor_decorator.py for tasks to queue
[2023-07-25T16:07:03.785+0000] {logging_mixin.py:150} INFO - [2023-07-25T16:07:03.785+0000] {dagbag.py:541} INFO - Filling up the DagBag from /home/airflow/.local/lib/python3.9/site-packages/airflow/example_dags/example_sensor_decorator.py
[2023-07-25T16:07:03.795+0000] {processor.py:836} INFO - DAG(s) dict_keys(['example_sensor_decorator']) retrieved from /home/airflow/.local/lib/python3.9/site-packages/airflow/example_dags/example_sensor_decorator.py
[2023-07-25T16:07:03.821+0000] {logging_mixin.py:150} INFO - [2023-07-25T16:07:03.820+0000] {dag.py:2742} INFO - Sync 1 DAGs
[2023-07-25T16:07:03.849+0000] {logging_mixin.py:150} INFO - [2023-07-25T16:07:03.849+0000] {dag.py:3504} INFO - Setting next_dagrun for example_sensor_decorator to None, run_after=None
[2023-07-25T16:07:03.872+0000] {processor.py:179} INFO - Processing /home/airflow/.local/lib/python3.9/site-packages/airflow/example_dags/example_sensor_decorator.py took 0.098 seconds
[2023-07-25T16:07:34.216+0000] {processor.py:157} INFO - Started process (PID=680) to work on /home/airflow/.local/lib/python3.9/site-packages/airflow/example_dags/example_sensor_decorator.py
[2023-07-25T16:07:34.225+0000] {processor.py:826} INFO - Processing file /home/airflow/.local/lib/python3.9/site-packages/airflow/example_dags/example_sensor_decorator.py for tasks to queue
[2023-07-25T16:07:34.226+0000] {logging_mixin.py:150} INFO - [2023-07-25T16:07:34.226+0000] {dagbag.py:541} INFO - Filling up the DagBag from /home/airflow/.local/lib/python3.9/site-packages/airflow/example_dags/example_sensor_decorator.py
[2023-07-25T16:07:34.238+0000] {processor.py:836} INFO - DAG(s) dict_keys(['example_sensor_decorator']) retrieved from /home/airflow/.local/lib/python3.9/site-packages/airflow/example_dags/example_sensor_decorator.py
[2023-07-25T16:07:34.264+0000] {logging_mixin.py:150} INFO - [2023-07-25T16:07:34.264+0000] {dag.py:2742} INFO - Sync 1 DAGs
[2023-07-25T16:07:34.293+0000] {logging_mixin.py:150} INFO - [2023-07-25T16:07:34.293+0000] {dag.py:3504} INFO - Setting next_dagrun for example_sensor_decorator to None, run_after=None
[2023-07-25T16:07:34.318+0000] {processor.py:179} INFO - Processing /home/airflow/.local/lib/python3.9/site-packages/airflow/example_dags/example_sensor_decorator.py took 0.119 seconds
[2023-07-25T16:08:05.288+0000] {processor.py:157} INFO - Started process (PID=742) to work on /home/airflow/.local/lib/python3.9/site-packages/airflow/example_dags/example_sensor_decorator.py
[2023-07-25T16:08:05.296+0000] {processor.py:826} INFO - Processing file /home/airflow/.local/lib/python3.9/site-packages/airflow/example_dags/example_sensor_decorator.py for tasks to queue
[2023-07-25T16:08:05.297+0000] {logging_mixin.py:150} INFO - [2023-07-25T16:08:05.297+0000] {dagbag.py:541} INFO - Filling up the DagBag from /home/airflow/.local/lib/python3.9/site-packages/airflow/example_dags/example_sensor_decorator.py
[2023-07-25T16:08:05.306+0000] {processor.py:836} INFO - DAG(s) dict_keys(['example_sensor_decorator']) retrieved from /home/airflow/.local/lib/python3.9/site-packages/airflow/example_dags/example_sensor_decorator.py
[2023-07-25T16:08:05.337+0000] {logging_mixin.py:150} INFO - [2023-07-25T16:08:05.336+0000] {dag.py:2742} INFO - Sync 1 DAGs
[2023-07-25T16:08:05.365+0000] {logging_mixin.py:150} INFO - [2023-07-25T16:08:05.365+0000] {dag.py:3504} INFO - Setting next_dagrun for example_sensor_decorator to None, run_after=None
[2023-07-25T16:08:05.389+0000] {processor.py:179} INFO - Processing /home/airflow/.local/lib/python3.9/site-packages/airflow/example_dags/example_sensor_decorator.py took 0.120 seconds
[2023-07-25T16:08:35.760+0000] {processor.py:157} INFO - Started process (PID=803) to work on /home/airflow/.local/lib/python3.9/site-packages/airflow/example_dags/example_sensor_decorator.py
[2023-07-25T16:08:35.763+0000] {processor.py:826} INFO - Processing file /home/airflow/.local/lib/python3.9/site-packages/airflow/example_dags/example_sensor_decorator.py for tasks to queue
[2023-07-25T16:08:35.764+0000] {logging_mixin.py:150} INFO - [2023-07-25T16:08:35.763+0000] {dagbag.py:541} INFO - Filling up the DagBag from /home/airflow/.local/lib/python3.9/site-packages/airflow/example_dags/example_sensor_decorator.py
[2023-07-25T16:08:35.775+0000] {processor.py:836} INFO - DAG(s) dict_keys(['example_sensor_decorator']) retrieved from /home/airflow/.local/lib/python3.9/site-packages/airflow/example_dags/example_sensor_decorator.py
[2023-07-25T16:08:35.804+0000] {logging_mixin.py:150} INFO - [2023-07-25T16:08:35.803+0000] {dag.py:2742} INFO - Sync 1 DAGs
[2023-07-25T16:08:35.847+0000] {logging_mixin.py:150} INFO - [2023-07-25T16:08:35.847+0000] {dag.py:3504} INFO - Setting next_dagrun for example_sensor_decorator to None, run_after=None
[2023-07-25T16:08:35.888+0000] {processor.py:179} INFO - Processing /home/airflow/.local/lib/python3.9/site-packages/airflow/example_dags/example_sensor_decorator.py took 0.132 seconds
[2023-07-25T16:09:06.882+0000] {processor.py:157} INFO - Started process (PID=865) to work on /home/airflow/.local/lib/python3.9/site-packages/airflow/example_dags/example_sensor_decorator.py
[2023-07-25T16:09:06.912+0000] {processor.py:826} INFO - Processing file /home/airflow/.local/lib/python3.9/site-packages/airflow/example_dags/example_sensor_decorator.py for tasks to queue
[2023-07-25T16:09:06.913+0000] {logging_mixin.py:150} INFO - [2023-07-25T16:09:06.913+0000] {dagbag.py:541} INFO - Filling up the DagBag from /home/airflow/.local/lib/python3.9/site-packages/airflow/example_dags/example_sensor_decorator.py
[2023-07-25T16:09:06.929+0000] {processor.py:836} INFO - DAG(s) dict_keys(['example_sensor_decorator']) retrieved from /home/airflow/.local/lib/python3.9/site-packages/airflow/example_dags/example_sensor_decorator.py
[2023-07-25T16:09:06.977+0000] {logging_mixin.py:150} INFO - [2023-07-25T16:09:06.976+0000] {dag.py:2742} INFO - Sync 1 DAGs
[2023-07-25T16:09:07.036+0000] {logging_mixin.py:150} INFO - [2023-07-25T16:09:07.035+0000] {dag.py:3504} INFO - Setting next_dagrun for example_sensor_decorator to None, run_after=None
[2023-07-25T16:09:07.102+0000] {processor.py:179} INFO - Processing /home/airflow/.local/lib/python3.9/site-packages/airflow/example_dags/example_sensor_decorator.py took 0.224 seconds
[2023-07-25T16:09:38.109+0000] {processor.py:157} INFO - Started process (PID=926) to work on /home/airflow/.local/lib/python3.9/site-packages/airflow/example_dags/example_sensor_decorator.py
[2023-07-25T16:09:38.143+0000] {processor.py:826} INFO - Processing file /home/airflow/.local/lib/python3.9/site-packages/airflow/example_dags/example_sensor_decorator.py for tasks to queue
[2023-07-25T16:09:38.144+0000] {logging_mixin.py:150} INFO - [2023-07-25T16:09:38.143+0000] {dagbag.py:541} INFO - Filling up the DagBag from /home/airflow/.local/lib/python3.9/site-packages/airflow/example_dags/example_sensor_decorator.py
[2023-07-25T16:09:38.153+0000] {processor.py:836} INFO - DAG(s) dict_keys(['example_sensor_decorator']) retrieved from /home/airflow/.local/lib/python3.9/site-packages/airflow/example_dags/example_sensor_decorator.py
[2023-07-25T16:09:38.335+0000] {logging_mixin.py:150} INFO - [2023-07-25T16:09:38.335+0000] {dag.py:2742} INFO - Sync 1 DAGs
[2023-07-25T16:09:38.446+0000] {logging_mixin.py:150} INFO - [2023-07-25T16:09:38.445+0000] {dag.py:3504} INFO - Setting next_dagrun for example_sensor_decorator to None, run_after=None
[2023-07-25T16:09:38.562+0000] {processor.py:179} INFO - Processing /home/airflow/.local/lib/python3.9/site-packages/airflow/example_dags/example_sensor_decorator.py took 0.500 seconds
[2023-07-25T16:10:09.351+0000] {processor.py:157} INFO - Started process (PID=987) to work on /home/airflow/.local/lib/python3.9/site-packages/airflow/example_dags/example_sensor_decorator.py
[2023-07-25T16:10:09.356+0000] {processor.py:826} INFO - Processing file /home/airflow/.local/lib/python3.9/site-packages/airflow/example_dags/example_sensor_decorator.py for tasks to queue
[2023-07-25T16:10:09.357+0000] {logging_mixin.py:150} INFO - [2023-07-25T16:10:09.357+0000] {dagbag.py:541} INFO - Filling up the DagBag from /home/airflow/.local/lib/python3.9/site-packages/airflow/example_dags/example_sensor_decorator.py
[2023-07-25T16:10:09.380+0000] {processor.py:836} INFO - DAG(s) dict_keys(['example_sensor_decorator']) retrieved from /home/airflow/.local/lib/python3.9/site-packages/airflow/example_dags/example_sensor_decorator.py
[2023-07-25T16:10:09.426+0000] {logging_mixin.py:150} INFO - [2023-07-25T16:10:09.426+0000] {dag.py:2742} INFO - Sync 1 DAGs
[2023-07-25T16:10:09.528+0000] {logging_mixin.py:150} INFO - [2023-07-25T16:10:09.520+0000] {dag.py:3504} INFO - Setting next_dagrun for example_sensor_decorator to None, run_after=None
[2023-07-25T16:10:09.671+0000] {processor.py:179} INFO - Processing /home/airflow/.local/lib/python3.9/site-packages/airflow/example_dags/example_sensor_decorator.py took 0.359 seconds
[2023-07-25T16:10:40.512+0000] {processor.py:157} INFO - Started process (PID=1049) to work on /home/airflow/.local/lib/python3.9/site-packages/airflow/example_dags/example_sensor_decorator.py
[2023-07-25T16:10:40.559+0000] {processor.py:826} INFO - Processing file /home/airflow/.local/lib/python3.9/site-packages/airflow/example_dags/example_sensor_decorator.py for tasks to queue
[2023-07-25T16:10:40.561+0000] {logging_mixin.py:150} INFO - [2023-07-25T16:10:40.560+0000] {dagbag.py:541} INFO - Filling up the DagBag from /home/airflow/.local/lib/python3.9/site-packages/airflow/example_dags/example_sensor_decorator.py
[2023-07-25T16:10:40.624+0000] {processor.py:836} INFO - DAG(s) dict_keys(['example_sensor_decorator']) retrieved from /home/airflow/.local/lib/python3.9/site-packages/airflow/example_dags/example_sensor_decorator.py
[2023-07-25T16:10:40.816+0000] {logging_mixin.py:150} INFO - [2023-07-25T16:10:40.815+0000] {dag.py:2742} INFO - Sync 1 DAGs
[2023-07-25T16:10:40.946+0000] {logging_mixin.py:150} INFO - [2023-07-25T16:10:40.945+0000] {dag.py:3504} INFO - Setting next_dagrun for example_sensor_decorator to None, run_after=None
[2023-07-25T16:10:41.066+0000] {processor.py:179} INFO - Processing /home/airflow/.local/lib/python3.9/site-packages/airflow/example_dags/example_sensor_decorator.py took 0.558 seconds
[2023-07-25T16:11:11.284+0000] {processor.py:157} INFO - Started process (PID=1103) to work on /home/airflow/.local/lib/python3.9/site-packages/airflow/example_dags/example_sensor_decorator.py
[2023-07-25T16:11:11.322+0000] {processor.py:826} INFO - Processing file /home/airflow/.local/lib/python3.9/site-packages/airflow/example_dags/example_sensor_decorator.py for tasks to queue
[2023-07-25T16:11:11.323+0000] {logging_mixin.py:150} INFO - [2023-07-25T16:11:11.323+0000] {dagbag.py:541} INFO - Filling up the DagBag from /home/airflow/.local/lib/python3.9/site-packages/airflow/example_dags/example_sensor_decorator.py
[2023-07-25T16:11:11.343+0000] {processor.py:836} INFO - DAG(s) dict_keys(['example_sensor_decorator']) retrieved from /home/airflow/.local/lib/python3.9/site-packages/airflow/example_dags/example_sensor_decorator.py
[2023-07-25T16:11:11.465+0000] {logging_mixin.py:150} INFO - [2023-07-25T16:11:11.465+0000] {dag.py:2742} INFO - Sync 1 DAGs
[2023-07-25T16:11:11.586+0000] {logging_mixin.py:150} INFO - [2023-07-25T16:11:11.585+0000] {dag.py:3504} INFO - Setting next_dagrun for example_sensor_decorator to None, run_after=None
[2023-07-25T16:11:11.686+0000] {processor.py:179} INFO - Processing /home/airflow/.local/lib/python3.9/site-packages/airflow/example_dags/example_sensor_decorator.py took 0.407 seconds
[2023-07-25T16:11:41.951+0000] {processor.py:157} INFO - Started process (PID=1165) to work on /home/airflow/.local/lib/python3.9/site-packages/airflow/example_dags/example_sensor_decorator.py
[2023-07-25T16:11:41.954+0000] {processor.py:826} INFO - Processing file /home/airflow/.local/lib/python3.9/site-packages/airflow/example_dags/example_sensor_decorator.py for tasks to queue
[2023-07-25T16:11:41.955+0000] {logging_mixin.py:150} INFO - [2023-07-25T16:11:41.955+0000] {dagbag.py:541} INFO - Filling up the DagBag from /home/airflow/.local/lib/python3.9/site-packages/airflow/example_dags/example_sensor_decorator.py
[2023-07-25T16:11:41.964+0000] {processor.py:836} INFO - DAG(s) dict_keys(['example_sensor_decorator']) retrieved from /home/airflow/.local/lib/python3.9/site-packages/airflow/example_dags/example_sensor_decorator.py
[2023-07-25T16:11:41.991+0000] {logging_mixin.py:150} INFO - [2023-07-25T16:11:41.991+0000] {dag.py:2742} INFO - Sync 1 DAGs
[2023-07-25T16:11:42.018+0000] {logging_mixin.py:150} INFO - [2023-07-25T16:11:42.018+0000] {dag.py:3504} INFO - Setting next_dagrun for example_sensor_decorator to None, run_after=None
[2023-07-25T16:11:42.041+0000] {processor.py:179} INFO - Processing /home/airflow/.local/lib/python3.9/site-packages/airflow/example_dags/example_sensor_decorator.py took 0.095 seconds
[2023-07-25T16:12:12.509+0000] {processor.py:157} INFO - Started process (PID=1226) to work on /home/airflow/.local/lib/python3.9/site-packages/airflow/example_dags/example_sensor_decorator.py
[2023-07-25T16:12:12.515+0000] {processor.py:826} INFO - Processing file /home/airflow/.local/lib/python3.9/site-packages/airflow/example_dags/example_sensor_decorator.py for tasks to queue
[2023-07-25T16:12:12.516+0000] {logging_mixin.py:150} INFO - [2023-07-25T16:12:12.516+0000] {dagbag.py:541} INFO - Filling up the DagBag from /home/airflow/.local/lib/python3.9/site-packages/airflow/example_dags/example_sensor_decorator.py
[2023-07-25T16:12:12.545+0000] {processor.py:836} INFO - DAG(s) dict_keys(['example_sensor_decorator']) retrieved from /home/airflow/.local/lib/python3.9/site-packages/airflow/example_dags/example_sensor_decorator.py
[2023-07-25T16:12:12.597+0000] {logging_mixin.py:150} INFO - [2023-07-25T16:12:12.597+0000] {dag.py:2742} INFO - Sync 1 DAGs
[2023-07-25T16:12:12.656+0000] {logging_mixin.py:150} INFO - [2023-07-25T16:12:12.655+0000] {dag.py:3504} INFO - Setting next_dagrun for example_sensor_decorator to None, run_after=None
[2023-07-25T16:12:12.699+0000] {processor.py:179} INFO - Processing /home/airflow/.local/lib/python3.9/site-packages/airflow/example_dags/example_sensor_decorator.py took 0.205 seconds
[2023-07-25T16:12:43.303+0000] {processor.py:157} INFO - Started process (PID=1287) to work on /home/airflow/.local/lib/python3.9/site-packages/airflow/example_dags/example_sensor_decorator.py
[2023-07-25T16:12:43.335+0000] {processor.py:826} INFO - Processing file /home/airflow/.local/lib/python3.9/site-packages/airflow/example_dags/example_sensor_decorator.py for tasks to queue
[2023-07-25T16:12:43.336+0000] {logging_mixin.py:150} INFO - [2023-07-25T16:12:43.336+0000] {dagbag.py:541} INFO - Filling up the DagBag from /home/airflow/.local/lib/python3.9/site-packages/airflow/example_dags/example_sensor_decorator.py
[2023-07-25T16:12:43.350+0000] {processor.py:836} INFO - DAG(s) dict_keys(['example_sensor_decorator']) retrieved from /home/airflow/.local/lib/python3.9/site-packages/airflow/example_dags/example_sensor_decorator.py
[2023-07-25T16:12:43.485+0000] {logging_mixin.py:150} INFO - [2023-07-25T16:12:43.468+0000] {dag.py:2742} INFO - Sync 1 DAGs
[2023-07-25T16:12:43.550+0000] {logging_mixin.py:150} INFO - [2023-07-25T16:12:43.549+0000] {dag.py:3504} INFO - Setting next_dagrun for example_sensor_decorator to None, run_after=None
[2023-07-25T16:12:43.597+0000] {processor.py:179} INFO - Processing /home/airflow/.local/lib/python3.9/site-packages/airflow/example_dags/example_sensor_decorator.py took 0.298 seconds
[2023-07-25T16:13:14.327+0000] {processor.py:157} INFO - Started process (PID=1349) to work on /home/airflow/.local/lib/python3.9/site-packages/airflow/example_dags/example_sensor_decorator.py
[2023-07-25T16:13:14.335+0000] {processor.py:826} INFO - Processing file /home/airflow/.local/lib/python3.9/site-packages/airflow/example_dags/example_sensor_decorator.py for tasks to queue
[2023-07-25T16:13:14.336+0000] {logging_mixin.py:150} INFO - [2023-07-25T16:13:14.336+0000] {dagbag.py:541} INFO - Filling up the DagBag from /home/airflow/.local/lib/python3.9/site-packages/airflow/example_dags/example_sensor_decorator.py
[2023-07-25T16:13:14.366+0000] {processor.py:836} INFO - DAG(s) dict_keys(['example_sensor_decorator']) retrieved from /home/airflow/.local/lib/python3.9/site-packages/airflow/example_dags/example_sensor_decorator.py
[2023-07-25T16:13:14.526+0000] {logging_mixin.py:150} INFO - [2023-07-25T16:13:14.515+0000] {dag.py:2742} INFO - Sync 1 DAGs
[2023-07-25T16:13:14.605+0000] {logging_mixin.py:150} INFO - [2023-07-25T16:13:14.605+0000] {dag.py:3504} INFO - Setting next_dagrun for example_sensor_decorator to None, run_after=None
[2023-07-25T16:13:14.738+0000] {processor.py:179} INFO - Processing /home/airflow/.local/lib/python3.9/site-packages/airflow/example_dags/example_sensor_decorator.py took 0.428 seconds
[2023-07-25T16:13:45.714+0000] {processor.py:157} INFO - Started process (PID=1411) to work on /home/airflow/.local/lib/python3.9/site-packages/airflow/example_dags/example_sensor_decorator.py
[2023-07-25T16:13:45.725+0000] {processor.py:826} INFO - Processing file /home/airflow/.local/lib/python3.9/site-packages/airflow/example_dags/example_sensor_decorator.py for tasks to queue
[2023-07-25T16:13:45.726+0000] {logging_mixin.py:150} INFO - [2023-07-25T16:13:45.726+0000] {dagbag.py:541} INFO - Filling up the DagBag from /home/airflow/.local/lib/python3.9/site-packages/airflow/example_dags/example_sensor_decorator.py
[2023-07-25T16:13:45.769+0000] {processor.py:836} INFO - DAG(s) dict_keys(['example_sensor_decorator']) retrieved from /home/airflow/.local/lib/python3.9/site-packages/airflow/example_dags/example_sensor_decorator.py
[2023-07-25T16:13:45.885+0000] {logging_mixin.py:150} INFO - [2023-07-25T16:13:45.885+0000] {dag.py:2742} INFO - Sync 1 DAGs
[2023-07-25T16:13:45.960+0000] {logging_mixin.py:150} INFO - [2023-07-25T16:13:45.960+0000] {dag.py:3504} INFO - Setting next_dagrun for example_sensor_decorator to None, run_after=None
[2023-07-25T16:13:46.027+0000] {processor.py:179} INFO - Processing /home/airflow/.local/lib/python3.9/site-packages/airflow/example_dags/example_sensor_decorator.py took 0.327 seconds
[2023-07-25T16:14:16.767+0000] {processor.py:157} INFO - Started process (PID=1472) to work on /home/airflow/.local/lib/python3.9/site-packages/airflow/example_dags/example_sensor_decorator.py
[2023-07-25T16:14:16.775+0000] {processor.py:826} INFO - Processing file /home/airflow/.local/lib/python3.9/site-packages/airflow/example_dags/example_sensor_decorator.py for tasks to queue
[2023-07-25T16:14:16.777+0000] {logging_mixin.py:150} INFO - [2023-07-25T16:14:16.776+0000] {dagbag.py:541} INFO - Filling up the DagBag from /home/airflow/.local/lib/python3.9/site-packages/airflow/example_dags/example_sensor_decorator.py
[2023-07-25T16:14:16.803+0000] {processor.py:836} INFO - DAG(s) dict_keys(['example_sensor_decorator']) retrieved from /home/airflow/.local/lib/python3.9/site-packages/airflow/example_dags/example_sensor_decorator.py
[2023-07-25T16:14:16.901+0000] {logging_mixin.py:150} INFO - [2023-07-25T16:14:16.901+0000] {dag.py:2742} INFO - Sync 1 DAGs
[2023-07-25T16:14:17.000+0000] {logging_mixin.py:150} INFO - [2023-07-25T16:14:17.000+0000] {dag.py:3504} INFO - Setting next_dagrun for example_sensor_decorator to None, run_after=None
[2023-07-25T16:14:17.116+0000] {processor.py:179} INFO - Processing /home/airflow/.local/lib/python3.9/site-packages/airflow/example_dags/example_sensor_decorator.py took 0.364 seconds
[2023-07-25T16:14:47.198+0000] {processor.py:157} INFO - Started process (PID=1533) to work on /home/airflow/.local/lib/python3.9/site-packages/airflow/example_dags/example_sensor_decorator.py
[2023-07-25T16:14:47.205+0000] {processor.py:826} INFO - Processing file /home/airflow/.local/lib/python3.9/site-packages/airflow/example_dags/example_sensor_decorator.py for tasks to queue
[2023-07-25T16:14:47.206+0000] {logging_mixin.py:150} INFO - [2023-07-25T16:14:47.206+0000] {dagbag.py:541} INFO - Filling up the DagBag from /home/airflow/.local/lib/python3.9/site-packages/airflow/example_dags/example_sensor_decorator.py
[2023-07-25T16:14:47.230+0000] {processor.py:836} INFO - DAG(s) dict_keys(['example_sensor_decorator']) retrieved from /home/airflow/.local/lib/python3.9/site-packages/airflow/example_dags/example_sensor_decorator.py
[2023-07-25T16:14:47.297+0000] {logging_mixin.py:150} INFO - [2023-07-25T16:14:47.297+0000] {dag.py:2742} INFO - Sync 1 DAGs
[2023-07-25T16:14:47.400+0000] {logging_mixin.py:150} INFO - [2023-07-25T16:14:47.399+0000] {dag.py:3504} INFO - Setting next_dagrun for example_sensor_decorator to None, run_after=None
[2023-07-25T16:14:47.486+0000] {processor.py:179} INFO - Processing /home/airflow/.local/lib/python3.9/site-packages/airflow/example_dags/example_sensor_decorator.py took 0.302 seconds
[2023-07-25T16:15:17.707+0000] {processor.py:157} INFO - Started process (PID=1593) to work on /home/airflow/.local/lib/python3.9/site-packages/airflow/example_dags/example_sensor_decorator.py
[2023-07-25T16:15:17.715+0000] {processor.py:826} INFO - Processing file /home/airflow/.local/lib/python3.9/site-packages/airflow/example_dags/example_sensor_decorator.py for tasks to queue
[2023-07-25T16:15:17.716+0000] {logging_mixin.py:150} INFO - [2023-07-25T16:15:17.716+0000] {dagbag.py:541} INFO - Filling up the DagBag from /home/airflow/.local/lib/python3.9/site-packages/airflow/example_dags/example_sensor_decorator.py
[2023-07-25T16:15:17.734+0000] {processor.py:836} INFO - DAG(s) dict_keys(['example_sensor_decorator']) retrieved from /home/airflow/.local/lib/python3.9/site-packages/airflow/example_dags/example_sensor_decorator.py
[2023-07-25T16:15:17.783+0000] {logging_mixin.py:150} INFO - [2023-07-25T16:15:17.776+0000] {dag.py:2742} INFO - Sync 1 DAGs
[2023-07-25T16:15:17.827+0000] {logging_mixin.py:150} INFO - [2023-07-25T16:15:17.826+0000] {dag.py:3504} INFO - Setting next_dagrun for example_sensor_decorator to None, run_after=None
[2023-07-25T16:15:17.898+0000] {processor.py:179} INFO - Processing /home/airflow/.local/lib/python3.9/site-packages/airflow/example_dags/example_sensor_decorator.py took 0.199 seconds
[2023-07-25T16:15:48.828+0000] {processor.py:157} INFO - Started process (PID=1655) to work on /home/airflow/.local/lib/python3.9/site-packages/airflow/example_dags/example_sensor_decorator.py
[2023-07-25T16:15:48.835+0000] {processor.py:826} INFO - Processing file /home/airflow/.local/lib/python3.9/site-packages/airflow/example_dags/example_sensor_decorator.py for tasks to queue
[2023-07-25T16:15:48.836+0000] {logging_mixin.py:150} INFO - [2023-07-25T16:15:48.836+0000] {dagbag.py:541} INFO - Filling up the DagBag from /home/airflow/.local/lib/python3.9/site-packages/airflow/example_dags/example_sensor_decorator.py
[2023-07-25T16:15:48.856+0000] {processor.py:836} INFO - DAG(s) dict_keys(['example_sensor_decorator']) retrieved from /home/airflow/.local/lib/python3.9/site-packages/airflow/example_dags/example_sensor_decorator.py
[2023-07-25T16:15:48.917+0000] {logging_mixin.py:150} INFO - [2023-07-25T16:15:48.917+0000] {dag.py:2742} INFO - Sync 1 DAGs
[2023-07-25T16:15:48.970+0000] {logging_mixin.py:150} INFO - [2023-07-25T16:15:48.970+0000] {dag.py:3504} INFO - Setting next_dagrun for example_sensor_decorator to None, run_after=None
[2023-07-25T16:15:49.026+0000] {processor.py:179} INFO - Processing /home/airflow/.local/lib/python3.9/site-packages/airflow/example_dags/example_sensor_decorator.py took 0.213 seconds
[2023-07-25T16:16:19.703+0000] {processor.py:157} INFO - Started process (PID=1718) to work on /home/airflow/.local/lib/python3.9/site-packages/airflow/example_dags/example_sensor_decorator.py
[2023-07-25T16:16:19.705+0000] {processor.py:826} INFO - Processing file /home/airflow/.local/lib/python3.9/site-packages/airflow/example_dags/example_sensor_decorator.py for tasks to queue
[2023-07-25T16:16:19.706+0000] {logging_mixin.py:150} INFO - [2023-07-25T16:16:19.706+0000] {dagbag.py:541} INFO - Filling up the DagBag from /home/airflow/.local/lib/python3.9/site-packages/airflow/example_dags/example_sensor_decorator.py
[2023-07-25T16:16:19.715+0000] {processor.py:836} INFO - DAG(s) dict_keys(['example_sensor_decorator']) retrieved from /home/airflow/.local/lib/python3.9/site-packages/airflow/example_dags/example_sensor_decorator.py
[2023-07-25T16:16:19.743+0000] {logging_mixin.py:150} INFO - [2023-07-25T16:16:19.742+0000] {dag.py:2742} INFO - Sync 1 DAGs
[2023-07-25T16:16:19.772+0000] {logging_mixin.py:150} INFO - [2023-07-25T16:16:19.771+0000] {dag.py:3504} INFO - Setting next_dagrun for example_sensor_decorator to None, run_after=None
[2023-07-25T16:16:19.795+0000] {processor.py:179} INFO - Processing /home/airflow/.local/lib/python3.9/site-packages/airflow/example_dags/example_sensor_decorator.py took 0.097 seconds
[2023-07-25T16:16:51.034+0000] {processor.py:157} INFO - Started process (PID=1780) to work on /home/airflow/.local/lib/python3.9/site-packages/airflow/example_dags/example_sensor_decorator.py
[2023-07-25T16:16:51.075+0000] {processor.py:826} INFO - Processing file /home/airflow/.local/lib/python3.9/site-packages/airflow/example_dags/example_sensor_decorator.py for tasks to queue
[2023-07-25T16:16:51.076+0000] {logging_mixin.py:150} INFO - [2023-07-25T16:16:51.076+0000] {dagbag.py:541} INFO - Filling up the DagBag from /home/airflow/.local/lib/python3.9/site-packages/airflow/example_dags/example_sensor_decorator.py
[2023-07-25T16:16:51.110+0000] {processor.py:836} INFO - DAG(s) dict_keys(['example_sensor_decorator']) retrieved from /home/airflow/.local/lib/python3.9/site-packages/airflow/example_dags/example_sensor_decorator.py
[2023-07-25T16:16:51.175+0000] {logging_mixin.py:150} INFO - [2023-07-25T16:16:51.175+0000] {dag.py:2742} INFO - Sync 1 DAGs
[2023-07-25T16:16:51.329+0000] {logging_mixin.py:150} INFO - [2023-07-25T16:16:51.329+0000] {dag.py:3504} INFO - Setting next_dagrun for example_sensor_decorator to None, run_after=None
[2023-07-25T16:16:51.426+0000] {processor.py:179} INFO - Processing /home/airflow/.local/lib/python3.9/site-packages/airflow/example_dags/example_sensor_decorator.py took 0.415 seconds
[2023-07-25T16:17:21.695+0000] {processor.py:157} INFO - Started process (PID=1842) to work on /home/airflow/.local/lib/python3.9/site-packages/airflow/example_dags/example_sensor_decorator.py
[2023-07-25T16:17:21.697+0000] {processor.py:826} INFO - Processing file /home/airflow/.local/lib/python3.9/site-packages/airflow/example_dags/example_sensor_decorator.py for tasks to queue
[2023-07-25T16:17:21.699+0000] {logging_mixin.py:150} INFO - [2023-07-25T16:17:21.698+0000] {dagbag.py:541} INFO - Filling up the DagBag from /home/airflow/.local/lib/python3.9/site-packages/airflow/example_dags/example_sensor_decorator.py
[2023-07-25T16:17:21.758+0000] {processor.py:836} INFO - DAG(s) dict_keys(['example_sensor_decorator']) retrieved from /home/airflow/.local/lib/python3.9/site-packages/airflow/example_dags/example_sensor_decorator.py
[2023-07-25T16:17:21.825+0000] {logging_mixin.py:150} INFO - [2023-07-25T16:17:21.825+0000] {dag.py:2742} INFO - Sync 1 DAGs
[2023-07-25T16:17:21.896+0000] {logging_mixin.py:150} INFO - [2023-07-25T16:17:21.895+0000] {dag.py:3504} INFO - Setting next_dagrun for example_sensor_decorator to None, run_after=None
[2023-07-25T16:17:22.015+0000] {processor.py:179} INFO - Processing /home/airflow/.local/lib/python3.9/site-packages/airflow/example_dags/example_sensor_decorator.py took 0.336 seconds
[2023-07-25T16:17:52.263+0000] {processor.py:157} INFO - Started process (PID=1904) to work on /home/airflow/.local/lib/python3.9/site-packages/airflow/example_dags/example_sensor_decorator.py
[2023-07-25T16:17:52.275+0000] {processor.py:826} INFO - Processing file /home/airflow/.local/lib/python3.9/site-packages/airflow/example_dags/example_sensor_decorator.py for tasks to queue
[2023-07-25T16:17:52.276+0000] {logging_mixin.py:150} INFO - [2023-07-25T16:17:52.276+0000] {dagbag.py:541} INFO - Filling up the DagBag from /home/airflow/.local/lib/python3.9/site-packages/airflow/example_dags/example_sensor_decorator.py
[2023-07-25T16:17:52.305+0000] {processor.py:836} INFO - DAG(s) dict_keys(['example_sensor_decorator']) retrieved from /home/airflow/.local/lib/python3.9/site-packages/airflow/example_dags/example_sensor_decorator.py
[2023-07-25T16:17:52.445+0000] {logging_mixin.py:150} INFO - [2023-07-25T16:17:52.445+0000] {dag.py:2742} INFO - Sync 1 DAGs
[2023-07-25T16:17:52.542+0000] {logging_mixin.py:150} INFO - [2023-07-25T16:17:52.542+0000] {dag.py:3504} INFO - Setting next_dagrun for example_sensor_decorator to None, run_after=None
[2023-07-25T16:17:52.662+0000] {processor.py:179} INFO - Processing /home/airflow/.local/lib/python3.9/site-packages/airflow/example_dags/example_sensor_decorator.py took 0.403 seconds
[2023-07-25T16:18:22.791+0000] {processor.py:157} INFO - Started process (PID=1965) to work on /home/airflow/.local/lib/python3.9/site-packages/airflow/example_dags/example_sensor_decorator.py
[2023-07-25T16:18:22.805+0000] {processor.py:826} INFO - Processing file /home/airflow/.local/lib/python3.9/site-packages/airflow/example_dags/example_sensor_decorator.py for tasks to queue
[2023-07-25T16:18:22.806+0000] {logging_mixin.py:150} INFO - [2023-07-25T16:18:22.806+0000] {dagbag.py:541} INFO - Filling up the DagBag from /home/airflow/.local/lib/python3.9/site-packages/airflow/example_dags/example_sensor_decorator.py
[2023-07-25T16:18:22.836+0000] {processor.py:836} INFO - DAG(s) dict_keys(['example_sensor_decorator']) retrieved from /home/airflow/.local/lib/python3.9/site-packages/airflow/example_dags/example_sensor_decorator.py
[2023-07-25T16:18:22.887+0000] {logging_mixin.py:150} INFO - [2023-07-25T16:18:22.887+0000] {dag.py:2742} INFO - Sync 1 DAGs
[2023-07-25T16:18:22.940+0000] {logging_mixin.py:150} INFO - [2023-07-25T16:18:22.939+0000] {dag.py:3504} INFO - Setting next_dagrun for example_sensor_decorator to None, run_after=None
[2023-07-25T16:18:22.983+0000] {processor.py:179} INFO - Processing /home/airflow/.local/lib/python3.9/site-packages/airflow/example_dags/example_sensor_decorator.py took 0.197 seconds
[2023-07-25T16:18:53.701+0000] {processor.py:157} INFO - Started process (PID=2027) to work on /home/airflow/.local/lib/python3.9/site-packages/airflow/example_dags/example_sensor_decorator.py
[2023-07-25T16:18:53.707+0000] {processor.py:826} INFO - Processing file /home/airflow/.local/lib/python3.9/site-packages/airflow/example_dags/example_sensor_decorator.py for tasks to queue
[2023-07-25T16:18:53.708+0000] {logging_mixin.py:150} INFO - [2023-07-25T16:18:53.707+0000] {dagbag.py:541} INFO - Filling up the DagBag from /home/airflow/.local/lib/python3.9/site-packages/airflow/example_dags/example_sensor_decorator.py
[2023-07-25T16:18:53.721+0000] {processor.py:836} INFO - DAG(s) dict_keys(['example_sensor_decorator']) retrieved from /home/airflow/.local/lib/python3.9/site-packages/airflow/example_dags/example_sensor_decorator.py
[2023-07-25T16:18:53.762+0000] {logging_mixin.py:150} INFO - [2023-07-25T16:18:53.755+0000] {dag.py:2742} INFO - Sync 1 DAGs
[2023-07-25T16:18:53.803+0000] {logging_mixin.py:150} INFO - [2023-07-25T16:18:53.802+0000] {dag.py:3504} INFO - Setting next_dagrun for example_sensor_decorator to None, run_after=None
[2023-07-25T16:18:53.834+0000] {processor.py:179} INFO - Processing /home/airflow/.local/lib/python3.9/site-packages/airflow/example_dags/example_sensor_decorator.py took 0.138 seconds
[2023-07-25T16:19:24.741+0000] {processor.py:157} INFO - Started process (PID=2089) to work on /home/airflow/.local/lib/python3.9/site-packages/airflow/example_dags/example_sensor_decorator.py
[2023-07-25T16:19:24.755+0000] {processor.py:826} INFO - Processing file /home/airflow/.local/lib/python3.9/site-packages/airflow/example_dags/example_sensor_decorator.py for tasks to queue
[2023-07-25T16:19:24.756+0000] {logging_mixin.py:150} INFO - [2023-07-25T16:19:24.756+0000] {dagbag.py:541} INFO - Filling up the DagBag from /home/airflow/.local/lib/python3.9/site-packages/airflow/example_dags/example_sensor_decorator.py
[2023-07-25T16:19:24.786+0000] {processor.py:836} INFO - DAG(s) dict_keys(['example_sensor_decorator']) retrieved from /home/airflow/.local/lib/python3.9/site-packages/airflow/example_dags/example_sensor_decorator.py
[2023-07-25T16:19:24.851+0000] {logging_mixin.py:150} INFO - [2023-07-25T16:19:24.850+0000] {dag.py:2742} INFO - Sync 1 DAGs
[2023-07-25T16:19:24.916+0000] {logging_mixin.py:150} INFO - [2023-07-25T16:19:24.915+0000] {dag.py:3504} INFO - Setting next_dagrun for example_sensor_decorator to None, run_after=None
[2023-07-25T16:19:24.964+0000] {processor.py:179} INFO - Processing /home/airflow/.local/lib/python3.9/site-packages/airflow/example_dags/example_sensor_decorator.py took 0.228 seconds
[2023-07-25T16:19:55.639+0000] {processor.py:157} INFO - Started process (PID=2150) to work on /home/airflow/.local/lib/python3.9/site-packages/airflow/example_dags/example_sensor_decorator.py
[2023-07-25T16:19:55.641+0000] {processor.py:826} INFO - Processing file /home/airflow/.local/lib/python3.9/site-packages/airflow/example_dags/example_sensor_decorator.py for tasks to queue
[2023-07-25T16:19:55.643+0000] {logging_mixin.py:150} INFO - [2023-07-25T16:19:55.642+0000] {dagbag.py:541} INFO - Filling up the DagBag from /home/airflow/.local/lib/python3.9/site-packages/airflow/example_dags/example_sensor_decorator.py
[2023-07-25T16:19:55.652+0000] {processor.py:836} INFO - DAG(s) dict_keys(['example_sensor_decorator']) retrieved from /home/airflow/.local/lib/python3.9/site-packages/airflow/example_dags/example_sensor_decorator.py
[2023-07-25T16:19:55.687+0000] {logging_mixin.py:150} INFO - [2023-07-25T16:19:55.687+0000] {dag.py:2742} INFO - Sync 1 DAGs
[2023-07-25T16:19:55.716+0000] {logging_mixin.py:150} INFO - [2023-07-25T16:19:55.715+0000] {dag.py:3504} INFO - Setting next_dagrun for example_sensor_decorator to None, run_after=None
[2023-07-25T16:19:55.765+0000] {processor.py:179} INFO - Processing /home/airflow/.local/lib/python3.9/site-packages/airflow/example_dags/example_sensor_decorator.py took 0.135 seconds
[2023-07-25T16:20:26.433+0000] {processor.py:157} INFO - Started process (PID=2211) to work on /home/airflow/.local/lib/python3.9/site-packages/airflow/example_dags/example_sensor_decorator.py
[2023-07-25T16:20:26.465+0000] {processor.py:826} INFO - Processing file /home/airflow/.local/lib/python3.9/site-packages/airflow/example_dags/example_sensor_decorator.py for tasks to queue
[2023-07-25T16:20:26.466+0000] {logging_mixin.py:150} INFO - [2023-07-25T16:20:26.466+0000] {dagbag.py:541} INFO - Filling up the DagBag from /home/airflow/.local/lib/python3.9/site-packages/airflow/example_dags/example_sensor_decorator.py
[2023-07-25T16:20:26.505+0000] {processor.py:836} INFO - DAG(s) dict_keys(['example_sensor_decorator']) retrieved from /home/airflow/.local/lib/python3.9/site-packages/airflow/example_dags/example_sensor_decorator.py
[2023-07-25T16:20:26.591+0000] {logging_mixin.py:150} INFO - [2023-07-25T16:20:26.590+0000] {dag.py:2742} INFO - Sync 1 DAGs
[2023-07-25T16:20:26.670+0000] {logging_mixin.py:150} INFO - [2023-07-25T16:20:26.670+0000] {dag.py:3504} INFO - Setting next_dagrun for example_sensor_decorator to None, run_after=None
[2023-07-25T16:20:26.786+0000] {processor.py:179} INFO - Processing /home/airflow/.local/lib/python3.9/site-packages/airflow/example_dags/example_sensor_decorator.py took 0.358 seconds
[2023-07-25T16:20:56.880+0000] {processor.py:157} INFO - Started process (PID=2273) to work on /home/airflow/.local/lib/python3.9/site-packages/airflow/example_dags/example_sensor_decorator.py
[2023-07-25T16:20:56.892+0000] {processor.py:826} INFO - Processing file /home/airflow/.local/lib/python3.9/site-packages/airflow/example_dags/example_sensor_decorator.py for tasks to queue
[2023-07-25T16:20:56.894+0000] {logging_mixin.py:150} INFO - [2023-07-25T16:20:56.893+0000] {dagbag.py:541} INFO - Filling up the DagBag from /home/airflow/.local/lib/python3.9/site-packages/airflow/example_dags/example_sensor_decorator.py
[2023-07-25T16:20:56.955+0000] {processor.py:836} INFO - DAG(s) dict_keys(['example_sensor_decorator']) retrieved from /home/airflow/.local/lib/python3.9/site-packages/airflow/example_dags/example_sensor_decorator.py
[2023-07-25T16:20:57.000+0000] {logging_mixin.py:150} INFO - [2023-07-25T16:20:57.000+0000] {dag.py:2742} INFO - Sync 1 DAGs
[2023-07-25T16:20:57.035+0000] {logging_mixin.py:150} INFO - [2023-07-25T16:20:57.034+0000] {dag.py:3504} INFO - Setting next_dagrun for example_sensor_decorator to None, run_after=None
[2023-07-25T16:20:57.070+0000] {processor.py:179} INFO - Processing /home/airflow/.local/lib/python3.9/site-packages/airflow/example_dags/example_sensor_decorator.py took 0.207 seconds
[2023-07-25T16:21:27.589+0000] {processor.py:157} INFO - Started process (PID=2334) to work on /home/airflow/.local/lib/python3.9/site-packages/airflow/example_dags/example_sensor_decorator.py
[2023-07-25T16:21:27.591+0000] {processor.py:826} INFO - Processing file /home/airflow/.local/lib/python3.9/site-packages/airflow/example_dags/example_sensor_decorator.py for tasks to queue
[2023-07-25T16:21:27.592+0000] {logging_mixin.py:150} INFO - [2023-07-25T16:21:27.592+0000] {dagbag.py:541} INFO - Filling up the DagBag from /home/airflow/.local/lib/python3.9/site-packages/airflow/example_dags/example_sensor_decorator.py
[2023-07-25T16:21:27.601+0000] {processor.py:836} INFO - DAG(s) dict_keys(['example_sensor_decorator']) retrieved from /home/airflow/.local/lib/python3.9/site-packages/airflow/example_dags/example_sensor_decorator.py
[2023-07-25T16:21:27.628+0000] {logging_mixin.py:150} INFO - [2023-07-25T16:21:27.627+0000] {dag.py:2742} INFO - Sync 1 DAGs
[2023-07-25T16:21:27.655+0000] {logging_mixin.py:150} INFO - [2023-07-25T16:21:27.655+0000] {dag.py:3504} INFO - Setting next_dagrun for example_sensor_decorator to None, run_after=None
[2023-07-25T16:21:27.677+0000] {processor.py:179} INFO - Processing /home/airflow/.local/lib/python3.9/site-packages/airflow/example_dags/example_sensor_decorator.py took 0.093 seconds
[2023-07-25T16:21:58.034+0000] {processor.py:157} INFO - Started process (PID=2396) to work on /home/airflow/.local/lib/python3.9/site-packages/airflow/example_dags/example_sensor_decorator.py
[2023-07-25T16:21:58.043+0000] {processor.py:826} INFO - Processing file /home/airflow/.local/lib/python3.9/site-packages/airflow/example_dags/example_sensor_decorator.py for tasks to queue
[2023-07-25T16:21:58.044+0000] {logging_mixin.py:150} INFO - [2023-07-25T16:21:58.043+0000] {dagbag.py:541} INFO - Filling up the DagBag from /home/airflow/.local/lib/python3.9/site-packages/airflow/example_dags/example_sensor_decorator.py
[2023-07-25T16:21:58.053+0000] {processor.py:836} INFO - DAG(s) dict_keys(['example_sensor_decorator']) retrieved from /home/airflow/.local/lib/python3.9/site-packages/airflow/example_dags/example_sensor_decorator.py
[2023-07-25T16:21:58.089+0000] {logging_mixin.py:150} INFO - [2023-07-25T16:21:58.089+0000] {dag.py:2742} INFO - Sync 1 DAGs
[2023-07-25T16:21:58.116+0000] {logging_mixin.py:150} INFO - [2023-07-25T16:21:58.116+0000] {dag.py:3504} INFO - Setting next_dagrun for example_sensor_decorator to None, run_after=None
[2023-07-25T16:21:58.147+0000] {processor.py:179} INFO - Processing /home/airflow/.local/lib/python3.9/site-packages/airflow/example_dags/example_sensor_decorator.py took 0.117 seconds
[2023-07-25T16:22:28.994+0000] {processor.py:157} INFO - Started process (PID=2458) to work on /home/airflow/.local/lib/python3.9/site-packages/airflow/example_dags/example_sensor_decorator.py
[2023-07-25T16:22:29.025+0000] {processor.py:826} INFO - Processing file /home/airflow/.local/lib/python3.9/site-packages/airflow/example_dags/example_sensor_decorator.py for tasks to queue
[2023-07-25T16:22:29.026+0000] {logging_mixin.py:150} INFO - [2023-07-25T16:22:29.026+0000] {dagbag.py:541} INFO - Filling up the DagBag from /home/airflow/.local/lib/python3.9/site-packages/airflow/example_dags/example_sensor_decorator.py
[2023-07-25T16:22:29.050+0000] {processor.py:836} INFO - DAG(s) dict_keys(['example_sensor_decorator']) retrieved from /home/airflow/.local/lib/python3.9/site-packages/airflow/example_dags/example_sensor_decorator.py
[2023-07-25T16:22:29.155+0000] {logging_mixin.py:150} INFO - [2023-07-25T16:22:29.155+0000] {dag.py:2742} INFO - Sync 1 DAGs
[2023-07-25T16:22:29.226+0000] {logging_mixin.py:150} INFO - [2023-07-25T16:22:29.225+0000] {dag.py:3504} INFO - Setting next_dagrun for example_sensor_decorator to None, run_after=None
[2023-07-25T16:22:29.306+0000] {processor.py:179} INFO - Processing /home/airflow/.local/lib/python3.9/site-packages/airflow/example_dags/example_sensor_decorator.py took 0.316 seconds
[2023-07-25T16:23:04.836+0000] {processor.py:157} INFO - Started process (PID=2517) to work on /home/airflow/.local/lib/python3.9/site-packages/airflow/example_dags/example_sensor_decorator.py
[2023-07-25T16:23:04.838+0000] {processor.py:826} INFO - Processing file /home/airflow/.local/lib/python3.9/site-packages/airflow/example_dags/example_sensor_decorator.py for tasks to queue
[2023-07-25T16:23:04.839+0000] {logging_mixin.py:150} INFO - [2023-07-25T16:23:04.839+0000] {dagbag.py:541} INFO - Filling up the DagBag from /home/airflow/.local/lib/python3.9/site-packages/airflow/example_dags/example_sensor_decorator.py
[2023-07-25T16:23:04.876+0000] {processor.py:836} INFO - DAG(s) dict_keys(['example_sensor_decorator']) retrieved from /home/airflow/.local/lib/python3.9/site-packages/airflow/example_dags/example_sensor_decorator.py
[2023-07-25T16:23:05.069+0000] {logging_mixin.py:150} INFO - [2023-07-25T16:23:05.069+0000] {dag.py:2742} INFO - Sync 1 DAGs
[2023-07-25T16:23:05.360+0000] {logging_mixin.py:150} INFO - [2023-07-25T16:23:05.360+0000] {dag.py:3504} INFO - Setting next_dagrun for example_sensor_decorator to None, run_after=None
[2023-07-25T16:23:05.574+0000] {processor.py:179} INFO - Processing /home/airflow/.local/lib/python3.9/site-packages/airflow/example_dags/example_sensor_decorator.py took 0.754 seconds
[2023-07-25T16:23:35.821+0000] {processor.py:157} INFO - Started process (PID=2579) to work on /home/airflow/.local/lib/python3.9/site-packages/airflow/example_dags/example_sensor_decorator.py
[2023-07-25T16:23:35.828+0000] {processor.py:826} INFO - Processing file /home/airflow/.local/lib/python3.9/site-packages/airflow/example_dags/example_sensor_decorator.py for tasks to queue
[2023-07-25T16:23:35.829+0000] {logging_mixin.py:150} INFO - [2023-07-25T16:23:35.829+0000] {dagbag.py:541} INFO - Filling up the DagBag from /home/airflow/.local/lib/python3.9/site-packages/airflow/example_dags/example_sensor_decorator.py
[2023-07-25T16:23:35.849+0000] {processor.py:836} INFO - DAG(s) dict_keys(['example_sensor_decorator']) retrieved from /home/airflow/.local/lib/python3.9/site-packages/airflow/example_dags/example_sensor_decorator.py
[2023-07-25T16:23:35.917+0000] {logging_mixin.py:150} INFO - [2023-07-25T16:23:35.916+0000] {dag.py:2742} INFO - Sync 1 DAGs
[2023-07-25T16:23:35.965+0000] {logging_mixin.py:150} INFO - [2023-07-25T16:23:35.965+0000] {dag.py:3504} INFO - Setting next_dagrun for example_sensor_decorator to None, run_after=None
[2023-07-25T16:23:36.026+0000] {processor.py:179} INFO - Processing /home/airflow/.local/lib/python3.9/site-packages/airflow/example_dags/example_sensor_decorator.py took 0.210 seconds
[2023-07-25T16:24:06.301+0000] {processor.py:157} INFO - Started process (PID=2640) to work on /home/airflow/.local/lib/python3.9/site-packages/airflow/example_dags/example_sensor_decorator.py
[2023-07-25T16:24:06.315+0000] {processor.py:826} INFO - Processing file /home/airflow/.local/lib/python3.9/site-packages/airflow/example_dags/example_sensor_decorator.py for tasks to queue
[2023-07-25T16:24:06.316+0000] {logging_mixin.py:150} INFO - [2023-07-25T16:24:06.316+0000] {dagbag.py:541} INFO - Filling up the DagBag from /home/airflow/.local/lib/python3.9/site-packages/airflow/example_dags/example_sensor_decorator.py
[2023-07-25T16:24:06.341+0000] {processor.py:836} INFO - DAG(s) dict_keys(['example_sensor_decorator']) retrieved from /home/airflow/.local/lib/python3.9/site-packages/airflow/example_dags/example_sensor_decorator.py
[2023-07-25T16:24:06.412+0000] {logging_mixin.py:150} INFO - [2023-07-25T16:24:06.412+0000] {dag.py:2742} INFO - Sync 1 DAGs
[2023-07-25T16:24:06.460+0000] {logging_mixin.py:150} INFO - [2023-07-25T16:24:06.459+0000] {dag.py:3504} INFO - Setting next_dagrun for example_sensor_decorator to None, run_after=None
[2023-07-25T16:24:06.512+0000] {processor.py:179} INFO - Processing /home/airflow/.local/lib/python3.9/site-packages/airflow/example_dags/example_sensor_decorator.py took 0.231 seconds
