[2023-07-25T16:02:26.917+0000] {processor.py:157} INFO - Started process (PID=70) to work on /home/airflow/.local/lib/python3.9/site-packages/airflow/example_dags/example_setup_teardown_taskflow.py
[2023-07-25T16:02:26.918+0000] {processor.py:826} INFO - Processing file /home/airflow/.local/lib/python3.9/site-packages/airflow/example_dags/example_setup_teardown_taskflow.py for tasks to queue
[2023-07-25T16:02:26.919+0000] {logging_mixin.py:150} INFO - [2023-07-25T16:02:26.919+0000] {dagbag.py:541} INFO - Filling up the DagBag from /home/airflow/.local/lib/python3.9/site-packages/airflow/example_dags/example_setup_teardown_taskflow.py
[2023-07-25T16:02:26.922+0000] {processor.py:838} WARNING - No viable dags retrieved from /home/airflow/.local/lib/python3.9/site-packages/airflow/example_dags/example_setup_teardown_taskflow.py
[2023-07-25T16:02:27.024+0000] {processor.py:179} INFO - Processing /home/airflow/.local/lib/python3.9/site-packages/airflow/example_dags/example_setup_teardown_taskflow.py took 0.134 seconds
[2023-07-25T16:02:57.603+0000] {processor.py:157} INFO - Started process (PID=131) to work on /home/airflow/.local/lib/python3.9/site-packages/airflow/example_dags/example_setup_teardown_taskflow.py
[2023-07-25T16:02:57.623+0000] {processor.py:826} INFO - Processing file /home/airflow/.local/lib/python3.9/site-packages/airflow/example_dags/example_setup_teardown_taskflow.py for tasks to queue
[2023-07-25T16:02:57.625+0000] {logging_mixin.py:150} INFO - [2023-07-25T16:02:57.625+0000] {dagbag.py:541} INFO - Filling up the DagBag from /home/airflow/.local/lib/python3.9/site-packages/airflow/example_dags/example_setup_teardown_taskflow.py
[2023-07-25T16:02:57.628+0000] {processor.py:838} WARNING - No viable dags retrieved from /home/airflow/.local/lib/python3.9/site-packages/airflow/example_dags/example_setup_teardown_taskflow.py
[2023-07-25T16:02:57.673+0000] {processor.py:179} INFO - Processing /home/airflow/.local/lib/python3.9/site-packages/airflow/example_dags/example_setup_teardown_taskflow.py took 0.075 seconds
[2023-07-25T16:03:28.470+0000] {processor.py:157} INFO - Started process (PID=192) to work on /home/airflow/.local/lib/python3.9/site-packages/airflow/example_dags/example_setup_teardown_taskflow.py
[2023-07-25T16:03:28.480+0000] {processor.py:826} INFO - Processing file /home/airflow/.local/lib/python3.9/site-packages/airflow/example_dags/example_setup_teardown_taskflow.py for tasks to queue
[2023-07-25T16:03:28.481+0000] {logging_mixin.py:150} INFO - [2023-07-25T16:03:28.481+0000] {dagbag.py:541} INFO - Filling up the DagBag from /home/airflow/.local/lib/python3.9/site-packages/airflow/example_dags/example_setup_teardown_taskflow.py
[2023-07-25T16:03:28.484+0000] {processor.py:838} WARNING - No viable dags retrieved from /home/airflow/.local/lib/python3.9/site-packages/airflow/example_dags/example_setup_teardown_taskflow.py
[2023-07-25T16:03:28.521+0000] {processor.py:179} INFO - Processing /home/airflow/.local/lib/python3.9/site-packages/airflow/example_dags/example_setup_teardown_taskflow.py took 0.055 seconds
[2023-07-25T16:03:59.374+0000] {processor.py:157} INFO - Started process (PID=255) to work on /home/airflow/.local/lib/python3.9/site-packages/airflow/example_dags/example_setup_teardown_taskflow.py
[2023-07-25T16:03:59.399+0000] {processor.py:826} INFO - Processing file /home/airflow/.local/lib/python3.9/site-packages/airflow/example_dags/example_setup_teardown_taskflow.py for tasks to queue
[2023-07-25T16:03:59.410+0000] {logging_mixin.py:150} INFO - [2023-07-25T16:03:59.400+0000] {dagbag.py:541} INFO - Filling up the DagBag from /home/airflow/.local/lib/python3.9/site-packages/airflow/example_dags/example_setup_teardown_taskflow.py
[2023-07-25T16:03:59.413+0000] {processor.py:838} WARNING - No viable dags retrieved from /home/airflow/.local/lib/python3.9/site-packages/airflow/example_dags/example_setup_teardown_taskflow.py
[2023-07-25T16:03:59.476+0000] {processor.py:179} INFO - Processing /home/airflow/.local/lib/python3.9/site-packages/airflow/example_dags/example_setup_teardown_taskflow.py took 0.106 seconds
[2023-07-25T16:04:29.818+0000] {processor.py:157} INFO - Started process (PID=317) to work on /home/airflow/.local/lib/python3.9/site-packages/airflow/example_dags/example_setup_teardown_taskflow.py
[2023-07-25T16:04:29.838+0000] {processor.py:826} INFO - Processing file /home/airflow/.local/lib/python3.9/site-packages/airflow/example_dags/example_setup_teardown_taskflow.py for tasks to queue
[2023-07-25T16:04:29.839+0000] {logging_mixin.py:150} INFO - [2023-07-25T16:04:29.838+0000] {dagbag.py:541} INFO - Filling up the DagBag from /home/airflow/.local/lib/python3.9/site-packages/airflow/example_dags/example_setup_teardown_taskflow.py
[2023-07-25T16:04:29.841+0000] {processor.py:838} WARNING - No viable dags retrieved from /home/airflow/.local/lib/python3.9/site-packages/airflow/example_dags/example_setup_teardown_taskflow.py
[2023-07-25T16:04:29.862+0000] {processor.py:179} INFO - Processing /home/airflow/.local/lib/python3.9/site-packages/airflow/example_dags/example_setup_teardown_taskflow.py took 0.051 seconds
[2023-07-25T16:05:00.475+0000] {processor.py:157} INFO - Started process (PID=378) to work on /home/airflow/.local/lib/python3.9/site-packages/airflow/example_dags/example_setup_teardown_taskflow.py
[2023-07-25T16:05:00.478+0000] {processor.py:826} INFO - Processing file /home/airflow/.local/lib/python3.9/site-packages/airflow/example_dags/example_setup_teardown_taskflow.py for tasks to queue
[2023-07-25T16:05:00.479+0000] {logging_mixin.py:150} INFO - [2023-07-25T16:05:00.478+0000] {dagbag.py:541} INFO - Filling up the DagBag from /home/airflow/.local/lib/python3.9/site-packages/airflow/example_dags/example_setup_teardown_taskflow.py
[2023-07-25T16:05:00.482+0000] {processor.py:838} WARNING - No viable dags retrieved from /home/airflow/.local/lib/python3.9/site-packages/airflow/example_dags/example_setup_teardown_taskflow.py
[2023-07-25T16:05:00.523+0000] {processor.py:179} INFO - Processing /home/airflow/.local/lib/python3.9/site-packages/airflow/example_dags/example_setup_teardown_taskflow.py took 0.062 seconds
[2023-07-25T16:05:31.771+0000] {processor.py:157} INFO - Started process (PID=440) to work on /home/airflow/.local/lib/python3.9/site-packages/airflow/example_dags/example_setup_teardown_taskflow.py
[2023-07-25T16:05:31.795+0000] {processor.py:826} INFO - Processing file /home/airflow/.local/lib/python3.9/site-packages/airflow/example_dags/example_setup_teardown_taskflow.py for tasks to queue
[2023-07-25T16:05:31.796+0000] {logging_mixin.py:150} INFO - [2023-07-25T16:05:31.796+0000] {dagbag.py:541} INFO - Filling up the DagBag from /home/airflow/.local/lib/python3.9/site-packages/airflow/example_dags/example_setup_teardown_taskflow.py
[2023-07-25T16:05:31.799+0000] {processor.py:838} WARNING - No viable dags retrieved from /home/airflow/.local/lib/python3.9/site-packages/airflow/example_dags/example_setup_teardown_taskflow.py
[2023-07-25T16:05:31.840+0000] {processor.py:179} INFO - Processing /home/airflow/.local/lib/python3.9/site-packages/airflow/example_dags/example_setup_teardown_taskflow.py took 0.073 seconds
[2023-07-25T16:06:02.787+0000] {processor.py:157} INFO - Started process (PID=501) to work on /home/airflow/.local/lib/python3.9/site-packages/airflow/example_dags/example_setup_teardown_taskflow.py
[2023-07-25T16:06:02.789+0000] {processor.py:826} INFO - Processing file /home/airflow/.local/lib/python3.9/site-packages/airflow/example_dags/example_setup_teardown_taskflow.py for tasks to queue
[2023-07-25T16:06:02.790+0000] {logging_mixin.py:150} INFO - [2023-07-25T16:06:02.790+0000] {dagbag.py:541} INFO - Filling up the DagBag from /home/airflow/.local/lib/python3.9/site-packages/airflow/example_dags/example_setup_teardown_taskflow.py
[2023-07-25T16:06:02.793+0000] {processor.py:838} WARNING - No viable dags retrieved from /home/airflow/.local/lib/python3.9/site-packages/airflow/example_dags/example_setup_teardown_taskflow.py
[2023-07-25T16:06:02.810+0000] {processor.py:179} INFO - Processing /home/airflow/.local/lib/python3.9/site-packages/airflow/example_dags/example_setup_teardown_taskflow.py took 0.028 seconds
[2023-07-25T16:06:35.076+0000] {processor.py:157} INFO - Started process (PID=562) to work on /home/airflow/.local/lib/python3.9/site-packages/airflow/example_dags/example_setup_teardown_taskflow.py
[2023-07-25T16:06:35.078+0000] {processor.py:826} INFO - Processing file /home/airflow/.local/lib/python3.9/site-packages/airflow/example_dags/example_setup_teardown_taskflow.py for tasks to queue
[2023-07-25T16:06:35.079+0000] {logging_mixin.py:150} INFO - [2023-07-25T16:06:35.079+0000] {dagbag.py:541} INFO - Filling up the DagBag from /home/airflow/.local/lib/python3.9/site-packages/airflow/example_dags/example_setup_teardown_taskflow.py
[2023-07-25T16:06:35.082+0000] {processor.py:838} WARNING - No viable dags retrieved from /home/airflow/.local/lib/python3.9/site-packages/airflow/example_dags/example_setup_teardown_taskflow.py
[2023-07-25T16:06:35.136+0000] {processor.py:179} INFO - Processing /home/airflow/.local/lib/python3.9/site-packages/airflow/example_dags/example_setup_teardown_taskflow.py took 0.112 seconds
[2023-07-25T16:07:06.117+0000] {processor.py:157} INFO - Started process (PID=624) to work on /home/airflow/.local/lib/python3.9/site-packages/airflow/example_dags/example_setup_teardown_taskflow.py
[2023-07-25T16:07:06.119+0000] {processor.py:826} INFO - Processing file /home/airflow/.local/lib/python3.9/site-packages/airflow/example_dags/example_setup_teardown_taskflow.py for tasks to queue
[2023-07-25T16:07:06.120+0000] {logging_mixin.py:150} INFO - [2023-07-25T16:07:06.120+0000] {dagbag.py:541} INFO - Filling up the DagBag from /home/airflow/.local/lib/python3.9/site-packages/airflow/example_dags/example_setup_teardown_taskflow.py
[2023-07-25T16:07:06.123+0000] {processor.py:838} WARNING - No viable dags retrieved from /home/airflow/.local/lib/python3.9/site-packages/airflow/example_dags/example_setup_teardown_taskflow.py
[2023-07-25T16:07:06.165+0000] {processor.py:179} INFO - Processing /home/airflow/.local/lib/python3.9/site-packages/airflow/example_dags/example_setup_teardown_taskflow.py took 0.062 seconds
[2023-07-25T16:07:37.453+0000] {processor.py:157} INFO - Started process (PID=685) to work on /home/airflow/.local/lib/python3.9/site-packages/airflow/example_dags/example_setup_teardown_taskflow.py
[2023-07-25T16:07:37.455+0000] {processor.py:826} INFO - Processing file /home/airflow/.local/lib/python3.9/site-packages/airflow/example_dags/example_setup_teardown_taskflow.py for tasks to queue
[2023-07-25T16:07:37.462+0000] {logging_mixin.py:150} INFO - [2023-07-25T16:07:37.462+0000] {dagbag.py:541} INFO - Filling up the DagBag from /home/airflow/.local/lib/python3.9/site-packages/airflow/example_dags/example_setup_teardown_taskflow.py
[2023-07-25T16:07:37.467+0000] {processor.py:838} WARNING - No viable dags retrieved from /home/airflow/.local/lib/python3.9/site-packages/airflow/example_dags/example_setup_teardown_taskflow.py
[2023-07-25T16:07:37.486+0000] {processor.py:179} INFO - Processing /home/airflow/.local/lib/python3.9/site-packages/airflow/example_dags/example_setup_teardown_taskflow.py took 0.037 seconds
[2023-07-25T16:08:08.435+0000] {processor.py:157} INFO - Started process (PID=747) to work on /home/airflow/.local/lib/python3.9/site-packages/airflow/example_dags/example_setup_teardown_taskflow.py
[2023-07-25T16:08:08.437+0000] {processor.py:826} INFO - Processing file /home/airflow/.local/lib/python3.9/site-packages/airflow/example_dags/example_setup_teardown_taskflow.py for tasks to queue
[2023-07-25T16:08:08.438+0000] {logging_mixin.py:150} INFO - [2023-07-25T16:08:08.437+0000] {dagbag.py:541} INFO - Filling up the DagBag from /home/airflow/.local/lib/python3.9/site-packages/airflow/example_dags/example_setup_teardown_taskflow.py
[2023-07-25T16:08:08.440+0000] {processor.py:838} WARNING - No viable dags retrieved from /home/airflow/.local/lib/python3.9/site-packages/airflow/example_dags/example_setup_teardown_taskflow.py
[2023-07-25T16:08:08.547+0000] {processor.py:179} INFO - Processing /home/airflow/.local/lib/python3.9/site-packages/airflow/example_dags/example_setup_teardown_taskflow.py took 0.117 seconds
[2023-07-25T16:08:40.586+0000] {processor.py:157} INFO - Started process (PID=808) to work on /home/airflow/.local/lib/python3.9/site-packages/airflow/example_dags/example_setup_teardown_taskflow.py
[2023-07-25T16:08:40.590+0000] {processor.py:826} INFO - Processing file /home/airflow/.local/lib/python3.9/site-packages/airflow/example_dags/example_setup_teardown_taskflow.py for tasks to queue
[2023-07-25T16:08:40.591+0000] {logging_mixin.py:150} INFO - [2023-07-25T16:08:40.591+0000] {dagbag.py:541} INFO - Filling up the DagBag from /home/airflow/.local/lib/python3.9/site-packages/airflow/example_dags/example_setup_teardown_taskflow.py
[2023-07-25T16:08:40.594+0000] {processor.py:838} WARNING - No viable dags retrieved from /home/airflow/.local/lib/python3.9/site-packages/airflow/example_dags/example_setup_teardown_taskflow.py
[2023-07-25T16:08:40.669+0000] {processor.py:179} INFO - Processing /home/airflow/.local/lib/python3.9/site-packages/airflow/example_dags/example_setup_teardown_taskflow.py took 0.117 seconds
[2023-07-25T16:09:12.241+0000] {processor.py:157} INFO - Started process (PID=870) to work on /home/airflow/.local/lib/python3.9/site-packages/airflow/example_dags/example_setup_teardown_taskflow.py
[2023-07-25T16:09:12.250+0000] {processor.py:826} INFO - Processing file /home/airflow/.local/lib/python3.9/site-packages/airflow/example_dags/example_setup_teardown_taskflow.py for tasks to queue
[2023-07-25T16:09:12.251+0000] {logging_mixin.py:150} INFO - [2023-07-25T16:09:12.250+0000] {dagbag.py:541} INFO - Filling up the DagBag from /home/airflow/.local/lib/python3.9/site-packages/airflow/example_dags/example_setup_teardown_taskflow.py
[2023-07-25T16:09:12.254+0000] {processor.py:838} WARNING - No viable dags retrieved from /home/airflow/.local/lib/python3.9/site-packages/airflow/example_dags/example_setup_teardown_taskflow.py
[2023-07-25T16:09:12.290+0000] {processor.py:179} INFO - Processing /home/airflow/.local/lib/python3.9/site-packages/airflow/example_dags/example_setup_teardown_taskflow.py took 0.054 seconds
[2023-07-25T16:09:43.639+0000] {processor.py:157} INFO - Started process (PID=931) to work on /home/airflow/.local/lib/python3.9/site-packages/airflow/example_dags/example_setup_teardown_taskflow.py
[2023-07-25T16:09:43.642+0000] {processor.py:826} INFO - Processing file /home/airflow/.local/lib/python3.9/site-packages/airflow/example_dags/example_setup_teardown_taskflow.py for tasks to queue
[2023-07-25T16:09:43.643+0000] {logging_mixin.py:150} INFO - [2023-07-25T16:09:43.642+0000] {dagbag.py:541} INFO - Filling up the DagBag from /home/airflow/.local/lib/python3.9/site-packages/airflow/example_dags/example_setup_teardown_taskflow.py
[2023-07-25T16:09:43.649+0000] {processor.py:838} WARNING - No viable dags retrieved from /home/airflow/.local/lib/python3.9/site-packages/airflow/example_dags/example_setup_teardown_taskflow.py
[2023-07-25T16:09:43.700+0000] {processor.py:179} INFO - Processing /home/airflow/.local/lib/python3.9/site-packages/airflow/example_dags/example_setup_teardown_taskflow.py took 0.066 seconds
[2023-07-25T16:10:14.897+0000] {processor.py:157} INFO - Started process (PID=992) to work on /home/airflow/.local/lib/python3.9/site-packages/airflow/example_dags/example_setup_teardown_taskflow.py
[2023-07-25T16:10:14.912+0000] {processor.py:826} INFO - Processing file /home/airflow/.local/lib/python3.9/site-packages/airflow/example_dags/example_setup_teardown_taskflow.py for tasks to queue
[2023-07-25T16:10:14.913+0000] {logging_mixin.py:150} INFO - [2023-07-25T16:10:14.913+0000] {dagbag.py:541} INFO - Filling up the DagBag from /home/airflow/.local/lib/python3.9/site-packages/airflow/example_dags/example_setup_teardown_taskflow.py
[2023-07-25T16:10:14.916+0000] {processor.py:838} WARNING - No viable dags retrieved from /home/airflow/.local/lib/python3.9/site-packages/airflow/example_dags/example_setup_teardown_taskflow.py
[2023-07-25T16:10:14.955+0000] {processor.py:179} INFO - Processing /home/airflow/.local/lib/python3.9/site-packages/airflow/example_dags/example_setup_teardown_taskflow.py took 0.063 seconds
[2023-07-25T16:10:46.178+0000] {processor.py:157} INFO - Started process (PID=1054) to work on /home/airflow/.local/lib/python3.9/site-packages/airflow/example_dags/example_setup_teardown_taskflow.py
[2023-07-25T16:10:46.206+0000] {processor.py:826} INFO - Processing file /home/airflow/.local/lib/python3.9/site-packages/airflow/example_dags/example_setup_teardown_taskflow.py for tasks to queue
[2023-07-25T16:10:46.207+0000] {logging_mixin.py:150} INFO - [2023-07-25T16:10:46.207+0000] {dagbag.py:541} INFO - Filling up the DagBag from /home/airflow/.local/lib/python3.9/site-packages/airflow/example_dags/example_setup_teardown_taskflow.py
[2023-07-25T16:10:46.210+0000] {processor.py:838} WARNING - No viable dags retrieved from /home/airflow/.local/lib/python3.9/site-packages/airflow/example_dags/example_setup_teardown_taskflow.py
[2023-07-25T16:10:46.241+0000] {processor.py:179} INFO - Processing /home/airflow/.local/lib/python3.9/site-packages/airflow/example_dags/example_setup_teardown_taskflow.py took 0.077 seconds
[2023-07-25T16:11:19.593+0000] {processor.py:157} INFO - Started process (PID=1115) to work on /home/airflow/.local/lib/python3.9/site-packages/airflow/example_dags/example_setup_teardown_taskflow.py
[2023-07-25T16:11:19.616+0000] {processor.py:826} INFO - Processing file /home/airflow/.local/lib/python3.9/site-packages/airflow/example_dags/example_setup_teardown_taskflow.py for tasks to queue
[2023-07-25T16:11:19.617+0000] {logging_mixin.py:150} INFO - [2023-07-25T16:11:19.617+0000] {dagbag.py:541} INFO - Filling up the DagBag from /home/airflow/.local/lib/python3.9/site-packages/airflow/example_dags/example_setup_teardown_taskflow.py
[2023-07-25T16:11:19.620+0000] {processor.py:838} WARNING - No viable dags retrieved from /home/airflow/.local/lib/python3.9/site-packages/airflow/example_dags/example_setup_teardown_taskflow.py
[2023-07-25T16:11:19.719+0000] {processor.py:179} INFO - Processing /home/airflow/.local/lib/python3.9/site-packages/airflow/example_dags/example_setup_teardown_taskflow.py took 0.130 seconds
[2023-07-25T16:11:51.217+0000] {processor.py:157} INFO - Started process (PID=1177) to work on /home/airflow/.local/lib/python3.9/site-packages/airflow/example_dags/example_setup_teardown_taskflow.py
[2023-07-25T16:11:51.219+0000] {processor.py:826} INFO - Processing file /home/airflow/.local/lib/python3.9/site-packages/airflow/example_dags/example_setup_teardown_taskflow.py for tasks to queue
[2023-07-25T16:11:51.220+0000] {logging_mixin.py:150} INFO - [2023-07-25T16:11:51.220+0000] {dagbag.py:541} INFO - Filling up the DagBag from /home/airflow/.local/lib/python3.9/site-packages/airflow/example_dags/example_setup_teardown_taskflow.py
[2023-07-25T16:11:51.223+0000] {processor.py:838} WARNING - No viable dags retrieved from /home/airflow/.local/lib/python3.9/site-packages/airflow/example_dags/example_setup_teardown_taskflow.py
[2023-07-25T16:11:51.256+0000] {processor.py:179} INFO - Processing /home/airflow/.local/lib/python3.9/site-packages/airflow/example_dags/example_setup_teardown_taskflow.py took 0.052 seconds
[2023-07-25T16:12:22.961+0000] {processor.py:157} INFO - Started process (PID=1238) to work on /home/airflow/.local/lib/python3.9/site-packages/airflow/example_dags/example_setup_teardown_taskflow.py
[2023-07-25T16:12:22.982+0000] {processor.py:826} INFO - Processing file /home/airflow/.local/lib/python3.9/site-packages/airflow/example_dags/example_setup_teardown_taskflow.py for tasks to queue
[2023-07-25T16:12:22.983+0000] {logging_mixin.py:150} INFO - [2023-07-25T16:12:22.983+0000] {dagbag.py:541} INFO - Filling up the DagBag from /home/airflow/.local/lib/python3.9/site-packages/airflow/example_dags/example_setup_teardown_taskflow.py
[2023-07-25T16:12:22.996+0000] {processor.py:838} WARNING - No viable dags retrieved from /home/airflow/.local/lib/python3.9/site-packages/airflow/example_dags/example_setup_teardown_taskflow.py
[2023-07-25T16:12:23.017+0000] {processor.py:179} INFO - Processing /home/airflow/.local/lib/python3.9/site-packages/airflow/example_dags/example_setup_teardown_taskflow.py took 0.060 seconds
[2023-07-25T16:12:53.993+0000] {processor.py:157} INFO - Started process (PID=1299) to work on /home/airflow/.local/lib/python3.9/site-packages/airflow/example_dags/example_setup_teardown_taskflow.py
[2023-07-25T16:12:53.995+0000] {processor.py:826} INFO - Processing file /home/airflow/.local/lib/python3.9/site-packages/airflow/example_dags/example_setup_teardown_taskflow.py for tasks to queue
[2023-07-25T16:12:53.996+0000] {logging_mixin.py:150} INFO - [2023-07-25T16:12:53.995+0000] {dagbag.py:541} INFO - Filling up the DagBag from /home/airflow/.local/lib/python3.9/site-packages/airflow/example_dags/example_setup_teardown_taskflow.py
[2023-07-25T16:12:53.999+0000] {processor.py:838} WARNING - No viable dags retrieved from /home/airflow/.local/lib/python3.9/site-packages/airflow/example_dags/example_setup_teardown_taskflow.py
[2023-07-25T16:12:54.025+0000] {processor.py:179} INFO - Processing /home/airflow/.local/lib/python3.9/site-packages/airflow/example_dags/example_setup_teardown_taskflow.py took 0.037 seconds
[2023-07-25T16:13:25.828+0000] {processor.py:157} INFO - Started process (PID=1361) to work on /home/airflow/.local/lib/python3.9/site-packages/airflow/example_dags/example_setup_teardown_taskflow.py
[2023-07-25T16:13:25.843+0000] {processor.py:826} INFO - Processing file /home/airflow/.local/lib/python3.9/site-packages/airflow/example_dags/example_setup_teardown_taskflow.py for tasks to queue
[2023-07-25T16:13:25.848+0000] {logging_mixin.py:150} INFO - [2023-07-25T16:13:25.848+0000] {dagbag.py:541} INFO - Filling up the DagBag from /home/airflow/.local/lib/python3.9/site-packages/airflow/example_dags/example_setup_teardown_taskflow.py
[2023-07-25T16:13:25.851+0000] {processor.py:838} WARNING - No viable dags retrieved from /home/airflow/.local/lib/python3.9/site-packages/airflow/example_dags/example_setup_teardown_taskflow.py
[2023-07-25T16:13:25.938+0000] {processor.py:179} INFO - Processing /home/airflow/.local/lib/python3.9/site-packages/airflow/example_dags/example_setup_teardown_taskflow.py took 0.114 seconds
[2023-07-25T16:13:57.291+0000] {processor.py:157} INFO - Started process (PID=1422) to work on /home/airflow/.local/lib/python3.9/site-packages/airflow/example_dags/example_setup_teardown_taskflow.py
[2023-07-25T16:13:57.293+0000] {processor.py:826} INFO - Processing file /home/airflow/.local/lib/python3.9/site-packages/airflow/example_dags/example_setup_teardown_taskflow.py for tasks to queue
[2023-07-25T16:13:57.293+0000] {logging_mixin.py:150} INFO - [2023-07-25T16:13:57.293+0000] {dagbag.py:541} INFO - Filling up the DagBag from /home/airflow/.local/lib/python3.9/site-packages/airflow/example_dags/example_setup_teardown_taskflow.py
[2023-07-25T16:13:57.296+0000] {processor.py:838} WARNING - No viable dags retrieved from /home/airflow/.local/lib/python3.9/site-packages/airflow/example_dags/example_setup_teardown_taskflow.py
[2023-07-25T16:13:57.313+0000] {processor.py:179} INFO - Processing /home/airflow/.local/lib/python3.9/site-packages/airflow/example_dags/example_setup_teardown_taskflow.py took 0.027 seconds
[2023-07-25T16:14:27.976+0000] {processor.py:157} INFO - Started process (PID=1483) to work on /home/airflow/.local/lib/python3.9/site-packages/airflow/example_dags/example_setup_teardown_taskflow.py
[2023-07-25T16:14:27.985+0000] {processor.py:826} INFO - Processing file /home/airflow/.local/lib/python3.9/site-packages/airflow/example_dags/example_setup_teardown_taskflow.py for tasks to queue
[2023-07-25T16:14:27.986+0000] {logging_mixin.py:150} INFO - [2023-07-25T16:14:27.986+0000] {dagbag.py:541} INFO - Filling up the DagBag from /home/airflow/.local/lib/python3.9/site-packages/airflow/example_dags/example_setup_teardown_taskflow.py
[2023-07-25T16:14:27.989+0000] {processor.py:838} WARNING - No viable dags retrieved from /home/airflow/.local/lib/python3.9/site-packages/airflow/example_dags/example_setup_teardown_taskflow.py
[2023-07-25T16:14:28.075+0000] {processor.py:179} INFO - Processing /home/airflow/.local/lib/python3.9/site-packages/airflow/example_dags/example_setup_teardown_taskflow.py took 0.119 seconds
[2023-07-25T16:14:58.459+0000] {processor.py:157} INFO - Started process (PID=1543) to work on /home/airflow/.local/lib/python3.9/site-packages/airflow/example_dags/example_setup_teardown_taskflow.py
[2023-07-25T16:14:58.469+0000] {processor.py:826} INFO - Processing file /home/airflow/.local/lib/python3.9/site-packages/airflow/example_dags/example_setup_teardown_taskflow.py for tasks to queue
[2023-07-25T16:14:58.470+0000] {logging_mixin.py:150} INFO - [2023-07-25T16:14:58.470+0000] {dagbag.py:541} INFO - Filling up the DagBag from /home/airflow/.local/lib/python3.9/site-packages/airflow/example_dags/example_setup_teardown_taskflow.py
[2023-07-25T16:14:58.473+0000] {processor.py:838} WARNING - No viable dags retrieved from /home/airflow/.local/lib/python3.9/site-packages/airflow/example_dags/example_setup_teardown_taskflow.py
[2023-07-25T16:14:58.520+0000] {processor.py:179} INFO - Processing /home/airflow/.local/lib/python3.9/site-packages/airflow/example_dags/example_setup_teardown_taskflow.py took 0.065 seconds
[2023-07-25T16:15:28.667+0000] {processor.py:157} INFO - Started process (PID=1604) to work on /home/airflow/.local/lib/python3.9/site-packages/airflow/example_dags/example_setup_teardown_taskflow.py
[2023-07-25T16:15:28.680+0000] {processor.py:826} INFO - Processing file /home/airflow/.local/lib/python3.9/site-packages/airflow/example_dags/example_setup_teardown_taskflow.py for tasks to queue
[2023-07-25T16:15:28.681+0000] {logging_mixin.py:150} INFO - [2023-07-25T16:15:28.681+0000] {dagbag.py:541} INFO - Filling up the DagBag from /home/airflow/.local/lib/python3.9/site-packages/airflow/example_dags/example_setup_teardown_taskflow.py
[2023-07-25T16:15:28.684+0000] {processor.py:838} WARNING - No viable dags retrieved from /home/airflow/.local/lib/python3.9/site-packages/airflow/example_dags/example_setup_teardown_taskflow.py
[2023-07-25T16:15:28.766+0000] {processor.py:179} INFO - Processing /home/airflow/.local/lib/python3.9/site-packages/airflow/example_dags/example_setup_teardown_taskflow.py took 0.124 seconds
[2023-07-25T16:15:59.214+0000] {processor.py:157} INFO - Started process (PID=1665) to work on /home/airflow/.local/lib/python3.9/site-packages/airflow/example_dags/example_setup_teardown_taskflow.py
[2023-07-25T16:15:59.245+0000] {processor.py:826} INFO - Processing file /home/airflow/.local/lib/python3.9/site-packages/airflow/example_dags/example_setup_teardown_taskflow.py for tasks to queue
[2023-07-25T16:15:59.246+0000] {logging_mixin.py:150} INFO - [2023-07-25T16:15:59.246+0000] {dagbag.py:541} INFO - Filling up the DagBag from /home/airflow/.local/lib/python3.9/site-packages/airflow/example_dags/example_setup_teardown_taskflow.py
[2023-07-25T16:15:59.249+0000] {processor.py:838} WARNING - No viable dags retrieved from /home/airflow/.local/lib/python3.9/site-packages/airflow/example_dags/example_setup_teardown_taskflow.py
[2023-07-25T16:15:59.325+0000] {processor.py:179} INFO - Processing /home/airflow/.local/lib/python3.9/site-packages/airflow/example_dags/example_setup_teardown_taskflow.py took 0.141 seconds
[2023-07-25T16:16:29.918+0000] {processor.py:157} INFO - Started process (PID=1728) to work on /home/airflow/.local/lib/python3.9/site-packages/airflow/example_dags/example_setup_teardown_taskflow.py
[2023-07-25T16:16:29.935+0000] {processor.py:826} INFO - Processing file /home/airflow/.local/lib/python3.9/site-packages/airflow/example_dags/example_setup_teardown_taskflow.py for tasks to queue
[2023-07-25T16:16:29.936+0000] {logging_mixin.py:150} INFO - [2023-07-25T16:16:29.936+0000] {dagbag.py:541} INFO - Filling up the DagBag from /home/airflow/.local/lib/python3.9/site-packages/airflow/example_dags/example_setup_teardown_taskflow.py
[2023-07-25T16:16:29.939+0000] {processor.py:838} WARNING - No viable dags retrieved from /home/airflow/.local/lib/python3.9/site-packages/airflow/example_dags/example_setup_teardown_taskflow.py
[2023-07-25T16:16:29.984+0000] {processor.py:179} INFO - Processing /home/airflow/.local/lib/python3.9/site-packages/airflow/example_dags/example_setup_teardown_taskflow.py took 0.081 seconds
[2023-07-25T16:17:00.559+0000] {processor.py:157} INFO - Started process (PID=1790) to work on /home/airflow/.local/lib/python3.9/site-packages/airflow/example_dags/example_setup_teardown_taskflow.py
[2023-07-25T16:17:00.571+0000] {processor.py:826} INFO - Processing file /home/airflow/.local/lib/python3.9/site-packages/airflow/example_dags/example_setup_teardown_taskflow.py for tasks to queue
[2023-07-25T16:17:00.573+0000] {logging_mixin.py:150} INFO - [2023-07-25T16:17:00.571+0000] {dagbag.py:541} INFO - Filling up the DagBag from /home/airflow/.local/lib/python3.9/site-packages/airflow/example_dags/example_setup_teardown_taskflow.py
[2023-07-25T16:17:00.576+0000] {processor.py:838} WARNING - No viable dags retrieved from /home/airflow/.local/lib/python3.9/site-packages/airflow/example_dags/example_setup_teardown_taskflow.py
[2023-07-25T16:17:00.615+0000] {processor.py:179} INFO - Processing /home/airflow/.local/lib/python3.9/site-packages/airflow/example_dags/example_setup_teardown_taskflow.py took 0.061 seconds
[2023-07-25T16:17:31.134+0000] {processor.py:157} INFO - Started process (PID=1852) to work on /home/airflow/.local/lib/python3.9/site-packages/airflow/example_dags/example_setup_teardown_taskflow.py
[2023-07-25T16:17:31.148+0000] {processor.py:826} INFO - Processing file /home/airflow/.local/lib/python3.9/site-packages/airflow/example_dags/example_setup_teardown_taskflow.py for tasks to queue
[2023-07-25T16:17:31.149+0000] {logging_mixin.py:150} INFO - [2023-07-25T16:17:31.148+0000] {dagbag.py:541} INFO - Filling up the DagBag from /home/airflow/.local/lib/python3.9/site-packages/airflow/example_dags/example_setup_teardown_taskflow.py
[2023-07-25T16:17:31.151+0000] {processor.py:838} WARNING - No viable dags retrieved from /home/airflow/.local/lib/python3.9/site-packages/airflow/example_dags/example_setup_teardown_taskflow.py
[2023-07-25T16:17:31.169+0000] {processor.py:179} INFO - Processing /home/airflow/.local/lib/python3.9/site-packages/airflow/example_dags/example_setup_teardown_taskflow.py took 0.039 seconds
[2023-07-25T16:18:01.391+0000] {processor.py:157} INFO - Started process (PID=1913) to work on /home/airflow/.local/lib/python3.9/site-packages/airflow/example_dags/example_setup_teardown_taskflow.py
[2023-07-25T16:18:01.405+0000] {processor.py:826} INFO - Processing file /home/airflow/.local/lib/python3.9/site-packages/airflow/example_dags/example_setup_teardown_taskflow.py for tasks to queue
[2023-07-25T16:18:01.406+0000] {logging_mixin.py:150} INFO - [2023-07-25T16:18:01.406+0000] {dagbag.py:541} INFO - Filling up the DagBag from /home/airflow/.local/lib/python3.9/site-packages/airflow/example_dags/example_setup_teardown_taskflow.py
[2023-07-25T16:18:01.416+0000] {processor.py:838} WARNING - No viable dags retrieved from /home/airflow/.local/lib/python3.9/site-packages/airflow/example_dags/example_setup_teardown_taskflow.py
[2023-07-25T16:18:01.496+0000] {processor.py:179} INFO - Processing /home/airflow/.local/lib/python3.9/site-packages/airflow/example_dags/example_setup_teardown_taskflow.py took 0.110 seconds
[2023-07-25T16:18:32.148+0000] {processor.py:157} INFO - Started process (PID=1975) to work on /home/airflow/.local/lib/python3.9/site-packages/airflow/example_dags/example_setup_teardown_taskflow.py
[2023-07-25T16:18:32.152+0000] {processor.py:826} INFO - Processing file /home/airflow/.local/lib/python3.9/site-packages/airflow/example_dags/example_setup_teardown_taskflow.py for tasks to queue
[2023-07-25T16:18:32.153+0000] {logging_mixin.py:150} INFO - [2023-07-25T16:18:32.153+0000] {dagbag.py:541} INFO - Filling up the DagBag from /home/airflow/.local/lib/python3.9/site-packages/airflow/example_dags/example_setup_teardown_taskflow.py
[2023-07-25T16:18:32.157+0000] {processor.py:838} WARNING - No viable dags retrieved from /home/airflow/.local/lib/python3.9/site-packages/airflow/example_dags/example_setup_teardown_taskflow.py
[2023-07-25T16:18:32.196+0000] {processor.py:179} INFO - Processing /home/airflow/.local/lib/python3.9/site-packages/airflow/example_dags/example_setup_teardown_taskflow.py took 0.055 seconds
[2023-07-25T16:19:02.943+0000] {processor.py:157} INFO - Started process (PID=2037) to work on /home/airflow/.local/lib/python3.9/site-packages/airflow/example_dags/example_setup_teardown_taskflow.py
[2023-07-25T16:19:02.947+0000] {processor.py:826} INFO - Processing file /home/airflow/.local/lib/python3.9/site-packages/airflow/example_dags/example_setup_teardown_taskflow.py for tasks to queue
[2023-07-25T16:19:02.955+0000] {logging_mixin.py:150} INFO - [2023-07-25T16:19:02.955+0000] {dagbag.py:541} INFO - Filling up the DagBag from /home/airflow/.local/lib/python3.9/site-packages/airflow/example_dags/example_setup_teardown_taskflow.py
[2023-07-25T16:19:02.958+0000] {processor.py:838} WARNING - No viable dags retrieved from /home/airflow/.local/lib/python3.9/site-packages/airflow/example_dags/example_setup_teardown_taskflow.py
[2023-07-25T16:19:02.980+0000] {processor.py:179} INFO - Processing /home/airflow/.local/lib/python3.9/site-packages/airflow/example_dags/example_setup_teardown_taskflow.py took 0.042 seconds
[2023-07-25T16:19:33.091+0000] {processor.py:157} INFO - Started process (PID=2099) to work on /home/airflow/.local/lib/python3.9/site-packages/airflow/example_dags/example_setup_teardown_taskflow.py
[2023-07-25T16:19:33.095+0000] {processor.py:826} INFO - Processing file /home/airflow/.local/lib/python3.9/site-packages/airflow/example_dags/example_setup_teardown_taskflow.py for tasks to queue
[2023-07-25T16:19:33.096+0000] {logging_mixin.py:150} INFO - [2023-07-25T16:19:33.095+0000] {dagbag.py:541} INFO - Filling up the DagBag from /home/airflow/.local/lib/python3.9/site-packages/airflow/example_dags/example_setup_teardown_taskflow.py
[2023-07-25T16:19:33.098+0000] {processor.py:838} WARNING - No viable dags retrieved from /home/airflow/.local/lib/python3.9/site-packages/airflow/example_dags/example_setup_teardown_taskflow.py
[2023-07-25T16:19:33.124+0000] {processor.py:179} INFO - Processing /home/airflow/.local/lib/python3.9/site-packages/airflow/example_dags/example_setup_teardown_taskflow.py took 0.037 seconds
[2023-07-25T16:20:03.904+0000] {processor.py:157} INFO - Started process (PID=2160) to work on /home/airflow/.local/lib/python3.9/site-packages/airflow/example_dags/example_setup_teardown_taskflow.py
[2023-07-25T16:20:03.926+0000] {processor.py:826} INFO - Processing file /home/airflow/.local/lib/python3.9/site-packages/airflow/example_dags/example_setup_teardown_taskflow.py for tasks to queue
[2023-07-25T16:20:03.927+0000] {logging_mixin.py:150} INFO - [2023-07-25T16:20:03.927+0000] {dagbag.py:541} INFO - Filling up the DagBag from /home/airflow/.local/lib/python3.9/site-packages/airflow/example_dags/example_setup_teardown_taskflow.py
[2023-07-25T16:20:03.930+0000] {processor.py:838} WARNING - No viable dags retrieved from /home/airflow/.local/lib/python3.9/site-packages/airflow/example_dags/example_setup_teardown_taskflow.py
[2023-07-25T16:20:03.962+0000] {processor.py:179} INFO - Processing /home/airflow/.local/lib/python3.9/site-packages/airflow/example_dags/example_setup_teardown_taskflow.py took 0.063 seconds
[2023-07-25T16:20:34.268+0000] {processor.py:157} INFO - Started process (PID=2221) to work on /home/airflow/.local/lib/python3.9/site-packages/airflow/example_dags/example_setup_teardown_taskflow.py
[2023-07-25T16:20:34.271+0000] {processor.py:826} INFO - Processing file /home/airflow/.local/lib/python3.9/site-packages/airflow/example_dags/example_setup_teardown_taskflow.py for tasks to queue
[2023-07-25T16:20:34.272+0000] {logging_mixin.py:150} INFO - [2023-07-25T16:20:34.272+0000] {dagbag.py:541} INFO - Filling up the DagBag from /home/airflow/.local/lib/python3.9/site-packages/airflow/example_dags/example_setup_teardown_taskflow.py
[2023-07-25T16:20:34.283+0000] {processor.py:838} WARNING - No viable dags retrieved from /home/airflow/.local/lib/python3.9/site-packages/airflow/example_dags/example_setup_teardown_taskflow.py
[2023-07-25T16:20:34.325+0000] {processor.py:179} INFO - Processing /home/airflow/.local/lib/python3.9/site-packages/airflow/example_dags/example_setup_teardown_taskflow.py took 0.103 seconds
[2023-07-25T16:21:05.277+0000] {processor.py:157} INFO - Started process (PID=2282) to work on /home/airflow/.local/lib/python3.9/site-packages/airflow/example_dags/example_setup_teardown_taskflow.py
[2023-07-25T16:21:05.286+0000] {processor.py:826} INFO - Processing file /home/airflow/.local/lib/python3.9/site-packages/airflow/example_dags/example_setup_teardown_taskflow.py for tasks to queue
[2023-07-25T16:21:05.302+0000] {logging_mixin.py:150} INFO - [2023-07-25T16:21:05.301+0000] {dagbag.py:541} INFO - Filling up the DagBag from /home/airflow/.local/lib/python3.9/site-packages/airflow/example_dags/example_setup_teardown_taskflow.py
[2023-07-25T16:21:05.321+0000] {processor.py:838} WARNING - No viable dags retrieved from /home/airflow/.local/lib/python3.9/site-packages/airflow/example_dags/example_setup_teardown_taskflow.py
[2023-07-25T16:21:05.396+0000] {processor.py:179} INFO - Processing /home/airflow/.local/lib/python3.9/site-packages/airflow/example_dags/example_setup_teardown_taskflow.py took 0.134 seconds
[2023-07-25T16:21:35.900+0000] {processor.py:157} INFO - Started process (PID=2344) to work on /home/airflow/.local/lib/python3.9/site-packages/airflow/example_dags/example_setup_teardown_taskflow.py
[2023-07-25T16:21:35.915+0000] {processor.py:826} INFO - Processing file /home/airflow/.local/lib/python3.9/site-packages/airflow/example_dags/example_setup_teardown_taskflow.py for tasks to queue
[2023-07-25T16:21:35.916+0000] {logging_mixin.py:150} INFO - [2023-07-25T16:21:35.916+0000] {dagbag.py:541} INFO - Filling up the DagBag from /home/airflow/.local/lib/python3.9/site-packages/airflow/example_dags/example_setup_teardown_taskflow.py
[2023-07-25T16:21:35.919+0000] {processor.py:838} WARNING - No viable dags retrieved from /home/airflow/.local/lib/python3.9/site-packages/airflow/example_dags/example_setup_teardown_taskflow.py
[2023-07-25T16:21:36.002+0000] {processor.py:179} INFO - Processing /home/airflow/.local/lib/python3.9/site-packages/airflow/example_dags/example_setup_teardown_taskflow.py took 0.107 seconds
[2023-07-25T16:22:06.264+0000] {processor.py:157} INFO - Started process (PID=2406) to work on /home/airflow/.local/lib/python3.9/site-packages/airflow/example_dags/example_setup_teardown_taskflow.py
[2023-07-25T16:22:06.276+0000] {processor.py:826} INFO - Processing file /home/airflow/.local/lib/python3.9/site-packages/airflow/example_dags/example_setup_teardown_taskflow.py for tasks to queue
[2023-07-25T16:22:06.277+0000] {logging_mixin.py:150} INFO - [2023-07-25T16:22:06.277+0000] {dagbag.py:541} INFO - Filling up the DagBag from /home/airflow/.local/lib/python3.9/site-packages/airflow/example_dags/example_setup_teardown_taskflow.py
[2023-07-25T16:22:06.280+0000] {processor.py:838} WARNING - No viable dags retrieved from /home/airflow/.local/lib/python3.9/site-packages/airflow/example_dags/example_setup_teardown_taskflow.py
[2023-07-25T16:22:06.316+0000] {processor.py:179} INFO - Processing /home/airflow/.local/lib/python3.9/site-packages/airflow/example_dags/example_setup_teardown_taskflow.py took 0.056 seconds
[2023-07-25T16:22:36.958+0000] {processor.py:157} INFO - Started process (PID=2468) to work on /home/airflow/.local/lib/python3.9/site-packages/airflow/example_dags/example_setup_teardown_taskflow.py
[2023-07-25T16:22:36.964+0000] {processor.py:826} INFO - Processing file /home/airflow/.local/lib/python3.9/site-packages/airflow/example_dags/example_setup_teardown_taskflow.py for tasks to queue
[2023-07-25T16:22:36.975+0000] {logging_mixin.py:150} INFO - [2023-07-25T16:22:36.975+0000] {dagbag.py:541} INFO - Filling up the DagBag from /home/airflow/.local/lib/python3.9/site-packages/airflow/example_dags/example_setup_teardown_taskflow.py
[2023-07-25T16:22:36.978+0000] {processor.py:838} WARNING - No viable dags retrieved from /home/airflow/.local/lib/python3.9/site-packages/airflow/example_dags/example_setup_teardown_taskflow.py
[2023-07-25T16:22:37.075+0000] {processor.py:179} INFO - Processing /home/airflow/.local/lib/python3.9/site-packages/airflow/example_dags/example_setup_teardown_taskflow.py took 0.132 seconds
[2023-07-25T16:23:07.464+0000] {processor.py:157} INFO - Started process (PID=2523) to work on /home/airflow/.local/lib/python3.9/site-packages/airflow/example_dags/example_setup_teardown_taskflow.py
[2023-07-25T16:23:07.505+0000] {processor.py:826} INFO - Processing file /home/airflow/.local/lib/python3.9/site-packages/airflow/example_dags/example_setup_teardown_taskflow.py for tasks to queue
[2023-07-25T16:23:07.506+0000] {logging_mixin.py:150} INFO - [2023-07-25T16:23:07.506+0000] {dagbag.py:541} INFO - Filling up the DagBag from /home/airflow/.local/lib/python3.9/site-packages/airflow/example_dags/example_setup_teardown_taskflow.py
[2023-07-25T16:23:07.509+0000] {processor.py:838} WARNING - No viable dags retrieved from /home/airflow/.local/lib/python3.9/site-packages/airflow/example_dags/example_setup_teardown_taskflow.py
[2023-07-25T16:23:07.586+0000] {processor.py:179} INFO - Processing /home/airflow/.local/lib/python3.9/site-packages/airflow/example_dags/example_setup_teardown_taskflow.py took 0.127 seconds
[2023-07-25T16:23:38.002+0000] {processor.py:157} INFO - Started process (PID=2582) to work on /home/airflow/.local/lib/python3.9/site-packages/airflow/example_dags/example_setup_teardown_taskflow.py
[2023-07-25T16:23:38.015+0000] {processor.py:826} INFO - Processing file /home/airflow/.local/lib/python3.9/site-packages/airflow/example_dags/example_setup_teardown_taskflow.py for tasks to queue
[2023-07-25T16:23:38.016+0000] {logging_mixin.py:150} INFO - [2023-07-25T16:23:38.016+0000] {dagbag.py:541} INFO - Filling up the DagBag from /home/airflow/.local/lib/python3.9/site-packages/airflow/example_dags/example_setup_teardown_taskflow.py
[2023-07-25T16:23:38.019+0000] {processor.py:838} WARNING - No viable dags retrieved from /home/airflow/.local/lib/python3.9/site-packages/airflow/example_dags/example_setup_teardown_taskflow.py
[2023-07-25T16:23:38.054+0000] {processor.py:179} INFO - Processing /home/airflow/.local/lib/python3.9/site-packages/airflow/example_dags/example_setup_teardown_taskflow.py took 0.057 seconds
[2023-07-25T16:24:08.604+0000] {processor.py:157} INFO - Started process (PID=2647) to work on /home/airflow/.local/lib/python3.9/site-packages/airflow/example_dags/example_setup_teardown_taskflow.py
[2023-07-25T16:24:08.609+0000] {processor.py:826} INFO - Processing file /home/airflow/.local/lib/python3.9/site-packages/airflow/example_dags/example_setup_teardown_taskflow.py for tasks to queue
[2023-07-25T16:24:08.610+0000] {logging_mixin.py:150} INFO - [2023-07-25T16:24:08.609+0000] {dagbag.py:541} INFO - Filling up the DagBag from /home/airflow/.local/lib/python3.9/site-packages/airflow/example_dags/example_setup_teardown_taskflow.py
[2023-07-25T16:24:08.613+0000] {processor.py:838} WARNING - No viable dags retrieved from /home/airflow/.local/lib/python3.9/site-packages/airflow/example_dags/example_setup_teardown_taskflow.py
[2023-07-25T16:24:08.685+0000] {processor.py:179} INFO - Processing /home/airflow/.local/lib/python3.9/site-packages/airflow/example_dags/example_setup_teardown_taskflow.py took 0.085 seconds
