[2023-07-25T16:02:29.945+0000] {processor.py:157} INFO - Started process (PID=78) to work on /home/airflow/.local/lib/python3.9/site-packages/airflow/example_dags/example_time_delta_sensor_async.py
[2023-07-25T16:02:29.947+0000] {processor.py:826} INFO - Processing file /home/airflow/.local/lib/python3.9/site-packages/airflow/example_dags/example_time_delta_sensor_async.py for tasks to queue
[2023-07-25T16:02:29.948+0000] {logging_mixin.py:150} INFO - [2023-07-25T16:02:29.947+0000] {dagbag.py:541} INFO - Filling up the DagBag from /home/airflow/.local/lib/python3.9/site-packages/airflow/example_dags/example_time_delta_sensor_async.py
[2023-07-25T16:02:29.975+0000] {processor.py:836} INFO - DAG(s) dict_keys(['example_time_delta_sensor_async']) retrieved from /home/airflow/.local/lib/python3.9/site-packages/airflow/example_dags/example_time_delta_sensor_async.py
[2023-07-25T16:02:30.445+0000] {logging_mixin.py:150} INFO - [2023-07-25T16:02:30.445+0000] {dag.py:2742} INFO - Sync 1 DAGs
[2023-07-25T16:02:30.471+0000] {logging_mixin.py:150} INFO - [2023-07-25T16:02:30.471+0000] {dag.py:3504} INFO - Setting next_dagrun for example_time_delta_sensor_async to None, run_after=None
[2023-07-25T16:02:30.536+0000] {processor.py:179} INFO - Processing /home/airflow/.local/lib/python3.9/site-packages/airflow/example_dags/example_time_delta_sensor_async.py took 0.615 seconds
[2023-07-25T16:03:01.497+0000] {processor.py:157} INFO - Started process (PID=139) to work on /home/airflow/.local/lib/python3.9/site-packages/airflow/example_dags/example_time_delta_sensor_async.py
[2023-07-25T16:03:01.500+0000] {processor.py:826} INFO - Processing file /home/airflow/.local/lib/python3.9/site-packages/airflow/example_dags/example_time_delta_sensor_async.py for tasks to queue
[2023-07-25T16:03:01.502+0000] {logging_mixin.py:150} INFO - [2023-07-25T16:03:01.501+0000] {dagbag.py:541} INFO - Filling up the DagBag from /home/airflow/.local/lib/python3.9/site-packages/airflow/example_dags/example_time_delta_sensor_async.py
[2023-07-25T16:03:01.509+0000] {processor.py:836} INFO - DAG(s) dict_keys(['example_time_delta_sensor_async']) retrieved from /home/airflow/.local/lib/python3.9/site-packages/airflow/example_dags/example_time_delta_sensor_async.py
[2023-07-25T16:03:01.668+0000] {logging_mixin.py:150} INFO - [2023-07-25T16:03:01.667+0000] {dag.py:2742} INFO - Sync 1 DAGs
[2023-07-25T16:03:01.722+0000] {logging_mixin.py:150} INFO - [2023-07-25T16:03:01.722+0000] {dag.py:3504} INFO - Setting next_dagrun for example_time_delta_sensor_async to None, run_after=None
[2023-07-25T16:03:01.772+0000] {processor.py:179} INFO - Processing /home/airflow/.local/lib/python3.9/site-packages/airflow/example_dags/example_time_delta_sensor_async.py took 0.290 seconds
[2023-07-25T16:03:32.280+0000] {processor.py:157} INFO - Started process (PID=200) to work on /home/airflow/.local/lib/python3.9/site-packages/airflow/example_dags/example_time_delta_sensor_async.py
[2023-07-25T16:03:32.282+0000] {processor.py:826} INFO - Processing file /home/airflow/.local/lib/python3.9/site-packages/airflow/example_dags/example_time_delta_sensor_async.py for tasks to queue
[2023-07-25T16:03:32.283+0000] {logging_mixin.py:150} INFO - [2023-07-25T16:03:32.283+0000] {dagbag.py:541} INFO - Filling up the DagBag from /home/airflow/.local/lib/python3.9/site-packages/airflow/example_dags/example_time_delta_sensor_async.py
[2023-07-25T16:03:32.291+0000] {processor.py:836} INFO - DAG(s) dict_keys(['example_time_delta_sensor_async']) retrieved from /home/airflow/.local/lib/python3.9/site-packages/airflow/example_dags/example_time_delta_sensor_async.py
[2023-07-25T16:03:32.318+0000] {logging_mixin.py:150} INFO - [2023-07-25T16:03:32.318+0000] {dag.py:2742} INFO - Sync 1 DAGs
[2023-07-25T16:03:32.344+0000] {logging_mixin.py:150} INFO - [2023-07-25T16:03:32.343+0000] {dag.py:3504} INFO - Setting next_dagrun for example_time_delta_sensor_async to None, run_after=None
[2023-07-25T16:03:32.387+0000] {processor.py:179} INFO - Processing /home/airflow/.local/lib/python3.9/site-packages/airflow/example_dags/example_time_delta_sensor_async.py took 0.112 seconds
[2023-07-25T16:04:02.876+0000] {processor.py:157} INFO - Started process (PID=263) to work on /home/airflow/.local/lib/python3.9/site-packages/airflow/example_dags/example_time_delta_sensor_async.py
[2023-07-25T16:04:02.878+0000] {processor.py:826} INFO - Processing file /home/airflow/.local/lib/python3.9/site-packages/airflow/example_dags/example_time_delta_sensor_async.py for tasks to queue
[2023-07-25T16:04:02.879+0000] {logging_mixin.py:150} INFO - [2023-07-25T16:04:02.879+0000] {dagbag.py:541} INFO - Filling up the DagBag from /home/airflow/.local/lib/python3.9/site-packages/airflow/example_dags/example_time_delta_sensor_async.py
[2023-07-25T16:04:02.902+0000] {processor.py:836} INFO - DAG(s) dict_keys(['example_time_delta_sensor_async']) retrieved from /home/airflow/.local/lib/python3.9/site-packages/airflow/example_dags/example_time_delta_sensor_async.py
[2023-07-25T16:04:03.015+0000] {logging_mixin.py:150} INFO - [2023-07-25T16:04:03.015+0000] {dag.py:2742} INFO - Sync 1 DAGs
[2023-07-25T16:04:03.106+0000] {logging_mixin.py:150} INFO - [2023-07-25T16:04:03.105+0000] {dag.py:3504} INFO - Setting next_dagrun for example_time_delta_sensor_async to None, run_after=None
[2023-07-25T16:04:03.216+0000] {processor.py:179} INFO - Processing /home/airflow/.local/lib/python3.9/site-packages/airflow/example_dags/example_time_delta_sensor_async.py took 0.354 seconds
[2023-07-25T16:04:33.623+0000] {processor.py:157} INFO - Started process (PID=325) to work on /home/airflow/.local/lib/python3.9/site-packages/airflow/example_dags/example_time_delta_sensor_async.py
[2023-07-25T16:04:33.635+0000] {processor.py:826} INFO - Processing file /home/airflow/.local/lib/python3.9/site-packages/airflow/example_dags/example_time_delta_sensor_async.py for tasks to queue
[2023-07-25T16:04:33.636+0000] {logging_mixin.py:150} INFO - [2023-07-25T16:04:33.636+0000] {dagbag.py:541} INFO - Filling up the DagBag from /home/airflow/.local/lib/python3.9/site-packages/airflow/example_dags/example_time_delta_sensor_async.py
[2023-07-25T16:04:33.658+0000] {processor.py:836} INFO - DAG(s) dict_keys(['example_time_delta_sensor_async']) retrieved from /home/airflow/.local/lib/python3.9/site-packages/airflow/example_dags/example_time_delta_sensor_async.py
[2023-07-25T16:04:33.696+0000] {logging_mixin.py:150} INFO - [2023-07-25T16:04:33.695+0000] {dag.py:2742} INFO - Sync 1 DAGs
[2023-07-25T16:04:33.725+0000] {logging_mixin.py:150} INFO - [2023-07-25T16:04:33.724+0000] {dag.py:3504} INFO - Setting next_dagrun for example_time_delta_sensor_async to None, run_after=None
[2023-07-25T16:04:33.757+0000] {processor.py:179} INFO - Processing /home/airflow/.local/lib/python3.9/site-packages/airflow/example_dags/example_time_delta_sensor_async.py took 0.138 seconds
[2023-07-25T16:05:04.258+0000] {processor.py:157} INFO - Started process (PID=386) to work on /home/airflow/.local/lib/python3.9/site-packages/airflow/example_dags/example_time_delta_sensor_async.py
[2023-07-25T16:05:04.261+0000] {processor.py:826} INFO - Processing file /home/airflow/.local/lib/python3.9/site-packages/airflow/example_dags/example_time_delta_sensor_async.py for tasks to queue
[2023-07-25T16:05:04.262+0000] {logging_mixin.py:150} INFO - [2023-07-25T16:05:04.262+0000] {dagbag.py:541} INFO - Filling up the DagBag from /home/airflow/.local/lib/python3.9/site-packages/airflow/example_dags/example_time_delta_sensor_async.py
[2023-07-25T16:05:04.278+0000] {processor.py:836} INFO - DAG(s) dict_keys(['example_time_delta_sensor_async']) retrieved from /home/airflow/.local/lib/python3.9/site-packages/airflow/example_dags/example_time_delta_sensor_async.py
[2023-07-25T16:05:04.314+0000] {logging_mixin.py:150} INFO - [2023-07-25T16:05:04.313+0000] {dag.py:2742} INFO - Sync 1 DAGs
[2023-07-25T16:05:04.378+0000] {logging_mixin.py:150} INFO - [2023-07-25T16:05:04.377+0000] {dag.py:3504} INFO - Setting next_dagrun for example_time_delta_sensor_async to None, run_after=None
[2023-07-25T16:05:04.448+0000] {processor.py:179} INFO - Processing /home/airflow/.local/lib/python3.9/site-packages/airflow/example_dags/example_time_delta_sensor_async.py took 0.201 seconds
[2023-07-25T16:05:34.639+0000] {processor.py:157} INFO - Started process (PID=448) to work on /home/airflow/.local/lib/python3.9/site-packages/airflow/example_dags/example_time_delta_sensor_async.py
[2023-07-25T16:05:34.647+0000] {processor.py:826} INFO - Processing file /home/airflow/.local/lib/python3.9/site-packages/airflow/example_dags/example_time_delta_sensor_async.py for tasks to queue
[2023-07-25T16:05:34.648+0000] {logging_mixin.py:150} INFO - [2023-07-25T16:05:34.648+0000] {dagbag.py:541} INFO - Filling up the DagBag from /home/airflow/.local/lib/python3.9/site-packages/airflow/example_dags/example_time_delta_sensor_async.py
[2023-07-25T16:05:34.668+0000] {processor.py:836} INFO - DAG(s) dict_keys(['example_time_delta_sensor_async']) retrieved from /home/airflow/.local/lib/python3.9/site-packages/airflow/example_dags/example_time_delta_sensor_async.py
[2023-07-25T16:05:34.706+0000] {logging_mixin.py:150} INFO - [2023-07-25T16:05:34.705+0000] {dag.py:2742} INFO - Sync 1 DAGs
[2023-07-25T16:05:34.733+0000] {logging_mixin.py:150} INFO - [2023-07-25T16:05:34.733+0000] {dag.py:3504} INFO - Setting next_dagrun for example_time_delta_sensor_async to None, run_after=None
[2023-07-25T16:05:34.776+0000] {processor.py:179} INFO - Processing /home/airflow/.local/lib/python3.9/site-packages/airflow/example_dags/example_time_delta_sensor_async.py took 0.141 seconds
[2023-07-25T16:06:05.591+0000] {processor.py:157} INFO - Started process (PID=509) to work on /home/airflow/.local/lib/python3.9/site-packages/airflow/example_dags/example_time_delta_sensor_async.py
[2023-07-25T16:06:05.593+0000] {processor.py:826} INFO - Processing file /home/airflow/.local/lib/python3.9/site-packages/airflow/example_dags/example_time_delta_sensor_async.py for tasks to queue
[2023-07-25T16:06:05.594+0000] {logging_mixin.py:150} INFO - [2023-07-25T16:06:05.593+0000] {dagbag.py:541} INFO - Filling up the DagBag from /home/airflow/.local/lib/python3.9/site-packages/airflow/example_dags/example_time_delta_sensor_async.py
[2023-07-25T16:06:05.602+0000] {processor.py:836} INFO - DAG(s) dict_keys(['example_time_delta_sensor_async']) retrieved from /home/airflow/.local/lib/python3.9/site-packages/airflow/example_dags/example_time_delta_sensor_async.py
[2023-07-25T16:06:05.644+0000] {logging_mixin.py:150} INFO - [2023-07-25T16:06:05.644+0000] {dag.py:2742} INFO - Sync 1 DAGs
[2023-07-25T16:06:05.705+0000] {logging_mixin.py:150} INFO - [2023-07-25T16:06:05.705+0000] {dag.py:3504} INFO - Setting next_dagrun for example_time_delta_sensor_async to None, run_after=None
[2023-07-25T16:06:05.750+0000] {processor.py:179} INFO - Processing /home/airflow/.local/lib/python3.9/site-packages/airflow/example_dags/example_time_delta_sensor_async.py took 0.180 seconds
[2023-07-25T16:06:36.484+0000] {processor.py:157} INFO - Started process (PID=570) to work on /home/airflow/.local/lib/python3.9/site-packages/airflow/example_dags/example_time_delta_sensor_async.py
[2023-07-25T16:06:36.516+0000] {processor.py:826} INFO - Processing file /home/airflow/.local/lib/python3.9/site-packages/airflow/example_dags/example_time_delta_sensor_async.py for tasks to queue
[2023-07-25T16:06:36.517+0000] {logging_mixin.py:150} INFO - [2023-07-25T16:06:36.517+0000] {dagbag.py:541} INFO - Filling up the DagBag from /home/airflow/.local/lib/python3.9/site-packages/airflow/example_dags/example_time_delta_sensor_async.py
[2023-07-25T16:06:36.543+0000] {processor.py:836} INFO - DAG(s) dict_keys(['example_time_delta_sensor_async']) retrieved from /home/airflow/.local/lib/python3.9/site-packages/airflow/example_dags/example_time_delta_sensor_async.py
[2023-07-25T16:06:36.659+0000] {logging_mixin.py:150} INFO - [2023-07-25T16:06:36.658+0000] {dag.py:2742} INFO - Sync 1 DAGs
[2023-07-25T16:06:36.736+0000] {logging_mixin.py:150} INFO - [2023-07-25T16:06:36.735+0000] {dag.py:3504} INFO - Setting next_dagrun for example_time_delta_sensor_async to None, run_after=None
[2023-07-25T16:06:36.805+0000] {processor.py:179} INFO - Processing /home/airflow/.local/lib/python3.9/site-packages/airflow/example_dags/example_time_delta_sensor_async.py took 0.325 seconds
[2023-07-25T16:07:07.024+0000] {processor.py:157} INFO - Started process (PID=632) to work on /home/airflow/.local/lib/python3.9/site-packages/airflow/example_dags/example_time_delta_sensor_async.py
[2023-07-25T16:07:07.031+0000] {processor.py:826} INFO - Processing file /home/airflow/.local/lib/python3.9/site-packages/airflow/example_dags/example_time_delta_sensor_async.py for tasks to queue
[2023-07-25T16:07:07.032+0000] {logging_mixin.py:150} INFO - [2023-07-25T16:07:07.032+0000] {dagbag.py:541} INFO - Filling up the DagBag from /home/airflow/.local/lib/python3.9/site-packages/airflow/example_dags/example_time_delta_sensor_async.py
[2023-07-25T16:07:07.040+0000] {processor.py:836} INFO - DAG(s) dict_keys(['example_time_delta_sensor_async']) retrieved from /home/airflow/.local/lib/python3.9/site-packages/airflow/example_dags/example_time_delta_sensor_async.py
[2023-07-25T16:07:07.091+0000] {logging_mixin.py:150} INFO - [2023-07-25T16:07:07.091+0000] {dag.py:2742} INFO - Sync 1 DAGs
[2023-07-25T16:07:07.139+0000] {logging_mixin.py:150} INFO - [2023-07-25T16:07:07.139+0000] {dag.py:3504} INFO - Setting next_dagrun for example_time_delta_sensor_async to None, run_after=None
[2023-07-25T16:07:07.162+0000] {processor.py:179} INFO - Processing /home/airflow/.local/lib/python3.9/site-packages/airflow/example_dags/example_time_delta_sensor_async.py took 0.145 seconds
[2023-07-25T16:07:38.974+0000] {processor.py:157} INFO - Started process (PID=700) to work on /home/airflow/.local/lib/python3.9/site-packages/airflow/example_dags/example_time_delta_sensor_async.py
[2023-07-25T16:07:39.000+0000] {processor.py:826} INFO - Processing file /home/airflow/.local/lib/python3.9/site-packages/airflow/example_dags/example_time_delta_sensor_async.py for tasks to queue
[2023-07-25T16:07:39.001+0000] {logging_mixin.py:150} INFO - [2023-07-25T16:07:39.000+0000] {dagbag.py:541} INFO - Filling up the DagBag from /home/airflow/.local/lib/python3.9/site-packages/airflow/example_dags/example_time_delta_sensor_async.py
[2023-07-25T16:07:39.011+0000] {processor.py:836} INFO - DAG(s) dict_keys(['example_time_delta_sensor_async']) retrieved from /home/airflow/.local/lib/python3.9/site-packages/airflow/example_dags/example_time_delta_sensor_async.py
[2023-07-25T16:07:39.072+0000] {logging_mixin.py:150} INFO - [2023-07-25T16:07:39.072+0000] {dag.py:2742} INFO - Sync 1 DAGs
[2023-07-25T16:07:39.141+0000] {logging_mixin.py:150} INFO - [2023-07-25T16:07:39.140+0000] {dag.py:3504} INFO - Setting next_dagrun for example_time_delta_sensor_async to None, run_after=None
[2023-07-25T16:07:39.219+0000] {processor.py:179} INFO - Processing /home/airflow/.local/lib/python3.9/site-packages/airflow/example_dags/example_time_delta_sensor_async.py took 0.249 seconds
[2023-07-25T16:08:09.341+0000] {processor.py:157} INFO - Started process (PID=754) to work on /home/airflow/.local/lib/python3.9/site-packages/airflow/example_dags/example_time_delta_sensor_async.py
[2023-07-25T16:08:09.351+0000] {processor.py:826} INFO - Processing file /home/airflow/.local/lib/python3.9/site-packages/airflow/example_dags/example_time_delta_sensor_async.py for tasks to queue
[2023-07-25T16:08:09.352+0000] {logging_mixin.py:150} INFO - [2023-07-25T16:08:09.352+0000] {dagbag.py:541} INFO - Filling up the DagBag from /home/airflow/.local/lib/python3.9/site-packages/airflow/example_dags/example_time_delta_sensor_async.py
[2023-07-25T16:08:09.367+0000] {processor.py:836} INFO - DAG(s) dict_keys(['example_time_delta_sensor_async']) retrieved from /home/airflow/.local/lib/python3.9/site-packages/airflow/example_dags/example_time_delta_sensor_async.py
[2023-07-25T16:08:09.430+0000] {logging_mixin.py:150} INFO - [2023-07-25T16:08:09.430+0000] {dag.py:2742} INFO - Sync 1 DAGs
[2023-07-25T16:08:09.488+0000] {logging_mixin.py:150} INFO - [2023-07-25T16:08:09.488+0000] {dag.py:3504} INFO - Setting next_dagrun for example_time_delta_sensor_async to None, run_after=None
[2023-07-25T16:08:09.547+0000] {processor.py:179} INFO - Processing /home/airflow/.local/lib/python3.9/site-packages/airflow/example_dags/example_time_delta_sensor_async.py took 0.210 seconds
[2023-07-25T16:08:42.851+0000] {processor.py:157} INFO - Started process (PID=823) to work on /home/airflow/.local/lib/python3.9/site-packages/airflow/example_dags/example_time_delta_sensor_async.py
[2023-07-25T16:08:42.852+0000] {processor.py:826} INFO - Processing file /home/airflow/.local/lib/python3.9/site-packages/airflow/example_dags/example_time_delta_sensor_async.py for tasks to queue
[2023-07-25T16:08:42.853+0000] {logging_mixin.py:150} INFO - [2023-07-25T16:08:42.853+0000] {dagbag.py:541} INFO - Filling up the DagBag from /home/airflow/.local/lib/python3.9/site-packages/airflow/example_dags/example_time_delta_sensor_async.py
[2023-07-25T16:08:42.874+0000] {processor.py:836} INFO - DAG(s) dict_keys(['example_time_delta_sensor_async']) retrieved from /home/airflow/.local/lib/python3.9/site-packages/airflow/example_dags/example_time_delta_sensor_async.py
[2023-07-25T16:08:43.095+0000] {logging_mixin.py:150} INFO - [2023-07-25T16:08:43.095+0000] {dag.py:2742} INFO - Sync 1 DAGs
[2023-07-25T16:08:43.269+0000] {logging_mixin.py:150} INFO - [2023-07-25T16:08:43.269+0000] {dag.py:3504} INFO - Setting next_dagrun for example_time_delta_sensor_async to None, run_after=None
[2023-07-25T16:08:43.399+0000] {processor.py:179} INFO - Processing /home/airflow/.local/lib/python3.9/site-packages/airflow/example_dags/example_time_delta_sensor_async.py took 0.608 seconds
[2023-07-25T16:09:14.338+0000] {processor.py:157} INFO - Started process (PID=878) to work on /home/airflow/.local/lib/python3.9/site-packages/airflow/example_dags/example_time_delta_sensor_async.py
[2023-07-25T16:09:14.340+0000] {processor.py:826} INFO - Processing file /home/airflow/.local/lib/python3.9/site-packages/airflow/example_dags/example_time_delta_sensor_async.py for tasks to queue
[2023-07-25T16:09:14.341+0000] {logging_mixin.py:150} INFO - [2023-07-25T16:09:14.341+0000] {dagbag.py:541} INFO - Filling up the DagBag from /home/airflow/.local/lib/python3.9/site-packages/airflow/example_dags/example_time_delta_sensor_async.py
[2023-07-25T16:09:14.357+0000] {processor.py:836} INFO - DAG(s) dict_keys(['example_time_delta_sensor_async']) retrieved from /home/airflow/.local/lib/python3.9/site-packages/airflow/example_dags/example_time_delta_sensor_async.py
[2023-07-25T16:09:14.392+0000] {logging_mixin.py:150} INFO - [2023-07-25T16:09:14.392+0000] {dag.py:2742} INFO - Sync 1 DAGs
[2023-07-25T16:09:14.423+0000] {logging_mixin.py:150} INFO - [2023-07-25T16:09:14.422+0000] {dag.py:3504} INFO - Setting next_dagrun for example_time_delta_sensor_async to None, run_after=None
[2023-07-25T16:09:14.474+0000] {processor.py:179} INFO - Processing /home/airflow/.local/lib/python3.9/site-packages/airflow/example_dags/example_time_delta_sensor_async.py took 0.150 seconds
[2023-07-25T16:09:44.605+0000] {processor.py:157} INFO - Started process (PID=939) to work on /home/airflow/.local/lib/python3.9/site-packages/airflow/example_dags/example_time_delta_sensor_async.py
[2023-07-25T16:09:44.615+0000] {processor.py:826} INFO - Processing file /home/airflow/.local/lib/python3.9/site-packages/airflow/example_dags/example_time_delta_sensor_async.py for tasks to queue
[2023-07-25T16:09:44.616+0000] {logging_mixin.py:150} INFO - [2023-07-25T16:09:44.616+0000] {dagbag.py:541} INFO - Filling up the DagBag from /home/airflow/.local/lib/python3.9/site-packages/airflow/example_dags/example_time_delta_sensor_async.py
[2023-07-25T16:09:44.624+0000] {processor.py:836} INFO - DAG(s) dict_keys(['example_time_delta_sensor_async']) retrieved from /home/airflow/.local/lib/python3.9/site-packages/airflow/example_dags/example_time_delta_sensor_async.py
[2023-07-25T16:09:44.650+0000] {logging_mixin.py:150} INFO - [2023-07-25T16:09:44.650+0000] {dag.py:2742} INFO - Sync 1 DAGs
[2023-07-25T16:09:44.701+0000] {logging_mixin.py:150} INFO - [2023-07-25T16:09:44.700+0000] {dag.py:3504} INFO - Setting next_dagrun for example_time_delta_sensor_async to None, run_after=None
[2023-07-25T16:09:44.755+0000] {processor.py:179} INFO - Processing /home/airflow/.local/lib/python3.9/site-packages/airflow/example_dags/example_time_delta_sensor_async.py took 0.163 seconds
[2023-07-25T16:10:15.745+0000] {processor.py:157} INFO - Started process (PID=1000) to work on /home/airflow/.local/lib/python3.9/site-packages/airflow/example_dags/example_time_delta_sensor_async.py
[2023-07-25T16:10:15.755+0000] {processor.py:826} INFO - Processing file /home/airflow/.local/lib/python3.9/site-packages/airflow/example_dags/example_time_delta_sensor_async.py for tasks to queue
[2023-07-25T16:10:15.756+0000] {logging_mixin.py:150} INFO - [2023-07-25T16:10:15.756+0000] {dagbag.py:541} INFO - Filling up the DagBag from /home/airflow/.local/lib/python3.9/site-packages/airflow/example_dags/example_time_delta_sensor_async.py
[2023-07-25T16:10:15.764+0000] {processor.py:836} INFO - DAG(s) dict_keys(['example_time_delta_sensor_async']) retrieved from /home/airflow/.local/lib/python3.9/site-packages/airflow/example_dags/example_time_delta_sensor_async.py
[2023-07-25T16:10:15.848+0000] {logging_mixin.py:150} INFO - [2023-07-25T16:10:15.848+0000] {dag.py:2742} INFO - Sync 1 DAGs
[2023-07-25T16:10:15.878+0000] {logging_mixin.py:150} INFO - [2023-07-25T16:10:15.877+0000] {dag.py:3504} INFO - Setting next_dagrun for example_time_delta_sensor_async to None, run_after=None
[2023-07-25T16:10:15.917+0000] {processor.py:179} INFO - Processing /home/airflow/.local/lib/python3.9/site-packages/airflow/example_dags/example_time_delta_sensor_async.py took 0.176 seconds
[2023-07-25T16:10:47.000+0000] {processor.py:157} INFO - Started process (PID=1062) to work on /home/airflow/.local/lib/python3.9/site-packages/airflow/example_dags/example_time_delta_sensor_async.py
[2023-07-25T16:10:47.015+0000] {processor.py:826} INFO - Processing file /home/airflow/.local/lib/python3.9/site-packages/airflow/example_dags/example_time_delta_sensor_async.py for tasks to queue
[2023-07-25T16:10:47.016+0000] {logging_mixin.py:150} INFO - [2023-07-25T16:10:47.016+0000] {dagbag.py:541} INFO - Filling up the DagBag from /home/airflow/.local/lib/python3.9/site-packages/airflow/example_dags/example_time_delta_sensor_async.py
[2023-07-25T16:10:47.024+0000] {processor.py:836} INFO - DAG(s) dict_keys(['example_time_delta_sensor_async']) retrieved from /home/airflow/.local/lib/python3.9/site-packages/airflow/example_dags/example_time_delta_sensor_async.py
[2023-07-25T16:10:47.094+0000] {logging_mixin.py:150} INFO - [2023-07-25T16:10:47.094+0000] {dag.py:2742} INFO - Sync 1 DAGs
[2023-07-25T16:10:47.143+0000] {logging_mixin.py:150} INFO - [2023-07-25T16:10:47.143+0000] {dag.py:3504} INFO - Setting next_dagrun for example_time_delta_sensor_async to None, run_after=None
[2023-07-25T16:10:47.208+0000] {processor.py:179} INFO - Processing /home/airflow/.local/lib/python3.9/site-packages/airflow/example_dags/example_time_delta_sensor_async.py took 0.213 seconds
[2023-07-25T16:11:21.594+0000] {processor.py:157} INFO - Started process (PID=1123) to work on /home/airflow/.local/lib/python3.9/site-packages/airflow/example_dags/example_time_delta_sensor_async.py
[2023-07-25T16:11:21.610+0000] {processor.py:826} INFO - Processing file /home/airflow/.local/lib/python3.9/site-packages/airflow/example_dags/example_time_delta_sensor_async.py for tasks to queue
[2023-07-25T16:11:21.611+0000] {logging_mixin.py:150} INFO - [2023-07-25T16:11:21.611+0000] {dagbag.py:541} INFO - Filling up the DagBag from /home/airflow/.local/lib/python3.9/site-packages/airflow/example_dags/example_time_delta_sensor_async.py
[2023-07-25T16:11:21.620+0000] {processor.py:836} INFO - DAG(s) dict_keys(['example_time_delta_sensor_async']) retrieved from /home/airflow/.local/lib/python3.9/site-packages/airflow/example_dags/example_time_delta_sensor_async.py
[2023-07-25T16:11:21.647+0000] {logging_mixin.py:150} INFO - [2023-07-25T16:11:21.646+0000] {dag.py:2742} INFO - Sync 1 DAGs
[2023-07-25T16:11:21.676+0000] {logging_mixin.py:150} INFO - [2023-07-25T16:11:21.676+0000] {dag.py:3504} INFO - Setting next_dagrun for example_time_delta_sensor_async to None, run_after=None
[2023-07-25T16:11:21.716+0000] {processor.py:179} INFO - Processing /home/airflow/.local/lib/python3.9/site-packages/airflow/example_dags/example_time_delta_sensor_async.py took 0.136 seconds
[2023-07-25T16:11:52.061+0000] {processor.py:157} INFO - Started process (PID=1185) to work on /home/airflow/.local/lib/python3.9/site-packages/airflow/example_dags/example_time_delta_sensor_async.py
[2023-07-25T16:11:52.063+0000] {processor.py:826} INFO - Processing file /home/airflow/.local/lib/python3.9/site-packages/airflow/example_dags/example_time_delta_sensor_async.py for tasks to queue
[2023-07-25T16:11:52.064+0000] {logging_mixin.py:150} INFO - [2023-07-25T16:11:52.064+0000] {dagbag.py:541} INFO - Filling up the DagBag from /home/airflow/.local/lib/python3.9/site-packages/airflow/example_dags/example_time_delta_sensor_async.py
[2023-07-25T16:11:52.072+0000] {processor.py:836} INFO - DAG(s) dict_keys(['example_time_delta_sensor_async']) retrieved from /home/airflow/.local/lib/python3.9/site-packages/airflow/example_dags/example_time_delta_sensor_async.py
[2023-07-25T16:11:52.098+0000] {logging_mixin.py:150} INFO - [2023-07-25T16:11:52.098+0000] {dag.py:2742} INFO - Sync 1 DAGs
[2023-07-25T16:11:52.126+0000] {logging_mixin.py:150} INFO - [2023-07-25T16:11:52.126+0000] {dag.py:3504} INFO - Setting next_dagrun for example_time_delta_sensor_async to None, run_after=None
[2023-07-25T16:11:52.180+0000] {processor.py:179} INFO - Processing /home/airflow/.local/lib/python3.9/site-packages/airflow/example_dags/example_time_delta_sensor_async.py took 0.123 seconds
[2023-07-25T16:12:23.896+0000] {processor.py:157} INFO - Started process (PID=1246) to work on /home/airflow/.local/lib/python3.9/site-packages/airflow/example_dags/example_time_delta_sensor_async.py
[2023-07-25T16:12:23.901+0000] {processor.py:826} INFO - Processing file /home/airflow/.local/lib/python3.9/site-packages/airflow/example_dags/example_time_delta_sensor_async.py for tasks to queue
[2023-07-25T16:12:23.902+0000] {logging_mixin.py:150} INFO - [2023-07-25T16:12:23.902+0000] {dagbag.py:541} INFO - Filling up the DagBag from /home/airflow/.local/lib/python3.9/site-packages/airflow/example_dags/example_time_delta_sensor_async.py
[2023-07-25T16:12:23.916+0000] {processor.py:836} INFO - DAG(s) dict_keys(['example_time_delta_sensor_async']) retrieved from /home/airflow/.local/lib/python3.9/site-packages/airflow/example_dags/example_time_delta_sensor_async.py
[2023-07-25T16:12:23.958+0000] {logging_mixin.py:150} INFO - [2023-07-25T16:12:23.958+0000] {dag.py:2742} INFO - Sync 1 DAGs
[2023-07-25T16:12:23.997+0000] {logging_mixin.py:150} INFO - [2023-07-25T16:12:23.996+0000] {dag.py:3504} INFO - Setting next_dagrun for example_time_delta_sensor_async to None, run_after=None
[2023-07-25T16:12:24.039+0000] {processor.py:179} INFO - Processing /home/airflow/.local/lib/python3.9/site-packages/airflow/example_dags/example_time_delta_sensor_async.py took 0.148 seconds
[2023-07-25T16:12:54.865+0000] {processor.py:157} INFO - Started process (PID=1307) to work on /home/airflow/.local/lib/python3.9/site-packages/airflow/example_dags/example_time_delta_sensor_async.py
[2023-07-25T16:12:54.872+0000] {processor.py:826} INFO - Processing file /home/airflow/.local/lib/python3.9/site-packages/airflow/example_dags/example_time_delta_sensor_async.py for tasks to queue
[2023-07-25T16:12:54.873+0000] {logging_mixin.py:150} INFO - [2023-07-25T16:12:54.872+0000] {dagbag.py:541} INFO - Filling up the DagBag from /home/airflow/.local/lib/python3.9/site-packages/airflow/example_dags/example_time_delta_sensor_async.py
[2023-07-25T16:12:54.880+0000] {processor.py:836} INFO - DAG(s) dict_keys(['example_time_delta_sensor_async']) retrieved from /home/airflow/.local/lib/python3.9/site-packages/airflow/example_dags/example_time_delta_sensor_async.py
[2023-07-25T16:12:54.930+0000] {logging_mixin.py:150} INFO - [2023-07-25T16:12:54.929+0000] {dag.py:2742} INFO - Sync 1 DAGs
[2023-07-25T16:12:54.982+0000] {logging_mixin.py:150} INFO - [2023-07-25T16:12:54.982+0000] {dag.py:3504} INFO - Setting next_dagrun for example_time_delta_sensor_async to None, run_after=None
[2023-07-25T16:12:55.024+0000] {processor.py:179} INFO - Processing /home/airflow/.local/lib/python3.9/site-packages/airflow/example_dags/example_time_delta_sensor_async.py took 0.174 seconds
[2023-07-25T16:13:27.324+0000] {processor.py:157} INFO - Started process (PID=1369) to work on /home/airflow/.local/lib/python3.9/site-packages/airflow/example_dags/example_time_delta_sensor_async.py
[2023-07-25T16:13:27.355+0000] {processor.py:826} INFO - Processing file /home/airflow/.local/lib/python3.9/site-packages/airflow/example_dags/example_time_delta_sensor_async.py for tasks to queue
[2023-07-25T16:13:27.356+0000] {logging_mixin.py:150} INFO - [2023-07-25T16:13:27.356+0000] {dagbag.py:541} INFO - Filling up the DagBag from /home/airflow/.local/lib/python3.9/site-packages/airflow/example_dags/example_time_delta_sensor_async.py
[2023-07-25T16:13:27.364+0000] {processor.py:836} INFO - DAG(s) dict_keys(['example_time_delta_sensor_async']) retrieved from /home/airflow/.local/lib/python3.9/site-packages/airflow/example_dags/example_time_delta_sensor_async.py
[2023-07-25T16:13:27.535+0000] {logging_mixin.py:150} INFO - [2023-07-25T16:13:27.535+0000] {dag.py:2742} INFO - Sync 1 DAGs
[2023-07-25T16:13:27.668+0000] {logging_mixin.py:150} INFO - [2023-07-25T16:13:27.667+0000] {dag.py:3504} INFO - Setting next_dagrun for example_time_delta_sensor_async to None, run_after=None
[2023-07-25T16:13:27.785+0000] {processor.py:179} INFO - Processing /home/airflow/.local/lib/python3.9/site-packages/airflow/example_dags/example_time_delta_sensor_async.py took 0.466 seconds
[2023-07-25T16:13:58.134+0000] {processor.py:157} INFO - Started process (PID=1430) to work on /home/airflow/.local/lib/python3.9/site-packages/airflow/example_dags/example_time_delta_sensor_async.py
[2023-07-25T16:13:58.146+0000] {processor.py:826} INFO - Processing file /home/airflow/.local/lib/python3.9/site-packages/airflow/example_dags/example_time_delta_sensor_async.py for tasks to queue
[2023-07-25T16:13:58.147+0000] {logging_mixin.py:150} INFO - [2023-07-25T16:13:58.147+0000] {dagbag.py:541} INFO - Filling up the DagBag from /home/airflow/.local/lib/python3.9/site-packages/airflow/example_dags/example_time_delta_sensor_async.py
[2023-07-25T16:13:58.163+0000] {processor.py:836} INFO - DAG(s) dict_keys(['example_time_delta_sensor_async']) retrieved from /home/airflow/.local/lib/python3.9/site-packages/airflow/example_dags/example_time_delta_sensor_async.py
[2023-07-25T16:13:58.233+0000] {logging_mixin.py:150} INFO - [2023-07-25T16:13:58.232+0000] {dag.py:2742} INFO - Sync 1 DAGs
[2023-07-25T16:13:58.281+0000] {logging_mixin.py:150} INFO - [2023-07-25T16:13:58.281+0000] {dag.py:3504} INFO - Setting next_dagrun for example_time_delta_sensor_async to None, run_after=None
[2023-07-25T16:13:58.357+0000] {processor.py:179} INFO - Processing /home/airflow/.local/lib/python3.9/site-packages/airflow/example_dags/example_time_delta_sensor_async.py took 0.228 seconds
[2023-07-25T16:14:29.288+0000] {processor.py:157} INFO - Started process (PID=1491) to work on /home/airflow/.local/lib/python3.9/site-packages/airflow/example_dags/example_time_delta_sensor_async.py
[2023-07-25T16:14:29.295+0000] {processor.py:826} INFO - Processing file /home/airflow/.local/lib/python3.9/site-packages/airflow/example_dags/example_time_delta_sensor_async.py for tasks to queue
[2023-07-25T16:14:29.296+0000] {logging_mixin.py:150} INFO - [2023-07-25T16:14:29.295+0000] {dagbag.py:541} INFO - Filling up the DagBag from /home/airflow/.local/lib/python3.9/site-packages/airflow/example_dags/example_time_delta_sensor_async.py
[2023-07-25T16:14:29.303+0000] {processor.py:836} INFO - DAG(s) dict_keys(['example_time_delta_sensor_async']) retrieved from /home/airflow/.local/lib/python3.9/site-packages/airflow/example_dags/example_time_delta_sensor_async.py
[2023-07-25T16:14:29.339+0000] {logging_mixin.py:150} INFO - [2023-07-25T16:14:29.339+0000] {dag.py:2742} INFO - Sync 1 DAGs
[2023-07-25T16:14:29.368+0000] {logging_mixin.py:150} INFO - [2023-07-25T16:14:29.368+0000] {dag.py:3504} INFO - Setting next_dagrun for example_time_delta_sensor_async to None, run_after=None
[2023-07-25T16:14:29.397+0000] {processor.py:179} INFO - Processing /home/airflow/.local/lib/python3.9/site-packages/airflow/example_dags/example_time_delta_sensor_async.py took 0.125 seconds
[2023-07-25T16:14:59.923+0000] {processor.py:157} INFO - Started process (PID=1552) to work on /home/airflow/.local/lib/python3.9/site-packages/airflow/example_dags/example_time_delta_sensor_async.py
[2023-07-25T16:14:59.925+0000] {processor.py:826} INFO - Processing file /home/airflow/.local/lib/python3.9/site-packages/airflow/example_dags/example_time_delta_sensor_async.py for tasks to queue
[2023-07-25T16:14:59.930+0000] {logging_mixin.py:150} INFO - [2023-07-25T16:14:59.928+0000] {dagbag.py:541} INFO - Filling up the DagBag from /home/airflow/.local/lib/python3.9/site-packages/airflow/example_dags/example_time_delta_sensor_async.py
[2023-07-25T16:14:59.942+0000] {processor.py:836} INFO - DAG(s) dict_keys(['example_time_delta_sensor_async']) retrieved from /home/airflow/.local/lib/python3.9/site-packages/airflow/example_dags/example_time_delta_sensor_async.py
[2023-07-25T16:14:59.989+0000] {logging_mixin.py:150} INFO - [2023-07-25T16:14:59.988+0000] {dag.py:2742} INFO - Sync 1 DAGs
[2023-07-25T16:15:00.049+0000] {logging_mixin.py:150} INFO - [2023-07-25T16:15:00.049+0000] {dag.py:3504} INFO - Setting next_dagrun for example_time_delta_sensor_async to None, run_after=None
[2023-07-25T16:15:00.084+0000] {processor.py:179} INFO - Processing /home/airflow/.local/lib/python3.9/site-packages/airflow/example_dags/example_time_delta_sensor_async.py took 0.184 seconds
[2023-07-25T16:15:30.430+0000] {processor.py:157} INFO - Started process (PID=1613) to work on /home/airflow/.local/lib/python3.9/site-packages/airflow/example_dags/example_time_delta_sensor_async.py
[2023-07-25T16:15:30.445+0000] {processor.py:826} INFO - Processing file /home/airflow/.local/lib/python3.9/site-packages/airflow/example_dags/example_time_delta_sensor_async.py for tasks to queue
[2023-07-25T16:15:30.446+0000] {logging_mixin.py:150} INFO - [2023-07-25T16:15:30.446+0000] {dagbag.py:541} INFO - Filling up the DagBag from /home/airflow/.local/lib/python3.9/site-packages/airflow/example_dags/example_time_delta_sensor_async.py
[2023-07-25T16:15:30.454+0000] {processor.py:836} INFO - DAG(s) dict_keys(['example_time_delta_sensor_async']) retrieved from /home/airflow/.local/lib/python3.9/site-packages/airflow/example_dags/example_time_delta_sensor_async.py
[2023-07-25T16:15:30.554+0000] {logging_mixin.py:150} INFO - [2023-07-25T16:15:30.553+0000] {dag.py:2742} INFO - Sync 1 DAGs
[2023-07-25T16:15:30.615+0000] {logging_mixin.py:150} INFO - [2023-07-25T16:15:30.615+0000] {dag.py:3504} INFO - Setting next_dagrun for example_time_delta_sensor_async to None, run_after=None
[2023-07-25T16:15:30.672+0000] {processor.py:179} INFO - Processing /home/airflow/.local/lib/python3.9/site-packages/airflow/example_dags/example_time_delta_sensor_async.py took 0.247 seconds
[2023-07-25T16:16:02.547+0000] {processor.py:157} INFO - Started process (PID=1675) to work on /home/airflow/.local/lib/python3.9/site-packages/airflow/example_dags/example_time_delta_sensor_async.py
[2023-07-25T16:16:02.565+0000] {processor.py:826} INFO - Processing file /home/airflow/.local/lib/python3.9/site-packages/airflow/example_dags/example_time_delta_sensor_async.py for tasks to queue
[2023-07-25T16:16:02.566+0000] {logging_mixin.py:150} INFO - [2023-07-25T16:16:02.566+0000] {dagbag.py:541} INFO - Filling up the DagBag from /home/airflow/.local/lib/python3.9/site-packages/airflow/example_dags/example_time_delta_sensor_async.py
[2023-07-25T16:16:02.574+0000] {processor.py:836} INFO - DAG(s) dict_keys(['example_time_delta_sensor_async']) retrieved from /home/airflow/.local/lib/python3.9/site-packages/airflow/example_dags/example_time_delta_sensor_async.py
[2023-07-25T16:16:02.668+0000] {logging_mixin.py:150} INFO - [2023-07-25T16:16:02.667+0000] {dag.py:2742} INFO - Sync 1 DAGs
[2023-07-25T16:16:02.759+0000] {logging_mixin.py:150} INFO - [2023-07-25T16:16:02.758+0000] {dag.py:3504} INFO - Setting next_dagrun for example_time_delta_sensor_async to None, run_after=None
[2023-07-25T16:16:02.812+0000] {processor.py:179} INFO - Processing /home/airflow/.local/lib/python3.9/site-packages/airflow/example_dags/example_time_delta_sensor_async.py took 0.281 seconds
[2023-07-25T16:16:33.781+0000] {processor.py:157} INFO - Started process (PID=1738) to work on /home/airflow/.local/lib/python3.9/site-packages/airflow/example_dags/example_time_delta_sensor_async.py
[2023-07-25T16:16:33.795+0000] {processor.py:826} INFO - Processing file /home/airflow/.local/lib/python3.9/site-packages/airflow/example_dags/example_time_delta_sensor_async.py for tasks to queue
[2023-07-25T16:16:33.796+0000] {logging_mixin.py:150} INFO - [2023-07-25T16:16:33.796+0000] {dagbag.py:541} INFO - Filling up the DagBag from /home/airflow/.local/lib/python3.9/site-packages/airflow/example_dags/example_time_delta_sensor_async.py
[2023-07-25T16:16:33.817+0000] {processor.py:836} INFO - DAG(s) dict_keys(['example_time_delta_sensor_async']) retrieved from /home/airflow/.local/lib/python3.9/site-packages/airflow/example_dags/example_time_delta_sensor_async.py
[2023-07-25T16:16:33.855+0000] {logging_mixin.py:150} INFO - [2023-07-25T16:16:33.855+0000] {dag.py:2742} INFO - Sync 1 DAGs
[2023-07-25T16:16:33.885+0000] {logging_mixin.py:150} INFO - [2023-07-25T16:16:33.885+0000] {dag.py:3504} INFO - Setting next_dagrun for example_time_delta_sensor_async to None, run_after=None
[2023-07-25T16:16:33.924+0000] {processor.py:179} INFO - Processing /home/airflow/.local/lib/python3.9/site-packages/airflow/example_dags/example_time_delta_sensor_async.py took 0.148 seconds
[2023-07-25T16:17:04.114+0000] {processor.py:157} INFO - Started process (PID=1799) to work on /home/airflow/.local/lib/python3.9/site-packages/airflow/example_dags/example_time_delta_sensor_async.py
[2023-07-25T16:17:04.121+0000] {processor.py:826} INFO - Processing file /home/airflow/.local/lib/python3.9/site-packages/airflow/example_dags/example_time_delta_sensor_async.py for tasks to queue
[2023-07-25T16:17:04.124+0000] {logging_mixin.py:150} INFO - [2023-07-25T16:17:04.124+0000] {dagbag.py:541} INFO - Filling up the DagBag from /home/airflow/.local/lib/python3.9/site-packages/airflow/example_dags/example_time_delta_sensor_async.py
[2023-07-25T16:17:04.157+0000] {processor.py:836} INFO - DAG(s) dict_keys(['example_time_delta_sensor_async']) retrieved from /home/airflow/.local/lib/python3.9/site-packages/airflow/example_dags/example_time_delta_sensor_async.py
[2023-07-25T16:17:04.202+0000] {logging_mixin.py:150} INFO - [2023-07-25T16:17:04.202+0000] {dag.py:2742} INFO - Sync 1 DAGs
[2023-07-25T16:17:04.231+0000] {logging_mixin.py:150} INFO - [2023-07-25T16:17:04.231+0000] {dag.py:3504} INFO - Setting next_dagrun for example_time_delta_sensor_async to None, run_after=None
[2023-07-25T16:17:04.255+0000] {processor.py:179} INFO - Processing /home/airflow/.local/lib/python3.9/site-packages/airflow/example_dags/example_time_delta_sensor_async.py took 0.151 seconds
[2023-07-25T16:17:34.604+0000] {processor.py:157} INFO - Started process (PID=1861) to work on /home/airflow/.local/lib/python3.9/site-packages/airflow/example_dags/example_time_delta_sensor_async.py
[2023-07-25T16:17:34.625+0000] {processor.py:826} INFO - Processing file /home/airflow/.local/lib/python3.9/site-packages/airflow/example_dags/example_time_delta_sensor_async.py for tasks to queue
[2023-07-25T16:17:34.626+0000] {logging_mixin.py:150} INFO - [2023-07-25T16:17:34.626+0000] {dagbag.py:541} INFO - Filling up the DagBag from /home/airflow/.local/lib/python3.9/site-packages/airflow/example_dags/example_time_delta_sensor_async.py
[2023-07-25T16:17:34.634+0000] {processor.py:836} INFO - DAG(s) dict_keys(['example_time_delta_sensor_async']) retrieved from /home/airflow/.local/lib/python3.9/site-packages/airflow/example_dags/example_time_delta_sensor_async.py
[2023-07-25T16:17:34.756+0000] {logging_mixin.py:150} INFO - [2023-07-25T16:17:34.755+0000] {dag.py:2742} INFO - Sync 1 DAGs
[2023-07-25T16:17:34.800+0000] {logging_mixin.py:150} INFO - [2023-07-25T16:17:34.799+0000] {dag.py:3504} INFO - Setting next_dagrun for example_time_delta_sensor_async to None, run_after=None
[2023-07-25T16:17:34.875+0000] {processor.py:179} INFO - Processing /home/airflow/.local/lib/python3.9/site-packages/airflow/example_dags/example_time_delta_sensor_async.py took 0.276 seconds
[2023-07-25T16:18:05.128+0000] {processor.py:157} INFO - Started process (PID=1921) to work on /home/airflow/.local/lib/python3.9/site-packages/airflow/example_dags/example_time_delta_sensor_async.py
[2023-07-25T16:18:05.135+0000] {processor.py:826} INFO - Processing file /home/airflow/.local/lib/python3.9/site-packages/airflow/example_dags/example_time_delta_sensor_async.py for tasks to queue
[2023-07-25T16:18:05.136+0000] {logging_mixin.py:150} INFO - [2023-07-25T16:18:05.136+0000] {dagbag.py:541} INFO - Filling up the DagBag from /home/airflow/.local/lib/python3.9/site-packages/airflow/example_dags/example_time_delta_sensor_async.py
[2023-07-25T16:18:05.167+0000] {processor.py:836} INFO - DAG(s) dict_keys(['example_time_delta_sensor_async']) retrieved from /home/airflow/.local/lib/python3.9/site-packages/airflow/example_dags/example_time_delta_sensor_async.py
[2023-07-25T16:18:05.216+0000] {logging_mixin.py:150} INFO - [2023-07-25T16:18:05.216+0000] {dag.py:2742} INFO - Sync 1 DAGs
[2023-07-25T16:18:05.270+0000] {logging_mixin.py:150} INFO - [2023-07-25T16:18:05.269+0000] {dag.py:3504} INFO - Setting next_dagrun for example_time_delta_sensor_async to None, run_after=None
[2023-07-25T16:18:05.327+0000] {processor.py:179} INFO - Processing /home/airflow/.local/lib/python3.9/site-packages/airflow/example_dags/example_time_delta_sensor_async.py took 0.202 seconds
[2023-07-25T16:18:35.864+0000] {processor.py:157} INFO - Started process (PID=1983) to work on /home/airflow/.local/lib/python3.9/site-packages/airflow/example_dags/example_time_delta_sensor_async.py
[2023-07-25T16:18:35.876+0000] {processor.py:826} INFO - Processing file /home/airflow/.local/lib/python3.9/site-packages/airflow/example_dags/example_time_delta_sensor_async.py for tasks to queue
[2023-07-25T16:18:35.877+0000] {logging_mixin.py:150} INFO - [2023-07-25T16:18:35.877+0000] {dagbag.py:541} INFO - Filling up the DagBag from /home/airflow/.local/lib/python3.9/site-packages/airflow/example_dags/example_time_delta_sensor_async.py
[2023-07-25T16:18:35.895+0000] {processor.py:836} INFO - DAG(s) dict_keys(['example_time_delta_sensor_async']) retrieved from /home/airflow/.local/lib/python3.9/site-packages/airflow/example_dags/example_time_delta_sensor_async.py
[2023-07-25T16:18:35.930+0000] {logging_mixin.py:150} INFO - [2023-07-25T16:18:35.929+0000] {dag.py:2742} INFO - Sync 1 DAGs
[2023-07-25T16:18:35.987+0000] {logging_mixin.py:150} INFO - [2023-07-25T16:18:35.986+0000] {dag.py:3504} INFO - Setting next_dagrun for example_time_delta_sensor_async to None, run_after=None
[2023-07-25T16:18:36.050+0000] {processor.py:179} INFO - Processing /home/airflow/.local/lib/python3.9/site-packages/airflow/example_dags/example_time_delta_sensor_async.py took 0.191 seconds
[2023-07-25T16:19:06.505+0000] {processor.py:157} INFO - Started process (PID=2045) to work on /home/airflow/.local/lib/python3.9/site-packages/airflow/example_dags/example_time_delta_sensor_async.py
[2023-07-25T16:19:06.507+0000] {processor.py:826} INFO - Processing file /home/airflow/.local/lib/python3.9/site-packages/airflow/example_dags/example_time_delta_sensor_async.py for tasks to queue
[2023-07-25T16:19:06.508+0000] {logging_mixin.py:150} INFO - [2023-07-25T16:19:06.508+0000] {dagbag.py:541} INFO - Filling up the DagBag from /home/airflow/.local/lib/python3.9/site-packages/airflow/example_dags/example_time_delta_sensor_async.py
[2023-07-25T16:19:06.527+0000] {processor.py:836} INFO - DAG(s) dict_keys(['example_time_delta_sensor_async']) retrieved from /home/airflow/.local/lib/python3.9/site-packages/airflow/example_dags/example_time_delta_sensor_async.py
[2023-07-25T16:19:06.594+0000] {logging_mixin.py:150} INFO - [2023-07-25T16:19:06.593+0000] {dag.py:2742} INFO - Sync 1 DAGs
[2023-07-25T16:19:06.646+0000] {logging_mixin.py:150} INFO - [2023-07-25T16:19:06.645+0000] {dag.py:3504} INFO - Setting next_dagrun for example_time_delta_sensor_async to None, run_after=None
[2023-07-25T16:19:06.705+0000] {processor.py:179} INFO - Processing /home/airflow/.local/lib/python3.9/site-packages/airflow/example_dags/example_time_delta_sensor_async.py took 0.215 seconds
[2023-07-25T16:19:36.756+0000] {processor.py:157} INFO - Started process (PID=2106) to work on /home/airflow/.local/lib/python3.9/site-packages/airflow/example_dags/example_time_delta_sensor_async.py
[2023-07-25T16:19:36.758+0000] {processor.py:826} INFO - Processing file /home/airflow/.local/lib/python3.9/site-packages/airflow/example_dags/example_time_delta_sensor_async.py for tasks to queue
[2023-07-25T16:19:36.759+0000] {logging_mixin.py:150} INFO - [2023-07-25T16:19:36.759+0000] {dagbag.py:541} INFO - Filling up the DagBag from /home/airflow/.local/lib/python3.9/site-packages/airflow/example_dags/example_time_delta_sensor_async.py
[2023-07-25T16:19:36.767+0000] {processor.py:836} INFO - DAG(s) dict_keys(['example_time_delta_sensor_async']) retrieved from /home/airflow/.local/lib/python3.9/site-packages/airflow/example_dags/example_time_delta_sensor_async.py
[2023-07-25T16:19:36.811+0000] {logging_mixin.py:150} INFO - [2023-07-25T16:19:36.811+0000] {dag.py:2742} INFO - Sync 1 DAGs
[2023-07-25T16:19:36.844+0000] {logging_mixin.py:150} INFO - [2023-07-25T16:19:36.844+0000] {dag.py:3504} INFO - Setting next_dagrun for example_time_delta_sensor_async to None, run_after=None
[2023-07-25T16:19:36.885+0000] {processor.py:179} INFO - Processing /home/airflow/.local/lib/python3.9/site-packages/airflow/example_dags/example_time_delta_sensor_async.py took 0.134 seconds
[2023-07-25T16:20:07.587+0000] {processor.py:157} INFO - Started process (PID=2168) to work on /home/airflow/.local/lib/python3.9/site-packages/airflow/example_dags/example_time_delta_sensor_async.py
[2023-07-25T16:20:07.595+0000] {processor.py:826} INFO - Processing file /home/airflow/.local/lib/python3.9/site-packages/airflow/example_dags/example_time_delta_sensor_async.py for tasks to queue
[2023-07-25T16:20:07.596+0000] {logging_mixin.py:150} INFO - [2023-07-25T16:20:07.596+0000] {dagbag.py:541} INFO - Filling up the DagBag from /home/airflow/.local/lib/python3.9/site-packages/airflow/example_dags/example_time_delta_sensor_async.py
[2023-07-25T16:20:07.604+0000] {processor.py:836} INFO - DAG(s) dict_keys(['example_time_delta_sensor_async']) retrieved from /home/airflow/.local/lib/python3.9/site-packages/airflow/example_dags/example_time_delta_sensor_async.py
[2023-07-25T16:20:07.651+0000] {logging_mixin.py:150} INFO - [2023-07-25T16:20:07.651+0000] {dag.py:2742} INFO - Sync 1 DAGs
[2023-07-25T16:20:07.681+0000] {logging_mixin.py:150} INFO - [2023-07-25T16:20:07.681+0000] {dag.py:3504} INFO - Setting next_dagrun for example_time_delta_sensor_async to None, run_after=None
[2023-07-25T16:20:07.748+0000] {processor.py:179} INFO - Processing /home/airflow/.local/lib/python3.9/site-packages/airflow/example_dags/example_time_delta_sensor_async.py took 0.174 seconds
[2023-07-25T16:20:38.124+0000] {processor.py:157} INFO - Started process (PID=2229) to work on /home/airflow/.local/lib/python3.9/site-packages/airflow/example_dags/example_time_delta_sensor_async.py
[2023-07-25T16:20:38.215+0000] {processor.py:826} INFO - Processing file /home/airflow/.local/lib/python3.9/site-packages/airflow/example_dags/example_time_delta_sensor_async.py for tasks to queue
[2023-07-25T16:20:38.216+0000] {logging_mixin.py:150} INFO - [2023-07-25T16:20:38.216+0000] {dagbag.py:541} INFO - Filling up the DagBag from /home/airflow/.local/lib/python3.9/site-packages/airflow/example_dags/example_time_delta_sensor_async.py
[2023-07-25T16:20:38.224+0000] {processor.py:836} INFO - DAG(s) dict_keys(['example_time_delta_sensor_async']) retrieved from /home/airflow/.local/lib/python3.9/site-packages/airflow/example_dags/example_time_delta_sensor_async.py
[2023-07-25T16:20:38.441+0000] {logging_mixin.py:150} INFO - [2023-07-25T16:20:38.441+0000] {dag.py:2742} INFO - Sync 1 DAGs
[2023-07-25T16:20:38.623+0000] {logging_mixin.py:150} INFO - [2023-07-25T16:20:38.622+0000] {dag.py:3504} INFO - Setting next_dagrun for example_time_delta_sensor_async to None, run_after=None
[2023-07-25T16:20:38.775+0000] {processor.py:179} INFO - Processing /home/airflow/.local/lib/python3.9/site-packages/airflow/example_dags/example_time_delta_sensor_async.py took 0.656 seconds
[2023-07-25T16:21:09.232+0000] {processor.py:157} INFO - Started process (PID=2290) to work on /home/airflow/.local/lib/python3.9/site-packages/airflow/example_dags/example_time_delta_sensor_async.py
[2023-07-25T16:21:09.234+0000] {processor.py:826} INFO - Processing file /home/airflow/.local/lib/python3.9/site-packages/airflow/example_dags/example_time_delta_sensor_async.py for tasks to queue
[2023-07-25T16:21:09.236+0000] {logging_mixin.py:150} INFO - [2023-07-25T16:21:09.235+0000] {dagbag.py:541} INFO - Filling up the DagBag from /home/airflow/.local/lib/python3.9/site-packages/airflow/example_dags/example_time_delta_sensor_async.py
[2023-07-25T16:21:09.259+0000] {processor.py:836} INFO - DAG(s) dict_keys(['example_time_delta_sensor_async']) retrieved from /home/airflow/.local/lib/python3.9/site-packages/airflow/example_dags/example_time_delta_sensor_async.py
[2023-07-25T16:21:09.365+0000] {logging_mixin.py:150} INFO - [2023-07-25T16:21:09.364+0000] {dag.py:2742} INFO - Sync 1 DAGs
[2023-07-25T16:21:09.424+0000] {logging_mixin.py:150} INFO - [2023-07-25T16:21:09.423+0000] {dag.py:3504} INFO - Setting next_dagrun for example_time_delta_sensor_async to None, run_after=None
[2023-07-25T16:21:09.451+0000] {processor.py:179} INFO - Processing /home/airflow/.local/lib/python3.9/site-packages/airflow/example_dags/example_time_delta_sensor_async.py took 0.228 seconds
[2023-07-25T16:21:39.745+0000] {processor.py:157} INFO - Started process (PID=2352) to work on /home/airflow/.local/lib/python3.9/site-packages/airflow/example_dags/example_time_delta_sensor_async.py
[2023-07-25T16:21:39.749+0000] {processor.py:826} INFO - Processing file /home/airflow/.local/lib/python3.9/site-packages/airflow/example_dags/example_time_delta_sensor_async.py for tasks to queue
[2023-07-25T16:21:39.750+0000] {logging_mixin.py:150} INFO - [2023-07-25T16:21:39.750+0000] {dagbag.py:541} INFO - Filling up the DagBag from /home/airflow/.local/lib/python3.9/site-packages/airflow/example_dags/example_time_delta_sensor_async.py
[2023-07-25T16:21:39.768+0000] {processor.py:836} INFO - DAG(s) dict_keys(['example_time_delta_sensor_async']) retrieved from /home/airflow/.local/lib/python3.9/site-packages/airflow/example_dags/example_time_delta_sensor_async.py
[2023-07-25T16:21:39.796+0000] {logging_mixin.py:150} INFO - [2023-07-25T16:21:39.795+0000] {dag.py:2742} INFO - Sync 1 DAGs
[2023-07-25T16:21:39.833+0000] {logging_mixin.py:150} INFO - [2023-07-25T16:21:39.833+0000] {dag.py:3504} INFO - Setting next_dagrun for example_time_delta_sensor_async to None, run_after=None
[2023-07-25T16:21:39.873+0000] {processor.py:179} INFO - Processing /home/airflow/.local/lib/python3.9/site-packages/airflow/example_dags/example_time_delta_sensor_async.py took 0.132 seconds
[2023-07-25T16:22:10.371+0000] {processor.py:157} INFO - Started process (PID=2414) to work on /home/airflow/.local/lib/python3.9/site-packages/airflow/example_dags/example_time_delta_sensor_async.py
[2023-07-25T16:22:10.379+0000] {processor.py:826} INFO - Processing file /home/airflow/.local/lib/python3.9/site-packages/airflow/example_dags/example_time_delta_sensor_async.py for tasks to queue
[2023-07-25T16:22:10.381+0000] {logging_mixin.py:150} INFO - [2023-07-25T16:22:10.380+0000] {dagbag.py:541} INFO - Filling up the DagBag from /home/airflow/.local/lib/python3.9/site-packages/airflow/example_dags/example_time_delta_sensor_async.py
[2023-07-25T16:22:10.399+0000] {processor.py:836} INFO - DAG(s) dict_keys(['example_time_delta_sensor_async']) retrieved from /home/airflow/.local/lib/python3.9/site-packages/airflow/example_dags/example_time_delta_sensor_async.py
[2023-07-25T16:22:10.461+0000] {logging_mixin.py:150} INFO - [2023-07-25T16:22:10.461+0000] {dag.py:2742} INFO - Sync 1 DAGs
[2023-07-25T16:22:10.523+0000] {logging_mixin.py:150} INFO - [2023-07-25T16:22:10.523+0000] {dag.py:3504} INFO - Setting next_dagrun for example_time_delta_sensor_async to None, run_after=None
[2023-07-25T16:22:10.563+0000] {processor.py:179} INFO - Processing /home/airflow/.local/lib/python3.9/site-packages/airflow/example_dags/example_time_delta_sensor_async.py took 0.201 seconds
[2023-07-25T16:22:40.803+0000] {processor.py:157} INFO - Started process (PID=2476) to work on /home/airflow/.local/lib/python3.9/site-packages/airflow/example_dags/example_time_delta_sensor_async.py
[2023-07-25T16:22:40.805+0000] {processor.py:826} INFO - Processing file /home/airflow/.local/lib/python3.9/site-packages/airflow/example_dags/example_time_delta_sensor_async.py for tasks to queue
[2023-07-25T16:22:40.806+0000] {logging_mixin.py:150} INFO - [2023-07-25T16:22:40.806+0000] {dagbag.py:541} INFO - Filling up the DagBag from /home/airflow/.local/lib/python3.9/site-packages/airflow/example_dags/example_time_delta_sensor_async.py
[2023-07-25T16:22:40.813+0000] {processor.py:836} INFO - DAG(s) dict_keys(['example_time_delta_sensor_async']) retrieved from /home/airflow/.local/lib/python3.9/site-packages/airflow/example_dags/example_time_delta_sensor_async.py
[2023-07-25T16:22:40.863+0000] {logging_mixin.py:150} INFO - [2023-07-25T16:22:40.863+0000] {dag.py:2742} INFO - Sync 1 DAGs
[2023-07-25T16:22:40.894+0000] {logging_mixin.py:150} INFO - [2023-07-25T16:22:40.893+0000] {dag.py:3504} INFO - Setting next_dagrun for example_time_delta_sensor_async to None, run_after=None
[2023-07-25T16:22:40.925+0000] {processor.py:179} INFO - Processing /home/airflow/.local/lib/python3.9/site-packages/airflow/example_dags/example_time_delta_sensor_async.py took 0.136 seconds
[2023-07-25T16:23:11.842+0000] {processor.py:157} INFO - Started process (PID=2538) to work on /home/airflow/.local/lib/python3.9/site-packages/airflow/example_dags/example_time_delta_sensor_async.py
[2023-07-25T16:23:11.849+0000] {processor.py:826} INFO - Processing file /home/airflow/.local/lib/python3.9/site-packages/airflow/example_dags/example_time_delta_sensor_async.py for tasks to queue
[2023-07-25T16:23:11.850+0000] {logging_mixin.py:150} INFO - [2023-07-25T16:23:11.850+0000] {dagbag.py:541} INFO - Filling up the DagBag from /home/airflow/.local/lib/python3.9/site-packages/airflow/example_dags/example_time_delta_sensor_async.py
[2023-07-25T16:23:11.872+0000] {processor.py:836} INFO - DAG(s) dict_keys(['example_time_delta_sensor_async']) retrieved from /home/airflow/.local/lib/python3.9/site-packages/airflow/example_dags/example_time_delta_sensor_async.py
[2023-07-25T16:23:11.964+0000] {logging_mixin.py:150} INFO - [2023-07-25T16:23:11.964+0000] {dag.py:2742} INFO - Sync 1 DAGs
[2023-07-25T16:23:12.038+0000] {logging_mixin.py:150} INFO - [2023-07-25T16:23:12.038+0000] {dag.py:3504} INFO - Setting next_dagrun for example_time_delta_sensor_async to None, run_after=None
[2023-07-25T16:23:12.126+0000] {processor.py:179} INFO - Processing /home/airflow/.local/lib/python3.9/site-packages/airflow/example_dags/example_time_delta_sensor_async.py took 0.294 seconds
[2023-07-25T16:23:42.525+0000] {processor.py:157} INFO - Started process (PID=2600) to work on /home/airflow/.local/lib/python3.9/site-packages/airflow/example_dags/example_time_delta_sensor_async.py
[2023-07-25T16:23:42.535+0000] {processor.py:826} INFO - Processing file /home/airflow/.local/lib/python3.9/site-packages/airflow/example_dags/example_time_delta_sensor_async.py for tasks to queue
[2023-07-25T16:23:42.536+0000] {logging_mixin.py:150} INFO - [2023-07-25T16:23:42.536+0000] {dagbag.py:541} INFO - Filling up the DagBag from /home/airflow/.local/lib/python3.9/site-packages/airflow/example_dags/example_time_delta_sensor_async.py
[2023-07-25T16:23:42.544+0000] {processor.py:836} INFO - DAG(s) dict_keys(['example_time_delta_sensor_async']) retrieved from /home/airflow/.local/lib/python3.9/site-packages/airflow/example_dags/example_time_delta_sensor_async.py
[2023-07-25T16:23:42.617+0000] {logging_mixin.py:150} INFO - [2023-07-25T16:23:42.617+0000] {dag.py:2742} INFO - Sync 1 DAGs
[2023-07-25T16:23:42.670+0000] {logging_mixin.py:150} INFO - [2023-07-25T16:23:42.670+0000] {dag.py:3504} INFO - Setting next_dagrun for example_time_delta_sensor_async to None, run_after=None
[2023-07-25T16:23:42.718+0000] {processor.py:179} INFO - Processing /home/airflow/.local/lib/python3.9/site-packages/airflow/example_dags/example_time_delta_sensor_async.py took 0.218 seconds
[2023-07-25T16:24:13.031+0000] {processor.py:157} INFO - Started process (PID=2662) to work on /home/airflow/.local/lib/python3.9/site-packages/airflow/example_dags/example_time_delta_sensor_async.py
[2023-07-25T16:24:13.045+0000] {processor.py:826} INFO - Processing file /home/airflow/.local/lib/python3.9/site-packages/airflow/example_dags/example_time_delta_sensor_async.py for tasks to queue
[2023-07-25T16:24:13.046+0000] {logging_mixin.py:150} INFO - [2023-07-25T16:24:13.046+0000] {dagbag.py:541} INFO - Filling up the DagBag from /home/airflow/.local/lib/python3.9/site-packages/airflow/example_dags/example_time_delta_sensor_async.py
[2023-07-25T16:24:13.054+0000] {processor.py:836} INFO - DAG(s) dict_keys(['example_time_delta_sensor_async']) retrieved from /home/airflow/.local/lib/python3.9/site-packages/airflow/example_dags/example_time_delta_sensor_async.py
[2023-07-25T16:24:13.177+0000] {logging_mixin.py:150} INFO - [2023-07-25T16:24:13.177+0000] {dag.py:2742} INFO - Sync 1 DAGs
[2023-07-25T16:24:13.210+0000] {logging_mixin.py:150} INFO - [2023-07-25T16:24:13.209+0000] {dag.py:3504} INFO - Setting next_dagrun for example_time_delta_sensor_async to None, run_after=None
[2023-07-25T16:24:13.235+0000] {processor.py:179} INFO - Processing /home/airflow/.local/lib/python3.9/site-packages/airflow/example_dags/example_time_delta_sensor_async.py took 0.225 seconds
