[2023-07-25T16:02:28.174+0000] {processor.py:157} INFO - Started process (PID=74) to work on /home/airflow/.local/lib/python3.9/site-packages/airflow/example_dags/example_sla_dag.py
[2023-07-25T16:02:28.185+0000] {processor.py:826} INFO - Processing file /home/airflow/.local/lib/python3.9/site-packages/airflow/example_dags/example_sla_dag.py for tasks to queue
[2023-07-25T16:02:28.186+0000] {logging_mixin.py:150} INFO - [2023-07-25T16:02:28.186+0000] {dagbag.py:541} INFO - Filling up the DagBag from /home/airflow/.local/lib/python3.9/site-packages/airflow/example_dags/example_sla_dag.py
[2023-07-25T16:02:28.221+0000] {processor.py:836} INFO - DAG(s) dict_keys(['example_sla_dag']) retrieved from /home/airflow/.local/lib/python3.9/site-packages/airflow/example_dags/example_sla_dag.py
[2023-07-25T16:02:28.935+0000] {logging_mixin.py:150} INFO - [2023-07-25T16:02:28.935+0000] {dag.py:2742} INFO - Sync 1 DAGs
[2023-07-25T16:02:29.060+0000] {logging_mixin.py:150} INFO - [2023-07-25T16:02:29.060+0000] {dag.py:3504} INFO - Setting next_dagrun for example_sla_dag to 2023-07-25T16:00:00+00:00, run_after=2023-07-25T16:02:00+00:00
[2023-07-25T16:02:29.141+0000] {processor.py:179} INFO - Processing /home/airflow/.local/lib/python3.9/site-packages/airflow/example_dags/example_sla_dag.py took 0.972 seconds
[2023-07-25T16:03:00.028+0000] {processor.py:157} INFO - Started process (PID=135) to work on /home/airflow/.local/lib/python3.9/site-packages/airflow/example_dags/example_sla_dag.py
[2023-07-25T16:03:00.039+0000] {processor.py:826} INFO - Processing file /home/airflow/.local/lib/python3.9/site-packages/airflow/example_dags/example_sla_dag.py for tasks to queue
[2023-07-25T16:03:00.040+0000] {logging_mixin.py:150} INFO - [2023-07-25T16:03:00.040+0000] {dagbag.py:541} INFO - Filling up the DagBag from /home/airflow/.local/lib/python3.9/site-packages/airflow/example_dags/example_sla_dag.py
[2023-07-25T16:03:00.062+0000] {processor.py:836} INFO - DAG(s) dict_keys(['example_sla_dag']) retrieved from /home/airflow/.local/lib/python3.9/site-packages/airflow/example_dags/example_sla_dag.py
[2023-07-25T16:03:00.105+0000] {logging_mixin.py:150} INFO - [2023-07-25T16:03:00.105+0000] {dag.py:2742} INFO - Sync 1 DAGs
[2023-07-25T16:03:00.141+0000] {logging_mixin.py:150} INFO - [2023-07-25T16:03:00.140+0000] {dag.py:3504} INFO - Setting next_dagrun for example_sla_dag to 2023-07-25T16:00:00+00:00, run_after=2023-07-25T16:02:00+00:00
[2023-07-25T16:03:00.178+0000] {processor.py:179} INFO - Processing /home/airflow/.local/lib/python3.9/site-packages/airflow/example_dags/example_sla_dag.py took 0.154 seconds
[2023-07-25T16:03:30.833+0000] {processor.py:157} INFO - Started process (PID=196) to work on /home/airflow/.local/lib/python3.9/site-packages/airflow/example_dags/example_sla_dag.py
[2023-07-25T16:03:30.855+0000] {processor.py:826} INFO - Processing file /home/airflow/.local/lib/python3.9/site-packages/airflow/example_dags/example_sla_dag.py for tasks to queue
[2023-07-25T16:03:30.856+0000] {logging_mixin.py:150} INFO - [2023-07-25T16:03:30.856+0000] {dagbag.py:541} INFO - Filling up the DagBag from /home/airflow/.local/lib/python3.9/site-packages/airflow/example_dags/example_sla_dag.py
[2023-07-25T16:03:30.885+0000] {processor.py:836} INFO - DAG(s) dict_keys(['example_sla_dag']) retrieved from /home/airflow/.local/lib/python3.9/site-packages/airflow/example_dags/example_sla_dag.py
[2023-07-25T16:03:30.961+0000] {logging_mixin.py:150} INFO - [2023-07-25T16:03:30.961+0000] {dag.py:2742} INFO - Sync 1 DAGs
[2023-07-25T16:03:30.995+0000] {logging_mixin.py:150} INFO - [2023-07-25T16:03:30.994+0000] {dag.py:3504} INFO - Setting next_dagrun for example_sla_dag to 2023-07-25T16:00:00+00:00, run_after=2023-07-25T16:02:00+00:00
[2023-07-25T16:03:31.040+0000] {processor.py:179} INFO - Processing /home/airflow/.local/lib/python3.9/site-packages/airflow/example_dags/example_sla_dag.py took 0.211 seconds
[2023-07-25T16:04:01.094+0000] {processor.py:157} INFO - Started process (PID=259) to work on /home/airflow/.local/lib/python3.9/site-packages/airflow/example_dags/example_sla_dag.py
[2023-07-25T16:04:01.116+0000] {processor.py:826} INFO - Processing file /home/airflow/.local/lib/python3.9/site-packages/airflow/example_dags/example_sla_dag.py for tasks to queue
[2023-07-25T16:04:01.117+0000] {logging_mixin.py:150} INFO - [2023-07-25T16:04:01.117+0000] {dagbag.py:541} INFO - Filling up the DagBag from /home/airflow/.local/lib/python3.9/site-packages/airflow/example_dags/example_sla_dag.py
[2023-07-25T16:04:01.139+0000] {processor.py:836} INFO - DAG(s) dict_keys(['example_sla_dag']) retrieved from /home/airflow/.local/lib/python3.9/site-packages/airflow/example_dags/example_sla_dag.py
[2023-07-25T16:04:01.197+0000] {logging_mixin.py:150} INFO - [2023-07-25T16:04:01.197+0000] {dag.py:2742} INFO - Sync 1 DAGs
[2023-07-25T16:04:01.253+0000] {logging_mixin.py:150} INFO - [2023-07-25T16:04:01.253+0000] {dag.py:3504} INFO - Setting next_dagrun for example_sla_dag to 2023-07-25T16:02:00+00:00, run_after=2023-07-25T16:04:00+00:00
[2023-07-25T16:04:01.298+0000] {processor.py:179} INFO - Processing /home/airflow/.local/lib/python3.9/site-packages/airflow/example_dags/example_sla_dag.py took 0.209 seconds
[2023-07-25T16:04:32.195+0000] {processor.py:157} INFO - Started process (PID=321) to work on /home/airflow/.local/lib/python3.9/site-packages/airflow/example_dags/example_sla_dag.py
[2023-07-25T16:04:32.197+0000] {processor.py:826} INFO - Processing file /home/airflow/.local/lib/python3.9/site-packages/airflow/example_dags/example_sla_dag.py for tasks to queue
[2023-07-25T16:04:32.198+0000] {logging_mixin.py:150} INFO - [2023-07-25T16:04:32.197+0000] {dagbag.py:541} INFO - Filling up the DagBag from /home/airflow/.local/lib/python3.9/site-packages/airflow/example_dags/example_sla_dag.py
[2023-07-25T16:04:32.215+0000] {processor.py:836} INFO - DAG(s) dict_keys(['example_sla_dag']) retrieved from /home/airflow/.local/lib/python3.9/site-packages/airflow/example_dags/example_sla_dag.py
[2023-07-25T16:04:32.242+0000] {logging_mixin.py:150} INFO - [2023-07-25T16:04:32.241+0000] {dag.py:2742} INFO - Sync 1 DAGs
[2023-07-25T16:04:32.286+0000] {logging_mixin.py:150} INFO - [2023-07-25T16:04:32.286+0000] {dag.py:3504} INFO - Setting next_dagrun for example_sla_dag to 2023-07-25T16:02:00+00:00, run_after=2023-07-25T16:04:00+00:00
[2023-07-25T16:04:32.317+0000] {processor.py:179} INFO - Processing /home/airflow/.local/lib/python3.9/site-packages/airflow/example_dags/example_sla_dag.py took 0.137 seconds
[2023-07-25T16:05:02.810+0000] {processor.py:157} INFO - Started process (PID=382) to work on /home/airflow/.local/lib/python3.9/site-packages/airflow/example_dags/example_sla_dag.py
[2023-07-25T16:05:02.822+0000] {processor.py:826} INFO - Processing file /home/airflow/.local/lib/python3.9/site-packages/airflow/example_dags/example_sla_dag.py for tasks to queue
[2023-07-25T16:05:02.823+0000] {logging_mixin.py:150} INFO - [2023-07-25T16:05:02.822+0000] {dagbag.py:541} INFO - Filling up the DagBag from /home/airflow/.local/lib/python3.9/site-packages/airflow/example_dags/example_sla_dag.py
[2023-07-25T16:05:02.834+0000] {processor.py:836} INFO - DAG(s) dict_keys(['example_sla_dag']) retrieved from /home/airflow/.local/lib/python3.9/site-packages/airflow/example_dags/example_sla_dag.py
[2023-07-25T16:05:02.900+0000] {logging_mixin.py:150} INFO - [2023-07-25T16:05:02.900+0000] {dag.py:2742} INFO - Sync 1 DAGs
[2023-07-25T16:05:02.964+0000] {logging_mixin.py:150} INFO - [2023-07-25T16:05:02.964+0000] {dag.py:3504} INFO - Setting next_dagrun for example_sla_dag to 2023-07-25T16:02:00+00:00, run_after=2023-07-25T16:04:00+00:00
[2023-07-25T16:05:03.013+0000] {processor.py:179} INFO - Processing /home/airflow/.local/lib/python3.9/site-packages/airflow/example_dags/example_sla_dag.py took 0.208 seconds
[2023-07-25T16:05:33.182+0000] {processor.py:157} INFO - Started process (PID=444) to work on /home/airflow/.local/lib/python3.9/site-packages/airflow/example_dags/example_sla_dag.py
[2023-07-25T16:05:33.184+0000] {processor.py:826} INFO - Processing file /home/airflow/.local/lib/python3.9/site-packages/airflow/example_dags/example_sla_dag.py for tasks to queue
[2023-07-25T16:05:33.185+0000] {logging_mixin.py:150} INFO - [2023-07-25T16:05:33.185+0000] {dagbag.py:541} INFO - Filling up the DagBag from /home/airflow/.local/lib/python3.9/site-packages/airflow/example_dags/example_sla_dag.py
[2023-07-25T16:05:33.208+0000] {processor.py:836} INFO - DAG(s) dict_keys(['example_sla_dag']) retrieved from /home/airflow/.local/lib/python3.9/site-packages/airflow/example_dags/example_sla_dag.py
[2023-07-25T16:05:33.305+0000] {logging_mixin.py:150} INFO - [2023-07-25T16:05:33.305+0000] {dag.py:2742} INFO - Sync 1 DAGs
[2023-07-25T16:05:33.356+0000] {logging_mixin.py:150} INFO - [2023-07-25T16:05:33.356+0000] {dag.py:3504} INFO - Setting next_dagrun for example_sla_dag to 2023-07-25T16:02:00+00:00, run_after=2023-07-25T16:04:00+00:00
[2023-07-25T16:05:33.391+0000] {processor.py:179} INFO - Processing /home/airflow/.local/lib/python3.9/site-packages/airflow/example_dags/example_sla_dag.py took 0.223 seconds
[2023-07-25T16:06:04.137+0000] {processor.py:157} INFO - Started process (PID=505) to work on /home/airflow/.local/lib/python3.9/site-packages/airflow/example_dags/example_sla_dag.py
[2023-07-25T16:06:04.141+0000] {processor.py:826} INFO - Processing file /home/airflow/.local/lib/python3.9/site-packages/airflow/example_dags/example_sla_dag.py for tasks to queue
[2023-07-25T16:06:04.141+0000] {logging_mixin.py:150} INFO - [2023-07-25T16:06:04.141+0000] {dagbag.py:541} INFO - Filling up the DagBag from /home/airflow/.local/lib/python3.9/site-packages/airflow/example_dags/example_sla_dag.py
[2023-07-25T16:06:04.172+0000] {processor.py:836} INFO - DAG(s) dict_keys(['example_sla_dag']) retrieved from /home/airflow/.local/lib/python3.9/site-packages/airflow/example_dags/example_sla_dag.py
[2023-07-25T16:06:04.251+0000] {logging_mixin.py:150} INFO - [2023-07-25T16:06:04.251+0000] {dag.py:2742} INFO - Sync 1 DAGs
[2023-07-25T16:06:04.308+0000] {logging_mixin.py:150} INFO - [2023-07-25T16:06:04.308+0000] {dag.py:3504} INFO - Setting next_dagrun for example_sla_dag to 2023-07-25T16:04:00+00:00, run_after=2023-07-25T16:06:00+00:00
[2023-07-25T16:06:04.333+0000] {processor.py:179} INFO - Processing /home/airflow/.local/lib/python3.9/site-packages/airflow/example_dags/example_sla_dag.py took 0.200 seconds
[2023-07-25T16:06:35.738+0000] {processor.py:157} INFO - Started process (PID=566) to work on /home/airflow/.local/lib/python3.9/site-packages/airflow/example_dags/example_sla_dag.py
[2023-07-25T16:06:35.755+0000] {processor.py:826} INFO - Processing file /home/airflow/.local/lib/python3.9/site-packages/airflow/example_dags/example_sla_dag.py for tasks to queue
[2023-07-25T16:06:35.756+0000] {logging_mixin.py:150} INFO - [2023-07-25T16:06:35.755+0000] {dagbag.py:541} INFO - Filling up the DagBag from /home/airflow/.local/lib/python3.9/site-packages/airflow/example_dags/example_sla_dag.py
[2023-07-25T16:06:35.779+0000] {processor.py:836} INFO - DAG(s) dict_keys(['example_sla_dag']) retrieved from /home/airflow/.local/lib/python3.9/site-packages/airflow/example_dags/example_sla_dag.py
[2023-07-25T16:06:35.827+0000] {logging_mixin.py:150} INFO - [2023-07-25T16:06:35.827+0000] {dag.py:2742} INFO - Sync 1 DAGs
[2023-07-25T16:06:35.883+0000] {logging_mixin.py:150} INFO - [2023-07-25T16:06:35.883+0000] {dag.py:3504} INFO - Setting next_dagrun for example_sla_dag to 2023-07-25T16:04:00+00:00, run_after=2023-07-25T16:06:00+00:00
[2023-07-25T16:06:35.967+0000] {processor.py:179} INFO - Processing /home/airflow/.local/lib/python3.9/site-packages/airflow/example_dags/example_sla_dag.py took 0.245 seconds
[2023-07-25T16:07:06.580+0000] {processor.py:157} INFO - Started process (PID=628) to work on /home/airflow/.local/lib/python3.9/site-packages/airflow/example_dags/example_sla_dag.py
[2023-07-25T16:07:06.595+0000] {processor.py:826} INFO - Processing file /home/airflow/.local/lib/python3.9/site-packages/airflow/example_dags/example_sla_dag.py for tasks to queue
[2023-07-25T16:07:06.596+0000] {logging_mixin.py:150} INFO - [2023-07-25T16:07:06.596+0000] {dagbag.py:541} INFO - Filling up the DagBag from /home/airflow/.local/lib/python3.9/site-packages/airflow/example_dags/example_sla_dag.py
[2023-07-25T16:07:06.613+0000] {processor.py:836} INFO - DAG(s) dict_keys(['example_sla_dag']) retrieved from /home/airflow/.local/lib/python3.9/site-packages/airflow/example_dags/example_sla_dag.py
[2023-07-25T16:07:06.666+0000] {logging_mixin.py:150} INFO - [2023-07-25T16:07:06.665+0000] {dag.py:2742} INFO - Sync 1 DAGs
[2023-07-25T16:07:06.708+0000] {logging_mixin.py:150} INFO - [2023-07-25T16:07:06.708+0000] {dag.py:3504} INFO - Setting next_dagrun for example_sla_dag to 2023-07-25T16:04:00+00:00, run_after=2023-07-25T16:06:00+00:00
[2023-07-25T16:07:06.771+0000] {processor.py:179} INFO - Processing /home/airflow/.local/lib/python3.9/site-packages/airflow/example_dags/example_sla_dag.py took 0.206 seconds
[2023-07-25T16:07:37.841+0000] {processor.py:157} INFO - Started process (PID=689) to work on /home/airflow/.local/lib/python3.9/site-packages/airflow/example_dags/example_sla_dag.py
[2023-07-25T16:07:37.868+0000] {processor.py:826} INFO - Processing file /home/airflow/.local/lib/python3.9/site-packages/airflow/example_dags/example_sla_dag.py for tasks to queue
[2023-07-25T16:07:37.869+0000] {logging_mixin.py:150} INFO - [2023-07-25T16:07:37.869+0000] {dagbag.py:541} INFO - Filling up the DagBag from /home/airflow/.local/lib/python3.9/site-packages/airflow/example_dags/example_sla_dag.py
[2023-07-25T16:07:37.894+0000] {processor.py:836} INFO - DAG(s) dict_keys(['example_sla_dag']) retrieved from /home/airflow/.local/lib/python3.9/site-packages/airflow/example_dags/example_sla_dag.py
[2023-07-25T16:07:38.025+0000] {logging_mixin.py:150} INFO - [2023-07-25T16:07:38.025+0000] {dag.py:2742} INFO - Sync 1 DAGs
[2023-07-25T16:07:38.136+0000] {logging_mixin.py:150} INFO - [2023-07-25T16:07:38.135+0000] {dag.py:3504} INFO - Setting next_dagrun for example_sla_dag to 2023-07-25T16:04:00+00:00, run_after=2023-07-25T16:06:00+00:00
[2023-07-25T16:07:38.279+0000] {processor.py:179} INFO - Processing /home/airflow/.local/lib/python3.9/site-packages/airflow/example_dags/example_sla_dag.py took 0.443 seconds
[2023-07-25T16:08:08.904+0000] {processor.py:157} INFO - Started process (PID=751) to work on /home/airflow/.local/lib/python3.9/site-packages/airflow/example_dags/example_sla_dag.py
[2023-07-25T16:08:08.929+0000] {processor.py:826} INFO - Processing file /home/airflow/.local/lib/python3.9/site-packages/airflow/example_dags/example_sla_dag.py for tasks to queue
[2023-07-25T16:08:08.930+0000] {logging_mixin.py:150} INFO - [2023-07-25T16:08:08.930+0000] {dagbag.py:541} INFO - Filling up the DagBag from /home/airflow/.local/lib/python3.9/site-packages/airflow/example_dags/example_sla_dag.py
[2023-07-25T16:08:08.962+0000] {processor.py:836} INFO - DAG(s) dict_keys(['example_sla_dag']) retrieved from /home/airflow/.local/lib/python3.9/site-packages/airflow/example_dags/example_sla_dag.py
[2023-07-25T16:08:09.055+0000] {logging_mixin.py:150} INFO - [2023-07-25T16:08:09.055+0000] {dag.py:2742} INFO - Sync 1 DAGs
[2023-07-25T16:08:09.109+0000] {logging_mixin.py:150} INFO - [2023-07-25T16:08:09.109+0000] {dag.py:3504} INFO - Setting next_dagrun for example_sla_dag to 2023-07-25T16:06:00+00:00, run_after=2023-07-25T16:08:00+00:00
[2023-07-25T16:08:09.158+0000] {processor.py:179} INFO - Processing /home/airflow/.local/lib/python3.9/site-packages/airflow/example_dags/example_sla_dag.py took 0.259 seconds
[2023-07-25T16:08:41.359+0000] {processor.py:157} INFO - Started process (PID=812) to work on /home/airflow/.local/lib/python3.9/site-packages/airflow/example_dags/example_sla_dag.py
[2023-07-25T16:08:41.365+0000] {processor.py:826} INFO - Processing file /home/airflow/.local/lib/python3.9/site-packages/airflow/example_dags/example_sla_dag.py for tasks to queue
[2023-07-25T16:08:41.366+0000] {logging_mixin.py:150} INFO - [2023-07-25T16:08:41.366+0000] {dagbag.py:541} INFO - Filling up the DagBag from /home/airflow/.local/lib/python3.9/site-packages/airflow/example_dags/example_sla_dag.py
[2023-07-25T16:08:41.406+0000] {processor.py:836} INFO - DAG(s) dict_keys(['example_sla_dag']) retrieved from /home/airflow/.local/lib/python3.9/site-packages/airflow/example_dags/example_sla_dag.py
[2023-07-25T16:08:41.497+0000] {logging_mixin.py:150} INFO - [2023-07-25T16:08:41.497+0000] {dag.py:2742} INFO - Sync 1 DAGs
[2023-07-25T16:08:41.595+0000] {logging_mixin.py:150} INFO - [2023-07-25T16:08:41.581+0000] {dag.py:3504} INFO - Setting next_dagrun for example_sla_dag to 2023-07-25T16:06:00+00:00, run_after=2023-07-25T16:08:00+00:00
[2023-07-25T16:08:41.674+0000] {processor.py:179} INFO - Processing /home/airflow/.local/lib/python3.9/site-packages/airflow/example_dags/example_sla_dag.py took 0.334 seconds
[2023-07-25T16:09:12.695+0000] {processor.py:157} INFO - Started process (PID=874) to work on /home/airflow/.local/lib/python3.9/site-packages/airflow/example_dags/example_sla_dag.py
[2023-07-25T16:09:12.707+0000] {processor.py:826} INFO - Processing file /home/airflow/.local/lib/python3.9/site-packages/airflow/example_dags/example_sla_dag.py for tasks to queue
[2023-07-25T16:09:12.708+0000] {logging_mixin.py:150} INFO - [2023-07-25T16:09:12.708+0000] {dagbag.py:541} INFO - Filling up the DagBag from /home/airflow/.local/lib/python3.9/site-packages/airflow/example_dags/example_sla_dag.py
[2023-07-25T16:09:12.730+0000] {processor.py:836} INFO - DAG(s) dict_keys(['example_sla_dag']) retrieved from /home/airflow/.local/lib/python3.9/site-packages/airflow/example_dags/example_sla_dag.py
[2023-07-25T16:09:12.853+0000] {logging_mixin.py:150} INFO - [2023-07-25T16:09:12.852+0000] {dag.py:2742} INFO - Sync 1 DAGs
[2023-07-25T16:09:12.922+0000] {logging_mixin.py:150} INFO - [2023-07-25T16:09:12.921+0000] {dag.py:3504} INFO - Setting next_dagrun for example_sla_dag to 2023-07-25T16:06:00+00:00, run_after=2023-07-25T16:08:00+00:00
[2023-07-25T16:09:12.943+0000] {processor.py:179} INFO - Processing /home/airflow/.local/lib/python3.9/site-packages/airflow/example_dags/example_sla_dag.py took 0.253 seconds
[2023-07-25T16:09:43.993+0000] {processor.py:157} INFO - Started process (PID=935) to work on /home/airflow/.local/lib/python3.9/site-packages/airflow/example_dags/example_sla_dag.py
[2023-07-25T16:09:44.015+0000] {processor.py:826} INFO - Processing file /home/airflow/.local/lib/python3.9/site-packages/airflow/example_dags/example_sla_dag.py for tasks to queue
[2023-07-25T16:09:44.016+0000] {logging_mixin.py:150} INFO - [2023-07-25T16:09:44.016+0000] {dagbag.py:541} INFO - Filling up the DagBag from /home/airflow/.local/lib/python3.9/site-packages/airflow/example_dags/example_sla_dag.py
[2023-07-25T16:09:44.044+0000] {processor.py:836} INFO - DAG(s) dict_keys(['example_sla_dag']) retrieved from /home/airflow/.local/lib/python3.9/site-packages/airflow/example_dags/example_sla_dag.py
[2023-07-25T16:09:44.099+0000] {logging_mixin.py:150} INFO - [2023-07-25T16:09:44.099+0000] {dag.py:2742} INFO - Sync 1 DAGs
[2023-07-25T16:09:44.145+0000] {logging_mixin.py:150} INFO - [2023-07-25T16:09:44.145+0000] {dag.py:3504} INFO - Setting next_dagrun for example_sla_dag to 2023-07-25T16:06:00+00:00, run_after=2023-07-25T16:08:00+00:00
[2023-07-25T16:09:44.192+0000] {processor.py:179} INFO - Processing /home/airflow/.local/lib/python3.9/site-packages/airflow/example_dags/example_sla_dag.py took 0.204 seconds
[2023-07-25T16:10:15.271+0000] {processor.py:157} INFO - Started process (PID=996) to work on /home/airflow/.local/lib/python3.9/site-packages/airflow/example_dags/example_sla_dag.py
[2023-07-25T16:10:15.275+0000] {processor.py:826} INFO - Processing file /home/airflow/.local/lib/python3.9/site-packages/airflow/example_dags/example_sla_dag.py for tasks to queue
[2023-07-25T16:10:15.276+0000] {logging_mixin.py:150} INFO - [2023-07-25T16:10:15.276+0000] {dagbag.py:541} INFO - Filling up the DagBag from /home/airflow/.local/lib/python3.9/site-packages/airflow/example_dags/example_sla_dag.py
[2023-07-25T16:10:15.310+0000] {processor.py:836} INFO - DAG(s) dict_keys(['example_sla_dag']) retrieved from /home/airflow/.local/lib/python3.9/site-packages/airflow/example_dags/example_sla_dag.py
[2023-07-25T16:10:15.349+0000] {logging_mixin.py:150} INFO - [2023-07-25T16:10:15.348+0000] {dag.py:2742} INFO - Sync 1 DAGs
[2023-07-25T16:10:15.384+0000] {logging_mixin.py:150} INFO - [2023-07-25T16:10:15.383+0000] {dag.py:3504} INFO - Setting next_dagrun for example_sla_dag to 2023-07-25T16:08:00+00:00, run_after=2023-07-25T16:10:00+00:00
[2023-07-25T16:10:15.432+0000] {processor.py:179} INFO - Processing /home/airflow/.local/lib/python3.9/site-packages/airflow/example_dags/example_sla_dag.py took 0.170 seconds
[2023-07-25T16:10:46.512+0000] {processor.py:157} INFO - Started process (PID=1058) to work on /home/airflow/.local/lib/python3.9/site-packages/airflow/example_dags/example_sla_dag.py
[2023-07-25T16:10:46.521+0000] {processor.py:826} INFO - Processing file /home/airflow/.local/lib/python3.9/site-packages/airflow/example_dags/example_sla_dag.py for tasks to queue
[2023-07-25T16:10:46.523+0000] {logging_mixin.py:150} INFO - [2023-07-25T16:10:46.522+0000] {dagbag.py:541} INFO - Filling up the DagBag from /home/airflow/.local/lib/python3.9/site-packages/airflow/example_dags/example_sla_dag.py
[2023-07-25T16:10:46.544+0000] {processor.py:836} INFO - DAG(s) dict_keys(['example_sla_dag']) retrieved from /home/airflow/.local/lib/python3.9/site-packages/airflow/example_dags/example_sla_dag.py
[2023-07-25T16:10:46.598+0000] {logging_mixin.py:150} INFO - [2023-07-25T16:10:46.598+0000] {dag.py:2742} INFO - Sync 1 DAGs
[2023-07-25T16:10:46.668+0000] {logging_mixin.py:150} INFO - [2023-07-25T16:10:46.668+0000] {dag.py:3504} INFO - Setting next_dagrun for example_sla_dag to 2023-07-25T16:08:00+00:00, run_after=2023-07-25T16:10:00+00:00
[2023-07-25T16:10:46.710+0000] {processor.py:179} INFO - Processing /home/airflow/.local/lib/python3.9/site-packages/airflow/example_dags/example_sla_dag.py took 0.203 seconds
[2023-07-25T16:11:20.560+0000] {processor.py:157} INFO - Started process (PID=1119) to work on /home/airflow/.local/lib/python3.9/site-packages/airflow/example_dags/example_sla_dag.py
[2023-07-25T16:11:20.615+0000] {processor.py:826} INFO - Processing file /home/airflow/.local/lib/python3.9/site-packages/airflow/example_dags/example_sla_dag.py for tasks to queue
[2023-07-25T16:11:20.616+0000] {logging_mixin.py:150} INFO - [2023-07-25T16:11:20.616+0000] {dagbag.py:541} INFO - Filling up the DagBag from /home/airflow/.local/lib/python3.9/site-packages/airflow/example_dags/example_sla_dag.py
[2023-07-25T16:11:20.674+0000] {processor.py:836} INFO - DAG(s) dict_keys(['example_sla_dag']) retrieved from /home/airflow/.local/lib/python3.9/site-packages/airflow/example_dags/example_sla_dag.py
[2023-07-25T16:11:20.786+0000] {logging_mixin.py:150} INFO - [2023-07-25T16:11:20.785+0000] {dag.py:2742} INFO - Sync 1 DAGs
[2023-07-25T16:11:20.956+0000] {logging_mixin.py:150} INFO - [2023-07-25T16:11:20.955+0000] {dag.py:3504} INFO - Setting next_dagrun for example_sla_dag to 2023-07-25T16:08:00+00:00, run_after=2023-07-25T16:10:00+00:00
[2023-07-25T16:11:21.079+0000] {processor.py:179} INFO - Processing /home/airflow/.local/lib/python3.9/site-packages/airflow/example_dags/example_sla_dag.py took 0.523 seconds
[2023-07-25T16:11:51.557+0000] {processor.py:157} INFO - Started process (PID=1181) to work on /home/airflow/.local/lib/python3.9/site-packages/airflow/example_dags/example_sla_dag.py
[2023-07-25T16:11:51.565+0000] {processor.py:826} INFO - Processing file /home/airflow/.local/lib/python3.9/site-packages/airflow/example_dags/example_sla_dag.py for tasks to queue
[2023-07-25T16:11:51.566+0000] {logging_mixin.py:150} INFO - [2023-07-25T16:11:51.566+0000] {dagbag.py:541} INFO - Filling up the DagBag from /home/airflow/.local/lib/python3.9/site-packages/airflow/example_dags/example_sla_dag.py
[2023-07-25T16:11:51.579+0000] {processor.py:836} INFO - DAG(s) dict_keys(['example_sla_dag']) retrieved from /home/airflow/.local/lib/python3.9/site-packages/airflow/example_dags/example_sla_dag.py
[2023-07-25T16:11:51.607+0000] {logging_mixin.py:150} INFO - [2023-07-25T16:11:51.606+0000] {dag.py:2742} INFO - Sync 1 DAGs
[2023-07-25T16:11:51.640+0000] {logging_mixin.py:150} INFO - [2023-07-25T16:11:51.640+0000] {dag.py:3504} INFO - Setting next_dagrun for example_sla_dag to 2023-07-25T16:08:00+00:00, run_after=2023-07-25T16:10:00+00:00
[2023-07-25T16:11:51.674+0000] {processor.py:179} INFO - Processing /home/airflow/.local/lib/python3.9/site-packages/airflow/example_dags/example_sla_dag.py took 0.133 seconds
[2023-07-25T16:12:23.342+0000] {processor.py:157} INFO - Started process (PID=1242) to work on /home/airflow/.local/lib/python3.9/site-packages/airflow/example_dags/example_sla_dag.py
[2023-07-25T16:12:23.348+0000] {processor.py:826} INFO - Processing file /home/airflow/.local/lib/python3.9/site-packages/airflow/example_dags/example_sla_dag.py for tasks to queue
[2023-07-25T16:12:23.349+0000] {logging_mixin.py:150} INFO - [2023-07-25T16:12:23.349+0000] {dagbag.py:541} INFO - Filling up the DagBag from /home/airflow/.local/lib/python3.9/site-packages/airflow/example_dags/example_sla_dag.py
[2023-07-25T16:12:23.378+0000] {processor.py:836} INFO - DAG(s) dict_keys(['example_sla_dag']) retrieved from /home/airflow/.local/lib/python3.9/site-packages/airflow/example_dags/example_sla_dag.py
[2023-07-25T16:12:23.423+0000] {logging_mixin.py:150} INFO - [2023-07-25T16:12:23.423+0000] {dag.py:2742} INFO - Sync 1 DAGs
[2023-07-25T16:12:23.459+0000] {logging_mixin.py:150} INFO - [2023-07-25T16:12:23.458+0000] {dag.py:3504} INFO - Setting next_dagrun for example_sla_dag to 2023-07-25T16:10:00+00:00, run_after=2023-07-25T16:12:00+00:00
[2023-07-25T16:12:23.494+0000] {processor.py:179} INFO - Processing /home/airflow/.local/lib/python3.9/site-packages/airflow/example_dags/example_sla_dag.py took 0.157 seconds
[2023-07-25T16:12:54.452+0000] {processor.py:157} INFO - Started process (PID=1303) to work on /home/airflow/.local/lib/python3.9/site-packages/airflow/example_dags/example_sla_dag.py
[2023-07-25T16:12:54.465+0000] {processor.py:826} INFO - Processing file /home/airflow/.local/lib/python3.9/site-packages/airflow/example_dags/example_sla_dag.py for tasks to queue
[2023-07-25T16:12:54.466+0000] {logging_mixin.py:150} INFO - [2023-07-25T16:12:54.466+0000] {dagbag.py:541} INFO - Filling up the DagBag from /home/airflow/.local/lib/python3.9/site-packages/airflow/example_dags/example_sla_dag.py
[2023-07-25T16:12:54.480+0000] {processor.py:836} INFO - DAG(s) dict_keys(['example_sla_dag']) retrieved from /home/airflow/.local/lib/python3.9/site-packages/airflow/example_dags/example_sla_dag.py
[2023-07-25T16:12:54.506+0000] {logging_mixin.py:150} INFO - [2023-07-25T16:12:54.506+0000] {dag.py:2742} INFO - Sync 1 DAGs
[2023-07-25T16:12:54.540+0000] {logging_mixin.py:150} INFO - [2023-07-25T16:12:54.540+0000] {dag.py:3504} INFO - Setting next_dagrun for example_sla_dag to 2023-07-25T16:10:00+00:00, run_after=2023-07-25T16:12:00+00:00
[2023-07-25T16:12:54.571+0000] {processor.py:179} INFO - Processing /home/airflow/.local/lib/python3.9/site-packages/airflow/example_dags/example_sla_dag.py took 0.124 seconds
[2023-07-25T16:13:26.467+0000] {processor.py:157} INFO - Started process (PID=1365) to work on /home/airflow/.local/lib/python3.9/site-packages/airflow/example_dags/example_sla_dag.py
[2023-07-25T16:13:26.485+0000] {processor.py:826} INFO - Processing file /home/airflow/.local/lib/python3.9/site-packages/airflow/example_dags/example_sla_dag.py for tasks to queue
[2023-07-25T16:13:26.486+0000] {logging_mixin.py:150} INFO - [2023-07-25T16:13:26.486+0000] {dagbag.py:541} INFO - Filling up the DagBag from /home/airflow/.local/lib/python3.9/site-packages/airflow/example_dags/example_sla_dag.py
[2023-07-25T16:13:26.509+0000] {processor.py:836} INFO - DAG(s) dict_keys(['example_sla_dag']) retrieved from /home/airflow/.local/lib/python3.9/site-packages/airflow/example_dags/example_sla_dag.py
[2023-07-25T16:13:26.588+0000] {logging_mixin.py:150} INFO - [2023-07-25T16:13:26.587+0000] {dag.py:2742} INFO - Sync 1 DAGs
[2023-07-25T16:13:26.687+0000] {logging_mixin.py:150} INFO - [2023-07-25T16:13:26.687+0000] {dag.py:3504} INFO - Setting next_dagrun for example_sla_dag to 2023-07-25T16:10:00+00:00, run_after=2023-07-25T16:12:00+00:00
[2023-07-25T16:13:26.769+0000] {processor.py:179} INFO - Processing /home/airflow/.local/lib/python3.9/site-packages/airflow/example_dags/example_sla_dag.py took 0.336 seconds
[2023-07-25T16:13:57.604+0000] {processor.py:157} INFO - Started process (PID=1426) to work on /home/airflow/.local/lib/python3.9/site-packages/airflow/example_dags/example_sla_dag.py
[2023-07-25T16:13:57.610+0000] {processor.py:826} INFO - Processing file /home/airflow/.local/lib/python3.9/site-packages/airflow/example_dags/example_sla_dag.py for tasks to queue
[2023-07-25T16:13:57.611+0000] {logging_mixin.py:150} INFO - [2023-07-25T16:13:57.611+0000] {dagbag.py:541} INFO - Filling up the DagBag from /home/airflow/.local/lib/python3.9/site-packages/airflow/example_dags/example_sla_dag.py
[2023-07-25T16:13:57.641+0000] {processor.py:836} INFO - DAG(s) dict_keys(['example_sla_dag']) retrieved from /home/airflow/.local/lib/python3.9/site-packages/airflow/example_dags/example_sla_dag.py
[2023-07-25T16:13:57.695+0000] {logging_mixin.py:150} INFO - [2023-07-25T16:13:57.695+0000] {dag.py:2742} INFO - Sync 1 DAGs
[2023-07-25T16:13:57.763+0000] {logging_mixin.py:150} INFO - [2023-07-25T16:13:57.762+0000] {dag.py:3504} INFO - Setting next_dagrun for example_sla_dag to 2023-07-25T16:10:00+00:00, run_after=2023-07-25T16:12:00+00:00
[2023-07-25T16:13:57.817+0000] {processor.py:179} INFO - Processing /home/airflow/.local/lib/python3.9/site-packages/airflow/example_dags/example_sla_dag.py took 0.218 seconds
[2023-07-25T16:14:28.648+0000] {processor.py:157} INFO - Started process (PID=1487) to work on /home/airflow/.local/lib/python3.9/site-packages/airflow/example_dags/example_sla_dag.py
[2023-07-25T16:14:28.653+0000] {processor.py:826} INFO - Processing file /home/airflow/.local/lib/python3.9/site-packages/airflow/example_dags/example_sla_dag.py for tasks to queue
[2023-07-25T16:14:28.654+0000] {logging_mixin.py:150} INFO - [2023-07-25T16:14:28.654+0000] {dagbag.py:541} INFO - Filling up the DagBag from /home/airflow/.local/lib/python3.9/site-packages/airflow/example_dags/example_sla_dag.py
[2023-07-25T16:14:28.668+0000] {processor.py:836} INFO - DAG(s) dict_keys(['example_sla_dag']) retrieved from /home/airflow/.local/lib/python3.9/site-packages/airflow/example_dags/example_sla_dag.py
[2023-07-25T16:14:28.755+0000] {logging_mixin.py:150} INFO - [2023-07-25T16:14:28.755+0000] {dag.py:2742} INFO - Sync 1 DAGs
[2023-07-25T16:14:28.790+0000] {logging_mixin.py:150} INFO - [2023-07-25T16:14:28.790+0000] {dag.py:3504} INFO - Setting next_dagrun for example_sla_dag to 2023-07-25T16:12:00+00:00, run_after=2023-07-25T16:14:00+00:00
[2023-07-25T16:14:28.834+0000] {processor.py:179} INFO - Processing /home/airflow/.local/lib/python3.9/site-packages/airflow/example_dags/example_sla_dag.py took 0.201 seconds
[2023-07-25T16:14:59.236+0000] {processor.py:157} INFO - Started process (PID=1548) to work on /home/airflow/.local/lib/python3.9/site-packages/airflow/example_dags/example_sla_dag.py
[2023-07-25T16:14:59.253+0000] {processor.py:826} INFO - Processing file /home/airflow/.local/lib/python3.9/site-packages/airflow/example_dags/example_sla_dag.py for tasks to queue
[2023-07-25T16:14:59.254+0000] {logging_mixin.py:150} INFO - [2023-07-25T16:14:59.253+0000] {dagbag.py:541} INFO - Filling up the DagBag from /home/airflow/.local/lib/python3.9/site-packages/airflow/example_dags/example_sla_dag.py
[2023-07-25T16:14:59.280+0000] {processor.py:836} INFO - DAG(s) dict_keys(['example_sla_dag']) retrieved from /home/airflow/.local/lib/python3.9/site-packages/airflow/example_dags/example_sla_dag.py
[2023-07-25T16:14:59.351+0000] {logging_mixin.py:150} INFO - [2023-07-25T16:14:59.351+0000] {dag.py:2742} INFO - Sync 1 DAGs
[2023-07-25T16:14:59.408+0000] {logging_mixin.py:150} INFO - [2023-07-25T16:14:59.408+0000] {dag.py:3504} INFO - Setting next_dagrun for example_sla_dag to 2023-07-25T16:12:00+00:00, run_after=2023-07-25T16:14:00+00:00
[2023-07-25T16:14:59.464+0000] {processor.py:179} INFO - Processing /home/airflow/.local/lib/python3.9/site-packages/airflow/example_dags/example_sla_dag.py took 0.252 seconds
[2023-07-25T16:15:29.554+0000] {processor.py:157} INFO - Started process (PID=1609) to work on /home/airflow/.local/lib/python3.9/site-packages/airflow/example_dags/example_sla_dag.py
[2023-07-25T16:15:29.565+0000] {processor.py:826} INFO - Processing file /home/airflow/.local/lib/python3.9/site-packages/airflow/example_dags/example_sla_dag.py for tasks to queue
[2023-07-25T16:15:29.566+0000] {logging_mixin.py:150} INFO - [2023-07-25T16:15:29.566+0000] {dagbag.py:541} INFO - Filling up the DagBag from /home/airflow/.local/lib/python3.9/site-packages/airflow/example_dags/example_sla_dag.py
[2023-07-25T16:15:29.583+0000] {processor.py:836} INFO - DAG(s) dict_keys(['example_sla_dag']) retrieved from /home/airflow/.local/lib/python3.9/site-packages/airflow/example_dags/example_sla_dag.py
[2023-07-25T16:15:29.631+0000] {logging_mixin.py:150} INFO - [2023-07-25T16:15:29.631+0000] {dag.py:2742} INFO - Sync 1 DAGs
[2023-07-25T16:15:29.730+0000] {logging_mixin.py:150} INFO - [2023-07-25T16:15:29.730+0000] {dag.py:3504} INFO - Setting next_dagrun for example_sla_dag to 2023-07-25T16:12:00+00:00, run_after=2023-07-25T16:14:00+00:00
[2023-07-25T16:15:29.800+0000] {processor.py:179} INFO - Processing /home/airflow/.local/lib/python3.9/site-packages/airflow/example_dags/example_sla_dag.py took 0.257 seconds
[2023-07-25T16:16:01.431+0000] {processor.py:157} INFO - Started process (PID=1671) to work on /home/airflow/.local/lib/python3.9/site-packages/airflow/example_dags/example_sla_dag.py
[2023-07-25T16:16:01.438+0000] {processor.py:826} INFO - Processing file /home/airflow/.local/lib/python3.9/site-packages/airflow/example_dags/example_sla_dag.py for tasks to queue
[2023-07-25T16:16:01.440+0000] {logging_mixin.py:150} INFO - [2023-07-25T16:16:01.439+0000] {dagbag.py:541} INFO - Filling up the DagBag from /home/airflow/.local/lib/python3.9/site-packages/airflow/example_dags/example_sla_dag.py
[2023-07-25T16:16:01.461+0000] {processor.py:836} INFO - DAG(s) dict_keys(['example_sla_dag']) retrieved from /home/airflow/.local/lib/python3.9/site-packages/airflow/example_dags/example_sla_dag.py
[2023-07-25T16:16:01.546+0000] {logging_mixin.py:150} INFO - [2023-07-25T16:16:01.546+0000] {dag.py:2742} INFO - Sync 1 DAGs
[2023-07-25T16:16:01.657+0000] {logging_mixin.py:150} INFO - [2023-07-25T16:16:01.656+0000] {dag.py:3504} INFO - Setting next_dagrun for example_sla_dag to 2023-07-25T16:14:00+00:00, run_after=2023-07-25T16:16:00+00:00
[2023-07-25T16:16:01.709+0000] {processor.py:179} INFO - Processing /home/airflow/.local/lib/python3.9/site-packages/airflow/example_dags/example_sla_dag.py took 0.300 seconds
[2023-07-25T16:16:32.360+0000] {processor.py:157} INFO - Started process (PID=1733) to work on /home/airflow/.local/lib/python3.9/site-packages/airflow/example_dags/example_sla_dag.py
[2023-07-25T16:16:32.365+0000] {processor.py:826} INFO - Processing file /home/airflow/.local/lib/python3.9/site-packages/airflow/example_dags/example_sla_dag.py for tasks to queue
[2023-07-25T16:16:32.366+0000] {logging_mixin.py:150} INFO - [2023-07-25T16:16:32.366+0000] {dagbag.py:541} INFO - Filling up the DagBag from /home/airflow/.local/lib/python3.9/site-packages/airflow/example_dags/example_sla_dag.py
[2023-07-25T16:16:32.388+0000] {processor.py:836} INFO - DAG(s) dict_keys(['example_sla_dag']) retrieved from /home/airflow/.local/lib/python3.9/site-packages/airflow/example_dags/example_sla_dag.py
[2023-07-25T16:16:32.443+0000] {logging_mixin.py:150} INFO - [2023-07-25T16:16:32.443+0000] {dag.py:2742} INFO - Sync 1 DAGs
[2023-07-25T16:16:32.498+0000] {logging_mixin.py:150} INFO - [2023-07-25T16:16:32.498+0000] {dag.py:3504} INFO - Setting next_dagrun for example_sla_dag to 2023-07-25T16:14:00+00:00, run_after=2023-07-25T16:16:00+00:00
[2023-07-25T16:16:32.552+0000] {processor.py:179} INFO - Processing /home/airflow/.local/lib/python3.9/site-packages/airflow/example_dags/example_sla_dag.py took 0.208 seconds
[2023-07-25T16:17:02.947+0000] {processor.py:157} INFO - Started process (PID=1794) to work on /home/airflow/.local/lib/python3.9/site-packages/airflow/example_dags/example_sla_dag.py
[2023-07-25T16:17:02.948+0000] {processor.py:826} INFO - Processing file /home/airflow/.local/lib/python3.9/site-packages/airflow/example_dags/example_sla_dag.py for tasks to queue
[2023-07-25T16:17:02.949+0000] {logging_mixin.py:150} INFO - [2023-07-25T16:17:02.949+0000] {dagbag.py:541} INFO - Filling up the DagBag from /home/airflow/.local/lib/python3.9/site-packages/airflow/example_dags/example_sla_dag.py
[2023-07-25T16:17:02.961+0000] {processor.py:836} INFO - DAG(s) dict_keys(['example_sla_dag']) retrieved from /home/airflow/.local/lib/python3.9/site-packages/airflow/example_dags/example_sla_dag.py
[2023-07-25T16:17:03.081+0000] {logging_mixin.py:150} INFO - [2023-07-25T16:17:03.080+0000] {dag.py:2742} INFO - Sync 1 DAGs
[2023-07-25T16:17:03.160+0000] {logging_mixin.py:150} INFO - [2023-07-25T16:17:03.160+0000] {dag.py:3504} INFO - Setting next_dagrun for example_sla_dag to 2023-07-25T16:14:00+00:00, run_after=2023-07-25T16:16:00+00:00
[2023-07-25T16:17:03.212+0000] {processor.py:179} INFO - Processing /home/airflow/.local/lib/python3.9/site-packages/airflow/example_dags/example_sla_dag.py took 0.280 seconds
[2023-07-25T16:17:33.662+0000] {processor.py:157} INFO - Started process (PID=1856) to work on /home/airflow/.local/lib/python3.9/site-packages/airflow/example_dags/example_sla_dag.py
[2023-07-25T16:17:33.664+0000] {processor.py:826} INFO - Processing file /home/airflow/.local/lib/python3.9/site-packages/airflow/example_dags/example_sla_dag.py for tasks to queue
[2023-07-25T16:17:33.676+0000] {logging_mixin.py:150} INFO - [2023-07-25T16:17:33.664+0000] {dagbag.py:541} INFO - Filling up the DagBag from /home/airflow/.local/lib/python3.9/site-packages/airflow/example_dags/example_sla_dag.py
[2023-07-25T16:17:33.719+0000] {processor.py:836} INFO - DAG(s) dict_keys(['example_sla_dag']) retrieved from /home/airflow/.local/lib/python3.9/site-packages/airflow/example_dags/example_sla_dag.py
[2023-07-25T16:17:33.815+0000] {logging_mixin.py:150} INFO - [2023-07-25T16:17:33.815+0000] {dag.py:2742} INFO - Sync 1 DAGs
[2023-07-25T16:17:33.880+0000] {logging_mixin.py:150} INFO - [2023-07-25T16:17:33.880+0000] {dag.py:3504} INFO - Setting next_dagrun for example_sla_dag to 2023-07-25T16:14:00+00:00, run_after=2023-07-25T16:16:00+00:00
[2023-07-25T16:17:33.946+0000] {processor.py:179} INFO - Processing /home/airflow/.local/lib/python3.9/site-packages/airflow/example_dags/example_sla_dag.py took 0.333 seconds
[2023-07-25T16:18:04.011+0000] {processor.py:157} INFO - Started process (PID=1917) to work on /home/airflow/.local/lib/python3.9/site-packages/airflow/example_dags/example_sla_dag.py
[2023-07-25T16:18:04.018+0000] {processor.py:826} INFO - Processing file /home/airflow/.local/lib/python3.9/site-packages/airflow/example_dags/example_sla_dag.py for tasks to queue
[2023-07-25T16:18:04.019+0000] {logging_mixin.py:150} INFO - [2023-07-25T16:18:04.018+0000] {dagbag.py:541} INFO - Filling up the DagBag from /home/airflow/.local/lib/python3.9/site-packages/airflow/example_dags/example_sla_dag.py
[2023-07-25T16:18:04.045+0000] {processor.py:836} INFO - DAG(s) dict_keys(['example_sla_dag']) retrieved from /home/airflow/.local/lib/python3.9/site-packages/airflow/example_dags/example_sla_dag.py
[2023-07-25T16:18:04.106+0000] {logging_mixin.py:150} INFO - [2023-07-25T16:18:04.105+0000] {dag.py:2742} INFO - Sync 1 DAGs
[2023-07-25T16:18:04.171+0000] {logging_mixin.py:150} INFO - [2023-07-25T16:18:04.171+0000] {dag.py:3504} INFO - Setting next_dagrun for example_sla_dag to 2023-07-25T16:16:00+00:00, run_after=2023-07-25T16:18:00+00:00
[2023-07-25T16:18:04.210+0000] {processor.py:179} INFO - Processing /home/airflow/.local/lib/python3.9/site-packages/airflow/example_dags/example_sla_dag.py took 0.205 seconds
[2023-07-25T16:18:34.543+0000] {processor.py:157} INFO - Started process (PID=1979) to work on /home/airflow/.local/lib/python3.9/site-packages/airflow/example_dags/example_sla_dag.py
[2023-07-25T16:18:34.551+0000] {processor.py:826} INFO - Processing file /home/airflow/.local/lib/python3.9/site-packages/airflow/example_dags/example_sla_dag.py for tasks to queue
[2023-07-25T16:18:34.552+0000] {logging_mixin.py:150} INFO - [2023-07-25T16:18:34.551+0000] {dagbag.py:541} INFO - Filling up the DagBag from /home/airflow/.local/lib/python3.9/site-packages/airflow/example_dags/example_sla_dag.py
[2023-07-25T16:18:34.582+0000] {processor.py:836} INFO - DAG(s) dict_keys(['example_sla_dag']) retrieved from /home/airflow/.local/lib/python3.9/site-packages/airflow/example_dags/example_sla_dag.py
[2023-07-25T16:18:34.655+0000] {logging_mixin.py:150} INFO - [2023-07-25T16:18:34.655+0000] {dag.py:2742} INFO - Sync 1 DAGs
[2023-07-25T16:18:34.720+0000] {logging_mixin.py:150} INFO - [2023-07-25T16:18:34.720+0000] {dag.py:3504} INFO - Setting next_dagrun for example_sla_dag to 2023-07-25T16:16:00+00:00, run_after=2023-07-25T16:18:00+00:00
[2023-07-25T16:18:34.768+0000] {processor.py:179} INFO - Processing /home/airflow/.local/lib/python3.9/site-packages/airflow/example_dags/example_sla_dag.py took 0.235 seconds
[2023-07-25T16:19:05.190+0000] {processor.py:157} INFO - Started process (PID=2041) to work on /home/airflow/.local/lib/python3.9/site-packages/airflow/example_dags/example_sla_dag.py
[2023-07-25T16:19:05.202+0000] {processor.py:826} INFO - Processing file /home/airflow/.local/lib/python3.9/site-packages/airflow/example_dags/example_sla_dag.py for tasks to queue
[2023-07-25T16:19:05.203+0000] {logging_mixin.py:150} INFO - [2023-07-25T16:19:05.203+0000] {dagbag.py:541} INFO - Filling up the DagBag from /home/airflow/.local/lib/python3.9/site-packages/airflow/example_dags/example_sla_dag.py
[2023-07-25T16:19:05.214+0000] {processor.py:836} INFO - DAG(s) dict_keys(['example_sla_dag']) retrieved from /home/airflow/.local/lib/python3.9/site-packages/airflow/example_dags/example_sla_dag.py
[2023-07-25T16:19:05.275+0000] {logging_mixin.py:150} INFO - [2023-07-25T16:19:05.275+0000] {dag.py:2742} INFO - Sync 1 DAGs
[2023-07-25T16:19:05.339+0000] {logging_mixin.py:150} INFO - [2023-07-25T16:19:05.339+0000] {dag.py:3504} INFO - Setting next_dagrun for example_sla_dag to 2023-07-25T16:16:00+00:00, run_after=2023-07-25T16:18:00+00:00
[2023-07-25T16:19:05.396+0000] {processor.py:179} INFO - Processing /home/airflow/.local/lib/python3.9/site-packages/airflow/example_dags/example_sla_dag.py took 0.211 seconds
[2023-07-25T16:19:35.479+0000] {processor.py:157} INFO - Started process (PID=2103) to work on /home/airflow/.local/lib/python3.9/site-packages/airflow/example_dags/example_sla_dag.py
[2023-07-25T16:19:35.485+0000] {processor.py:826} INFO - Processing file /home/airflow/.local/lib/python3.9/site-packages/airflow/example_dags/example_sla_dag.py for tasks to queue
[2023-07-25T16:19:35.486+0000] {logging_mixin.py:150} INFO - [2023-07-25T16:19:35.485+0000] {dagbag.py:541} INFO - Filling up the DagBag from /home/airflow/.local/lib/python3.9/site-packages/airflow/example_dags/example_sla_dag.py
[2023-07-25T16:19:35.503+0000] {processor.py:836} INFO - DAG(s) dict_keys(['example_sla_dag']) retrieved from /home/airflow/.local/lib/python3.9/site-packages/airflow/example_dags/example_sla_dag.py
[2023-07-25T16:19:35.547+0000] {logging_mixin.py:150} INFO - [2023-07-25T16:19:35.547+0000] {dag.py:2742} INFO - Sync 1 DAGs
[2023-07-25T16:19:35.604+0000] {logging_mixin.py:150} INFO - [2023-07-25T16:19:35.604+0000] {dag.py:3504} INFO - Setting next_dagrun for example_sla_dag to 2023-07-25T16:16:00+00:00, run_after=2023-07-25T16:18:00+00:00
[2023-07-25T16:19:35.636+0000] {processor.py:179} INFO - Processing /home/airflow/.local/lib/python3.9/site-packages/airflow/example_dags/example_sla_dag.py took 0.166 seconds
[2023-07-25T16:20:06.240+0000] {processor.py:157} INFO - Started process (PID=2164) to work on /home/airflow/.local/lib/python3.9/site-packages/airflow/example_dags/example_sla_dag.py
[2023-07-25T16:20:06.250+0000] {processor.py:826} INFO - Processing file /home/airflow/.local/lib/python3.9/site-packages/airflow/example_dags/example_sla_dag.py for tasks to queue
[2023-07-25T16:20:06.251+0000] {logging_mixin.py:150} INFO - [2023-07-25T16:20:06.251+0000] {dagbag.py:541} INFO - Filling up the DagBag from /home/airflow/.local/lib/python3.9/site-packages/airflow/example_dags/example_sla_dag.py
[2023-07-25T16:20:06.263+0000] {processor.py:836} INFO - DAG(s) dict_keys(['example_sla_dag']) retrieved from /home/airflow/.local/lib/python3.9/site-packages/airflow/example_dags/example_sla_dag.py
[2023-07-25T16:20:06.335+0000] {logging_mixin.py:150} INFO - [2023-07-25T16:20:06.335+0000] {dag.py:2742} INFO - Sync 1 DAGs
[2023-07-25T16:20:06.399+0000] {logging_mixin.py:150} INFO - [2023-07-25T16:20:06.398+0000] {dag.py:3504} INFO - Setting next_dagrun for example_sla_dag to 2023-07-25T16:18:00+00:00, run_after=2023-07-25T16:20:00+00:00
[2023-07-25T16:20:06.454+0000] {processor.py:179} INFO - Processing /home/airflow/.local/lib/python3.9/site-packages/airflow/example_dags/example_sla_dag.py took 0.220 seconds
[2023-07-25T16:20:36.805+0000] {processor.py:157} INFO - Started process (PID=2225) to work on /home/airflow/.local/lib/python3.9/site-packages/airflow/example_dags/example_sla_dag.py
[2023-07-25T16:20:36.835+0000] {processor.py:826} INFO - Processing file /home/airflow/.local/lib/python3.9/site-packages/airflow/example_dags/example_sla_dag.py for tasks to queue
[2023-07-25T16:20:36.836+0000] {logging_mixin.py:150} INFO - [2023-07-25T16:20:36.836+0000] {dagbag.py:541} INFO - Filling up the DagBag from /home/airflow/.local/lib/python3.9/site-packages/airflow/example_dags/example_sla_dag.py
[2023-07-25T16:20:36.891+0000] {processor.py:836} INFO - DAG(s) dict_keys(['example_sla_dag']) retrieved from /home/airflow/.local/lib/python3.9/site-packages/airflow/example_dags/example_sla_dag.py
[2023-07-25T16:20:37.036+0000] {logging_mixin.py:150} INFO - [2023-07-25T16:20:37.035+0000] {dag.py:2742} INFO - Sync 1 DAGs
[2023-07-25T16:20:37.180+0000] {logging_mixin.py:150} INFO - [2023-07-25T16:20:37.180+0000] {dag.py:3504} INFO - Setting next_dagrun for example_sla_dag to 2023-07-25T16:18:00+00:00, run_after=2023-07-25T16:20:00+00:00
[2023-07-25T16:20:37.356+0000] {processor.py:179} INFO - Processing /home/airflow/.local/lib/python3.9/site-packages/airflow/example_dags/example_sla_dag.py took 0.587 seconds
[2023-07-25T16:21:07.873+0000] {processor.py:157} INFO - Started process (PID=2286) to work on /home/airflow/.local/lib/python3.9/site-packages/airflow/example_dags/example_sla_dag.py
[2023-07-25T16:21:07.881+0000] {processor.py:826} INFO - Processing file /home/airflow/.local/lib/python3.9/site-packages/airflow/example_dags/example_sla_dag.py for tasks to queue
[2023-07-25T16:21:07.882+0000] {logging_mixin.py:150} INFO - [2023-07-25T16:21:07.882+0000] {dagbag.py:541} INFO - Filling up the DagBag from /home/airflow/.local/lib/python3.9/site-packages/airflow/example_dags/example_sla_dag.py
[2023-07-25T16:21:07.901+0000] {processor.py:836} INFO - DAG(s) dict_keys(['example_sla_dag']) retrieved from /home/airflow/.local/lib/python3.9/site-packages/airflow/example_dags/example_sla_dag.py
[2023-07-25T16:21:07.956+0000] {logging_mixin.py:150} INFO - [2023-07-25T16:21:07.956+0000] {dag.py:2742} INFO - Sync 1 DAGs
[2023-07-25T16:21:07.992+0000] {logging_mixin.py:150} INFO - [2023-07-25T16:21:07.992+0000] {dag.py:3504} INFO - Setting next_dagrun for example_sla_dag to 2023-07-25T16:18:00+00:00, run_after=2023-07-25T16:20:00+00:00
[2023-07-25T16:21:08.045+0000] {processor.py:179} INFO - Processing /home/airflow/.local/lib/python3.9/site-packages/airflow/example_dags/example_sla_dag.py took 0.176 seconds
[2023-07-25T16:21:38.434+0000] {processor.py:157} INFO - Started process (PID=2348) to work on /home/airflow/.local/lib/python3.9/site-packages/airflow/example_dags/example_sla_dag.py
[2023-07-25T16:21:38.437+0000] {processor.py:826} INFO - Processing file /home/airflow/.local/lib/python3.9/site-packages/airflow/example_dags/example_sla_dag.py for tasks to queue
[2023-07-25T16:21:38.438+0000] {logging_mixin.py:150} INFO - [2023-07-25T16:21:38.437+0000] {dagbag.py:541} INFO - Filling up the DagBag from /home/airflow/.local/lib/python3.9/site-packages/airflow/example_dags/example_sla_dag.py
[2023-07-25T16:21:38.459+0000] {processor.py:836} INFO - DAG(s) dict_keys(['example_sla_dag']) retrieved from /home/airflow/.local/lib/python3.9/site-packages/airflow/example_dags/example_sla_dag.py
[2023-07-25T16:21:38.525+0000] {logging_mixin.py:150} INFO - [2023-07-25T16:21:38.525+0000] {dag.py:2742} INFO - Sync 1 DAGs
[2023-07-25T16:21:38.584+0000] {logging_mixin.py:150} INFO - [2023-07-25T16:21:38.584+0000] {dag.py:3504} INFO - Setting next_dagrun for example_sla_dag to 2023-07-25T16:18:00+00:00, run_after=2023-07-25T16:20:00+00:00
[2023-07-25T16:21:38.636+0000] {processor.py:179} INFO - Processing /home/airflow/.local/lib/python3.9/site-packages/airflow/example_dags/example_sla_dag.py took 0.213 seconds
[2023-07-25T16:22:08.933+0000] {processor.py:157} INFO - Started process (PID=2410) to work on /home/airflow/.local/lib/python3.9/site-packages/airflow/example_dags/example_sla_dag.py
[2023-07-25T16:22:08.945+0000] {processor.py:826} INFO - Processing file /home/airflow/.local/lib/python3.9/site-packages/airflow/example_dags/example_sla_dag.py for tasks to queue
[2023-07-25T16:22:08.946+0000] {logging_mixin.py:150} INFO - [2023-07-25T16:22:08.946+0000] {dagbag.py:541} INFO - Filling up the DagBag from /home/airflow/.local/lib/python3.9/site-packages/airflow/example_dags/example_sla_dag.py
[2023-07-25T16:22:08.960+0000] {processor.py:836} INFO - DAG(s) dict_keys(['example_sla_dag']) retrieved from /home/airflow/.local/lib/python3.9/site-packages/airflow/example_dags/example_sla_dag.py
[2023-07-25T16:22:09.028+0000] {logging_mixin.py:150} INFO - [2023-07-25T16:22:09.028+0000] {dag.py:2742} INFO - Sync 1 DAGs
[2023-07-25T16:22:09.134+0000] {logging_mixin.py:150} INFO - [2023-07-25T16:22:09.124+0000] {dag.py:3504} INFO - Setting next_dagrun for example_sla_dag to 2023-07-25T16:20:00+00:00, run_after=2023-07-25T16:22:00+00:00
[2023-07-25T16:22:09.235+0000] {processor.py:179} INFO - Processing /home/airflow/.local/lib/python3.9/site-packages/airflow/example_dags/example_sla_dag.py took 0.306 seconds
[2023-07-25T16:22:39.461+0000] {processor.py:157} INFO - Started process (PID=2472) to work on /home/airflow/.local/lib/python3.9/site-packages/airflow/example_dags/example_sla_dag.py
[2023-07-25T16:22:39.475+0000] {processor.py:826} INFO - Processing file /home/airflow/.local/lib/python3.9/site-packages/airflow/example_dags/example_sla_dag.py for tasks to queue
[2023-07-25T16:22:39.476+0000] {logging_mixin.py:150} INFO - [2023-07-25T16:22:39.476+0000] {dagbag.py:541} INFO - Filling up the DagBag from /home/airflow/.local/lib/python3.9/site-packages/airflow/example_dags/example_sla_dag.py
[2023-07-25T16:22:39.493+0000] {processor.py:836} INFO - DAG(s) dict_keys(['example_sla_dag']) retrieved from /home/airflow/.local/lib/python3.9/site-packages/airflow/example_dags/example_sla_dag.py
[2023-07-25T16:22:39.533+0000] {logging_mixin.py:150} INFO - [2023-07-25T16:22:39.533+0000] {dag.py:2742} INFO - Sync 1 DAGs
[2023-07-25T16:22:39.599+0000] {logging_mixin.py:150} INFO - [2023-07-25T16:22:39.599+0000] {dag.py:3504} INFO - Setting next_dagrun for example_sla_dag to 2023-07-25T16:20:00+00:00, run_after=2023-07-25T16:22:00+00:00
[2023-07-25T16:22:39.654+0000] {processor.py:179} INFO - Processing /home/airflow/.local/lib/python3.9/site-packages/airflow/example_dags/example_sla_dag.py took 0.198 seconds
[2023-07-25T16:23:09.907+0000] {processor.py:157} INFO - Started process (PID=2534) to work on /home/airflow/.local/lib/python3.9/site-packages/airflow/example_dags/example_sla_dag.py
[2023-07-25T16:23:09.915+0000] {processor.py:826} INFO - Processing file /home/airflow/.local/lib/python3.9/site-packages/airflow/example_dags/example_sla_dag.py for tasks to queue
[2023-07-25T16:23:09.916+0000] {logging_mixin.py:150} INFO - [2023-07-25T16:23:09.916+0000] {dagbag.py:541} INFO - Filling up the DagBag from /home/airflow/.local/lib/python3.9/site-packages/airflow/example_dags/example_sla_dag.py
[2023-07-25T16:23:09.959+0000] {processor.py:836} INFO - DAG(s) dict_keys(['example_sla_dag']) retrieved from /home/airflow/.local/lib/python3.9/site-packages/airflow/example_dags/example_sla_dag.py
[2023-07-25T16:23:10.206+0000] {logging_mixin.py:150} INFO - [2023-07-25T16:23:10.206+0000] {dag.py:2742} INFO - Sync 1 DAGs
[2023-07-25T16:23:10.430+0000] {logging_mixin.py:150} INFO - [2023-07-25T16:23:10.430+0000] {dag.py:3504} INFO - Setting next_dagrun for example_sla_dag to 2023-07-25T16:20:00+00:00, run_after=2023-07-25T16:22:00+00:00
[2023-07-25T16:23:10.715+0000] {processor.py:179} INFO - Processing /home/airflow/.local/lib/python3.9/site-packages/airflow/example_dags/example_sla_dag.py took 0.823 seconds
[2023-07-25T16:23:41.234+0000] {processor.py:157} INFO - Started process (PID=2596) to work on /home/airflow/.local/lib/python3.9/site-packages/airflow/example_dags/example_sla_dag.py
[2023-07-25T16:23:41.249+0000] {processor.py:826} INFO - Processing file /home/airflow/.local/lib/python3.9/site-packages/airflow/example_dags/example_sla_dag.py for tasks to queue
[2023-07-25T16:23:41.250+0000] {logging_mixin.py:150} INFO - [2023-07-25T16:23:41.250+0000] {dagbag.py:541} INFO - Filling up the DagBag from /home/airflow/.local/lib/python3.9/site-packages/airflow/example_dags/example_sla_dag.py
[2023-07-25T16:23:41.287+0000] {processor.py:836} INFO - DAG(s) dict_keys(['example_sla_dag']) retrieved from /home/airflow/.local/lib/python3.9/site-packages/airflow/example_dags/example_sla_dag.py
[2023-07-25T16:23:41.345+0000] {logging_mixin.py:150} INFO - [2023-07-25T16:23:41.345+0000] {dag.py:2742} INFO - Sync 1 DAGs
[2023-07-25T16:23:41.437+0000] {logging_mixin.py:150} INFO - [2023-07-25T16:23:41.437+0000] {dag.py:3504} INFO - Setting next_dagrun for example_sla_dag to 2023-07-25T16:20:00+00:00, run_after=2023-07-25T16:22:00+00:00
[2023-07-25T16:23:41.523+0000] {processor.py:179} INFO - Processing /home/airflow/.local/lib/python3.9/site-packages/airflow/example_dags/example_sla_dag.py took 0.293 seconds
[2023-07-25T16:24:12.086+0000] {processor.py:157} INFO - Started process (PID=2658) to work on /home/airflow/.local/lib/python3.9/site-packages/airflow/example_dags/example_sla_dag.py
[2023-07-25T16:24:12.098+0000] {processor.py:826} INFO - Processing file /home/airflow/.local/lib/python3.9/site-packages/airflow/example_dags/example_sla_dag.py for tasks to queue
[2023-07-25T16:24:12.099+0000] {logging_mixin.py:150} INFO - [2023-07-25T16:24:12.098+0000] {dagbag.py:541} INFO - Filling up the DagBag from /home/airflow/.local/lib/python3.9/site-packages/airflow/example_dags/example_sla_dag.py
[2023-07-25T16:24:12.159+0000] {processor.py:836} INFO - DAG(s) dict_keys(['example_sla_dag']) retrieved from /home/airflow/.local/lib/python3.9/site-packages/airflow/example_dags/example_sla_dag.py
[2023-07-25T16:24:12.227+0000] {logging_mixin.py:150} INFO - [2023-07-25T16:24:12.226+0000] {dag.py:2742} INFO - Sync 1 DAGs
[2023-07-25T16:24:12.320+0000] {logging_mixin.py:150} INFO - [2023-07-25T16:24:12.320+0000] {dag.py:3504} INFO - Setting next_dagrun for example_sla_dag to 2023-07-25T16:22:00+00:00, run_after=2023-07-25T16:24:00+00:00
[2023-07-25T16:24:12.398+0000] {processor.py:179} INFO - Processing /home/airflow/.local/lib/python3.9/site-packages/airflow/example_dags/example_sla_dag.py took 0.337 seconds
