[2023-07-25T16:02:17.432+0000] {processor.py:157} INFO - Started process (PID=49) to work on /home/airflow/.local/lib/python3.9/site-packages/airflow/example_dags/example_dynamic_task_mapping_with_no_taskflow_operators.py
[2023-07-25T16:02:17.433+0000] {processor.py:826} INFO - Processing file /home/airflow/.local/lib/python3.9/site-packages/airflow/example_dags/example_dynamic_task_mapping_with_no_taskflow_operators.py for tasks to queue
[2023-07-25T16:02:17.434+0000] {logging_mixin.py:150} INFO - [2023-07-25T16:02:17.434+0000] {dagbag.py:541} INFO - Filling up the DagBag from /home/airflow/.local/lib/python3.9/site-packages/airflow/example_dags/example_dynamic_task_mapping_with_no_taskflow_operators.py
[2023-07-25T16:02:17.457+0000] {processor.py:836} INFO - DAG(s) dict_keys(['example_dynamic_task_mapping_with_no_taskflow_operators']) retrieved from /home/airflow/.local/lib/python3.9/site-packages/airflow/example_dags/example_dynamic_task_mapping_with_no_taskflow_operators.py
[2023-07-25T16:02:17.525+0000] {logging_mixin.py:150} INFO - [2023-07-25T16:02:17.525+0000] {dag.py:2742} INFO - Sync 1 DAGs
[2023-07-25T16:02:17.916+0000] {logging_mixin.py:150} INFO - [2023-07-25T16:02:17.916+0000] {dag.py:3504} INFO - Setting next_dagrun for example_dynamic_task_mapping_with_no_taskflow_operators to 2023-07-24T16:02:17.916087+00:00, run_after=2023-07-25T16:02:17.916087+00:00
[2023-07-25T16:02:17.965+0000] {processor.py:179} INFO - Processing /home/airflow/.local/lib/python3.9/site-packages/airflow/example_dags/example_dynamic_task_mapping_with_no_taskflow_operators.py took 0.548 seconds
[2023-07-25T16:02:48.572+0000] {processor.py:157} INFO - Started process (PID=111) to work on /home/airflow/.local/lib/python3.9/site-packages/airflow/example_dags/example_dynamic_task_mapping_with_no_taskflow_operators.py
[2023-07-25T16:02:48.585+0000] {processor.py:826} INFO - Processing file /home/airflow/.local/lib/python3.9/site-packages/airflow/example_dags/example_dynamic_task_mapping_with_no_taskflow_operators.py for tasks to queue
[2023-07-25T16:02:48.586+0000] {logging_mixin.py:150} INFO - [2023-07-25T16:02:48.586+0000] {dagbag.py:541} INFO - Filling up the DagBag from /home/airflow/.local/lib/python3.9/site-packages/airflow/example_dags/example_dynamic_task_mapping_with_no_taskflow_operators.py
[2023-07-25T16:02:48.595+0000] {processor.py:836} INFO - DAG(s) dict_keys(['example_dynamic_task_mapping_with_no_taskflow_operators']) retrieved from /home/airflow/.local/lib/python3.9/site-packages/airflow/example_dags/example_dynamic_task_mapping_with_no_taskflow_operators.py
[2023-07-25T16:02:48.670+0000] {logging_mixin.py:150} INFO - [2023-07-25T16:02:48.670+0000] {dag.py:2742} INFO - Sync 1 DAGs
[2023-07-25T16:02:48.761+0000] {logging_mixin.py:150} INFO - [2023-07-25T16:02:48.760+0000] {dag.py:3504} INFO - Setting next_dagrun for example_dynamic_task_mapping_with_no_taskflow_operators to 2023-07-24T16:02:48.760346+00:00, run_after=2023-07-25T16:02:48.760346+00:00
[2023-07-25T16:02:48.846+0000] {processor.py:179} INFO - Processing /home/airflow/.local/lib/python3.9/site-packages/airflow/example_dags/example_dynamic_task_mapping_with_no_taskflow_operators.py took 0.278 seconds
[2023-07-25T16:03:18.974+0000] {processor.py:157} INFO - Started process (PID=172) to work on /home/airflow/.local/lib/python3.9/site-packages/airflow/example_dags/example_dynamic_task_mapping_with_no_taskflow_operators.py
[2023-07-25T16:03:18.995+0000] {processor.py:826} INFO - Processing file /home/airflow/.local/lib/python3.9/site-packages/airflow/example_dags/example_dynamic_task_mapping_with_no_taskflow_operators.py for tasks to queue
[2023-07-25T16:03:18.996+0000] {logging_mixin.py:150} INFO - [2023-07-25T16:03:18.996+0000] {dagbag.py:541} INFO - Filling up the DagBag from /home/airflow/.local/lib/python3.9/site-packages/airflow/example_dags/example_dynamic_task_mapping_with_no_taskflow_operators.py
[2023-07-25T16:03:19.020+0000] {processor.py:836} INFO - DAG(s) dict_keys(['example_dynamic_task_mapping_with_no_taskflow_operators']) retrieved from /home/airflow/.local/lib/python3.9/site-packages/airflow/example_dags/example_dynamic_task_mapping_with_no_taskflow_operators.py
[2023-07-25T16:03:19.087+0000] {logging_mixin.py:150} INFO - [2023-07-25T16:03:19.087+0000] {dag.py:2742} INFO - Sync 1 DAGs
[2023-07-25T16:03:19.165+0000] {logging_mixin.py:150} INFO - [2023-07-25T16:03:19.164+0000] {dag.py:3504} INFO - Setting next_dagrun for example_dynamic_task_mapping_with_no_taskflow_operators to 2023-07-24T16:03:19.164429+00:00, run_after=2023-07-25T16:03:19.164429+00:00
[2023-07-25T16:03:19.232+0000] {processor.py:179} INFO - Processing /home/airflow/.local/lib/python3.9/site-packages/airflow/example_dags/example_dynamic_task_mapping_with_no_taskflow_operators.py took 0.263 seconds
[2023-07-25T16:03:50.047+0000] {processor.py:157} INFO - Started process (PID=240) to work on /home/airflow/.local/lib/python3.9/site-packages/airflow/example_dags/example_dynamic_task_mapping_with_no_taskflow_operators.py
[2023-07-25T16:03:50.065+0000] {processor.py:826} INFO - Processing file /home/airflow/.local/lib/python3.9/site-packages/airflow/example_dags/example_dynamic_task_mapping_with_no_taskflow_operators.py for tasks to queue
[2023-07-25T16:03:50.066+0000] {logging_mixin.py:150} INFO - [2023-07-25T16:03:50.066+0000] {dagbag.py:541} INFO - Filling up the DagBag from /home/airflow/.local/lib/python3.9/site-packages/airflow/example_dags/example_dynamic_task_mapping_with_no_taskflow_operators.py
[2023-07-25T16:03:50.074+0000] {processor.py:836} INFO - DAG(s) dict_keys(['example_dynamic_task_mapping_with_no_taskflow_operators']) retrieved from /home/airflow/.local/lib/python3.9/site-packages/airflow/example_dags/example_dynamic_task_mapping_with_no_taskflow_operators.py
[2023-07-25T16:03:50.276+0000] {logging_mixin.py:150} INFO - [2023-07-25T16:03:50.276+0000] {dag.py:2742} INFO - Sync 1 DAGs
[2023-07-25T16:03:50.406+0000] {logging_mixin.py:150} INFO - [2023-07-25T16:03:50.406+0000] {dag.py:3504} INFO - Setting next_dagrun for example_dynamic_task_mapping_with_no_taskflow_operators to 2023-07-24T16:03:50.405754+00:00, run_after=2023-07-25T16:03:50.405754+00:00
[2023-07-25T16:03:50.531+0000] {processor.py:179} INFO - Processing /home/airflow/.local/lib/python3.9/site-packages/airflow/example_dags/example_dynamic_task_mapping_with_no_taskflow_operators.py took 0.568 seconds
[2023-07-25T16:04:20.665+0000] {processor.py:157} INFO - Started process (PID=296) to work on /home/airflow/.local/lib/python3.9/site-packages/airflow/example_dags/example_dynamic_task_mapping_with_no_taskflow_operators.py
[2023-07-25T16:04:20.670+0000] {processor.py:826} INFO - Processing file /home/airflow/.local/lib/python3.9/site-packages/airflow/example_dags/example_dynamic_task_mapping_with_no_taskflow_operators.py for tasks to queue
[2023-07-25T16:04:20.671+0000] {logging_mixin.py:150} INFO - [2023-07-25T16:04:20.670+0000] {dagbag.py:541} INFO - Filling up the DagBag from /home/airflow/.local/lib/python3.9/site-packages/airflow/example_dags/example_dynamic_task_mapping_with_no_taskflow_operators.py
[2023-07-25T16:04:20.684+0000] {processor.py:836} INFO - DAG(s) dict_keys(['example_dynamic_task_mapping_with_no_taskflow_operators']) retrieved from /home/airflow/.local/lib/python3.9/site-packages/airflow/example_dags/example_dynamic_task_mapping_with_no_taskflow_operators.py
[2023-07-25T16:04:20.755+0000] {logging_mixin.py:150} INFO - [2023-07-25T16:04:20.755+0000] {dag.py:2742} INFO - Sync 1 DAGs
[2023-07-25T16:04:20.806+0000] {logging_mixin.py:150} INFO - [2023-07-25T16:04:20.805+0000] {dag.py:3504} INFO - Setting next_dagrun for example_dynamic_task_mapping_with_no_taskflow_operators to 2023-07-24T16:04:20.801834+00:00, run_after=2023-07-25T16:04:20.801834+00:00
[2023-07-25T16:04:20.885+0000] {processor.py:179} INFO - Processing /home/airflow/.local/lib/python3.9/site-packages/airflow/example_dags/example_dynamic_task_mapping_with_no_taskflow_operators.py took 0.225 seconds
[2023-07-25T16:04:51.346+0000] {processor.py:157} INFO - Started process (PID=357) to work on /home/airflow/.local/lib/python3.9/site-packages/airflow/example_dags/example_dynamic_task_mapping_with_no_taskflow_operators.py
[2023-07-25T16:04:51.348+0000] {processor.py:826} INFO - Processing file /home/airflow/.local/lib/python3.9/site-packages/airflow/example_dags/example_dynamic_task_mapping_with_no_taskflow_operators.py for tasks to queue
[2023-07-25T16:04:51.349+0000] {logging_mixin.py:150} INFO - [2023-07-25T16:04:51.348+0000] {dagbag.py:541} INFO - Filling up the DagBag from /home/airflow/.local/lib/python3.9/site-packages/airflow/example_dags/example_dynamic_task_mapping_with_no_taskflow_operators.py
[2023-07-25T16:04:51.368+0000] {processor.py:836} INFO - DAG(s) dict_keys(['example_dynamic_task_mapping_with_no_taskflow_operators']) retrieved from /home/airflow/.local/lib/python3.9/site-packages/airflow/example_dags/example_dynamic_task_mapping_with_no_taskflow_operators.py
[2023-07-25T16:04:51.425+0000] {logging_mixin.py:150} INFO - [2023-07-25T16:04:51.425+0000] {dag.py:2742} INFO - Sync 1 DAGs
[2023-07-25T16:04:51.486+0000] {logging_mixin.py:150} INFO - [2023-07-25T16:04:51.486+0000] {dag.py:3504} INFO - Setting next_dagrun for example_dynamic_task_mapping_with_no_taskflow_operators to 2023-07-24T16:04:51.485773+00:00, run_after=2023-07-25T16:04:51.485773+00:00
[2023-07-25T16:04:51.566+0000] {processor.py:179} INFO - Processing /home/airflow/.local/lib/python3.9/site-packages/airflow/example_dags/example_dynamic_task_mapping_with_no_taskflow_operators.py took 0.234 seconds
[2023-07-25T16:05:21.941+0000] {processor.py:157} INFO - Started process (PID=419) to work on /home/airflow/.local/lib/python3.9/site-packages/airflow/example_dags/example_dynamic_task_mapping_with_no_taskflow_operators.py
[2023-07-25T16:05:21.944+0000] {processor.py:826} INFO - Processing file /home/airflow/.local/lib/python3.9/site-packages/airflow/example_dags/example_dynamic_task_mapping_with_no_taskflow_operators.py for tasks to queue
[2023-07-25T16:05:21.948+0000] {logging_mixin.py:150} INFO - [2023-07-25T16:05:21.948+0000] {dagbag.py:541} INFO - Filling up the DagBag from /home/airflow/.local/lib/python3.9/site-packages/airflow/example_dags/example_dynamic_task_mapping_with_no_taskflow_operators.py
[2023-07-25T16:05:21.959+0000] {processor.py:836} INFO - DAG(s) dict_keys(['example_dynamic_task_mapping_with_no_taskflow_operators']) retrieved from /home/airflow/.local/lib/python3.9/site-packages/airflow/example_dags/example_dynamic_task_mapping_with_no_taskflow_operators.py
[2023-07-25T16:05:21.997+0000] {logging_mixin.py:150} INFO - [2023-07-25T16:05:21.997+0000] {dag.py:2742} INFO - Sync 1 DAGs
[2023-07-25T16:05:22.037+0000] {logging_mixin.py:150} INFO - [2023-07-25T16:05:22.037+0000] {dag.py:3504} INFO - Setting next_dagrun for example_dynamic_task_mapping_with_no_taskflow_operators to 2023-07-24T16:05:22.036911+00:00, run_after=2023-07-25T16:05:22.036911+00:00
[2023-07-25T16:05:22.072+0000] {processor.py:179} INFO - Processing /home/airflow/.local/lib/python3.9/site-packages/airflow/example_dags/example_dynamic_task_mapping_with_no_taskflow_operators.py took 0.135 seconds
[2023-07-25T16:05:52.505+0000] {processor.py:157} INFO - Started process (PID=481) to work on /home/airflow/.local/lib/python3.9/site-packages/airflow/example_dags/example_dynamic_task_mapping_with_no_taskflow_operators.py
[2023-07-25T16:05:52.507+0000] {processor.py:826} INFO - Processing file /home/airflow/.local/lib/python3.9/site-packages/airflow/example_dags/example_dynamic_task_mapping_with_no_taskflow_operators.py for tasks to queue
[2023-07-25T16:05:52.508+0000] {logging_mixin.py:150} INFO - [2023-07-25T16:05:52.507+0000] {dagbag.py:541} INFO - Filling up the DagBag from /home/airflow/.local/lib/python3.9/site-packages/airflow/example_dags/example_dynamic_task_mapping_with_no_taskflow_operators.py
[2023-07-25T16:05:52.522+0000] {processor.py:836} INFO - DAG(s) dict_keys(['example_dynamic_task_mapping_with_no_taskflow_operators']) retrieved from /home/airflow/.local/lib/python3.9/site-packages/airflow/example_dags/example_dynamic_task_mapping_with_no_taskflow_operators.py
[2023-07-25T16:05:52.576+0000] {logging_mixin.py:150} INFO - [2023-07-25T16:05:52.576+0000] {dag.py:2742} INFO - Sync 1 DAGs
[2023-07-25T16:05:52.631+0000] {logging_mixin.py:150} INFO - [2023-07-25T16:05:52.630+0000] {dag.py:3504} INFO - Setting next_dagrun for example_dynamic_task_mapping_with_no_taskflow_operators to 2023-07-24T16:05:52.630345+00:00, run_after=2023-07-25T16:05:52.630345+00:00
[2023-07-25T16:05:52.680+0000] {processor.py:179} INFO - Processing /home/airflow/.local/lib/python3.9/site-packages/airflow/example_dags/example_dynamic_task_mapping_with_no_taskflow_operators.py took 0.200 seconds
[2023-07-25T16:06:23.824+0000] {processor.py:157} INFO - Started process (PID=548) to work on /home/airflow/.local/lib/python3.9/site-packages/airflow/example_dags/example_dynamic_task_mapping_with_no_taskflow_operators.py
[2023-07-25T16:06:23.864+0000] {processor.py:826} INFO - Processing file /home/airflow/.local/lib/python3.9/site-packages/airflow/example_dags/example_dynamic_task_mapping_with_no_taskflow_operators.py for tasks to queue
[2023-07-25T16:06:23.866+0000] {logging_mixin.py:150} INFO - [2023-07-25T16:06:23.865+0000] {dagbag.py:541} INFO - Filling up the DagBag from /home/airflow/.local/lib/python3.9/site-packages/airflow/example_dags/example_dynamic_task_mapping_with_no_taskflow_operators.py
[2023-07-25T16:06:23.897+0000] {processor.py:836} INFO - DAG(s) dict_keys(['example_dynamic_task_mapping_with_no_taskflow_operators']) retrieved from /home/airflow/.local/lib/python3.9/site-packages/airflow/example_dags/example_dynamic_task_mapping_with_no_taskflow_operators.py
[2023-07-25T16:06:23.955+0000] {logging_mixin.py:150} INFO - [2023-07-25T16:06:23.955+0000] {dag.py:2742} INFO - Sync 1 DAGs
[2023-07-25T16:06:24.014+0000] {logging_mixin.py:150} INFO - [2023-07-25T16:06:24.014+0000] {dag.py:3504} INFO - Setting next_dagrun for example_dynamic_task_mapping_with_no_taskflow_operators to 2023-07-24T16:06:24.013674+00:00, run_after=2023-07-25T16:06:24.013674+00:00
[2023-07-25T16:06:24.117+0000] {processor.py:179} INFO - Processing /home/airflow/.local/lib/python3.9/site-packages/airflow/example_dags/example_dynamic_task_mapping_with_no_taskflow_operators.py took 0.298 seconds
[2023-07-25T16:06:54.754+0000] {processor.py:157} INFO - Started process (PID=609) to work on /home/airflow/.local/lib/python3.9/site-packages/airflow/example_dags/example_dynamic_task_mapping_with_no_taskflow_operators.py
[2023-07-25T16:06:54.792+0000] {processor.py:826} INFO - Processing file /home/airflow/.local/lib/python3.9/site-packages/airflow/example_dags/example_dynamic_task_mapping_with_no_taskflow_operators.py for tasks to queue
[2023-07-25T16:06:54.794+0000] {logging_mixin.py:150} INFO - [2023-07-25T16:06:54.793+0000] {dagbag.py:541} INFO - Filling up the DagBag from /home/airflow/.local/lib/python3.9/site-packages/airflow/example_dags/example_dynamic_task_mapping_with_no_taskflow_operators.py
[2023-07-25T16:06:54.802+0000] {processor.py:836} INFO - DAG(s) dict_keys(['example_dynamic_task_mapping_with_no_taskflow_operators']) retrieved from /home/airflow/.local/lib/python3.9/site-packages/airflow/example_dags/example_dynamic_task_mapping_with_no_taskflow_operators.py
[2023-07-25T16:06:54.875+0000] {logging_mixin.py:150} INFO - [2023-07-25T16:06:54.875+0000] {dag.py:2742} INFO - Sync 1 DAGs
[2023-07-25T16:06:54.944+0000] {logging_mixin.py:150} INFO - [2023-07-25T16:06:54.944+0000] {dag.py:3504} INFO - Setting next_dagrun for example_dynamic_task_mapping_with_no_taskflow_operators to 2023-07-24T16:06:54.943722+00:00, run_after=2023-07-25T16:06:54.943722+00:00
[2023-07-25T16:06:55.041+0000] {processor.py:179} INFO - Processing /home/airflow/.local/lib/python3.9/site-packages/airflow/example_dags/example_dynamic_task_mapping_with_no_taskflow_operators.py took 0.292 seconds
[2023-07-25T16:07:25.470+0000] {processor.py:157} INFO - Started process (PID=670) to work on /home/airflow/.local/lib/python3.9/site-packages/airflow/example_dags/example_dynamic_task_mapping_with_no_taskflow_operators.py
[2023-07-25T16:07:25.481+0000] {processor.py:826} INFO - Processing file /home/airflow/.local/lib/python3.9/site-packages/airflow/example_dags/example_dynamic_task_mapping_with_no_taskflow_operators.py for tasks to queue
[2023-07-25T16:07:25.482+0000] {logging_mixin.py:150} INFO - [2023-07-25T16:07:25.481+0000] {dagbag.py:541} INFO - Filling up the DagBag from /home/airflow/.local/lib/python3.9/site-packages/airflow/example_dags/example_dynamic_task_mapping_with_no_taskflow_operators.py
[2023-07-25T16:07:25.503+0000] {processor.py:836} INFO - DAG(s) dict_keys(['example_dynamic_task_mapping_with_no_taskflow_operators']) retrieved from /home/airflow/.local/lib/python3.9/site-packages/airflow/example_dags/example_dynamic_task_mapping_with_no_taskflow_operators.py
[2023-07-25T16:07:25.583+0000] {logging_mixin.py:150} INFO - [2023-07-25T16:07:25.578+0000] {dag.py:2742} INFO - Sync 1 DAGs
[2023-07-25T16:07:25.659+0000] {logging_mixin.py:150} INFO - [2023-07-25T16:07:25.659+0000] {dag.py:3504} INFO - Setting next_dagrun for example_dynamic_task_mapping_with_no_taskflow_operators to 2023-07-24T16:07:25.659313+00:00, run_after=2023-07-25T16:07:25.659313+00:00
[2023-07-25T16:07:25.734+0000] {processor.py:179} INFO - Processing /home/airflow/.local/lib/python3.9/site-packages/airflow/example_dags/example_dynamic_task_mapping_with_no_taskflow_operators.py took 0.268 seconds
[2023-07-25T16:07:55.889+0000] {processor.py:157} INFO - Started process (PID=732) to work on /home/airflow/.local/lib/python3.9/site-packages/airflow/example_dags/example_dynamic_task_mapping_with_no_taskflow_operators.py
[2023-07-25T16:07:55.894+0000] {processor.py:826} INFO - Processing file /home/airflow/.local/lib/python3.9/site-packages/airflow/example_dags/example_dynamic_task_mapping_with_no_taskflow_operators.py for tasks to queue
[2023-07-25T16:07:55.897+0000] {logging_mixin.py:150} INFO - [2023-07-25T16:07:55.896+0000] {dagbag.py:541} INFO - Filling up the DagBag from /home/airflow/.local/lib/python3.9/site-packages/airflow/example_dags/example_dynamic_task_mapping_with_no_taskflow_operators.py
[2023-07-25T16:07:55.926+0000] {processor.py:836} INFO - DAG(s) dict_keys(['example_dynamic_task_mapping_with_no_taskflow_operators']) retrieved from /home/airflow/.local/lib/python3.9/site-packages/airflow/example_dags/example_dynamic_task_mapping_with_no_taskflow_operators.py
[2023-07-25T16:07:56.025+0000] {logging_mixin.py:150} INFO - [2023-07-25T16:07:56.025+0000] {dag.py:2742} INFO - Sync 1 DAGs
[2023-07-25T16:07:56.122+0000] {logging_mixin.py:150} INFO - [2023-07-25T16:07:56.122+0000] {dag.py:3504} INFO - Setting next_dagrun for example_dynamic_task_mapping_with_no_taskflow_operators to 2023-07-24T16:07:56.121907+00:00, run_after=2023-07-25T16:07:56.121907+00:00
[2023-07-25T16:07:56.204+0000] {processor.py:179} INFO - Processing /home/airflow/.local/lib/python3.9/site-packages/airflow/example_dags/example_dynamic_task_mapping_with_no_taskflow_operators.py took 0.340 seconds
[2023-07-25T16:08:26.707+0000] {processor.py:157} INFO - Started process (PID=793) to work on /home/airflow/.local/lib/python3.9/site-packages/airflow/example_dags/example_dynamic_task_mapping_with_no_taskflow_operators.py
[2023-07-25T16:08:26.715+0000] {processor.py:826} INFO - Processing file /home/airflow/.local/lib/python3.9/site-packages/airflow/example_dags/example_dynamic_task_mapping_with_no_taskflow_operators.py for tasks to queue
[2023-07-25T16:08:26.716+0000] {logging_mixin.py:150} INFO - [2023-07-25T16:08:26.716+0000] {dagbag.py:541} INFO - Filling up the DagBag from /home/airflow/.local/lib/python3.9/site-packages/airflow/example_dags/example_dynamic_task_mapping_with_no_taskflow_operators.py
[2023-07-25T16:08:26.745+0000] {processor.py:836} INFO - DAG(s) dict_keys(['example_dynamic_task_mapping_with_no_taskflow_operators']) retrieved from /home/airflow/.local/lib/python3.9/site-packages/airflow/example_dags/example_dynamic_task_mapping_with_no_taskflow_operators.py
[2023-07-25T16:08:26.791+0000] {logging_mixin.py:150} INFO - [2023-07-25T16:08:26.791+0000] {dag.py:2742} INFO - Sync 1 DAGs
[2023-07-25T16:08:26.847+0000] {logging_mixin.py:150} INFO - [2023-07-25T16:08:26.847+0000] {dag.py:3504} INFO - Setting next_dagrun for example_dynamic_task_mapping_with_no_taskflow_operators to 2023-07-24T16:08:26.846831+00:00, run_after=2023-07-25T16:08:26.846831+00:00
[2023-07-25T16:08:26.955+0000] {processor.py:179} INFO - Processing /home/airflow/.local/lib/python3.9/site-packages/airflow/example_dags/example_dynamic_task_mapping_with_no_taskflow_operators.py took 0.273 seconds
[2023-07-25T16:08:57.870+0000] {processor.py:157} INFO - Started process (PID=848) to work on /home/airflow/.local/lib/python3.9/site-packages/airflow/example_dags/example_dynamic_task_mapping_with_no_taskflow_operators.py
[2023-07-25T16:08:57.885+0000] {processor.py:826} INFO - Processing file /home/airflow/.local/lib/python3.9/site-packages/airflow/example_dags/example_dynamic_task_mapping_with_no_taskflow_operators.py for tasks to queue
[2023-07-25T16:08:57.886+0000] {logging_mixin.py:150} INFO - [2023-07-25T16:08:57.886+0000] {dagbag.py:541} INFO - Filling up the DagBag from /home/airflow/.local/lib/python3.9/site-packages/airflow/example_dags/example_dynamic_task_mapping_with_no_taskflow_operators.py
[2023-07-25T16:08:57.925+0000] {processor.py:836} INFO - DAG(s) dict_keys(['example_dynamic_task_mapping_with_no_taskflow_operators']) retrieved from /home/airflow/.local/lib/python3.9/site-packages/airflow/example_dags/example_dynamic_task_mapping_with_no_taskflow_operators.py
[2023-07-25T16:08:58.007+0000] {logging_mixin.py:150} INFO - [2023-07-25T16:08:58.007+0000] {dag.py:2742} INFO - Sync 1 DAGs
[2023-07-25T16:08:58.090+0000] {logging_mixin.py:150} INFO - [2023-07-25T16:08:58.090+0000] {dag.py:3504} INFO - Setting next_dagrun for example_dynamic_task_mapping_with_no_taskflow_operators to 2023-07-24T16:08:58.089688+00:00, run_after=2023-07-25T16:08:58.089688+00:00
[2023-07-25T16:08:58.163+0000] {processor.py:179} INFO - Processing /home/airflow/.local/lib/python3.9/site-packages/airflow/example_dags/example_dynamic_task_mapping_with_no_taskflow_operators.py took 0.298 seconds
[2023-07-25T16:09:28.991+0000] {processor.py:157} INFO - Started process (PID=910) to work on /home/airflow/.local/lib/python3.9/site-packages/airflow/example_dags/example_dynamic_task_mapping_with_no_taskflow_operators.py
[2023-07-25T16:09:28.994+0000] {processor.py:826} INFO - Processing file /home/airflow/.local/lib/python3.9/site-packages/airflow/example_dags/example_dynamic_task_mapping_with_no_taskflow_operators.py for tasks to queue
[2023-07-25T16:09:28.999+0000] {logging_mixin.py:150} INFO - [2023-07-25T16:09:28.995+0000] {dagbag.py:541} INFO - Filling up the DagBag from /home/airflow/.local/lib/python3.9/site-packages/airflow/example_dags/example_dynamic_task_mapping_with_no_taskflow_operators.py
[2023-07-25T16:09:29.008+0000] {processor.py:836} INFO - DAG(s) dict_keys(['example_dynamic_task_mapping_with_no_taskflow_operators']) retrieved from /home/airflow/.local/lib/python3.9/site-packages/airflow/example_dags/example_dynamic_task_mapping_with_no_taskflow_operators.py
[2023-07-25T16:09:29.034+0000] {logging_mixin.py:150} INFO - [2023-07-25T16:09:29.034+0000] {dag.py:2742} INFO - Sync 1 DAGs
[2023-07-25T16:09:29.062+0000] {logging_mixin.py:150} INFO - [2023-07-25T16:09:29.061+0000] {dag.py:3504} INFO - Setting next_dagrun for example_dynamic_task_mapping_with_no_taskflow_operators to 2023-07-24T16:09:29.061637+00:00, run_after=2023-07-25T16:09:29.061637+00:00
[2023-07-25T16:09:29.094+0000] {processor.py:179} INFO - Processing /home/airflow/.local/lib/python3.9/site-packages/airflow/example_dags/example_dynamic_task_mapping_with_no_taskflow_operators.py took 0.107 seconds
[2023-07-25T16:10:00.131+0000] {processor.py:157} INFO - Started process (PID=970) to work on /home/airflow/.local/lib/python3.9/site-packages/airflow/example_dags/example_dynamic_task_mapping_with_no_taskflow_operators.py
[2023-07-25T16:10:00.143+0000] {processor.py:826} INFO - Processing file /home/airflow/.local/lib/python3.9/site-packages/airflow/example_dags/example_dynamic_task_mapping_with_no_taskflow_operators.py for tasks to queue
[2023-07-25T16:10:00.145+0000] {logging_mixin.py:150} INFO - [2023-07-25T16:10:00.144+0000] {dagbag.py:541} INFO - Filling up the DagBag from /home/airflow/.local/lib/python3.9/site-packages/airflow/example_dags/example_dynamic_task_mapping_with_no_taskflow_operators.py
[2023-07-25T16:10:00.154+0000] {processor.py:836} INFO - DAG(s) dict_keys(['example_dynamic_task_mapping_with_no_taskflow_operators']) retrieved from /home/airflow/.local/lib/python3.9/site-packages/airflow/example_dags/example_dynamic_task_mapping_with_no_taskflow_operators.py
[2023-07-25T16:10:00.234+0000] {logging_mixin.py:150} INFO - [2023-07-25T16:10:00.233+0000] {dag.py:2742} INFO - Sync 1 DAGs
[2023-07-25T16:10:00.286+0000] {logging_mixin.py:150} INFO - [2023-07-25T16:10:00.286+0000] {dag.py:3504} INFO - Setting next_dagrun for example_dynamic_task_mapping_with_no_taskflow_operators to 2023-07-24T16:10:00.285854+00:00, run_after=2023-07-25T16:10:00.285854+00:00
[2023-07-25T16:10:00.335+0000] {processor.py:179} INFO - Processing /home/airflow/.local/lib/python3.9/site-packages/airflow/example_dags/example_dynamic_task_mapping_with_no_taskflow_operators.py took 0.208 seconds
[2023-07-25T16:10:30.561+0000] {processor.py:157} INFO - Started process (PID=1032) to work on /home/airflow/.local/lib/python3.9/site-packages/airflow/example_dags/example_dynamic_task_mapping_with_no_taskflow_operators.py
[2023-07-25T16:10:30.565+0000] {processor.py:826} INFO - Processing file /home/airflow/.local/lib/python3.9/site-packages/airflow/example_dags/example_dynamic_task_mapping_with_no_taskflow_operators.py for tasks to queue
[2023-07-25T16:10:30.566+0000] {logging_mixin.py:150} INFO - [2023-07-25T16:10:30.566+0000] {dagbag.py:541} INFO - Filling up the DagBag from /home/airflow/.local/lib/python3.9/site-packages/airflow/example_dags/example_dynamic_task_mapping_with_no_taskflow_operators.py
[2023-07-25T16:10:30.576+0000] {processor.py:836} INFO - DAG(s) dict_keys(['example_dynamic_task_mapping_with_no_taskflow_operators']) retrieved from /home/airflow/.local/lib/python3.9/site-packages/airflow/example_dags/example_dynamic_task_mapping_with_no_taskflow_operators.py
[2023-07-25T16:10:30.619+0000] {logging_mixin.py:150} INFO - [2023-07-25T16:10:30.619+0000] {dag.py:2742} INFO - Sync 1 DAGs
[2023-07-25T16:10:30.649+0000] {logging_mixin.py:150} INFO - [2023-07-25T16:10:30.648+0000] {dag.py:3504} INFO - Setting next_dagrun for example_dynamic_task_mapping_with_no_taskflow_operators to 2023-07-24T16:10:30.648629+00:00, run_after=2023-07-25T16:10:30.648629+00:00
[2023-07-25T16:10:30.713+0000] {processor.py:179} INFO - Processing /home/airflow/.local/lib/python3.9/site-packages/airflow/example_dags/example_dynamic_task_mapping_with_no_taskflow_operators.py took 0.157 seconds
[2023-07-25T16:11:01.662+0000] {processor.py:157} INFO - Started process (PID=1093) to work on /home/airflow/.local/lib/python3.9/site-packages/airflow/example_dags/example_dynamic_task_mapping_with_no_taskflow_operators.py
[2023-07-25T16:11:01.695+0000] {processor.py:826} INFO - Processing file /home/airflow/.local/lib/python3.9/site-packages/airflow/example_dags/example_dynamic_task_mapping_with_no_taskflow_operators.py for tasks to queue
[2023-07-25T16:11:01.696+0000] {logging_mixin.py:150} INFO - [2023-07-25T16:11:01.696+0000] {dagbag.py:541} INFO - Filling up the DagBag from /home/airflow/.local/lib/python3.9/site-packages/airflow/example_dags/example_dynamic_task_mapping_with_no_taskflow_operators.py
[2023-07-25T16:11:01.736+0000] {processor.py:836} INFO - DAG(s) dict_keys(['example_dynamic_task_mapping_with_no_taskflow_operators']) retrieved from /home/airflow/.local/lib/python3.9/site-packages/airflow/example_dags/example_dynamic_task_mapping_with_no_taskflow_operators.py
[2023-07-25T16:11:01.836+0000] {logging_mixin.py:150} INFO - [2023-07-25T16:11:01.835+0000] {dag.py:2742} INFO - Sync 1 DAGs
[2023-07-25T16:11:01.997+0000] {logging_mixin.py:150} INFO - [2023-07-25T16:11:01.997+0000] {dag.py:3504} INFO - Setting next_dagrun for example_dynamic_task_mapping_with_no_taskflow_operators to 2023-07-24T16:11:01.997079+00:00, run_after=2023-07-25T16:11:01.997079+00:00
[2023-07-25T16:11:02.146+0000] {processor.py:179} INFO - Processing /home/airflow/.local/lib/python3.9/site-packages/airflow/example_dags/example_dynamic_task_mapping_with_no_taskflow_operators.py took 0.488 seconds
[2023-07-25T16:11:32.523+0000] {processor.py:157} INFO - Started process (PID=1155) to work on /home/airflow/.local/lib/python3.9/site-packages/airflow/example_dags/example_dynamic_task_mapping_with_no_taskflow_operators.py
[2023-07-25T16:11:32.535+0000] {processor.py:826} INFO - Processing file /home/airflow/.local/lib/python3.9/site-packages/airflow/example_dags/example_dynamic_task_mapping_with_no_taskflow_operators.py for tasks to queue
[2023-07-25T16:11:32.546+0000] {logging_mixin.py:150} INFO - [2023-07-25T16:11:32.545+0000] {dagbag.py:541} INFO - Filling up the DagBag from /home/airflow/.local/lib/python3.9/site-packages/airflow/example_dags/example_dynamic_task_mapping_with_no_taskflow_operators.py
[2023-07-25T16:11:32.559+0000] {processor.py:836} INFO - DAG(s) dict_keys(['example_dynamic_task_mapping_with_no_taskflow_operators']) retrieved from /home/airflow/.local/lib/python3.9/site-packages/airflow/example_dags/example_dynamic_task_mapping_with_no_taskflow_operators.py
[2023-07-25T16:11:32.598+0000] {logging_mixin.py:150} INFO - [2023-07-25T16:11:32.597+0000] {dag.py:2742} INFO - Sync 1 DAGs
[2023-07-25T16:11:32.628+0000] {logging_mixin.py:150} INFO - [2023-07-25T16:11:32.627+0000] {dag.py:3504} INFO - Setting next_dagrun for example_dynamic_task_mapping_with_no_taskflow_operators to 2023-07-24T16:11:32.627449+00:00, run_after=2023-07-25T16:11:32.627449+00:00
[2023-07-25T16:11:32.662+0000] {processor.py:179} INFO - Processing /home/airflow/.local/lib/python3.9/site-packages/airflow/example_dags/example_dynamic_task_mapping_with_no_taskflow_operators.py took 0.143 seconds
[2023-07-25T16:12:02.864+0000] {processor.py:157} INFO - Started process (PID=1216) to work on /home/airflow/.local/lib/python3.9/site-packages/airflow/example_dags/example_dynamic_task_mapping_with_no_taskflow_operators.py
[2023-07-25T16:12:02.909+0000] {processor.py:826} INFO - Processing file /home/airflow/.local/lib/python3.9/site-packages/airflow/example_dags/example_dynamic_task_mapping_with_no_taskflow_operators.py for tasks to queue
[2023-07-25T16:12:02.910+0000] {logging_mixin.py:150} INFO - [2023-07-25T16:12:02.910+0000] {dagbag.py:541} INFO - Filling up the DagBag from /home/airflow/.local/lib/python3.9/site-packages/airflow/example_dags/example_dynamic_task_mapping_with_no_taskflow_operators.py
[2023-07-25T16:12:02.929+0000] {processor.py:836} INFO - DAG(s) dict_keys(['example_dynamic_task_mapping_with_no_taskflow_operators']) retrieved from /home/airflow/.local/lib/python3.9/site-packages/airflow/example_dags/example_dynamic_task_mapping_with_no_taskflow_operators.py
[2023-07-25T16:12:02.985+0000] {logging_mixin.py:150} INFO - [2023-07-25T16:12:02.985+0000] {dag.py:2742} INFO - Sync 1 DAGs
[2023-07-25T16:12:03.039+0000] {logging_mixin.py:150} INFO - [2023-07-25T16:12:03.038+0000] {dag.py:3504} INFO - Setting next_dagrun for example_dynamic_task_mapping_with_no_taskflow_operators to 2023-07-24T16:12:03.038545+00:00, run_after=2023-07-25T16:12:03.038545+00:00
[2023-07-25T16:12:03.121+0000] {processor.py:179} INFO - Processing /home/airflow/.local/lib/python3.9/site-packages/airflow/example_dags/example_dynamic_task_mapping_with_no_taskflow_operators.py took 0.262 seconds
[2023-07-25T16:12:33.924+0000] {processor.py:157} INFO - Started process (PID=1277) to work on /home/airflow/.local/lib/python3.9/site-packages/airflow/example_dags/example_dynamic_task_mapping_with_no_taskflow_operators.py
[2023-07-25T16:12:33.947+0000] {processor.py:826} INFO - Processing file /home/airflow/.local/lib/python3.9/site-packages/airflow/example_dags/example_dynamic_task_mapping_with_no_taskflow_operators.py for tasks to queue
[2023-07-25T16:12:33.948+0000] {logging_mixin.py:150} INFO - [2023-07-25T16:12:33.947+0000] {dagbag.py:541} INFO - Filling up the DagBag from /home/airflow/.local/lib/python3.9/site-packages/airflow/example_dags/example_dynamic_task_mapping_with_no_taskflow_operators.py
[2023-07-25T16:12:33.969+0000] {processor.py:836} INFO - DAG(s) dict_keys(['example_dynamic_task_mapping_with_no_taskflow_operators']) retrieved from /home/airflow/.local/lib/python3.9/site-packages/airflow/example_dags/example_dynamic_task_mapping_with_no_taskflow_operators.py
[2023-07-25T16:12:34.010+0000] {logging_mixin.py:150} INFO - [2023-07-25T16:12:34.010+0000] {dag.py:2742} INFO - Sync 1 DAGs
[2023-07-25T16:12:34.077+0000] {logging_mixin.py:150} INFO - [2023-07-25T16:12:34.077+0000] {dag.py:3504} INFO - Setting next_dagrun for example_dynamic_task_mapping_with_no_taskflow_operators to 2023-07-24T16:12:34.076796+00:00, run_after=2023-07-25T16:12:34.076796+00:00
[2023-07-25T16:12:34.159+0000] {processor.py:179} INFO - Processing /home/airflow/.local/lib/python3.9/site-packages/airflow/example_dags/example_dynamic_task_mapping_with_no_taskflow_operators.py took 0.239 seconds
[2023-07-25T16:13:04.909+0000] {processor.py:157} INFO - Started process (PID=1339) to work on /home/airflow/.local/lib/python3.9/site-packages/airflow/example_dags/example_dynamic_task_mapping_with_no_taskflow_operators.py
[2023-07-25T16:13:04.931+0000] {processor.py:826} INFO - Processing file /home/airflow/.local/lib/python3.9/site-packages/airflow/example_dags/example_dynamic_task_mapping_with_no_taskflow_operators.py for tasks to queue
[2023-07-25T16:13:04.932+0000] {logging_mixin.py:150} INFO - [2023-07-25T16:13:04.932+0000] {dagbag.py:541} INFO - Filling up the DagBag from /home/airflow/.local/lib/python3.9/site-packages/airflow/example_dags/example_dynamic_task_mapping_with_no_taskflow_operators.py
[2023-07-25T16:13:04.941+0000] {processor.py:836} INFO - DAG(s) dict_keys(['example_dynamic_task_mapping_with_no_taskflow_operators']) retrieved from /home/airflow/.local/lib/python3.9/site-packages/airflow/example_dags/example_dynamic_task_mapping_with_no_taskflow_operators.py
[2023-07-25T16:13:04.984+0000] {logging_mixin.py:150} INFO - [2023-07-25T16:13:04.984+0000] {dag.py:2742} INFO - Sync 1 DAGs
[2023-07-25T16:13:05.015+0000] {logging_mixin.py:150} INFO - [2023-07-25T16:13:05.014+0000] {dag.py:3504} INFO - Setting next_dagrun for example_dynamic_task_mapping_with_no_taskflow_operators to 2023-07-24T16:13:05.014478+00:00, run_after=2023-07-25T16:13:05.014478+00:00
[2023-07-25T16:13:05.048+0000] {processor.py:179} INFO - Processing /home/airflow/.local/lib/python3.9/site-packages/airflow/example_dags/example_dynamic_task_mapping_with_no_taskflow_operators.py took 0.154 seconds
[2023-07-25T16:13:36.283+0000] {processor.py:157} INFO - Started process (PID=1398) to work on /home/airflow/.local/lib/python3.9/site-packages/airflow/example_dags/example_dynamic_task_mapping_with_no_taskflow_operators.py
[2023-07-25T16:13:36.325+0000] {processor.py:826} INFO - Processing file /home/airflow/.local/lib/python3.9/site-packages/airflow/example_dags/example_dynamic_task_mapping_with_no_taskflow_operators.py for tasks to queue
[2023-07-25T16:13:36.326+0000] {logging_mixin.py:150} INFO - [2023-07-25T16:13:36.326+0000] {dagbag.py:541} INFO - Filling up the DagBag from /home/airflow/.local/lib/python3.9/site-packages/airflow/example_dags/example_dynamic_task_mapping_with_no_taskflow_operators.py
[2023-07-25T16:13:36.365+0000] {processor.py:836} INFO - DAG(s) dict_keys(['example_dynamic_task_mapping_with_no_taskflow_operators']) retrieved from /home/airflow/.local/lib/python3.9/site-packages/airflow/example_dags/example_dynamic_task_mapping_with_no_taskflow_operators.py
[2023-07-25T16:13:36.465+0000] {logging_mixin.py:150} INFO - [2023-07-25T16:13:36.465+0000] {dag.py:2742} INFO - Sync 1 DAGs
[2023-07-25T16:13:36.556+0000] {logging_mixin.py:150} INFO - [2023-07-25T16:13:36.556+0000] {dag.py:3504} INFO - Setting next_dagrun for example_dynamic_task_mapping_with_no_taskflow_operators to 2023-07-24T16:13:36.555830+00:00, run_after=2023-07-25T16:13:36.555830+00:00
[2023-07-25T16:13:36.658+0000] {processor.py:179} INFO - Processing /home/airflow/.local/lib/python3.9/site-packages/airflow/example_dags/example_dynamic_task_mapping_with_no_taskflow_operators.py took 0.380 seconds
[2023-07-25T16:14:07.174+0000] {processor.py:157} INFO - Started process (PID=1459) to work on /home/airflow/.local/lib/python3.9/site-packages/airflow/example_dags/example_dynamic_task_mapping_with_no_taskflow_operators.py
[2023-07-25T16:14:07.196+0000] {processor.py:826} INFO - Processing file /home/airflow/.local/lib/python3.9/site-packages/airflow/example_dags/example_dynamic_task_mapping_with_no_taskflow_operators.py for tasks to queue
[2023-07-25T16:14:07.197+0000] {logging_mixin.py:150} INFO - [2023-07-25T16:14:07.197+0000] {dagbag.py:541} INFO - Filling up the DagBag from /home/airflow/.local/lib/python3.9/site-packages/airflow/example_dags/example_dynamic_task_mapping_with_no_taskflow_operators.py
[2023-07-25T16:14:07.217+0000] {processor.py:836} INFO - DAG(s) dict_keys(['example_dynamic_task_mapping_with_no_taskflow_operators']) retrieved from /home/airflow/.local/lib/python3.9/site-packages/airflow/example_dags/example_dynamic_task_mapping_with_no_taskflow_operators.py
[2023-07-25T16:14:07.319+0000] {logging_mixin.py:150} INFO - [2023-07-25T16:14:07.318+0000] {dag.py:2742} INFO - Sync 1 DAGs
[2023-07-25T16:14:07.396+0000] {logging_mixin.py:150} INFO - [2023-07-25T16:14:07.396+0000] {dag.py:3504} INFO - Setting next_dagrun for example_dynamic_task_mapping_with_no_taskflow_operators to 2023-07-24T16:14:07.396069+00:00, run_after=2023-07-25T16:14:07.396069+00:00
[2023-07-25T16:14:07.478+0000] {processor.py:179} INFO - Processing /home/airflow/.local/lib/python3.9/site-packages/airflow/example_dags/example_dynamic_task_mapping_with_no_taskflow_operators.py took 0.308 seconds
[2023-07-25T16:14:38.194+0000] {processor.py:157} INFO - Started process (PID=1520) to work on /home/airflow/.local/lib/python3.9/site-packages/airflow/example_dags/example_dynamic_task_mapping_with_no_taskflow_operators.py
[2023-07-25T16:14:38.196+0000] {processor.py:826} INFO - Processing file /home/airflow/.local/lib/python3.9/site-packages/airflow/example_dags/example_dynamic_task_mapping_with_no_taskflow_operators.py for tasks to queue
[2023-07-25T16:14:38.197+0000] {logging_mixin.py:150} INFO - [2023-07-25T16:14:38.197+0000] {dagbag.py:541} INFO - Filling up the DagBag from /home/airflow/.local/lib/python3.9/site-packages/airflow/example_dags/example_dynamic_task_mapping_with_no_taskflow_operators.py
[2023-07-25T16:14:38.206+0000] {processor.py:836} INFO - DAG(s) dict_keys(['example_dynamic_task_mapping_with_no_taskflow_operators']) retrieved from /home/airflow/.local/lib/python3.9/site-packages/airflow/example_dags/example_dynamic_task_mapping_with_no_taskflow_operators.py
[2023-07-25T16:14:38.232+0000] {logging_mixin.py:150} INFO - [2023-07-25T16:14:38.232+0000] {dag.py:2742} INFO - Sync 1 DAGs
[2023-07-25T16:14:38.260+0000] {logging_mixin.py:150} INFO - [2023-07-25T16:14:38.259+0000] {dag.py:3504} INFO - Setting next_dagrun for example_dynamic_task_mapping_with_no_taskflow_operators to 2023-07-24T16:14:38.259631+00:00, run_after=2023-07-25T16:14:38.259631+00:00
[2023-07-25T16:14:38.282+0000] {processor.py:179} INFO - Processing /home/airflow/.local/lib/python3.9/site-packages/airflow/example_dags/example_dynamic_task_mapping_with_no_taskflow_operators.py took 0.093 seconds
[2023-07-25T16:15:08.834+0000] {processor.py:157} INFO - Started process (PID=1580) to work on /home/airflow/.local/lib/python3.9/site-packages/airflow/example_dags/example_dynamic_task_mapping_with_no_taskflow_operators.py
[2023-07-25T16:15:08.875+0000] {processor.py:826} INFO - Processing file /home/airflow/.local/lib/python3.9/site-packages/airflow/example_dags/example_dynamic_task_mapping_with_no_taskflow_operators.py for tasks to queue
[2023-07-25T16:15:08.876+0000] {logging_mixin.py:150} INFO - [2023-07-25T16:15:08.876+0000] {dagbag.py:541} INFO - Filling up the DagBag from /home/airflow/.local/lib/python3.9/site-packages/airflow/example_dags/example_dynamic_task_mapping_with_no_taskflow_operators.py
[2023-07-25T16:15:08.895+0000] {processor.py:836} INFO - DAG(s) dict_keys(['example_dynamic_task_mapping_with_no_taskflow_operators']) retrieved from /home/airflow/.local/lib/python3.9/site-packages/airflow/example_dags/example_dynamic_task_mapping_with_no_taskflow_operators.py
[2023-07-25T16:15:08.955+0000] {logging_mixin.py:150} INFO - [2023-07-25T16:15:08.955+0000] {dag.py:2742} INFO - Sync 1 DAGs
[2023-07-25T16:15:08.991+0000] {logging_mixin.py:150} INFO - [2023-07-25T16:15:08.991+0000] {dag.py:3504} INFO - Setting next_dagrun for example_dynamic_task_mapping_with_no_taskflow_operators to 2023-07-24T16:15:08.990693+00:00, run_after=2023-07-25T16:15:08.990693+00:00
[2023-07-25T16:15:09.030+0000] {processor.py:179} INFO - Processing /home/airflow/.local/lib/python3.9/site-packages/airflow/example_dags/example_dynamic_task_mapping_with_no_taskflow_operators.py took 0.202 seconds
[2023-07-25T16:15:40.417+0000] {processor.py:157} INFO - Started process (PID=1642) to work on /home/airflow/.local/lib/python3.9/site-packages/airflow/example_dags/example_dynamic_task_mapping_with_no_taskflow_operators.py
[2023-07-25T16:15:40.419+0000] {processor.py:826} INFO - Processing file /home/airflow/.local/lib/python3.9/site-packages/airflow/example_dags/example_dynamic_task_mapping_with_no_taskflow_operators.py for tasks to queue
[2023-07-25T16:15:40.420+0000] {logging_mixin.py:150} INFO - [2023-07-25T16:15:40.420+0000] {dagbag.py:541} INFO - Filling up the DagBag from /home/airflow/.local/lib/python3.9/site-packages/airflow/example_dags/example_dynamic_task_mapping_with_no_taskflow_operators.py
[2023-07-25T16:15:40.444+0000] {processor.py:836} INFO - DAG(s) dict_keys(['example_dynamic_task_mapping_with_no_taskflow_operators']) retrieved from /home/airflow/.local/lib/python3.9/site-packages/airflow/example_dags/example_dynamic_task_mapping_with_no_taskflow_operators.py
[2023-07-25T16:15:40.580+0000] {logging_mixin.py:150} INFO - [2023-07-25T16:15:40.580+0000] {dag.py:2742} INFO - Sync 1 DAGs
[2023-07-25T16:15:40.740+0000] {logging_mixin.py:150} INFO - [2023-07-25T16:15:40.739+0000] {dag.py:3504} INFO - Setting next_dagrun for example_dynamic_task_mapping_with_no_taskflow_operators to 2023-07-24T16:15:40.739498+00:00, run_after=2023-07-25T16:15:40.739498+00:00
[2023-07-25T16:15:40.856+0000] {processor.py:179} INFO - Processing /home/airflow/.local/lib/python3.9/site-packages/airflow/example_dags/example_dynamic_task_mapping_with_no_taskflow_operators.py took 0.483 seconds
[2023-07-25T16:16:11.510+0000] {processor.py:157} INFO - Started process (PID=1705) to work on /home/airflow/.local/lib/python3.9/site-packages/airflow/example_dags/example_dynamic_task_mapping_with_no_taskflow_operators.py
[2023-07-25T16:16:11.525+0000] {processor.py:826} INFO - Processing file /home/airflow/.local/lib/python3.9/site-packages/airflow/example_dags/example_dynamic_task_mapping_with_no_taskflow_operators.py for tasks to queue
[2023-07-25T16:16:11.526+0000] {logging_mixin.py:150} INFO - [2023-07-25T16:16:11.526+0000] {dagbag.py:541} INFO - Filling up the DagBag from /home/airflow/.local/lib/python3.9/site-packages/airflow/example_dags/example_dynamic_task_mapping_with_no_taskflow_operators.py
[2023-07-25T16:16:11.536+0000] {processor.py:836} INFO - DAG(s) dict_keys(['example_dynamic_task_mapping_with_no_taskflow_operators']) retrieved from /home/airflow/.local/lib/python3.9/site-packages/airflow/example_dags/example_dynamic_task_mapping_with_no_taskflow_operators.py
[2023-07-25T16:16:11.588+0000] {logging_mixin.py:150} INFO - [2023-07-25T16:16:11.588+0000] {dag.py:2742} INFO - Sync 1 DAGs
[2023-07-25T16:16:11.646+0000] {logging_mixin.py:150} INFO - [2023-07-25T16:16:11.646+0000] {dag.py:3504} INFO - Setting next_dagrun for example_dynamic_task_mapping_with_no_taskflow_operators to 2023-07-24T16:16:11.645738+00:00, run_after=2023-07-25T16:16:11.645738+00:00
[2023-07-25T16:16:11.709+0000] {processor.py:179} INFO - Processing /home/airflow/.local/lib/python3.9/site-packages/airflow/example_dags/example_dynamic_task_mapping_with_no_taskflow_operators.py took 0.215 seconds
[2023-07-25T16:16:42.776+0000] {processor.py:157} INFO - Started process (PID=1767) to work on /home/airflow/.local/lib/python3.9/site-packages/airflow/example_dags/example_dynamic_task_mapping_with_no_taskflow_operators.py
[2023-07-25T16:16:42.786+0000] {processor.py:826} INFO - Processing file /home/airflow/.local/lib/python3.9/site-packages/airflow/example_dags/example_dynamic_task_mapping_with_no_taskflow_operators.py for tasks to queue
[2023-07-25T16:16:42.787+0000] {logging_mixin.py:150} INFO - [2023-07-25T16:16:42.787+0000] {dagbag.py:541} INFO - Filling up the DagBag from /home/airflow/.local/lib/python3.9/site-packages/airflow/example_dags/example_dynamic_task_mapping_with_no_taskflow_operators.py
[2023-07-25T16:16:42.817+0000] {processor.py:836} INFO - DAG(s) dict_keys(['example_dynamic_task_mapping_with_no_taskflow_operators']) retrieved from /home/airflow/.local/lib/python3.9/site-packages/airflow/example_dags/example_dynamic_task_mapping_with_no_taskflow_operators.py
[2023-07-25T16:16:42.862+0000] {logging_mixin.py:150} INFO - [2023-07-25T16:16:42.862+0000] {dag.py:2742} INFO - Sync 1 DAGs
[2023-07-25T16:16:42.936+0000] {logging_mixin.py:150} INFO - [2023-07-25T16:16:42.936+0000] {dag.py:3504} INFO - Setting next_dagrun for example_dynamic_task_mapping_with_no_taskflow_operators to 2023-07-24T16:16:42.935779+00:00, run_after=2023-07-25T16:16:42.935779+00:00
[2023-07-25T16:16:43.026+0000] {processor.py:179} INFO - Processing /home/airflow/.local/lib/python3.9/site-packages/airflow/example_dags/example_dynamic_task_mapping_with_no_taskflow_operators.py took 0.262 seconds
[2023-07-25T16:17:13.456+0000] {processor.py:157} INFO - Started process (PID=1829) to work on /home/airflow/.local/lib/python3.9/site-packages/airflow/example_dags/example_dynamic_task_mapping_with_no_taskflow_operators.py
[2023-07-25T16:17:13.461+0000] {processor.py:826} INFO - Processing file /home/airflow/.local/lib/python3.9/site-packages/airflow/example_dags/example_dynamic_task_mapping_with_no_taskflow_operators.py for tasks to queue
[2023-07-25T16:17:13.462+0000] {logging_mixin.py:150} INFO - [2023-07-25T16:17:13.462+0000] {dagbag.py:541} INFO - Filling up the DagBag from /home/airflow/.local/lib/python3.9/site-packages/airflow/example_dags/example_dynamic_task_mapping_with_no_taskflow_operators.py
[2023-07-25T16:17:13.505+0000] {processor.py:836} INFO - DAG(s) dict_keys(['example_dynamic_task_mapping_with_no_taskflow_operators']) retrieved from /home/airflow/.local/lib/python3.9/site-packages/airflow/example_dags/example_dynamic_task_mapping_with_no_taskflow_operators.py
[2023-07-25T16:17:13.565+0000] {logging_mixin.py:150} INFO - [2023-07-25T16:17:13.565+0000] {dag.py:2742} INFO - Sync 1 DAGs
[2023-07-25T16:17:13.626+0000] {logging_mixin.py:150} INFO - [2023-07-25T16:17:13.626+0000] {dag.py:3504} INFO - Setting next_dagrun for example_dynamic_task_mapping_with_no_taskflow_operators to 2023-07-24T16:17:13.625793+00:00, run_after=2023-07-25T16:17:13.625793+00:00
[2023-07-25T16:17:13.668+0000] {processor.py:179} INFO - Processing /home/airflow/.local/lib/python3.9/site-packages/airflow/example_dags/example_dynamic_task_mapping_with_no_taskflow_operators.py took 0.228 seconds
[2023-07-25T16:17:44.289+0000] {processor.py:157} INFO - Started process (PID=1891) to work on /home/airflow/.local/lib/python3.9/site-packages/airflow/example_dags/example_dynamic_task_mapping_with_no_taskflow_operators.py
[2023-07-25T16:17:44.295+0000] {processor.py:826} INFO - Processing file /home/airflow/.local/lib/python3.9/site-packages/airflow/example_dags/example_dynamic_task_mapping_with_no_taskflow_operators.py for tasks to queue
[2023-07-25T16:17:44.298+0000] {logging_mixin.py:150} INFO - [2023-07-25T16:17:44.298+0000] {dagbag.py:541} INFO - Filling up the DagBag from /home/airflow/.local/lib/python3.9/site-packages/airflow/example_dags/example_dynamic_task_mapping_with_no_taskflow_operators.py
[2023-07-25T16:17:44.314+0000] {processor.py:836} INFO - DAG(s) dict_keys(['example_dynamic_task_mapping_with_no_taskflow_operators']) retrieved from /home/airflow/.local/lib/python3.9/site-packages/airflow/example_dags/example_dynamic_task_mapping_with_no_taskflow_operators.py
[2023-07-25T16:17:44.395+0000] {logging_mixin.py:150} INFO - [2023-07-25T16:17:44.395+0000] {dag.py:2742} INFO - Sync 1 DAGs
[2023-07-25T16:17:44.452+0000] {logging_mixin.py:150} INFO - [2023-07-25T16:17:44.452+0000] {dag.py:3504} INFO - Setting next_dagrun for example_dynamic_task_mapping_with_no_taskflow_operators to 2023-07-24T16:17:44.451850+00:00, run_after=2023-07-25T16:17:44.451850+00:00
[2023-07-25T16:17:44.501+0000] {processor.py:179} INFO - Processing /home/airflow/.local/lib/python3.9/site-packages/airflow/example_dags/example_dynamic_task_mapping_with_no_taskflow_operators.py took 0.233 seconds
[2023-07-25T16:18:15.464+0000] {processor.py:157} INFO - Started process (PID=1952) to work on /home/airflow/.local/lib/python3.9/site-packages/airflow/example_dags/example_dynamic_task_mapping_with_no_taskflow_operators.py
[2023-07-25T16:18:15.477+0000] {processor.py:826} INFO - Processing file /home/airflow/.local/lib/python3.9/site-packages/airflow/example_dags/example_dynamic_task_mapping_with_no_taskflow_operators.py for tasks to queue
[2023-07-25T16:18:15.478+0000] {logging_mixin.py:150} INFO - [2023-07-25T16:18:15.478+0000] {dagbag.py:541} INFO - Filling up the DagBag from /home/airflow/.local/lib/python3.9/site-packages/airflow/example_dags/example_dynamic_task_mapping_with_no_taskflow_operators.py
[2023-07-25T16:18:15.508+0000] {processor.py:836} INFO - DAG(s) dict_keys(['example_dynamic_task_mapping_with_no_taskflow_operators']) retrieved from /home/airflow/.local/lib/python3.9/site-packages/airflow/example_dags/example_dynamic_task_mapping_with_no_taskflow_operators.py
[2023-07-25T16:18:15.653+0000] {logging_mixin.py:150} INFO - [2023-07-25T16:18:15.653+0000] {dag.py:2742} INFO - Sync 1 DAGs
[2023-07-25T16:18:15.783+0000] {logging_mixin.py:150} INFO - [2023-07-25T16:18:15.783+0000] {dag.py:3504} INFO - Setting next_dagrun for example_dynamic_task_mapping_with_no_taskflow_operators to 2023-07-24T16:18:15.782737+00:00, run_after=2023-07-25T16:18:15.782737+00:00
[2023-07-25T16:18:15.928+0000] {processor.py:179} INFO - Processing /home/airflow/.local/lib/python3.9/site-packages/airflow/example_dags/example_dynamic_task_mapping_with_no_taskflow_operators.py took 0.479 seconds
[2023-07-25T16:18:46.580+0000] {processor.py:157} INFO - Started process (PID=2014) to work on /home/airflow/.local/lib/python3.9/site-packages/airflow/example_dags/example_dynamic_task_mapping_with_no_taskflow_operators.py
[2023-07-25T16:18:46.590+0000] {processor.py:826} INFO - Processing file /home/airflow/.local/lib/python3.9/site-packages/airflow/example_dags/example_dynamic_task_mapping_with_no_taskflow_operators.py for tasks to queue
[2023-07-25T16:18:46.592+0000] {logging_mixin.py:150} INFO - [2023-07-25T16:18:46.592+0000] {dagbag.py:541} INFO - Filling up the DagBag from /home/airflow/.local/lib/python3.9/site-packages/airflow/example_dags/example_dynamic_task_mapping_with_no_taskflow_operators.py
[2023-07-25T16:18:46.601+0000] {processor.py:836} INFO - DAG(s) dict_keys(['example_dynamic_task_mapping_with_no_taskflow_operators']) retrieved from /home/airflow/.local/lib/python3.9/site-packages/airflow/example_dags/example_dynamic_task_mapping_with_no_taskflow_operators.py
[2023-07-25T16:18:46.665+0000] {logging_mixin.py:150} INFO - [2023-07-25T16:18:46.665+0000] {dag.py:2742} INFO - Sync 1 DAGs
[2023-07-25T16:18:46.725+0000] {logging_mixin.py:150} INFO - [2023-07-25T16:18:46.725+0000] {dag.py:3504} INFO - Setting next_dagrun for example_dynamic_task_mapping_with_no_taskflow_operators to 2023-07-24T16:18:46.725095+00:00, run_after=2023-07-25T16:18:46.725095+00:00
[2023-07-25T16:18:46.781+0000] {processor.py:179} INFO - Processing /home/airflow/.local/lib/python3.9/site-packages/airflow/example_dags/example_dynamic_task_mapping_with_no_taskflow_operators.py took 0.206 seconds
[2023-07-25T16:19:17.087+0000] {processor.py:157} INFO - Started process (PID=2076) to work on /home/airflow/.local/lib/python3.9/site-packages/airflow/example_dags/example_dynamic_task_mapping_with_no_taskflow_operators.py
[2023-07-25T16:19:17.089+0000] {processor.py:826} INFO - Processing file /home/airflow/.local/lib/python3.9/site-packages/airflow/example_dags/example_dynamic_task_mapping_with_no_taskflow_operators.py for tasks to queue
[2023-07-25T16:19:17.090+0000] {logging_mixin.py:150} INFO - [2023-07-25T16:19:17.089+0000] {dagbag.py:541} INFO - Filling up the DagBag from /home/airflow/.local/lib/python3.9/site-packages/airflow/example_dags/example_dynamic_task_mapping_with_no_taskflow_operators.py
[2023-07-25T16:19:17.098+0000] {processor.py:836} INFO - DAG(s) dict_keys(['example_dynamic_task_mapping_with_no_taskflow_operators']) retrieved from /home/airflow/.local/lib/python3.9/site-packages/airflow/example_dags/example_dynamic_task_mapping_with_no_taskflow_operators.py
[2023-07-25T16:19:17.134+0000] {logging_mixin.py:150} INFO - [2023-07-25T16:19:17.133+0000] {dag.py:2742} INFO - Sync 1 DAGs
[2023-07-25T16:19:17.161+0000] {logging_mixin.py:150} INFO - [2023-07-25T16:19:17.160+0000] {dag.py:3504} INFO - Setting next_dagrun for example_dynamic_task_mapping_with_no_taskflow_operators to 2023-07-24T16:19:17.160602+00:00, run_after=2023-07-25T16:19:17.160602+00:00
[2023-07-25T16:19:17.182+0000] {processor.py:179} INFO - Processing /home/airflow/.local/lib/python3.9/site-packages/airflow/example_dags/example_dynamic_task_mapping_with_no_taskflow_operators.py took 0.100 seconds
[2023-07-25T16:19:48.043+0000] {processor.py:157} INFO - Started process (PID=2137) to work on /home/airflow/.local/lib/python3.9/site-packages/airflow/example_dags/example_dynamic_task_mapping_with_no_taskflow_operators.py
[2023-07-25T16:19:48.046+0000] {processor.py:826} INFO - Processing file /home/airflow/.local/lib/python3.9/site-packages/airflow/example_dags/example_dynamic_task_mapping_with_no_taskflow_operators.py for tasks to queue
[2023-07-25T16:19:48.047+0000] {logging_mixin.py:150} INFO - [2023-07-25T16:19:48.046+0000] {dagbag.py:541} INFO - Filling up the DagBag from /home/airflow/.local/lib/python3.9/site-packages/airflow/example_dags/example_dynamic_task_mapping_with_no_taskflow_operators.py
[2023-07-25T16:19:48.067+0000] {processor.py:836} INFO - DAG(s) dict_keys(['example_dynamic_task_mapping_with_no_taskflow_operators']) retrieved from /home/airflow/.local/lib/python3.9/site-packages/airflow/example_dags/example_dynamic_task_mapping_with_no_taskflow_operators.py
[2023-07-25T16:19:48.124+0000] {logging_mixin.py:150} INFO - [2023-07-25T16:19:48.124+0000] {dag.py:2742} INFO - Sync 1 DAGs
[2023-07-25T16:19:48.190+0000] {logging_mixin.py:150} INFO - [2023-07-25T16:19:48.189+0000] {dag.py:3504} INFO - Setting next_dagrun for example_dynamic_task_mapping_with_no_taskflow_operators to 2023-07-24T16:19:48.189371+00:00, run_after=2023-07-25T16:19:48.189371+00:00
[2023-07-25T16:19:48.276+0000] {processor.py:179} INFO - Processing /home/airflow/.local/lib/python3.9/site-packages/airflow/example_dags/example_dynamic_task_mapping_with_no_taskflow_operators.py took 0.238 seconds
[2023-07-25T16:20:18.481+0000] {processor.py:157} INFO - Started process (PID=2198) to work on /home/airflow/.local/lib/python3.9/site-packages/airflow/example_dags/example_dynamic_task_mapping_with_no_taskflow_operators.py
[2023-07-25T16:20:18.488+0000] {processor.py:826} INFO - Processing file /home/airflow/.local/lib/python3.9/site-packages/airflow/example_dags/example_dynamic_task_mapping_with_no_taskflow_operators.py for tasks to queue
[2023-07-25T16:20:18.490+0000] {logging_mixin.py:150} INFO - [2023-07-25T16:20:18.489+0000] {dagbag.py:541} INFO - Filling up the DagBag from /home/airflow/.local/lib/python3.9/site-packages/airflow/example_dags/example_dynamic_task_mapping_with_no_taskflow_operators.py
[2023-07-25T16:20:18.515+0000] {processor.py:836} INFO - DAG(s) dict_keys(['example_dynamic_task_mapping_with_no_taskflow_operators']) retrieved from /home/airflow/.local/lib/python3.9/site-packages/airflow/example_dags/example_dynamic_task_mapping_with_no_taskflow_operators.py
[2023-07-25T16:20:18.577+0000] {logging_mixin.py:150} INFO - [2023-07-25T16:20:18.576+0000] {dag.py:2742} INFO - Sync 1 DAGs
[2023-07-25T16:20:18.641+0000] {logging_mixin.py:150} INFO - [2023-07-25T16:20:18.641+0000] {dag.py:3504} INFO - Setting next_dagrun for example_dynamic_task_mapping_with_no_taskflow_operators to 2023-07-24T16:20:18.640837+00:00, run_after=2023-07-25T16:20:18.640837+00:00
[2023-07-25T16:20:18.717+0000] {processor.py:179} INFO - Processing /home/airflow/.local/lib/python3.9/site-packages/airflow/example_dags/example_dynamic_task_mapping_with_no_taskflow_operators.py took 0.240 seconds
[2023-07-25T16:20:49.503+0000] {processor.py:157} INFO - Started process (PID=2253) to work on /home/airflow/.local/lib/python3.9/site-packages/airflow/example_dags/example_dynamic_task_mapping_with_no_taskflow_operators.py
[2023-07-25T16:20:49.505+0000] {processor.py:826} INFO - Processing file /home/airflow/.local/lib/python3.9/site-packages/airflow/example_dags/example_dynamic_task_mapping_with_no_taskflow_operators.py for tasks to queue
[2023-07-25T16:20:49.507+0000] {logging_mixin.py:150} INFO - [2023-07-25T16:20:49.506+0000] {dagbag.py:541} INFO - Filling up the DagBag from /home/airflow/.local/lib/python3.9/site-packages/airflow/example_dags/example_dynamic_task_mapping_with_no_taskflow_operators.py
[2023-07-25T16:20:49.517+0000] {processor.py:836} INFO - DAG(s) dict_keys(['example_dynamic_task_mapping_with_no_taskflow_operators']) retrieved from /home/airflow/.local/lib/python3.9/site-packages/airflow/example_dags/example_dynamic_task_mapping_with_no_taskflow_operators.py
[2023-07-25T16:20:49.546+0000] {logging_mixin.py:150} INFO - [2023-07-25T16:20:49.545+0000] {dag.py:2742} INFO - Sync 1 DAGs
[2023-07-25T16:20:49.577+0000] {logging_mixin.py:150} INFO - [2023-07-25T16:20:49.577+0000] {dag.py:3504} INFO - Setting next_dagrun for example_dynamic_task_mapping_with_no_taskflow_operators to 2023-07-24T16:20:49.576871+00:00, run_after=2023-07-25T16:20:49.576871+00:00
[2023-07-25T16:20:49.611+0000] {processor.py:179} INFO - Processing /home/airflow/.local/lib/python3.9/site-packages/airflow/example_dags/example_dynamic_task_mapping_with_no_taskflow_operators.py took 0.118 seconds
[2023-07-25T16:21:20.764+0000] {processor.py:157} INFO - Started process (PID=2320) to work on /home/airflow/.local/lib/python3.9/site-packages/airflow/example_dags/example_dynamic_task_mapping_with_no_taskflow_operators.py
[2023-07-25T16:21:20.784+0000] {processor.py:826} INFO - Processing file /home/airflow/.local/lib/python3.9/site-packages/airflow/example_dags/example_dynamic_task_mapping_with_no_taskflow_operators.py for tasks to queue
[2023-07-25T16:21:20.794+0000] {logging_mixin.py:150} INFO - [2023-07-25T16:21:20.784+0000] {dagbag.py:541} INFO - Filling up the DagBag from /home/airflow/.local/lib/python3.9/site-packages/airflow/example_dags/example_dynamic_task_mapping_with_no_taskflow_operators.py
[2023-07-25T16:21:20.802+0000] {processor.py:836} INFO - DAG(s) dict_keys(['example_dynamic_task_mapping_with_no_taskflow_operators']) retrieved from /home/airflow/.local/lib/python3.9/site-packages/airflow/example_dags/example_dynamic_task_mapping_with_no_taskflow_operators.py
[2023-07-25T16:21:20.865+0000] {logging_mixin.py:150} INFO - [2023-07-25T16:21:20.865+0000] {dag.py:2742} INFO - Sync 1 DAGs
[2023-07-25T16:21:20.946+0000] {logging_mixin.py:150} INFO - [2023-07-25T16:21:20.946+0000] {dag.py:3504} INFO - Setting next_dagrun for example_dynamic_task_mapping_with_no_taskflow_operators to 2023-07-24T16:21:20.946192+00:00, run_after=2023-07-25T16:21:20.946192+00:00
[2023-07-25T16:21:21.005+0000] {processor.py:179} INFO - Processing /home/airflow/.local/lib/python3.9/site-packages/airflow/example_dags/example_dynamic_task_mapping_with_no_taskflow_operators.py took 0.246 seconds
[2023-07-25T16:21:51.852+0000] {processor.py:157} INFO - Started process (PID=2382) to work on /home/airflow/.local/lib/python3.9/site-packages/airflow/example_dags/example_dynamic_task_mapping_with_no_taskflow_operators.py
[2023-07-25T16:21:51.860+0000] {processor.py:826} INFO - Processing file /home/airflow/.local/lib/python3.9/site-packages/airflow/example_dags/example_dynamic_task_mapping_with_no_taskflow_operators.py for tasks to queue
[2023-07-25T16:21:51.861+0000] {logging_mixin.py:150} INFO - [2023-07-25T16:21:51.861+0000] {dagbag.py:541} INFO - Filling up the DagBag from /home/airflow/.local/lib/python3.9/site-packages/airflow/example_dags/example_dynamic_task_mapping_with_no_taskflow_operators.py
[2023-07-25T16:21:51.891+0000] {processor.py:836} INFO - DAG(s) dict_keys(['example_dynamic_task_mapping_with_no_taskflow_operators']) retrieved from /home/airflow/.local/lib/python3.9/site-packages/airflow/example_dags/example_dynamic_task_mapping_with_no_taskflow_operators.py
[2023-07-25T16:21:51.945+0000] {logging_mixin.py:150} INFO - [2023-07-25T16:21:51.944+0000] {dag.py:2742} INFO - Sync 1 DAGs
[2023-07-25T16:21:51.973+0000] {logging_mixin.py:150} INFO - [2023-07-25T16:21:51.973+0000] {dag.py:3504} INFO - Setting next_dagrun for example_dynamic_task_mapping_with_no_taskflow_operators to 2023-07-24T16:21:51.972691+00:00, run_after=2023-07-25T16:21:51.972691+00:00
[2023-07-25T16:21:52.007+0000] {processor.py:179} INFO - Processing /home/airflow/.local/lib/python3.9/site-packages/airflow/example_dags/example_dynamic_task_mapping_with_no_taskflow_operators.py took 0.169 seconds
[2023-07-25T16:22:22.934+0000] {processor.py:157} INFO - Started process (PID=2444) to work on /home/airflow/.local/lib/python3.9/site-packages/airflow/example_dags/example_dynamic_task_mapping_with_no_taskflow_operators.py
[2023-07-25T16:22:22.965+0000] {processor.py:826} INFO - Processing file /home/airflow/.local/lib/python3.9/site-packages/airflow/example_dags/example_dynamic_task_mapping_with_no_taskflow_operators.py for tasks to queue
[2023-07-25T16:22:22.966+0000] {logging_mixin.py:150} INFO - [2023-07-25T16:22:22.966+0000] {dagbag.py:541} INFO - Filling up the DagBag from /home/airflow/.local/lib/python3.9/site-packages/airflow/example_dags/example_dynamic_task_mapping_with_no_taskflow_operators.py
[2023-07-25T16:22:22.990+0000] {processor.py:836} INFO - DAG(s) dict_keys(['example_dynamic_task_mapping_with_no_taskflow_operators']) retrieved from /home/airflow/.local/lib/python3.9/site-packages/airflow/example_dags/example_dynamic_task_mapping_with_no_taskflow_operators.py
[2023-07-25T16:22:23.063+0000] {logging_mixin.py:150} INFO - [2023-07-25T16:22:23.063+0000] {dag.py:2742} INFO - Sync 1 DAGs
[2023-07-25T16:22:23.195+0000] {logging_mixin.py:150} INFO - [2023-07-25T16:22:23.176+0000] {dag.py:3504} INFO - Setting next_dagrun for example_dynamic_task_mapping_with_no_taskflow_operators to 2023-07-24T16:22:23.176033+00:00, run_after=2023-07-25T16:22:23.176033+00:00
[2023-07-25T16:22:23.336+0000] {processor.py:179} INFO - Processing /home/airflow/.local/lib/python3.9/site-packages/airflow/example_dags/example_dynamic_task_mapping_with_no_taskflow_operators.py took 0.406 seconds
[2023-07-25T16:22:54.677+0000] {processor.py:157} INFO - Started process (PID=2505) to work on /home/airflow/.local/lib/python3.9/site-packages/airflow/example_dags/example_dynamic_task_mapping_with_no_taskflow_operators.py
[2023-07-25T16:22:54.693+0000] {processor.py:826} INFO - Processing file /home/airflow/.local/lib/python3.9/site-packages/airflow/example_dags/example_dynamic_task_mapping_with_no_taskflow_operators.py for tasks to queue
[2023-07-25T16:22:54.695+0000] {logging_mixin.py:150} INFO - [2023-07-25T16:22:54.695+0000] {dagbag.py:541} INFO - Filling up the DagBag from /home/airflow/.local/lib/python3.9/site-packages/airflow/example_dags/example_dynamic_task_mapping_with_no_taskflow_operators.py
[2023-07-25T16:22:54.731+0000] {processor.py:836} INFO - DAG(s) dict_keys(['example_dynamic_task_mapping_with_no_taskflow_operators']) retrieved from /home/airflow/.local/lib/python3.9/site-packages/airflow/example_dags/example_dynamic_task_mapping_with_no_taskflow_operators.py
[2023-07-25T16:22:54.930+0000] {logging_mixin.py:150} INFO - [2023-07-25T16:22:54.930+0000] {dag.py:2742} INFO - Sync 1 DAGs
[2023-07-25T16:22:55.070+0000] {logging_mixin.py:150} INFO - [2023-07-25T16:22:55.070+0000] {dag.py:3504} INFO - Setting next_dagrun for example_dynamic_task_mapping_with_no_taskflow_operators to 2023-07-24T16:22:55.070135+00:00, run_after=2023-07-25T16:22:55.070135+00:00
[2023-07-25T16:22:55.228+0000] {processor.py:179} INFO - Processing /home/airflow/.local/lib/python3.9/site-packages/airflow/example_dags/example_dynamic_task_mapping_with_no_taskflow_operators.py took 0.582 seconds
[2023-07-25T16:23:25.441+0000] {processor.py:157} INFO - Started process (PID=2560) to work on /home/airflow/.local/lib/python3.9/site-packages/airflow/example_dags/example_dynamic_task_mapping_with_no_taskflow_operators.py
[2023-07-25T16:23:25.446+0000] {processor.py:826} INFO - Processing file /home/airflow/.local/lib/python3.9/site-packages/airflow/example_dags/example_dynamic_task_mapping_with_no_taskflow_operators.py for tasks to queue
[2023-07-25T16:23:25.447+0000] {logging_mixin.py:150} INFO - [2023-07-25T16:23:25.447+0000] {dagbag.py:541} INFO - Filling up the DagBag from /home/airflow/.local/lib/python3.9/site-packages/airflow/example_dags/example_dynamic_task_mapping_with_no_taskflow_operators.py
[2023-07-25T16:23:25.475+0000] {processor.py:836} INFO - DAG(s) dict_keys(['example_dynamic_task_mapping_with_no_taskflow_operators']) retrieved from /home/airflow/.local/lib/python3.9/site-packages/airflow/example_dags/example_dynamic_task_mapping_with_no_taskflow_operators.py
[2023-07-25T16:23:25.555+0000] {logging_mixin.py:150} INFO - [2023-07-25T16:23:25.555+0000] {dag.py:2742} INFO - Sync 1 DAGs
[2023-07-25T16:23:25.616+0000] {logging_mixin.py:150} INFO - [2023-07-25T16:23:25.616+0000] {dag.py:3504} INFO - Setting next_dagrun for example_dynamic_task_mapping_with_no_taskflow_operators to 2023-07-24T16:23:25.616033+00:00, run_after=2023-07-25T16:23:25.616033+00:00
[2023-07-25T16:23:25.641+0000] {processor.py:179} INFO - Processing /home/airflow/.local/lib/python3.9/site-packages/airflow/example_dags/example_dynamic_task_mapping_with_no_taskflow_operators.py took 0.205 seconds
[2023-07-25T16:23:56.621+0000] {processor.py:157} INFO - Started process (PID=2628) to work on /home/airflow/.local/lib/python3.9/site-packages/airflow/example_dags/example_dynamic_task_mapping_with_no_taskflow_operators.py
[2023-07-25T16:23:56.652+0000] {processor.py:826} INFO - Processing file /home/airflow/.local/lib/python3.9/site-packages/airflow/example_dags/example_dynamic_task_mapping_with_no_taskflow_operators.py for tasks to queue
[2023-07-25T16:23:56.653+0000] {logging_mixin.py:150} INFO - [2023-07-25T16:23:56.653+0000] {dagbag.py:541} INFO - Filling up the DagBag from /home/airflow/.local/lib/python3.9/site-packages/airflow/example_dags/example_dynamic_task_mapping_with_no_taskflow_operators.py
[2023-07-25T16:23:56.695+0000] {processor.py:836} INFO - DAG(s) dict_keys(['example_dynamic_task_mapping_with_no_taskflow_operators']) retrieved from /home/airflow/.local/lib/python3.9/site-packages/airflow/example_dags/example_dynamic_task_mapping_with_no_taskflow_operators.py
[2023-07-25T16:23:56.774+0000] {logging_mixin.py:150} INFO - [2023-07-25T16:23:56.773+0000] {dag.py:2742} INFO - Sync 1 DAGs
[2023-07-25T16:23:56.830+0000] {logging_mixin.py:150} INFO - [2023-07-25T16:23:56.830+0000] {dag.py:3504} INFO - Setting next_dagrun for example_dynamic_task_mapping_with_no_taskflow_operators to 2023-07-24T16:23:56.830218+00:00, run_after=2023-07-25T16:23:56.830218+00:00
[2023-07-25T16:23:56.895+0000] {processor.py:179} INFO - Processing /home/airflow/.local/lib/python3.9/site-packages/airflow/example_dags/example_dynamic_task_mapping_with_no_taskflow_operators.py took 0.278 seconds
[2023-07-25T16:24:27.170+0000] {processor.py:157} INFO - Started process (PID=2691) to work on /home/airflow/.local/lib/python3.9/site-packages/airflow/example_dags/example_dynamic_task_mapping_with_no_taskflow_operators.py
[2023-07-25T16:24:27.173+0000] {processor.py:826} INFO - Processing file /home/airflow/.local/lib/python3.9/site-packages/airflow/example_dags/example_dynamic_task_mapping_with_no_taskflow_operators.py for tasks to queue
[2023-07-25T16:24:27.174+0000] {logging_mixin.py:150} INFO - [2023-07-25T16:24:27.173+0000] {dagbag.py:541} INFO - Filling up the DagBag from /home/airflow/.local/lib/python3.9/site-packages/airflow/example_dags/example_dynamic_task_mapping_with_no_taskflow_operators.py
[2023-07-25T16:24:27.182+0000] {processor.py:836} INFO - DAG(s) dict_keys(['example_dynamic_task_mapping_with_no_taskflow_operators']) retrieved from /home/airflow/.local/lib/python3.9/site-packages/airflow/example_dags/example_dynamic_task_mapping_with_no_taskflow_operators.py
[2023-07-25T16:24:27.257+0000] {logging_mixin.py:150} INFO - [2023-07-25T16:24:27.257+0000] {dag.py:2742} INFO - Sync 1 DAGs
[2023-07-25T16:24:27.336+0000] {logging_mixin.py:150} INFO - [2023-07-25T16:24:27.335+0000] {dag.py:3504} INFO - Setting next_dagrun for example_dynamic_task_mapping_with_no_taskflow_operators to 2023-07-24T16:24:27.335629+00:00, run_after=2023-07-25T16:24:27.335629+00:00
[2023-07-25T16:24:27.390+0000] {processor.py:179} INFO - Processing /home/airflow/.local/lib/python3.9/site-packages/airflow/example_dags/example_dynamic_task_mapping_with_no_taskflow_operators.py took 0.246 seconds
