[2023-07-25T16:02:32.088+0000] {processor.py:157} INFO - Started process (PID=86) to work on /home/airflow/.local/lib/python3.9/site-packages/airflow/example_dags/tutorial_taskflow_api_virtualenv.py
[2023-07-25T16:02:32.089+0000] {processor.py:826} INFO - Processing file /home/airflow/.local/lib/python3.9/site-packages/airflow/example_dags/tutorial_taskflow_api_virtualenv.py for tasks to queue
[2023-07-25T16:02:32.090+0000] {logging_mixin.py:150} INFO - [2023-07-25T16:02:32.090+0000] {dagbag.py:541} INFO - Filling up the DagBag from /home/airflow/.local/lib/python3.9/site-packages/airflow/example_dags/tutorial_taskflow_api_virtualenv.py
[2023-07-25T16:02:32.127+0000] {processor.py:836} INFO - DAG(s) dict_keys(['tutorial_taskflow_api_virtualenv']) retrieved from /home/airflow/.local/lib/python3.9/site-packages/airflow/example_dags/tutorial_taskflow_api_virtualenv.py
[2023-07-25T16:02:32.443+0000] {logging_mixin.py:150} INFO - [2023-07-25T16:02:32.443+0000] {dag.py:2742} INFO - Sync 1 DAGs
[2023-07-25T16:02:32.478+0000] {logging_mixin.py:150} INFO - [2023-07-25T16:02:32.478+0000] {dag.py:3504} INFO - Setting next_dagrun for tutorial_taskflow_api_virtualenv to None, run_after=None
[2023-07-25T16:02:32.517+0000] {processor.py:179} INFO - Processing /home/airflow/.local/lib/python3.9/site-packages/airflow/example_dags/tutorial_taskflow_api_virtualenv.py took 0.434 seconds
[2023-07-25T16:03:02.727+0000] {processor.py:157} INFO - Started process (PID=147) to work on /home/airflow/.local/lib/python3.9/site-packages/airflow/example_dags/tutorial_taskflow_api_virtualenv.py
[2023-07-25T16:03:02.735+0000] {processor.py:826} INFO - Processing file /home/airflow/.local/lib/python3.9/site-packages/airflow/example_dags/tutorial_taskflow_api_virtualenv.py for tasks to queue
[2023-07-25T16:03:02.736+0000] {logging_mixin.py:150} INFO - [2023-07-25T16:03:02.735+0000] {dagbag.py:541} INFO - Filling up the DagBag from /home/airflow/.local/lib/python3.9/site-packages/airflow/example_dags/tutorial_taskflow_api_virtualenv.py
[2023-07-25T16:03:02.756+0000] {processor.py:836} INFO - DAG(s) dict_keys(['tutorial_taskflow_api_virtualenv']) retrieved from /home/airflow/.local/lib/python3.9/site-packages/airflow/example_dags/tutorial_taskflow_api_virtualenv.py
[2023-07-25T16:03:02.825+0000] {logging_mixin.py:150} INFO - [2023-07-25T16:03:02.825+0000] {dag.py:2742} INFO - Sync 1 DAGs
[2023-07-25T16:03:02.885+0000] {logging_mixin.py:150} INFO - [2023-07-25T16:03:02.885+0000] {dag.py:3504} INFO - Setting next_dagrun for tutorial_taskflow_api_virtualenv to None, run_after=None
[2023-07-25T16:03:02.925+0000] {processor.py:179} INFO - Processing /home/airflow/.local/lib/python3.9/site-packages/airflow/example_dags/tutorial_taskflow_api_virtualenv.py took 0.211 seconds
[2023-07-25T16:03:33.164+0000] {processor.py:157} INFO - Started process (PID=208) to work on /home/airflow/.local/lib/python3.9/site-packages/airflow/example_dags/tutorial_taskflow_api_virtualenv.py
[2023-07-25T16:03:33.186+0000] {processor.py:826} INFO - Processing file /home/airflow/.local/lib/python3.9/site-packages/airflow/example_dags/tutorial_taskflow_api_virtualenv.py for tasks to queue
[2023-07-25T16:03:33.187+0000] {logging_mixin.py:150} INFO - [2023-07-25T16:03:33.186+0000] {dagbag.py:541} INFO - Filling up the DagBag from /home/airflow/.local/lib/python3.9/site-packages/airflow/example_dags/tutorial_taskflow_api_virtualenv.py
[2023-07-25T16:03:33.214+0000] {processor.py:836} INFO - DAG(s) dict_keys(['tutorial_taskflow_api_virtualenv']) retrieved from /home/airflow/.local/lib/python3.9/site-packages/airflow/example_dags/tutorial_taskflow_api_virtualenv.py
[2023-07-25T16:03:33.305+0000] {logging_mixin.py:150} INFO - [2023-07-25T16:03:33.305+0000] {dag.py:2742} INFO - Sync 1 DAGs
[2023-07-25T16:03:33.396+0000] {logging_mixin.py:150} INFO - [2023-07-25T16:03:33.395+0000] {dag.py:3504} INFO - Setting next_dagrun for tutorial_taskflow_api_virtualenv to None, run_after=None
[2023-07-25T16:03:33.486+0000] {processor.py:179} INFO - Processing /home/airflow/.local/lib/python3.9/site-packages/airflow/example_dags/tutorial_taskflow_api_virtualenv.py took 0.327 seconds
[2023-07-25T16:04:04.848+0000] {processor.py:157} INFO - Started process (PID=277) to work on /home/airflow/.local/lib/python3.9/site-packages/airflow/example_dags/tutorial_taskflow_api_virtualenv.py
[2023-07-25T16:04:04.885+0000] {processor.py:826} INFO - Processing file /home/airflow/.local/lib/python3.9/site-packages/airflow/example_dags/tutorial_taskflow_api_virtualenv.py for tasks to queue
[2023-07-25T16:04:04.886+0000] {logging_mixin.py:150} INFO - [2023-07-25T16:04:04.886+0000] {dagbag.py:541} INFO - Filling up the DagBag from /home/airflow/.local/lib/python3.9/site-packages/airflow/example_dags/tutorial_taskflow_api_virtualenv.py
[2023-07-25T16:04:04.943+0000] {processor.py:836} INFO - DAG(s) dict_keys(['tutorial_taskflow_api_virtualenv']) retrieved from /home/airflow/.local/lib/python3.9/site-packages/airflow/example_dags/tutorial_taskflow_api_virtualenv.py
[2023-07-25T16:04:05.080+0000] {logging_mixin.py:150} INFO - [2023-07-25T16:04:05.080+0000] {dag.py:2742} INFO - Sync 1 DAGs
[2023-07-25T16:04:05.260+0000] {logging_mixin.py:150} INFO - [2023-07-25T16:04:05.260+0000] {dag.py:3504} INFO - Setting next_dagrun for tutorial_taskflow_api_virtualenv to None, run_after=None
[2023-07-25T16:04:05.455+0000] {processor.py:179} INFO - Processing /home/airflow/.local/lib/python3.9/site-packages/airflow/example_dags/tutorial_taskflow_api_virtualenv.py took 0.653 seconds
[2023-07-25T16:04:36.385+0000] {processor.py:157} INFO - Started process (PID=334) to work on /home/airflow/.local/lib/python3.9/site-packages/airflow/example_dags/tutorial_taskflow_api_virtualenv.py
[2023-07-25T16:04:36.386+0000] {processor.py:826} INFO - Processing file /home/airflow/.local/lib/python3.9/site-packages/airflow/example_dags/tutorial_taskflow_api_virtualenv.py for tasks to queue
[2023-07-25T16:04:36.387+0000] {logging_mixin.py:150} INFO - [2023-07-25T16:04:36.387+0000] {dagbag.py:541} INFO - Filling up the DagBag from /home/airflow/.local/lib/python3.9/site-packages/airflow/example_dags/tutorial_taskflow_api_virtualenv.py
[2023-07-25T16:04:36.406+0000] {processor.py:836} INFO - DAG(s) dict_keys(['tutorial_taskflow_api_virtualenv']) retrieved from /home/airflow/.local/lib/python3.9/site-packages/airflow/example_dags/tutorial_taskflow_api_virtualenv.py
[2023-07-25T16:04:36.470+0000] {logging_mixin.py:150} INFO - [2023-07-25T16:04:36.470+0000] {dag.py:2742} INFO - Sync 1 DAGs
[2023-07-25T16:04:36.513+0000] {logging_mixin.py:150} INFO - [2023-07-25T16:04:36.513+0000] {dag.py:3504} INFO - Setting next_dagrun for tutorial_taskflow_api_virtualenv to None, run_after=None
[2023-07-25T16:04:36.547+0000] {processor.py:179} INFO - Processing /home/airflow/.local/lib/python3.9/site-packages/airflow/example_dags/tutorial_taskflow_api_virtualenv.py took 0.173 seconds
[2023-07-25T16:05:07.195+0000] {processor.py:157} INFO - Started process (PID=395) to work on /home/airflow/.local/lib/python3.9/site-packages/airflow/example_dags/tutorial_taskflow_api_virtualenv.py
[2023-07-25T16:05:07.197+0000] {processor.py:826} INFO - Processing file /home/airflow/.local/lib/python3.9/site-packages/airflow/example_dags/tutorial_taskflow_api_virtualenv.py for tasks to queue
[2023-07-25T16:05:07.198+0000] {logging_mixin.py:150} INFO - [2023-07-25T16:05:07.198+0000] {dagbag.py:541} INFO - Filling up the DagBag from /home/airflow/.local/lib/python3.9/site-packages/airflow/example_dags/tutorial_taskflow_api_virtualenv.py
[2023-07-25T16:05:07.208+0000] {processor.py:836} INFO - DAG(s) dict_keys(['tutorial_taskflow_api_virtualenv']) retrieved from /home/airflow/.local/lib/python3.9/site-packages/airflow/example_dags/tutorial_taskflow_api_virtualenv.py
[2023-07-25T16:05:07.479+0000] {logging_mixin.py:150} INFO - [2023-07-25T16:05:07.479+0000] {dag.py:2742} INFO - Sync 1 DAGs
[2023-07-25T16:05:07.565+0000] {logging_mixin.py:150} INFO - [2023-07-25T16:05:07.565+0000] {dag.py:3504} INFO - Setting next_dagrun for tutorial_taskflow_api_virtualenv to None, run_after=None
[2023-07-25T16:05:07.613+0000] {processor.py:179} INFO - Processing /home/airflow/.local/lib/python3.9/site-packages/airflow/example_dags/tutorial_taskflow_api_virtualenv.py took 0.423 seconds
[2023-07-25T16:05:38.565+0000] {processor.py:157} INFO - Started process (PID=458) to work on /home/airflow/.local/lib/python3.9/site-packages/airflow/example_dags/tutorial_taskflow_api_virtualenv.py
[2023-07-25T16:05:38.567+0000] {processor.py:826} INFO - Processing file /home/airflow/.local/lib/python3.9/site-packages/airflow/example_dags/tutorial_taskflow_api_virtualenv.py for tasks to queue
[2023-07-25T16:05:38.568+0000] {logging_mixin.py:150} INFO - [2023-07-25T16:05:38.567+0000] {dagbag.py:541} INFO - Filling up the DagBag from /home/airflow/.local/lib/python3.9/site-packages/airflow/example_dags/tutorial_taskflow_api_virtualenv.py
[2023-07-25T16:05:38.596+0000] {processor.py:836} INFO - DAG(s) dict_keys(['tutorial_taskflow_api_virtualenv']) retrieved from /home/airflow/.local/lib/python3.9/site-packages/airflow/example_dags/tutorial_taskflow_api_virtualenv.py
[2023-07-25T16:05:38.627+0000] {logging_mixin.py:150} INFO - [2023-07-25T16:05:38.626+0000] {dag.py:2742} INFO - Sync 1 DAGs
[2023-07-25T16:05:38.657+0000] {logging_mixin.py:150} INFO - [2023-07-25T16:05:38.657+0000] {dag.py:3504} INFO - Setting next_dagrun for tutorial_taskflow_api_virtualenv to None, run_after=None
[2023-07-25T16:05:38.684+0000] {processor.py:179} INFO - Processing /home/airflow/.local/lib/python3.9/site-packages/airflow/example_dags/tutorial_taskflow_api_virtualenv.py took 0.136 seconds
[2023-07-25T16:06:09.622+0000] {processor.py:157} INFO - Started process (PID=526) to work on /home/airflow/.local/lib/python3.9/site-packages/airflow/example_dags/tutorial_taskflow_api_virtualenv.py
[2023-07-25T16:06:09.645+0000] {processor.py:826} INFO - Processing file /home/airflow/.local/lib/python3.9/site-packages/airflow/example_dags/tutorial_taskflow_api_virtualenv.py for tasks to queue
[2023-07-25T16:06:09.646+0000] {logging_mixin.py:150} INFO - [2023-07-25T16:06:09.646+0000] {dagbag.py:541} INFO - Filling up the DagBag from /home/airflow/.local/lib/python3.9/site-packages/airflow/example_dags/tutorial_taskflow_api_virtualenv.py
[2023-07-25T16:06:09.676+0000] {processor.py:836} INFO - DAG(s) dict_keys(['tutorial_taskflow_api_virtualenv']) retrieved from /home/airflow/.local/lib/python3.9/site-packages/airflow/example_dags/tutorial_taskflow_api_virtualenv.py
[2023-07-25T16:06:09.765+0000] {logging_mixin.py:150} INFO - [2023-07-25T16:06:09.765+0000] {dag.py:2742} INFO - Sync 1 DAGs
[2023-07-25T16:06:09.819+0000] {logging_mixin.py:150} INFO - [2023-07-25T16:06:09.819+0000] {dag.py:3504} INFO - Setting next_dagrun for tutorial_taskflow_api_virtualenv to None, run_after=None
[2023-07-25T16:06:09.855+0000] {processor.py:179} INFO - Processing /home/airflow/.local/lib/python3.9/site-packages/airflow/example_dags/tutorial_taskflow_api_virtualenv.py took 0.237 seconds
[2023-07-25T16:06:40.480+0000] {processor.py:157} INFO - Started process (PID=586) to work on /home/airflow/.local/lib/python3.9/site-packages/airflow/example_dags/tutorial_taskflow_api_virtualenv.py
[2023-07-25T16:06:40.491+0000] {processor.py:826} INFO - Processing file /home/airflow/.local/lib/python3.9/site-packages/airflow/example_dags/tutorial_taskflow_api_virtualenv.py for tasks to queue
[2023-07-25T16:06:40.492+0000] {logging_mixin.py:150} INFO - [2023-07-25T16:06:40.492+0000] {dagbag.py:541} INFO - Filling up the DagBag from /home/airflow/.local/lib/python3.9/site-packages/airflow/example_dags/tutorial_taskflow_api_virtualenv.py
[2023-07-25T16:06:40.520+0000] {processor.py:836} INFO - DAG(s) dict_keys(['tutorial_taskflow_api_virtualenv']) retrieved from /home/airflow/.local/lib/python3.9/site-packages/airflow/example_dags/tutorial_taskflow_api_virtualenv.py
[2023-07-25T16:06:40.609+0000] {logging_mixin.py:150} INFO - [2023-07-25T16:06:40.609+0000] {dag.py:2742} INFO - Sync 1 DAGs
[2023-07-25T16:06:40.659+0000] {logging_mixin.py:150} INFO - [2023-07-25T16:06:40.658+0000] {dag.py:3504} INFO - Setting next_dagrun for tutorial_taskflow_api_virtualenv to None, run_after=None
[2023-07-25T16:06:40.695+0000] {processor.py:179} INFO - Processing /home/airflow/.local/lib/python3.9/site-packages/airflow/example_dags/tutorial_taskflow_api_virtualenv.py took 0.219 seconds
[2023-07-25T16:07:11.243+0000] {processor.py:157} INFO - Started process (PID=648) to work on /home/airflow/.local/lib/python3.9/site-packages/airflow/example_dags/tutorial_taskflow_api_virtualenv.py
[2023-07-25T16:07:11.252+0000] {processor.py:826} INFO - Processing file /home/airflow/.local/lib/python3.9/site-packages/airflow/example_dags/tutorial_taskflow_api_virtualenv.py for tasks to queue
[2023-07-25T16:07:11.253+0000] {logging_mixin.py:150} INFO - [2023-07-25T16:07:11.253+0000] {dagbag.py:541} INFO - Filling up the DagBag from /home/airflow/.local/lib/python3.9/site-packages/airflow/example_dags/tutorial_taskflow_api_virtualenv.py
[2023-07-25T16:07:11.291+0000] {processor.py:836} INFO - DAG(s) dict_keys(['tutorial_taskflow_api_virtualenv']) retrieved from /home/airflow/.local/lib/python3.9/site-packages/airflow/example_dags/tutorial_taskflow_api_virtualenv.py
[2023-07-25T16:07:11.363+0000] {logging_mixin.py:150} INFO - [2023-07-25T16:07:11.363+0000] {dag.py:2742} INFO - Sync 1 DAGs
[2023-07-25T16:07:11.418+0000] {logging_mixin.py:150} INFO - [2023-07-25T16:07:11.417+0000] {dag.py:3504} INFO - Setting next_dagrun for tutorial_taskflow_api_virtualenv to None, run_after=None
[2023-07-25T16:07:11.478+0000] {processor.py:179} INFO - Processing /home/airflow/.local/lib/python3.9/site-packages/airflow/example_dags/tutorial_taskflow_api_virtualenv.py took 0.251 seconds
[2023-07-25T16:07:42.178+0000] {processor.py:157} INFO - Started process (PID=710) to work on /home/airflow/.local/lib/python3.9/site-packages/airflow/example_dags/tutorial_taskflow_api_virtualenv.py
[2023-07-25T16:07:42.215+0000] {processor.py:826} INFO - Processing file /home/airflow/.local/lib/python3.9/site-packages/airflow/example_dags/tutorial_taskflow_api_virtualenv.py for tasks to queue
[2023-07-25T16:07:42.216+0000] {logging_mixin.py:150} INFO - [2023-07-25T16:07:42.216+0000] {dagbag.py:541} INFO - Filling up the DagBag from /home/airflow/.local/lib/python3.9/site-packages/airflow/example_dags/tutorial_taskflow_api_virtualenv.py
[2023-07-25T16:07:42.307+0000] {processor.py:836} INFO - DAG(s) dict_keys(['tutorial_taskflow_api_virtualenv']) retrieved from /home/airflow/.local/lib/python3.9/site-packages/airflow/example_dags/tutorial_taskflow_api_virtualenv.py
[2023-07-25T16:07:42.436+0000] {logging_mixin.py:150} INFO - [2023-07-25T16:07:42.435+0000] {dag.py:2742} INFO - Sync 1 DAGs
[2023-07-25T16:07:42.530+0000] {logging_mixin.py:150} INFO - [2023-07-25T16:07:42.530+0000] {dag.py:3504} INFO - Setting next_dagrun for tutorial_taskflow_api_virtualenv to None, run_after=None
[2023-07-25T16:07:42.595+0000] {processor.py:179} INFO - Processing /home/airflow/.local/lib/python3.9/site-packages/airflow/example_dags/tutorial_taskflow_api_virtualenv.py took 0.422 seconds
[2023-07-25T16:08:12.837+0000] {processor.py:157} INFO - Started process (PID=771) to work on /home/airflow/.local/lib/python3.9/site-packages/airflow/example_dags/tutorial_taskflow_api_virtualenv.py
[2023-07-25T16:08:12.855+0000] {processor.py:826} INFO - Processing file /home/airflow/.local/lib/python3.9/site-packages/airflow/example_dags/tutorial_taskflow_api_virtualenv.py for tasks to queue
[2023-07-25T16:08:12.856+0000] {logging_mixin.py:150} INFO - [2023-07-25T16:08:12.856+0000] {dagbag.py:541} INFO - Filling up the DagBag from /home/airflow/.local/lib/python3.9/site-packages/airflow/example_dags/tutorial_taskflow_api_virtualenv.py
[2023-07-25T16:08:12.897+0000] {processor.py:836} INFO - DAG(s) dict_keys(['tutorial_taskflow_api_virtualenv']) retrieved from /home/airflow/.local/lib/python3.9/site-packages/airflow/example_dags/tutorial_taskflow_api_virtualenv.py
[2023-07-25T16:08:13.025+0000] {logging_mixin.py:150} INFO - [2023-07-25T16:08:13.025+0000] {dag.py:2742} INFO - Sync 1 DAGs
[2023-07-25T16:08:13.116+0000] {logging_mixin.py:150} INFO - [2023-07-25T16:08:13.115+0000] {dag.py:3504} INFO - Setting next_dagrun for tutorial_taskflow_api_virtualenv to None, run_after=None
[2023-07-25T16:08:13.181+0000] {processor.py:179} INFO - Processing /home/airflow/.local/lib/python3.9/site-packages/airflow/example_dags/tutorial_taskflow_api_virtualenv.py took 0.382 seconds
[2023-07-25T16:08:45.943+0000] {processor.py:157} INFO - Started process (PID=831) to work on /home/airflow/.local/lib/python3.9/site-packages/airflow/example_dags/tutorial_taskflow_api_virtualenv.py
[2023-07-25T16:08:45.961+0000] {processor.py:826} INFO - Processing file /home/airflow/.local/lib/python3.9/site-packages/airflow/example_dags/tutorial_taskflow_api_virtualenv.py for tasks to queue
[2023-07-25T16:08:45.963+0000] {logging_mixin.py:150} INFO - [2023-07-25T16:08:45.962+0000] {dagbag.py:541} INFO - Filling up the DagBag from /home/airflow/.local/lib/python3.9/site-packages/airflow/example_dags/tutorial_taskflow_api_virtualenv.py
[2023-07-25T16:08:46.014+0000] {processor.py:836} INFO - DAG(s) dict_keys(['tutorial_taskflow_api_virtualenv']) retrieved from /home/airflow/.local/lib/python3.9/site-packages/airflow/example_dags/tutorial_taskflow_api_virtualenv.py
[2023-07-25T16:08:46.256+0000] {logging_mixin.py:150} INFO - [2023-07-25T16:08:46.255+0000] {dag.py:2742} INFO - Sync 1 DAGs
[2023-07-25T16:08:46.398+0000] {logging_mixin.py:150} INFO - [2023-07-25T16:08:46.398+0000] {dag.py:3504} INFO - Setting next_dagrun for tutorial_taskflow_api_virtualenv to None, run_after=None
[2023-07-25T16:08:46.568+0000] {processor.py:179} INFO - Processing /home/airflow/.local/lib/python3.9/site-packages/airflow/example_dags/tutorial_taskflow_api_virtualenv.py took 0.675 seconds
[2023-07-25T16:09:17.093+0000] {processor.py:157} INFO - Started process (PID=886) to work on /home/airflow/.local/lib/python3.9/site-packages/airflow/example_dags/tutorial_taskflow_api_virtualenv.py
[2023-07-25T16:09:17.095+0000] {processor.py:826} INFO - Processing file /home/airflow/.local/lib/python3.9/site-packages/airflow/example_dags/tutorial_taskflow_api_virtualenv.py for tasks to queue
[2023-07-25T16:09:17.096+0000] {logging_mixin.py:150} INFO - [2023-07-25T16:09:17.096+0000] {dagbag.py:541} INFO - Filling up the DagBag from /home/airflow/.local/lib/python3.9/site-packages/airflow/example_dags/tutorial_taskflow_api_virtualenv.py
[2023-07-25T16:09:17.129+0000] {processor.py:836} INFO - DAG(s) dict_keys(['tutorial_taskflow_api_virtualenv']) retrieved from /home/airflow/.local/lib/python3.9/site-packages/airflow/example_dags/tutorial_taskflow_api_virtualenv.py
[2023-07-25T16:09:17.213+0000] {logging_mixin.py:150} INFO - [2023-07-25T16:09:17.212+0000] {dag.py:2742} INFO - Sync 1 DAGs
[2023-07-25T16:09:17.306+0000] {logging_mixin.py:150} INFO - [2023-07-25T16:09:17.305+0000] {dag.py:3504} INFO - Setting next_dagrun for tutorial_taskflow_api_virtualenv to None, run_after=None
[2023-07-25T16:09:17.385+0000] {processor.py:179} INFO - Processing /home/airflow/.local/lib/python3.9/site-packages/airflow/example_dags/tutorial_taskflow_api_virtualenv.py took 0.313 seconds
[2023-07-25T16:09:48.398+0000] {processor.py:157} INFO - Started process (PID=947) to work on /home/airflow/.local/lib/python3.9/site-packages/airflow/example_dags/tutorial_taskflow_api_virtualenv.py
[2023-07-25T16:09:48.407+0000] {processor.py:826} INFO - Processing file /home/airflow/.local/lib/python3.9/site-packages/airflow/example_dags/tutorial_taskflow_api_virtualenv.py for tasks to queue
[2023-07-25T16:09:48.408+0000] {logging_mixin.py:150} INFO - [2023-07-25T16:09:48.407+0000] {dagbag.py:541} INFO - Filling up the DagBag from /home/airflow/.local/lib/python3.9/site-packages/airflow/example_dags/tutorial_taskflow_api_virtualenv.py
[2023-07-25T16:09:48.428+0000] {processor.py:836} INFO - DAG(s) dict_keys(['tutorial_taskflow_api_virtualenv']) retrieved from /home/airflow/.local/lib/python3.9/site-packages/airflow/example_dags/tutorial_taskflow_api_virtualenv.py
[2023-07-25T16:09:48.470+0000] {logging_mixin.py:150} INFO - [2023-07-25T16:09:48.468+0000] {dag.py:2742} INFO - Sync 1 DAGs
[2023-07-25T16:09:48.530+0000] {logging_mixin.py:150} INFO - [2023-07-25T16:09:48.529+0000] {dag.py:3504} INFO - Setting next_dagrun for tutorial_taskflow_api_virtualenv to None, run_after=None
[2023-07-25T16:09:48.585+0000] {processor.py:179} INFO - Processing /home/airflow/.local/lib/python3.9/site-packages/airflow/example_dags/tutorial_taskflow_api_virtualenv.py took 0.197 seconds
[2023-07-25T16:10:19.523+0000] {processor.py:157} INFO - Started process (PID=1009) to work on /home/airflow/.local/lib/python3.9/site-packages/airflow/example_dags/tutorial_taskflow_api_virtualenv.py
[2023-07-25T16:10:19.530+0000] {processor.py:826} INFO - Processing file /home/airflow/.local/lib/python3.9/site-packages/airflow/example_dags/tutorial_taskflow_api_virtualenv.py for tasks to queue
[2023-07-25T16:10:19.532+0000] {logging_mixin.py:150} INFO - [2023-07-25T16:10:19.532+0000] {dagbag.py:541} INFO - Filling up the DagBag from /home/airflow/.local/lib/python3.9/site-packages/airflow/example_dags/tutorial_taskflow_api_virtualenv.py
[2023-07-25T16:10:19.567+0000] {processor.py:836} INFO - DAG(s) dict_keys(['tutorial_taskflow_api_virtualenv']) retrieved from /home/airflow/.local/lib/python3.9/site-packages/airflow/example_dags/tutorial_taskflow_api_virtualenv.py
[2023-07-25T16:10:19.598+0000] {logging_mixin.py:150} INFO - [2023-07-25T16:10:19.597+0000] {dag.py:2742} INFO - Sync 1 DAGs
[2023-07-25T16:10:19.630+0000] {logging_mixin.py:150} INFO - [2023-07-25T16:10:19.629+0000] {dag.py:3504} INFO - Setting next_dagrun for tutorial_taskflow_api_virtualenv to None, run_after=None
[2023-07-25T16:10:19.680+0000] {processor.py:179} INFO - Processing /home/airflow/.local/lib/python3.9/site-packages/airflow/example_dags/tutorial_taskflow_api_virtualenv.py took 0.162 seconds
[2023-07-25T16:10:50.069+0000] {processor.py:157} INFO - Started process (PID=1071) to work on /home/airflow/.local/lib/python3.9/site-packages/airflow/example_dags/tutorial_taskflow_api_virtualenv.py
[2023-07-25T16:10:50.074+0000] {processor.py:826} INFO - Processing file /home/airflow/.local/lib/python3.9/site-packages/airflow/example_dags/tutorial_taskflow_api_virtualenv.py for tasks to queue
[2023-07-25T16:10:50.078+0000] {logging_mixin.py:150} INFO - [2023-07-25T16:10:50.074+0000] {dagbag.py:541} INFO - Filling up the DagBag from /home/airflow/.local/lib/python3.9/site-packages/airflow/example_dags/tutorial_taskflow_api_virtualenv.py
[2023-07-25T16:10:50.101+0000] {processor.py:836} INFO - DAG(s) dict_keys(['tutorial_taskflow_api_virtualenv']) retrieved from /home/airflow/.local/lib/python3.9/site-packages/airflow/example_dags/tutorial_taskflow_api_virtualenv.py
[2023-07-25T16:10:50.148+0000] {logging_mixin.py:150} INFO - [2023-07-25T16:10:50.148+0000] {dag.py:2742} INFO - Sync 1 DAGs
[2023-07-25T16:10:50.186+0000] {logging_mixin.py:150} INFO - [2023-07-25T16:10:50.186+0000] {dag.py:3504} INFO - Setting next_dagrun for tutorial_taskflow_api_virtualenv to None, run_after=None
[2023-07-25T16:10:50.234+0000] {processor.py:179} INFO - Processing /home/airflow/.local/lib/python3.9/site-packages/airflow/example_dags/tutorial_taskflow_api_virtualenv.py took 0.172 seconds
[2023-07-25T16:11:22.498+0000] {processor.py:157} INFO - Started process (PID=1131) to work on /home/airflow/.local/lib/python3.9/site-packages/airflow/example_dags/tutorial_taskflow_api_virtualenv.py
[2023-07-25T16:11:22.503+0000] {processor.py:826} INFO - Processing file /home/airflow/.local/lib/python3.9/site-packages/airflow/example_dags/tutorial_taskflow_api_virtualenv.py for tasks to queue
[2023-07-25T16:11:22.504+0000] {logging_mixin.py:150} INFO - [2023-07-25T16:11:22.503+0000] {dagbag.py:541} INFO - Filling up the DagBag from /home/airflow/.local/lib/python3.9/site-packages/airflow/example_dags/tutorial_taskflow_api_virtualenv.py
[2023-07-25T16:11:22.523+0000] {processor.py:836} INFO - DAG(s) dict_keys(['tutorial_taskflow_api_virtualenv']) retrieved from /home/airflow/.local/lib/python3.9/site-packages/airflow/example_dags/tutorial_taskflow_api_virtualenv.py
[2023-07-25T16:11:22.565+0000] {logging_mixin.py:150} INFO - [2023-07-25T16:11:22.565+0000] {dag.py:2742} INFO - Sync 1 DAGs
[2023-07-25T16:11:22.594+0000] {logging_mixin.py:150} INFO - [2023-07-25T16:11:22.594+0000] {dag.py:3504} INFO - Setting next_dagrun for tutorial_taskflow_api_virtualenv to None, run_after=None
[2023-07-25T16:11:22.618+0000] {processor.py:179} INFO - Processing /home/airflow/.local/lib/python3.9/site-packages/airflow/example_dags/tutorial_taskflow_api_virtualenv.py took 0.135 seconds
[2023-07-25T16:11:53.073+0000] {processor.py:157} INFO - Started process (PID=1193) to work on /home/airflow/.local/lib/python3.9/site-packages/airflow/example_dags/tutorial_taskflow_api_virtualenv.py
[2023-07-25T16:11:53.084+0000] {processor.py:826} INFO - Processing file /home/airflow/.local/lib/python3.9/site-packages/airflow/example_dags/tutorial_taskflow_api_virtualenv.py for tasks to queue
[2023-07-25T16:11:53.085+0000] {logging_mixin.py:150} INFO - [2023-07-25T16:11:53.085+0000] {dagbag.py:541} INFO - Filling up the DagBag from /home/airflow/.local/lib/python3.9/site-packages/airflow/example_dags/tutorial_taskflow_api_virtualenv.py
[2023-07-25T16:11:53.101+0000] {processor.py:836} INFO - DAG(s) dict_keys(['tutorial_taskflow_api_virtualenv']) retrieved from /home/airflow/.local/lib/python3.9/site-packages/airflow/example_dags/tutorial_taskflow_api_virtualenv.py
[2023-07-25T16:11:53.129+0000] {logging_mixin.py:150} INFO - [2023-07-25T16:11:53.129+0000] {dag.py:2742} INFO - Sync 1 DAGs
[2023-07-25T16:11:53.158+0000] {logging_mixin.py:150} INFO - [2023-07-25T16:11:53.158+0000] {dag.py:3504} INFO - Setting next_dagrun for tutorial_taskflow_api_virtualenv to None, run_after=None
[2023-07-25T16:11:53.188+0000] {processor.py:179} INFO - Processing /home/airflow/.local/lib/python3.9/site-packages/airflow/example_dags/tutorial_taskflow_api_virtualenv.py took 0.119 seconds
[2023-07-25T16:12:24.847+0000] {processor.py:157} INFO - Started process (PID=1254) to work on /home/airflow/.local/lib/python3.9/site-packages/airflow/example_dags/tutorial_taskflow_api_virtualenv.py
[2023-07-25T16:12:24.865+0000] {processor.py:826} INFO - Processing file /home/airflow/.local/lib/python3.9/site-packages/airflow/example_dags/tutorial_taskflow_api_virtualenv.py for tasks to queue
[2023-07-25T16:12:24.866+0000] {logging_mixin.py:150} INFO - [2023-07-25T16:12:24.866+0000] {dagbag.py:541} INFO - Filling up the DagBag from /home/airflow/.local/lib/python3.9/site-packages/airflow/example_dags/tutorial_taskflow_api_virtualenv.py
[2023-07-25T16:12:24.885+0000] {processor.py:836} INFO - DAG(s) dict_keys(['tutorial_taskflow_api_virtualenv']) retrieved from /home/airflow/.local/lib/python3.9/site-packages/airflow/example_dags/tutorial_taskflow_api_virtualenv.py
[2023-07-25T16:12:24.941+0000] {logging_mixin.py:150} INFO - [2023-07-25T16:12:24.940+0000] {dag.py:2742} INFO - Sync 1 DAGs
[2023-07-25T16:12:24.984+0000] {logging_mixin.py:150} INFO - [2023-07-25T16:12:24.983+0000] {dag.py:3504} INFO - Setting next_dagrun for tutorial_taskflow_api_virtualenv to None, run_after=None
[2023-07-25T16:12:25.037+0000] {processor.py:179} INFO - Processing /home/airflow/.local/lib/python3.9/site-packages/airflow/example_dags/tutorial_taskflow_api_virtualenv.py took 0.209 seconds
[2023-07-25T16:12:55.855+0000] {processor.py:157} INFO - Started process (PID=1315) to work on /home/airflow/.local/lib/python3.9/site-packages/airflow/example_dags/tutorial_taskflow_api_virtualenv.py
[2023-07-25T16:12:55.859+0000] {processor.py:826} INFO - Processing file /home/airflow/.local/lib/python3.9/site-packages/airflow/example_dags/tutorial_taskflow_api_virtualenv.py for tasks to queue
[2023-07-25T16:12:55.860+0000] {logging_mixin.py:150} INFO - [2023-07-25T16:12:55.860+0000] {dagbag.py:541} INFO - Filling up the DagBag from /home/airflow/.local/lib/python3.9/site-packages/airflow/example_dags/tutorial_taskflow_api_virtualenv.py
[2023-07-25T16:12:55.871+0000] {processor.py:836} INFO - DAG(s) dict_keys(['tutorial_taskflow_api_virtualenv']) retrieved from /home/airflow/.local/lib/python3.9/site-packages/airflow/example_dags/tutorial_taskflow_api_virtualenv.py
[2023-07-25T16:12:55.931+0000] {logging_mixin.py:150} INFO - [2023-07-25T16:12:55.930+0000] {dag.py:2742} INFO - Sync 1 DAGs
[2023-07-25T16:12:55.996+0000] {logging_mixin.py:150} INFO - [2023-07-25T16:12:55.995+0000] {dag.py:3504} INFO - Setting next_dagrun for tutorial_taskflow_api_virtualenv to None, run_after=None
[2023-07-25T16:12:56.045+0000] {processor.py:179} INFO - Processing /home/airflow/.local/lib/python3.9/site-packages/airflow/example_dags/tutorial_taskflow_api_virtualenv.py took 0.195 seconds
[2023-07-25T16:13:29.494+0000] {processor.py:157} INFO - Started process (PID=1377) to work on /home/airflow/.local/lib/python3.9/site-packages/airflow/example_dags/tutorial_taskflow_api_virtualenv.py
[2023-07-25T16:13:29.505+0000] {processor.py:826} INFO - Processing file /home/airflow/.local/lib/python3.9/site-packages/airflow/example_dags/tutorial_taskflow_api_virtualenv.py for tasks to queue
[2023-07-25T16:13:29.506+0000] {logging_mixin.py:150} INFO - [2023-07-25T16:13:29.506+0000] {dagbag.py:541} INFO - Filling up the DagBag from /home/airflow/.local/lib/python3.9/site-packages/airflow/example_dags/tutorial_taskflow_api_virtualenv.py
[2023-07-25T16:13:29.537+0000] {processor.py:836} INFO - DAG(s) dict_keys(['tutorial_taskflow_api_virtualenv']) retrieved from /home/airflow/.local/lib/python3.9/site-packages/airflow/example_dags/tutorial_taskflow_api_virtualenv.py
[2023-07-25T16:13:29.648+0000] {logging_mixin.py:150} INFO - [2023-07-25T16:13:29.648+0000] {dag.py:2742} INFO - Sync 1 DAGs
[2023-07-25T16:13:29.796+0000] {logging_mixin.py:150} INFO - [2023-07-25T16:13:29.795+0000] {dag.py:3504} INFO - Setting next_dagrun for tutorial_taskflow_api_virtualenv to None, run_after=None
[2023-07-25T16:13:29.935+0000] {processor.py:179} INFO - Processing /home/airflow/.local/lib/python3.9/site-packages/airflow/example_dags/tutorial_taskflow_api_virtualenv.py took 0.445 seconds
[2023-07-25T16:14:00.561+0000] {processor.py:157} INFO - Started process (PID=1438) to work on /home/airflow/.local/lib/python3.9/site-packages/airflow/example_dags/tutorial_taskflow_api_virtualenv.py
[2023-07-25T16:14:00.573+0000] {processor.py:826} INFO - Processing file /home/airflow/.local/lib/python3.9/site-packages/airflow/example_dags/tutorial_taskflow_api_virtualenv.py for tasks to queue
[2023-07-25T16:14:00.574+0000] {logging_mixin.py:150} INFO - [2023-07-25T16:14:00.574+0000] {dagbag.py:541} INFO - Filling up the DagBag from /home/airflow/.local/lib/python3.9/site-packages/airflow/example_dags/tutorial_taskflow_api_virtualenv.py
[2023-07-25T16:14:00.584+0000] {processor.py:836} INFO - DAG(s) dict_keys(['tutorial_taskflow_api_virtualenv']) retrieved from /home/airflow/.local/lib/python3.9/site-packages/airflow/example_dags/tutorial_taskflow_api_virtualenv.py
[2023-07-25T16:14:00.667+0000] {logging_mixin.py:150} INFO - [2023-07-25T16:14:00.666+0000] {dag.py:2742} INFO - Sync 1 DAGs
[2023-07-25T16:14:00.756+0000] {logging_mixin.py:150} INFO - [2023-07-25T16:14:00.755+0000] {dag.py:3504} INFO - Setting next_dagrun for tutorial_taskflow_api_virtualenv to None, run_after=None
[2023-07-25T16:14:00.818+0000] {processor.py:179} INFO - Processing /home/airflow/.local/lib/python3.9/site-packages/airflow/example_dags/tutorial_taskflow_api_virtualenv.py took 0.262 seconds
[2023-07-25T16:14:31.688+0000] {processor.py:157} INFO - Started process (PID=1499) to work on /home/airflow/.local/lib/python3.9/site-packages/airflow/example_dags/tutorial_taskflow_api_virtualenv.py
[2023-07-25T16:14:31.690+0000] {processor.py:826} INFO - Processing file /home/airflow/.local/lib/python3.9/site-packages/airflow/example_dags/tutorial_taskflow_api_virtualenv.py for tasks to queue
[2023-07-25T16:14:31.705+0000] {logging_mixin.py:150} INFO - [2023-07-25T16:14:31.705+0000] {dagbag.py:541} INFO - Filling up the DagBag from /home/airflow/.local/lib/python3.9/site-packages/airflow/example_dags/tutorial_taskflow_api_virtualenv.py
[2023-07-25T16:14:31.729+0000] {processor.py:836} INFO - DAG(s) dict_keys(['tutorial_taskflow_api_virtualenv']) retrieved from /home/airflow/.local/lib/python3.9/site-packages/airflow/example_dags/tutorial_taskflow_api_virtualenv.py
[2023-07-25T16:14:31.794+0000] {logging_mixin.py:150} INFO - [2023-07-25T16:14:31.794+0000] {dag.py:2742} INFO - Sync 1 DAGs
[2023-07-25T16:14:31.835+0000] {logging_mixin.py:150} INFO - [2023-07-25T16:14:31.835+0000] {dag.py:3504} INFO - Setting next_dagrun for tutorial_taskflow_api_virtualenv to None, run_after=None
[2023-07-25T16:14:31.885+0000] {processor.py:179} INFO - Processing /home/airflow/.local/lib/python3.9/site-packages/airflow/example_dags/tutorial_taskflow_api_virtualenv.py took 0.202 seconds
[2023-07-25T16:15:03.642+0000] {processor.py:157} INFO - Started process (PID=1566) to work on /home/airflow/.local/lib/python3.9/site-packages/airflow/example_dags/tutorial_taskflow_api_virtualenv.py
[2023-07-25T16:15:03.695+0000] {processor.py:826} INFO - Processing file /home/airflow/.local/lib/python3.9/site-packages/airflow/example_dags/tutorial_taskflow_api_virtualenv.py for tasks to queue
[2023-07-25T16:15:03.696+0000] {logging_mixin.py:150} INFO - [2023-07-25T16:15:03.696+0000] {dagbag.py:541} INFO - Filling up the DagBag from /home/airflow/.local/lib/python3.9/site-packages/airflow/example_dags/tutorial_taskflow_api_virtualenv.py
[2023-07-25T16:15:03.747+0000] {processor.py:836} INFO - DAG(s) dict_keys(['tutorial_taskflow_api_virtualenv']) retrieved from /home/airflow/.local/lib/python3.9/site-packages/airflow/example_dags/tutorial_taskflow_api_virtualenv.py
[2023-07-25T16:15:03.893+0000] {logging_mixin.py:150} INFO - [2023-07-25T16:15:03.893+0000] {dag.py:2742} INFO - Sync 1 DAGs
[2023-07-25T16:15:03.973+0000] {logging_mixin.py:150} INFO - [2023-07-25T16:15:03.973+0000] {dag.py:3504} INFO - Setting next_dagrun for tutorial_taskflow_api_virtualenv to None, run_after=None
[2023-07-25T16:15:04.079+0000] {processor.py:179} INFO - Processing /home/airflow/.local/lib/python3.9/site-packages/airflow/example_dags/tutorial_taskflow_api_virtualenv.py took 0.442 seconds
[2023-07-25T16:15:34.894+0000] {processor.py:157} INFO - Started process (PID=1628) to work on /home/airflow/.local/lib/python3.9/site-packages/airflow/example_dags/tutorial_taskflow_api_virtualenv.py
[2023-07-25T16:15:34.944+0000] {processor.py:826} INFO - Processing file /home/airflow/.local/lib/python3.9/site-packages/airflow/example_dags/tutorial_taskflow_api_virtualenv.py for tasks to queue
[2023-07-25T16:15:34.945+0000] {logging_mixin.py:150} INFO - [2023-07-25T16:15:34.945+0000] {dagbag.py:541} INFO - Filling up the DagBag from /home/airflow/.local/lib/python3.9/site-packages/airflow/example_dags/tutorial_taskflow_api_virtualenv.py
[2023-07-25T16:15:35.017+0000] {processor.py:836} INFO - DAG(s) dict_keys(['tutorial_taskflow_api_virtualenv']) retrieved from /home/airflow/.local/lib/python3.9/site-packages/airflow/example_dags/tutorial_taskflow_api_virtualenv.py
[2023-07-25T16:15:35.115+0000] {logging_mixin.py:150} INFO - [2023-07-25T16:15:35.115+0000] {dag.py:2742} INFO - Sync 1 DAGs
[2023-07-25T16:15:35.236+0000] {logging_mixin.py:150} INFO - [2023-07-25T16:15:35.235+0000] {dag.py:3504} INFO - Setting next_dagrun for tutorial_taskflow_api_virtualenv to None, run_after=None
[2023-07-25T16:15:35.365+0000] {processor.py:179} INFO - Processing /home/airflow/.local/lib/python3.9/site-packages/airflow/example_dags/tutorial_taskflow_api_virtualenv.py took 0.476 seconds
[2023-07-25T16:16:05.643+0000] {processor.py:157} INFO - Started process (PID=1683) to work on /home/airflow/.local/lib/python3.9/site-packages/airflow/example_dags/tutorial_taskflow_api_virtualenv.py
[2023-07-25T16:16:05.655+0000] {processor.py:826} INFO - Processing file /home/airflow/.local/lib/python3.9/site-packages/airflow/example_dags/tutorial_taskflow_api_virtualenv.py for tasks to queue
[2023-07-25T16:16:05.656+0000] {logging_mixin.py:150} INFO - [2023-07-25T16:16:05.656+0000] {dagbag.py:541} INFO - Filling up the DagBag from /home/airflow/.local/lib/python3.9/site-packages/airflow/example_dags/tutorial_taskflow_api_virtualenv.py
[2023-07-25T16:16:05.669+0000] {processor.py:836} INFO - DAG(s) dict_keys(['tutorial_taskflow_api_virtualenv']) retrieved from /home/airflow/.local/lib/python3.9/site-packages/airflow/example_dags/tutorial_taskflow_api_virtualenv.py
[2023-07-25T16:16:05.812+0000] {logging_mixin.py:150} INFO - [2023-07-25T16:16:05.809+0000] {dag.py:2742} INFO - Sync 1 DAGs
[2023-07-25T16:16:05.876+0000] {logging_mixin.py:150} INFO - [2023-07-25T16:16:05.875+0000] {dag.py:3504} INFO - Setting next_dagrun for tutorial_taskflow_api_virtualenv to None, run_after=None
[2023-07-25T16:16:05.930+0000] {processor.py:179} INFO - Processing /home/airflow/.local/lib/python3.9/site-packages/airflow/example_dags/tutorial_taskflow_api_virtualenv.py took 0.299 seconds
[2023-07-25T16:16:37.130+0000] {processor.py:157} INFO - Started process (PID=1746) to work on /home/airflow/.local/lib/python3.9/site-packages/airflow/example_dags/tutorial_taskflow_api_virtualenv.py
[2023-07-25T16:16:37.146+0000] {processor.py:826} INFO - Processing file /home/airflow/.local/lib/python3.9/site-packages/airflow/example_dags/tutorial_taskflow_api_virtualenv.py for tasks to queue
[2023-07-25T16:16:37.148+0000] {logging_mixin.py:150} INFO - [2023-07-25T16:16:37.147+0000] {dagbag.py:541} INFO - Filling up the DagBag from /home/airflow/.local/lib/python3.9/site-packages/airflow/example_dags/tutorial_taskflow_api_virtualenv.py
[2023-07-25T16:16:37.181+0000] {processor.py:836} INFO - DAG(s) dict_keys(['tutorial_taskflow_api_virtualenv']) retrieved from /home/airflow/.local/lib/python3.9/site-packages/airflow/example_dags/tutorial_taskflow_api_virtualenv.py
[2023-07-25T16:16:37.305+0000] {logging_mixin.py:150} INFO - [2023-07-25T16:16:37.305+0000] {dag.py:2742} INFO - Sync 1 DAGs
[2023-07-25T16:16:37.430+0000] {logging_mixin.py:150} INFO - [2023-07-25T16:16:37.429+0000] {dag.py:3504} INFO - Setting next_dagrun for tutorial_taskflow_api_virtualenv to None, run_after=None
[2023-07-25T16:16:37.525+0000] {processor.py:179} INFO - Processing /home/airflow/.local/lib/python3.9/site-packages/airflow/example_dags/tutorial_taskflow_api_virtualenv.py took 0.400 seconds
[2023-07-25T16:17:07.671+0000] {processor.py:157} INFO - Started process (PID=1808) to work on /home/airflow/.local/lib/python3.9/site-packages/airflow/example_dags/tutorial_taskflow_api_virtualenv.py
[2023-07-25T16:17:07.686+0000] {processor.py:826} INFO - Processing file /home/airflow/.local/lib/python3.9/site-packages/airflow/example_dags/tutorial_taskflow_api_virtualenv.py for tasks to queue
[2023-07-25T16:17:07.687+0000] {logging_mixin.py:150} INFO - [2023-07-25T16:17:07.687+0000] {dagbag.py:541} INFO - Filling up the DagBag from /home/airflow/.local/lib/python3.9/site-packages/airflow/example_dags/tutorial_taskflow_api_virtualenv.py
[2023-07-25T16:17:07.736+0000] {processor.py:836} INFO - DAG(s) dict_keys(['tutorial_taskflow_api_virtualenv']) retrieved from /home/airflow/.local/lib/python3.9/site-packages/airflow/example_dags/tutorial_taskflow_api_virtualenv.py
[2023-07-25T16:17:07.816+0000] {logging_mixin.py:150} INFO - [2023-07-25T16:17:07.816+0000] {dag.py:2742} INFO - Sync 1 DAGs
[2023-07-25T16:17:07.916+0000] {logging_mixin.py:150} INFO - [2023-07-25T16:17:07.915+0000] {dag.py:3504} INFO - Setting next_dagrun for tutorial_taskflow_api_virtualenv to None, run_after=None
[2023-07-25T16:17:08.050+0000] {processor.py:179} INFO - Processing /home/airflow/.local/lib/python3.9/site-packages/airflow/example_dags/tutorial_taskflow_api_virtualenv.py took 0.384 seconds
[2023-07-25T16:17:39.398+0000] {processor.py:157} INFO - Started process (PID=1877) to work on /home/airflow/.local/lib/python3.9/site-packages/airflow/example_dags/tutorial_taskflow_api_virtualenv.py
[2023-07-25T16:17:39.435+0000] {processor.py:826} INFO - Processing file /home/airflow/.local/lib/python3.9/site-packages/airflow/example_dags/tutorial_taskflow_api_virtualenv.py for tasks to queue
[2023-07-25T16:17:39.436+0000] {logging_mixin.py:150} INFO - [2023-07-25T16:17:39.436+0000] {dagbag.py:541} INFO - Filling up the DagBag from /home/airflow/.local/lib/python3.9/site-packages/airflow/example_dags/tutorial_taskflow_api_virtualenv.py
[2023-07-25T16:17:39.497+0000] {processor.py:836} INFO - DAG(s) dict_keys(['tutorial_taskflow_api_virtualenv']) retrieved from /home/airflow/.local/lib/python3.9/site-packages/airflow/example_dags/tutorial_taskflow_api_virtualenv.py
[2023-07-25T16:17:39.605+0000] {logging_mixin.py:150} INFO - [2023-07-25T16:17:39.605+0000] {dag.py:2742} INFO - Sync 1 DAGs
[2023-07-25T16:17:39.740+0000] {logging_mixin.py:150} INFO - [2023-07-25T16:17:39.739+0000] {dag.py:3504} INFO - Setting next_dagrun for tutorial_taskflow_api_virtualenv to None, run_after=None
[2023-07-25T16:17:39.859+0000] {processor.py:179} INFO - Processing /home/airflow/.local/lib/python3.9/site-packages/airflow/example_dags/tutorial_taskflow_api_virtualenv.py took 0.487 seconds
[2023-07-25T16:18:10.124+0000] {processor.py:157} INFO - Started process (PID=1938) to work on /home/airflow/.local/lib/python3.9/site-packages/airflow/example_dags/tutorial_taskflow_api_virtualenv.py
[2023-07-25T16:18:10.217+0000] {processor.py:826} INFO - Processing file /home/airflow/.local/lib/python3.9/site-packages/airflow/example_dags/tutorial_taskflow_api_virtualenv.py for tasks to queue
[2023-07-25T16:18:10.219+0000] {logging_mixin.py:150} INFO - [2023-07-25T16:18:10.218+0000] {dagbag.py:541} INFO - Filling up the DagBag from /home/airflow/.local/lib/python3.9/site-packages/airflow/example_dags/tutorial_taskflow_api_virtualenv.py
[2023-07-25T16:18:10.269+0000] {processor.py:836} INFO - DAG(s) dict_keys(['tutorial_taskflow_api_virtualenv']) retrieved from /home/airflow/.local/lib/python3.9/site-packages/airflow/example_dags/tutorial_taskflow_api_virtualenv.py
[2023-07-25T16:18:10.450+0000] {logging_mixin.py:150} INFO - [2023-07-25T16:18:10.450+0000] {dag.py:2742} INFO - Sync 1 DAGs
[2023-07-25T16:18:10.730+0000] {logging_mixin.py:150} INFO - [2023-07-25T16:18:10.730+0000] {dag.py:3504} INFO - Setting next_dagrun for tutorial_taskflow_api_virtualenv to None, run_after=None
[2023-07-25T16:18:10.964+0000] {processor.py:179} INFO - Processing /home/airflow/.local/lib/python3.9/site-packages/airflow/example_dags/tutorial_taskflow_api_virtualenv.py took 0.845 seconds
[2023-07-25T16:18:41.206+0000] {processor.py:157} INFO - Started process (PID=1993) to work on /home/airflow/.local/lib/python3.9/site-packages/airflow/example_dags/tutorial_taskflow_api_virtualenv.py
[2023-07-25T16:18:41.208+0000] {processor.py:826} INFO - Processing file /home/airflow/.local/lib/python3.9/site-packages/airflow/example_dags/tutorial_taskflow_api_virtualenv.py for tasks to queue
[2023-07-25T16:18:41.209+0000] {logging_mixin.py:150} INFO - [2023-07-25T16:18:41.209+0000] {dagbag.py:541} INFO - Filling up the DagBag from /home/airflow/.local/lib/python3.9/site-packages/airflow/example_dags/tutorial_taskflow_api_virtualenv.py
[2023-07-25T16:18:41.232+0000] {processor.py:836} INFO - DAG(s) dict_keys(['tutorial_taskflow_api_virtualenv']) retrieved from /home/airflow/.local/lib/python3.9/site-packages/airflow/example_dags/tutorial_taskflow_api_virtualenv.py
[2023-07-25T16:18:41.325+0000] {logging_mixin.py:150} INFO - [2023-07-25T16:18:41.325+0000] {dag.py:2742} INFO - Sync 1 DAGs
[2023-07-25T16:18:41.477+0000] {logging_mixin.py:150} INFO - [2023-07-25T16:18:41.477+0000] {dag.py:3504} INFO - Setting next_dagrun for tutorial_taskflow_api_virtualenv to None, run_after=None
[2023-07-25T16:18:41.588+0000] {processor.py:179} INFO - Processing /home/airflow/.local/lib/python3.9/site-packages/airflow/example_dags/tutorial_taskflow_api_virtualenv.py took 0.407 seconds
[2023-07-25T16:19:12.434+0000] {processor.py:157} INFO - Started process (PID=2062) to work on /home/airflow/.local/lib/python3.9/site-packages/airflow/example_dags/tutorial_taskflow_api_virtualenv.py
[2023-07-25T16:19:12.462+0000] {processor.py:826} INFO - Processing file /home/airflow/.local/lib/python3.9/site-packages/airflow/example_dags/tutorial_taskflow_api_virtualenv.py for tasks to queue
[2023-07-25T16:19:12.476+0000] {logging_mixin.py:150} INFO - [2023-07-25T16:19:12.475+0000] {dagbag.py:541} INFO - Filling up the DagBag from /home/airflow/.local/lib/python3.9/site-packages/airflow/example_dags/tutorial_taskflow_api_virtualenv.py
[2023-07-25T16:19:12.529+0000] {processor.py:836} INFO - DAG(s) dict_keys(['tutorial_taskflow_api_virtualenv']) retrieved from /home/airflow/.local/lib/python3.9/site-packages/airflow/example_dags/tutorial_taskflow_api_virtualenv.py
[2023-07-25T16:19:12.625+0000] {logging_mixin.py:150} INFO - [2023-07-25T16:19:12.625+0000] {dag.py:2742} INFO - Sync 1 DAGs
[2023-07-25T16:19:12.726+0000] {logging_mixin.py:150} INFO - [2023-07-25T16:19:12.725+0000] {dag.py:3504} INFO - Setting next_dagrun for tutorial_taskflow_api_virtualenv to None, run_after=None
[2023-07-25T16:19:12.835+0000] {processor.py:179} INFO - Processing /home/airflow/.local/lib/python3.9/site-packages/airflow/example_dags/tutorial_taskflow_api_virtualenv.py took 0.406 seconds
[2023-07-25T16:19:42.981+0000] {processor.py:157} INFO - Started process (PID=2122) to work on /home/airflow/.local/lib/python3.9/site-packages/airflow/example_dags/tutorial_taskflow_api_virtualenv.py
[2023-07-25T16:19:42.995+0000] {processor.py:826} INFO - Processing file /home/airflow/.local/lib/python3.9/site-packages/airflow/example_dags/tutorial_taskflow_api_virtualenv.py for tasks to queue
[2023-07-25T16:19:42.996+0000] {logging_mixin.py:150} INFO - [2023-07-25T16:19:42.996+0000] {dagbag.py:541} INFO - Filling up the DagBag from /home/airflow/.local/lib/python3.9/site-packages/airflow/example_dags/tutorial_taskflow_api_virtualenv.py
[2023-07-25T16:19:43.029+0000] {processor.py:836} INFO - DAG(s) dict_keys(['tutorial_taskflow_api_virtualenv']) retrieved from /home/airflow/.local/lib/python3.9/site-packages/airflow/example_dags/tutorial_taskflow_api_virtualenv.py
[2023-07-25T16:19:43.115+0000] {logging_mixin.py:150} INFO - [2023-07-25T16:19:43.115+0000] {dag.py:2742} INFO - Sync 1 DAGs
[2023-07-25T16:19:43.216+0000] {logging_mixin.py:150} INFO - [2023-07-25T16:19:43.215+0000] {dag.py:3504} INFO - Setting next_dagrun for tutorial_taskflow_api_virtualenv to None, run_after=None
[2023-07-25T16:19:43.305+0000] {processor.py:179} INFO - Processing /home/airflow/.local/lib/python3.9/site-packages/airflow/example_dags/tutorial_taskflow_api_virtualenv.py took 0.329 seconds
[2023-07-25T16:20:14.424+0000] {processor.py:157} INFO - Started process (PID=2183) to work on /home/airflow/.local/lib/python3.9/site-packages/airflow/example_dags/tutorial_taskflow_api_virtualenv.py
[2023-07-25T16:20:14.436+0000] {processor.py:826} INFO - Processing file /home/airflow/.local/lib/python3.9/site-packages/airflow/example_dags/tutorial_taskflow_api_virtualenv.py for tasks to queue
[2023-07-25T16:20:14.438+0000] {logging_mixin.py:150} INFO - [2023-07-25T16:20:14.437+0000] {dagbag.py:541} INFO - Filling up the DagBag from /home/airflow/.local/lib/python3.9/site-packages/airflow/example_dags/tutorial_taskflow_api_virtualenv.py
[2023-07-25T16:20:14.452+0000] {processor.py:836} INFO - DAG(s) dict_keys(['tutorial_taskflow_api_virtualenv']) retrieved from /home/airflow/.local/lib/python3.9/site-packages/airflow/example_dags/tutorial_taskflow_api_virtualenv.py
[2023-07-25T16:20:14.515+0000] {logging_mixin.py:150} INFO - [2023-07-25T16:20:14.515+0000] {dag.py:2742} INFO - Sync 1 DAGs
[2023-07-25T16:20:14.566+0000] {logging_mixin.py:150} INFO - [2023-07-25T16:20:14.565+0000] {dag.py:3504} INFO - Setting next_dagrun for tutorial_taskflow_api_virtualenv to None, run_after=None
[2023-07-25T16:20:14.715+0000] {processor.py:179} INFO - Processing /home/airflow/.local/lib/python3.9/site-packages/airflow/example_dags/tutorial_taskflow_api_virtualenv.py took 0.306 seconds
[2023-07-25T16:20:44.942+0000] {processor.py:157} INFO - Started process (PID=2237) to work on /home/airflow/.local/lib/python3.9/site-packages/airflow/example_dags/tutorial_taskflow_api_virtualenv.py
[2023-07-25T16:20:44.945+0000] {processor.py:826} INFO - Processing file /home/airflow/.local/lib/python3.9/site-packages/airflow/example_dags/tutorial_taskflow_api_virtualenv.py for tasks to queue
[2023-07-25T16:20:44.946+0000] {logging_mixin.py:150} INFO - [2023-07-25T16:20:44.945+0000] {dagbag.py:541} INFO - Filling up the DagBag from /home/airflow/.local/lib/python3.9/site-packages/airflow/example_dags/tutorial_taskflow_api_virtualenv.py
[2023-07-25T16:20:44.962+0000] {processor.py:836} INFO - DAG(s) dict_keys(['tutorial_taskflow_api_virtualenv']) retrieved from /home/airflow/.local/lib/python3.9/site-packages/airflow/example_dags/tutorial_taskflow_api_virtualenv.py
[2023-07-25T16:20:45.085+0000] {logging_mixin.py:150} INFO - [2023-07-25T16:20:45.085+0000] {dag.py:2742} INFO - Sync 1 DAGs
[2023-07-25T16:20:45.207+0000] {logging_mixin.py:150} INFO - [2023-07-25T16:20:45.207+0000] {dag.py:3504} INFO - Setting next_dagrun for tutorial_taskflow_api_virtualenv to None, run_after=None
[2023-07-25T16:20:45.378+0000] {processor.py:179} INFO - Processing /home/airflow/.local/lib/python3.9/site-packages/airflow/example_dags/tutorial_taskflow_api_virtualenv.py took 0.459 seconds
[2023-07-25T16:21:15.525+0000] {processor.py:157} INFO - Started process (PID=2298) to work on /home/airflow/.local/lib/python3.9/site-packages/airflow/example_dags/tutorial_taskflow_api_virtualenv.py
[2023-07-25T16:21:15.534+0000] {processor.py:826} INFO - Processing file /home/airflow/.local/lib/python3.9/site-packages/airflow/example_dags/tutorial_taskflow_api_virtualenv.py for tasks to queue
[2023-07-25T16:21:15.535+0000] {logging_mixin.py:150} INFO - [2023-07-25T16:21:15.535+0000] {dagbag.py:541} INFO - Filling up the DagBag from /home/airflow/.local/lib/python3.9/site-packages/airflow/example_dags/tutorial_taskflow_api_virtualenv.py
[2023-07-25T16:21:15.571+0000] {processor.py:836} INFO - DAG(s) dict_keys(['tutorial_taskflow_api_virtualenv']) retrieved from /home/airflow/.local/lib/python3.9/site-packages/airflow/example_dags/tutorial_taskflow_api_virtualenv.py
[2023-07-25T16:21:15.655+0000] {logging_mixin.py:150} INFO - [2023-07-25T16:21:15.655+0000] {dag.py:2742} INFO - Sync 1 DAGs
[2023-07-25T16:21:15.735+0000] {logging_mixin.py:150} INFO - [2023-07-25T16:21:15.735+0000] {dag.py:3504} INFO - Setting next_dagrun for tutorial_taskflow_api_virtualenv to None, run_after=None
[2023-07-25T16:21:15.835+0000] {processor.py:179} INFO - Processing /home/airflow/.local/lib/python3.9/site-packages/airflow/example_dags/tutorial_taskflow_api_virtualenv.py took 0.335 seconds
[2023-07-25T16:21:46.053+0000] {processor.py:157} INFO - Started process (PID=2360) to work on /home/airflow/.local/lib/python3.9/site-packages/airflow/example_dags/tutorial_taskflow_api_virtualenv.py
[2023-07-25T16:21:46.075+0000] {processor.py:826} INFO - Processing file /home/airflow/.local/lib/python3.9/site-packages/airflow/example_dags/tutorial_taskflow_api_virtualenv.py for tasks to queue
[2023-07-25T16:21:46.076+0000] {logging_mixin.py:150} INFO - [2023-07-25T16:21:46.076+0000] {dagbag.py:541} INFO - Filling up the DagBag from /home/airflow/.local/lib/python3.9/site-packages/airflow/example_dags/tutorial_taskflow_api_virtualenv.py
[2023-07-25T16:21:46.146+0000] {processor.py:836} INFO - DAG(s) dict_keys(['tutorial_taskflow_api_virtualenv']) retrieved from /home/airflow/.local/lib/python3.9/site-packages/airflow/example_dags/tutorial_taskflow_api_virtualenv.py
[2023-07-25T16:21:46.316+0000] {logging_mixin.py:150} INFO - [2023-07-25T16:21:46.316+0000] {dag.py:2742} INFO - Sync 1 DAGs
[2023-07-25T16:21:46.405+0000] {logging_mixin.py:150} INFO - [2023-07-25T16:21:46.405+0000] {dag.py:3504} INFO - Setting next_dagrun for tutorial_taskflow_api_virtualenv to None, run_after=None
[2023-07-25T16:21:46.535+0000] {processor.py:179} INFO - Processing /home/airflow/.local/lib/python3.9/site-packages/airflow/example_dags/tutorial_taskflow_api_virtualenv.py took 0.487 seconds
[2023-07-25T16:22:16.660+0000] {processor.py:157} INFO - Started process (PID=2423) to work on /home/airflow/.local/lib/python3.9/site-packages/airflow/example_dags/tutorial_taskflow_api_virtualenv.py
[2023-07-25T16:22:16.675+0000] {processor.py:826} INFO - Processing file /home/airflow/.local/lib/python3.9/site-packages/airflow/example_dags/tutorial_taskflow_api_virtualenv.py for tasks to queue
[2023-07-25T16:22:16.676+0000] {logging_mixin.py:150} INFO - [2023-07-25T16:22:16.676+0000] {dagbag.py:541} INFO - Filling up the DagBag from /home/airflow/.local/lib/python3.9/site-packages/airflow/example_dags/tutorial_taskflow_api_virtualenv.py
[2023-07-25T16:22:16.696+0000] {processor.py:836} INFO - DAG(s) dict_keys(['tutorial_taskflow_api_virtualenv']) retrieved from /home/airflow/.local/lib/python3.9/site-packages/airflow/example_dags/tutorial_taskflow_api_virtualenv.py
[2023-07-25T16:22:16.796+0000] {logging_mixin.py:150} INFO - [2023-07-25T16:22:16.795+0000] {dag.py:2742} INFO - Sync 1 DAGs
[2023-07-25T16:22:16.876+0000] {logging_mixin.py:150} INFO - [2023-07-25T16:22:16.876+0000] {dag.py:3504} INFO - Setting next_dagrun for tutorial_taskflow_api_virtualenv to None, run_after=None
[2023-07-25T16:22:16.915+0000] {processor.py:179} INFO - Processing /home/airflow/.local/lib/python3.9/site-packages/airflow/example_dags/tutorial_taskflow_api_virtualenv.py took 0.259 seconds
[2023-07-25T16:22:48.169+0000] {processor.py:157} INFO - Started process (PID=2486) to work on /home/airflow/.local/lib/python3.9/site-packages/airflow/example_dags/tutorial_taskflow_api_virtualenv.py
[2023-07-25T16:22:48.195+0000] {processor.py:826} INFO - Processing file /home/airflow/.local/lib/python3.9/site-packages/airflow/example_dags/tutorial_taskflow_api_virtualenv.py for tasks to queue
[2023-07-25T16:22:48.196+0000] {logging_mixin.py:150} INFO - [2023-07-25T16:22:48.196+0000] {dagbag.py:541} INFO - Filling up the DagBag from /home/airflow/.local/lib/python3.9/site-packages/airflow/example_dags/tutorial_taskflow_api_virtualenv.py
[2023-07-25T16:22:48.237+0000] {processor.py:836} INFO - DAG(s) dict_keys(['tutorial_taskflow_api_virtualenv']) retrieved from /home/airflow/.local/lib/python3.9/site-packages/airflow/example_dags/tutorial_taskflow_api_virtualenv.py
[2023-07-25T16:22:48.344+0000] {logging_mixin.py:150} INFO - [2023-07-25T16:22:48.344+0000] {dag.py:2742} INFO - Sync 1 DAGs
[2023-07-25T16:22:48.466+0000] {logging_mixin.py:150} INFO - [2023-07-25T16:22:48.465+0000] {dag.py:3504} INFO - Setting next_dagrun for tutorial_taskflow_api_virtualenv to None, run_after=None
[2023-07-25T16:22:48.584+0000] {processor.py:179} INFO - Processing /home/airflow/.local/lib/python3.9/site-packages/airflow/example_dags/tutorial_taskflow_api_virtualenv.py took 0.440 seconds
[2023-07-25T16:23:19.272+0000] {processor.py:157} INFO - Started process (PID=2548) to work on /home/airflow/.local/lib/python3.9/site-packages/airflow/example_dags/tutorial_taskflow_api_virtualenv.py
[2023-07-25T16:23:19.275+0000] {processor.py:826} INFO - Processing file /home/airflow/.local/lib/python3.9/site-packages/airflow/example_dags/tutorial_taskflow_api_virtualenv.py for tasks to queue
[2023-07-25T16:23:19.276+0000] {logging_mixin.py:150} INFO - [2023-07-25T16:23:19.275+0000] {dagbag.py:541} INFO - Filling up the DagBag from /home/airflow/.local/lib/python3.9/site-packages/airflow/example_dags/tutorial_taskflow_api_virtualenv.py
[2023-07-25T16:23:19.296+0000] {processor.py:836} INFO - DAG(s) dict_keys(['tutorial_taskflow_api_virtualenv']) retrieved from /home/airflow/.local/lib/python3.9/site-packages/airflow/example_dags/tutorial_taskflow_api_virtualenv.py
[2023-07-25T16:23:19.348+0000] {logging_mixin.py:150} INFO - [2023-07-25T16:23:19.348+0000] {dag.py:2742} INFO - Sync 1 DAGs
[2023-07-25T16:23:19.376+0000] {logging_mixin.py:150} INFO - [2023-07-25T16:23:19.376+0000] {dag.py:3504} INFO - Setting next_dagrun for tutorial_taskflow_api_virtualenv to None, run_after=None
[2023-07-25T16:23:19.399+0000] {processor.py:179} INFO - Processing /home/airflow/.local/lib/python3.9/site-packages/airflow/example_dags/tutorial_taskflow_api_virtualenv.py took 0.138 seconds
[2023-07-25T16:23:50.183+0000] {processor.py:157} INFO - Started process (PID=2610) to work on /home/airflow/.local/lib/python3.9/site-packages/airflow/example_dags/tutorial_taskflow_api_virtualenv.py
[2023-07-25T16:23:50.188+0000] {processor.py:826} INFO - Processing file /home/airflow/.local/lib/python3.9/site-packages/airflow/example_dags/tutorial_taskflow_api_virtualenv.py for tasks to queue
[2023-07-25T16:23:50.189+0000] {logging_mixin.py:150} INFO - [2023-07-25T16:23:50.188+0000] {dagbag.py:541} INFO - Filling up the DagBag from /home/airflow/.local/lib/python3.9/site-packages/airflow/example_dags/tutorial_taskflow_api_virtualenv.py
[2023-07-25T16:23:50.213+0000] {processor.py:836} INFO - DAG(s) dict_keys(['tutorial_taskflow_api_virtualenv']) retrieved from /home/airflow/.local/lib/python3.9/site-packages/airflow/example_dags/tutorial_taskflow_api_virtualenv.py
[2023-07-25T16:23:50.297+0000] {logging_mixin.py:150} INFO - [2023-07-25T16:23:50.297+0000] {dag.py:2742} INFO - Sync 1 DAGs
[2023-07-25T16:23:50.326+0000] {logging_mixin.py:150} INFO - [2023-07-25T16:23:50.325+0000] {dag.py:3504} INFO - Setting next_dagrun for tutorial_taskflow_api_virtualenv to None, run_after=None
[2023-07-25T16:23:50.364+0000] {processor.py:179} INFO - Processing /home/airflow/.local/lib/python3.9/site-packages/airflow/example_dags/tutorial_taskflow_api_virtualenv.py took 0.185 seconds
[2023-07-25T16:24:20.913+0000] {processor.py:157} INFO - Started process (PID=2672) to work on /home/airflow/.local/lib/python3.9/site-packages/airflow/example_dags/tutorial_taskflow_api_virtualenv.py
[2023-07-25T16:24:20.925+0000] {processor.py:826} INFO - Processing file /home/airflow/.local/lib/python3.9/site-packages/airflow/example_dags/tutorial_taskflow_api_virtualenv.py for tasks to queue
[2023-07-25T16:24:20.926+0000] {logging_mixin.py:150} INFO - [2023-07-25T16:24:20.926+0000] {dagbag.py:541} INFO - Filling up the DagBag from /home/airflow/.local/lib/python3.9/site-packages/airflow/example_dags/tutorial_taskflow_api_virtualenv.py
[2023-07-25T16:24:20.948+0000] {processor.py:836} INFO - DAG(s) dict_keys(['tutorial_taskflow_api_virtualenv']) retrieved from /home/airflow/.local/lib/python3.9/site-packages/airflow/example_dags/tutorial_taskflow_api_virtualenv.py
[2023-07-25T16:24:21.032+0000] {logging_mixin.py:150} INFO - [2023-07-25T16:24:21.032+0000] {dag.py:2742} INFO - Sync 1 DAGs
[2023-07-25T16:24:21.115+0000] {logging_mixin.py:150} INFO - [2023-07-25T16:24:21.115+0000] {dag.py:3504} INFO - Setting next_dagrun for tutorial_taskflow_api_virtualenv to None, run_after=None
[2023-07-25T16:24:21.172+0000] {processor.py:179} INFO - Processing /home/airflow/.local/lib/python3.9/site-packages/airflow/example_dags/tutorial_taskflow_api_virtualenv.py took 0.264 seconds
