[2023-07-25T16:02:31.911+0000] {processor.py:157} INFO - Started process (PID=85) to work on /home/airflow/.local/lib/python3.9/site-packages/airflow/example_dags/tutorial_taskflow_api.py
[2023-07-25T16:02:31.912+0000] {processor.py:826} INFO - Processing file /home/airflow/.local/lib/python3.9/site-packages/airflow/example_dags/tutorial_taskflow_api.py for tasks to queue
[2023-07-25T16:02:31.913+0000] {logging_mixin.py:150} INFO - [2023-07-25T16:02:31.913+0000] {dagbag.py:541} INFO - Filling up the DagBag from /home/airflow/.local/lib/python3.9/site-packages/airflow/example_dags/tutorial_taskflow_api.py
[2023-07-25T16:02:31.924+0000] {processor.py:836} INFO - DAG(s) dict_keys(['tutorial_taskflow_api']) retrieved from /home/airflow/.local/lib/python3.9/site-packages/airflow/example_dags/tutorial_taskflow_api.py
[2023-07-25T16:02:32.171+0000] {logging_mixin.py:150} INFO - [2023-07-25T16:02:32.171+0000] {dag.py:2742} INFO - Sync 1 DAGs
[2023-07-25T16:02:32.197+0000] {logging_mixin.py:150} INFO - [2023-07-25T16:02:32.197+0000] {dag.py:3504} INFO - Setting next_dagrun for tutorial_taskflow_api to None, run_after=None
[2023-07-25T16:02:32.250+0000] {processor.py:179} INFO - Processing /home/airflow/.local/lib/python3.9/site-packages/airflow/example_dags/tutorial_taskflow_api.py took 0.344 seconds
[2023-07-25T16:03:02.523+0000] {processor.py:157} INFO - Started process (PID=146) to work on /home/airflow/.local/lib/python3.9/site-packages/airflow/example_dags/tutorial_taskflow_api.py
[2023-07-25T16:03:02.535+0000] {processor.py:826} INFO - Processing file /home/airflow/.local/lib/python3.9/site-packages/airflow/example_dags/tutorial_taskflow_api.py for tasks to queue
[2023-07-25T16:03:02.536+0000] {logging_mixin.py:150} INFO - [2023-07-25T16:03:02.536+0000] {dagbag.py:541} INFO - Filling up the DagBag from /home/airflow/.local/lib/python3.9/site-packages/airflow/example_dags/tutorial_taskflow_api.py
[2023-07-25T16:03:02.547+0000] {processor.py:836} INFO - DAG(s) dict_keys(['tutorial_taskflow_api']) retrieved from /home/airflow/.local/lib/python3.9/site-packages/airflow/example_dags/tutorial_taskflow_api.py
[2023-07-25T16:03:02.596+0000] {logging_mixin.py:150} INFO - [2023-07-25T16:03:02.595+0000] {dag.py:2742} INFO - Sync 1 DAGs
[2023-07-25T16:03:02.626+0000] {logging_mixin.py:150} INFO - [2023-07-25T16:03:02.625+0000] {dag.py:3504} INFO - Setting next_dagrun for tutorial_taskflow_api to None, run_after=None
[2023-07-25T16:03:02.663+0000] {processor.py:179} INFO - Processing /home/airflow/.local/lib/python3.9/site-packages/airflow/example_dags/tutorial_taskflow_api.py took 0.152 seconds
[2023-07-25T16:03:32.974+0000] {processor.py:157} INFO - Started process (PID=207) to work on /home/airflow/.local/lib/python3.9/site-packages/airflow/example_dags/tutorial_taskflow_api.py
[2023-07-25T16:03:32.995+0000] {processor.py:826} INFO - Processing file /home/airflow/.local/lib/python3.9/site-packages/airflow/example_dags/tutorial_taskflow_api.py for tasks to queue
[2023-07-25T16:03:32.996+0000] {logging_mixin.py:150} INFO - [2023-07-25T16:03:32.995+0000] {dagbag.py:541} INFO - Filling up the DagBag from /home/airflow/.local/lib/python3.9/site-packages/airflow/example_dags/tutorial_taskflow_api.py
[2023-07-25T16:03:33.005+0000] {processor.py:836} INFO - DAG(s) dict_keys(['tutorial_taskflow_api']) retrieved from /home/airflow/.local/lib/python3.9/site-packages/airflow/example_dags/tutorial_taskflow_api.py
[2023-07-25T16:03:33.079+0000] {logging_mixin.py:150} INFO - [2023-07-25T16:03:33.078+0000] {dag.py:2742} INFO - Sync 1 DAGs
[2023-07-25T16:03:33.151+0000] {logging_mixin.py:150} INFO - [2023-07-25T16:03:33.151+0000] {dag.py:3504} INFO - Setting next_dagrun for tutorial_taskflow_api to None, run_after=None
[2023-07-25T16:03:33.224+0000] {processor.py:179} INFO - Processing /home/airflow/.local/lib/python3.9/site-packages/airflow/example_dags/tutorial_taskflow_api.py took 0.254 seconds
[2023-07-25T16:04:04.354+0000] {processor.py:157} INFO - Started process (PID=270) to work on /home/airflow/.local/lib/python3.9/site-packages/airflow/example_dags/tutorial_taskflow_api.py
[2023-07-25T16:04:04.377+0000] {processor.py:826} INFO - Processing file /home/airflow/.local/lib/python3.9/site-packages/airflow/example_dags/tutorial_taskflow_api.py for tasks to queue
[2023-07-25T16:04:04.378+0000] {logging_mixin.py:150} INFO - [2023-07-25T16:04:04.377+0000] {dagbag.py:541} INFO - Filling up the DagBag from /home/airflow/.local/lib/python3.9/site-packages/airflow/example_dags/tutorial_taskflow_api.py
[2023-07-25T16:04:04.418+0000] {processor.py:836} INFO - DAG(s) dict_keys(['tutorial_taskflow_api']) retrieved from /home/airflow/.local/lib/python3.9/site-packages/airflow/example_dags/tutorial_taskflow_api.py
[2023-07-25T16:04:04.566+0000] {logging_mixin.py:150} INFO - [2023-07-25T16:04:04.566+0000] {dag.py:2742} INFO - Sync 1 DAGs
[2023-07-25T16:04:04.701+0000] {logging_mixin.py:150} INFO - [2023-07-25T16:04:04.700+0000] {dag.py:3504} INFO - Setting next_dagrun for tutorial_taskflow_api to None, run_after=None
[2023-07-25T16:04:04.850+0000] {processor.py:179} INFO - Processing /home/airflow/.local/lib/python3.9/site-packages/airflow/example_dags/tutorial_taskflow_api.py took 0.501 seconds
[2023-07-25T16:04:35.167+0000] {processor.py:157} INFO - Started process (PID=332) to work on /home/airflow/.local/lib/python3.9/site-packages/airflow/example_dags/tutorial_taskflow_api.py
[2023-07-25T16:04:35.174+0000] {processor.py:826} INFO - Processing file /home/airflow/.local/lib/python3.9/site-packages/airflow/example_dags/tutorial_taskflow_api.py for tasks to queue
[2023-07-25T16:04:35.175+0000] {logging_mixin.py:150} INFO - [2023-07-25T16:04:35.175+0000] {dagbag.py:541} INFO - Filling up the DagBag from /home/airflow/.local/lib/python3.9/site-packages/airflow/example_dags/tutorial_taskflow_api.py
[2023-07-25T16:04:35.196+0000] {processor.py:836} INFO - DAG(s) dict_keys(['tutorial_taskflow_api']) retrieved from /home/airflow/.local/lib/python3.9/site-packages/airflow/example_dags/tutorial_taskflow_api.py
[2023-07-25T16:04:35.252+0000] {logging_mixin.py:150} INFO - [2023-07-25T16:04:35.251+0000] {dag.py:2742} INFO - Sync 1 DAGs
[2023-07-25T16:04:35.303+0000] {logging_mixin.py:150} INFO - [2023-07-25T16:04:35.302+0000] {dag.py:3504} INFO - Setting next_dagrun for tutorial_taskflow_api to None, run_after=None
[2023-07-25T16:04:35.337+0000] {processor.py:179} INFO - Processing /home/airflow/.local/lib/python3.9/site-packages/airflow/example_dags/tutorial_taskflow_api.py took 0.175 seconds
[2023-07-25T16:05:06.093+0000] {processor.py:157} INFO - Started process (PID=393) to work on /home/airflow/.local/lib/python3.9/site-packages/airflow/example_dags/tutorial_taskflow_api.py
[2023-07-25T16:05:06.101+0000] {processor.py:826} INFO - Processing file /home/airflow/.local/lib/python3.9/site-packages/airflow/example_dags/tutorial_taskflow_api.py for tasks to queue
[2023-07-25T16:05:06.102+0000] {logging_mixin.py:150} INFO - [2023-07-25T16:05:06.102+0000] {dagbag.py:541} INFO - Filling up the DagBag from /home/airflow/.local/lib/python3.9/site-packages/airflow/example_dags/tutorial_taskflow_api.py
[2023-07-25T16:05:06.111+0000] {processor.py:836} INFO - DAG(s) dict_keys(['tutorial_taskflow_api']) retrieved from /home/airflow/.local/lib/python3.9/site-packages/airflow/example_dags/tutorial_taskflow_api.py
[2023-07-25T16:05:06.170+0000] {logging_mixin.py:150} INFO - [2023-07-25T16:05:06.169+0000] {dag.py:2742} INFO - Sync 1 DAGs
[2023-07-25T16:05:06.199+0000] {logging_mixin.py:150} INFO - [2023-07-25T16:05:06.199+0000] {dag.py:3504} INFO - Setting next_dagrun for tutorial_taskflow_api to None, run_after=None
[2023-07-25T16:05:06.221+0000] {processor.py:179} INFO - Processing /home/airflow/.local/lib/python3.9/site-packages/airflow/example_dags/tutorial_taskflow_api.py took 0.139 seconds
[2023-07-25T16:05:36.325+0000] {processor.py:157} INFO - Started process (PID=455) to work on /home/airflow/.local/lib/python3.9/site-packages/airflow/example_dags/tutorial_taskflow_api.py
[2023-07-25T16:05:36.327+0000] {processor.py:826} INFO - Processing file /home/airflow/.local/lib/python3.9/site-packages/airflow/example_dags/tutorial_taskflow_api.py for tasks to queue
[2023-07-25T16:05:36.328+0000] {logging_mixin.py:150} INFO - [2023-07-25T16:05:36.328+0000] {dagbag.py:541} INFO - Filling up the DagBag from /home/airflow/.local/lib/python3.9/site-packages/airflow/example_dags/tutorial_taskflow_api.py
[2023-07-25T16:05:36.337+0000] {processor.py:836} INFO - DAG(s) dict_keys(['tutorial_taskflow_api']) retrieved from /home/airflow/.local/lib/python3.9/site-packages/airflow/example_dags/tutorial_taskflow_api.py
[2023-07-25T16:05:36.365+0000] {logging_mixin.py:150} INFO - [2023-07-25T16:05:36.364+0000] {dag.py:2742} INFO - Sync 1 DAGs
[2023-07-25T16:05:36.393+0000] {logging_mixin.py:150} INFO - [2023-07-25T16:05:36.393+0000] {dag.py:3504} INFO - Setting next_dagrun for tutorial_taskflow_api to None, run_after=None
[2023-07-25T16:05:36.429+0000] {processor.py:179} INFO - Processing /home/airflow/.local/lib/python3.9/site-packages/airflow/example_dags/tutorial_taskflow_api.py took 0.109 seconds
[2023-07-25T16:06:07.430+0000] {processor.py:157} INFO - Started process (PID=516) to work on /home/airflow/.local/lib/python3.9/site-packages/airflow/example_dags/tutorial_taskflow_api.py
[2023-07-25T16:06:07.435+0000] {processor.py:826} INFO - Processing file /home/airflow/.local/lib/python3.9/site-packages/airflow/example_dags/tutorial_taskflow_api.py for tasks to queue
[2023-07-25T16:06:07.436+0000] {logging_mixin.py:150} INFO - [2023-07-25T16:06:07.435+0000] {dagbag.py:541} INFO - Filling up the DagBag from /home/airflow/.local/lib/python3.9/site-packages/airflow/example_dags/tutorial_taskflow_api.py
[2023-07-25T16:06:07.452+0000] {processor.py:836} INFO - DAG(s) dict_keys(['tutorial_taskflow_api']) retrieved from /home/airflow/.local/lib/python3.9/site-packages/airflow/example_dags/tutorial_taskflow_api.py
[2023-07-25T16:06:07.527+0000] {logging_mixin.py:150} INFO - [2023-07-25T16:06:07.526+0000] {dag.py:2742} INFO - Sync 1 DAGs
[2023-07-25T16:06:07.555+0000] {logging_mixin.py:150} INFO - [2023-07-25T16:06:07.555+0000] {dag.py:3504} INFO - Setting next_dagrun for tutorial_taskflow_api to None, run_after=None
[2023-07-25T16:06:07.579+0000] {processor.py:179} INFO - Processing /home/airflow/.local/lib/python3.9/site-packages/airflow/example_dags/tutorial_taskflow_api.py took 0.154 seconds
[2023-07-25T16:06:37.979+0000] {processor.py:157} INFO - Started process (PID=577) to work on /home/airflow/.local/lib/python3.9/site-packages/airflow/example_dags/tutorial_taskflow_api.py
[2023-07-25T16:06:37.986+0000] {processor.py:826} INFO - Processing file /home/airflow/.local/lib/python3.9/site-packages/airflow/example_dags/tutorial_taskflow_api.py for tasks to queue
[2023-07-25T16:06:37.987+0000] {logging_mixin.py:150} INFO - [2023-07-25T16:06:37.987+0000] {dagbag.py:541} INFO - Filling up the DagBag from /home/airflow/.local/lib/python3.9/site-packages/airflow/example_dags/tutorial_taskflow_api.py
[2023-07-25T16:06:38.018+0000] {processor.py:836} INFO - DAG(s) dict_keys(['tutorial_taskflow_api']) retrieved from /home/airflow/.local/lib/python3.9/site-packages/airflow/example_dags/tutorial_taskflow_api.py
[2023-07-25T16:06:38.097+0000] {logging_mixin.py:150} INFO - [2023-07-25T16:06:38.097+0000] {dag.py:2742} INFO - Sync 1 DAGs
[2023-07-25T16:06:38.195+0000] {logging_mixin.py:150} INFO - [2023-07-25T16:06:38.195+0000] {dag.py:3504} INFO - Setting next_dagrun for tutorial_taskflow_api to None, run_after=None
[2023-07-25T16:06:38.270+0000] {processor.py:179} INFO - Processing /home/airflow/.local/lib/python3.9/site-packages/airflow/example_dags/tutorial_taskflow_api.py took 0.306 seconds
[2023-07-25T16:07:08.966+0000] {processor.py:157} INFO - Started process (PID=639) to work on /home/airflow/.local/lib/python3.9/site-packages/airflow/example_dags/tutorial_taskflow_api.py
[2023-07-25T16:07:08.979+0000] {processor.py:826} INFO - Processing file /home/airflow/.local/lib/python3.9/site-packages/airflow/example_dags/tutorial_taskflow_api.py for tasks to queue
[2023-07-25T16:07:08.980+0000] {logging_mixin.py:150} INFO - [2023-07-25T16:07:08.980+0000] {dagbag.py:541} INFO - Filling up the DagBag from /home/airflow/.local/lib/python3.9/site-packages/airflow/example_dags/tutorial_taskflow_api.py
[2023-07-25T16:07:08.990+0000] {processor.py:836} INFO - DAG(s) dict_keys(['tutorial_taskflow_api']) retrieved from /home/airflow/.local/lib/python3.9/site-packages/airflow/example_dags/tutorial_taskflow_api.py
[2023-07-25T16:07:09.025+0000] {logging_mixin.py:150} INFO - [2023-07-25T16:07:09.025+0000] {dag.py:2742} INFO - Sync 1 DAGs
[2023-07-25T16:07:09.085+0000] {logging_mixin.py:150} INFO - [2023-07-25T16:07:09.085+0000] {dag.py:3504} INFO - Setting next_dagrun for tutorial_taskflow_api to None, run_after=None
[2023-07-25T16:07:09.146+0000] {processor.py:179} INFO - Processing /home/airflow/.local/lib/python3.9/site-packages/airflow/example_dags/tutorial_taskflow_api.py took 0.199 seconds
[2023-07-25T16:07:40.693+0000] {processor.py:157} INFO - Started process (PID=707) to work on /home/airflow/.local/lib/python3.9/site-packages/airflow/example_dags/tutorial_taskflow_api.py
[2023-07-25T16:07:40.709+0000] {processor.py:826} INFO - Processing file /home/airflow/.local/lib/python3.9/site-packages/airflow/example_dags/tutorial_taskflow_api.py for tasks to queue
[2023-07-25T16:07:40.710+0000] {logging_mixin.py:150} INFO - [2023-07-25T16:07:40.710+0000] {dagbag.py:541} INFO - Filling up the DagBag from /home/airflow/.local/lib/python3.9/site-packages/airflow/example_dags/tutorial_taskflow_api.py
[2023-07-25T16:07:40.744+0000] {processor.py:836} INFO - DAG(s) dict_keys(['tutorial_taskflow_api']) retrieved from /home/airflow/.local/lib/python3.9/site-packages/airflow/example_dags/tutorial_taskflow_api.py
[2023-07-25T16:07:40.805+0000] {logging_mixin.py:150} INFO - [2023-07-25T16:07:40.805+0000] {dag.py:2742} INFO - Sync 1 DAGs
[2023-07-25T16:07:40.946+0000] {logging_mixin.py:150} INFO - [2023-07-25T16:07:40.945+0000] {dag.py:3504} INFO - Setting next_dagrun for tutorial_taskflow_api to None, run_after=None
[2023-07-25T16:07:41.045+0000] {processor.py:179} INFO - Processing /home/airflow/.local/lib/python3.9/site-packages/airflow/example_dags/tutorial_taskflow_api.py took 0.356 seconds
[2023-07-25T16:08:11.492+0000] {processor.py:157} INFO - Started process (PID=768) to work on /home/airflow/.local/lib/python3.9/site-packages/airflow/example_dags/tutorial_taskflow_api.py
[2023-07-25T16:08:11.495+0000] {processor.py:826} INFO - Processing file /home/airflow/.local/lib/python3.9/site-packages/airflow/example_dags/tutorial_taskflow_api.py for tasks to queue
[2023-07-25T16:08:11.496+0000] {logging_mixin.py:150} INFO - [2023-07-25T16:08:11.496+0000] {dagbag.py:541} INFO - Filling up the DagBag from /home/airflow/.local/lib/python3.9/site-packages/airflow/example_dags/tutorial_taskflow_api.py
[2023-07-25T16:08:11.526+0000] {processor.py:836} INFO - DAG(s) dict_keys(['tutorial_taskflow_api']) retrieved from /home/airflow/.local/lib/python3.9/site-packages/airflow/example_dags/tutorial_taskflow_api.py
[2023-07-25T16:08:11.602+0000] {logging_mixin.py:150} INFO - [2023-07-25T16:08:11.601+0000] {dag.py:2742} INFO - Sync 1 DAGs
[2023-07-25T16:08:11.665+0000] {logging_mixin.py:150} INFO - [2023-07-25T16:08:11.665+0000] {dag.py:3504} INFO - Setting next_dagrun for tutorial_taskflow_api to None, run_after=None
[2023-07-25T16:08:11.744+0000] {processor.py:179} INFO - Processing /home/airflow/.local/lib/python3.9/site-packages/airflow/example_dags/tutorial_taskflow_api.py took 0.261 seconds
[2023-07-25T16:08:45.473+0000] {processor.py:157} INFO - Started process (PID=830) to work on /home/airflow/.local/lib/python3.9/site-packages/airflow/example_dags/tutorial_taskflow_api.py
[2023-07-25T16:08:45.515+0000] {processor.py:826} INFO - Processing file /home/airflow/.local/lib/python3.9/site-packages/airflow/example_dags/tutorial_taskflow_api.py for tasks to queue
[2023-07-25T16:08:45.516+0000] {logging_mixin.py:150} INFO - [2023-07-25T16:08:45.516+0000] {dagbag.py:541} INFO - Filling up the DagBag from /home/airflow/.local/lib/python3.9/site-packages/airflow/example_dags/tutorial_taskflow_api.py
[2023-07-25T16:08:45.576+0000] {processor.py:836} INFO - DAG(s) dict_keys(['tutorial_taskflow_api']) retrieved from /home/airflow/.local/lib/python3.9/site-packages/airflow/example_dags/tutorial_taskflow_api.py
[2023-07-25T16:08:45.760+0000] {logging_mixin.py:150} INFO - [2023-07-25T16:08:45.755+0000] {dag.py:2742} INFO - Sync 1 DAGs
[2023-07-25T16:08:45.969+0000] {logging_mixin.py:150} INFO - [2023-07-25T16:08:45.969+0000] {dag.py:3504} INFO - Setting next_dagrun for tutorial_taskflow_api to None, run_after=None
[2023-07-25T16:08:46.226+0000] {processor.py:179} INFO - Processing /home/airflow/.local/lib/python3.9/site-packages/airflow/example_dags/tutorial_taskflow_api.py took 0.758 seconds
[2023-07-25T16:09:17.052+0000] {processor.py:157} INFO - Started process (PID=885) to work on /home/airflow/.local/lib/python3.9/site-packages/airflow/example_dags/tutorial_taskflow_api.py
[2023-07-25T16:09:17.065+0000] {processor.py:826} INFO - Processing file /home/airflow/.local/lib/python3.9/site-packages/airflow/example_dags/tutorial_taskflow_api.py for tasks to queue
[2023-07-25T16:09:17.066+0000] {logging_mixin.py:150} INFO - [2023-07-25T16:09:17.066+0000] {dagbag.py:541} INFO - Filling up the DagBag from /home/airflow/.local/lib/python3.9/site-packages/airflow/example_dags/tutorial_taskflow_api.py
[2023-07-25T16:09:17.086+0000] {processor.py:836} INFO - DAG(s) dict_keys(['tutorial_taskflow_api']) retrieved from /home/airflow/.local/lib/python3.9/site-packages/airflow/example_dags/tutorial_taskflow_api.py
[2023-07-25T16:09:17.127+0000] {logging_mixin.py:150} INFO - [2023-07-25T16:09:17.127+0000] {dag.py:2742} INFO - Sync 1 DAGs
[2023-07-25T16:09:17.154+0000] {logging_mixin.py:150} INFO - [2023-07-25T16:09:17.154+0000] {dag.py:3504} INFO - Setting next_dagrun for tutorial_taskflow_api to None, run_after=None
[2023-07-25T16:09:17.231+0000] {processor.py:179} INFO - Processing /home/airflow/.local/lib/python3.9/site-packages/airflow/example_dags/tutorial_taskflow_api.py took 0.189 seconds
[2023-07-25T16:09:47.272+0000] {processor.py:157} INFO - Started process (PID=946) to work on /home/airflow/.local/lib/python3.9/site-packages/airflow/example_dags/tutorial_taskflow_api.py
[2023-07-25T16:09:47.282+0000] {processor.py:826} INFO - Processing file /home/airflow/.local/lib/python3.9/site-packages/airflow/example_dags/tutorial_taskflow_api.py for tasks to queue
[2023-07-25T16:09:47.283+0000] {logging_mixin.py:150} INFO - [2023-07-25T16:09:47.283+0000] {dagbag.py:541} INFO - Filling up the DagBag from /home/airflow/.local/lib/python3.9/site-packages/airflow/example_dags/tutorial_taskflow_api.py
[2023-07-25T16:09:47.301+0000] {processor.py:836} INFO - DAG(s) dict_keys(['tutorial_taskflow_api']) retrieved from /home/airflow/.local/lib/python3.9/site-packages/airflow/example_dags/tutorial_taskflow_api.py
[2023-07-25T16:09:47.328+0000] {logging_mixin.py:150} INFO - [2023-07-25T16:09:47.328+0000] {dag.py:2742} INFO - Sync 1 DAGs
[2023-07-25T16:09:47.357+0000] {logging_mixin.py:150} INFO - [2023-07-25T16:09:47.357+0000] {dag.py:3504} INFO - Setting next_dagrun for tutorial_taskflow_api to None, run_after=None
[2023-07-25T16:09:47.386+0000] {processor.py:179} INFO - Processing /home/airflow/.local/lib/python3.9/site-packages/airflow/example_dags/tutorial_taskflow_api.py took 0.119 seconds
[2023-07-25T16:10:17.493+0000] {processor.py:157} INFO - Started process (PID=1007) to work on /home/airflow/.local/lib/python3.9/site-packages/airflow/example_dags/tutorial_taskflow_api.py
[2023-07-25T16:10:17.495+0000] {processor.py:826} INFO - Processing file /home/airflow/.local/lib/python3.9/site-packages/airflow/example_dags/tutorial_taskflow_api.py for tasks to queue
[2023-07-25T16:10:17.496+0000] {logging_mixin.py:150} INFO - [2023-07-25T16:10:17.496+0000] {dagbag.py:541} INFO - Filling up the DagBag from /home/airflow/.local/lib/python3.9/site-packages/airflow/example_dags/tutorial_taskflow_api.py
[2023-07-25T16:10:17.506+0000] {processor.py:836} INFO - DAG(s) dict_keys(['tutorial_taskflow_api']) retrieved from /home/airflow/.local/lib/python3.9/site-packages/airflow/example_dags/tutorial_taskflow_api.py
[2023-07-25T16:10:17.577+0000] {logging_mixin.py:150} INFO - [2023-07-25T16:10:17.576+0000] {dag.py:2742} INFO - Sync 1 DAGs
[2023-07-25T16:10:17.610+0000] {logging_mixin.py:150} INFO - [2023-07-25T16:10:17.610+0000] {dag.py:3504} INFO - Setting next_dagrun for tutorial_taskflow_api to None, run_after=None
[2023-07-25T16:10:17.639+0000] {processor.py:179} INFO - Processing /home/airflow/.local/lib/python3.9/site-packages/airflow/example_dags/tutorial_taskflow_api.py took 0.150 seconds
[2023-07-25T16:10:47.921+0000] {processor.py:157} INFO - Started process (PID=1069) to work on /home/airflow/.local/lib/python3.9/site-packages/airflow/example_dags/tutorial_taskflow_api.py
[2023-07-25T16:10:47.935+0000] {processor.py:826} INFO - Processing file /home/airflow/.local/lib/python3.9/site-packages/airflow/example_dags/tutorial_taskflow_api.py for tasks to queue
[2023-07-25T16:10:47.936+0000] {logging_mixin.py:150} INFO - [2023-07-25T16:10:47.936+0000] {dagbag.py:541} INFO - Filling up the DagBag from /home/airflow/.local/lib/python3.9/site-packages/airflow/example_dags/tutorial_taskflow_api.py
[2023-07-25T16:10:47.946+0000] {processor.py:836} INFO - DAG(s) dict_keys(['tutorial_taskflow_api']) retrieved from /home/airflow/.local/lib/python3.9/site-packages/airflow/example_dags/tutorial_taskflow_api.py
[2023-07-25T16:10:47.973+0000] {logging_mixin.py:150} INFO - [2023-07-25T16:10:47.972+0000] {dag.py:2742} INFO - Sync 1 DAGs
[2023-07-25T16:10:48.000+0000] {logging_mixin.py:150} INFO - [2023-07-25T16:10:47.999+0000] {dag.py:3504} INFO - Setting next_dagrun for tutorial_taskflow_api to None, run_after=None
[2023-07-25T16:10:48.022+0000] {processor.py:179} INFO - Processing /home/airflow/.local/lib/python3.9/site-packages/airflow/example_dags/tutorial_taskflow_api.py took 0.106 seconds
[2023-07-25T16:11:22.384+0000] {processor.py:157} INFO - Started process (PID=1130) to work on /home/airflow/.local/lib/python3.9/site-packages/airflow/example_dags/tutorial_taskflow_api.py
[2023-07-25T16:11:22.386+0000] {processor.py:826} INFO - Processing file /home/airflow/.local/lib/python3.9/site-packages/airflow/example_dags/tutorial_taskflow_api.py for tasks to queue
[2023-07-25T16:11:22.388+0000] {logging_mixin.py:150} INFO - [2023-07-25T16:11:22.387+0000] {dagbag.py:541} INFO - Filling up the DagBag from /home/airflow/.local/lib/python3.9/site-packages/airflow/example_dags/tutorial_taskflow_api.py
[2023-07-25T16:11:22.422+0000] {processor.py:836} INFO - DAG(s) dict_keys(['tutorial_taskflow_api']) retrieved from /home/airflow/.local/lib/python3.9/site-packages/airflow/example_dags/tutorial_taskflow_api.py
[2023-07-25T16:11:22.485+0000] {logging_mixin.py:150} INFO - [2023-07-25T16:11:22.485+0000] {dag.py:2742} INFO - Sync 1 DAGs
[2023-07-25T16:11:22.534+0000] {logging_mixin.py:150} INFO - [2023-07-25T16:11:22.534+0000] {dag.py:3504} INFO - Setting next_dagrun for tutorial_taskflow_api to None, run_after=None
[2023-07-25T16:11:22.593+0000] {processor.py:179} INFO - Processing /home/airflow/.local/lib/python3.9/site-packages/airflow/example_dags/tutorial_taskflow_api.py took 0.223 seconds
[2023-07-25T16:11:52.768+0000] {processor.py:157} INFO - Started process (PID=1192) to work on /home/airflow/.local/lib/python3.9/site-packages/airflow/example_dags/tutorial_taskflow_api.py
[2023-07-25T16:11:52.770+0000] {processor.py:826} INFO - Processing file /home/airflow/.local/lib/python3.9/site-packages/airflow/example_dags/tutorial_taskflow_api.py for tasks to queue
[2023-07-25T16:11:52.771+0000] {logging_mixin.py:150} INFO - [2023-07-25T16:11:52.770+0000] {dagbag.py:541} INFO - Filling up the DagBag from /home/airflow/.local/lib/python3.9/site-packages/airflow/example_dags/tutorial_taskflow_api.py
[2023-07-25T16:11:52.783+0000] {processor.py:836} INFO - DAG(s) dict_keys(['tutorial_taskflow_api']) retrieved from /home/airflow/.local/lib/python3.9/site-packages/airflow/example_dags/tutorial_taskflow_api.py
[2023-07-25T16:11:52.824+0000] {logging_mixin.py:150} INFO - [2023-07-25T16:11:52.823+0000] {dag.py:2742} INFO - Sync 1 DAGs
[2023-07-25T16:11:52.884+0000] {logging_mixin.py:150} INFO - [2023-07-25T16:11:52.883+0000] {dag.py:3504} INFO - Setting next_dagrun for tutorial_taskflow_api to None, run_after=None
[2023-07-25T16:11:52.959+0000] {processor.py:179} INFO - Processing /home/airflow/.local/lib/python3.9/site-packages/airflow/example_dags/tutorial_taskflow_api.py took 0.196 seconds
[2023-07-25T16:12:24.648+0000] {processor.py:157} INFO - Started process (PID=1253) to work on /home/airflow/.local/lib/python3.9/site-packages/airflow/example_dags/tutorial_taskflow_api.py
[2023-07-25T16:12:24.651+0000] {processor.py:826} INFO - Processing file /home/airflow/.local/lib/python3.9/site-packages/airflow/example_dags/tutorial_taskflow_api.py for tasks to queue
[2023-07-25T16:12:24.653+0000] {logging_mixin.py:150} INFO - [2023-07-25T16:12:24.651+0000] {dagbag.py:541} INFO - Filling up the DagBag from /home/airflow/.local/lib/python3.9/site-packages/airflow/example_dags/tutorial_taskflow_api.py
[2023-07-25T16:12:24.663+0000] {processor.py:836} INFO - DAG(s) dict_keys(['tutorial_taskflow_api']) retrieved from /home/airflow/.local/lib/python3.9/site-packages/airflow/example_dags/tutorial_taskflow_api.py
[2023-07-25T16:12:24.717+0000] {logging_mixin.py:150} INFO - [2023-07-25T16:12:24.717+0000] {dag.py:2742} INFO - Sync 1 DAGs
[2023-07-25T16:12:24.771+0000] {logging_mixin.py:150} INFO - [2023-07-25T16:12:24.771+0000] {dag.py:3504} INFO - Setting next_dagrun for tutorial_taskflow_api to None, run_after=None
[2023-07-25T16:12:24.830+0000] {processor.py:179} INFO - Processing /home/airflow/.local/lib/python3.9/site-packages/airflow/example_dags/tutorial_taskflow_api.py took 0.186 seconds
[2023-07-25T16:12:55.749+0000] {processor.py:157} INFO - Started process (PID=1314) to work on /home/airflow/.local/lib/python3.9/site-packages/airflow/example_dags/tutorial_taskflow_api.py
[2023-07-25T16:12:55.765+0000] {processor.py:826} INFO - Processing file /home/airflow/.local/lib/python3.9/site-packages/airflow/example_dags/tutorial_taskflow_api.py for tasks to queue
[2023-07-25T16:12:55.766+0000] {logging_mixin.py:150} INFO - [2023-07-25T16:12:55.766+0000] {dagbag.py:541} INFO - Filling up the DagBag from /home/airflow/.local/lib/python3.9/site-packages/airflow/example_dags/tutorial_taskflow_api.py
[2023-07-25T16:12:55.794+0000] {processor.py:836} INFO - DAG(s) dict_keys(['tutorial_taskflow_api']) retrieved from /home/airflow/.local/lib/python3.9/site-packages/airflow/example_dags/tutorial_taskflow_api.py
[2023-07-25T16:12:55.855+0000] {logging_mixin.py:150} INFO - [2023-07-25T16:12:55.855+0000] {dag.py:2742} INFO - Sync 1 DAGs
[2023-07-25T16:12:55.916+0000] {logging_mixin.py:150} INFO - [2023-07-25T16:12:55.916+0000] {dag.py:3504} INFO - Setting next_dagrun for tutorial_taskflow_api to None, run_after=None
[2023-07-25T16:12:55.970+0000] {processor.py:179} INFO - Processing /home/airflow/.local/lib/python3.9/site-packages/airflow/example_dags/tutorial_taskflow_api.py took 0.236 seconds
[2023-07-25T16:13:29.434+0000] {processor.py:157} INFO - Started process (PID=1376) to work on /home/airflow/.local/lib/python3.9/site-packages/airflow/example_dags/tutorial_taskflow_api.py
[2023-07-25T16:13:29.458+0000] {processor.py:826} INFO - Processing file /home/airflow/.local/lib/python3.9/site-packages/airflow/example_dags/tutorial_taskflow_api.py for tasks to queue
[2023-07-25T16:13:29.459+0000] {logging_mixin.py:150} INFO - [2023-07-25T16:13:29.459+0000] {dagbag.py:541} INFO - Filling up the DagBag from /home/airflow/.local/lib/python3.9/site-packages/airflow/example_dags/tutorial_taskflow_api.py
[2023-07-25T16:13:29.481+0000] {processor.py:836} INFO - DAG(s) dict_keys(['tutorial_taskflow_api']) retrieved from /home/airflow/.local/lib/python3.9/site-packages/airflow/example_dags/tutorial_taskflow_api.py
[2023-07-25T16:13:29.615+0000] {logging_mixin.py:150} INFO - [2023-07-25T16:13:29.615+0000] {dag.py:2742} INFO - Sync 1 DAGs
[2023-07-25T16:13:29.786+0000] {logging_mixin.py:150} INFO - [2023-07-25T16:13:29.785+0000] {dag.py:3504} INFO - Setting next_dagrun for tutorial_taskflow_api to None, run_after=None
[2023-07-25T16:13:29.963+0000] {processor.py:179} INFO - Processing /home/airflow/.local/lib/python3.9/site-packages/airflow/example_dags/tutorial_taskflow_api.py took 0.570 seconds
[2023-07-25T16:14:00.314+0000] {processor.py:157} INFO - Started process (PID=1437) to work on /home/airflow/.local/lib/python3.9/site-packages/airflow/example_dags/tutorial_taskflow_api.py
[2023-07-25T16:14:00.325+0000] {processor.py:826} INFO - Processing file /home/airflow/.local/lib/python3.9/site-packages/airflow/example_dags/tutorial_taskflow_api.py for tasks to queue
[2023-07-25T16:14:00.326+0000] {logging_mixin.py:150} INFO - [2023-07-25T16:14:00.326+0000] {dagbag.py:541} INFO - Filling up the DagBag from /home/airflow/.local/lib/python3.9/site-packages/airflow/example_dags/tutorial_taskflow_api.py
[2023-07-25T16:14:00.347+0000] {processor.py:836} INFO - DAG(s) dict_keys(['tutorial_taskflow_api']) retrieved from /home/airflow/.local/lib/python3.9/site-packages/airflow/example_dags/tutorial_taskflow_api.py
[2023-07-25T16:14:00.415+0000] {logging_mixin.py:150} INFO - [2023-07-25T16:14:00.415+0000] {dag.py:2742} INFO - Sync 1 DAGs
[2023-07-25T16:14:00.470+0000] {logging_mixin.py:150} INFO - [2023-07-25T16:14:00.470+0000] {dag.py:3504} INFO - Setting next_dagrun for tutorial_taskflow_api to None, run_after=None
[2023-07-25T16:14:00.515+0000] {processor.py:179} INFO - Processing /home/airflow/.local/lib/python3.9/site-packages/airflow/example_dags/tutorial_taskflow_api.py took 0.225 seconds
[2023-07-25T16:14:31.689+0000] {processor.py:157} INFO - Started process (PID=1498) to work on /home/airflow/.local/lib/python3.9/site-packages/airflow/example_dags/tutorial_taskflow_api.py
[2023-07-25T16:14:31.691+0000] {processor.py:826} INFO - Processing file /home/airflow/.local/lib/python3.9/site-packages/airflow/example_dags/tutorial_taskflow_api.py for tasks to queue
[2023-07-25T16:14:31.692+0000] {logging_mixin.py:150} INFO - [2023-07-25T16:14:31.691+0000] {dagbag.py:541} INFO - Filling up the DagBag from /home/airflow/.local/lib/python3.9/site-packages/airflow/example_dags/tutorial_taskflow_api.py
[2023-07-25T16:14:31.701+0000] {processor.py:836} INFO - DAG(s) dict_keys(['tutorial_taskflow_api']) retrieved from /home/airflow/.local/lib/python3.9/site-packages/airflow/example_dags/tutorial_taskflow_api.py
[2023-07-25T16:14:31.765+0000] {logging_mixin.py:150} INFO - [2023-07-25T16:14:31.765+0000] {dag.py:2742} INFO - Sync 1 DAGs
[2023-07-25T16:14:31.856+0000] {logging_mixin.py:150} INFO - [2023-07-25T16:14:31.855+0000] {dag.py:3504} INFO - Setting next_dagrun for tutorial_taskflow_api to None, run_after=None
[2023-07-25T16:14:31.921+0000] {processor.py:179} INFO - Processing /home/airflow/.local/lib/python3.9/site-packages/airflow/example_dags/tutorial_taskflow_api.py took 0.251 seconds
[2023-07-25T16:15:03.567+0000] {processor.py:157} INFO - Started process (PID=1565) to work on /home/airflow/.local/lib/python3.9/site-packages/airflow/example_dags/tutorial_taskflow_api.py
[2023-07-25T16:15:03.585+0000] {processor.py:826} INFO - Processing file /home/airflow/.local/lib/python3.9/site-packages/airflow/example_dags/tutorial_taskflow_api.py for tasks to queue
[2023-07-25T16:15:03.586+0000] {logging_mixin.py:150} INFO - [2023-07-25T16:15:03.586+0000] {dagbag.py:541} INFO - Filling up the DagBag from /home/airflow/.local/lib/python3.9/site-packages/airflow/example_dags/tutorial_taskflow_api.py
[2023-07-25T16:15:03.625+0000] {processor.py:836} INFO - DAG(s) dict_keys(['tutorial_taskflow_api']) retrieved from /home/airflow/.local/lib/python3.9/site-packages/airflow/example_dags/tutorial_taskflow_api.py
[2023-07-25T16:15:03.687+0000] {logging_mixin.py:150} INFO - [2023-07-25T16:15:03.687+0000] {dag.py:2742} INFO - Sync 1 DAGs
[2023-07-25T16:15:03.790+0000] {logging_mixin.py:150} INFO - [2023-07-25T16:15:03.790+0000] {dag.py:3504} INFO - Setting next_dagrun for tutorial_taskflow_api to None, run_after=None
[2023-07-25T16:15:03.908+0000] {processor.py:179} INFO - Processing /home/airflow/.local/lib/python3.9/site-packages/airflow/example_dags/tutorial_taskflow_api.py took 0.360 seconds
[2023-07-25T16:15:34.833+0000] {processor.py:157} INFO - Started process (PID=1627) to work on /home/airflow/.local/lib/python3.9/site-packages/airflow/example_dags/tutorial_taskflow_api.py
[2023-07-25T16:15:34.865+0000] {processor.py:826} INFO - Processing file /home/airflow/.local/lib/python3.9/site-packages/airflow/example_dags/tutorial_taskflow_api.py for tasks to queue
[2023-07-25T16:15:34.866+0000] {logging_mixin.py:150} INFO - [2023-07-25T16:15:34.866+0000] {dagbag.py:541} INFO - Filling up the DagBag from /home/airflow/.local/lib/python3.9/site-packages/airflow/example_dags/tutorial_taskflow_api.py
[2023-07-25T16:15:34.896+0000] {processor.py:836} INFO - DAG(s) dict_keys(['tutorial_taskflow_api']) retrieved from /home/airflow/.local/lib/python3.9/site-packages/airflow/example_dags/tutorial_taskflow_api.py
[2023-07-25T16:15:34.996+0000] {logging_mixin.py:150} INFO - [2023-07-25T16:15:34.995+0000] {dag.py:2742} INFO - Sync 1 DAGs
[2023-07-25T16:15:35.138+0000] {logging_mixin.py:150} INFO - [2023-07-25T16:15:35.137+0000] {dag.py:3504} INFO - Setting next_dagrun for tutorial_taskflow_api to None, run_after=None
[2023-07-25T16:15:35.316+0000] {processor.py:179} INFO - Processing /home/airflow/.local/lib/python3.9/site-packages/airflow/example_dags/tutorial_taskflow_api.py took 0.487 seconds
[2023-07-25T16:16:05.618+0000] {processor.py:157} INFO - Started process (PID=1682) to work on /home/airflow/.local/lib/python3.9/site-packages/airflow/example_dags/tutorial_taskflow_api.py
[2023-07-25T16:16:05.632+0000] {processor.py:826} INFO - Processing file /home/airflow/.local/lib/python3.9/site-packages/airflow/example_dags/tutorial_taskflow_api.py for tasks to queue
[2023-07-25T16:16:05.633+0000] {logging_mixin.py:150} INFO - [2023-07-25T16:16:05.633+0000] {dagbag.py:541} INFO - Filling up the DagBag from /home/airflow/.local/lib/python3.9/site-packages/airflow/example_dags/tutorial_taskflow_api.py
[2023-07-25T16:16:05.659+0000] {processor.py:836} INFO - DAG(s) dict_keys(['tutorial_taskflow_api']) retrieved from /home/airflow/.local/lib/python3.9/site-packages/airflow/example_dags/tutorial_taskflow_api.py
[2023-07-25T16:16:05.695+0000] {logging_mixin.py:150} INFO - [2023-07-25T16:16:05.694+0000] {dag.py:2742} INFO - Sync 1 DAGs
[2023-07-25T16:16:05.724+0000] {logging_mixin.py:150} INFO - [2023-07-25T16:16:05.724+0000] {dag.py:3504} INFO - Setting next_dagrun for tutorial_taskflow_api to None, run_after=None
[2023-07-25T16:16:05.826+0000] {processor.py:179} INFO - Processing /home/airflow/.local/lib/python3.9/site-packages/airflow/example_dags/tutorial_taskflow_api.py took 0.223 seconds
[2023-07-25T16:16:36.889+0000] {processor.py:157} INFO - Started process (PID=1745) to work on /home/airflow/.local/lib/python3.9/site-packages/airflow/example_dags/tutorial_taskflow_api.py
[2023-07-25T16:16:36.905+0000] {processor.py:826} INFO - Processing file /home/airflow/.local/lib/python3.9/site-packages/airflow/example_dags/tutorial_taskflow_api.py for tasks to queue
[2023-07-25T16:16:36.906+0000] {logging_mixin.py:150} INFO - [2023-07-25T16:16:36.906+0000] {dagbag.py:541} INFO - Filling up the DagBag from /home/airflow/.local/lib/python3.9/site-packages/airflow/example_dags/tutorial_taskflow_api.py
[2023-07-25T16:16:36.927+0000] {processor.py:836} INFO - DAG(s) dict_keys(['tutorial_taskflow_api']) retrieved from /home/airflow/.local/lib/python3.9/site-packages/airflow/example_dags/tutorial_taskflow_api.py
[2023-07-25T16:16:36.973+0000] {logging_mixin.py:150} INFO - [2023-07-25T16:16:36.973+0000] {dag.py:2742} INFO - Sync 1 DAGs
[2023-07-25T16:16:37.003+0000] {logging_mixin.py:150} INFO - [2023-07-25T16:16:37.003+0000] {dag.py:3504} INFO - Setting next_dagrun for tutorial_taskflow_api to None, run_after=None
[2023-07-25T16:16:37.055+0000] {processor.py:179} INFO - Processing /home/airflow/.local/lib/python3.9/site-packages/airflow/example_dags/tutorial_taskflow_api.py took 0.191 seconds
[2023-07-25T16:17:07.371+0000] {processor.py:157} INFO - Started process (PID=1807) to work on /home/airflow/.local/lib/python3.9/site-packages/airflow/example_dags/tutorial_taskflow_api.py
[2023-07-25T16:17:07.374+0000] {processor.py:826} INFO - Processing file /home/airflow/.local/lib/python3.9/site-packages/airflow/example_dags/tutorial_taskflow_api.py for tasks to queue
[2023-07-25T16:17:07.375+0000] {logging_mixin.py:150} INFO - [2023-07-25T16:17:07.374+0000] {dagbag.py:541} INFO - Filling up the DagBag from /home/airflow/.local/lib/python3.9/site-packages/airflow/example_dags/tutorial_taskflow_api.py
[2023-07-25T16:17:07.405+0000] {processor.py:836} INFO - DAG(s) dict_keys(['tutorial_taskflow_api']) retrieved from /home/airflow/.local/lib/python3.9/site-packages/airflow/example_dags/tutorial_taskflow_api.py
[2023-07-25T16:17:07.467+0000] {logging_mixin.py:150} INFO - [2023-07-25T16:17:07.466+0000] {dag.py:2742} INFO - Sync 1 DAGs
[2023-07-25T16:17:07.549+0000] {logging_mixin.py:150} INFO - [2023-07-25T16:17:07.549+0000] {dag.py:3504} INFO - Setting next_dagrun for tutorial_taskflow_api to None, run_after=None
[2023-07-25T16:17:07.636+0000] {processor.py:179} INFO - Processing /home/airflow/.local/lib/python3.9/site-packages/airflow/example_dags/tutorial_taskflow_api.py took 0.285 seconds
[2023-07-25T16:17:39.294+0000] {processor.py:157} INFO - Started process (PID=1876) to work on /home/airflow/.local/lib/python3.9/site-packages/airflow/example_dags/tutorial_taskflow_api.py
[2023-07-25T16:17:39.315+0000] {processor.py:826} INFO - Processing file /home/airflow/.local/lib/python3.9/site-packages/airflow/example_dags/tutorial_taskflow_api.py for tasks to queue
[2023-07-25T16:17:39.316+0000] {logging_mixin.py:150} INFO - [2023-07-25T16:17:39.316+0000] {dagbag.py:541} INFO - Filling up the DagBag from /home/airflow/.local/lib/python3.9/site-packages/airflow/example_dags/tutorial_taskflow_api.py
[2023-07-25T16:17:39.331+0000] {processor.py:836} INFO - DAG(s) dict_keys(['tutorial_taskflow_api']) retrieved from /home/airflow/.local/lib/python3.9/site-packages/airflow/example_dags/tutorial_taskflow_api.py
[2023-07-25T16:17:39.475+0000] {logging_mixin.py:150} INFO - [2023-07-25T16:17:39.475+0000] {dag.py:2742} INFO - Sync 1 DAGs
[2023-07-25T16:17:39.636+0000] {logging_mixin.py:150} INFO - [2023-07-25T16:17:39.636+0000] {dag.py:3504} INFO - Setting next_dagrun for tutorial_taskflow_api to None, run_after=None
[2023-07-25T16:17:39.774+0000] {processor.py:179} INFO - Processing /home/airflow/.local/lib/python3.9/site-packages/airflow/example_dags/tutorial_taskflow_api.py took 0.485 seconds
[2023-07-25T16:18:10.082+0000] {processor.py:157} INFO - Started process (PID=1937) to work on /home/airflow/.local/lib/python3.9/site-packages/airflow/example_dags/tutorial_taskflow_api.py
[2023-07-25T16:18:10.148+0000] {processor.py:826} INFO - Processing file /home/airflow/.local/lib/python3.9/site-packages/airflow/example_dags/tutorial_taskflow_api.py for tasks to queue
[2023-07-25T16:18:10.150+0000] {logging_mixin.py:150} INFO - [2023-07-25T16:18:10.149+0000] {dagbag.py:541} INFO - Filling up the DagBag from /home/airflow/.local/lib/python3.9/site-packages/airflow/example_dags/tutorial_taskflow_api.py
[2023-07-25T16:18:10.209+0000] {processor.py:836} INFO - DAG(s) dict_keys(['tutorial_taskflow_api']) retrieved from /home/airflow/.local/lib/python3.9/site-packages/airflow/example_dags/tutorial_taskflow_api.py
[2023-07-25T16:18:10.317+0000] {logging_mixin.py:150} INFO - [2023-07-25T16:18:10.316+0000] {dag.py:2742} INFO - Sync 1 DAGs
[2023-07-25T16:18:10.465+0000] {logging_mixin.py:150} INFO - [2023-07-25T16:18:10.464+0000] {dag.py:3504} INFO - Setting next_dagrun for tutorial_taskflow_api to None, run_after=None
[2023-07-25T16:18:10.727+0000] {processor.py:179} INFO - Processing /home/airflow/.local/lib/python3.9/site-packages/airflow/example_dags/tutorial_taskflow_api.py took 0.656 seconds
[2023-07-25T16:18:41.165+0000] {processor.py:157} INFO - Started process (PID=1992) to work on /home/airflow/.local/lib/python3.9/site-packages/airflow/example_dags/tutorial_taskflow_api.py
[2023-07-25T16:18:41.175+0000] {processor.py:826} INFO - Processing file /home/airflow/.local/lib/python3.9/site-packages/airflow/example_dags/tutorial_taskflow_api.py for tasks to queue
[2023-07-25T16:18:41.176+0000] {logging_mixin.py:150} INFO - [2023-07-25T16:18:41.176+0000] {dagbag.py:541} INFO - Filling up the DagBag from /home/airflow/.local/lib/python3.9/site-packages/airflow/example_dags/tutorial_taskflow_api.py
[2023-07-25T16:18:41.206+0000] {processor.py:836} INFO - DAG(s) dict_keys(['tutorial_taskflow_api']) retrieved from /home/airflow/.local/lib/python3.9/site-packages/airflow/example_dags/tutorial_taskflow_api.py
[2023-07-25T16:18:41.285+0000] {logging_mixin.py:150} INFO - [2023-07-25T16:18:41.285+0000] {dag.py:2742} INFO - Sync 1 DAGs
[2023-07-25T16:18:41.391+0000] {logging_mixin.py:150} INFO - [2023-07-25T16:18:41.391+0000] {dag.py:3504} INFO - Setting next_dagrun for tutorial_taskflow_api to None, run_after=None
[2023-07-25T16:18:41.485+0000] {processor.py:179} INFO - Processing /home/airflow/.local/lib/python3.9/site-packages/airflow/example_dags/tutorial_taskflow_api.py took 0.335 seconds
[2023-07-25T16:19:11.904+0000] {processor.py:157} INFO - Started process (PID=2061) to work on /home/airflow/.local/lib/python3.9/site-packages/airflow/example_dags/tutorial_taskflow_api.py
[2023-07-25T16:19:11.936+0000] {processor.py:826} INFO - Processing file /home/airflow/.local/lib/python3.9/site-packages/airflow/example_dags/tutorial_taskflow_api.py for tasks to queue
[2023-07-25T16:19:11.937+0000] {logging_mixin.py:150} INFO - [2023-07-25T16:19:11.937+0000] {dagbag.py:541} INFO - Filling up the DagBag from /home/airflow/.local/lib/python3.9/site-packages/airflow/example_dags/tutorial_taskflow_api.py
[2023-07-25T16:19:11.959+0000] {processor.py:836} INFO - DAG(s) dict_keys(['tutorial_taskflow_api']) retrieved from /home/airflow/.local/lib/python3.9/site-packages/airflow/example_dags/tutorial_taskflow_api.py
[2023-07-25T16:19:12.070+0000] {logging_mixin.py:150} INFO - [2023-07-25T16:19:12.070+0000] {dag.py:2742} INFO - Sync 1 DAGs
[2023-07-25T16:19:12.216+0000] {logging_mixin.py:150} INFO - [2023-07-25T16:19:12.215+0000] {dag.py:3504} INFO - Setting next_dagrun for tutorial_taskflow_api to None, run_after=None
[2023-07-25T16:19:12.318+0000] {processor.py:179} INFO - Processing /home/airflow/.local/lib/python3.9/site-packages/airflow/example_dags/tutorial_taskflow_api.py took 0.419 seconds
[2023-07-25T16:19:42.526+0000] {processor.py:157} INFO - Started process (PID=2121) to work on /home/airflow/.local/lib/python3.9/site-packages/airflow/example_dags/tutorial_taskflow_api.py
[2023-07-25T16:19:42.534+0000] {processor.py:826} INFO - Processing file /home/airflow/.local/lib/python3.9/site-packages/airflow/example_dags/tutorial_taskflow_api.py for tasks to queue
[2023-07-25T16:19:42.535+0000] {logging_mixin.py:150} INFO - [2023-07-25T16:19:42.534+0000] {dagbag.py:541} INFO - Filling up the DagBag from /home/airflow/.local/lib/python3.9/site-packages/airflow/example_dags/tutorial_taskflow_api.py
[2023-07-25T16:19:42.566+0000] {processor.py:836} INFO - DAG(s) dict_keys(['tutorial_taskflow_api']) retrieved from /home/airflow/.local/lib/python3.9/site-packages/airflow/example_dags/tutorial_taskflow_api.py
[2023-07-25T16:19:42.646+0000] {logging_mixin.py:150} INFO - [2023-07-25T16:19:42.645+0000] {dag.py:2742} INFO - Sync 1 DAGs
[2023-07-25T16:19:42.776+0000] {logging_mixin.py:150} INFO - [2023-07-25T16:19:42.776+0000] {dag.py:3504} INFO - Setting next_dagrun for tutorial_taskflow_api to None, run_after=None
[2023-07-25T16:19:42.885+0000] {processor.py:179} INFO - Processing /home/airflow/.local/lib/python3.9/site-packages/airflow/example_dags/tutorial_taskflow_api.py took 0.364 seconds
[2023-07-25T16:20:13.890+0000] {processor.py:157} INFO - Started process (PID=2182) to work on /home/airflow/.local/lib/python3.9/site-packages/airflow/example_dags/tutorial_taskflow_api.py
[2023-07-25T16:20:13.905+0000] {processor.py:826} INFO - Processing file /home/airflow/.local/lib/python3.9/site-packages/airflow/example_dags/tutorial_taskflow_api.py for tasks to queue
[2023-07-25T16:20:13.906+0000] {logging_mixin.py:150} INFO - [2023-07-25T16:20:13.906+0000] {dagbag.py:541} INFO - Filling up the DagBag from /home/airflow/.local/lib/python3.9/site-packages/airflow/example_dags/tutorial_taskflow_api.py
[2023-07-25T16:20:13.931+0000] {processor.py:836} INFO - DAG(s) dict_keys(['tutorial_taskflow_api']) retrieved from /home/airflow/.local/lib/python3.9/site-packages/airflow/example_dags/tutorial_taskflow_api.py
[2023-07-25T16:20:14.051+0000] {logging_mixin.py:150} INFO - [2023-07-25T16:20:14.050+0000] {dag.py:2742} INFO - Sync 1 DAGs
[2023-07-25T16:20:14.213+0000] {logging_mixin.py:150} INFO - [2023-07-25T16:20:14.213+0000] {dag.py:3504} INFO - Setting next_dagrun for tutorial_taskflow_api to None, run_after=None
[2023-07-25T16:20:14.359+0000] {processor.py:179} INFO - Processing /home/airflow/.local/lib/python3.9/site-packages/airflow/example_dags/tutorial_taskflow_api.py took 0.473 seconds
[2023-07-25T16:20:44.895+0000] {processor.py:157} INFO - Started process (PID=2236) to work on /home/airflow/.local/lib/python3.9/site-packages/airflow/example_dags/tutorial_taskflow_api.py
[2023-07-25T16:20:44.897+0000] {processor.py:826} INFO - Processing file /home/airflow/.local/lib/python3.9/site-packages/airflow/example_dags/tutorial_taskflow_api.py for tasks to queue
[2023-07-25T16:20:44.898+0000] {logging_mixin.py:150} INFO - [2023-07-25T16:20:44.898+0000] {dagbag.py:541} INFO - Filling up the DagBag from /home/airflow/.local/lib/python3.9/site-packages/airflow/example_dags/tutorial_taskflow_api.py
[2023-07-25T16:20:44.920+0000] {processor.py:836} INFO - DAG(s) dict_keys(['tutorial_taskflow_api']) retrieved from /home/airflow/.local/lib/python3.9/site-packages/airflow/example_dags/tutorial_taskflow_api.py
[2023-07-25T16:20:45.018+0000] {logging_mixin.py:150} INFO - [2023-07-25T16:20:45.017+0000] {dag.py:2742} INFO - Sync 1 DAGs
[2023-07-25T16:20:45.140+0000] {logging_mixin.py:150} INFO - [2023-07-25T16:20:45.140+0000] {dag.py:3504} INFO - Setting next_dagrun for tutorial_taskflow_api to None, run_after=None
[2023-07-25T16:20:45.295+0000] {processor.py:179} INFO - Processing /home/airflow/.local/lib/python3.9/site-packages/airflow/example_dags/tutorial_taskflow_api.py took 0.415 seconds
[2023-07-25T16:21:15.483+0000] {processor.py:157} INFO - Started process (PID=2297) to work on /home/airflow/.local/lib/python3.9/site-packages/airflow/example_dags/tutorial_taskflow_api.py
[2023-07-25T16:21:15.495+0000] {processor.py:826} INFO - Processing file /home/airflow/.local/lib/python3.9/site-packages/airflow/example_dags/tutorial_taskflow_api.py for tasks to queue
[2023-07-25T16:21:15.496+0000] {logging_mixin.py:150} INFO - [2023-07-25T16:21:15.496+0000] {dagbag.py:541} INFO - Filling up the DagBag from /home/airflow/.local/lib/python3.9/site-packages/airflow/example_dags/tutorial_taskflow_api.py
[2023-07-25T16:21:15.538+0000] {processor.py:836} INFO - DAG(s) dict_keys(['tutorial_taskflow_api']) retrieved from /home/airflow/.local/lib/python3.9/site-packages/airflow/example_dags/tutorial_taskflow_api.py
[2023-07-25T16:21:15.616+0000] {logging_mixin.py:150} INFO - [2023-07-25T16:21:15.615+0000] {dag.py:2742} INFO - Sync 1 DAGs
[2023-07-25T16:21:15.710+0000] {logging_mixin.py:150} INFO - [2023-07-25T16:21:15.709+0000] {dag.py:3504} INFO - Setting next_dagrun for tutorial_taskflow_api to None, run_after=None
[2023-07-25T16:21:15.800+0000] {processor.py:179} INFO - Processing /home/airflow/.local/lib/python3.9/site-packages/airflow/example_dags/tutorial_taskflow_api.py took 0.322 seconds
[2023-07-25T16:21:45.958+0000] {processor.py:157} INFO - Started process (PID=2359) to work on /home/airflow/.local/lib/python3.9/site-packages/airflow/example_dags/tutorial_taskflow_api.py
[2023-07-25T16:21:45.960+0000] {processor.py:826} INFO - Processing file /home/airflow/.local/lib/python3.9/site-packages/airflow/example_dags/tutorial_taskflow_api.py for tasks to queue
[2023-07-25T16:21:45.961+0000] {logging_mixin.py:150} INFO - [2023-07-25T16:21:45.961+0000] {dagbag.py:541} INFO - Filling up the DagBag from /home/airflow/.local/lib/python3.9/site-packages/airflow/example_dags/tutorial_taskflow_api.py
[2023-07-25T16:21:45.981+0000] {processor.py:836} INFO - DAG(s) dict_keys(['tutorial_taskflow_api']) retrieved from /home/airflow/.local/lib/python3.9/site-packages/airflow/example_dags/tutorial_taskflow_api.py
[2023-07-25T16:21:46.062+0000] {logging_mixin.py:150} INFO - [2023-07-25T16:21:46.061+0000] {dag.py:2742} INFO - Sync 1 DAGs
[2023-07-25T16:21:46.176+0000] {logging_mixin.py:150} INFO - [2023-07-25T16:21:46.175+0000] {dag.py:3504} INFO - Setting next_dagrun for tutorial_taskflow_api to None, run_after=None
[2023-07-25T16:21:46.225+0000] {processor.py:179} INFO - Processing /home/airflow/.local/lib/python3.9/site-packages/airflow/example_dags/tutorial_taskflow_api.py took 0.282 seconds
[2023-07-25T16:22:16.307+0000] {processor.py:157} INFO - Started process (PID=2421) to work on /home/airflow/.local/lib/python3.9/site-packages/airflow/example_dags/tutorial_taskflow_api.py
[2023-07-25T16:22:16.315+0000] {processor.py:826} INFO - Processing file /home/airflow/.local/lib/python3.9/site-packages/airflow/example_dags/tutorial_taskflow_api.py for tasks to queue
[2023-07-25T16:22:16.316+0000] {logging_mixin.py:150} INFO - [2023-07-25T16:22:16.316+0000] {dagbag.py:541} INFO - Filling up the DagBag from /home/airflow/.local/lib/python3.9/site-packages/airflow/example_dags/tutorial_taskflow_api.py
[2023-07-25T16:22:16.336+0000] {processor.py:836} INFO - DAG(s) dict_keys(['tutorial_taskflow_api']) retrieved from /home/airflow/.local/lib/python3.9/site-packages/airflow/example_dags/tutorial_taskflow_api.py
[2023-07-25T16:22:16.397+0000] {logging_mixin.py:150} INFO - [2023-07-25T16:22:16.396+0000] {dag.py:2742} INFO - Sync 1 DAGs
[2023-07-25T16:22:16.469+0000] {logging_mixin.py:150} INFO - [2023-07-25T16:22:16.469+0000] {dag.py:3504} INFO - Setting next_dagrun for tutorial_taskflow_api to None, run_after=None
[2023-07-25T16:22:16.499+0000] {processor.py:179} INFO - Processing /home/airflow/.local/lib/python3.9/site-packages/airflow/example_dags/tutorial_taskflow_api.py took 0.207 seconds
[2023-07-25T16:22:47.424+0000] {processor.py:157} INFO - Started process (PID=2483) to work on /home/airflow/.local/lib/python3.9/site-packages/airflow/example_dags/tutorial_taskflow_api.py
[2023-07-25T16:22:47.466+0000] {processor.py:826} INFO - Processing file /home/airflow/.local/lib/python3.9/site-packages/airflow/example_dags/tutorial_taskflow_api.py for tasks to queue
[2023-07-25T16:22:47.476+0000] {logging_mixin.py:150} INFO - [2023-07-25T16:22:47.469+0000] {dagbag.py:541} INFO - Filling up the DagBag from /home/airflow/.local/lib/python3.9/site-packages/airflow/example_dags/tutorial_taskflow_api.py
[2023-07-25T16:22:47.541+0000] {processor.py:836} INFO - DAG(s) dict_keys(['tutorial_taskflow_api']) retrieved from /home/airflow/.local/lib/python3.9/site-packages/airflow/example_dags/tutorial_taskflow_api.py
[2023-07-25T16:22:47.685+0000] {logging_mixin.py:150} INFO - [2023-07-25T16:22:47.684+0000] {dag.py:2742} INFO - Sync 1 DAGs
[2023-07-25T16:22:47.917+0000] {logging_mixin.py:150} INFO - [2023-07-25T16:22:47.917+0000] {dag.py:3504} INFO - Setting next_dagrun for tutorial_taskflow_api to None, run_after=None
[2023-07-25T16:22:48.024+0000] {processor.py:179} INFO - Processing /home/airflow/.local/lib/python3.9/site-packages/airflow/example_dags/tutorial_taskflow_api.py took 0.605 seconds
[2023-07-25T16:23:18.200+0000] {processor.py:157} INFO - Started process (PID=2546) to work on /home/airflow/.local/lib/python3.9/site-packages/airflow/example_dags/tutorial_taskflow_api.py
[2023-07-25T16:23:18.205+0000] {processor.py:826} INFO - Processing file /home/airflow/.local/lib/python3.9/site-packages/airflow/example_dags/tutorial_taskflow_api.py for tasks to queue
[2023-07-25T16:23:18.207+0000] {logging_mixin.py:150} INFO - [2023-07-25T16:23:18.207+0000] {dagbag.py:541} INFO - Filling up the DagBag from /home/airflow/.local/lib/python3.9/site-packages/airflow/example_dags/tutorial_taskflow_api.py
[2023-07-25T16:23:18.235+0000] {processor.py:836} INFO - DAG(s) dict_keys(['tutorial_taskflow_api']) retrieved from /home/airflow/.local/lib/python3.9/site-packages/airflow/example_dags/tutorial_taskflow_api.py
[2023-07-25T16:23:18.263+0000] {logging_mixin.py:150} INFO - [2023-07-25T16:23:18.262+0000] {dag.py:2742} INFO - Sync 1 DAGs
[2023-07-25T16:23:18.289+0000] {logging_mixin.py:150} INFO - [2023-07-25T16:23:18.289+0000] {dag.py:3504} INFO - Setting next_dagrun for tutorial_taskflow_api to None, run_after=None
[2023-07-25T16:23:18.317+0000] {processor.py:179} INFO - Processing /home/airflow/.local/lib/python3.9/site-packages/airflow/example_dags/tutorial_taskflow_api.py took 0.125 seconds
[2023-07-25T16:23:49.017+0000] {processor.py:157} INFO - Started process (PID=2607) to work on /home/airflow/.local/lib/python3.9/site-packages/airflow/example_dags/tutorial_taskflow_api.py
[2023-07-25T16:23:49.019+0000] {processor.py:826} INFO - Processing file /home/airflow/.local/lib/python3.9/site-packages/airflow/example_dags/tutorial_taskflow_api.py for tasks to queue
[2023-07-25T16:23:49.021+0000] {logging_mixin.py:150} INFO - [2023-07-25T16:23:49.020+0000] {dagbag.py:541} INFO - Filling up the DagBag from /home/airflow/.local/lib/python3.9/site-packages/airflow/example_dags/tutorial_taskflow_api.py
[2023-07-25T16:23:49.030+0000] {processor.py:836} INFO - DAG(s) dict_keys(['tutorial_taskflow_api']) retrieved from /home/airflow/.local/lib/python3.9/site-packages/airflow/example_dags/tutorial_taskflow_api.py
[2023-07-25T16:23:49.058+0000] {logging_mixin.py:150} INFO - [2023-07-25T16:23:49.058+0000] {dag.py:2742} INFO - Sync 1 DAGs
[2023-07-25T16:23:49.088+0000] {logging_mixin.py:150} INFO - [2023-07-25T16:23:49.088+0000] {dag.py:3504} INFO - Setting next_dagrun for tutorial_taskflow_api to None, run_after=None
[2023-07-25T16:23:49.117+0000] {processor.py:179} INFO - Processing /home/airflow/.local/lib/python3.9/site-packages/airflow/example_dags/tutorial_taskflow_api.py took 0.106 seconds
[2023-07-25T16:24:19.471+0000] {processor.py:157} INFO - Started process (PID=2669) to work on /home/airflow/.local/lib/python3.9/site-packages/airflow/example_dags/tutorial_taskflow_api.py
[2023-07-25T16:24:19.485+0000] {processor.py:826} INFO - Processing file /home/airflow/.local/lib/python3.9/site-packages/airflow/example_dags/tutorial_taskflow_api.py for tasks to queue
[2023-07-25T16:24:19.486+0000] {logging_mixin.py:150} INFO - [2023-07-25T16:24:19.486+0000] {dagbag.py:541} INFO - Filling up the DagBag from /home/airflow/.local/lib/python3.9/site-packages/airflow/example_dags/tutorial_taskflow_api.py
[2023-07-25T16:24:19.516+0000] {processor.py:836} INFO - DAG(s) dict_keys(['tutorial_taskflow_api']) retrieved from /home/airflow/.local/lib/python3.9/site-packages/airflow/example_dags/tutorial_taskflow_api.py
[2023-07-25T16:24:19.566+0000] {logging_mixin.py:150} INFO - [2023-07-25T16:24:19.566+0000] {dag.py:2742} INFO - Sync 1 DAGs
[2023-07-25T16:24:19.633+0000] {logging_mixin.py:150} INFO - [2023-07-25T16:24:19.633+0000] {dag.py:3504} INFO - Setting next_dagrun for tutorial_taskflow_api to None, run_after=None
[2023-07-25T16:24:19.699+0000] {processor.py:179} INFO - Processing /home/airflow/.local/lib/python3.9/site-packages/airflow/example_dags/tutorial_taskflow_api.py took 0.233 seconds
