[2023-07-25 17:26:22,150] {scheduler_job.py:181} INFO - Started process (PID=190) to work on /home/airflow/.local/lib/python3.9/site-packages/airflow/example_dags/tutorial_etl_dag.py
[2023-07-25 17:26:22,151] {scheduler_job.py:632} INFO - Processing file /home/airflow/.local/lib/python3.9/site-packages/airflow/example_dags/tutorial_etl_dag.py for tasks to queue
[2023-07-25 17:26:22,152] {logging_mixin.py:104} INFO - [2023-07-25 17:26:22,151] {dagbag.py:496} INFO - Filling up the DagBag from /home/airflow/.local/lib/python3.9/site-packages/airflow/example_dags/tutorial_etl_dag.py
[2023-07-25 17:26:22,165] {scheduler_job.py:642} INFO - DAG(s) dict_keys(['tutorial_etl_dag']) retrieved from /home/airflow/.local/lib/python3.9/site-packages/airflow/example_dags/tutorial_etl_dag.py
[2023-07-25 17:26:24,643] {logging_mixin.py:104} INFO - [2023-07-25 17:26:24,643] {dag.py:1833} INFO - Sync 1 DAGs
[2023-07-25 17:26:24,666] {logging_mixin.py:104} INFO - [2023-07-25 17:26:24,666] {dag.py:1852} INFO - Creating ORM DAG for tutorial_etl_dag
[2023-07-25 17:26:24,685] {logging_mixin.py:104} INFO - [2023-07-25 17:26:24,685] {dag.py:2306} INFO - Setting next_dagrun for tutorial_etl_dag to None
[2023-07-25 17:26:24,726] {scheduler_job.py:189} INFO - Processing /home/airflow/.local/lib/python3.9/site-packages/airflow/example_dags/tutorial_etl_dag.py took 2.580 seconds
[2023-07-25 17:26:55,486] {scheduler_job.py:181} INFO - Started process (PID=255) to work on /home/airflow/.local/lib/python3.9/site-packages/airflow/example_dags/tutorial_etl_dag.py
[2023-07-25 17:26:55,487] {scheduler_job.py:632} INFO - Processing file /home/airflow/.local/lib/python3.9/site-packages/airflow/example_dags/tutorial_etl_dag.py for tasks to queue
[2023-07-25 17:26:55,488] {logging_mixin.py:104} INFO - [2023-07-25 17:26:55,488] {dagbag.py:496} INFO - Filling up the DagBag from /home/airflow/.local/lib/python3.9/site-packages/airflow/example_dags/tutorial_etl_dag.py
[2023-07-25 17:26:55,511] {scheduler_job.py:642} INFO - DAG(s) dict_keys(['tutorial_etl_dag']) retrieved from /home/airflow/.local/lib/python3.9/site-packages/airflow/example_dags/tutorial_etl_dag.py
[2023-07-25 17:26:55,565] {logging_mixin.py:104} INFO - [2023-07-25 17:26:55,565] {dag.py:1833} INFO - Sync 1 DAGs
[2023-07-25 17:26:55,608] {logging_mixin.py:104} INFO - [2023-07-25 17:26:55,608] {dag.py:2306} INFO - Setting next_dagrun for tutorial_etl_dag to None
[2023-07-25 17:26:55,655] {scheduler_job.py:189} INFO - Processing /home/airflow/.local/lib/python3.9/site-packages/airflow/example_dags/tutorial_etl_dag.py took 0.183 seconds
[2023-07-25 17:27:25,707] {scheduler_job.py:181} INFO - Started process (PID=301) to work on /home/airflow/.local/lib/python3.9/site-packages/airflow/example_dags/tutorial_etl_dag.py
[2023-07-25 17:27:25,708] {scheduler_job.py:632} INFO - Processing file /home/airflow/.local/lib/python3.9/site-packages/airflow/example_dags/tutorial_etl_dag.py for tasks to queue
[2023-07-25 17:27:25,709] {logging_mixin.py:104} INFO - [2023-07-25 17:27:25,709] {dagbag.py:496} INFO - Filling up the DagBag from /home/airflow/.local/lib/python3.9/site-packages/airflow/example_dags/tutorial_etl_dag.py
[2023-07-25 17:27:25,721] {scheduler_job.py:642} INFO - DAG(s) dict_keys(['tutorial_etl_dag']) retrieved from /home/airflow/.local/lib/python3.9/site-packages/airflow/example_dags/tutorial_etl_dag.py
[2023-07-25 17:27:25,743] {logging_mixin.py:104} INFO - [2023-07-25 17:27:25,743] {dag.py:1833} INFO - Sync 1 DAGs
[2023-07-25 17:27:25,759] {logging_mixin.py:104} INFO - [2023-07-25 17:27:25,758] {dag.py:2306} INFO - Setting next_dagrun for tutorial_etl_dag to None
[2023-07-25 17:27:25,770] {scheduler_job.py:189} INFO - Processing /home/airflow/.local/lib/python3.9/site-packages/airflow/example_dags/tutorial_etl_dag.py took 0.067 seconds
[2023-07-25 17:27:55,932] {scheduler_job.py:181} INFO - Started process (PID=345) to work on /home/airflow/.local/lib/python3.9/site-packages/airflow/example_dags/tutorial_etl_dag.py
[2023-07-25 17:27:55,933] {scheduler_job.py:632} INFO - Processing file /home/airflow/.local/lib/python3.9/site-packages/airflow/example_dags/tutorial_etl_dag.py for tasks to queue
[2023-07-25 17:27:55,933] {logging_mixin.py:104} INFO - [2023-07-25 17:27:55,933] {dagbag.py:496} INFO - Filling up the DagBag from /home/airflow/.local/lib/python3.9/site-packages/airflow/example_dags/tutorial_etl_dag.py
[2023-07-25 17:27:55,946] {scheduler_job.py:642} INFO - DAG(s) dict_keys(['tutorial_etl_dag']) retrieved from /home/airflow/.local/lib/python3.9/site-packages/airflow/example_dags/tutorial_etl_dag.py
[2023-07-25 17:27:55,967] {logging_mixin.py:104} INFO - [2023-07-25 17:27:55,967] {dag.py:1833} INFO - Sync 1 DAGs
[2023-07-25 17:27:55,981] {logging_mixin.py:104} INFO - [2023-07-25 17:27:55,981] {dag.py:2306} INFO - Setting next_dagrun for tutorial_etl_dag to None
[2023-07-25 17:27:55,991] {scheduler_job.py:189} INFO - Processing /home/airflow/.local/lib/python3.9/site-packages/airflow/example_dags/tutorial_etl_dag.py took 0.063 seconds
[2023-07-25 17:28:26,166] {scheduler_job.py:181} INFO - Started process (PID=390) to work on /home/airflow/.local/lib/python3.9/site-packages/airflow/example_dags/tutorial_etl_dag.py
[2023-07-25 17:28:26,167] {scheduler_job.py:632} INFO - Processing file /home/airflow/.local/lib/python3.9/site-packages/airflow/example_dags/tutorial_etl_dag.py for tasks to queue
[2023-07-25 17:28:26,168] {logging_mixin.py:104} INFO - [2023-07-25 17:28:26,168] {dagbag.py:496} INFO - Filling up the DagBag from /home/airflow/.local/lib/python3.9/site-packages/airflow/example_dags/tutorial_etl_dag.py
[2023-07-25 17:28:26,180] {scheduler_job.py:642} INFO - DAG(s) dict_keys(['tutorial_etl_dag']) retrieved from /home/airflow/.local/lib/python3.9/site-packages/airflow/example_dags/tutorial_etl_dag.py
[2023-07-25 17:28:26,202] {logging_mixin.py:104} INFO - [2023-07-25 17:28:26,202] {dag.py:1833} INFO - Sync 1 DAGs
[2023-07-25 17:28:26,215] {logging_mixin.py:104} INFO - [2023-07-25 17:28:26,215] {dag.py:2306} INFO - Setting next_dagrun for tutorial_etl_dag to None
[2023-07-25 17:28:26,224] {scheduler_job.py:189} INFO - Processing /home/airflow/.local/lib/python3.9/site-packages/airflow/example_dags/tutorial_etl_dag.py took 0.062 seconds
[2023-07-25 17:28:56,306] {scheduler_job.py:181} INFO - Started process (PID=442) to work on /home/airflow/.local/lib/python3.9/site-packages/airflow/example_dags/tutorial_etl_dag.py
[2023-07-25 17:28:56,307] {scheduler_job.py:632} INFO - Processing file /home/airflow/.local/lib/python3.9/site-packages/airflow/example_dags/tutorial_etl_dag.py for tasks to queue
[2023-07-25 17:28:56,308] {logging_mixin.py:104} INFO - [2023-07-25 17:28:56,308] {dagbag.py:496} INFO - Filling up the DagBag from /home/airflow/.local/lib/python3.9/site-packages/airflow/example_dags/tutorial_etl_dag.py
[2023-07-25 17:28:56,321] {scheduler_job.py:642} INFO - DAG(s) dict_keys(['tutorial_etl_dag']) retrieved from /home/airflow/.local/lib/python3.9/site-packages/airflow/example_dags/tutorial_etl_dag.py
[2023-07-25 17:28:56,361] {logging_mixin.py:104} INFO - [2023-07-25 17:28:56,360] {dag.py:1833} INFO - Sync 1 DAGs
[2023-07-25 17:28:56,376] {logging_mixin.py:104} INFO - [2023-07-25 17:28:56,376] {dag.py:2306} INFO - Setting next_dagrun for tutorial_etl_dag to None
[2023-07-25 17:28:56,396] {scheduler_job.py:189} INFO - Processing /home/airflow/.local/lib/python3.9/site-packages/airflow/example_dags/tutorial_etl_dag.py took 0.093 seconds
[2023-07-25 17:29:26,539] {scheduler_job.py:181} INFO - Started process (PID=486) to work on /home/airflow/.local/lib/python3.9/site-packages/airflow/example_dags/tutorial_etl_dag.py
[2023-07-25 17:29:26,540] {scheduler_job.py:632} INFO - Processing file /home/airflow/.local/lib/python3.9/site-packages/airflow/example_dags/tutorial_etl_dag.py for tasks to queue
[2023-07-25 17:29:26,541] {logging_mixin.py:104} INFO - [2023-07-25 17:29:26,540] {dagbag.py:496} INFO - Filling up the DagBag from /home/airflow/.local/lib/python3.9/site-packages/airflow/example_dags/tutorial_etl_dag.py
[2023-07-25 17:29:26,553] {scheduler_job.py:642} INFO - DAG(s) dict_keys(['tutorial_etl_dag']) retrieved from /home/airflow/.local/lib/python3.9/site-packages/airflow/example_dags/tutorial_etl_dag.py
[2023-07-25 17:29:26,573] {logging_mixin.py:104} INFO - [2023-07-25 17:29:26,573] {dag.py:1833} INFO - Sync 1 DAGs
[2023-07-25 17:29:26,586] {logging_mixin.py:104} INFO - [2023-07-25 17:29:26,586] {dag.py:2306} INFO - Setting next_dagrun for tutorial_etl_dag to None
[2023-07-25 17:29:26,595] {scheduler_job.py:189} INFO - Processing /home/airflow/.local/lib/python3.9/site-packages/airflow/example_dags/tutorial_etl_dag.py took 0.060 seconds
[2023-07-25 17:29:56,842] {scheduler_job.py:181} INFO - Started process (PID=531) to work on /home/airflow/.local/lib/python3.9/site-packages/airflow/example_dags/tutorial_etl_dag.py
[2023-07-25 17:29:56,843] {scheduler_job.py:632} INFO - Processing file /home/airflow/.local/lib/python3.9/site-packages/airflow/example_dags/tutorial_etl_dag.py for tasks to queue
[2023-07-25 17:29:56,843] {logging_mixin.py:104} INFO - [2023-07-25 17:29:56,843] {dagbag.py:496} INFO - Filling up the DagBag from /home/airflow/.local/lib/python3.9/site-packages/airflow/example_dags/tutorial_etl_dag.py
[2023-07-25 17:29:56,857] {scheduler_job.py:642} INFO - DAG(s) dict_keys(['tutorial_etl_dag']) retrieved from /home/airflow/.local/lib/python3.9/site-packages/airflow/example_dags/tutorial_etl_dag.py
[2023-07-25 17:29:56,877] {logging_mixin.py:104} INFO - [2023-07-25 17:29:56,877] {dag.py:1833} INFO - Sync 1 DAGs
[2023-07-25 17:29:56,889] {logging_mixin.py:104} INFO - [2023-07-25 17:29:56,889] {dag.py:2306} INFO - Setting next_dagrun for tutorial_etl_dag to None
[2023-07-25 17:29:56,899] {scheduler_job.py:189} INFO - Processing /home/airflow/.local/lib/python3.9/site-packages/airflow/example_dags/tutorial_etl_dag.py took 0.062 seconds
[2023-07-25 17:30:27,127] {scheduler_job.py:181} INFO - Started process (PID=584) to work on /home/airflow/.local/lib/python3.9/site-packages/airflow/example_dags/tutorial_etl_dag.py
[2023-07-25 17:30:27,128] {scheduler_job.py:632} INFO - Processing file /home/airflow/.local/lib/python3.9/site-packages/airflow/example_dags/tutorial_etl_dag.py for tasks to queue
[2023-07-25 17:30:27,129] {logging_mixin.py:104} INFO - [2023-07-25 17:30:27,129] {dagbag.py:496} INFO - Filling up the DagBag from /home/airflow/.local/lib/python3.9/site-packages/airflow/example_dags/tutorial_etl_dag.py
[2023-07-25 17:30:27,149] {scheduler_job.py:642} INFO - DAG(s) dict_keys(['tutorial_etl_dag']) retrieved from /home/airflow/.local/lib/python3.9/site-packages/airflow/example_dags/tutorial_etl_dag.py
[2023-07-25 17:30:27,174] {logging_mixin.py:104} INFO - [2023-07-25 17:30:27,174] {dag.py:1833} INFO - Sync 1 DAGs
[2023-07-25 17:30:27,210] {logging_mixin.py:104} INFO - [2023-07-25 17:30:27,210] {dag.py:2306} INFO - Setting next_dagrun for tutorial_etl_dag to None
[2023-07-25 17:30:27,238] {scheduler_job.py:189} INFO - Processing /home/airflow/.local/lib/python3.9/site-packages/airflow/example_dags/tutorial_etl_dag.py took 0.115 seconds
[2023-07-25 17:30:57,460] {scheduler_job.py:181} INFO - Started process (PID=630) to work on /home/airflow/.local/lib/python3.9/site-packages/airflow/example_dags/tutorial_etl_dag.py
[2023-07-25 17:30:57,462] {scheduler_job.py:632} INFO - Processing file /home/airflow/.local/lib/python3.9/site-packages/airflow/example_dags/tutorial_etl_dag.py for tasks to queue
[2023-07-25 17:30:57,462] {logging_mixin.py:104} INFO - [2023-07-25 17:30:57,462] {dagbag.py:496} INFO - Filling up the DagBag from /home/airflow/.local/lib/python3.9/site-packages/airflow/example_dags/tutorial_etl_dag.py
[2023-07-25 17:30:57,476] {scheduler_job.py:642} INFO - DAG(s) dict_keys(['tutorial_etl_dag']) retrieved from /home/airflow/.local/lib/python3.9/site-packages/airflow/example_dags/tutorial_etl_dag.py
[2023-07-25 17:30:57,498] {logging_mixin.py:104} INFO - [2023-07-25 17:30:57,497] {dag.py:1833} INFO - Sync 1 DAGs
[2023-07-25 17:30:57,540] {logging_mixin.py:104} INFO - [2023-07-25 17:30:57,540] {dag.py:2306} INFO - Setting next_dagrun for tutorial_etl_dag to None
[2023-07-25 17:30:57,553] {scheduler_job.py:189} INFO - Processing /home/airflow/.local/lib/python3.9/site-packages/airflow/example_dags/tutorial_etl_dag.py took 0.096 seconds
[2023-07-25 17:31:27,983] {scheduler_job.py:181} INFO - Started process (PID=681) to work on /home/airflow/.local/lib/python3.9/site-packages/airflow/example_dags/tutorial_etl_dag.py
[2023-07-25 17:31:27,984] {scheduler_job.py:632} INFO - Processing file /home/airflow/.local/lib/python3.9/site-packages/airflow/example_dags/tutorial_etl_dag.py for tasks to queue
[2023-07-25 17:31:27,995] {logging_mixin.py:104} INFO - [2023-07-25 17:31:27,995] {dagbag.py:496} INFO - Filling up the DagBag from /home/airflow/.local/lib/python3.9/site-packages/airflow/example_dags/tutorial_etl_dag.py
[2023-07-25 17:31:28,018] {scheduler_job.py:642} INFO - DAG(s) dict_keys(['tutorial_etl_dag']) retrieved from /home/airflow/.local/lib/python3.9/site-packages/airflow/example_dags/tutorial_etl_dag.py
[2023-07-25 17:31:28,048] {logging_mixin.py:104} INFO - [2023-07-25 17:31:28,048] {dag.py:1833} INFO - Sync 1 DAGs
[2023-07-25 17:31:28,062] {logging_mixin.py:104} INFO - [2023-07-25 17:31:28,061] {dag.py:2306} INFO - Setting next_dagrun for tutorial_etl_dag to None
[2023-07-25 17:31:28,077] {scheduler_job.py:189} INFO - Processing /home/airflow/.local/lib/python3.9/site-packages/airflow/example_dags/tutorial_etl_dag.py took 0.097 seconds
[2023-07-25 17:31:58,377] {scheduler_job.py:181} INFO - Started process (PID=725) to work on /home/airflow/.local/lib/python3.9/site-packages/airflow/example_dags/tutorial_etl_dag.py
[2023-07-25 17:31:58,379] {scheduler_job.py:632} INFO - Processing file /home/airflow/.local/lib/python3.9/site-packages/airflow/example_dags/tutorial_etl_dag.py for tasks to queue
[2023-07-25 17:31:58,380] {logging_mixin.py:104} INFO - [2023-07-25 17:31:58,379] {dagbag.py:496} INFO - Filling up the DagBag from /home/airflow/.local/lib/python3.9/site-packages/airflow/example_dags/tutorial_etl_dag.py
[2023-07-25 17:31:58,391] {scheduler_job.py:642} INFO - DAG(s) dict_keys(['tutorial_etl_dag']) retrieved from /home/airflow/.local/lib/python3.9/site-packages/airflow/example_dags/tutorial_etl_dag.py
[2023-07-25 17:31:58,415] {logging_mixin.py:104} INFO - [2023-07-25 17:31:58,415] {dag.py:1833} INFO - Sync 1 DAGs
[2023-07-25 17:31:58,429] {logging_mixin.py:104} INFO - [2023-07-25 17:31:58,429] {dag.py:2306} INFO - Setting next_dagrun for tutorial_etl_dag to None
[2023-07-25 17:31:58,439] {scheduler_job.py:189} INFO - Processing /home/airflow/.local/lib/python3.9/site-packages/airflow/example_dags/tutorial_etl_dag.py took 0.065 seconds
[2023-07-25 17:32:28,942] {scheduler_job.py:181} INFO - Started process (PID=769) to work on /home/airflow/.local/lib/python3.9/site-packages/airflow/example_dags/tutorial_etl_dag.py
[2023-07-25 17:32:28,942] {scheduler_job.py:632} INFO - Processing file /home/airflow/.local/lib/python3.9/site-packages/airflow/example_dags/tutorial_etl_dag.py for tasks to queue
[2023-07-25 17:32:28,943] {logging_mixin.py:104} INFO - [2023-07-25 17:32:28,943] {dagbag.py:496} INFO - Filling up the DagBag from /home/airflow/.local/lib/python3.9/site-packages/airflow/example_dags/tutorial_etl_dag.py
[2023-07-25 17:32:28,955] {scheduler_job.py:642} INFO - DAG(s) dict_keys(['tutorial_etl_dag']) retrieved from /home/airflow/.local/lib/python3.9/site-packages/airflow/example_dags/tutorial_etl_dag.py
[2023-07-25 17:32:28,975] {logging_mixin.py:104} INFO - [2023-07-25 17:32:28,975] {dag.py:1833} INFO - Sync 1 DAGs
[2023-07-25 17:32:28,987] {logging_mixin.py:104} INFO - [2023-07-25 17:32:28,987] {dag.py:2306} INFO - Setting next_dagrun for tutorial_etl_dag to None
[2023-07-25 17:32:28,997] {scheduler_job.py:189} INFO - Processing /home/airflow/.local/lib/python3.9/site-packages/airflow/example_dags/tutorial_etl_dag.py took 0.060 seconds
[2023-07-25 17:32:59,335] {scheduler_job.py:181} INFO - Started process (PID=820) to work on /home/airflow/.local/lib/python3.9/site-packages/airflow/example_dags/tutorial_etl_dag.py
[2023-07-25 17:32:59,336] {scheduler_job.py:632} INFO - Processing file /home/airflow/.local/lib/python3.9/site-packages/airflow/example_dags/tutorial_etl_dag.py for tasks to queue
[2023-07-25 17:32:59,337] {logging_mixin.py:104} INFO - [2023-07-25 17:32:59,337] {dagbag.py:496} INFO - Filling up the DagBag from /home/airflow/.local/lib/python3.9/site-packages/airflow/example_dags/tutorial_etl_dag.py
[2023-07-25 17:32:59,360] {scheduler_job.py:642} INFO - DAG(s) dict_keys(['tutorial_etl_dag']) retrieved from /home/airflow/.local/lib/python3.9/site-packages/airflow/example_dags/tutorial_etl_dag.py
[2023-07-25 17:32:59,393] {logging_mixin.py:104} INFO - [2023-07-25 17:32:59,392] {dag.py:1833} INFO - Sync 1 DAGs
[2023-07-25 17:32:59,418] {logging_mixin.py:104} INFO - [2023-07-25 17:32:59,418] {dag.py:2306} INFO - Setting next_dagrun for tutorial_etl_dag to None
[2023-07-25 17:32:59,444] {scheduler_job.py:189} INFO - Processing /home/airflow/.local/lib/python3.9/site-packages/airflow/example_dags/tutorial_etl_dag.py took 0.122 seconds
[2023-07-25 17:33:29,865] {scheduler_job.py:181} INFO - Started process (PID=867) to work on /home/airflow/.local/lib/python3.9/site-packages/airflow/example_dags/tutorial_etl_dag.py
[2023-07-25 17:33:29,866] {scheduler_job.py:632} INFO - Processing file /home/airflow/.local/lib/python3.9/site-packages/airflow/example_dags/tutorial_etl_dag.py for tasks to queue
[2023-07-25 17:33:29,867] {logging_mixin.py:104} INFO - [2023-07-25 17:33:29,867] {dagbag.py:496} INFO - Filling up the DagBag from /home/airflow/.local/lib/python3.9/site-packages/airflow/example_dags/tutorial_etl_dag.py
[2023-07-25 17:33:29,878] {scheduler_job.py:642} INFO - DAG(s) dict_keys(['tutorial_etl_dag']) retrieved from /home/airflow/.local/lib/python3.9/site-packages/airflow/example_dags/tutorial_etl_dag.py
[2023-07-25 17:33:29,898] {logging_mixin.py:104} INFO - [2023-07-25 17:33:29,898] {dag.py:1833} INFO - Sync 1 DAGs
[2023-07-25 17:33:29,910] {logging_mixin.py:104} INFO - [2023-07-25 17:33:29,910] {dag.py:2306} INFO - Setting next_dagrun for tutorial_etl_dag to None
[2023-07-25 17:33:29,920] {scheduler_job.py:189} INFO - Processing /home/airflow/.local/lib/python3.9/site-packages/airflow/example_dags/tutorial_etl_dag.py took 0.059 seconds
[2023-07-25 17:34:00,051] {scheduler_job.py:181} INFO - Started process (PID=913) to work on /home/airflow/.local/lib/python3.9/site-packages/airflow/example_dags/tutorial_etl_dag.py
[2023-07-25 17:34:00,052] {scheduler_job.py:632} INFO - Processing file /home/airflow/.local/lib/python3.9/site-packages/airflow/example_dags/tutorial_etl_dag.py for tasks to queue
[2023-07-25 17:34:00,053] {logging_mixin.py:104} INFO - [2023-07-25 17:34:00,052] {dagbag.py:496} INFO - Filling up the DagBag from /home/airflow/.local/lib/python3.9/site-packages/airflow/example_dags/tutorial_etl_dag.py
[2023-07-25 17:34:00,065] {scheduler_job.py:642} INFO - DAG(s) dict_keys(['tutorial_etl_dag']) retrieved from /home/airflow/.local/lib/python3.9/site-packages/airflow/example_dags/tutorial_etl_dag.py
[2023-07-25 17:34:00,088] {logging_mixin.py:104} INFO - [2023-07-25 17:34:00,088] {dag.py:1833} INFO - Sync 1 DAGs
[2023-07-25 17:34:00,101] {logging_mixin.py:104} INFO - [2023-07-25 17:34:00,101] {dag.py:2306} INFO - Setting next_dagrun for tutorial_etl_dag to None
[2023-07-25 17:34:00,113] {scheduler_job.py:189} INFO - Processing /home/airflow/.local/lib/python3.9/site-packages/airflow/example_dags/tutorial_etl_dag.py took 0.066 seconds
[2023-07-25 17:34:30,164] {scheduler_job.py:181} INFO - Started process (PID=965) to work on /home/airflow/.local/lib/python3.9/site-packages/airflow/example_dags/tutorial_etl_dag.py
[2023-07-25 17:34:30,165] {scheduler_job.py:632} INFO - Processing file /home/airflow/.local/lib/python3.9/site-packages/airflow/example_dags/tutorial_etl_dag.py for tasks to queue
[2023-07-25 17:34:30,165] {logging_mixin.py:104} INFO - [2023-07-25 17:34:30,165] {dagbag.py:496} INFO - Filling up the DagBag from /home/airflow/.local/lib/python3.9/site-packages/airflow/example_dags/tutorial_etl_dag.py
[2023-07-25 17:34:30,177] {scheduler_job.py:642} INFO - DAG(s) dict_keys(['tutorial_etl_dag']) retrieved from /home/airflow/.local/lib/python3.9/site-packages/airflow/example_dags/tutorial_etl_dag.py
[2023-07-25 17:34:30,197] {logging_mixin.py:104} INFO - [2023-07-25 17:34:30,197] {dag.py:1833} INFO - Sync 1 DAGs
[2023-07-25 17:34:30,211] {logging_mixin.py:104} INFO - [2023-07-25 17:34:30,211] {dag.py:2306} INFO - Setting next_dagrun for tutorial_etl_dag to None
[2023-07-25 17:34:30,222] {scheduler_job.py:189} INFO - Processing /home/airflow/.local/lib/python3.9/site-packages/airflow/example_dags/tutorial_etl_dag.py took 0.062 seconds
[2023-07-25 17:35:00,379] {scheduler_job.py:181} INFO - Started process (PID=1010) to work on /home/airflow/.local/lib/python3.9/site-packages/airflow/example_dags/tutorial_etl_dag.py
[2023-07-25 17:35:00,381] {scheduler_job.py:632} INFO - Processing file /home/airflow/.local/lib/python3.9/site-packages/airflow/example_dags/tutorial_etl_dag.py for tasks to queue
[2023-07-25 17:35:00,381] {logging_mixin.py:104} INFO - [2023-07-25 17:35:00,381] {dagbag.py:496} INFO - Filling up the DagBag from /home/airflow/.local/lib/python3.9/site-packages/airflow/example_dags/tutorial_etl_dag.py
[2023-07-25 17:35:00,403] {scheduler_job.py:642} INFO - DAG(s) dict_keys(['tutorial_etl_dag']) retrieved from /home/airflow/.local/lib/python3.9/site-packages/airflow/example_dags/tutorial_etl_dag.py
[2023-07-25 17:35:00,463] {logging_mixin.py:104} INFO - [2023-07-25 17:35:00,463] {dag.py:1833} INFO - Sync 1 DAGs
[2023-07-25 17:35:00,518] {logging_mixin.py:104} INFO - [2023-07-25 17:35:00,518] {dag.py:2306} INFO - Setting next_dagrun for tutorial_etl_dag to None
[2023-07-25 17:35:00,546] {scheduler_job.py:189} INFO - Processing /home/airflow/.local/lib/python3.9/site-packages/airflow/example_dags/tutorial_etl_dag.py took 0.171 seconds
[2023-07-25 17:35:30,585] {scheduler_job.py:181} INFO - Started process (PID=1062) to work on /home/airflow/.local/lib/python3.9/site-packages/airflow/example_dags/tutorial_etl_dag.py
[2023-07-25 17:35:30,586] {scheduler_job.py:632} INFO - Processing file /home/airflow/.local/lib/python3.9/site-packages/airflow/example_dags/tutorial_etl_dag.py for tasks to queue
[2023-07-25 17:35:30,587] {logging_mixin.py:104} INFO - [2023-07-25 17:35:30,587] {dagbag.py:496} INFO - Filling up the DagBag from /home/airflow/.local/lib/python3.9/site-packages/airflow/example_dags/tutorial_etl_dag.py
[2023-07-25 17:35:30,600] {scheduler_job.py:642} INFO - DAG(s) dict_keys(['tutorial_etl_dag']) retrieved from /home/airflow/.local/lib/python3.9/site-packages/airflow/example_dags/tutorial_etl_dag.py
[2023-07-25 17:35:30,622] {logging_mixin.py:104} INFO - [2023-07-25 17:35:30,622] {dag.py:1833} INFO - Sync 1 DAGs
[2023-07-25 17:35:30,636] {logging_mixin.py:104} INFO - [2023-07-25 17:35:30,636] {dag.py:2306} INFO - Setting next_dagrun for tutorial_etl_dag to None
[2023-07-25 17:35:30,826] {scheduler_job.py:189} INFO - Processing /home/airflow/.local/lib/python3.9/site-packages/airflow/example_dags/tutorial_etl_dag.py took 0.245 seconds
[2023-07-25 17:36:01,108] {scheduler_job.py:181} INFO - Started process (PID=1108) to work on /home/airflow/.local/lib/python3.9/site-packages/airflow/example_dags/tutorial_etl_dag.py
[2023-07-25 17:36:01,109] {scheduler_job.py:632} INFO - Processing file /home/airflow/.local/lib/python3.9/site-packages/airflow/example_dags/tutorial_etl_dag.py for tasks to queue
[2023-07-25 17:36:01,109] {logging_mixin.py:104} INFO - [2023-07-25 17:36:01,109] {dagbag.py:496} INFO - Filling up the DagBag from /home/airflow/.local/lib/python3.9/site-packages/airflow/example_dags/tutorial_etl_dag.py
[2023-07-25 17:36:01,123] {scheduler_job.py:642} INFO - DAG(s) dict_keys(['tutorial_etl_dag']) retrieved from /home/airflow/.local/lib/python3.9/site-packages/airflow/example_dags/tutorial_etl_dag.py
[2023-07-25 17:36:01,146] {logging_mixin.py:104} INFO - [2023-07-25 17:36:01,146] {dag.py:1833} INFO - Sync 1 DAGs
[2023-07-25 17:36:01,164] {logging_mixin.py:104} INFO - [2023-07-25 17:36:01,164] {dag.py:2306} INFO - Setting next_dagrun for tutorial_etl_dag to None
[2023-07-25 17:36:01,302] {scheduler_job.py:189} INFO - Processing /home/airflow/.local/lib/python3.9/site-packages/airflow/example_dags/tutorial_etl_dag.py took 0.199 seconds
[2023-07-25 17:36:31,358] {scheduler_job.py:181} INFO - Started process (PID=1152) to work on /home/airflow/.local/lib/python3.9/site-packages/airflow/example_dags/tutorial_etl_dag.py
[2023-07-25 17:36:31,360] {scheduler_job.py:632} INFO - Processing file /home/airflow/.local/lib/python3.9/site-packages/airflow/example_dags/tutorial_etl_dag.py for tasks to queue
[2023-07-25 17:36:31,360] {logging_mixin.py:104} INFO - [2023-07-25 17:36:31,360] {dagbag.py:496} INFO - Filling up the DagBag from /home/airflow/.local/lib/python3.9/site-packages/airflow/example_dags/tutorial_etl_dag.py
[2023-07-25 17:36:31,372] {scheduler_job.py:642} INFO - DAG(s) dict_keys(['tutorial_etl_dag']) retrieved from /home/airflow/.local/lib/python3.9/site-packages/airflow/example_dags/tutorial_etl_dag.py
[2023-07-25 17:36:31,392] {logging_mixin.py:104} INFO - [2023-07-25 17:36:31,392] {dag.py:1833} INFO - Sync 1 DAGs
[2023-07-25 17:36:31,531] {logging_mixin.py:104} INFO - [2023-07-25 17:36:31,531] {dag.py:2306} INFO - Setting next_dagrun for tutorial_etl_dag to None
[2023-07-25 17:36:31,540] {scheduler_job.py:189} INFO - Processing /home/airflow/.local/lib/python3.9/site-packages/airflow/example_dags/tutorial_etl_dag.py took 0.186 seconds
[2023-07-25 17:37:01,637] {scheduler_job.py:181} INFO - Started process (PID=1197) to work on /home/airflow/.local/lib/python3.9/site-packages/airflow/example_dags/tutorial_etl_dag.py
[2023-07-25 17:37:01,638] {scheduler_job.py:632} INFO - Processing file /home/airflow/.local/lib/python3.9/site-packages/airflow/example_dags/tutorial_etl_dag.py for tasks to queue
[2023-07-25 17:37:01,638] {logging_mixin.py:104} INFO - [2023-07-25 17:37:01,638] {dagbag.py:496} INFO - Filling up the DagBag from /home/airflow/.local/lib/python3.9/site-packages/airflow/example_dags/tutorial_etl_dag.py
[2023-07-25 17:37:01,667] {scheduler_job.py:642} INFO - DAG(s) dict_keys(['tutorial_etl_dag']) retrieved from /home/airflow/.local/lib/python3.9/site-packages/airflow/example_dags/tutorial_etl_dag.py
[2023-07-25 17:37:01,696] {logging_mixin.py:104} INFO - [2023-07-25 17:37:01,695] {dag.py:1833} INFO - Sync 1 DAGs
[2023-07-25 17:37:01,849] {logging_mixin.py:104} INFO - [2023-07-25 17:37:01,848] {dag.py:2306} INFO - Setting next_dagrun for tutorial_etl_dag to None
[2023-07-25 17:37:01,859] {scheduler_job.py:189} INFO - Processing /home/airflow/.local/lib/python3.9/site-packages/airflow/example_dags/tutorial_etl_dag.py took 0.232 seconds
[2023-07-25 17:37:32,423] {scheduler_job.py:181} INFO - Started process (PID=1248) to work on /home/airflow/.local/lib/python3.9/site-packages/airflow/example_dags/tutorial_etl_dag.py
[2023-07-25 17:37:32,424] {scheduler_job.py:632} INFO - Processing file /home/airflow/.local/lib/python3.9/site-packages/airflow/example_dags/tutorial_etl_dag.py for tasks to queue
[2023-07-25 17:37:32,446] {logging_mixin.py:104} INFO - [2023-07-25 17:37:32,446] {dagbag.py:496} INFO - Filling up the DagBag from /home/airflow/.local/lib/python3.9/site-packages/airflow/example_dags/tutorial_etl_dag.py
[2023-07-25 17:37:32,488] {scheduler_job.py:642} INFO - DAG(s) dict_keys(['tutorial_etl_dag']) retrieved from /home/airflow/.local/lib/python3.9/site-packages/airflow/example_dags/tutorial_etl_dag.py
[2023-07-25 17:37:32,565] {logging_mixin.py:104} INFO - [2023-07-25 17:37:32,565] {dag.py:1833} INFO - Sync 1 DAGs
[2023-07-25 17:37:33,005] {logging_mixin.py:104} INFO - [2023-07-25 17:37:33,005] {dag.py:2306} INFO - Setting next_dagrun for tutorial_etl_dag to None
[2023-07-25 17:37:33,028] {scheduler_job.py:189} INFO - Processing /home/airflow/.local/lib/python3.9/site-packages/airflow/example_dags/tutorial_etl_dag.py took 0.609 seconds
[2023-07-25 17:38:03,691] {scheduler_job.py:181} INFO - Started process (PID=1293) to work on /home/airflow/.local/lib/python3.9/site-packages/airflow/example_dags/tutorial_etl_dag.py
[2023-07-25 17:38:03,692] {scheduler_job.py:632} INFO - Processing file /home/airflow/.local/lib/python3.9/site-packages/airflow/example_dags/tutorial_etl_dag.py for tasks to queue
[2023-07-25 17:38:03,692] {logging_mixin.py:104} INFO - [2023-07-25 17:38:03,692] {dagbag.py:496} INFO - Filling up the DagBag from /home/airflow/.local/lib/python3.9/site-packages/airflow/example_dags/tutorial_etl_dag.py
[2023-07-25 17:38:03,706] {scheduler_job.py:642} INFO - DAG(s) dict_keys(['tutorial_etl_dag']) retrieved from /home/airflow/.local/lib/python3.9/site-packages/airflow/example_dags/tutorial_etl_dag.py
[2023-07-25 17:38:03,731] {logging_mixin.py:104} INFO - [2023-07-25 17:38:03,731] {dag.py:1833} INFO - Sync 1 DAGs
[2023-07-25 17:38:03,879] {logging_mixin.py:104} INFO - [2023-07-25 17:38:03,879] {dag.py:2306} INFO - Setting next_dagrun for tutorial_etl_dag to None
[2023-07-25 17:38:03,888] {scheduler_job.py:189} INFO - Processing /home/airflow/.local/lib/python3.9/site-packages/airflow/example_dags/tutorial_etl_dag.py took 0.202 seconds
[2023-07-25 17:38:34,559] {scheduler_job.py:181} INFO - Started process (PID=1339) to work on /home/airflow/.local/lib/python3.9/site-packages/airflow/example_dags/tutorial_etl_dag.py
[2023-07-25 17:38:34,560] {scheduler_job.py:632} INFO - Processing file /home/airflow/.local/lib/python3.9/site-packages/airflow/example_dags/tutorial_etl_dag.py for tasks to queue
[2023-07-25 17:38:34,560] {logging_mixin.py:104} INFO - [2023-07-25 17:38:34,560] {dagbag.py:496} INFO - Filling up the DagBag from /home/airflow/.local/lib/python3.9/site-packages/airflow/example_dags/tutorial_etl_dag.py
[2023-07-25 17:38:34,572] {scheduler_job.py:642} INFO - DAG(s) dict_keys(['tutorial_etl_dag']) retrieved from /home/airflow/.local/lib/python3.9/site-packages/airflow/example_dags/tutorial_etl_dag.py
[2023-07-25 17:38:34,617] {logging_mixin.py:104} INFO - [2023-07-25 17:38:34,617] {dag.py:1833} INFO - Sync 1 DAGs
[2023-07-25 17:38:34,763] {logging_mixin.py:104} INFO - [2023-07-25 17:38:34,763] {dag.py:2306} INFO - Setting next_dagrun for tutorial_etl_dag to None
[2023-07-25 17:38:34,793] {scheduler_job.py:189} INFO - Processing /home/airflow/.local/lib/python3.9/site-packages/airflow/example_dags/tutorial_etl_dag.py took 0.238 seconds
[2023-07-25 17:39:05,433] {scheduler_job.py:181} INFO - Started process (PID=1392) to work on /home/airflow/.local/lib/python3.9/site-packages/airflow/example_dags/tutorial_etl_dag.py
[2023-07-25 17:39:05,434] {scheduler_job.py:632} INFO - Processing file /home/airflow/.local/lib/python3.9/site-packages/airflow/example_dags/tutorial_etl_dag.py for tasks to queue
[2023-07-25 17:39:05,434] {logging_mixin.py:104} INFO - [2023-07-25 17:39:05,434] {dagbag.py:496} INFO - Filling up the DagBag from /home/airflow/.local/lib/python3.9/site-packages/airflow/example_dags/tutorial_etl_dag.py
[2023-07-25 17:39:05,447] {scheduler_job.py:642} INFO - DAG(s) dict_keys(['tutorial_etl_dag']) retrieved from /home/airflow/.local/lib/python3.9/site-packages/airflow/example_dags/tutorial_etl_dag.py
[2023-07-25 17:39:05,470] {logging_mixin.py:104} INFO - [2023-07-25 17:39:05,470] {dag.py:1833} INFO - Sync 1 DAGs
[2023-07-25 17:39:05,610] {logging_mixin.py:104} INFO - [2023-07-25 17:39:05,610] {dag.py:2306} INFO - Setting next_dagrun for tutorial_etl_dag to None
[2023-07-25 17:39:05,619] {scheduler_job.py:189} INFO - Processing /home/airflow/.local/lib/python3.9/site-packages/airflow/example_dags/tutorial_etl_dag.py took 0.190 seconds
[2023-07-25 17:39:36,202] {scheduler_job.py:181} INFO - Started process (PID=1437) to work on /home/airflow/.local/lib/python3.9/site-packages/airflow/example_dags/tutorial_etl_dag.py
[2023-07-25 17:39:36,204] {scheduler_job.py:632} INFO - Processing file /home/airflow/.local/lib/python3.9/site-packages/airflow/example_dags/tutorial_etl_dag.py for tasks to queue
[2023-07-25 17:39:36,205] {logging_mixin.py:104} INFO - [2023-07-25 17:39:36,205] {dagbag.py:496} INFO - Filling up the DagBag from /home/airflow/.local/lib/python3.9/site-packages/airflow/example_dags/tutorial_etl_dag.py
[2023-07-25 17:39:36,220] {scheduler_job.py:642} INFO - DAG(s) dict_keys(['tutorial_etl_dag']) retrieved from /home/airflow/.local/lib/python3.9/site-packages/airflow/example_dags/tutorial_etl_dag.py
[2023-07-25 17:39:36,265] {logging_mixin.py:104} INFO - [2023-07-25 17:39:36,265] {dag.py:1833} INFO - Sync 1 DAGs
[2023-07-25 17:39:36,504] {logging_mixin.py:104} INFO - [2023-07-25 17:39:36,504] {dag.py:2306} INFO - Setting next_dagrun for tutorial_etl_dag to None
[2023-07-25 17:39:36,513] {scheduler_job.py:189} INFO - Processing /home/airflow/.local/lib/python3.9/site-packages/airflow/example_dags/tutorial_etl_dag.py took 0.314 seconds
[2023-07-25 17:40:07,233] {scheduler_job.py:181} INFO - Started process (PID=1490) to work on /home/airflow/.local/lib/python3.9/site-packages/airflow/example_dags/tutorial_etl_dag.py
[2023-07-25 17:40:07,234] {scheduler_job.py:632} INFO - Processing file /home/airflow/.local/lib/python3.9/site-packages/airflow/example_dags/tutorial_etl_dag.py for tasks to queue
[2023-07-25 17:40:07,234] {logging_mixin.py:104} INFO - [2023-07-25 17:40:07,234] {dagbag.py:496} INFO - Filling up the DagBag from /home/airflow/.local/lib/python3.9/site-packages/airflow/example_dags/tutorial_etl_dag.py
[2023-07-25 17:40:07,264] {scheduler_job.py:642} INFO - DAG(s) dict_keys(['tutorial_etl_dag']) retrieved from /home/airflow/.local/lib/python3.9/site-packages/airflow/example_dags/tutorial_etl_dag.py
[2023-07-25 17:40:07,485] {logging_mixin.py:104} INFO - [2023-07-25 17:40:07,485] {dag.py:1833} INFO - Sync 1 DAGs
[2023-07-25 17:40:07,508] {logging_mixin.py:104} INFO - [2023-07-25 17:40:07,508] {dag.py:2306} INFO - Setting next_dagrun for tutorial_etl_dag to None
[2023-07-25 17:40:07,523] {scheduler_job.py:189} INFO - Processing /home/airflow/.local/lib/python3.9/site-packages/airflow/example_dags/tutorial_etl_dag.py took 0.294 seconds
[2023-07-25 17:40:37,931] {scheduler_job.py:181} INFO - Started process (PID=1535) to work on /home/airflow/.local/lib/python3.9/site-packages/airflow/example_dags/tutorial_etl_dag.py
[2023-07-25 17:40:37,932] {scheduler_job.py:632} INFO - Processing file /home/airflow/.local/lib/python3.9/site-packages/airflow/example_dags/tutorial_etl_dag.py for tasks to queue
[2023-07-25 17:40:37,932] {logging_mixin.py:104} INFO - [2023-07-25 17:40:37,932] {dagbag.py:496} INFO - Filling up the DagBag from /home/airflow/.local/lib/python3.9/site-packages/airflow/example_dags/tutorial_etl_dag.py
[2023-07-25 17:40:37,947] {scheduler_job.py:642} INFO - DAG(s) dict_keys(['tutorial_etl_dag']) retrieved from /home/airflow/.local/lib/python3.9/site-packages/airflow/example_dags/tutorial_etl_dag.py
[2023-07-25 17:40:38,095] {logging_mixin.py:104} INFO - [2023-07-25 17:40:38,095] {dag.py:1833} INFO - Sync 1 DAGs
[2023-07-25 17:40:38,112] {logging_mixin.py:104} INFO - [2023-07-25 17:40:38,112] {dag.py:2306} INFO - Setting next_dagrun for tutorial_etl_dag to None
[2023-07-25 17:40:38,120] {scheduler_job.py:189} INFO - Processing /home/airflow/.local/lib/python3.9/site-packages/airflow/example_dags/tutorial_etl_dag.py took 0.193 seconds
[2023-07-25 17:41:08,703] {scheduler_job.py:181} INFO - Started process (PID=1580) to work on /home/airflow/.local/lib/python3.9/site-packages/airflow/example_dags/tutorial_etl_dag.py
[2023-07-25 17:41:08,707] {scheduler_job.py:632} INFO - Processing file /home/airflow/.local/lib/python3.9/site-packages/airflow/example_dags/tutorial_etl_dag.py for tasks to queue
[2023-07-25 17:41:08,708] {logging_mixin.py:104} INFO - [2023-07-25 17:41:08,707] {dagbag.py:496} INFO - Filling up the DagBag from /home/airflow/.local/lib/python3.9/site-packages/airflow/example_dags/tutorial_etl_dag.py
[2023-07-25 17:41:08,990] {scheduler_job.py:642} INFO - DAG(s) dict_keys(['tutorial_etl_dag']) retrieved from /home/airflow/.local/lib/python3.9/site-packages/airflow/example_dags/tutorial_etl_dag.py
[2023-07-25 17:41:09,042] {logging_mixin.py:104} INFO - [2023-07-25 17:41:09,042] {dag.py:1833} INFO - Sync 1 DAGs
[2023-07-25 17:41:09,063] {logging_mixin.py:104} INFO - [2023-07-25 17:41:09,063] {dag.py:2306} INFO - Setting next_dagrun for tutorial_etl_dag to None
[2023-07-25 17:41:09,072] {scheduler_job.py:189} INFO - Processing /home/airflow/.local/lib/python3.9/site-packages/airflow/example_dags/tutorial_etl_dag.py took 0.373 seconds
[2023-07-25 17:41:39,183] {scheduler_job.py:181} INFO - Started process (PID=1632) to work on /home/airflow/.local/lib/python3.9/site-packages/airflow/example_dags/tutorial_etl_dag.py
[2023-07-25 17:41:39,184] {scheduler_job.py:632} INFO - Processing file /home/airflow/.local/lib/python3.9/site-packages/airflow/example_dags/tutorial_etl_dag.py for tasks to queue
[2023-07-25 17:41:39,191] {logging_mixin.py:104} INFO - [2023-07-25 17:41:39,190] {dagbag.py:496} INFO - Filling up the DagBag from /home/airflow/.local/lib/python3.9/site-packages/airflow/example_dags/tutorial_etl_dag.py
[2023-07-25 17:41:39,553] {scheduler_job.py:642} INFO - DAG(s) dict_keys(['tutorial_etl_dag']) retrieved from /home/airflow/.local/lib/python3.9/site-packages/airflow/example_dags/tutorial_etl_dag.py
[2023-07-25 17:41:39,582] {logging_mixin.py:104} INFO - [2023-07-25 17:41:39,581] {dag.py:1833} INFO - Sync 1 DAGs
[2023-07-25 17:41:39,592] {logging_mixin.py:104} INFO - [2023-07-25 17:41:39,592] {dag.py:2306} INFO - Setting next_dagrun for tutorial_etl_dag to None
[2023-07-25 17:41:39,600] {scheduler_job.py:189} INFO - Processing /home/airflow/.local/lib/python3.9/site-packages/airflow/example_dags/tutorial_etl_dag.py took 0.421 seconds
[2023-07-25 17:42:09,981] {scheduler_job.py:181} INFO - Started process (PID=1677) to work on /home/airflow/.local/lib/python3.9/site-packages/airflow/example_dags/tutorial_etl_dag.py
[2023-07-25 17:42:09,983] {scheduler_job.py:632} INFO - Processing file /home/airflow/.local/lib/python3.9/site-packages/airflow/example_dags/tutorial_etl_dag.py for tasks to queue
[2023-07-25 17:42:09,983] {logging_mixin.py:104} INFO - [2023-07-25 17:42:09,983] {dagbag.py:496} INFO - Filling up the DagBag from /home/airflow/.local/lib/python3.9/site-packages/airflow/example_dags/tutorial_etl_dag.py
[2023-07-25 17:42:10,126] {scheduler_job.py:642} INFO - DAG(s) dict_keys(['tutorial_etl_dag']) retrieved from /home/airflow/.local/lib/python3.9/site-packages/airflow/example_dags/tutorial_etl_dag.py
[2023-07-25 17:42:10,146] {logging_mixin.py:104} INFO - [2023-07-25 17:42:10,146] {dag.py:1833} INFO - Sync 1 DAGs
[2023-07-25 17:42:10,158] {logging_mixin.py:104} INFO - [2023-07-25 17:42:10,158] {dag.py:2306} INFO - Setting next_dagrun for tutorial_etl_dag to None
[2023-07-25 17:42:10,168] {scheduler_job.py:189} INFO - Processing /home/airflow/.local/lib/python3.9/site-packages/airflow/example_dags/tutorial_etl_dag.py took 0.190 seconds
[2023-07-25 17:42:40,363] {scheduler_job.py:181} INFO - Started process (PID=1721) to work on /home/airflow/.local/lib/python3.9/site-packages/airflow/example_dags/tutorial_etl_dag.py
[2023-07-25 17:42:40,365] {scheduler_job.py:632} INFO - Processing file /home/airflow/.local/lib/python3.9/site-packages/airflow/example_dags/tutorial_etl_dag.py for tasks to queue
[2023-07-25 17:42:40,365] {logging_mixin.py:104} INFO - [2023-07-25 17:42:40,365] {dagbag.py:496} INFO - Filling up the DagBag from /home/airflow/.local/lib/python3.9/site-packages/airflow/example_dags/tutorial_etl_dag.py
[2023-07-25 17:42:40,510] {scheduler_job.py:642} INFO - DAG(s) dict_keys(['tutorial_etl_dag']) retrieved from /home/airflow/.local/lib/python3.9/site-packages/airflow/example_dags/tutorial_etl_dag.py
[2023-07-25 17:42:40,529] {logging_mixin.py:104} INFO - [2023-07-25 17:42:40,529] {dag.py:1833} INFO - Sync 1 DAGs
[2023-07-25 17:42:40,548] {logging_mixin.py:104} INFO - [2023-07-25 17:42:40,539] {dag.py:2306} INFO - Setting next_dagrun for tutorial_etl_dag to None
[2023-07-25 17:42:40,557] {scheduler_job.py:189} INFO - Processing /home/airflow/.local/lib/python3.9/site-packages/airflow/example_dags/tutorial_etl_dag.py took 0.198 seconds
[2023-07-25 17:43:11,280] {scheduler_job.py:181} INFO - Started process (PID=1767) to work on /home/airflow/.local/lib/python3.9/site-packages/airflow/example_dags/tutorial_etl_dag.py
[2023-07-25 17:43:11,281] {scheduler_job.py:632} INFO - Processing file /home/airflow/.local/lib/python3.9/site-packages/airflow/example_dags/tutorial_etl_dag.py for tasks to queue
[2023-07-25 17:43:11,281] {logging_mixin.py:104} INFO - [2023-07-25 17:43:11,281] {dagbag.py:496} INFO - Filling up the DagBag from /home/airflow/.local/lib/python3.9/site-packages/airflow/example_dags/tutorial_etl_dag.py
[2023-07-25 17:43:11,430] {scheduler_job.py:642} INFO - DAG(s) dict_keys(['tutorial_etl_dag']) retrieved from /home/airflow/.local/lib/python3.9/site-packages/airflow/example_dags/tutorial_etl_dag.py
[2023-07-25 17:43:11,447] {logging_mixin.py:104} INFO - [2023-07-25 17:43:11,447] {dag.py:1833} INFO - Sync 1 DAGs
[2023-07-25 17:43:11,457] {logging_mixin.py:104} INFO - [2023-07-25 17:43:11,457] {dag.py:2306} INFO - Setting next_dagrun for tutorial_etl_dag to None
[2023-07-25 17:43:11,466] {scheduler_job.py:189} INFO - Processing /home/airflow/.local/lib/python3.9/site-packages/airflow/example_dags/tutorial_etl_dag.py took 0.190 seconds
[2023-07-25 17:43:42,063] {scheduler_job.py:181} INFO - Started process (PID=1821) to work on /home/airflow/.local/lib/python3.9/site-packages/airflow/example_dags/tutorial_etl_dag.py
[2023-07-25 17:43:42,064] {scheduler_job.py:632} INFO - Processing file /home/airflow/.local/lib/python3.9/site-packages/airflow/example_dags/tutorial_etl_dag.py for tasks to queue
[2023-07-25 17:43:42,075] {logging_mixin.py:104} INFO - [2023-07-25 17:43:42,064] {dagbag.py:496} INFO - Filling up the DagBag from /home/airflow/.local/lib/python3.9/site-packages/airflow/example_dags/tutorial_etl_dag.py
[2023-07-25 17:43:42,420] {scheduler_job.py:642} INFO - DAG(s) dict_keys(['tutorial_etl_dag']) retrieved from /home/airflow/.local/lib/python3.9/site-packages/airflow/example_dags/tutorial_etl_dag.py
[2023-07-25 17:43:42,458] {logging_mixin.py:104} INFO - [2023-07-25 17:43:42,458] {dag.py:1833} INFO - Sync 1 DAGs
[2023-07-25 17:43:42,479] {logging_mixin.py:104} INFO - [2023-07-25 17:43:42,479] {dag.py:2306} INFO - Setting next_dagrun for tutorial_etl_dag to None
[2023-07-25 17:43:42,504] {scheduler_job.py:189} INFO - Processing /home/airflow/.local/lib/python3.9/site-packages/airflow/example_dags/tutorial_etl_dag.py took 0.445 seconds
[2023-07-25 17:44:12,878] {scheduler_job.py:181} INFO - Started process (PID=1868) to work on /home/airflow/.local/lib/python3.9/site-packages/airflow/example_dags/tutorial_etl_dag.py
[2023-07-25 17:44:13,007] {scheduler_job.py:632} INFO - Processing file /home/airflow/.local/lib/python3.9/site-packages/airflow/example_dags/tutorial_etl_dag.py for tasks to queue
[2023-07-25 17:44:13,007] {logging_mixin.py:104} INFO - [2023-07-25 17:44:13,007] {dagbag.py:496} INFO - Filling up the DagBag from /home/airflow/.local/lib/python3.9/site-packages/airflow/example_dags/tutorial_etl_dag.py
[2023-07-25 17:44:13,016] {scheduler_job.py:642} INFO - DAG(s) dict_keys(['tutorial_etl_dag']) retrieved from /home/airflow/.local/lib/python3.9/site-packages/airflow/example_dags/tutorial_etl_dag.py
[2023-07-25 17:44:13,035] {logging_mixin.py:104} INFO - [2023-07-25 17:44:13,035] {dag.py:1833} INFO - Sync 1 DAGs
[2023-07-25 17:44:13,046] {logging_mixin.py:104} INFO - [2023-07-25 17:44:13,046] {dag.py:2306} INFO - Setting next_dagrun for tutorial_etl_dag to None
[2023-07-25 17:44:13,054] {scheduler_job.py:189} INFO - Processing /home/airflow/.local/lib/python3.9/site-packages/airflow/example_dags/tutorial_etl_dag.py took 0.180 seconds
[2023-07-25 17:44:43,198] {scheduler_job.py:181} INFO - Started process (PID=1913) to work on /home/airflow/.local/lib/python3.9/site-packages/airflow/example_dags/tutorial_etl_dag.py
[2023-07-25 17:44:43,199] {scheduler_job.py:632} INFO - Processing file /home/airflow/.local/lib/python3.9/site-packages/airflow/example_dags/tutorial_etl_dag.py for tasks to queue
[2023-07-25 17:44:43,199] {logging_mixin.py:104} INFO - [2023-07-25 17:44:43,199] {dagbag.py:496} INFO - Filling up the DagBag from /home/airflow/.local/lib/python3.9/site-packages/airflow/example_dags/tutorial_etl_dag.py
[2023-07-25 17:44:43,213] {scheduler_job.py:642} INFO - DAG(s) dict_keys(['tutorial_etl_dag']) retrieved from /home/airflow/.local/lib/python3.9/site-packages/airflow/example_dags/tutorial_etl_dag.py
[2023-07-25 17:44:43,233] {logging_mixin.py:104} INFO - [2023-07-25 17:44:43,233] {dag.py:1833} INFO - Sync 1 DAGs
[2023-07-25 17:44:43,245] {logging_mixin.py:104} INFO - [2023-07-25 17:44:43,245] {dag.py:2306} INFO - Setting next_dagrun for tutorial_etl_dag to None
[2023-07-25 17:44:43,267] {scheduler_job.py:189} INFO - Processing /home/airflow/.local/lib/python3.9/site-packages/airflow/example_dags/tutorial_etl_dag.py took 0.074 seconds
[2023-07-25 17:45:13,893] {scheduler_job.py:181} INFO - Started process (PID=1966) to work on /home/airflow/.local/lib/python3.9/site-packages/airflow/example_dags/tutorial_etl_dag.py
[2023-07-25 17:45:13,896] {scheduler_job.py:632} INFO - Processing file /home/airflow/.local/lib/python3.9/site-packages/airflow/example_dags/tutorial_etl_dag.py for tasks to queue
[2023-07-25 17:45:13,897] {logging_mixin.py:104} INFO - [2023-07-25 17:45:13,897] {dagbag.py:496} INFO - Filling up the DagBag from /home/airflow/.local/lib/python3.9/site-packages/airflow/example_dags/tutorial_etl_dag.py
[2023-07-25 17:45:13,924] {scheduler_job.py:642} INFO - DAG(s) dict_keys(['tutorial_etl_dag']) retrieved from /home/airflow/.local/lib/python3.9/site-packages/airflow/example_dags/tutorial_etl_dag.py
[2023-07-25 17:45:13,963] {logging_mixin.py:104} INFO - [2023-07-25 17:45:13,963] {dag.py:1833} INFO - Sync 1 DAGs
[2023-07-25 17:45:13,983] {logging_mixin.py:104} INFO - [2023-07-25 17:45:13,982] {dag.py:2306} INFO - Setting next_dagrun for tutorial_etl_dag to None
[2023-07-25 17:45:13,992] {scheduler_job.py:189} INFO - Processing /home/airflow/.local/lib/python3.9/site-packages/airflow/example_dags/tutorial_etl_dag.py took 0.103 seconds
[2023-07-25 17:45:44,642] {scheduler_job.py:181} INFO - Started process (PID=2012) to work on /home/airflow/.local/lib/python3.9/site-packages/airflow/example_dags/tutorial_etl_dag.py
[2023-07-25 17:45:44,643] {scheduler_job.py:632} INFO - Processing file /home/airflow/.local/lib/python3.9/site-packages/airflow/example_dags/tutorial_etl_dag.py for tasks to queue
[2023-07-25 17:45:44,644] {logging_mixin.py:104} INFO - [2023-07-25 17:45:44,644] {dagbag.py:496} INFO - Filling up the DagBag from /home/airflow/.local/lib/python3.9/site-packages/airflow/example_dags/tutorial_etl_dag.py
[2023-07-25 17:45:44,664] {scheduler_job.py:642} INFO - DAG(s) dict_keys(['tutorial_etl_dag']) retrieved from /home/airflow/.local/lib/python3.9/site-packages/airflow/example_dags/tutorial_etl_dag.py
[2023-07-25 17:45:44,708] {logging_mixin.py:104} INFO - [2023-07-25 17:45:44,707] {dag.py:1833} INFO - Sync 1 DAGs
[2023-07-25 17:45:44,723] {logging_mixin.py:104} INFO - [2023-07-25 17:45:44,723] {dag.py:2306} INFO - Setting next_dagrun for tutorial_etl_dag to None
[2023-07-25 17:45:44,752] {scheduler_job.py:189} INFO - Processing /home/airflow/.local/lib/python3.9/site-packages/airflow/example_dags/tutorial_etl_dag.py took 0.114 seconds
[2023-07-25 17:46:14,848] {scheduler_job.py:181} INFO - Started process (PID=2058) to work on /home/airflow/.local/lib/python3.9/site-packages/airflow/example_dags/tutorial_etl_dag.py
[2023-07-25 17:46:14,849] {scheduler_job.py:632} INFO - Processing file /home/airflow/.local/lib/python3.9/site-packages/airflow/example_dags/tutorial_etl_dag.py for tasks to queue
[2023-07-25 17:46:14,850] {logging_mixin.py:104} INFO - [2023-07-25 17:46:14,850] {dagbag.py:496} INFO - Filling up the DagBag from /home/airflow/.local/lib/python3.9/site-packages/airflow/example_dags/tutorial_etl_dag.py
[2023-07-25 17:46:14,862] {scheduler_job.py:642} INFO - DAG(s) dict_keys(['tutorial_etl_dag']) retrieved from /home/airflow/.local/lib/python3.9/site-packages/airflow/example_dags/tutorial_etl_dag.py
[2023-07-25 17:46:14,887] {logging_mixin.py:104} INFO - [2023-07-25 17:46:14,886] {dag.py:1833} INFO - Sync 1 DAGs
[2023-07-25 17:46:14,908] {logging_mixin.py:104} INFO - [2023-07-25 17:46:14,908] {dag.py:2306} INFO - Setting next_dagrun for tutorial_etl_dag to None
[2023-07-25 17:46:14,919] {scheduler_job.py:189} INFO - Processing /home/airflow/.local/lib/python3.9/site-packages/airflow/example_dags/tutorial_etl_dag.py took 0.075 seconds
[2023-07-25 17:46:45,474] {scheduler_job.py:181} INFO - Started process (PID=2112) to work on /home/airflow/.local/lib/python3.9/site-packages/airflow/example_dags/tutorial_etl_dag.py
[2023-07-25 17:46:45,476] {scheduler_job.py:632} INFO - Processing file /home/airflow/.local/lib/python3.9/site-packages/airflow/example_dags/tutorial_etl_dag.py for tasks to queue
[2023-07-25 17:46:45,477] {logging_mixin.py:104} INFO - [2023-07-25 17:46:45,477] {dagbag.py:496} INFO - Filling up the DagBag from /home/airflow/.local/lib/python3.9/site-packages/airflow/example_dags/tutorial_etl_dag.py
[2023-07-25 17:46:45,489] {scheduler_job.py:642} INFO - DAG(s) dict_keys(['tutorial_etl_dag']) retrieved from /home/airflow/.local/lib/python3.9/site-packages/airflow/example_dags/tutorial_etl_dag.py
[2023-07-25 17:46:45,510] {logging_mixin.py:104} INFO - [2023-07-25 17:46:45,510] {dag.py:1833} INFO - Sync 1 DAGs
[2023-07-25 17:46:45,523] {logging_mixin.py:104} INFO - [2023-07-25 17:46:45,522] {dag.py:2306} INFO - Setting next_dagrun for tutorial_etl_dag to None
[2023-07-25 17:46:45,532] {scheduler_job.py:189} INFO - Processing /home/airflow/.local/lib/python3.9/site-packages/airflow/example_dags/tutorial_etl_dag.py took 0.062 seconds
[2023-07-25 17:47:15,937] {scheduler_job.py:181} INFO - Started process (PID=2157) to work on /home/airflow/.local/lib/python3.9/site-packages/airflow/example_dags/tutorial_etl_dag.py
[2023-07-25 17:47:15,938] {scheduler_job.py:632} INFO - Processing file /home/airflow/.local/lib/python3.9/site-packages/airflow/example_dags/tutorial_etl_dag.py for tasks to queue
[2023-07-25 17:47:15,939] {logging_mixin.py:104} INFO - [2023-07-25 17:47:15,939] {dagbag.py:496} INFO - Filling up the DagBag from /home/airflow/.local/lib/python3.9/site-packages/airflow/example_dags/tutorial_etl_dag.py
[2023-07-25 17:47:15,951] {scheduler_job.py:642} INFO - DAG(s) dict_keys(['tutorial_etl_dag']) retrieved from /home/airflow/.local/lib/python3.9/site-packages/airflow/example_dags/tutorial_etl_dag.py
[2023-07-25 17:47:15,969] {logging_mixin.py:104} INFO - [2023-07-25 17:47:15,969] {dag.py:1833} INFO - Sync 1 DAGs
[2023-07-25 17:47:15,981] {logging_mixin.py:104} INFO - [2023-07-25 17:47:15,981] {dag.py:2306} INFO - Setting next_dagrun for tutorial_etl_dag to None
[2023-07-25 17:47:15,991] {scheduler_job.py:189} INFO - Processing /home/airflow/.local/lib/python3.9/site-packages/airflow/example_dags/tutorial_etl_dag.py took 0.057 seconds
[2023-07-25 17:47:46,272] {scheduler_job.py:181} INFO - Started process (PID=2201) to work on /home/airflow/.local/lib/python3.9/site-packages/airflow/example_dags/tutorial_etl_dag.py
[2023-07-25 17:47:46,273] {scheduler_job.py:632} INFO - Processing file /home/airflow/.local/lib/python3.9/site-packages/airflow/example_dags/tutorial_etl_dag.py for tasks to queue
[2023-07-25 17:47:46,273] {logging_mixin.py:104} INFO - [2023-07-25 17:47:46,273] {dagbag.py:496} INFO - Filling up the DagBag from /home/airflow/.local/lib/python3.9/site-packages/airflow/example_dags/tutorial_etl_dag.py
[2023-07-25 17:47:46,291] {scheduler_job.py:642} INFO - DAG(s) dict_keys(['tutorial_etl_dag']) retrieved from /home/airflow/.local/lib/python3.9/site-packages/airflow/example_dags/tutorial_etl_dag.py
[2023-07-25 17:47:46,313] {logging_mixin.py:104} INFO - [2023-07-25 17:47:46,313] {dag.py:1833} INFO - Sync 1 DAGs
[2023-07-25 17:47:46,331] {logging_mixin.py:104} INFO - [2023-07-25 17:47:46,331] {dag.py:2306} INFO - Setting next_dagrun for tutorial_etl_dag to None
[2023-07-25 17:47:46,346] {scheduler_job.py:189} INFO - Processing /home/airflow/.local/lib/python3.9/site-packages/airflow/example_dags/tutorial_etl_dag.py took 0.097 seconds
[2023-07-25 17:48:16,743] {scheduler_job.py:181} INFO - Started process (PID=2252) to work on /home/airflow/.local/lib/python3.9/site-packages/airflow/example_dags/tutorial_etl_dag.py
[2023-07-25 17:48:16,744] {scheduler_job.py:632} INFO - Processing file /home/airflow/.local/lib/python3.9/site-packages/airflow/example_dags/tutorial_etl_dag.py for tasks to queue
[2023-07-25 17:48:16,745] {logging_mixin.py:104} INFO - [2023-07-25 17:48:16,745] {dagbag.py:496} INFO - Filling up the DagBag from /home/airflow/.local/lib/python3.9/site-packages/airflow/example_dags/tutorial_etl_dag.py
[2023-07-25 17:48:16,758] {scheduler_job.py:642} INFO - DAG(s) dict_keys(['tutorial_etl_dag']) retrieved from /home/airflow/.local/lib/python3.9/site-packages/airflow/example_dags/tutorial_etl_dag.py
[2023-07-25 17:48:16,779] {logging_mixin.py:104} INFO - [2023-07-25 17:48:16,779] {dag.py:1833} INFO - Sync 1 DAGs
[2023-07-25 17:48:16,804] {logging_mixin.py:104} INFO - [2023-07-25 17:48:16,804] {dag.py:2306} INFO - Setting next_dagrun for tutorial_etl_dag to None
[2023-07-25 17:48:16,815] {scheduler_job.py:189} INFO - Processing /home/airflow/.local/lib/python3.9/site-packages/airflow/example_dags/tutorial_etl_dag.py took 0.076 seconds
[2023-07-25 17:48:46,868] {scheduler_job.py:181} INFO - Started process (PID=2297) to work on /home/airflow/.local/lib/python3.9/site-packages/airflow/example_dags/tutorial_etl_dag.py
[2023-07-25 17:48:46,869] {scheduler_job.py:632} INFO - Processing file /home/airflow/.local/lib/python3.9/site-packages/airflow/example_dags/tutorial_etl_dag.py for tasks to queue
[2023-07-25 17:48:46,870] {logging_mixin.py:104} INFO - [2023-07-25 17:48:46,869] {dagbag.py:496} INFO - Filling up the DagBag from /home/airflow/.local/lib/python3.9/site-packages/airflow/example_dags/tutorial_etl_dag.py
[2023-07-25 17:48:46,883] {scheduler_job.py:642} INFO - DAG(s) dict_keys(['tutorial_etl_dag']) retrieved from /home/airflow/.local/lib/python3.9/site-packages/airflow/example_dags/tutorial_etl_dag.py
[2023-07-25 17:48:46,903] {logging_mixin.py:104} INFO - [2023-07-25 17:48:46,903] {dag.py:1833} INFO - Sync 1 DAGs
[2023-07-25 17:48:46,916] {logging_mixin.py:104} INFO - [2023-07-25 17:48:46,916] {dag.py:2306} INFO - Setting next_dagrun for tutorial_etl_dag to None
[2023-07-25 17:48:46,926] {scheduler_job.py:189} INFO - Processing /home/airflow/.local/lib/python3.9/site-packages/airflow/example_dags/tutorial_etl_dag.py took 0.064 seconds
[2023-07-25 17:49:17,146] {scheduler_job.py:181} INFO - Started process (PID=2344) to work on /home/airflow/.local/lib/python3.9/site-packages/airflow/example_dags/tutorial_etl_dag.py
[2023-07-25 17:49:17,147] {scheduler_job.py:632} INFO - Processing file /home/airflow/.local/lib/python3.9/site-packages/airflow/example_dags/tutorial_etl_dag.py for tasks to queue
[2023-07-25 17:49:17,148] {logging_mixin.py:104} INFO - [2023-07-25 17:49:17,148] {dagbag.py:496} INFO - Filling up the DagBag from /home/airflow/.local/lib/python3.9/site-packages/airflow/example_dags/tutorial_etl_dag.py
[2023-07-25 17:49:17,160] {scheduler_job.py:642} INFO - DAG(s) dict_keys(['tutorial_etl_dag']) retrieved from /home/airflow/.local/lib/python3.9/site-packages/airflow/example_dags/tutorial_etl_dag.py
[2023-07-25 17:49:17,182] {logging_mixin.py:104} INFO - [2023-07-25 17:49:17,182] {dag.py:1833} INFO - Sync 1 DAGs
[2023-07-25 17:49:17,194] {logging_mixin.py:104} INFO - [2023-07-25 17:49:17,194] {dag.py:2306} INFO - Setting next_dagrun for tutorial_etl_dag to None
[2023-07-25 17:49:17,203] {scheduler_job.py:189} INFO - Processing /home/airflow/.local/lib/python3.9/site-packages/airflow/example_dags/tutorial_etl_dag.py took 0.060 seconds
[2023-07-25 17:49:47,326] {scheduler_job.py:181} INFO - Started process (PID=2396) to work on /home/airflow/.local/lib/python3.9/site-packages/airflow/example_dags/tutorial_etl_dag.py
[2023-07-25 17:49:47,328] {scheduler_job.py:632} INFO - Processing file /home/airflow/.local/lib/python3.9/site-packages/airflow/example_dags/tutorial_etl_dag.py for tasks to queue
[2023-07-25 17:49:47,329] {logging_mixin.py:104} INFO - [2023-07-25 17:49:47,329] {dagbag.py:496} INFO - Filling up the DagBag from /home/airflow/.local/lib/python3.9/site-packages/airflow/example_dags/tutorial_etl_dag.py
[2023-07-25 17:49:47,361] {scheduler_job.py:642} INFO - DAG(s) dict_keys(['tutorial_etl_dag']) retrieved from /home/airflow/.local/lib/python3.9/site-packages/airflow/example_dags/tutorial_etl_dag.py
[2023-07-25 17:49:47,413] {logging_mixin.py:104} INFO - [2023-07-25 17:49:47,413] {dag.py:1833} INFO - Sync 1 DAGs
[2023-07-25 17:49:47,439] {logging_mixin.py:104} INFO - [2023-07-25 17:49:47,439] {dag.py:2306} INFO - Setting next_dagrun for tutorial_etl_dag to None
[2023-07-25 17:49:47,455] {scheduler_job.py:189} INFO - Processing /home/airflow/.local/lib/python3.9/site-packages/airflow/example_dags/tutorial_etl_dag.py took 0.132 seconds
[2023-07-25 17:50:17,542] {scheduler_job.py:181} INFO - Started process (PID=2442) to work on /home/airflow/.local/lib/python3.9/site-packages/airflow/example_dags/tutorial_etl_dag.py
[2023-07-25 17:50:17,543] {scheduler_job.py:632} INFO - Processing file /home/airflow/.local/lib/python3.9/site-packages/airflow/example_dags/tutorial_etl_dag.py for tasks to queue
[2023-07-25 17:50:17,543] {logging_mixin.py:104} INFO - [2023-07-25 17:50:17,543] {dagbag.py:496} INFO - Filling up the DagBag from /home/airflow/.local/lib/python3.9/site-packages/airflow/example_dags/tutorial_etl_dag.py
[2023-07-25 17:50:17,556] {scheduler_job.py:642} INFO - DAG(s) dict_keys(['tutorial_etl_dag']) retrieved from /home/airflow/.local/lib/python3.9/site-packages/airflow/example_dags/tutorial_etl_dag.py
[2023-07-25 17:50:17,577] {logging_mixin.py:104} INFO - [2023-07-25 17:50:17,576] {dag.py:1833} INFO - Sync 1 DAGs
[2023-07-25 17:50:17,589] {logging_mixin.py:104} INFO - [2023-07-25 17:50:17,588] {dag.py:2306} INFO - Setting next_dagrun for tutorial_etl_dag to None
[2023-07-25 17:50:17,597] {scheduler_job.py:189} INFO - Processing /home/airflow/.local/lib/python3.9/site-packages/airflow/example_dags/tutorial_etl_dag.py took 0.059 seconds
[2023-07-25 17:50:47,762] {scheduler_job.py:181} INFO - Started process (PID=2492) to work on /home/airflow/.local/lib/python3.9/site-packages/airflow/example_dags/tutorial_etl_dag.py
[2023-07-25 17:50:47,763] {scheduler_job.py:632} INFO - Processing file /home/airflow/.local/lib/python3.9/site-packages/airflow/example_dags/tutorial_etl_dag.py for tasks to queue
[2023-07-25 17:50:47,764] {logging_mixin.py:104} INFO - [2023-07-25 17:50:47,764] {dagbag.py:496} INFO - Filling up the DagBag from /home/airflow/.local/lib/python3.9/site-packages/airflow/example_dags/tutorial_etl_dag.py
[2023-07-25 17:50:47,787] {scheduler_job.py:642} INFO - DAG(s) dict_keys(['tutorial_etl_dag']) retrieved from /home/airflow/.local/lib/python3.9/site-packages/airflow/example_dags/tutorial_etl_dag.py
[2023-07-25 17:50:47,855] {logging_mixin.py:104} INFO - [2023-07-25 17:50:47,855] {dag.py:1833} INFO - Sync 1 DAGs
[2023-07-25 17:50:47,882] {logging_mixin.py:104} INFO - [2023-07-25 17:50:47,882] {dag.py:2306} INFO - Setting next_dagrun for tutorial_etl_dag to None
[2023-07-25 17:50:47,902] {scheduler_job.py:189} INFO - Processing /home/airflow/.local/lib/python3.9/site-packages/airflow/example_dags/tutorial_etl_dag.py took 0.143 seconds
[2023-07-25 17:51:18,345] {scheduler_job.py:181} INFO - Started process (PID=2538) to work on /home/airflow/.local/lib/python3.9/site-packages/airflow/example_dags/tutorial_etl_dag.py
[2023-07-25 17:51:18,346] {scheduler_job.py:632} INFO - Processing file /home/airflow/.local/lib/python3.9/site-packages/airflow/example_dags/tutorial_etl_dag.py for tasks to queue
[2023-07-25 17:51:18,346] {logging_mixin.py:104} INFO - [2023-07-25 17:51:18,346] {dagbag.py:496} INFO - Filling up the DagBag from /home/airflow/.local/lib/python3.9/site-packages/airflow/example_dags/tutorial_etl_dag.py
[2023-07-25 17:51:18,363] {scheduler_job.py:642} INFO - DAG(s) dict_keys(['tutorial_etl_dag']) retrieved from /home/airflow/.local/lib/python3.9/site-packages/airflow/example_dags/tutorial_etl_dag.py
[2023-07-25 17:51:18,384] {logging_mixin.py:104} INFO - [2023-07-25 17:51:18,384] {dag.py:1833} INFO - Sync 1 DAGs
[2023-07-25 17:51:18,399] {logging_mixin.py:104} INFO - [2023-07-25 17:51:18,398] {dag.py:2306} INFO - Setting next_dagrun for tutorial_etl_dag to None
[2023-07-25 17:51:18,408] {scheduler_job.py:189} INFO - Processing /home/airflow/.local/lib/python3.9/site-packages/airflow/example_dags/tutorial_etl_dag.py took 0.067 seconds
[2023-07-25 17:51:48,788] {scheduler_job.py:181} INFO - Started process (PID=2582) to work on /home/airflow/.local/lib/python3.9/site-packages/airflow/example_dags/tutorial_etl_dag.py
[2023-07-25 17:51:48,790] {scheduler_job.py:632} INFO - Processing file /home/airflow/.local/lib/python3.9/site-packages/airflow/example_dags/tutorial_etl_dag.py for tasks to queue
[2023-07-25 17:51:48,790] {logging_mixin.py:104} INFO - [2023-07-25 17:51:48,790] {dagbag.py:496} INFO - Filling up the DagBag from /home/airflow/.local/lib/python3.9/site-packages/airflow/example_dags/tutorial_etl_dag.py
[2023-07-25 17:51:48,823] {scheduler_job.py:642} INFO - DAG(s) dict_keys(['tutorial_etl_dag']) retrieved from /home/airflow/.local/lib/python3.9/site-packages/airflow/example_dags/tutorial_etl_dag.py
[2023-07-25 17:51:48,894] {logging_mixin.py:104} INFO - [2023-07-25 17:51:48,894] {dag.py:1833} INFO - Sync 1 DAGs
[2023-07-25 17:51:48,926] {logging_mixin.py:104} INFO - [2023-07-25 17:51:48,926] {dag.py:2306} INFO - Setting next_dagrun for tutorial_etl_dag to None
[2023-07-25 17:51:48,935] {scheduler_job.py:189} INFO - Processing /home/airflow/.local/lib/python3.9/site-packages/airflow/example_dags/tutorial_etl_dag.py took 0.156 seconds
[2023-07-25 17:52:19,439] {scheduler_job.py:181} INFO - Started process (PID=2634) to work on /home/airflow/.local/lib/python3.9/site-packages/airflow/example_dags/tutorial_etl_dag.py
[2023-07-25 17:52:19,440] {scheduler_job.py:632} INFO - Processing file /home/airflow/.local/lib/python3.9/site-packages/airflow/example_dags/tutorial_etl_dag.py for tasks to queue
[2023-07-25 17:52:19,440] {logging_mixin.py:104} INFO - [2023-07-25 17:52:19,440] {dagbag.py:496} INFO - Filling up the DagBag from /home/airflow/.local/lib/python3.9/site-packages/airflow/example_dags/tutorial_etl_dag.py
[2023-07-25 17:52:19,474] {scheduler_job.py:642} INFO - DAG(s) dict_keys(['tutorial_etl_dag']) retrieved from /home/airflow/.local/lib/python3.9/site-packages/airflow/example_dags/tutorial_etl_dag.py
[2023-07-25 17:52:19,504] {logging_mixin.py:104} INFO - [2023-07-25 17:52:19,503] {dag.py:1833} INFO - Sync 1 DAGs
[2023-07-25 17:52:19,517] {logging_mixin.py:104} INFO - [2023-07-25 17:52:19,517] {dag.py:2306} INFO - Setting next_dagrun for tutorial_etl_dag to None
[2023-07-25 17:52:19,526] {scheduler_job.py:189} INFO - Processing /home/airflow/.local/lib/python3.9/site-packages/airflow/example_dags/tutorial_etl_dag.py took 0.091 seconds
[2023-07-25 17:52:50,391] {scheduler_job.py:181} INFO - Started process (PID=2678) to work on /home/airflow/.local/lib/python3.9/site-packages/airflow/example_dags/tutorial_etl_dag.py
[2023-07-25 17:52:50,392] {scheduler_job.py:632} INFO - Processing file /home/airflow/.local/lib/python3.9/site-packages/airflow/example_dags/tutorial_etl_dag.py for tasks to queue
[2023-07-25 17:52:50,393] {logging_mixin.py:104} INFO - [2023-07-25 17:52:50,393] {dagbag.py:496} INFO - Filling up the DagBag from /home/airflow/.local/lib/python3.9/site-packages/airflow/example_dags/tutorial_etl_dag.py
[2023-07-25 17:52:50,406] {scheduler_job.py:642} INFO - DAG(s) dict_keys(['tutorial_etl_dag']) retrieved from /home/airflow/.local/lib/python3.9/site-packages/airflow/example_dags/tutorial_etl_dag.py
[2023-07-25 17:52:50,425] {logging_mixin.py:104} INFO - [2023-07-25 17:52:50,425] {dag.py:1833} INFO - Sync 1 DAGs
[2023-07-25 17:52:50,439] {logging_mixin.py:104} INFO - [2023-07-25 17:52:50,439] {dag.py:2306} INFO - Setting next_dagrun for tutorial_etl_dag to None
[2023-07-25 17:52:50,447] {scheduler_job.py:189} INFO - Processing /home/airflow/.local/lib/python3.9/site-packages/airflow/example_dags/tutorial_etl_dag.py took 0.060 seconds
[2023-07-25 17:53:21,272] {scheduler_job.py:181} INFO - Started process (PID=2723) to work on /home/airflow/.local/lib/python3.9/site-packages/airflow/example_dags/tutorial_etl_dag.py
[2023-07-25 17:53:21,273] {scheduler_job.py:632} INFO - Processing file /home/airflow/.local/lib/python3.9/site-packages/airflow/example_dags/tutorial_etl_dag.py for tasks to queue
[2023-07-25 17:53:21,274] {logging_mixin.py:104} INFO - [2023-07-25 17:53:21,274] {dagbag.py:496} INFO - Filling up the DagBag from /home/airflow/.local/lib/python3.9/site-packages/airflow/example_dags/tutorial_etl_dag.py
[2023-07-25 17:53:21,287] {scheduler_job.py:642} INFO - DAG(s) dict_keys(['tutorial_etl_dag']) retrieved from /home/airflow/.local/lib/python3.9/site-packages/airflow/example_dags/tutorial_etl_dag.py
[2023-07-25 17:53:21,308] {logging_mixin.py:104} INFO - [2023-07-25 17:53:21,308] {dag.py:1833} INFO - Sync 1 DAGs
[2023-07-25 17:53:21,320] {logging_mixin.py:104} INFO - [2023-07-25 17:53:21,320] {dag.py:2306} INFO - Setting next_dagrun for tutorial_etl_dag to None
[2023-07-25 17:53:21,329] {scheduler_job.py:189} INFO - Processing /home/airflow/.local/lib/python3.9/site-packages/airflow/example_dags/tutorial_etl_dag.py took 0.060 seconds
[2023-07-25 17:53:51,390] {scheduler_job.py:181} INFO - Started process (PID=2775) to work on /home/airflow/.local/lib/python3.9/site-packages/airflow/example_dags/tutorial_etl_dag.py
[2023-07-25 17:53:51,391] {scheduler_job.py:632} INFO - Processing file /home/airflow/.local/lib/python3.9/site-packages/airflow/example_dags/tutorial_etl_dag.py for tasks to queue
[2023-07-25 17:53:51,392] {logging_mixin.py:104} INFO - [2023-07-25 17:53:51,392] {dagbag.py:496} INFO - Filling up the DagBag from /home/airflow/.local/lib/python3.9/site-packages/airflow/example_dags/tutorial_etl_dag.py
[2023-07-25 17:53:51,425] {scheduler_job.py:642} INFO - DAG(s) dict_keys(['tutorial_etl_dag']) retrieved from /home/airflow/.local/lib/python3.9/site-packages/airflow/example_dags/tutorial_etl_dag.py
[2023-07-25 17:53:51,465] {logging_mixin.py:104} INFO - [2023-07-25 17:53:51,465] {dag.py:1833} INFO - Sync 1 DAGs
[2023-07-25 17:53:51,497] {logging_mixin.py:104} INFO - [2023-07-25 17:53:51,497] {dag.py:2306} INFO - Setting next_dagrun for tutorial_etl_dag to None
[2023-07-25 17:53:51,533] {scheduler_job.py:189} INFO - Processing /home/airflow/.local/lib/python3.9/site-packages/airflow/example_dags/tutorial_etl_dag.py took 0.147 seconds
[2023-07-25 17:54:21,639] {scheduler_job.py:181} INFO - Started process (PID=2820) to work on /home/airflow/.local/lib/python3.9/site-packages/airflow/example_dags/tutorial_etl_dag.py
[2023-07-25 17:54:21,640] {scheduler_job.py:632} INFO - Processing file /home/airflow/.local/lib/python3.9/site-packages/airflow/example_dags/tutorial_etl_dag.py for tasks to queue
[2023-07-25 17:54:21,640] {logging_mixin.py:104} INFO - [2023-07-25 17:54:21,640] {dagbag.py:496} INFO - Filling up the DagBag from /home/airflow/.local/lib/python3.9/site-packages/airflow/example_dags/tutorial_etl_dag.py
[2023-07-25 17:54:21,653] {scheduler_job.py:642} INFO - DAG(s) dict_keys(['tutorial_etl_dag']) retrieved from /home/airflow/.local/lib/python3.9/site-packages/airflow/example_dags/tutorial_etl_dag.py
[2023-07-25 17:54:21,675] {logging_mixin.py:104} INFO - [2023-07-25 17:54:21,675] {dag.py:1833} INFO - Sync 1 DAGs
[2023-07-25 17:54:21,688] {logging_mixin.py:104} INFO - [2023-07-25 17:54:21,687] {dag.py:2306} INFO - Setting next_dagrun for tutorial_etl_dag to None
[2023-07-25 17:54:21,696] {scheduler_job.py:189} INFO - Processing /home/airflow/.local/lib/python3.9/site-packages/airflow/example_dags/tutorial_etl_dag.py took 0.061 seconds
[2023-07-25 17:54:51,939] {scheduler_job.py:181} INFO - Started process (PID=2874) to work on /home/airflow/.local/lib/python3.9/site-packages/airflow/example_dags/tutorial_etl_dag.py
[2023-07-25 17:54:51,941] {scheduler_job.py:632} INFO - Processing file /home/airflow/.local/lib/python3.9/site-packages/airflow/example_dags/tutorial_etl_dag.py for tasks to queue
[2023-07-25 17:54:51,942] {logging_mixin.py:104} INFO - [2023-07-25 17:54:51,941] {dagbag.py:496} INFO - Filling up the DagBag from /home/airflow/.local/lib/python3.9/site-packages/airflow/example_dags/tutorial_etl_dag.py
[2023-07-25 17:54:51,954] {scheduler_job.py:642} INFO - DAG(s) dict_keys(['tutorial_etl_dag']) retrieved from /home/airflow/.local/lib/python3.9/site-packages/airflow/example_dags/tutorial_etl_dag.py
[2023-07-25 17:54:51,978] {logging_mixin.py:104} INFO - [2023-07-25 17:54:51,978] {dag.py:1833} INFO - Sync 1 DAGs
[2023-07-25 17:54:51,991] {logging_mixin.py:104} INFO - [2023-07-25 17:54:51,991] {dag.py:2306} INFO - Setting next_dagrun for tutorial_etl_dag to None
[2023-07-25 17:54:52,001] {scheduler_job.py:189} INFO - Processing /home/airflow/.local/lib/python3.9/site-packages/airflow/example_dags/tutorial_etl_dag.py took 0.065 seconds
[2023-07-25 17:55:22,605] {scheduler_job.py:181} INFO - Started process (PID=2917) to work on /home/airflow/.local/lib/python3.9/site-packages/airflow/example_dags/tutorial_etl_dag.py
[2023-07-25 17:55:22,606] {scheduler_job.py:632} INFO - Processing file /home/airflow/.local/lib/python3.9/site-packages/airflow/example_dags/tutorial_etl_dag.py for tasks to queue
[2023-07-25 17:55:22,607] {logging_mixin.py:104} INFO - [2023-07-25 17:55:22,607] {dagbag.py:496} INFO - Filling up the DagBag from /home/airflow/.local/lib/python3.9/site-packages/airflow/example_dags/tutorial_etl_dag.py
[2023-07-25 17:55:22,619] {scheduler_job.py:642} INFO - DAG(s) dict_keys(['tutorial_etl_dag']) retrieved from /home/airflow/.local/lib/python3.9/site-packages/airflow/example_dags/tutorial_etl_dag.py
[2023-07-25 17:55:22,639] {logging_mixin.py:104} INFO - [2023-07-25 17:55:22,639] {dag.py:1833} INFO - Sync 1 DAGs
[2023-07-25 17:55:22,651] {logging_mixin.py:104} INFO - [2023-07-25 17:55:22,651] {dag.py:2306} INFO - Setting next_dagrun for tutorial_etl_dag to None
[2023-07-25 17:55:22,662] {scheduler_job.py:189} INFO - Processing /home/airflow/.local/lib/python3.9/site-packages/airflow/example_dags/tutorial_etl_dag.py took 0.060 seconds
[2023-07-25 17:55:53,143] {scheduler_job.py:181} INFO - Started process (PID=2961) to work on /home/airflow/.local/lib/python3.9/site-packages/airflow/example_dags/tutorial_etl_dag.py
[2023-07-25 17:55:53,144] {scheduler_job.py:632} INFO - Processing file /home/airflow/.local/lib/python3.9/site-packages/airflow/example_dags/tutorial_etl_dag.py for tasks to queue
[2023-07-25 17:55:53,144] {logging_mixin.py:104} INFO - [2023-07-25 17:55:53,144] {dagbag.py:496} INFO - Filling up the DagBag from /home/airflow/.local/lib/python3.9/site-packages/airflow/example_dags/tutorial_etl_dag.py
[2023-07-25 17:55:53,173] {scheduler_job.py:642} INFO - DAG(s) dict_keys(['tutorial_etl_dag']) retrieved from /home/airflow/.local/lib/python3.9/site-packages/airflow/example_dags/tutorial_etl_dag.py
[2023-07-25 17:55:53,208] {logging_mixin.py:104} INFO - [2023-07-25 17:55:53,208] {dag.py:1833} INFO - Sync 1 DAGs
[2023-07-25 17:55:53,234] {logging_mixin.py:104} INFO - [2023-07-25 17:55:53,234] {dag.py:2306} INFO - Setting next_dagrun for tutorial_etl_dag to None
[2023-07-25 17:55:53,250] {scheduler_job.py:189} INFO - Processing /home/airflow/.local/lib/python3.9/site-packages/airflow/example_dags/tutorial_etl_dag.py took 0.112 seconds
[2023-07-25 17:56:23,539] {scheduler_job.py:181} INFO - Started process (PID=3013) to work on /home/airflow/.local/lib/python3.9/site-packages/airflow/example_dags/tutorial_etl_dag.py
[2023-07-25 17:56:23,541] {scheduler_job.py:632} INFO - Processing file /home/airflow/.local/lib/python3.9/site-packages/airflow/example_dags/tutorial_etl_dag.py for tasks to queue
[2023-07-25 17:56:23,542] {logging_mixin.py:104} INFO - [2023-07-25 17:56:23,542] {dagbag.py:496} INFO - Filling up the DagBag from /home/airflow/.local/lib/python3.9/site-packages/airflow/example_dags/tutorial_etl_dag.py
[2023-07-25 17:56:23,555] {scheduler_job.py:642} INFO - DAG(s) dict_keys(['tutorial_etl_dag']) retrieved from /home/airflow/.local/lib/python3.9/site-packages/airflow/example_dags/tutorial_etl_dag.py
[2023-07-25 17:56:23,575] {logging_mixin.py:104} INFO - [2023-07-25 17:56:23,575] {dag.py:1833} INFO - Sync 1 DAGs
[2023-07-25 17:56:23,588] {logging_mixin.py:104} INFO - [2023-07-25 17:56:23,587] {dag.py:2306} INFO - Setting next_dagrun for tutorial_etl_dag to None
[2023-07-25 17:56:23,596] {scheduler_job.py:189} INFO - Processing /home/airflow/.local/lib/python3.9/site-packages/airflow/example_dags/tutorial_etl_dag.py took 0.061 seconds
