[2023-07-29 09:31:07,878] {taskinstance.py:896} INFO - Dependencies all met for <TaskInstance: example_bash_operator.runme_2 2023-07-28T00:00:00+00:00 [queued]>
[2023-07-29 09:31:08,089] {taskinstance.py:896} INFO - Dependencies all met for <TaskInstance: example_bash_operator.runme_2 2023-07-28T00:00:00+00:00 [queued]>
[2023-07-29 09:31:08,089] {taskinstance.py:1087} INFO - 
--------------------------------------------------------------------------------
[2023-07-29 09:31:08,089] {taskinstance.py:1088} INFO - Starting attempt 1 of 1
[2023-07-29 09:31:08,089] {taskinstance.py:1089} INFO - 
--------------------------------------------------------------------------------
[2023-07-29 09:31:08,308] {taskinstance.py:1107} INFO - Executing <Task(BashOperator): runme_2> on 2023-07-28T00:00:00+00:00
[2023-07-29 09:31:08,497] {standard_task_runner.py:76} INFO - Running: ['***', 'tasks', 'run', 'example_bash_operator', 'runme_2', '2023-07-28T00:00:00+00:00', '--job-id', '29', '--pool', 'default_pool', '--raw', '--subdir', '/home/***/.local/lib/python3.9/site-packages/***/example_dags/example_bash_operator.py', '--cfg-path', '/tmp/tmp8e6cbtsw', '--error-file', '/tmp/tmpw6c22i4y']
[2023-07-29 09:31:08,498] {standard_task_runner.py:77} INFO - Job 29: Subtask runme_2
[2023-07-29 09:31:08,563] {standard_task_runner.py:52} INFO - Started process 88 to run task
[2023-07-29 09:31:09,346] {logging_mixin.py:104} INFO - Running <TaskInstance: example_bash_operator.runme_2 2023-07-28T00:00:00+00:00 [running]> on host 2ae13fbb8692
[2023-07-29 09:31:10,291] {taskinstance.py:1300} INFO - Exporting the following env vars:
AIRFLOW_CTX_DAG_OWNER=***
AIRFLOW_CTX_DAG_ID=example_bash_operator
AIRFLOW_CTX_TASK_ID=runme_2
AIRFLOW_CTX_EXECUTION_DATE=2023-07-28T00:00:00+00:00
AIRFLOW_CTX_DAG_RUN_ID=scheduled__2023-07-28T00:00:00+00:00
[2023-07-29 09:31:10,292] {subprocess.py:52} INFO - Tmp dir root location: 
 /tmp
[2023-07-29 09:31:10,292] {subprocess.py:63} INFO - Running command: ['bash', '-c', 'echo "example_bash_operator__runme_2__20230728" && sleep 1']
[2023-07-29 09:31:10,526] {subprocess.py:74} INFO - Output:
[2023-07-29 09:31:10,633] {subprocess.py:78} INFO - example_bash_operator__runme_2__20230728
[2023-07-29 09:31:11,645] {subprocess.py:82} INFO - Command exited with return code 0
[2023-07-29 09:31:11,951] {taskinstance.py:1204} INFO - Marking task as SUCCESS. dag_id=example_bash_operator, task_id=runme_2, execution_date=20230728T000000, start_date=20230729T093107, end_date=20230729T093111
[2023-07-29 09:31:12,213] {taskinstance.py:1265} INFO - 0 downstream tasks scheduled from follow-on schedule check
[2023-07-29 09:31:12,233] {local_task_job.py:149} INFO - Task exited with return code 0
