[2023-08-18T13:30:30.688+0000] {processor.py:157} INFO - Started process (PID=98) to work on /home/airflow/.local/lib/python3.9/site-packages/airflow/example_dags/plugins/workday.py
[2023-08-18T13:30:30.689+0000] {processor.py:826} INFO - Processing file /home/airflow/.local/lib/python3.9/site-packages/airflow/example_dags/plugins/workday.py for tasks to queue
[2023-08-18T13:30:30.689+0000] {logging_mixin.py:150} INFO - [2023-08-18T13:30:30.689+0000] {dagbag.py:541} INFO - Filling up the DagBag from /home/airflow/.local/lib/python3.9/site-packages/airflow/example_dags/plugins/workday.py
[2023-08-18T13:30:31.863+0000] {processor.py:838} WARNING - No viable dags retrieved from /home/airflow/.local/lib/python3.9/site-packages/airflow/example_dags/plugins/workday.py
[2023-08-18T13:30:31.880+0000] {processor.py:179} INFO - Processing /home/airflow/.local/lib/python3.9/site-packages/airflow/example_dags/plugins/workday.py took 1.196 seconds
[2023-08-18T13:31:02.039+0000] {processor.py:157} INFO - Started process (PID=162) to work on /home/airflow/.local/lib/python3.9/site-packages/airflow/example_dags/plugins/workday.py
[2023-08-18T13:31:02.040+0000] {processor.py:826} INFO - Processing file /home/airflow/.local/lib/python3.9/site-packages/airflow/example_dags/plugins/workday.py for tasks to queue
[2023-08-18T13:31:02.041+0000] {logging_mixin.py:150} INFO - [2023-08-18T13:31:02.041+0000] {dagbag.py:541} INFO - Filling up the DagBag from /home/airflow/.local/lib/python3.9/site-packages/airflow/example_dags/plugins/workday.py
[2023-08-18T13:31:02.539+0000] {processor.py:838} WARNING - No viable dags retrieved from /home/airflow/.local/lib/python3.9/site-packages/airflow/example_dags/plugins/workday.py
[2023-08-18T13:31:02.555+0000] {processor.py:179} INFO - Processing /home/airflow/.local/lib/python3.9/site-packages/airflow/example_dags/plugins/workday.py took 0.520 seconds
[2023-08-18T13:31:32.762+0000] {processor.py:157} INFO - Started process (PID=227) to work on /home/airflow/.local/lib/python3.9/site-packages/airflow/example_dags/plugins/workday.py
[2023-08-18T13:31:32.764+0000] {processor.py:826} INFO - Processing file /home/airflow/.local/lib/python3.9/site-packages/airflow/example_dags/plugins/workday.py for tasks to queue
[2023-08-18T13:31:32.764+0000] {logging_mixin.py:150} INFO - [2023-08-18T13:31:32.764+0000] {dagbag.py:541} INFO - Filling up the DagBag from /home/airflow/.local/lib/python3.9/site-packages/airflow/example_dags/plugins/workday.py
[2023-08-18T13:31:33.324+0000] {processor.py:838} WARNING - No viable dags retrieved from /home/airflow/.local/lib/python3.9/site-packages/airflow/example_dags/plugins/workday.py
[2023-08-18T13:31:33.339+0000] {processor.py:179} INFO - Processing /home/airflow/.local/lib/python3.9/site-packages/airflow/example_dags/plugins/workday.py took 0.581 seconds
[2023-08-18T13:32:04.013+0000] {processor.py:157} INFO - Started process (PID=299) to work on /home/airflow/.local/lib/python3.9/site-packages/airflow/example_dags/plugins/workday.py
[2023-08-18T13:32:04.016+0000] {processor.py:826} INFO - Processing file /home/airflow/.local/lib/python3.9/site-packages/airflow/example_dags/plugins/workday.py for tasks to queue
[2023-08-18T13:32:04.018+0000] {logging_mixin.py:150} INFO - [2023-08-18T13:32:04.017+0000] {dagbag.py:541} INFO - Filling up the DagBag from /home/airflow/.local/lib/python3.9/site-packages/airflow/example_dags/plugins/workday.py
[2023-08-18T13:32:04.577+0000] {processor.py:838} WARNING - No viable dags retrieved from /home/airflow/.local/lib/python3.9/site-packages/airflow/example_dags/plugins/workday.py
[2023-08-18T13:32:04.592+0000] {processor.py:179} INFO - Processing /home/airflow/.local/lib/python3.9/site-packages/airflow/example_dags/plugins/workday.py took 0.582 seconds
[2023-08-18T13:32:35.533+0000] {processor.py:157} INFO - Started process (PID=363) to work on /home/airflow/.local/lib/python3.9/site-packages/airflow/example_dags/plugins/workday.py
[2023-08-18T13:32:35.534+0000] {processor.py:826} INFO - Processing file /home/airflow/.local/lib/python3.9/site-packages/airflow/example_dags/plugins/workday.py for tasks to queue
[2023-08-18T13:32:35.535+0000] {logging_mixin.py:150} INFO - [2023-08-18T13:32:35.534+0000] {dagbag.py:541} INFO - Filling up the DagBag from /home/airflow/.local/lib/python3.9/site-packages/airflow/example_dags/plugins/workday.py
[2023-08-18T13:32:35.988+0000] {processor.py:838} WARNING - No viable dags retrieved from /home/airflow/.local/lib/python3.9/site-packages/airflow/example_dags/plugins/workday.py
[2023-08-18T13:32:36.003+0000] {processor.py:179} INFO - Processing /home/airflow/.local/lib/python3.9/site-packages/airflow/example_dags/plugins/workday.py took 0.474 seconds
[2023-08-18T13:33:06.323+0000] {processor.py:157} INFO - Started process (PID=428) to work on /home/airflow/.local/lib/python3.9/site-packages/airflow/example_dags/plugins/workday.py
[2023-08-18T13:33:06.325+0000] {processor.py:826} INFO - Processing file /home/airflow/.local/lib/python3.9/site-packages/airflow/example_dags/plugins/workday.py for tasks to queue
[2023-08-18T13:33:06.326+0000] {logging_mixin.py:150} INFO - [2023-08-18T13:33:06.326+0000] {dagbag.py:541} INFO - Filling up the DagBag from /home/airflow/.local/lib/python3.9/site-packages/airflow/example_dags/plugins/workday.py
[2023-08-18T13:33:06.791+0000] {processor.py:838} WARNING - No viable dags retrieved from /home/airflow/.local/lib/python3.9/site-packages/airflow/example_dags/plugins/workday.py
[2023-08-18T13:33:06.816+0000] {processor.py:179} INFO - Processing /home/airflow/.local/lib/python3.9/site-packages/airflow/example_dags/plugins/workday.py took 0.496 seconds
[2023-08-18T13:33:37.707+0000] {processor.py:157} INFO - Started process (PID=500) to work on /home/airflow/.local/lib/python3.9/site-packages/airflow/example_dags/plugins/workday.py
[2023-08-18T13:33:37.708+0000] {processor.py:826} INFO - Processing file /home/airflow/.local/lib/python3.9/site-packages/airflow/example_dags/plugins/workday.py for tasks to queue
[2023-08-18T13:33:37.709+0000] {logging_mixin.py:150} INFO - [2023-08-18T13:33:37.708+0000] {dagbag.py:541} INFO - Filling up the DagBag from /home/airflow/.local/lib/python3.9/site-packages/airflow/example_dags/plugins/workday.py
[2023-08-18T13:33:38.287+0000] {processor.py:838} WARNING - No viable dags retrieved from /home/airflow/.local/lib/python3.9/site-packages/airflow/example_dags/plugins/workday.py
[2023-08-18T13:33:38.302+0000] {processor.py:179} INFO - Processing /home/airflow/.local/lib/python3.9/site-packages/airflow/example_dags/plugins/workday.py took 0.598 seconds
[2023-08-18T13:34:08.852+0000] {processor.py:157} INFO - Started process (PID=564) to work on /home/airflow/.local/lib/python3.9/site-packages/airflow/example_dags/plugins/workday.py
[2023-08-18T13:34:08.854+0000] {processor.py:826} INFO - Processing file /home/airflow/.local/lib/python3.9/site-packages/airflow/example_dags/plugins/workday.py for tasks to queue
[2023-08-18T13:34:08.855+0000] {logging_mixin.py:150} INFO - [2023-08-18T13:34:08.854+0000] {dagbag.py:541} INFO - Filling up the DagBag from /home/airflow/.local/lib/python3.9/site-packages/airflow/example_dags/plugins/workday.py
[2023-08-18T13:34:09.394+0000] {processor.py:838} WARNING - No viable dags retrieved from /home/airflow/.local/lib/python3.9/site-packages/airflow/example_dags/plugins/workday.py
[2023-08-18T13:34:09.415+0000] {processor.py:179} INFO - Processing /home/airflow/.local/lib/python3.9/site-packages/airflow/example_dags/plugins/workday.py took 0.567 seconds
[2023-08-18T13:34:40.344+0000] {processor.py:157} INFO - Started process (PID=629) to work on /home/airflow/.local/lib/python3.9/site-packages/airflow/example_dags/plugins/workday.py
[2023-08-18T13:34:40.346+0000] {processor.py:826} INFO - Processing file /home/airflow/.local/lib/python3.9/site-packages/airflow/example_dags/plugins/workday.py for tasks to queue
[2023-08-18T13:34:40.347+0000] {logging_mixin.py:150} INFO - [2023-08-18T13:34:40.346+0000] {dagbag.py:541} INFO - Filling up the DagBag from /home/airflow/.local/lib/python3.9/site-packages/airflow/example_dags/plugins/workday.py
[2023-08-18T13:34:40.801+0000] {processor.py:838} WARNING - No viable dags retrieved from /home/airflow/.local/lib/python3.9/site-packages/airflow/example_dags/plugins/workday.py
[2023-08-18T13:34:40.858+0000] {processor.py:179} INFO - Processing /home/airflow/.local/lib/python3.9/site-packages/airflow/example_dags/plugins/workday.py took 0.518 seconds
[2023-08-18T13:35:11.424+0000] {processor.py:157} INFO - Started process (PID=693) to work on /home/airflow/.local/lib/python3.9/site-packages/airflow/example_dags/plugins/workday.py
[2023-08-18T13:35:11.425+0000] {processor.py:826} INFO - Processing file /home/airflow/.local/lib/python3.9/site-packages/airflow/example_dags/plugins/workday.py for tasks to queue
[2023-08-18T13:35:11.425+0000] {logging_mixin.py:150} INFO - [2023-08-18T13:35:11.425+0000] {dagbag.py:541} INFO - Filling up the DagBag from /home/airflow/.local/lib/python3.9/site-packages/airflow/example_dags/plugins/workday.py
[2023-08-18T13:35:11.947+0000] {processor.py:838} WARNING - No viable dags retrieved from /home/airflow/.local/lib/python3.9/site-packages/airflow/example_dags/plugins/workday.py
[2023-08-18T13:35:11.962+0000] {processor.py:179} INFO - Processing /home/airflow/.local/lib/python3.9/site-packages/airflow/example_dags/plugins/workday.py took 0.542 seconds
[2023-08-18T13:35:42.504+0000] {processor.py:157} INFO - Started process (PID=765) to work on /home/airflow/.local/lib/python3.9/site-packages/airflow/example_dags/plugins/workday.py
[2023-08-18T13:35:42.506+0000] {processor.py:826} INFO - Processing file /home/airflow/.local/lib/python3.9/site-packages/airflow/example_dags/plugins/workday.py for tasks to queue
[2023-08-18T13:35:42.506+0000] {logging_mixin.py:150} INFO - [2023-08-18T13:35:42.506+0000] {dagbag.py:541} INFO - Filling up the DagBag from /home/airflow/.local/lib/python3.9/site-packages/airflow/example_dags/plugins/workday.py
[2023-08-18T13:35:42.969+0000] {processor.py:838} WARNING - No viable dags retrieved from /home/airflow/.local/lib/python3.9/site-packages/airflow/example_dags/plugins/workday.py
[2023-08-18T13:35:42.984+0000] {processor.py:179} INFO - Processing /home/airflow/.local/lib/python3.9/site-packages/airflow/example_dags/plugins/workday.py took 0.484 seconds
[2023-08-18T13:36:13.230+0000] {processor.py:157} INFO - Started process (PID=829) to work on /home/airflow/.local/lib/python3.9/site-packages/airflow/example_dags/plugins/workday.py
[2023-08-18T13:36:13.231+0000] {processor.py:826} INFO - Processing file /home/airflow/.local/lib/python3.9/site-packages/airflow/example_dags/plugins/workday.py for tasks to queue
[2023-08-18T13:36:13.232+0000] {logging_mixin.py:150} INFO - [2023-08-18T13:36:13.231+0000] {dagbag.py:541} INFO - Filling up the DagBag from /home/airflow/.local/lib/python3.9/site-packages/airflow/example_dags/plugins/workday.py
[2023-08-18T13:36:13.741+0000] {processor.py:838} WARNING - No viable dags retrieved from /home/airflow/.local/lib/python3.9/site-packages/airflow/example_dags/plugins/workday.py
[2023-08-18T13:36:13.756+0000] {processor.py:179} INFO - Processing /home/airflow/.local/lib/python3.9/site-packages/airflow/example_dags/plugins/workday.py took 0.532 seconds
[2023-08-18T13:36:44.363+0000] {processor.py:157} INFO - Started process (PID=892) to work on /home/airflow/.local/lib/python3.9/site-packages/airflow/example_dags/plugins/workday.py
[2023-08-18T13:36:44.363+0000] {processor.py:826} INFO - Processing file /home/airflow/.local/lib/python3.9/site-packages/airflow/example_dags/plugins/workday.py for tasks to queue
[2023-08-18T13:36:44.364+0000] {logging_mixin.py:150} INFO - [2023-08-18T13:36:44.364+0000] {dagbag.py:541} INFO - Filling up the DagBag from /home/airflow/.local/lib/python3.9/site-packages/airflow/example_dags/plugins/workday.py
[2023-08-18T13:36:44.813+0000] {processor.py:838} WARNING - No viable dags retrieved from /home/airflow/.local/lib/python3.9/site-packages/airflow/example_dags/plugins/workday.py
[2023-08-18T13:36:44.829+0000] {processor.py:179} INFO - Processing /home/airflow/.local/lib/python3.9/site-packages/airflow/example_dags/plugins/workday.py took 0.470 seconds
[2023-08-18T13:37:15.824+0000] {processor.py:157} INFO - Started process (PID=965) to work on /home/airflow/.local/lib/python3.9/site-packages/airflow/example_dags/plugins/workday.py
[2023-08-18T13:37:15.836+0000] {processor.py:826} INFO - Processing file /home/airflow/.local/lib/python3.9/site-packages/airflow/example_dags/plugins/workday.py for tasks to queue
[2023-08-18T13:37:15.837+0000] {logging_mixin.py:150} INFO - [2023-08-18T13:37:15.837+0000] {dagbag.py:541} INFO - Filling up the DagBag from /home/airflow/.local/lib/python3.9/site-packages/airflow/example_dags/plugins/workday.py
[2023-08-18T13:37:16.753+0000] {processor.py:838} WARNING - No viable dags retrieved from /home/airflow/.local/lib/python3.9/site-packages/airflow/example_dags/plugins/workday.py
[2023-08-18T13:37:16.768+0000] {processor.py:179} INFO - Processing /home/airflow/.local/lib/python3.9/site-packages/airflow/example_dags/plugins/workday.py took 0.948 seconds
[2023-08-18T13:37:47.410+0000] {processor.py:157} INFO - Started process (PID=1029) to work on /home/airflow/.local/lib/python3.9/site-packages/airflow/example_dags/plugins/workday.py
[2023-08-18T13:37:47.410+0000] {processor.py:826} INFO - Processing file /home/airflow/.local/lib/python3.9/site-packages/airflow/example_dags/plugins/workday.py for tasks to queue
[2023-08-18T13:37:47.411+0000] {logging_mixin.py:150} INFO - [2023-08-18T13:37:47.411+0000] {dagbag.py:541} INFO - Filling up the DagBag from /home/airflow/.local/lib/python3.9/site-packages/airflow/example_dags/plugins/workday.py
[2023-08-18T13:37:47.885+0000] {processor.py:838} WARNING - No viable dags retrieved from /home/airflow/.local/lib/python3.9/site-packages/airflow/example_dags/plugins/workday.py
[2023-08-18T13:37:47.900+0000] {processor.py:179} INFO - Processing /home/airflow/.local/lib/python3.9/site-packages/airflow/example_dags/plugins/workday.py took 0.495 seconds
[2023-08-18T13:38:18.543+0000] {processor.py:157} INFO - Started process (PID=1094) to work on /home/airflow/.local/lib/python3.9/site-packages/airflow/example_dags/plugins/workday.py
[2023-08-18T13:38:18.545+0000] {processor.py:826} INFO - Processing file /home/airflow/.local/lib/python3.9/site-packages/airflow/example_dags/plugins/workday.py for tasks to queue
[2023-08-18T13:38:18.545+0000] {logging_mixin.py:150} INFO - [2023-08-18T13:38:18.545+0000] {dagbag.py:541} INFO - Filling up the DagBag from /home/airflow/.local/lib/python3.9/site-packages/airflow/example_dags/plugins/workday.py
[2023-08-18T13:38:18.995+0000] {processor.py:838} WARNING - No viable dags retrieved from /home/airflow/.local/lib/python3.9/site-packages/airflow/example_dags/plugins/workday.py
[2023-08-18T13:38:19.011+0000] {processor.py:179} INFO - Processing /home/airflow/.local/lib/python3.9/site-packages/airflow/example_dags/plugins/workday.py took 0.471 seconds
[2023-08-18T13:38:49.601+0000] {processor.py:157} INFO - Started process (PID=1166) to work on /home/airflow/.local/lib/python3.9/site-packages/airflow/example_dags/plugins/workday.py
[2023-08-18T13:38:49.603+0000] {processor.py:826} INFO - Processing file /home/airflow/.local/lib/python3.9/site-packages/airflow/example_dags/plugins/workday.py for tasks to queue
[2023-08-18T13:38:49.604+0000] {logging_mixin.py:150} INFO - [2023-08-18T13:38:49.603+0000] {dagbag.py:541} INFO - Filling up the DagBag from /home/airflow/.local/lib/python3.9/site-packages/airflow/example_dags/plugins/workday.py
[2023-08-18T13:38:50.078+0000] {processor.py:838} WARNING - No viable dags retrieved from /home/airflow/.local/lib/python3.9/site-packages/airflow/example_dags/plugins/workday.py
[2023-08-18T13:38:50.093+0000] {processor.py:179} INFO - Processing /home/airflow/.local/lib/python3.9/site-packages/airflow/example_dags/plugins/workday.py took 0.496 seconds
[2023-08-18T13:39:20.298+0000] {processor.py:157} INFO - Started process (PID=1230) to work on /home/airflow/.local/lib/python3.9/site-packages/airflow/example_dags/plugins/workday.py
[2023-08-18T13:39:20.299+0000] {processor.py:826} INFO - Processing file /home/airflow/.local/lib/python3.9/site-packages/airflow/example_dags/plugins/workday.py for tasks to queue
[2023-08-18T13:39:20.300+0000] {logging_mixin.py:150} INFO - [2023-08-18T13:39:20.300+0000] {dagbag.py:541} INFO - Filling up the DagBag from /home/airflow/.local/lib/python3.9/site-packages/airflow/example_dags/plugins/workday.py
[2023-08-18T13:39:20.749+0000] {processor.py:838} WARNING - No viable dags retrieved from /home/airflow/.local/lib/python3.9/site-packages/airflow/example_dags/plugins/workday.py
[2023-08-18T13:39:20.764+0000] {processor.py:179} INFO - Processing /home/airflow/.local/lib/python3.9/site-packages/airflow/example_dags/plugins/workday.py took 0.470 seconds
[2023-08-18T13:39:51.678+0000] {processor.py:157} INFO - Started process (PID=1295) to work on /home/airflow/.local/lib/python3.9/site-packages/airflow/example_dags/plugins/workday.py
[2023-08-18T13:39:51.680+0000] {processor.py:826} INFO - Processing file /home/airflow/.local/lib/python3.9/site-packages/airflow/example_dags/plugins/workday.py for tasks to queue
[2023-08-18T13:39:51.681+0000] {logging_mixin.py:150} INFO - [2023-08-18T13:39:51.680+0000] {dagbag.py:541} INFO - Filling up the DagBag from /home/airflow/.local/lib/python3.9/site-packages/airflow/example_dags/plugins/workday.py
[2023-08-18T13:39:52.130+0000] {processor.py:838} WARNING - No viable dags retrieved from /home/airflow/.local/lib/python3.9/site-packages/airflow/example_dags/plugins/workday.py
[2023-08-18T13:39:52.145+0000] {processor.py:179} INFO - Processing /home/airflow/.local/lib/python3.9/site-packages/airflow/example_dags/plugins/workday.py took 0.470 seconds
[2023-08-18T13:40:22.585+0000] {processor.py:157} INFO - Started process (PID=1358) to work on /home/airflow/.local/lib/python3.9/site-packages/airflow/example_dags/plugins/workday.py
[2023-08-18T13:40:22.586+0000] {processor.py:826} INFO - Processing file /home/airflow/.local/lib/python3.9/site-packages/airflow/example_dags/plugins/workday.py for tasks to queue
[2023-08-18T13:40:22.587+0000] {logging_mixin.py:150} INFO - [2023-08-18T13:40:22.587+0000] {dagbag.py:541} INFO - Filling up the DagBag from /home/airflow/.local/lib/python3.9/site-packages/airflow/example_dags/plugins/workday.py
[2023-08-18T13:40:23.081+0000] {processor.py:838} WARNING - No viable dags retrieved from /home/airflow/.local/lib/python3.9/site-packages/airflow/example_dags/plugins/workday.py
[2023-08-18T13:40:23.096+0000] {processor.py:179} INFO - Processing /home/airflow/.local/lib/python3.9/site-packages/airflow/example_dags/plugins/workday.py took 0.515 seconds
[2023-08-18T13:40:53.574+0000] {processor.py:157} INFO - Started process (PID=1430) to work on /home/airflow/.local/lib/python3.9/site-packages/airflow/example_dags/plugins/workday.py
[2023-08-18T13:40:53.586+0000] {processor.py:826} INFO - Processing file /home/airflow/.local/lib/python3.9/site-packages/airflow/example_dags/plugins/workday.py for tasks to queue
[2023-08-18T13:40:53.587+0000] {logging_mixin.py:150} INFO - [2023-08-18T13:40:53.587+0000] {dagbag.py:541} INFO - Filling up the DagBag from /home/airflow/.local/lib/python3.9/site-packages/airflow/example_dags/plugins/workday.py
[2023-08-18T13:40:54.534+0000] {processor.py:838} WARNING - No viable dags retrieved from /home/airflow/.local/lib/python3.9/site-packages/airflow/example_dags/plugins/workday.py
[2023-08-18T13:40:54.561+0000] {processor.py:179} INFO - Processing /home/airflow/.local/lib/python3.9/site-packages/airflow/example_dags/plugins/workday.py took 0.991 seconds
[2023-08-18T13:41:24.628+0000] {processor.py:157} INFO - Started process (PID=1496) to work on /home/airflow/.local/lib/python3.9/site-packages/airflow/example_dags/plugins/workday.py
[2023-08-18T13:41:24.630+0000] {processor.py:826} INFO - Processing file /home/airflow/.local/lib/python3.9/site-packages/airflow/example_dags/plugins/workday.py for tasks to queue
[2023-08-18T13:41:24.631+0000] {logging_mixin.py:150} INFO - [2023-08-18T13:41:24.631+0000] {dagbag.py:541} INFO - Filling up the DagBag from /home/airflow/.local/lib/python3.9/site-packages/airflow/example_dags/plugins/workday.py
[2023-08-18T13:41:25.074+0000] {processor.py:838} WARNING - No viable dags retrieved from /home/airflow/.local/lib/python3.9/site-packages/airflow/example_dags/plugins/workday.py
[2023-08-18T13:41:25.090+0000] {processor.py:179} INFO - Processing /home/airflow/.local/lib/python3.9/site-packages/airflow/example_dags/plugins/workday.py took 0.466 seconds
[2023-08-18T13:41:55.126+0000] {processor.py:157} INFO - Started process (PID=1560) to work on /home/airflow/.local/lib/python3.9/site-packages/airflow/example_dags/plugins/workday.py
[2023-08-18T13:41:55.127+0000] {processor.py:826} INFO - Processing file /home/airflow/.local/lib/python3.9/site-packages/airflow/example_dags/plugins/workday.py for tasks to queue
[2023-08-18T13:41:55.128+0000] {logging_mixin.py:150} INFO - [2023-08-18T13:41:55.127+0000] {dagbag.py:541} INFO - Filling up the DagBag from /home/airflow/.local/lib/python3.9/site-packages/airflow/example_dags/plugins/workday.py
[2023-08-18T13:41:55.574+0000] {processor.py:838} WARNING - No viable dags retrieved from /home/airflow/.local/lib/python3.9/site-packages/airflow/example_dags/plugins/workday.py
[2023-08-18T13:41:55.589+0000] {processor.py:179} INFO - Processing /home/airflow/.local/lib/python3.9/site-packages/airflow/example_dags/plugins/workday.py took 0.467 seconds
[2023-08-18T13:42:25.945+0000] {processor.py:157} INFO - Started process (PID=1623) to work on /home/airflow/.local/lib/python3.9/site-packages/airflow/example_dags/plugins/workday.py
[2023-08-18T13:42:25.956+0000] {processor.py:826} INFO - Processing file /home/airflow/.local/lib/python3.9/site-packages/airflow/example_dags/plugins/workday.py for tasks to queue
[2023-08-18T13:42:25.957+0000] {logging_mixin.py:150} INFO - [2023-08-18T13:42:25.957+0000] {dagbag.py:541} INFO - Filling up the DagBag from /home/airflow/.local/lib/python3.9/site-packages/airflow/example_dags/plugins/workday.py
[2023-08-18T13:42:26.457+0000] {processor.py:838} WARNING - No viable dags retrieved from /home/airflow/.local/lib/python3.9/site-packages/airflow/example_dags/plugins/workday.py
[2023-08-18T13:42:26.473+0000] {processor.py:179} INFO - Processing /home/airflow/.local/lib/python3.9/site-packages/airflow/example_dags/plugins/workday.py took 0.531 seconds
[2023-08-18T13:42:57.188+0000] {processor.py:157} INFO - Started process (PID=1695) to work on /home/airflow/.local/lib/python3.9/site-packages/airflow/example_dags/plugins/workday.py
[2023-08-18T13:42:57.190+0000] {processor.py:826} INFO - Processing file /home/airflow/.local/lib/python3.9/site-packages/airflow/example_dags/plugins/workday.py for tasks to queue
[2023-08-18T13:42:57.191+0000] {logging_mixin.py:150} INFO - [2023-08-18T13:42:57.191+0000] {dagbag.py:541} INFO - Filling up the DagBag from /home/airflow/.local/lib/python3.9/site-packages/airflow/example_dags/plugins/workday.py
[2023-08-18T13:42:57.672+0000] {processor.py:838} WARNING - No viable dags retrieved from /home/airflow/.local/lib/python3.9/site-packages/airflow/example_dags/plugins/workday.py
[2023-08-18T13:42:57.687+0000] {processor.py:179} INFO - Processing /home/airflow/.local/lib/python3.9/site-packages/airflow/example_dags/plugins/workday.py took 0.503 seconds
[2023-08-18T13:43:27.836+0000] {processor.py:157} INFO - Started process (PID=1760) to work on /home/airflow/.local/lib/python3.9/site-packages/airflow/example_dags/plugins/workday.py
[2023-08-18T13:43:27.837+0000] {processor.py:826} INFO - Processing file /home/airflow/.local/lib/python3.9/site-packages/airflow/example_dags/plugins/workday.py for tasks to queue
[2023-08-18T13:43:27.837+0000] {logging_mixin.py:150} INFO - [2023-08-18T13:43:27.837+0000] {dagbag.py:541} INFO - Filling up the DagBag from /home/airflow/.local/lib/python3.9/site-packages/airflow/example_dags/plugins/workday.py
[2023-08-18T13:43:28.330+0000] {processor.py:838} WARNING - No viable dags retrieved from /home/airflow/.local/lib/python3.9/site-packages/airflow/example_dags/plugins/workday.py
[2023-08-18T13:43:28.345+0000] {processor.py:179} INFO - Processing /home/airflow/.local/lib/python3.9/site-packages/airflow/example_dags/plugins/workday.py took 0.514 seconds
[2023-08-18T13:43:59.145+0000] {processor.py:157} INFO - Started process (PID=1824) to work on /home/airflow/.local/lib/python3.9/site-packages/airflow/example_dags/plugins/workday.py
[2023-08-18T13:43:59.147+0000] {processor.py:826} INFO - Processing file /home/airflow/.local/lib/python3.9/site-packages/airflow/example_dags/plugins/workday.py for tasks to queue
[2023-08-18T13:43:59.148+0000] {logging_mixin.py:150} INFO - [2023-08-18T13:43:59.148+0000] {dagbag.py:541} INFO - Filling up the DagBag from /home/airflow/.local/lib/python3.9/site-packages/airflow/example_dags/plugins/workday.py
[2023-08-18T13:43:59.594+0000] {processor.py:838} WARNING - No viable dags retrieved from /home/airflow/.local/lib/python3.9/site-packages/airflow/example_dags/plugins/workday.py
[2023-08-18T13:43:59.610+0000] {processor.py:179} INFO - Processing /home/airflow/.local/lib/python3.9/site-packages/airflow/example_dags/plugins/workday.py took 0.468 seconds
[2023-08-18T13:44:30.338+0000] {processor.py:157} INFO - Started process (PID=1895) to work on /home/airflow/.local/lib/python3.9/site-packages/airflow/example_dags/plugins/workday.py
[2023-08-18T13:44:30.339+0000] {processor.py:826} INFO - Processing file /home/airflow/.local/lib/python3.9/site-packages/airflow/example_dags/plugins/workday.py for tasks to queue
[2023-08-18T13:44:30.340+0000] {logging_mixin.py:150} INFO - [2023-08-18T13:44:30.339+0000] {dagbag.py:541} INFO - Filling up the DagBag from /home/airflow/.local/lib/python3.9/site-packages/airflow/example_dags/plugins/workday.py
[2023-08-18T13:44:30.967+0000] {processor.py:838} WARNING - No viable dags retrieved from /home/airflow/.local/lib/python3.9/site-packages/airflow/example_dags/plugins/workday.py
[2023-08-18T13:44:30.981+0000] {processor.py:179} INFO - Processing /home/airflow/.local/lib/python3.9/site-packages/airflow/example_dags/plugins/workday.py took 0.656 seconds
[2023-08-18T13:45:01.541+0000] {processor.py:157} INFO - Started process (PID=1962) to work on /home/airflow/.local/lib/python3.9/site-packages/airflow/example_dags/plugins/workday.py
[2023-08-18T13:45:01.542+0000] {processor.py:826} INFO - Processing file /home/airflow/.local/lib/python3.9/site-packages/airflow/example_dags/plugins/workday.py for tasks to queue
[2023-08-18T13:45:01.543+0000] {logging_mixin.py:150} INFO - [2023-08-18T13:45:01.543+0000] {dagbag.py:541} INFO - Filling up the DagBag from /home/airflow/.local/lib/python3.9/site-packages/airflow/example_dags/plugins/workday.py
[2023-08-18T13:45:01.985+0000] {processor.py:838} WARNING - No viable dags retrieved from /home/airflow/.local/lib/python3.9/site-packages/airflow/example_dags/plugins/workday.py
[2023-08-18T13:45:02.000+0000] {processor.py:179} INFO - Processing /home/airflow/.local/lib/python3.9/site-packages/airflow/example_dags/plugins/workday.py took 0.463 seconds
[2023-08-18T13:45:32.234+0000] {processor.py:157} INFO - Started process (PID=2026) to work on /home/airflow/.local/lib/python3.9/site-packages/airflow/example_dags/plugins/workday.py
[2023-08-18T13:45:32.235+0000] {processor.py:826} INFO - Processing file /home/airflow/.local/lib/python3.9/site-packages/airflow/example_dags/plugins/workday.py for tasks to queue
[2023-08-18T13:45:32.236+0000] {logging_mixin.py:150} INFO - [2023-08-18T13:45:32.235+0000] {dagbag.py:541} INFO - Filling up the DagBag from /home/airflow/.local/lib/python3.9/site-packages/airflow/example_dags/plugins/workday.py
[2023-08-18T13:45:32.673+0000] {processor.py:838} WARNING - No viable dags retrieved from /home/airflow/.local/lib/python3.9/site-packages/airflow/example_dags/plugins/workday.py
[2023-08-18T13:45:32.688+0000] {processor.py:179} INFO - Processing /home/airflow/.local/lib/python3.9/site-packages/airflow/example_dags/plugins/workday.py took 0.458 seconds
[2023-08-18T13:46:03.392+0000] {processor.py:157} INFO - Started process (PID=2098) to work on /home/airflow/.local/lib/python3.9/site-packages/airflow/example_dags/plugins/workday.py
[2023-08-18T13:46:03.393+0000] {processor.py:826} INFO - Processing file /home/airflow/.local/lib/python3.9/site-packages/airflow/example_dags/plugins/workday.py for tasks to queue
[2023-08-18T13:46:03.394+0000] {logging_mixin.py:150} INFO - [2023-08-18T13:46:03.394+0000] {dagbag.py:541} INFO - Filling up the DagBag from /home/airflow/.local/lib/python3.9/site-packages/airflow/example_dags/plugins/workday.py
[2023-08-18T13:46:03.873+0000] {processor.py:838} WARNING - No viable dags retrieved from /home/airflow/.local/lib/python3.9/site-packages/airflow/example_dags/plugins/workday.py
[2023-08-18T13:46:03.887+0000] {processor.py:179} INFO - Processing /home/airflow/.local/lib/python3.9/site-packages/airflow/example_dags/plugins/workday.py took 0.499 seconds
[2023-08-18T13:46:34.649+0000] {processor.py:157} INFO - Started process (PID=2164) to work on /home/airflow/.local/lib/python3.9/site-packages/airflow/example_dags/plugins/workday.py
[2023-08-18T13:46:34.650+0000] {processor.py:826} INFO - Processing file /home/airflow/.local/lib/python3.9/site-packages/airflow/example_dags/plugins/workday.py for tasks to queue
[2023-08-18T13:46:34.651+0000] {logging_mixin.py:150} INFO - [2023-08-18T13:46:34.651+0000] {dagbag.py:541} INFO - Filling up the DagBag from /home/airflow/.local/lib/python3.9/site-packages/airflow/example_dags/plugins/workday.py
[2023-08-18T13:46:35.157+0000] {processor.py:838} WARNING - No viable dags retrieved from /home/airflow/.local/lib/python3.9/site-packages/airflow/example_dags/plugins/workday.py
[2023-08-18T13:46:35.171+0000] {processor.py:179} INFO - Processing /home/airflow/.local/lib/python3.9/site-packages/airflow/example_dags/plugins/workday.py took 0.526 seconds
[2023-08-18T13:47:05.684+0000] {processor.py:157} INFO - Started process (PID=2232) to work on /home/airflow/.local/lib/python3.9/site-packages/airflow/example_dags/plugins/workday.py
[2023-08-18T13:47:05.686+0000] {processor.py:826} INFO - Processing file /home/airflow/.local/lib/python3.9/site-packages/airflow/example_dags/plugins/workday.py for tasks to queue
[2023-08-18T13:47:05.687+0000] {logging_mixin.py:150} INFO - [2023-08-18T13:47:05.686+0000] {dagbag.py:541} INFO - Filling up the DagBag from /home/airflow/.local/lib/python3.9/site-packages/airflow/example_dags/plugins/workday.py
[2023-08-18T13:47:06.136+0000] {processor.py:838} WARNING - No viable dags retrieved from /home/airflow/.local/lib/python3.9/site-packages/airflow/example_dags/plugins/workday.py
[2023-08-18T13:47:06.150+0000] {processor.py:179} INFO - Processing /home/airflow/.local/lib/python3.9/site-packages/airflow/example_dags/plugins/workday.py took 0.470 seconds
[2023-08-18T13:47:36.385+0000] {processor.py:157} INFO - Started process (PID=2301) to work on /home/airflow/.local/lib/python3.9/site-packages/airflow/example_dags/plugins/workday.py
[2023-08-18T13:47:36.386+0000] {processor.py:826} INFO - Processing file /home/airflow/.local/lib/python3.9/site-packages/airflow/example_dags/plugins/workday.py for tasks to queue
[2023-08-18T13:47:36.387+0000] {logging_mixin.py:150} INFO - [2023-08-18T13:47:36.386+0000] {dagbag.py:541} INFO - Filling up the DagBag from /home/airflow/.local/lib/python3.9/site-packages/airflow/example_dags/plugins/workday.py
[2023-08-18T13:47:36.840+0000] {processor.py:838} WARNING - No viable dags retrieved from /home/airflow/.local/lib/python3.9/site-packages/airflow/example_dags/plugins/workday.py
[2023-08-18T13:47:36.865+0000] {processor.py:179} INFO - Processing /home/airflow/.local/lib/python3.9/site-packages/airflow/example_dags/plugins/workday.py took 0.483 seconds
[2023-08-18T13:48:07.985+0000] {processor.py:157} INFO - Started process (PID=2368) to work on /home/airflow/.local/lib/python3.9/site-packages/airflow/example_dags/plugins/workday.py
[2023-08-18T13:48:07.986+0000] {processor.py:826} INFO - Processing file /home/airflow/.local/lib/python3.9/site-packages/airflow/example_dags/plugins/workday.py for tasks to queue
[2023-08-18T13:48:07.987+0000] {logging_mixin.py:150} INFO - [2023-08-18T13:48:07.987+0000] {dagbag.py:541} INFO - Filling up the DagBag from /home/airflow/.local/lib/python3.9/site-packages/airflow/example_dags/plugins/workday.py
[2023-08-18T13:48:08.422+0000] {processor.py:838} WARNING - No viable dags retrieved from /home/airflow/.local/lib/python3.9/site-packages/airflow/example_dags/plugins/workday.py
[2023-08-18T13:48:08.437+0000] {processor.py:179} INFO - Processing /home/airflow/.local/lib/python3.9/site-packages/airflow/example_dags/plugins/workday.py took 0.456 seconds
[2023-08-18T13:48:38.764+0000] {processor.py:157} INFO - Started process (PID=2433) to work on /home/airflow/.local/lib/python3.9/site-packages/airflow/example_dags/plugins/workday.py
[2023-08-18T13:48:38.765+0000] {processor.py:826} INFO - Processing file /home/airflow/.local/lib/python3.9/site-packages/airflow/example_dags/plugins/workday.py for tasks to queue
[2023-08-18T13:48:38.766+0000] {logging_mixin.py:150} INFO - [2023-08-18T13:48:38.765+0000] {dagbag.py:541} INFO - Filling up the DagBag from /home/airflow/.local/lib/python3.9/site-packages/airflow/example_dags/plugins/workday.py
[2023-08-18T13:48:39.213+0000] {processor.py:838} WARNING - No viable dags retrieved from /home/airflow/.local/lib/python3.9/site-packages/airflow/example_dags/plugins/workday.py
[2023-08-18T13:48:39.228+0000] {processor.py:179} INFO - Processing /home/airflow/.local/lib/python3.9/site-packages/airflow/example_dags/plugins/workday.py took 0.467 seconds
[2023-08-18T13:49:10.191+0000] {processor.py:157} INFO - Started process (PID=2507) to work on /home/airflow/.local/lib/python3.9/site-packages/airflow/example_dags/plugins/workday.py
[2023-08-18T13:49:10.203+0000] {processor.py:826} INFO - Processing file /home/airflow/.local/lib/python3.9/site-packages/airflow/example_dags/plugins/workday.py for tasks to queue
[2023-08-18T13:49:10.204+0000] {logging_mixin.py:150} INFO - [2023-08-18T13:49:10.203+0000] {dagbag.py:541} INFO - Filling up the DagBag from /home/airflow/.local/lib/python3.9/site-packages/airflow/example_dags/plugins/workday.py
[2023-08-18T13:49:10.643+0000] {processor.py:838} WARNING - No viable dags retrieved from /home/airflow/.local/lib/python3.9/site-packages/airflow/example_dags/plugins/workday.py
[2023-08-18T13:49:10.666+0000] {processor.py:179} INFO - Processing /home/airflow/.local/lib/python3.9/site-packages/airflow/example_dags/plugins/workday.py took 0.478 seconds
[2023-08-18T13:49:40.943+0000] {processor.py:157} INFO - Started process (PID=2570) to work on /home/airflow/.local/lib/python3.9/site-packages/airflow/example_dags/plugins/workday.py
[2023-08-18T13:49:40.944+0000] {processor.py:826} INFO - Processing file /home/airflow/.local/lib/python3.9/site-packages/airflow/example_dags/plugins/workday.py for tasks to queue
[2023-08-18T13:49:40.945+0000] {logging_mixin.py:150} INFO - [2023-08-18T13:49:40.945+0000] {dagbag.py:541} INFO - Filling up the DagBag from /home/airflow/.local/lib/python3.9/site-packages/airflow/example_dags/plugins/workday.py
[2023-08-18T13:49:41.373+0000] {processor.py:838} WARNING - No viable dags retrieved from /home/airflow/.local/lib/python3.9/site-packages/airflow/example_dags/plugins/workday.py
[2023-08-18T13:49:41.387+0000] {processor.py:179} INFO - Processing /home/airflow/.local/lib/python3.9/site-packages/airflow/example_dags/plugins/workday.py took 0.451 seconds
[2023-08-18T13:50:11.689+0000] {processor.py:157} INFO - Started process (PID=2635) to work on /home/airflow/.local/lib/python3.9/site-packages/airflow/example_dags/plugins/workday.py
[2023-08-18T13:50:11.690+0000] {processor.py:826} INFO - Processing file /home/airflow/.local/lib/python3.9/site-packages/airflow/example_dags/plugins/workday.py for tasks to queue
[2023-08-18T13:50:11.691+0000] {logging_mixin.py:150} INFO - [2023-08-18T13:50:11.690+0000] {dagbag.py:541} INFO - Filling up the DagBag from /home/airflow/.local/lib/python3.9/site-packages/airflow/example_dags/plugins/workday.py
[2023-08-18T13:50:12.139+0000] {processor.py:838} WARNING - No viable dags retrieved from /home/airflow/.local/lib/python3.9/site-packages/airflow/example_dags/plugins/workday.py
[2023-08-18T13:50:12.205+0000] {processor.py:179} INFO - Processing /home/airflow/.local/lib/python3.9/site-packages/airflow/example_dags/plugins/workday.py took 0.520 seconds
[2023-08-18T13:50:42.388+0000] {processor.py:157} INFO - Started process (PID=2709) to work on /home/airflow/.local/lib/python3.9/site-packages/airflow/example_dags/plugins/workday.py
[2023-08-18T13:50:42.390+0000] {processor.py:826} INFO - Processing file /home/airflow/.local/lib/python3.9/site-packages/airflow/example_dags/plugins/workday.py for tasks to queue
[2023-08-18T13:50:42.391+0000] {logging_mixin.py:150} INFO - [2023-08-18T13:50:42.390+0000] {dagbag.py:541} INFO - Filling up the DagBag from /home/airflow/.local/lib/python3.9/site-packages/airflow/example_dags/plugins/workday.py
[2023-08-18T13:50:42.857+0000] {processor.py:838} WARNING - No viable dags retrieved from /home/airflow/.local/lib/python3.9/site-packages/airflow/example_dags/plugins/workday.py
[2023-08-18T13:50:42.871+0000] {processor.py:179} INFO - Processing /home/airflow/.local/lib/python3.9/site-packages/airflow/example_dags/plugins/workday.py took 0.496 seconds
[2023-08-18T13:51:13.285+0000] {processor.py:157} INFO - Started process (PID=2774) to work on /home/airflow/.local/lib/python3.9/site-packages/airflow/example_dags/plugins/workday.py
[2023-08-18T13:51:13.286+0000] {processor.py:826} INFO - Processing file /home/airflow/.local/lib/python3.9/site-packages/airflow/example_dags/plugins/workday.py for tasks to queue
[2023-08-18T13:51:13.290+0000] {logging_mixin.py:150} INFO - [2023-08-18T13:51:13.289+0000] {dagbag.py:541} INFO - Filling up the DagBag from /home/airflow/.local/lib/python3.9/site-packages/airflow/example_dags/plugins/workday.py
[2023-08-18T13:51:13.739+0000] {processor.py:838} WARNING - No viable dags retrieved from /home/airflow/.local/lib/python3.9/site-packages/airflow/example_dags/plugins/workday.py
[2023-08-18T13:51:13.754+0000] {processor.py:179} INFO - Processing /home/airflow/.local/lib/python3.9/site-packages/airflow/example_dags/plugins/workday.py took 0.473 seconds
[2023-08-18T13:51:44.833+0000] {processor.py:157} INFO - Started process (PID=2841) to work on /home/airflow/.local/lib/python3.9/site-packages/airflow/example_dags/plugins/workday.py
[2023-08-18T13:51:44.834+0000] {processor.py:826} INFO - Processing file /home/airflow/.local/lib/python3.9/site-packages/airflow/example_dags/plugins/workday.py for tasks to queue
[2023-08-18T13:51:44.835+0000] {logging_mixin.py:150} INFO - [2023-08-18T13:51:44.835+0000] {dagbag.py:541} INFO - Filling up the DagBag from /home/airflow/.local/lib/python3.9/site-packages/airflow/example_dags/plugins/workday.py
[2023-08-18T13:51:45.274+0000] {processor.py:838} WARNING - No viable dags retrieved from /home/airflow/.local/lib/python3.9/site-packages/airflow/example_dags/plugins/workday.py
[2023-08-18T13:51:45.345+0000] {processor.py:179} INFO - Processing /home/airflow/.local/lib/python3.9/site-packages/airflow/example_dags/plugins/workday.py took 0.516 seconds
[2023-08-18T13:52:15.621+0000] {processor.py:157} INFO - Started process (PID=2912) to work on /home/airflow/.local/lib/python3.9/site-packages/airflow/example_dags/plugins/workday.py
[2023-08-18T13:52:15.621+0000] {processor.py:826} INFO - Processing file /home/airflow/.local/lib/python3.9/site-packages/airflow/example_dags/plugins/workday.py for tasks to queue
[2023-08-18T13:52:15.622+0000] {logging_mixin.py:150} INFO - [2023-08-18T13:52:15.622+0000] {dagbag.py:541} INFO - Filling up the DagBag from /home/airflow/.local/lib/python3.9/site-packages/airflow/example_dags/plugins/workday.py
[2023-08-18T13:52:16.569+0000] {processor.py:838} WARNING - No viable dags retrieved from /home/airflow/.local/lib/python3.9/site-packages/airflow/example_dags/plugins/workday.py
[2023-08-18T13:52:16.583+0000] {processor.py:179} INFO - Processing /home/airflow/.local/lib/python3.9/site-packages/airflow/example_dags/plugins/workday.py took 0.967 seconds
[2023-08-18T13:52:47.449+0000] {processor.py:157} INFO - Started process (PID=2978) to work on /home/airflow/.local/lib/python3.9/site-packages/airflow/example_dags/plugins/workday.py
[2023-08-18T13:52:47.451+0000] {processor.py:826} INFO - Processing file /home/airflow/.local/lib/python3.9/site-packages/airflow/example_dags/plugins/workday.py for tasks to queue
[2023-08-18T13:52:47.451+0000] {logging_mixin.py:150} INFO - [2023-08-18T13:52:47.451+0000] {dagbag.py:541} INFO - Filling up the DagBag from /home/airflow/.local/lib/python3.9/site-packages/airflow/example_dags/plugins/workday.py
[2023-08-18T13:52:47.927+0000] {processor.py:838} WARNING - No viable dags retrieved from /home/airflow/.local/lib/python3.9/site-packages/airflow/example_dags/plugins/workday.py
[2023-08-18T13:52:47.943+0000] {processor.py:179} INFO - Processing /home/airflow/.local/lib/python3.9/site-packages/airflow/example_dags/plugins/workday.py took 0.498 seconds
[2023-08-18T13:53:18.911+0000] {processor.py:157} INFO - Started process (PID=3042) to work on /home/airflow/.local/lib/python3.9/site-packages/airflow/example_dags/plugins/workday.py
[2023-08-18T13:53:18.912+0000] {processor.py:826} INFO - Processing file /home/airflow/.local/lib/python3.9/site-packages/airflow/example_dags/plugins/workday.py for tasks to queue
[2023-08-18T13:53:18.913+0000] {logging_mixin.py:150} INFO - [2023-08-18T13:53:18.913+0000] {dagbag.py:541} INFO - Filling up the DagBag from /home/airflow/.local/lib/python3.9/site-packages/airflow/example_dags/plugins/workday.py
[2023-08-18T13:53:19.365+0000] {processor.py:838} WARNING - No viable dags retrieved from /home/airflow/.local/lib/python3.9/site-packages/airflow/example_dags/plugins/workday.py
[2023-08-18T13:53:19.379+0000] {processor.py:179} INFO - Processing /home/airflow/.local/lib/python3.9/site-packages/airflow/example_dags/plugins/workday.py took 0.471 seconds
[2023-08-18T13:53:50.168+0000] {processor.py:157} INFO - Started process (PID=3114) to work on /home/airflow/.local/lib/python3.9/site-packages/airflow/example_dags/plugins/workday.py
[2023-08-18T13:53:50.187+0000] {processor.py:826} INFO - Processing file /home/airflow/.local/lib/python3.9/site-packages/airflow/example_dags/plugins/workday.py for tasks to queue
[2023-08-18T13:53:50.188+0000] {logging_mixin.py:150} INFO - [2023-08-18T13:53:50.188+0000] {dagbag.py:541} INFO - Filling up the DagBag from /home/airflow/.local/lib/python3.9/site-packages/airflow/example_dags/plugins/workday.py
[2023-08-18T13:53:50.669+0000] {processor.py:838} WARNING - No viable dags retrieved from /home/airflow/.local/lib/python3.9/site-packages/airflow/example_dags/plugins/workday.py
[2023-08-18T13:53:50.683+0000] {processor.py:179} INFO - Processing /home/airflow/.local/lib/python3.9/site-packages/airflow/example_dags/plugins/workday.py took 0.519 seconds
[2023-08-18T13:54:21.377+0000] {processor.py:157} INFO - Started process (PID=3179) to work on /home/airflow/.local/lib/python3.9/site-packages/airflow/example_dags/plugins/workday.py
[2023-08-18T13:54:21.378+0000] {processor.py:826} INFO - Processing file /home/airflow/.local/lib/python3.9/site-packages/airflow/example_dags/plugins/workday.py for tasks to queue
[2023-08-18T13:54:21.378+0000] {logging_mixin.py:150} INFO - [2023-08-18T13:54:21.378+0000] {dagbag.py:541} INFO - Filling up the DagBag from /home/airflow/.local/lib/python3.9/site-packages/airflow/example_dags/plugins/workday.py
[2023-08-18T13:54:21.860+0000] {processor.py:838} WARNING - No viable dags retrieved from /home/airflow/.local/lib/python3.9/site-packages/airflow/example_dags/plugins/workday.py
[2023-08-18T13:54:21.879+0000] {processor.py:179} INFO - Processing /home/airflow/.local/lib/python3.9/site-packages/airflow/example_dags/plugins/workday.py took 0.506 seconds
[2023-08-18T13:54:52.663+0000] {processor.py:157} INFO - Started process (PID=3243) to work on /home/airflow/.local/lib/python3.9/site-packages/airflow/example_dags/plugins/workday.py
[2023-08-18T13:54:52.664+0000] {processor.py:826} INFO - Processing file /home/airflow/.local/lib/python3.9/site-packages/airflow/example_dags/plugins/workday.py for tasks to queue
[2023-08-18T13:54:52.665+0000] {logging_mixin.py:150} INFO - [2023-08-18T13:54:52.665+0000] {dagbag.py:541} INFO - Filling up the DagBag from /home/airflow/.local/lib/python3.9/site-packages/airflow/example_dags/plugins/workday.py
[2023-08-18T13:54:53.178+0000] {processor.py:838} WARNING - No viable dags retrieved from /home/airflow/.local/lib/python3.9/site-packages/airflow/example_dags/plugins/workday.py
[2023-08-18T13:54:53.195+0000] {processor.py:179} INFO - Processing /home/airflow/.local/lib/python3.9/site-packages/airflow/example_dags/plugins/workday.py took 0.536 seconds
[2023-08-18T13:55:23.887+0000] {processor.py:157} INFO - Started process (PID=3314) to work on /home/airflow/.local/lib/python3.9/site-packages/airflow/example_dags/plugins/workday.py
[2023-08-18T13:55:23.890+0000] {processor.py:826} INFO - Processing file /home/airflow/.local/lib/python3.9/site-packages/airflow/example_dags/plugins/workday.py for tasks to queue
[2023-08-18T13:55:23.891+0000] {logging_mixin.py:150} INFO - [2023-08-18T13:55:23.890+0000] {dagbag.py:541} INFO - Filling up the DagBag from /home/airflow/.local/lib/python3.9/site-packages/airflow/example_dags/plugins/workday.py
[2023-08-18T13:55:24.402+0000] {processor.py:838} WARNING - No viable dags retrieved from /home/airflow/.local/lib/python3.9/site-packages/airflow/example_dags/plugins/workday.py
[2023-08-18T13:55:24.417+0000] {processor.py:179} INFO - Processing /home/airflow/.local/lib/python3.9/site-packages/airflow/example_dags/plugins/workday.py took 0.547 seconds
[2023-08-18T13:55:54.512+0000] {processor.py:157} INFO - Started process (PID=3378) to work on /home/airflow/.local/lib/python3.9/site-packages/airflow/example_dags/plugins/workday.py
[2023-08-18T13:55:54.513+0000] {processor.py:826} INFO - Processing file /home/airflow/.local/lib/python3.9/site-packages/airflow/example_dags/plugins/workday.py for tasks to queue
[2023-08-18T13:55:54.514+0000] {logging_mixin.py:150} INFO - [2023-08-18T13:55:54.513+0000] {dagbag.py:541} INFO - Filling up the DagBag from /home/airflow/.local/lib/python3.9/site-packages/airflow/example_dags/plugins/workday.py
[2023-08-18T13:55:55.166+0000] {processor.py:838} WARNING - No viable dags retrieved from /home/airflow/.local/lib/python3.9/site-packages/airflow/example_dags/plugins/workday.py
[2023-08-18T13:55:55.187+0000] {processor.py:179} INFO - Processing /home/airflow/.local/lib/python3.9/site-packages/airflow/example_dags/plugins/workday.py took 0.680 seconds
[2023-08-18T13:56:26.057+0000] {processor.py:157} INFO - Started process (PID=3442) to work on /home/airflow/.local/lib/python3.9/site-packages/airflow/example_dags/plugins/workday.py
[2023-08-18T13:56:26.058+0000] {processor.py:826} INFO - Processing file /home/airflow/.local/lib/python3.9/site-packages/airflow/example_dags/plugins/workday.py for tasks to queue
[2023-08-18T13:56:26.058+0000] {logging_mixin.py:150} INFO - [2023-08-18T13:56:26.058+0000] {dagbag.py:541} INFO - Filling up the DagBag from /home/airflow/.local/lib/python3.9/site-packages/airflow/example_dags/plugins/workday.py
[2023-08-18T13:56:26.499+0000] {processor.py:838} WARNING - No viable dags retrieved from /home/airflow/.local/lib/python3.9/site-packages/airflow/example_dags/plugins/workday.py
[2023-08-18T13:56:26.513+0000] {processor.py:179} INFO - Processing /home/airflow/.local/lib/python3.9/site-packages/airflow/example_dags/plugins/workday.py took 0.460 seconds
[2023-08-18T13:56:57.367+0000] {processor.py:157} INFO - Started process (PID=3513) to work on /home/airflow/.local/lib/python3.9/site-packages/airflow/example_dags/plugins/workday.py
[2023-08-18T13:56:57.368+0000] {processor.py:826} INFO - Processing file /home/airflow/.local/lib/python3.9/site-packages/airflow/example_dags/plugins/workday.py for tasks to queue
[2023-08-18T13:56:57.369+0000] {logging_mixin.py:150} INFO - [2023-08-18T13:56:57.369+0000] {dagbag.py:541} INFO - Filling up the DagBag from /home/airflow/.local/lib/python3.9/site-packages/airflow/example_dags/plugins/workday.py
[2023-08-18T13:56:57.848+0000] {processor.py:838} WARNING - No viable dags retrieved from /home/airflow/.local/lib/python3.9/site-packages/airflow/example_dags/plugins/workday.py
[2023-08-18T13:56:57.862+0000] {processor.py:179} INFO - Processing /home/airflow/.local/lib/python3.9/site-packages/airflow/example_dags/plugins/workday.py took 0.504 seconds
[2023-08-18T13:57:29.360+0000] {processor.py:157} INFO - Started process (PID=3584) to work on /home/airflow/.local/lib/python3.9/site-packages/airflow/example_dags/plugins/workday.py
[2023-08-18T13:57:29.360+0000] {processor.py:826} INFO - Processing file /home/airflow/.local/lib/python3.9/site-packages/airflow/example_dags/plugins/workday.py for tasks to queue
[2023-08-18T13:57:29.361+0000] {logging_mixin.py:150} INFO - [2023-08-18T13:57:29.361+0000] {dagbag.py:541} INFO - Filling up the DagBag from /home/airflow/.local/lib/python3.9/site-packages/airflow/example_dags/plugins/workday.py
[2023-08-18T13:57:29.963+0000] {processor.py:838} WARNING - No viable dags retrieved from /home/airflow/.local/lib/python3.9/site-packages/airflow/example_dags/plugins/workday.py
[2023-08-18T13:57:29.975+0000] {processor.py:179} INFO - Processing /home/airflow/.local/lib/python3.9/site-packages/airflow/example_dags/plugins/workday.py took 0.619 seconds
[2023-08-18T13:58:01.215+0000] {processor.py:157} INFO - Started process (PID=3651) to work on /home/airflow/.local/lib/python3.9/site-packages/airflow/example_dags/plugins/workday.py
[2023-08-18T13:58:01.236+0000] {processor.py:826} INFO - Processing file /home/airflow/.local/lib/python3.9/site-packages/airflow/example_dags/plugins/workday.py for tasks to queue
[2023-08-18T13:58:01.238+0000] {logging_mixin.py:150} INFO - [2023-08-18T13:58:01.238+0000] {dagbag.py:541} INFO - Filling up the DagBag from /home/airflow/.local/lib/python3.9/site-packages/airflow/example_dags/plugins/workday.py
[2023-08-18T13:58:01.780+0000] {processor.py:838} WARNING - No viable dags retrieved from /home/airflow/.local/lib/python3.9/site-packages/airflow/example_dags/plugins/workday.py
[2023-08-18T13:58:01.794+0000] {processor.py:179} INFO - Processing /home/airflow/.local/lib/python3.9/site-packages/airflow/example_dags/plugins/workday.py took 0.583 seconds
[2023-08-18T13:58:32.389+0000] {processor.py:157} INFO - Started process (PID=3725) to work on /home/airflow/.local/lib/python3.9/site-packages/airflow/example_dags/plugins/workday.py
[2023-08-18T13:58:32.390+0000] {processor.py:826} INFO - Processing file /home/airflow/.local/lib/python3.9/site-packages/airflow/example_dags/plugins/workday.py for tasks to queue
[2023-08-18T13:58:32.391+0000] {logging_mixin.py:150} INFO - [2023-08-18T13:58:32.390+0000] {dagbag.py:541} INFO - Filling up the DagBag from /home/airflow/.local/lib/python3.9/site-packages/airflow/example_dags/plugins/workday.py
[2023-08-18T13:58:32.897+0000] {processor.py:838} WARNING - No viable dags retrieved from /home/airflow/.local/lib/python3.9/site-packages/airflow/example_dags/plugins/workday.py
[2023-08-18T13:58:32.911+0000] {processor.py:179} INFO - Processing /home/airflow/.local/lib/python3.9/site-packages/airflow/example_dags/plugins/workday.py took 0.527 seconds
[2023-08-18T13:59:03.492+0000] {processor.py:157} INFO - Started process (PID=3790) to work on /home/airflow/.local/lib/python3.9/site-packages/airflow/example_dags/plugins/workday.py
[2023-08-18T13:59:03.494+0000] {processor.py:826} INFO - Processing file /home/airflow/.local/lib/python3.9/site-packages/airflow/example_dags/plugins/workday.py for tasks to queue
[2023-08-18T13:59:03.495+0000] {logging_mixin.py:150} INFO - [2023-08-18T13:59:03.495+0000] {dagbag.py:541} INFO - Filling up the DagBag from /home/airflow/.local/lib/python3.9/site-packages/airflow/example_dags/plugins/workday.py
[2023-08-18T13:59:04.305+0000] {processor.py:838} WARNING - No viable dags retrieved from /home/airflow/.local/lib/python3.9/site-packages/airflow/example_dags/plugins/workday.py
[2023-08-18T13:59:04.324+0000] {processor.py:179} INFO - Processing /home/airflow/.local/lib/python3.9/site-packages/airflow/example_dags/plugins/workday.py took 0.837 seconds
[2023-08-18T13:59:34.734+0000] {processor.py:157} INFO - Started process (PID=3856) to work on /home/airflow/.local/lib/python3.9/site-packages/airflow/example_dags/plugins/workday.py
[2023-08-18T13:59:34.735+0000] {processor.py:826} INFO - Processing file /home/airflow/.local/lib/python3.9/site-packages/airflow/example_dags/plugins/workday.py for tasks to queue
[2023-08-18T13:59:34.735+0000] {logging_mixin.py:150} INFO - [2023-08-18T13:59:34.735+0000] {dagbag.py:541} INFO - Filling up the DagBag from /home/airflow/.local/lib/python3.9/site-packages/airflow/example_dags/plugins/workday.py
[2023-08-18T13:59:35.420+0000] {processor.py:838} WARNING - No viable dags retrieved from /home/airflow/.local/lib/python3.9/site-packages/airflow/example_dags/plugins/workday.py
[2023-08-18T13:59:35.434+0000] {processor.py:179} INFO - Processing /home/airflow/.local/lib/python3.9/site-packages/airflow/example_dags/plugins/workday.py took 0.704 seconds
[2023-08-18T14:00:06.167+0000] {processor.py:157} INFO - Started process (PID=3929) to work on /home/airflow/.local/lib/python3.9/site-packages/airflow/example_dags/plugins/workday.py
[2023-08-18T14:00:06.168+0000] {processor.py:826} INFO - Processing file /home/airflow/.local/lib/python3.9/site-packages/airflow/example_dags/plugins/workday.py for tasks to queue
[2023-08-18T14:00:06.169+0000] {logging_mixin.py:150} INFO - [2023-08-18T14:00:06.169+0000] {dagbag.py:541} INFO - Filling up the DagBag from /home/airflow/.local/lib/python3.9/site-packages/airflow/example_dags/plugins/workday.py
[2023-08-18T14:00:07.284+0000] {processor.py:838} WARNING - No viable dags retrieved from /home/airflow/.local/lib/python3.9/site-packages/airflow/example_dags/plugins/workday.py
[2023-08-18T14:00:07.305+0000] {processor.py:179} INFO - Processing /home/airflow/.local/lib/python3.9/site-packages/airflow/example_dags/plugins/workday.py took 1.142 seconds
[2023-08-18T14:00:37.514+0000] {processor.py:157} INFO - Started process (PID=3993) to work on /home/airflow/.local/lib/python3.9/site-packages/airflow/example_dags/plugins/workday.py
[2023-08-18T14:00:37.515+0000] {processor.py:826} INFO - Processing file /home/airflow/.local/lib/python3.9/site-packages/airflow/example_dags/plugins/workday.py for tasks to queue
[2023-08-18T14:00:37.516+0000] {logging_mixin.py:150} INFO - [2023-08-18T14:00:37.516+0000] {dagbag.py:541} INFO - Filling up the DagBag from /home/airflow/.local/lib/python3.9/site-packages/airflow/example_dags/plugins/workday.py
[2023-08-18T14:00:38.149+0000] {processor.py:838} WARNING - No viable dags retrieved from /home/airflow/.local/lib/python3.9/site-packages/airflow/example_dags/plugins/workday.py
[2023-08-18T14:00:38.161+0000] {processor.py:179} INFO - Processing /home/airflow/.local/lib/python3.9/site-packages/airflow/example_dags/plugins/workday.py took 0.651 seconds
[2023-08-18T14:01:09.072+0000] {processor.py:157} INFO - Started process (PID=4060) to work on /home/airflow/.local/lib/python3.9/site-packages/airflow/example_dags/plugins/workday.py
[2023-08-18T14:01:09.073+0000] {processor.py:826} INFO - Processing file /home/airflow/.local/lib/python3.9/site-packages/airflow/example_dags/plugins/workday.py for tasks to queue
[2023-08-18T14:01:09.074+0000] {logging_mixin.py:150} INFO - [2023-08-18T14:01:09.074+0000] {dagbag.py:541} INFO - Filling up the DagBag from /home/airflow/.local/lib/python3.9/site-packages/airflow/example_dags/plugins/workday.py
[2023-08-18T14:01:09.964+0000] {processor.py:838} WARNING - No viable dags retrieved from /home/airflow/.local/lib/python3.9/site-packages/airflow/example_dags/plugins/workday.py
[2023-08-18T14:01:09.989+0000] {processor.py:179} INFO - Processing /home/airflow/.local/lib/python3.9/site-packages/airflow/example_dags/plugins/workday.py took 0.921 seconds
[2023-08-18T14:01:40.293+0000] {processor.py:157} INFO - Started process (PID=4136) to work on /home/airflow/.local/lib/python3.9/site-packages/airflow/example_dags/plugins/workday.py
[2023-08-18T14:01:40.298+0000] {processor.py:826} INFO - Processing file /home/airflow/.local/lib/python3.9/site-packages/airflow/example_dags/plugins/workday.py for tasks to queue
[2023-08-18T14:01:40.299+0000] {logging_mixin.py:150} INFO - [2023-08-18T14:01:40.298+0000] {dagbag.py:541} INFO - Filling up the DagBag from /home/airflow/.local/lib/python3.9/site-packages/airflow/example_dags/plugins/workday.py
[2023-08-18T14:01:41.200+0000] {processor.py:838} WARNING - No viable dags retrieved from /home/airflow/.local/lib/python3.9/site-packages/airflow/example_dags/plugins/workday.py
[2023-08-18T14:01:41.221+0000] {processor.py:179} INFO - Processing /home/airflow/.local/lib/python3.9/site-packages/airflow/example_dags/plugins/workday.py took 0.937 seconds
[2023-08-18T14:02:12.167+0000] {processor.py:157} INFO - Started process (PID=4205) to work on /home/airflow/.local/lib/python3.9/site-packages/airflow/example_dags/plugins/workday.py
[2023-08-18T14:02:12.168+0000] {processor.py:826} INFO - Processing file /home/airflow/.local/lib/python3.9/site-packages/airflow/example_dags/plugins/workday.py for tasks to queue
[2023-08-18T14:02:12.169+0000] {logging_mixin.py:150} INFO - [2023-08-18T14:02:12.168+0000] {dagbag.py:541} INFO - Filling up the DagBag from /home/airflow/.local/lib/python3.9/site-packages/airflow/example_dags/plugins/workday.py
[2023-08-18T14:02:12.755+0000] {processor.py:838} WARNING - No viable dags retrieved from /home/airflow/.local/lib/python3.9/site-packages/airflow/example_dags/plugins/workday.py
[2023-08-18T14:02:12.768+0000] {processor.py:179} INFO - Processing /home/airflow/.local/lib/python3.9/site-packages/airflow/example_dags/plugins/workday.py took 0.604 seconds
[2023-08-18T14:02:43.483+0000] {processor.py:157} INFO - Started process (PID=4271) to work on /home/airflow/.local/lib/python3.9/site-packages/airflow/example_dags/plugins/workday.py
[2023-08-18T14:02:43.483+0000] {processor.py:826} INFO - Processing file /home/airflow/.local/lib/python3.9/site-packages/airflow/example_dags/plugins/workday.py for tasks to queue
[2023-08-18T14:02:43.484+0000] {logging_mixin.py:150} INFO - [2023-08-18T14:02:43.484+0000] {dagbag.py:541} INFO - Filling up the DagBag from /home/airflow/.local/lib/python3.9/site-packages/airflow/example_dags/plugins/workday.py
[2023-08-18T14:02:44.101+0000] {processor.py:838} WARNING - No viable dags retrieved from /home/airflow/.local/lib/python3.9/site-packages/airflow/example_dags/plugins/workday.py
[2023-08-18T14:02:44.144+0000] {processor.py:179} INFO - Processing /home/airflow/.local/lib/python3.9/site-packages/airflow/example_dags/plugins/workday.py took 0.665 seconds
[2023-08-18T14:03:14.388+0000] {processor.py:157} INFO - Started process (PID=4343) to work on /home/airflow/.local/lib/python3.9/site-packages/airflow/example_dags/plugins/workday.py
[2023-08-18T14:03:14.390+0000] {processor.py:826} INFO - Processing file /home/airflow/.local/lib/python3.9/site-packages/airflow/example_dags/plugins/workday.py for tasks to queue
[2023-08-18T14:03:14.391+0000] {logging_mixin.py:150} INFO - [2023-08-18T14:03:14.390+0000] {dagbag.py:541} INFO - Filling up the DagBag from /home/airflow/.local/lib/python3.9/site-packages/airflow/example_dags/plugins/workday.py
[2023-08-18T14:03:15.037+0000] {processor.py:838} WARNING - No viable dags retrieved from /home/airflow/.local/lib/python3.9/site-packages/airflow/example_dags/plugins/workday.py
[2023-08-18T14:03:15.049+0000] {processor.py:179} INFO - Processing /home/airflow/.local/lib/python3.9/site-packages/airflow/example_dags/plugins/workday.py took 0.665 seconds
[2023-08-18T14:03:45.944+0000] {processor.py:157} INFO - Started process (PID=4407) to work on /home/airflow/.local/lib/python3.9/site-packages/airflow/example_dags/plugins/workday.py
[2023-08-18T14:03:45.945+0000] {processor.py:826} INFO - Processing file /home/airflow/.local/lib/python3.9/site-packages/airflow/example_dags/plugins/workday.py for tasks to queue
[2023-08-18T14:03:45.945+0000] {logging_mixin.py:150} INFO - [2023-08-18T14:03:45.945+0000] {dagbag.py:541} INFO - Filling up the DagBag from /home/airflow/.local/lib/python3.9/site-packages/airflow/example_dags/plugins/workday.py
[2023-08-18T14:03:46.553+0000] {processor.py:838} WARNING - No viable dags retrieved from /home/airflow/.local/lib/python3.9/site-packages/airflow/example_dags/plugins/workday.py
[2023-08-18T14:03:46.565+0000] {processor.py:179} INFO - Processing /home/airflow/.local/lib/python3.9/site-packages/airflow/example_dags/plugins/workday.py took 0.625 seconds
[2023-08-18T14:04:17.427+0000] {processor.py:157} INFO - Started process (PID=4472) to work on /home/airflow/.local/lib/python3.9/site-packages/airflow/example_dags/plugins/workday.py
[2023-08-18T14:04:17.430+0000] {processor.py:826} INFO - Processing file /home/airflow/.local/lib/python3.9/site-packages/airflow/example_dags/plugins/workday.py for tasks to queue
[2023-08-18T14:04:17.431+0000] {logging_mixin.py:150} INFO - [2023-08-18T14:04:17.430+0000] {dagbag.py:541} INFO - Filling up the DagBag from /home/airflow/.local/lib/python3.9/site-packages/airflow/example_dags/plugins/workday.py
[2023-08-18T14:04:18.062+0000] {processor.py:838} WARNING - No viable dags retrieved from /home/airflow/.local/lib/python3.9/site-packages/airflow/example_dags/plugins/workday.py
[2023-08-18T14:04:18.074+0000] {processor.py:179} INFO - Processing /home/airflow/.local/lib/python3.9/site-packages/airflow/example_dags/plugins/workday.py took 0.651 seconds
[2023-08-18T14:04:48.944+0000] {processor.py:157} INFO - Started process (PID=4543) to work on /home/airflow/.local/lib/python3.9/site-packages/airflow/example_dags/plugins/workday.py
[2023-08-18T14:04:48.945+0000] {processor.py:826} INFO - Processing file /home/airflow/.local/lib/python3.9/site-packages/airflow/example_dags/plugins/workday.py for tasks to queue
[2023-08-18T14:04:48.946+0000] {logging_mixin.py:150} INFO - [2023-08-18T14:04:48.946+0000] {dagbag.py:541} INFO - Filling up the DagBag from /home/airflow/.local/lib/python3.9/site-packages/airflow/example_dags/plugins/workday.py
[2023-08-18T14:04:49.540+0000] {processor.py:838} WARNING - No viable dags retrieved from /home/airflow/.local/lib/python3.9/site-packages/airflow/example_dags/plugins/workday.py
[2023-08-18T14:04:49.586+0000] {processor.py:179} INFO - Processing /home/airflow/.local/lib/python3.9/site-packages/airflow/example_dags/plugins/workday.py took 0.647 seconds
[2023-08-18T14:05:20.492+0000] {processor.py:157} INFO - Started process (PID=4608) to work on /home/airflow/.local/lib/python3.9/site-packages/airflow/example_dags/plugins/workday.py
[2023-08-18T14:05:20.493+0000] {processor.py:826} INFO - Processing file /home/airflow/.local/lib/python3.9/site-packages/airflow/example_dags/plugins/workday.py for tasks to queue
[2023-08-18T14:05:20.494+0000] {logging_mixin.py:150} INFO - [2023-08-18T14:05:20.494+0000] {dagbag.py:541} INFO - Filling up the DagBag from /home/airflow/.local/lib/python3.9/site-packages/airflow/example_dags/plugins/workday.py
[2023-08-18T14:05:21.085+0000] {processor.py:838} WARNING - No viable dags retrieved from /home/airflow/.local/lib/python3.9/site-packages/airflow/example_dags/plugins/workday.py
[2023-08-18T14:05:21.097+0000] {processor.py:179} INFO - Processing /home/airflow/.local/lib/python3.9/site-packages/airflow/example_dags/plugins/workday.py took 0.608 seconds
[2023-08-18T14:05:51.402+0000] {processor.py:157} INFO - Started process (PID=4679) to work on /home/airflow/.local/lib/python3.9/site-packages/airflow/example_dags/plugins/workday.py
[2023-08-18T14:05:51.416+0000] {processor.py:826} INFO - Processing file /home/airflow/.local/lib/python3.9/site-packages/airflow/example_dags/plugins/workday.py for tasks to queue
[2023-08-18T14:05:51.417+0000] {logging_mixin.py:150} INFO - [2023-08-18T14:05:51.417+0000] {dagbag.py:541} INFO - Filling up the DagBag from /home/airflow/.local/lib/python3.9/site-packages/airflow/example_dags/plugins/workday.py
[2023-08-18T14:05:52.724+0000] {processor.py:838} WARNING - No viable dags retrieved from /home/airflow/.local/lib/python3.9/site-packages/airflow/example_dags/plugins/workday.py
[2023-08-18T14:05:52.772+0000] {processor.py:179} INFO - Processing /home/airflow/.local/lib/python3.9/site-packages/airflow/example_dags/plugins/workday.py took 1.374 seconds
[2023-08-18T14:06:23.069+0000] {processor.py:157} INFO - Started process (PID=4743) to work on /home/airflow/.local/lib/python3.9/site-packages/airflow/example_dags/plugins/workday.py
[2023-08-18T14:06:23.070+0000] {processor.py:826} INFO - Processing file /home/airflow/.local/lib/python3.9/site-packages/airflow/example_dags/plugins/workday.py for tasks to queue
[2023-08-18T14:06:23.071+0000] {logging_mixin.py:150} INFO - [2023-08-18T14:06:23.071+0000] {dagbag.py:541} INFO - Filling up the DagBag from /home/airflow/.local/lib/python3.9/site-packages/airflow/example_dags/plugins/workday.py
[2023-08-18T14:06:23.675+0000] {processor.py:838} WARNING - No viable dags retrieved from /home/airflow/.local/lib/python3.9/site-packages/airflow/example_dags/plugins/workday.py
[2023-08-18T14:06:23.690+0000] {processor.py:179} INFO - Processing /home/airflow/.local/lib/python3.9/site-packages/airflow/example_dags/plugins/workday.py took 0.624 seconds
[2023-08-18T14:06:54.703+0000] {processor.py:157} INFO - Started process (PID=4810) to work on /home/airflow/.local/lib/python3.9/site-packages/airflow/example_dags/plugins/workday.py
[2023-08-18T14:06:54.704+0000] {processor.py:826} INFO - Processing file /home/airflow/.local/lib/python3.9/site-packages/airflow/example_dags/plugins/workday.py for tasks to queue
[2023-08-18T14:06:54.705+0000] {logging_mixin.py:150} INFO - [2023-08-18T14:06:54.705+0000] {dagbag.py:541} INFO - Filling up the DagBag from /home/airflow/.local/lib/python3.9/site-packages/airflow/example_dags/plugins/workday.py
[2023-08-18T14:06:55.341+0000] {processor.py:838} WARNING - No viable dags retrieved from /home/airflow/.local/lib/python3.9/site-packages/airflow/example_dags/plugins/workday.py
[2023-08-18T14:06:55.352+0000] {processor.py:179} INFO - Processing /home/airflow/.local/lib/python3.9/site-packages/airflow/example_dags/plugins/workday.py took 0.653 seconds
[2023-08-18T14:07:25.547+0000] {processor.py:157} INFO - Started process (PID=4883) to work on /home/airflow/.local/lib/python3.9/site-packages/airflow/example_dags/plugins/workday.py
[2023-08-18T14:07:25.548+0000] {processor.py:826} INFO - Processing file /home/airflow/.local/lib/python3.9/site-packages/airflow/example_dags/plugins/workday.py for tasks to queue
[2023-08-18T14:07:25.549+0000] {logging_mixin.py:150} INFO - [2023-08-18T14:07:25.549+0000] {dagbag.py:541} INFO - Filling up the DagBag from /home/airflow/.local/lib/python3.9/site-packages/airflow/example_dags/plugins/workday.py
[2023-08-18T14:07:26.343+0000] {processor.py:838} WARNING - No viable dags retrieved from /home/airflow/.local/lib/python3.9/site-packages/airflow/example_dags/plugins/workday.py
[2023-08-18T14:07:26.356+0000] {processor.py:179} INFO - Processing /home/airflow/.local/lib/python3.9/site-packages/airflow/example_dags/plugins/workday.py took 0.812 seconds
[2023-08-18T14:07:56.763+0000] {processor.py:157} INFO - Started process (PID=4947) to work on /home/airflow/.local/lib/python3.9/site-packages/airflow/example_dags/plugins/workday.py
[2023-08-18T14:07:56.764+0000] {processor.py:826} INFO - Processing file /home/airflow/.local/lib/python3.9/site-packages/airflow/example_dags/plugins/workday.py for tasks to queue
[2023-08-18T14:07:56.765+0000] {logging_mixin.py:150} INFO - [2023-08-18T14:07:56.765+0000] {dagbag.py:541} INFO - Filling up the DagBag from /home/airflow/.local/lib/python3.9/site-packages/airflow/example_dags/plugins/workday.py
[2023-08-18T14:07:57.420+0000] {processor.py:838} WARNING - No viable dags retrieved from /home/airflow/.local/lib/python3.9/site-packages/airflow/example_dags/plugins/workday.py
[2023-08-18T14:07:57.455+0000] {processor.py:179} INFO - Processing /home/airflow/.local/lib/python3.9/site-packages/airflow/example_dags/plugins/workday.py took 0.696 seconds
[2023-08-18T14:08:28.038+0000] {processor.py:157} INFO - Started process (PID=5015) to work on /home/airflow/.local/lib/python3.9/site-packages/airflow/example_dags/plugins/workday.py
[2023-08-18T14:08:28.039+0000] {processor.py:826} INFO - Processing file /home/airflow/.local/lib/python3.9/site-packages/airflow/example_dags/plugins/workday.py for tasks to queue
[2023-08-18T14:08:28.040+0000] {logging_mixin.py:150} INFO - [2023-08-18T14:08:28.039+0000] {dagbag.py:541} INFO - Filling up the DagBag from /home/airflow/.local/lib/python3.9/site-packages/airflow/example_dags/plugins/workday.py
[2023-08-18T14:08:28.716+0000] {processor.py:838} WARNING - No viable dags retrieved from /home/airflow/.local/lib/python3.9/site-packages/airflow/example_dags/plugins/workday.py
[2023-08-18T14:08:28.728+0000] {processor.py:179} INFO - Processing /home/airflow/.local/lib/python3.9/site-packages/airflow/example_dags/plugins/workday.py took 0.693 seconds
[2023-08-18T14:08:58.833+0000] {processor.py:157} INFO - Started process (PID=5087) to work on /home/airflow/.local/lib/python3.9/site-packages/airflow/example_dags/plugins/workday.py
[2023-08-18T14:08:58.846+0000] {processor.py:826} INFO - Processing file /home/airflow/.local/lib/python3.9/site-packages/airflow/example_dags/plugins/workday.py for tasks to queue
[2023-08-18T14:08:58.847+0000] {logging_mixin.py:150} INFO - [2023-08-18T14:08:58.847+0000] {dagbag.py:541} INFO - Filling up the DagBag from /home/airflow/.local/lib/python3.9/site-packages/airflow/example_dags/plugins/workday.py
[2023-08-18T14:08:59.878+0000] {processor.py:838} WARNING - No viable dags retrieved from /home/airflow/.local/lib/python3.9/site-packages/airflow/example_dags/plugins/workday.py
[2023-08-18T14:08:59.890+0000] {processor.py:179} INFO - Processing /home/airflow/.local/lib/python3.9/site-packages/airflow/example_dags/plugins/workday.py took 1.061 seconds
[2023-08-18T14:09:30.050+0000] {processor.py:157} INFO - Started process (PID=5154) to work on /home/airflow/.local/lib/python3.9/site-packages/airflow/example_dags/plugins/workday.py
[2023-08-18T14:09:30.051+0000] {processor.py:826} INFO - Processing file /home/airflow/.local/lib/python3.9/site-packages/airflow/example_dags/plugins/workday.py for tasks to queue
[2023-08-18T14:09:30.052+0000] {logging_mixin.py:150} INFO - [2023-08-18T14:09:30.052+0000] {dagbag.py:541} INFO - Filling up the DagBag from /home/airflow/.local/lib/python3.9/site-packages/airflow/example_dags/plugins/workday.py
[2023-08-18T14:09:30.696+0000] {processor.py:838} WARNING - No viable dags retrieved from /home/airflow/.local/lib/python3.9/site-packages/airflow/example_dags/plugins/workday.py
[2023-08-18T14:09:30.708+0000] {processor.py:179} INFO - Processing /home/airflow/.local/lib/python3.9/site-packages/airflow/example_dags/plugins/workday.py took 0.662 seconds
[2023-08-18T14:10:00.948+0000] {processor.py:157} INFO - Started process (PID=5219) to work on /home/airflow/.local/lib/python3.9/site-packages/airflow/example_dags/plugins/workday.py
[2023-08-18T14:10:00.950+0000] {processor.py:826} INFO - Processing file /home/airflow/.local/lib/python3.9/site-packages/airflow/example_dags/plugins/workday.py for tasks to queue
[2023-08-18T14:10:00.950+0000] {logging_mixin.py:150} INFO - [2023-08-18T14:10:00.950+0000] {dagbag.py:541} INFO - Filling up the DagBag from /home/airflow/.local/lib/python3.9/site-packages/airflow/example_dags/plugins/workday.py
[2023-08-18T14:10:01.555+0000] {processor.py:838} WARNING - No viable dags retrieved from /home/airflow/.local/lib/python3.9/site-packages/airflow/example_dags/plugins/workday.py
[2023-08-18T14:10:01.571+0000] {processor.py:179} INFO - Processing /home/airflow/.local/lib/python3.9/site-packages/airflow/example_dags/plugins/workday.py took 0.626 seconds
[2023-08-18T14:10:31.632+0000] {processor.py:157} INFO - Started process (PID=5289) to work on /home/airflow/.local/lib/python3.9/site-packages/airflow/example_dags/plugins/workday.py
[2023-08-18T14:10:31.632+0000] {processor.py:826} INFO - Processing file /home/airflow/.local/lib/python3.9/site-packages/airflow/example_dags/plugins/workday.py for tasks to queue
[2023-08-18T14:10:31.633+0000] {logging_mixin.py:150} INFO - [2023-08-18T14:10:31.633+0000] {dagbag.py:541} INFO - Filling up the DagBag from /home/airflow/.local/lib/python3.9/site-packages/airflow/example_dags/plugins/workday.py
[2023-08-18T14:10:32.364+0000] {processor.py:838} WARNING - No viable dags retrieved from /home/airflow/.local/lib/python3.9/site-packages/airflow/example_dags/plugins/workday.py
[2023-08-18T14:10:32.394+0000] {processor.py:179} INFO - Processing /home/airflow/.local/lib/python3.9/site-packages/airflow/example_dags/plugins/workday.py took 0.766 seconds
[2023-08-18T14:11:02.773+0000] {processor.py:157} INFO - Started process (PID=5353) to work on /home/airflow/.local/lib/python3.9/site-packages/airflow/example_dags/plugins/workday.py
[2023-08-18T14:11:02.775+0000] {processor.py:826} INFO - Processing file /home/airflow/.local/lib/python3.9/site-packages/airflow/example_dags/plugins/workday.py for tasks to queue
[2023-08-18T14:11:02.776+0000] {logging_mixin.py:150} INFO - [2023-08-18T14:11:02.776+0000] {dagbag.py:541} INFO - Filling up the DagBag from /home/airflow/.local/lib/python3.9/site-packages/airflow/example_dags/plugins/workday.py
[2023-08-18T14:11:03.397+0000] {processor.py:838} WARNING - No viable dags retrieved from /home/airflow/.local/lib/python3.9/site-packages/airflow/example_dags/plugins/workday.py
[2023-08-18T14:11:03.409+0000] {processor.py:179} INFO - Processing /home/airflow/.local/lib/python3.9/site-packages/airflow/example_dags/plugins/workday.py took 0.640 seconds
[2023-08-18T14:11:33.993+0000] {processor.py:157} INFO - Started process (PID=5417) to work on /home/airflow/.local/lib/python3.9/site-packages/airflow/example_dags/plugins/workday.py
[2023-08-18T14:11:33.994+0000] {processor.py:826} INFO - Processing file /home/airflow/.local/lib/python3.9/site-packages/airflow/example_dags/plugins/workday.py for tasks to queue
[2023-08-18T14:11:33.995+0000] {logging_mixin.py:150} INFO - [2023-08-18T14:11:33.994+0000] {dagbag.py:541} INFO - Filling up the DagBag from /home/airflow/.local/lib/python3.9/site-packages/airflow/example_dags/plugins/workday.py
[2023-08-18T14:11:35.036+0000] {processor.py:838} WARNING - No viable dags retrieved from /home/airflow/.local/lib/python3.9/site-packages/airflow/example_dags/plugins/workday.py
[2023-08-18T14:11:35.048+0000] {processor.py:179} INFO - Processing /home/airflow/.local/lib/python3.9/site-packages/airflow/example_dags/plugins/workday.py took 1.059 seconds
[2023-08-18T14:12:05.726+0000] {processor.py:157} INFO - Started process (PID=5492) to work on /home/airflow/.local/lib/python3.9/site-packages/airflow/example_dags/plugins/workday.py
[2023-08-18T14:12:05.736+0000] {processor.py:826} INFO - Processing file /home/airflow/.local/lib/python3.9/site-packages/airflow/example_dags/plugins/workday.py for tasks to queue
[2023-08-18T14:12:05.737+0000] {logging_mixin.py:150} INFO - [2023-08-18T14:12:05.736+0000] {dagbag.py:541} INFO - Filling up the DagBag from /home/airflow/.local/lib/python3.9/site-packages/airflow/example_dags/plugins/workday.py
[2023-08-18T14:12:06.859+0000] {processor.py:838} WARNING - No viable dags retrieved from /home/airflow/.local/lib/python3.9/site-packages/airflow/example_dags/plugins/workday.py
[2023-08-18T14:12:06.871+0000] {processor.py:179} INFO - Processing /home/airflow/.local/lib/python3.9/site-packages/airflow/example_dags/plugins/workday.py took 1.148 seconds
[2023-08-18T14:12:37.428+0000] {processor.py:157} INFO - Started process (PID=5557) to work on /home/airflow/.local/lib/python3.9/site-packages/airflow/example_dags/plugins/workday.py
[2023-08-18T14:12:37.428+0000] {processor.py:826} INFO - Processing file /home/airflow/.local/lib/python3.9/site-packages/airflow/example_dags/plugins/workday.py for tasks to queue
[2023-08-18T14:12:37.429+0000] {logging_mixin.py:150} INFO - [2023-08-18T14:12:37.429+0000] {dagbag.py:541} INFO - Filling up the DagBag from /home/airflow/.local/lib/python3.9/site-packages/airflow/example_dags/plugins/workday.py
[2023-08-18T14:12:38.043+0000] {processor.py:838} WARNING - No viable dags retrieved from /home/airflow/.local/lib/python3.9/site-packages/airflow/example_dags/plugins/workday.py
[2023-08-18T14:12:38.055+0000] {processor.py:179} INFO - Processing /home/airflow/.local/lib/python3.9/site-packages/airflow/example_dags/plugins/workday.py took 0.631 seconds
[2023-08-18T14:13:08.923+0000] {processor.py:157} INFO - Started process (PID=5625) to work on /home/airflow/.local/lib/python3.9/site-packages/airflow/example_dags/plugins/workday.py
[2023-08-18T14:13:08.924+0000] {processor.py:826} INFO - Processing file /home/airflow/.local/lib/python3.9/site-packages/airflow/example_dags/plugins/workday.py for tasks to queue
[2023-08-18T14:13:08.925+0000] {logging_mixin.py:150} INFO - [2023-08-18T14:13:08.924+0000] {dagbag.py:541} INFO - Filling up the DagBag from /home/airflow/.local/lib/python3.9/site-packages/airflow/example_dags/plugins/workday.py
[2023-08-18T14:13:09.515+0000] {processor.py:838} WARNING - No viable dags retrieved from /home/airflow/.local/lib/python3.9/site-packages/airflow/example_dags/plugins/workday.py
[2023-08-18T14:13:09.544+0000] {processor.py:179} INFO - Processing /home/airflow/.local/lib/python3.9/site-packages/airflow/example_dags/plugins/workday.py took 0.625 seconds
[2023-08-18T14:13:39.794+0000] {processor.py:157} INFO - Started process (PID=5696) to work on /home/airflow/.local/lib/python3.9/site-packages/airflow/example_dags/plugins/workday.py
[2023-08-18T14:13:39.794+0000] {processor.py:826} INFO - Processing file /home/airflow/.local/lib/python3.9/site-packages/airflow/example_dags/plugins/workday.py for tasks to queue
[2023-08-18T14:13:39.795+0000] {logging_mixin.py:150} INFO - [2023-08-18T14:13:39.795+0000] {dagbag.py:541} INFO - Filling up the DagBag from /home/airflow/.local/lib/python3.9/site-packages/airflow/example_dags/plugins/workday.py
[2023-08-18T14:13:40.387+0000] {processor.py:838} WARNING - No viable dags retrieved from /home/airflow/.local/lib/python3.9/site-packages/airflow/example_dags/plugins/workday.py
[2023-08-18T14:13:40.399+0000] {processor.py:179} INFO - Processing /home/airflow/.local/lib/python3.9/site-packages/airflow/example_dags/plugins/workday.py took 0.614 seconds
[2023-08-18T14:14:11.133+0000] {processor.py:157} INFO - Started process (PID=5759) to work on /home/airflow/.local/lib/python3.9/site-packages/airflow/example_dags/plugins/workday.py
[2023-08-18T14:14:11.134+0000] {processor.py:826} INFO - Processing file /home/airflow/.local/lib/python3.9/site-packages/airflow/example_dags/plugins/workday.py for tasks to queue
[2023-08-18T14:14:11.135+0000] {logging_mixin.py:150} INFO - [2023-08-18T14:14:11.134+0000] {dagbag.py:541} INFO - Filling up the DagBag from /home/airflow/.local/lib/python3.9/site-packages/airflow/example_dags/plugins/workday.py
[2023-08-18T14:14:11.737+0000] {processor.py:838} WARNING - No viable dags retrieved from /home/airflow/.local/lib/python3.9/site-packages/airflow/example_dags/plugins/workday.py
[2023-08-18T14:14:11.748+0000] {processor.py:179} INFO - Processing /home/airflow/.local/lib/python3.9/site-packages/airflow/example_dags/plugins/workday.py took 0.619 seconds
[2023-08-18T14:14:42.370+0000] {processor.py:157} INFO - Started process (PID=5823) to work on /home/airflow/.local/lib/python3.9/site-packages/airflow/example_dags/plugins/workday.py
[2023-08-18T14:14:42.371+0000] {processor.py:826} INFO - Processing file /home/airflow/.local/lib/python3.9/site-packages/airflow/example_dags/plugins/workday.py for tasks to queue
[2023-08-18T14:14:42.372+0000] {logging_mixin.py:150} INFO - [2023-08-18T14:14:42.371+0000] {dagbag.py:541} INFO - Filling up the DagBag from /home/airflow/.local/lib/python3.9/site-packages/airflow/example_dags/plugins/workday.py
[2023-08-18T14:14:43.218+0000] {processor.py:838} WARNING - No viable dags retrieved from /home/airflow/.local/lib/python3.9/site-packages/airflow/example_dags/plugins/workday.py
[2023-08-18T14:14:43.246+0000] {processor.py:179} INFO - Processing /home/airflow/.local/lib/python3.9/site-packages/airflow/example_dags/plugins/workday.py took 0.880 seconds
[2023-08-18T14:15:13.865+0000] {processor.py:157} INFO - Started process (PID=5893) to work on /home/airflow/.local/lib/python3.9/site-packages/airflow/example_dags/plugins/workday.py
[2023-08-18T14:15:13.866+0000] {processor.py:826} INFO - Processing file /home/airflow/.local/lib/python3.9/site-packages/airflow/example_dags/plugins/workday.py for tasks to queue
[2023-08-18T14:15:13.867+0000] {logging_mixin.py:150} INFO - [2023-08-18T14:15:13.866+0000] {dagbag.py:541} INFO - Filling up the DagBag from /home/airflow/.local/lib/python3.9/site-packages/airflow/example_dags/plugins/workday.py
[2023-08-18T14:15:14.486+0000] {processor.py:838} WARNING - No viable dags retrieved from /home/airflow/.local/lib/python3.9/site-packages/airflow/example_dags/plugins/workday.py
[2023-08-18T14:15:14.497+0000] {processor.py:179} INFO - Processing /home/airflow/.local/lib/python3.9/site-packages/airflow/example_dags/plugins/workday.py took 0.636 seconds
[2023-08-18T14:15:45.329+0000] {processor.py:157} INFO - Started process (PID=5958) to work on /home/airflow/.local/lib/python3.9/site-packages/airflow/example_dags/plugins/workday.py
[2023-08-18T14:15:45.330+0000] {processor.py:826} INFO - Processing file /home/airflow/.local/lib/python3.9/site-packages/airflow/example_dags/plugins/workday.py for tasks to queue
[2023-08-18T14:15:45.331+0000] {logging_mixin.py:150} INFO - [2023-08-18T14:15:45.331+0000] {dagbag.py:541} INFO - Filling up the DagBag from /home/airflow/.local/lib/python3.9/site-packages/airflow/example_dags/plugins/workday.py
[2023-08-18T14:15:45.983+0000] {processor.py:838} WARNING - No viable dags retrieved from /home/airflow/.local/lib/python3.9/site-packages/airflow/example_dags/plugins/workday.py
[2023-08-18T14:15:45.999+0000] {processor.py:179} INFO - Processing /home/airflow/.local/lib/python3.9/site-packages/airflow/example_dags/plugins/workday.py took 0.674 seconds
[2023-08-18T14:16:16.138+0000] {processor.py:157} INFO - Started process (PID=6029) to work on /home/airflow/.local/lib/python3.9/site-packages/airflow/example_dags/plugins/workday.py
[2023-08-18T14:16:16.140+0000] {processor.py:826} INFO - Processing file /home/airflow/.local/lib/python3.9/site-packages/airflow/example_dags/plugins/workday.py for tasks to queue
[2023-08-18T14:16:16.141+0000] {logging_mixin.py:150} INFO - [2023-08-18T14:16:16.140+0000] {dagbag.py:541} INFO - Filling up the DagBag from /home/airflow/.local/lib/python3.9/site-packages/airflow/example_dags/plugins/workday.py
[2023-08-18T14:16:16.816+0000] {processor.py:838} WARNING - No viable dags retrieved from /home/airflow/.local/lib/python3.9/site-packages/airflow/example_dags/plugins/workday.py
[2023-08-18T14:16:16.828+0000] {processor.py:179} INFO - Processing /home/airflow/.local/lib/python3.9/site-packages/airflow/example_dags/plugins/workday.py took 0.693 seconds
[2023-08-18T14:16:47.470+0000] {processor.py:157} INFO - Started process (PID=6094) to work on /home/airflow/.local/lib/python3.9/site-packages/airflow/example_dags/plugins/workday.py
[2023-08-18T14:16:47.471+0000] {processor.py:826} INFO - Processing file /home/airflow/.local/lib/python3.9/site-packages/airflow/example_dags/plugins/workday.py for tasks to queue
[2023-08-18T14:16:47.471+0000] {logging_mixin.py:150} INFO - [2023-08-18T14:16:47.471+0000] {dagbag.py:541} INFO - Filling up the DagBag from /home/airflow/.local/lib/python3.9/site-packages/airflow/example_dags/plugins/workday.py
[2023-08-18T14:16:48.127+0000] {processor.py:838} WARNING - No viable dags retrieved from /home/airflow/.local/lib/python3.9/site-packages/airflow/example_dags/plugins/workday.py
[2023-08-18T14:16:48.140+0000] {processor.py:179} INFO - Processing /home/airflow/.local/lib/python3.9/site-packages/airflow/example_dags/plugins/workday.py took 0.674 seconds
[2023-08-18T14:17:18.909+0000] {processor.py:157} INFO - Started process (PID=6160) to work on /home/airflow/.local/lib/python3.9/site-packages/airflow/example_dags/plugins/workday.py
[2023-08-18T14:17:18.911+0000] {processor.py:826} INFO - Processing file /home/airflow/.local/lib/python3.9/site-packages/airflow/example_dags/plugins/workday.py for tasks to queue
[2023-08-18T14:17:18.912+0000] {logging_mixin.py:150} INFO - [2023-08-18T14:17:18.911+0000] {dagbag.py:541} INFO - Filling up the DagBag from /home/airflow/.local/lib/python3.9/site-packages/airflow/example_dags/plugins/workday.py
[2023-08-18T14:17:19.516+0000] {processor.py:838} WARNING - No viable dags retrieved from /home/airflow/.local/lib/python3.9/site-packages/airflow/example_dags/plugins/workday.py
[2023-08-18T14:17:19.528+0000] {processor.py:179} INFO - Processing /home/airflow/.local/lib/python3.9/site-packages/airflow/example_dags/plugins/workday.py took 0.622 seconds
[2023-08-18T14:17:50.301+0000] {processor.py:157} INFO - Started process (PID=6225) to work on /home/airflow/.local/lib/python3.9/site-packages/airflow/example_dags/plugins/workday.py
[2023-08-18T14:17:50.302+0000] {processor.py:826} INFO - Processing file /home/airflow/.local/lib/python3.9/site-packages/airflow/example_dags/plugins/workday.py for tasks to queue
[2023-08-18T14:17:50.303+0000] {logging_mixin.py:150} INFO - [2023-08-18T14:17:50.302+0000] {dagbag.py:541} INFO - Filling up the DagBag from /home/airflow/.local/lib/python3.9/site-packages/airflow/example_dags/plugins/workday.py
[2023-08-18T14:17:51.011+0000] {processor.py:838} WARNING - No viable dags retrieved from /home/airflow/.local/lib/python3.9/site-packages/airflow/example_dags/plugins/workday.py
[2023-08-18T14:17:51.023+0000] {processor.py:179} INFO - Processing /home/airflow/.local/lib/python3.9/site-packages/airflow/example_dags/plugins/workday.py took 0.726 seconds
[2023-08-18T14:18:21.500+0000] {processor.py:157} INFO - Started process (PID=6297) to work on /home/airflow/.local/lib/python3.9/site-packages/airflow/example_dags/plugins/workday.py
[2023-08-18T14:18:21.501+0000] {processor.py:826} INFO - Processing file /home/airflow/.local/lib/python3.9/site-packages/airflow/example_dags/plugins/workday.py for tasks to queue
[2023-08-18T14:18:21.502+0000] {logging_mixin.py:150} INFO - [2023-08-18T14:18:21.501+0000] {dagbag.py:541} INFO - Filling up the DagBag from /home/airflow/.local/lib/python3.9/site-packages/airflow/example_dags/plugins/workday.py
[2023-08-18T14:18:22.132+0000] {processor.py:838} WARNING - No viable dags retrieved from /home/airflow/.local/lib/python3.9/site-packages/airflow/example_dags/plugins/workday.py
[2023-08-18T14:18:22.144+0000] {processor.py:179} INFO - Processing /home/airflow/.local/lib/python3.9/site-packages/airflow/example_dags/plugins/workday.py took 0.648 seconds
[2023-08-18T14:18:52.585+0000] {processor.py:157} INFO - Started process (PID=6364) to work on /home/airflow/.local/lib/python3.9/site-packages/airflow/example_dags/plugins/workday.py
[2023-08-18T14:18:52.593+0000] {processor.py:826} INFO - Processing file /home/airflow/.local/lib/python3.9/site-packages/airflow/example_dags/plugins/workday.py for tasks to queue
[2023-08-18T14:18:52.595+0000] {logging_mixin.py:150} INFO - [2023-08-18T14:18:52.595+0000] {dagbag.py:541} INFO - Filling up the DagBag from /home/airflow/.local/lib/python3.9/site-packages/airflow/example_dags/plugins/workday.py
[2023-08-18T14:18:53.211+0000] {processor.py:838} WARNING - No viable dags retrieved from /home/airflow/.local/lib/python3.9/site-packages/airflow/example_dags/plugins/workday.py
[2023-08-18T14:18:53.223+0000] {processor.py:179} INFO - Processing /home/airflow/.local/lib/python3.9/site-packages/airflow/example_dags/plugins/workday.py took 0.642 seconds
[2023-08-18T14:19:24.256+0000] {processor.py:157} INFO - Started process (PID=6439) to work on /home/airflow/.local/lib/python3.9/site-packages/airflow/example_dags/plugins/workday.py
[2023-08-18T14:19:24.258+0000] {processor.py:826} INFO - Processing file /home/airflow/.local/lib/python3.9/site-packages/airflow/example_dags/plugins/workday.py for tasks to queue
[2023-08-18T14:19:24.259+0000] {logging_mixin.py:150} INFO - [2023-08-18T14:19:24.259+0000] {dagbag.py:541} INFO - Filling up the DagBag from /home/airflow/.local/lib/python3.9/site-packages/airflow/example_dags/plugins/workday.py
[2023-08-18T14:19:24.877+0000] {processor.py:838} WARNING - No viable dags retrieved from /home/airflow/.local/lib/python3.9/site-packages/airflow/example_dags/plugins/workday.py
[2023-08-18T14:19:24.890+0000] {processor.py:179} INFO - Processing /home/airflow/.local/lib/python3.9/site-packages/airflow/example_dags/plugins/workday.py took 0.638 seconds
[2023-08-18T14:19:55.741+0000] {processor.py:157} INFO - Started process (PID=6506) to work on /home/airflow/.local/lib/python3.9/site-packages/airflow/example_dags/plugins/workday.py
[2023-08-18T14:19:55.743+0000] {processor.py:826} INFO - Processing file /home/airflow/.local/lib/python3.9/site-packages/airflow/example_dags/plugins/workday.py for tasks to queue
[2023-08-18T14:19:55.743+0000] {logging_mixin.py:150} INFO - [2023-08-18T14:19:55.743+0000] {dagbag.py:541} INFO - Filling up the DagBag from /home/airflow/.local/lib/python3.9/site-packages/airflow/example_dags/plugins/workday.py
[2023-08-18T14:19:56.377+0000] {processor.py:838} WARNING - No viable dags retrieved from /home/airflow/.local/lib/python3.9/site-packages/airflow/example_dags/plugins/workday.py
[2023-08-18T14:19:56.390+0000] {processor.py:179} INFO - Processing /home/airflow/.local/lib/python3.9/site-packages/airflow/example_dags/plugins/workday.py took 0.652 seconds
[2023-08-18T14:20:26.737+0000] {processor.py:157} INFO - Started process (PID=6571) to work on /home/airflow/.local/lib/python3.9/site-packages/airflow/example_dags/plugins/workday.py
[2023-08-18T14:20:26.738+0000] {processor.py:826} INFO - Processing file /home/airflow/.local/lib/python3.9/site-packages/airflow/example_dags/plugins/workday.py for tasks to queue
[2023-08-18T14:20:26.739+0000] {logging_mixin.py:150} INFO - [2023-08-18T14:20:26.739+0000] {dagbag.py:541} INFO - Filling up the DagBag from /home/airflow/.local/lib/python3.9/site-packages/airflow/example_dags/plugins/workday.py
[2023-08-18T14:20:27.328+0000] {processor.py:838} WARNING - No viable dags retrieved from /home/airflow/.local/lib/python3.9/site-packages/airflow/example_dags/plugins/workday.py
[2023-08-18T14:20:27.340+0000] {processor.py:179} INFO - Processing /home/airflow/.local/lib/python3.9/site-packages/airflow/example_dags/plugins/workday.py took 0.606 seconds
[2023-08-18T14:20:57.492+0000] {processor.py:157} INFO - Started process (PID=6635) to work on /home/airflow/.local/lib/python3.9/site-packages/airflow/example_dags/plugins/workday.py
[2023-08-18T14:20:57.493+0000] {processor.py:826} INFO - Processing file /home/airflow/.local/lib/python3.9/site-packages/airflow/example_dags/plugins/workday.py for tasks to queue
[2023-08-18T14:20:57.493+0000] {logging_mixin.py:150} INFO - [2023-08-18T14:20:57.493+0000] {dagbag.py:541} INFO - Filling up the DagBag from /home/airflow/.local/lib/python3.9/site-packages/airflow/example_dags/plugins/workday.py
[2023-08-18T14:20:58.088+0000] {processor.py:838} WARNING - No viable dags retrieved from /home/airflow/.local/lib/python3.9/site-packages/airflow/example_dags/plugins/workday.py
[2023-08-18T14:20:58.100+0000] {processor.py:179} INFO - Processing /home/airflow/.local/lib/python3.9/site-packages/airflow/example_dags/plugins/workday.py took 0.612 seconds
[2023-08-18T14:21:28.482+0000] {processor.py:157} INFO - Started process (PID=6707) to work on /home/airflow/.local/lib/python3.9/site-packages/airflow/example_dags/plugins/workday.py
[2023-08-18T14:21:28.484+0000] {processor.py:826} INFO - Processing file /home/airflow/.local/lib/python3.9/site-packages/airflow/example_dags/plugins/workday.py for tasks to queue
[2023-08-18T14:21:28.485+0000] {logging_mixin.py:150} INFO - [2023-08-18T14:21:28.484+0000] {dagbag.py:541} INFO - Filling up the DagBag from /home/airflow/.local/lib/python3.9/site-packages/airflow/example_dags/plugins/workday.py
[2023-08-18T14:21:29.104+0000] {processor.py:838} WARNING - No viable dags retrieved from /home/airflow/.local/lib/python3.9/site-packages/airflow/example_dags/plugins/workday.py
[2023-08-18T14:21:29.116+0000] {processor.py:179} INFO - Processing /home/airflow/.local/lib/python3.9/site-packages/airflow/example_dags/plugins/workday.py took 0.637 seconds
[2023-08-18T14:21:59.970+0000] {processor.py:157} INFO - Started process (PID=6775) to work on /home/airflow/.local/lib/python3.9/site-packages/airflow/example_dags/plugins/workday.py
[2023-08-18T14:21:59.971+0000] {processor.py:826} INFO - Processing file /home/airflow/.local/lib/python3.9/site-packages/airflow/example_dags/plugins/workday.py for tasks to queue
[2023-08-18T14:21:59.972+0000] {logging_mixin.py:150} INFO - [2023-08-18T14:21:59.972+0000] {dagbag.py:541} INFO - Filling up the DagBag from /home/airflow/.local/lib/python3.9/site-packages/airflow/example_dags/plugins/workday.py
[2023-08-18T14:22:00.568+0000] {processor.py:838} WARNING - No viable dags retrieved from /home/airflow/.local/lib/python3.9/site-packages/airflow/example_dags/plugins/workday.py
[2023-08-18T14:22:00.580+0000] {processor.py:179} INFO - Processing /home/airflow/.local/lib/python3.9/site-packages/airflow/example_dags/plugins/workday.py took 0.613 seconds
[2023-08-18T14:22:31.176+0000] {processor.py:157} INFO - Started process (PID=6848) to work on /home/airflow/.local/lib/python3.9/site-packages/airflow/example_dags/plugins/workday.py
[2023-08-18T14:22:31.177+0000] {processor.py:826} INFO - Processing file /home/airflow/.local/lib/python3.9/site-packages/airflow/example_dags/plugins/workday.py for tasks to queue
[2023-08-18T14:22:31.178+0000] {logging_mixin.py:150} INFO - [2023-08-18T14:22:31.177+0000] {dagbag.py:541} INFO - Filling up the DagBag from /home/airflow/.local/lib/python3.9/site-packages/airflow/example_dags/plugins/workday.py
[2023-08-18T14:22:31.876+0000] {processor.py:838} WARNING - No viable dags retrieved from /home/airflow/.local/lib/python3.9/site-packages/airflow/example_dags/plugins/workday.py
[2023-08-18T14:22:31.892+0000] {processor.py:179} INFO - Processing /home/airflow/.local/lib/python3.9/site-packages/airflow/example_dags/plugins/workday.py took 0.722 seconds
[2023-08-18T14:23:02.037+0000] {processor.py:157} INFO - Started process (PID=6913) to work on /home/airflow/.local/lib/python3.9/site-packages/airflow/example_dags/plugins/workday.py
[2023-08-18T14:23:02.038+0000] {processor.py:826} INFO - Processing file /home/airflow/.local/lib/python3.9/site-packages/airflow/example_dags/plugins/workday.py for tasks to queue
[2023-08-18T14:23:02.039+0000] {logging_mixin.py:150} INFO - [2023-08-18T14:23:02.039+0000] {dagbag.py:541} INFO - Filling up the DagBag from /home/airflow/.local/lib/python3.9/site-packages/airflow/example_dags/plugins/workday.py
[2023-08-18T14:23:02.665+0000] {processor.py:838} WARNING - No viable dags retrieved from /home/airflow/.local/lib/python3.9/site-packages/airflow/example_dags/plugins/workday.py
[2023-08-18T14:23:02.677+0000] {processor.py:179} INFO - Processing /home/airflow/.local/lib/python3.9/site-packages/airflow/example_dags/plugins/workday.py took 0.644 seconds
