[2023-07-25 17:47:30,776] {taskinstance.py:896} INFO - Dependencies all met for <TaskInstance: example_bash_operator.run_after_loop 2023-07-25T17:47:26.117172+00:00 [queued]>
[2023-07-25 17:47:30,794] {taskinstance.py:896} INFO - Dependencies all met for <TaskInstance: example_bash_operator.run_after_loop 2023-07-25T17:47:26.117172+00:00 [queued]>
[2023-07-25 17:47:30,794] {taskinstance.py:1087} INFO - 
--------------------------------------------------------------------------------
[2023-07-25 17:47:30,794] {taskinstance.py:1088} INFO - Starting attempt 1 of 1
[2023-07-25 17:47:30,794] {taskinstance.py:1089} INFO - 
--------------------------------------------------------------------------------
[2023-07-25 17:47:30,805] {taskinstance.py:1107} INFO - Executing <Task(BashOperator): run_after_loop> on 2023-07-25T17:47:26.117172+00:00
[2023-07-25 17:47:30,810] {standard_task_runner.py:52} INFO - Started process 927 to run task
[2023-07-25 17:47:30,819] {standard_task_runner.py:76} INFO - Running: ['***', 'tasks', 'run', 'example_bash_operator', 'run_after_loop', '2023-07-25T17:47:26.117172+00:00', '--job-id', '19', '--pool', 'default_pool', '--raw', '--subdir', '/home/***/.local/lib/python3.9/site-packages/***/example_dags/example_bash_operator.py', '--cfg-path', '/tmp/tmpcyvg42x2', '--error-file', '/tmp/tmprmgpo5u2']
[2023-07-25 17:47:30,820] {standard_task_runner.py:77} INFO - Job 19: Subtask run_after_loop
[2023-07-25 17:47:30,873] {logging_mixin.py:104} INFO - Running <TaskInstance: example_bash_operator.run_after_loop 2023-07-25T17:47:26.117172+00:00 [running]> on host 2ae13fbb8692
[2023-07-25 17:47:30,948] {taskinstance.py:1300} INFO - Exporting the following env vars:
AIRFLOW_CTX_DAG_OWNER=***
AIRFLOW_CTX_DAG_ID=example_bash_operator
AIRFLOW_CTX_TASK_ID=run_after_loop
AIRFLOW_CTX_EXECUTION_DATE=2023-07-25T17:47:26.117172+00:00
AIRFLOW_CTX_DAG_RUN_ID=manual__2023-07-25T17:47:26.117172+00:00
[2023-07-25 17:47:30,949] {subprocess.py:52} INFO - Tmp dir root location: 
 /tmp
[2023-07-25 17:47:30,949] {subprocess.py:63} INFO - Running command: ['bash', '-c', 'echo 1']
[2023-07-25 17:47:30,960] {subprocess.py:74} INFO - Output:
[2023-07-25 17:47:30,963] {subprocess.py:78} INFO - 1
[2023-07-25 17:47:30,963] {subprocess.py:82} INFO - Command exited with return code 0
[2023-07-25 17:47:31,002] {taskinstance.py:1204} INFO - Marking task as SUCCESS. dag_id=example_bash_operator, task_id=run_after_loop, execution_date=20230725T174726, start_date=20230725T174730, end_date=20230725T174731
[2023-07-25 17:47:31,036] {taskinstance.py:1265} INFO - 0 downstream tasks scheduled from follow-on schedule check
[2023-07-25 17:47:31,069] {local_task_job.py:149} INFO - Task exited with return code 0
