[2023-08-14T18:16:29.958+0000] {taskinstance.py:1103} INFO - Dependencies all met for dep_context=non-requeueable deps ti=<TaskInstance: ny_taxi_Pipeline.step_checker_agg_task manual__2023-08-14T18:03:20+00:00 [queued]>
[2023-08-14T18:16:29.977+0000] {taskinstance.py:1103} INFO - Dependencies all met for dep_context=requeueable deps ti=<TaskInstance: ny_taxi_Pipeline.step_checker_agg_task manual__2023-08-14T18:03:20+00:00 [queued]>
[2023-08-14T18:16:29.977+0000] {taskinstance.py:1308} INFO - Starting attempt 1 of 1
[2023-08-14T18:16:29.996+0000] {taskinstance.py:1327} INFO - Executing <Task(EmrStepSensor): step_checker_agg_task> on 2023-08-14 18:03:20+00:00
[2023-08-14T18:16:30.003+0000] {standard_task_runner.py:57} INFO - Started process 13689 to run task
[2023-08-14T18:16:30.010+0000] {standard_task_runner.py:84} INFO - Running: ['***', 'tasks', 'run', 'ny_taxi_Pipeline', 'step_checker_agg_task', 'manual__2023-08-14T18:03:20+00:00', '--job-id', '1591', '--raw', '--subdir', 'DAGS_FOLDER/ny_taxi_datapipeline.py', '--cfg-path', '/tmp/tmp8g0amw7x']
[2023-08-14T18:16:30.014+0000] {standard_task_runner.py:85} INFO - Job 1591: Subtask step_checker_agg_task
[2023-08-14T18:16:30.030+0000] {warnings.py:109} WARNING - /home/***/.local/lib/python3.9/site-packages/***/settings.py:195: DeprecationWarning: The sql_alchemy_conn option in [core] has been moved to the sql_alchemy_conn option in [database] - the old setting has been used, but please update your config.
  SQL_ALCHEMY_CONN = conf.get("database", "SQL_ALCHEMY_CONN")

[2023-08-14T18:16:30.075+0000] {task_command.py:410} INFO - Running <TaskInstance: ny_taxi_Pipeline.step_checker_agg_task manual__2023-08-14T18:03:20+00:00 [running]> on host d4028c5ba2ac
[2023-08-14T18:16:30.205+0000] {taskinstance.py:1545} INFO - Exporting env vars: AIRFLOW_CTX_DAG_OWNER='***' AIRFLOW_CTX_DAG_ID='ny_taxi_Pipeline' AIRFLOW_CTX_TASK_ID='step_checker_agg_task' AIRFLOW_CTX_EXECUTION_DATE='2023-08-14T18:03:20+00:00' AIRFLOW_CTX_TRY_NUMBER='1' AIRFLOW_CTX_DAG_RUN_ID='manual__2023-08-14T18:03:20+00:00'
[2023-08-14T18:16:30.215+0000] {base.py:73} INFO - Using connection ID 'aws_connection' for task execution.
[2023-08-14T18:16:30.215+0000] {connection_wrapper.py:340} INFO - AWS Connection (conn_id='aws_connection', conn_type='aws') credentials retrieved from login and password.
[2023-08-14T18:16:30.789+0000] {emr.py:544} INFO - Poking step s-06252023CZTSMHE2DR39 on cluster j-32USIBSRB9NIV
[2023-08-14T18:16:30.912+0000] {emr.py:74} INFO - Job flow currently PENDING
[2023-08-14T18:16:40.916+0000] {emr.py:544} INFO - Poking step s-06252023CZTSMHE2DR39 on cluster j-32USIBSRB9NIV
[2023-08-14T18:16:41.035+0000] {emr.py:74} INFO - Job flow currently PENDING
[2023-08-14T18:16:51.036+0000] {emr.py:544} INFO - Poking step s-06252023CZTSMHE2DR39 on cluster j-32USIBSRB9NIV
[2023-08-14T18:16:51.168+0000] {emr.py:74} INFO - Job flow currently PENDING
[2023-08-14T18:17:01.176+0000] {emr.py:544} INFO - Poking step s-06252023CZTSMHE2DR39 on cluster j-32USIBSRB9NIV
[2023-08-14T18:17:01.288+0000] {emr.py:74} INFO - Job flow currently PENDING
[2023-08-14T18:17:11.297+0000] {emr.py:544} INFO - Poking step s-06252023CZTSMHE2DR39 on cluster j-32USIBSRB9NIV
[2023-08-14T18:17:11.634+0000] {emr.py:74} INFO - Job flow currently PENDING
[2023-08-14T18:17:21.636+0000] {emr.py:544} INFO - Poking step s-06252023CZTSMHE2DR39 on cluster j-32USIBSRB9NIV
[2023-08-14T18:17:21.775+0000] {emr.py:74} INFO - Job flow currently PENDING
[2023-08-14T18:17:31.780+0000] {emr.py:544} INFO - Poking step s-06252023CZTSMHE2DR39 on cluster j-32USIBSRB9NIV
[2023-08-14T18:17:32.278+0000] {emr.py:74} INFO - Job flow currently PENDING
[2023-08-14T18:17:42.298+0000] {emr.py:544} INFO - Poking step s-06252023CZTSMHE2DR39 on cluster j-32USIBSRB9NIV
[2023-08-14T18:17:42.852+0000] {emr.py:74} INFO - Job flow currently PENDING
[2023-08-14T18:17:52.898+0000] {emr.py:544} INFO - Poking step s-06252023CZTSMHE2DR39 on cluster j-32USIBSRB9NIV
[2023-08-14T18:17:53.194+0000] {emr.py:74} INFO - Job flow currently PENDING
[2023-08-14T18:18:03.199+0000] {emr.py:544} INFO - Poking step s-06252023CZTSMHE2DR39 on cluster j-32USIBSRB9NIV
[2023-08-14T18:18:03.594+0000] {emr.py:74} INFO - Job flow currently PENDING
[2023-08-14T18:18:13.602+0000] {emr.py:544} INFO - Poking step s-06252023CZTSMHE2DR39 on cluster j-32USIBSRB9NIV
[2023-08-14T18:18:14.033+0000] {emr.py:74} INFO - Job flow currently PENDING
[2023-08-14T18:18:24.036+0000] {emr.py:544} INFO - Poking step s-06252023CZTSMHE2DR39 on cluster j-32USIBSRB9NIV
[2023-08-14T18:18:24.554+0000] {emr.py:74} INFO - Job flow currently PENDING
[2023-08-14T18:18:34.563+0000] {emr.py:544} INFO - Poking step s-06252023CZTSMHE2DR39 on cluster j-32USIBSRB9NIV
[2023-08-14T18:18:35.147+0000] {emr.py:74} INFO - Job flow currently RUNNING
[2023-08-14T18:18:45.158+0000] {emr.py:544} INFO - Poking step s-06252023CZTSMHE2DR39 on cluster j-32USIBSRB9NIV
[2023-08-14T18:18:45.610+0000] {emr.py:74} INFO - Job flow currently RUNNING
[2023-08-14T18:18:55.616+0000] {emr.py:544} INFO - Poking step s-06252023CZTSMHE2DR39 on cluster j-32USIBSRB9NIV
[2023-08-14T18:18:56.004+0000] {emr.py:74} INFO - Job flow currently RUNNING
[2023-08-14T18:19:06.008+0000] {emr.py:544} INFO - Poking step s-06252023CZTSMHE2DR39 on cluster j-32USIBSRB9NIV
[2023-08-14T18:19:06.387+0000] {emr.py:74} INFO - Job flow currently RUNNING
[2023-08-14T18:19:16.405+0000] {emr.py:544} INFO - Poking step s-06252023CZTSMHE2DR39 on cluster j-32USIBSRB9NIV
[2023-08-14T18:19:16.658+0000] {emr.py:74} INFO - Job flow currently RUNNING
[2023-08-14T18:19:26.690+0000] {emr.py:544} INFO - Poking step s-06252023CZTSMHE2DR39 on cluster j-32USIBSRB9NIV
[2023-08-14T18:19:27.133+0000] {emr.py:74} INFO - Job flow currently RUNNING
[2023-08-14T18:19:37.174+0000] {emr.py:544} INFO - Poking step s-06252023CZTSMHE2DR39 on cluster j-32USIBSRB9NIV
[2023-08-14T18:19:37.559+0000] {emr.py:74} INFO - Job flow currently RUNNING
[2023-08-14T18:19:47.570+0000] {emr.py:544} INFO - Poking step s-06252023CZTSMHE2DR39 on cluster j-32USIBSRB9NIV
[2023-08-14T18:19:48.241+0000] {emr.py:74} INFO - Job flow currently RUNNING
[2023-08-14T18:19:58.255+0000] {emr.py:544} INFO - Poking step s-06252023CZTSMHE2DR39 on cluster j-32USIBSRB9NIV
[2023-08-14T18:19:58.755+0000] {emr.py:74} INFO - Job flow currently RUNNING
[2023-08-14T18:19:58.756+0000] {taskinstance.py:1824} ERROR - Task failed with exception
Traceback (most recent call last):
  File "/home/airflow/.local/lib/python3.9/site-packages/airflow/sensors/base.py", line 242, in execute
    raise AirflowSensorTimeout(message)
airflow.exceptions.AirflowSensorTimeout: Sensor has timed out; run duration of 208.54991710899776 seconds exceeds the specified timeout of 200.
[2023-08-14T18:19:58.901+0000] {taskinstance.py:1345} INFO - Immediate failure requested. Marking task as FAILED. dag_id=ny_taxi_Pipeline, task_id=step_checker_agg_task, execution_date=20230814T180320, start_date=20230814T181629, end_date=20230814T181958
[2023-08-14T18:19:59.457+0000] {standard_task_runner.py:104} ERROR - Failed to execute job 1591 for task step_checker_agg_task (Sensor has timed out; run duration of 208.54991710899776 seconds exceeds the specified timeout of 200.; 13689)
[2023-08-14T18:19:59.577+0000] {local_task_job_runner.py:225} INFO - Task exited with return code 1
[2023-08-14T18:19:59.697+0000] {taskinstance.py:2653} INFO - 1 downstream tasks scheduled from follow-on schedule check
