[2023-07-29 09:31:08,723] {taskinstance.py:896} INFO - Dependencies all met for <TaskInstance: example_bash_operator.runme_1 2023-07-28T00:00:00+00:00 [queued]>
[2023-07-29 09:31:08,907] {taskinstance.py:896} INFO - Dependencies all met for <TaskInstance: example_bash_operator.runme_1 2023-07-28T00:00:00+00:00 [queued]>
[2023-07-29 09:31:08,907] {taskinstance.py:1087} INFO - 
--------------------------------------------------------------------------------
[2023-07-29 09:31:08,907] {taskinstance.py:1088} INFO - Starting attempt 1 of 1
[2023-07-29 09:31:08,918] {taskinstance.py:1089} INFO - 
--------------------------------------------------------------------------------
[2023-07-29 09:31:09,143] {taskinstance.py:1107} INFO - Executing <Task(BashOperator): runme_1> on 2023-07-28T00:00:00+00:00
[2023-07-29 09:31:09,147] {standard_task_runner.py:52} INFO - Started process 95 to run task
[2023-07-29 09:31:09,309] {standard_task_runner.py:76} INFO - Running: ['***', 'tasks', 'run', 'example_bash_operator', 'runme_1', '2023-07-28T00:00:00+00:00', '--job-id', '35', '--pool', 'default_pool', '--raw', '--subdir', '/home/***/.local/lib/python3.9/site-packages/***/example_dags/example_bash_operator.py', '--cfg-path', '/tmp/tmp6558txkb', '--error-file', '/tmp/tmpwfiargb6']
[2023-07-29 09:31:09,310] {standard_task_runner.py:77} INFO - Job 35: Subtask runme_1
[2023-07-29 09:31:09,936] {logging_mixin.py:104} INFO - Running <TaskInstance: example_bash_operator.runme_1 2023-07-28T00:00:00+00:00 [running]> on host 2ae13fbb8692
[2023-07-29 09:31:10,787] {taskinstance.py:1300} INFO - Exporting the following env vars:
AIRFLOW_CTX_DAG_OWNER=***
AIRFLOW_CTX_DAG_ID=example_bash_operator
AIRFLOW_CTX_TASK_ID=runme_1
AIRFLOW_CTX_EXECUTION_DATE=2023-07-28T00:00:00+00:00
AIRFLOW_CTX_DAG_RUN_ID=scheduled__2023-07-28T00:00:00+00:00
[2023-07-29 09:31:10,808] {subprocess.py:52} INFO - Tmp dir root location: 
 /tmp
[2023-07-29 09:31:10,809] {subprocess.py:63} INFO - Running command: ['bash', '-c', 'echo "example_bash_operator__runme_1__20230728" && sleep 1']
[2023-07-29 09:31:11,082] {subprocess.py:74} INFO - Output:
[2023-07-29 09:31:11,083] {subprocess.py:78} INFO - example_bash_operator__runme_1__20230728
[2023-07-29 09:31:12,163] {subprocess.py:82} INFO - Command exited with return code 0
[2023-07-29 09:31:12,351] {taskinstance.py:1204} INFO - Marking task as SUCCESS. dag_id=example_bash_operator, task_id=runme_1, execution_date=20230728T000000, start_date=20230729T093108, end_date=20230729T093112
[2023-07-29 09:31:12,609] {taskinstance.py:1265} INFO - 1 downstream tasks scheduled from follow-on schedule check
[2023-07-29 09:31:12,695] {local_task_job.py:149} INFO - Task exited with return code 0
