[2023-07-25 17:47:10,069] {taskinstance.py:896} INFO - Dependencies all met for <TaskInstance: example_bash_operator.also_run_this 2023-07-23T00:00:00+00:00 [queued]>
[2023-07-25 17:47:10,167] {taskinstance.py:896} INFO - Dependencies all met for <TaskInstance: example_bash_operator.also_run_this 2023-07-23T00:00:00+00:00 [queued]>
[2023-07-25 17:47:10,205] {taskinstance.py:1087} INFO - 
--------------------------------------------------------------------------------
[2023-07-25 17:47:10,205] {taskinstance.py:1088} INFO - Starting attempt 1 of 1
[2023-07-25 17:47:10,205] {taskinstance.py:1089} INFO - 
--------------------------------------------------------------------------------
[2023-07-25 17:47:10,292] {taskinstance.py:1107} INFO - Executing <Task(BashOperator): also_run_this> on 2023-07-23T00:00:00+00:00
[2023-07-25 17:47:10,348] {standard_task_runner.py:52} INFO - Started process 871 to run task
[2023-07-25 17:47:10,456] {standard_task_runner.py:76} INFO - Running: ['***', 'tasks', 'run', 'example_bash_operator', 'also_run_this', '2023-07-23T00:00:00+00:00', '--job-id', '2', '--pool', 'default_pool', '--raw', '--subdir', '/home/***/.local/lib/python3.9/site-packages/***/example_dags/example_bash_operator.py', '--cfg-path', '/tmp/tmp9czm6wt9', '--error-file', '/tmp/tmp4zsnb0vn']
[2023-07-25 17:47:10,456] {standard_task_runner.py:77} INFO - Job 2: Subtask also_run_this
[2023-07-25 17:47:10,880] {logging_mixin.py:104} INFO - Running <TaskInstance: example_bash_operator.also_run_this 2023-07-23T00:00:00+00:00 [running]> on host 2ae13fbb8692
[2023-07-25 17:47:11,200] {taskinstance.py:1300} INFO - Exporting the following env vars:
AIRFLOW_CTX_DAG_OWNER=***
AIRFLOW_CTX_DAG_ID=example_bash_operator
AIRFLOW_CTX_TASK_ID=also_run_this
AIRFLOW_CTX_EXECUTION_DATE=2023-07-23T00:00:00+00:00
AIRFLOW_CTX_DAG_RUN_ID=scheduled__2023-07-23T00:00:00+00:00
[2023-07-25 17:47:11,201] {subprocess.py:52} INFO - Tmp dir root location: 
 /tmp
[2023-07-25 17:47:11,201] {subprocess.py:63} INFO - Running command: ['bash', '-c', 'echo "run_id=scheduled__2023-07-23T00:00:00+00:00 | dag_run=<DagRun example_bash_operator @ 2023-07-23 00:00:00+00:00: scheduled__2023-07-23T00:00:00+00:00, externally triggered: False>"']
[2023-07-25 17:47:11,326] {subprocess.py:74} INFO - Output:
[2023-07-25 17:47:11,400] {subprocess.py:78} INFO - run_id=scheduled__2023-07-23T00:00:00+00:00 | dag_run=<DagRun example_bash_operator @ 2023-07-23 00:00:00+00:00: scheduled__2023-07-23T00:00:00+00:00, externally triggered: False>
[2023-07-25 17:47:11,406] {subprocess.py:82} INFO - Command exited with return code 0
[2023-07-25 17:47:11,495] {taskinstance.py:1204} INFO - Marking task as SUCCESS. dag_id=example_bash_operator, task_id=also_run_this, execution_date=20230723T000000, start_date=20230725T174710, end_date=20230725T174711
[2023-07-25 17:47:11,638] {taskinstance.py:1265} INFO - 0 downstream tasks scheduled from follow-on schedule check
[2023-07-25 17:47:11,671] {local_task_job.py:149} INFO - Task exited with return code 0
