[2023-08-14T20:19:20.417+0000] {taskinstance.py:1103} INFO - Dependencies all met for dep_context=non-requeueable deps ti=<TaskInstance: ny_taxi_Pipeline.step_checker_agg_task manual__2023-08-14T20:07:45+00:00 [queued]>
[2023-08-14T20:19:20.473+0000] {taskinstance.py:1103} INFO - Dependencies all met for dep_context=requeueable deps ti=<TaskInstance: ny_taxi_Pipeline.step_checker_agg_task manual__2023-08-14T20:07:45+00:00 [queued]>
[2023-08-14T20:19:20.474+0000] {taskinstance.py:1308} INFO - Starting attempt 1 of 1
[2023-08-14T20:19:20.539+0000] {taskinstance.py:1327} INFO - Executing <Task(EmrStepSensor): step_checker_agg_task> on 2023-08-14 20:07:45+00:00
[2023-08-14T20:19:20.587+0000] {standard_task_runner.py:57} INFO - Started process 17461 to run task
[2023-08-14T20:19:20.622+0000] {standard_task_runner.py:84} INFO - Running: ['***', 'tasks', 'run', 'ny_taxi_Pipeline', 'step_checker_agg_task', 'manual__2023-08-14T20:07:45+00:00', '--job-id', '1697', '--raw', '--subdir', 'DAGS_FOLDER/ny_taxi_datapipeline.py', '--cfg-path', '/tmp/tmpbde3kfam']
[2023-08-14T20:19:20.673+0000] {standard_task_runner.py:85} INFO - Job 1697: Subtask step_checker_agg_task
[2023-08-14T20:19:20.817+0000] {warnings.py:109} WARNING - /home/***/.local/lib/python3.9/site-packages/***/settings.py:195: DeprecationWarning: The sql_alchemy_conn option in [core] has been moved to the sql_alchemy_conn option in [database] - the old setting has been used, but please update your config.
  SQL_ALCHEMY_CONN = conf.get("database", "SQL_ALCHEMY_CONN")

[2023-08-14T20:19:21.214+0000] {task_command.py:410} INFO - Running <TaskInstance: ny_taxi_Pipeline.step_checker_agg_task manual__2023-08-14T20:07:45+00:00 [running]> on host d4028c5ba2ac
[2023-08-14T20:19:22.191+0000] {taskinstance.py:1545} INFO - Exporting env vars: AIRFLOW_CTX_DAG_OWNER='***' AIRFLOW_CTX_DAG_ID='ny_taxi_Pipeline' AIRFLOW_CTX_TASK_ID='step_checker_agg_task' AIRFLOW_CTX_EXECUTION_DATE='2023-08-14T20:07:45+00:00' AIRFLOW_CTX_TRY_NUMBER='1' AIRFLOW_CTX_DAG_RUN_ID='manual__2023-08-14T20:07:45+00:00'
[2023-08-14T20:19:22.278+0000] {base.py:73} INFO - Using connection ID 'aws_connection' for task execution.
[2023-08-14T20:19:22.279+0000] {connection_wrapper.py:340} INFO - AWS Connection (conn_id='aws_connection', conn_type='aws') credentials retrieved from login and password.
[2023-08-14T20:19:26.567+0000] {emr.py:544} INFO - Poking step s-07515373N564AZZ7BX91 on cluster j-2OPNK81HY73SB
[2023-08-14T20:19:27.043+0000] {emr.py:74} INFO - Job flow currently RUNNING
[2023-08-14T20:19:37.100+0000] {emr.py:544} INFO - Poking step s-07515373N564AZZ7BX91 on cluster j-2OPNK81HY73SB
[2023-08-14T20:19:37.474+0000] {emr.py:74} INFO - Job flow currently RUNNING
[2023-08-14T20:19:47.478+0000] {emr.py:544} INFO - Poking step s-07515373N564AZZ7BX91 on cluster j-2OPNK81HY73SB
[2023-08-14T20:19:47.876+0000] {emr.py:74} INFO - Job flow currently RUNNING
[2023-08-14T20:19:57.891+0000] {emr.py:544} INFO - Poking step s-07515373N564AZZ7BX91 on cluster j-2OPNK81HY73SB
[2023-08-14T20:19:58.192+0000] {emr.py:74} INFO - Job flow currently RUNNING
[2023-08-14T20:20:08.197+0000] {emr.py:544} INFO - Poking step s-07515373N564AZZ7BX91 on cluster j-2OPNK81HY73SB
[2023-08-14T20:20:08.296+0000] {emr.py:74} INFO - Job flow currently RUNNING
[2023-08-14T20:20:18.306+0000] {emr.py:544} INFO - Poking step s-07515373N564AZZ7BX91 on cluster j-2OPNK81HY73SB
[2023-08-14T20:20:18.432+0000] {emr.py:74} INFO - Job flow currently RUNNING
[2023-08-14T20:20:28.440+0000] {emr.py:544} INFO - Poking step s-07515373N564AZZ7BX91 on cluster j-2OPNK81HY73SB
[2023-08-14T20:20:28.544+0000] {emr.py:74} INFO - Job flow currently RUNNING
[2023-08-14T20:20:38.550+0000] {emr.py:544} INFO - Poking step s-07515373N564AZZ7BX91 on cluster j-2OPNK81HY73SB
[2023-08-14T20:20:38.654+0000] {emr.py:74} INFO - Job flow currently RUNNING
[2023-08-14T20:20:48.664+0000] {emr.py:544} INFO - Poking step s-07515373N564AZZ7BX91 on cluster j-2OPNK81HY73SB
[2023-08-14T20:20:48.765+0000] {emr.py:74} INFO - Job flow currently COMPLETED
[2023-08-14T20:20:48.765+0000] {base.py:255} INFO - Success criteria met. Exiting.
[2023-08-14T20:20:48.774+0000] {taskinstance.py:1345} INFO - Marking task as SUCCESS. dag_id=ny_taxi_Pipeline, task_id=step_checker_agg_task, execution_date=20230814T200745, start_date=20230814T201920, end_date=20230814T202048
[2023-08-14T20:20:48.834+0000] {local_task_job_runner.py:225} INFO - Task exited with return code 0
[2023-08-14T20:20:48.850+0000] {taskinstance.py:2653} INFO - 0 downstream tasks scheduled from follow-on schedule check
