[2023-08-13T08:00:22.818+0000] {warnings.py:109} WARNING - /home/***/.local/lib/python3.9/site-packages/***/utils/sqlalchemy.py:124: DeprecationWarning: The sql_alchemy_conn option in [core] has been moved to the sql_alchemy_conn option in [database] - the old setting has been used, but please update your config.
  return not conf.get("database", "sql_alchemy_conn").startswith("mssql")

[2023-08-13T08:00:22.868+0000] {taskinstance.py:1103} INFO - Dependencies all met for dep_context=non-requeueable deps ti=<TaskInstance: userCase2.moveFile scheduled__2023-08-13T07:00:00+00:00 [queued]>
[2023-08-13T08:00:22.877+0000] {taskinstance.py:1103} INFO - Dependencies all met for dep_context=requeueable deps ti=<TaskInstance: userCase2.moveFile scheduled__2023-08-13T07:00:00+00:00 [queued]>
[2023-08-13T08:00:22.877+0000] {taskinstance.py:1308} INFO - Starting attempt 1 of 1
[2023-08-13T08:00:22.889+0000] {taskinstance.py:1327} INFO - Executing <Task(BashOperator): moveFile> on 2023-08-13 07:00:00+00:00
[2023-08-13T08:00:22.896+0000] {standard_task_runner.py:57} INFO - Started process 9275 to run task
[2023-08-13T08:00:22.900+0000] {standard_task_runner.py:84} INFO - Running: ['***', 'tasks', 'run', 'userCase2', 'moveFile', 'scheduled__2023-08-13T07:00:00+00:00', '--job-id', '576', '--raw', '--subdir', 'DAGS_FOLDER/userCase.py', '--cfg-path', '/tmp/tmpkydfuu87']
[2023-08-13T08:00:22.903+0000] {standard_task_runner.py:85} INFO - Job 576: Subtask moveFile
[2023-08-13T08:00:22.924+0000] {warnings.py:109} WARNING - /home/***/.local/lib/python3.9/site-packages/***/settings.py:195: DeprecationWarning: The sql_alchemy_conn option in [core] has been moved to the sql_alchemy_conn option in [database] - the old setting has been used, but please update your config.
  SQL_ALCHEMY_CONN = conf.get("database", "SQL_ALCHEMY_CONN")

[2023-08-13T08:00:22.966+0000] {task_command.py:410} INFO - Running <TaskInstance: userCase2.moveFile scheduled__2023-08-13T07:00:00+00:00 [running]> on host 484e6be077e8
[2023-08-13T08:00:22.977+0000] {warnings.py:109} WARNING - /home/***/.local/lib/python3.9/site-packages/***/utils/sqlalchemy.py:124: DeprecationWarning: The sql_alchemy_conn option in [core] has been moved to the sql_alchemy_conn option in [database] - the old setting has been used, but please update your config.
  return not conf.get("database", "sql_alchemy_conn").startswith("mssql")

[2023-08-13T08:00:23.051+0000] {taskinstance.py:1545} INFO - Exporting env vars: AIRFLOW_CTX_DAG_OWNER='***' AIRFLOW_CTX_DAG_ID='userCase2' AIRFLOW_CTX_TASK_ID='moveFile' AIRFLOW_CTX_EXECUTION_DATE='2023-08-13T07:00:00+00:00' AIRFLOW_CTX_TRY_NUMBER='1' AIRFLOW_CTX_DAG_RUN_ID='scheduled__2023-08-13T07:00:00+00:00'
[2023-08-13T08:00:23.052+0000] {subprocess.py:63} INFO - Tmp dir root location: /tmp
[2023-08-13T08:00:23.053+0000] {subprocess.py:75} INFO - Running command: ['/bin/bash', '-c', 's3_buckName=${s3_bucketName}\ns3_source_dir=${s3_source_dir}\ns3_target_dir=${s3_target_dir}\nexport AWS_ACCESS_KEY_ID=${access_key_id}\nexport AWS_SECRET_ACCESS_KEY=${aws_secret_access_key}\nfileName=$( aws s3 ls s3://${s3_buckName}/${s3_source_dir}/ | sed -n 2p | awk \'{ print $4 }\')\ntimeStamp=$(echo $fileName | awk -F "_"  \'{ print $2}\')\naws s3 cp   s3://${s3_buckName}/${s3_source_dir}/$fileName   s3://${s3_buckName}/${s3_target_dir}/\necho $timeStamp\n']
[2023-08-13T08:00:23.065+0000] {subprocess.py:86} INFO - Output:
[2023-08-13T08:00:23.068+0000] {subprocess.py:93} INFO - /bin/bash: line 6: aws: command not found
[2023-08-13T08:00:23.074+0000] {subprocess.py:93} INFO - /bin/bash: line 8: aws: command not found
[2023-08-13T08:00:23.075+0000] {subprocess.py:93} INFO - 
[2023-08-13T08:00:23.075+0000] {subprocess.py:97} INFO - Command exited with return code 0
[2023-08-13T08:00:23.101+0000] {taskinstance.py:1345} INFO - Marking task as SUCCESS. dag_id=userCase2, task_id=moveFile, execution_date=20230813T070000, start_date=20230813T080022, end_date=20230813T080023
[2023-08-13T08:00:23.154+0000] {local_task_job_runner.py:225} INFO - Task exited with return code 0
[2023-08-13T08:00:23.173+0000] {taskinstance.py:2653} INFO - 0 downstream tasks scheduled from follow-on schedule check
