[2023-08-02T19:14:43.613+0000] {warnings.py:109} WARNING - /home/***/.local/lib/python3.9/site-packages/***/utils/sqlalchemy.py:124: DeprecationWarning: The sql_alchemy_conn option in [core] has been moved to the sql_alchemy_conn option in [database] - the old setting has been used, but please update your config.
  return not conf.get("database", "sql_alchemy_conn").startswith("mssql")

[2023-08-02T19:14:43.678+0000] {taskinstance.py:1103} INFO - Dependencies all met for dep_context=non-requeueable deps ti=<TaskInstance: userCase2.S5 __airflow_temporary_run_2023-08-02T19:14:41.337428+00:00__ [queued]>
[2023-08-02T19:14:43.692+0000] {taskinstance.py:1103} INFO - Dependencies all met for dep_context=requeueable deps ti=<TaskInstance: userCase2.S5 __airflow_temporary_run_2023-08-02T19:14:41.337428+00:00__ [queued]>
[2023-08-02T19:14:43.692+0000] {taskinstance.py:1308} INFO - Starting attempt 1 of 1
[2023-08-02T19:14:43.711+0000] {taskinstance.py:1327} INFO - Executing <Task(BashOperator): S5> on 2023-08-02 19:14:41.337394+00:00
[2023-08-02T19:14:43.718+0000] {standard_task_runner.py:57} INFO - Started process 6280 to run task
[2023-08-02T19:14:43.722+0000] {standard_task_runner.py:84} INFO - Running: ['***', 'tasks', 'run', 'userCase2', 'S5', '__***_temporary_run_2023-08-02T19:14:41.337428+00:00__', '--job-id', '114', '--raw', '--subdir', 'DAGS_FOLDER/userCase.py', '--cfg-path', '/tmp/tmpz31fb52q']
[2023-08-02T19:14:43.744+0000] {standard_task_runner.py:85} INFO - Job 114: Subtask S5
[2023-08-02T19:14:43.778+0000] {warnings.py:109} WARNING - /home/***/.local/lib/python3.9/site-packages/***/settings.py:195: DeprecationWarning: The sql_alchemy_conn option in [core] has been moved to the sql_alchemy_conn option in [database] - the old setting has been used, but please update your config.
  SQL_ALCHEMY_CONN = conf.get("database", "SQL_ALCHEMY_CONN")

[2023-08-02T19:14:43.831+0000] {task_command.py:410} INFO - Running <TaskInstance: userCase2.S5 __airflow_temporary_run_2023-08-02T19:14:41.337428+00:00__ [running]> on host 484e6be077e8
[2023-08-02T19:14:43.843+0000] {warnings.py:109} WARNING - /home/***/.local/lib/python3.9/site-packages/***/utils/sqlalchemy.py:124: DeprecationWarning: The sql_alchemy_conn option in [core] has been moved to the sql_alchemy_conn option in [database] - the old setting has been used, but please update your config.
  return not conf.get("database", "sql_alchemy_conn").startswith("mssql")

[2023-08-02T19:14:43.946+0000] {taskinstance.py:1545} INFO - Exporting env vars: AIRFLOW_CTX_DAG_OWNER='***' AIRFLOW_CTX_DAG_ID='userCase2' AIRFLOW_CTX_TASK_ID='S5' AIRFLOW_CTX_EXECUTION_DATE='2023-08-02T19:14:41.337394+00:00' AIRFLOW_CTX_TRY_NUMBER='1' AIRFLOW_CTX_DAG_RUN_ID='__***_temporary_run_2023-08-02T19:14:41.337428+00:00__'
[2023-08-02T19:14:43.948+0000] {subprocess.py:63} INFO - Tmp dir root location: /tmp
[2023-08-02T19:14:43.949+0000] {subprocess.py:75} INFO - Running command: ['/bin/bash', '-c', 'sleep 10']
[2023-08-02T19:14:43.968+0000] {subprocess.py:86} INFO - Output:
[2023-08-02T19:14:53.785+0000] {local_task_job_runner.py:291} WARNING - State of this instance has been externally set to None. Terminating instance.
[2023-08-02T19:14:53.787+0000] {process_utils.py:131} INFO - Sending Signals.SIGTERM to group 6280. PIDs of all processes in the group: [6281, 6280]
[2023-08-02T19:14:53.787+0000] {process_utils.py:86} INFO - Sending the signal Signals.SIGTERM to group 6280
[2023-08-02T19:14:53.788+0000] {taskinstance.py:1517} ERROR - Received SIGTERM. Terminating subprocesses.
[2023-08-02T19:14:53.788+0000] {subprocess.py:104} INFO - Sending SIGTERM signal to process group
[2023-08-02T19:14:53.801+0000] {taskinstance.py:1824} ERROR - Task failed with exception
Traceback (most recent call last):
  File "/home/airflow/.local/lib/python3.9/site-packages/airflow/operators/bash.py", line 201, in execute
    result = self.subprocess_hook.run_command(
  File "/home/airflow/.local/lib/python3.9/site-packages/airflow/hooks/subprocess.py", line 91, in run_command
    for raw_line in iter(self.sub_process.stdout.readline, b""):
  File "/home/airflow/.local/lib/python3.9/site-packages/airflow/models/taskinstance.py", line 1519, in signal_handler
    raise AirflowException("Task received SIGTERM signal")
airflow.exceptions.AirflowException: Task received SIGTERM signal
[2023-08-02T19:14:53.806+0000] {taskinstance.py:1345} INFO - Marking task as FAILED. dag_id=userCase2, task_id=S5, execution_date=20230802T191441, start_date=20230802T191443, end_date=20230802T191453
[2023-08-02T19:14:53.820+0000] {standard_task_runner.py:104} ERROR - Failed to execute job 114 for task S5 ((psycopg2.errors.ForeignKeyViolation) insert or update on table "task_fail" violates foreign key constraint "task_fail_ti_fkey"
DETAIL:  Key (dag_id, task_id, run_id, map_index)=(userCase2, S5, __airflow_temporary_run_2023-08-02T19:14:41.337428+00:00__, -1) is not present in table "task_instance".

[SQL: INSERT INTO task_fail (task_id, dag_id, run_id, map_index, start_date, end_date, duration) VALUES (%(task_id)s, %(dag_id)s, %(run_id)s, %(map_index)s, %(start_date)s, %(end_date)s, %(duration)s) RETURNING task_fail.id]
[parameters: {'task_id': 'S5', 'dag_id': 'userCase2', 'run_id': '__airflow_temporary_run_2023-08-02T19:14:41.337428+00:00__', 'map_index': -1, 'start_date': datetime.datetime(2023, 8, 2, 19, 14, 43, 683295, tzinfo=Timezone('UTC')), 'end_date': datetime.datetime(2023, 8, 2, 19, 14, 53, 805460, tzinfo=Timezone('UTC')), 'duration': 10}]
(Background on this error at: https://sqlalche.me/e/14/gkpj); 6280)
[2023-08-02T19:14:53.840+0000] {process_utils.py:79} INFO - Process psutil.Process(pid=6281, status='terminated', started='19:14:43') (6281) terminated with exit code None
[2023-08-02T19:14:53.841+0000] {process_utils.py:79} INFO - Process psutil.Process(pid=6280, status='terminated', exitcode=1, started='19:14:43') (6280) terminated with exit code 1
