[2023-08-12T18:11:36.596+0000] {warnings.py:109} WARNING - /home/***/.local/lib/python3.9/site-packages/***/utils/sqlalchemy.py:124: DeprecationWarning: The sql_alchemy_conn option in [core] has been moved to the sql_alchemy_conn option in [database] - the old setting has been used, but please update your config.
  return not conf.get("database", "sql_alchemy_conn").startswith("mssql")

[2023-08-12T18:11:36.653+0000] {taskinstance.py:1103} INFO - Dependencies all met for dep_context=non-requeueable deps ti=<TaskInstance: emrPipeline.cluster_remover scheduled__2023-08-12T17:00:00+00:00 [queued]>
[2023-08-12T18:11:36.665+0000] {taskinstance.py:1103} INFO - Dependencies all met for dep_context=requeueable deps ti=<TaskInstance: emrPipeline.cluster_remover scheduled__2023-08-12T17:00:00+00:00 [queued]>
[2023-08-12T18:11:36.665+0000] {taskinstance.py:1308} INFO - Starting attempt 1 of 1
[2023-08-12T18:11:36.679+0000] {taskinstance.py:1327} INFO - Executing <Task(EmrTerminateJobFlowOperator): cluster_remover> on 2023-08-12 17:00:00+00:00
[2023-08-12T18:11:36.687+0000] {standard_task_runner.py:57} INFO - Started process 13936 to run task
[2023-08-12T18:11:36.691+0000] {standard_task_runner.py:84} INFO - Running: ['***', 'tasks', 'run', 'emrPipeline', 'cluster_remover', 'scheduled__2023-08-12T17:00:00+00:00', '--job-id', '221', '--raw', '--subdir', 'DAGS_FOLDER/emr.py', '--cfg-path', '/tmp/tmpyyvnh1a6']
[2023-08-12T18:11:36.694+0000] {standard_task_runner.py:85} INFO - Job 221: Subtask cluster_remover
[2023-08-12T18:11:36.708+0000] {warnings.py:109} WARNING - /home/***/.local/lib/python3.9/site-packages/***/settings.py:195: DeprecationWarning: The sql_alchemy_conn option in [core] has been moved to the sql_alchemy_conn option in [database] - the old setting has been used, but please update your config.
  SQL_ALCHEMY_CONN = conf.get("database", "SQL_ALCHEMY_CONN")

[2023-08-12T18:11:36.747+0000] {task_command.py:410} INFO - Running <TaskInstance: emrPipeline.cluster_remover scheduled__2023-08-12T17:00:00+00:00 [running]> on host 484e6be077e8
[2023-08-12T18:11:36.759+0000] {warnings.py:109} WARNING - /home/***/.local/lib/python3.9/site-packages/***/utils/sqlalchemy.py:124: DeprecationWarning: The sql_alchemy_conn option in [core] has been moved to the sql_alchemy_conn option in [database] - the old setting has been used, but please update your config.
  return not conf.get("database", "sql_alchemy_conn").startswith("mssql")

[2023-08-12T18:11:36.842+0000] {taskinstance.py:1545} INFO - Exporting env vars: AIRFLOW_CTX_DAG_OWNER='***' AIRFLOW_CTX_DAG_ID='emrPipeline' AIRFLOW_CTX_TASK_ID='cluster_remover' AIRFLOW_CTX_EXECUTION_DATE='2023-08-12T17:00:00+00:00' AIRFLOW_CTX_TRY_NUMBER='1' AIRFLOW_CTX_DAG_RUN_ID='scheduled__2023-08-12T17:00:00+00:00'
[2023-08-12T18:11:36.851+0000] {base.py:73} INFO - Using connection ID 'aws_connection' for task execution.
[2023-08-12T18:11:36.852+0000] {connection_wrapper.py:340} INFO - AWS Connection (conn_id='aws_connection', conn_type='aws') credentials retrieved from login and password.
[2023-08-12T18:11:37.904+0000] {emr.py:901} INFO - Terminating JobFlow j-1DLDR1BT02URC
[2023-08-12T18:11:37.971+0000] {emr.py:907} INFO - Terminating JobFlow with id j-1DLDR1BT02URC
[2023-08-12T18:11:37.986+0000] {taskinstance.py:1345} INFO - Marking task as SUCCESS. dag_id=emrPipeline, task_id=cluster_remover, execution_date=20230812T170000, start_date=20230812T181136, end_date=20230812T181137
[2023-08-12T18:11:38.091+0000] {local_task_job_runner.py:225} INFO - Task exited with return code 0
[2023-08-12T18:11:38.135+0000] {taskinstance.py:2653} INFO - 0 downstream tasks scheduled from follow-on schedule check
