[2023-07-23T19:28:23.671+0000] {processor.py:157} INFO - Started process (PID=77) to work on /home/airflow/.local/lib/python3.9/site-packages/airflow/example_dags/example_short_circuit_decorator.py
[2023-07-23T19:28:23.672+0000] {processor.py:826} INFO - Processing file /home/airflow/.local/lib/python3.9/site-packages/airflow/example_dags/example_short_circuit_decorator.py for tasks to queue
[2023-07-23T19:28:23.673+0000] {logging_mixin.py:150} INFO - [2023-07-23T19:28:23.673+0000] {dagbag.py:541} INFO - Filling up the DagBag from /home/airflow/.local/lib/python3.9/site-packages/airflow/example_dags/example_short_circuit_decorator.py
[2023-07-23T19:28:23.729+0000] {processor.py:836} INFO - DAG(s) dict_keys(['example_short_circuit_decorator']) retrieved from /home/airflow/.local/lib/python3.9/site-packages/airflow/example_dags/example_short_circuit_decorator.py
[2023-07-23T19:28:24.283+0000] {logging_mixin.py:150} INFO - [2023-07-23T19:28:24.283+0000] {dag.py:2742} INFO - Sync 1 DAGs
[2023-07-23T19:28:24.366+0000] {logging_mixin.py:150} INFO - [2023-07-23T19:28:24.366+0000] {dag.py:3504} INFO - Setting next_dagrun for example_short_circuit_decorator to 2023-07-22T19:28:24.366059+00:00, run_after=2023-07-23T19:28:24.366059+00:00
[2023-07-23T19:28:24.439+0000] {processor.py:179} INFO - Processing /home/airflow/.local/lib/python3.9/site-packages/airflow/example_dags/example_short_circuit_decorator.py took 0.772 seconds
[2023-07-23T19:28:55.107+0000] {processor.py:157} INFO - Started process (PID=138) to work on /home/airflow/.local/lib/python3.9/site-packages/airflow/example_dags/example_short_circuit_decorator.py
[2023-07-23T19:28:55.108+0000] {processor.py:826} INFO - Processing file /home/airflow/.local/lib/python3.9/site-packages/airflow/example_dags/example_short_circuit_decorator.py for tasks to queue
[2023-07-23T19:28:55.109+0000] {logging_mixin.py:150} INFO - [2023-07-23T19:28:55.109+0000] {dagbag.py:541} INFO - Filling up the DagBag from /home/airflow/.local/lib/python3.9/site-packages/airflow/example_dags/example_short_circuit_decorator.py
[2023-07-23T19:28:55.133+0000] {processor.py:836} INFO - DAG(s) dict_keys(['example_short_circuit_decorator']) retrieved from /home/airflow/.local/lib/python3.9/site-packages/airflow/example_dags/example_short_circuit_decorator.py
[2023-07-23T19:28:55.178+0000] {logging_mixin.py:150} INFO - [2023-07-23T19:28:55.178+0000] {dag.py:2742} INFO - Sync 1 DAGs
[2023-07-23T19:28:55.207+0000] {logging_mixin.py:150} INFO - [2023-07-23T19:28:55.206+0000] {dag.py:3504} INFO - Setting next_dagrun for example_short_circuit_decorator to 2023-07-22T19:28:55.206608+00:00, run_after=2023-07-23T19:28:55.206608+00:00
[2023-07-23T19:28:55.242+0000] {processor.py:179} INFO - Processing /home/airflow/.local/lib/python3.9/site-packages/airflow/example_dags/example_short_circuit_decorator.py took 0.149 seconds
[2023-07-23T19:29:25.823+0000] {processor.py:157} INFO - Started process (PID=200) to work on /home/airflow/.local/lib/python3.9/site-packages/airflow/example_dags/example_short_circuit_decorator.py
[2023-07-23T19:29:25.833+0000] {processor.py:826} INFO - Processing file /home/airflow/.local/lib/python3.9/site-packages/airflow/example_dags/example_short_circuit_decorator.py for tasks to queue
[2023-07-23T19:29:25.836+0000] {logging_mixin.py:150} INFO - [2023-07-23T19:29:25.836+0000] {dagbag.py:541} INFO - Filling up the DagBag from /home/airflow/.local/lib/python3.9/site-packages/airflow/example_dags/example_short_circuit_decorator.py
[2023-07-23T19:29:25.858+0000] {processor.py:836} INFO - DAG(s) dict_keys(['example_short_circuit_decorator']) retrieved from /home/airflow/.local/lib/python3.9/site-packages/airflow/example_dags/example_short_circuit_decorator.py
[2023-07-23T19:29:25.915+0000] {logging_mixin.py:150} INFO - [2023-07-23T19:29:25.914+0000] {dag.py:2742} INFO - Sync 1 DAGs
[2023-07-23T19:29:25.975+0000] {logging_mixin.py:150} INFO - [2023-07-23T19:29:25.974+0000] {dag.py:3504} INFO - Setting next_dagrun for example_short_circuit_decorator to 2023-07-22T19:29:25.974341+00:00, run_after=2023-07-23T19:29:25.974341+00:00
[2023-07-23T19:29:26.033+0000] {processor.py:179} INFO - Processing /home/airflow/.local/lib/python3.9/site-packages/airflow/example_dags/example_short_circuit_decorator.py took 0.221 seconds
[2023-07-23T19:29:56.790+0000] {processor.py:157} INFO - Started process (PID=261) to work on /home/airflow/.local/lib/python3.9/site-packages/airflow/example_dags/example_short_circuit_decorator.py
[2023-07-23T19:29:56.795+0000] {processor.py:826} INFO - Processing file /home/airflow/.local/lib/python3.9/site-packages/airflow/example_dags/example_short_circuit_decorator.py for tasks to queue
[2023-07-23T19:29:56.796+0000] {logging_mixin.py:150} INFO - [2023-07-23T19:29:56.796+0000] {dagbag.py:541} INFO - Filling up the DagBag from /home/airflow/.local/lib/python3.9/site-packages/airflow/example_dags/example_short_circuit_decorator.py
[2023-07-23T19:29:56.838+0000] {processor.py:836} INFO - DAG(s) dict_keys(['example_short_circuit_decorator']) retrieved from /home/airflow/.local/lib/python3.9/site-packages/airflow/example_dags/example_short_circuit_decorator.py
[2023-07-23T19:29:56.934+0000] {logging_mixin.py:150} INFO - [2023-07-23T19:29:56.934+0000] {dag.py:2742} INFO - Sync 1 DAGs
[2023-07-23T19:29:57.012+0000] {logging_mixin.py:150} INFO - [2023-07-23T19:29:57.011+0000] {dag.py:3504} INFO - Setting next_dagrun for example_short_circuit_decorator to 2023-07-22T19:29:57.011611+00:00, run_after=2023-07-23T19:29:57.011611+00:00
[2023-07-23T19:29:57.071+0000] {processor.py:179} INFO - Processing /home/airflow/.local/lib/python3.9/site-packages/airflow/example_dags/example_short_circuit_decorator.py took 0.288 seconds
[2023-07-23T19:30:27.271+0000] {processor.py:157} INFO - Started process (PID=323) to work on /home/airflow/.local/lib/python3.9/site-packages/airflow/example_dags/example_short_circuit_decorator.py
[2023-07-23T19:30:27.281+0000] {processor.py:826} INFO - Processing file /home/airflow/.local/lib/python3.9/site-packages/airflow/example_dags/example_short_circuit_decorator.py for tasks to queue
[2023-07-23T19:30:27.282+0000] {logging_mixin.py:150} INFO - [2023-07-23T19:30:27.282+0000] {dagbag.py:541} INFO - Filling up the DagBag from /home/airflow/.local/lib/python3.9/site-packages/airflow/example_dags/example_short_circuit_decorator.py
[2023-07-23T19:30:27.302+0000] {processor.py:836} INFO - DAG(s) dict_keys(['example_short_circuit_decorator']) retrieved from /home/airflow/.local/lib/python3.9/site-packages/airflow/example_dags/example_short_circuit_decorator.py
[2023-07-23T19:30:27.368+0000] {logging_mixin.py:150} INFO - [2023-07-23T19:30:27.367+0000] {dag.py:2742} INFO - Sync 1 DAGs
[2023-07-23T19:30:27.416+0000] {logging_mixin.py:150} INFO - [2023-07-23T19:30:27.416+0000] {dag.py:3504} INFO - Setting next_dagrun for example_short_circuit_decorator to 2023-07-22T19:30:27.416184+00:00, run_after=2023-07-23T19:30:27.416184+00:00
[2023-07-23T19:30:27.461+0000] {processor.py:179} INFO - Processing /home/airflow/.local/lib/python3.9/site-packages/airflow/example_dags/example_short_circuit_decorator.py took 0.193 seconds
[2023-07-23T19:30:58.056+0000] {processor.py:157} INFO - Started process (PID=385) to work on /home/airflow/.local/lib/python3.9/site-packages/airflow/example_dags/example_short_circuit_decorator.py
[2023-07-23T19:30:58.058+0000] {processor.py:826} INFO - Processing file /home/airflow/.local/lib/python3.9/site-packages/airflow/example_dags/example_short_circuit_decorator.py for tasks to queue
[2023-07-23T19:30:58.059+0000] {logging_mixin.py:150} INFO - [2023-07-23T19:30:58.059+0000] {dagbag.py:541} INFO - Filling up the DagBag from /home/airflow/.local/lib/python3.9/site-packages/airflow/example_dags/example_short_circuit_decorator.py
[2023-07-23T19:30:58.086+0000] {processor.py:836} INFO - DAG(s) dict_keys(['example_short_circuit_decorator']) retrieved from /home/airflow/.local/lib/python3.9/site-packages/airflow/example_dags/example_short_circuit_decorator.py
[2023-07-23T19:30:58.132+0000] {logging_mixin.py:150} INFO - [2023-07-23T19:30:58.131+0000] {dag.py:2742} INFO - Sync 1 DAGs
[2023-07-23T19:30:58.194+0000] {logging_mixin.py:150} INFO - [2023-07-23T19:30:58.193+0000] {dag.py:3504} INFO - Setting next_dagrun for example_short_circuit_decorator to 2023-07-22T19:30:58.193534+00:00, run_after=2023-07-23T19:30:58.193534+00:00
[2023-07-23T19:30:58.236+0000] {processor.py:179} INFO - Processing /home/airflow/.local/lib/python3.9/site-packages/airflow/example_dags/example_short_circuit_decorator.py took 0.193 seconds
[2023-07-23T19:31:29.488+0000] {processor.py:157} INFO - Started process (PID=447) to work on /home/airflow/.local/lib/python3.9/site-packages/airflow/example_dags/example_short_circuit_decorator.py
[2023-07-23T19:31:29.489+0000] {processor.py:826} INFO - Processing file /home/airflow/.local/lib/python3.9/site-packages/airflow/example_dags/example_short_circuit_decorator.py for tasks to queue
[2023-07-23T19:31:29.490+0000] {logging_mixin.py:150} INFO - [2023-07-23T19:31:29.490+0000] {dagbag.py:541} INFO - Filling up the DagBag from /home/airflow/.local/lib/python3.9/site-packages/airflow/example_dags/example_short_circuit_decorator.py
[2023-07-23T19:31:29.501+0000] {processor.py:836} INFO - DAG(s) dict_keys(['example_short_circuit_decorator']) retrieved from /home/airflow/.local/lib/python3.9/site-packages/airflow/example_dags/example_short_circuit_decorator.py
[2023-07-23T19:31:29.533+0000] {logging_mixin.py:150} INFO - [2023-07-23T19:31:29.533+0000] {dag.py:2742} INFO - Sync 1 DAGs
[2023-07-23T19:31:29.572+0000] {logging_mixin.py:150} INFO - [2023-07-23T19:31:29.572+0000] {dag.py:3504} INFO - Setting next_dagrun for example_short_circuit_decorator to 2023-07-22T19:31:29.572127+00:00, run_after=2023-07-23T19:31:29.572127+00:00
[2023-07-23T19:31:29.622+0000] {processor.py:179} INFO - Processing /home/airflow/.local/lib/python3.9/site-packages/airflow/example_dags/example_short_circuit_decorator.py took 0.139 seconds
[2023-07-23T19:32:01.908+0000] {processor.py:157} INFO - Started process (PID=508) to work on /home/airflow/.local/lib/python3.9/site-packages/airflow/example_dags/example_short_circuit_decorator.py
[2023-07-23T19:32:01.915+0000] {processor.py:826} INFO - Processing file /home/airflow/.local/lib/python3.9/site-packages/airflow/example_dags/example_short_circuit_decorator.py for tasks to queue
[2023-07-23T19:32:01.916+0000] {logging_mixin.py:150} INFO - [2023-07-23T19:32:01.916+0000] {dagbag.py:541} INFO - Filling up the DagBag from /home/airflow/.local/lib/python3.9/site-packages/airflow/example_dags/example_short_circuit_decorator.py
[2023-07-23T19:32:01.945+0000] {processor.py:836} INFO - DAG(s) dict_keys(['example_short_circuit_decorator']) retrieved from /home/airflow/.local/lib/python3.9/site-packages/airflow/example_dags/example_short_circuit_decorator.py
[2023-07-23T19:32:02.047+0000] {logging_mixin.py:150} INFO - [2023-07-23T19:32:02.047+0000] {dag.py:2742} INFO - Sync 1 DAGs
[2023-07-23T19:32:02.120+0000] {logging_mixin.py:150} INFO - [2023-07-23T19:32:02.120+0000] {dag.py:3504} INFO - Setting next_dagrun for example_short_circuit_decorator to 2023-07-22T19:32:02.120053+00:00, run_after=2023-07-23T19:32:02.120053+00:00
[2023-07-23T19:32:02.189+0000] {processor.py:179} INFO - Processing /home/airflow/.local/lib/python3.9/site-packages/airflow/example_dags/example_short_circuit_decorator.py took 0.297 seconds
[2023-07-23T19:32:32.960+0000] {processor.py:157} INFO - Started process (PID=570) to work on /home/airflow/.local/lib/python3.9/site-packages/airflow/example_dags/example_short_circuit_decorator.py
[2023-07-23T19:32:32.961+0000] {processor.py:826} INFO - Processing file /home/airflow/.local/lib/python3.9/site-packages/airflow/example_dags/example_short_circuit_decorator.py for tasks to queue
[2023-07-23T19:32:32.964+0000] {logging_mixin.py:150} INFO - [2023-07-23T19:32:32.964+0000] {dagbag.py:541} INFO - Filling up the DagBag from /home/airflow/.local/lib/python3.9/site-packages/airflow/example_dags/example_short_circuit_decorator.py
[2023-07-23T19:32:32.991+0000] {processor.py:836} INFO - DAG(s) dict_keys(['example_short_circuit_decorator']) retrieved from /home/airflow/.local/lib/python3.9/site-packages/airflow/example_dags/example_short_circuit_decorator.py
[2023-07-23T19:32:33.056+0000] {logging_mixin.py:150} INFO - [2023-07-23T19:32:33.055+0000] {dag.py:2742} INFO - Sync 1 DAGs
[2023-07-23T19:32:33.112+0000] {logging_mixin.py:150} INFO - [2023-07-23T19:32:33.112+0000] {dag.py:3504} INFO - Setting next_dagrun for example_short_circuit_decorator to 2023-07-22T19:32:33.112324+00:00, run_after=2023-07-23T19:32:33.112324+00:00
[2023-07-23T19:32:33.158+0000] {processor.py:179} INFO - Processing /home/airflow/.local/lib/python3.9/site-packages/airflow/example_dags/example_short_circuit_decorator.py took 0.203 seconds
[2023-07-23T19:33:04.110+0000] {processor.py:157} INFO - Started process (PID=633) to work on /home/airflow/.local/lib/python3.9/site-packages/airflow/example_dags/example_short_circuit_decorator.py
[2023-07-23T19:33:04.113+0000] {processor.py:826} INFO - Processing file /home/airflow/.local/lib/python3.9/site-packages/airflow/example_dags/example_short_circuit_decorator.py for tasks to queue
[2023-07-23T19:33:04.122+0000] {logging_mixin.py:150} INFO - [2023-07-23T19:33:04.121+0000] {dagbag.py:541} INFO - Filling up the DagBag from /home/airflow/.local/lib/python3.9/site-packages/airflow/example_dags/example_short_circuit_decorator.py
[2023-07-23T19:33:04.133+0000] {processor.py:836} INFO - DAG(s) dict_keys(['example_short_circuit_decorator']) retrieved from /home/airflow/.local/lib/python3.9/site-packages/airflow/example_dags/example_short_circuit_decorator.py
[2023-07-23T19:33:04.173+0000] {logging_mixin.py:150} INFO - [2023-07-23T19:33:04.173+0000] {dag.py:2742} INFO - Sync 1 DAGs
[2023-07-23T19:33:04.201+0000] {logging_mixin.py:150} INFO - [2023-07-23T19:33:04.200+0000] {dag.py:3504} INFO - Setting next_dagrun for example_short_circuit_decorator to 2023-07-22T19:33:04.200655+00:00, run_after=2023-07-23T19:33:04.200655+00:00
[2023-07-23T19:33:04.227+0000] {processor.py:179} INFO - Processing /home/airflow/.local/lib/python3.9/site-packages/airflow/example_dags/example_short_circuit_decorator.py took 0.121 seconds
[2023-07-23T19:41:37.959+0000] {processor.py:157} INFO - Started process (PID=78) to work on /home/airflow/.local/lib/python3.9/site-packages/airflow/example_dags/example_short_circuit_decorator.py
[2023-07-23T19:41:37.973+0000] {processor.py:826} INFO - Processing file /home/airflow/.local/lib/python3.9/site-packages/airflow/example_dags/example_short_circuit_decorator.py for tasks to queue
[2023-07-23T19:41:37.974+0000] {logging_mixin.py:150} INFO - [2023-07-23T19:41:37.974+0000] {dagbag.py:541} INFO - Filling up the DagBag from /home/airflow/.local/lib/python3.9/site-packages/airflow/example_dags/example_short_circuit_decorator.py
[2023-07-23T19:41:38.031+0000] {processor.py:836} INFO - DAG(s) dict_keys(['example_short_circuit_decorator']) retrieved from /home/airflow/.local/lib/python3.9/site-packages/airflow/example_dags/example_short_circuit_decorator.py
[2023-07-23T19:41:38.516+0000] {logging_mixin.py:150} INFO - [2023-07-23T19:41:38.515+0000] {dag.py:2742} INFO - Sync 1 DAGs
[2023-07-23T19:41:38.591+0000] {logging_mixin.py:150} INFO - [2023-07-23T19:41:38.591+0000] {dag.py:3504} INFO - Setting next_dagrun for example_short_circuit_decorator to 2023-07-22T19:41:38.591014+00:00, run_after=2023-07-23T19:41:38.591014+00:00
[2023-07-23T19:41:38.653+0000] {processor.py:179} INFO - Processing /home/airflow/.local/lib/python3.9/site-packages/airflow/example_dags/example_short_circuit_decorator.py took 0.697 seconds
[2023-07-23T19:42:09.562+0000] {processor.py:157} INFO - Started process (PID=139) to work on /home/airflow/.local/lib/python3.9/site-packages/airflow/example_dags/example_short_circuit_decorator.py
[2023-07-23T19:42:09.571+0000] {processor.py:826} INFO - Processing file /home/airflow/.local/lib/python3.9/site-packages/airflow/example_dags/example_short_circuit_decorator.py for tasks to queue
[2023-07-23T19:42:09.572+0000] {logging_mixin.py:150} INFO - [2023-07-23T19:42:09.572+0000] {dagbag.py:541} INFO - Filling up the DagBag from /home/airflow/.local/lib/python3.9/site-packages/airflow/example_dags/example_short_circuit_decorator.py
[2023-07-23T19:42:09.584+0000] {processor.py:836} INFO - DAG(s) dict_keys(['example_short_circuit_decorator']) retrieved from /home/airflow/.local/lib/python3.9/site-packages/airflow/example_dags/example_short_circuit_decorator.py
[2023-07-23T19:42:09.648+0000] {logging_mixin.py:150} INFO - [2023-07-23T19:42:09.647+0000] {dag.py:2742} INFO - Sync 1 DAGs
[2023-07-23T19:42:09.705+0000] {logging_mixin.py:150} INFO - [2023-07-23T19:42:09.704+0000] {dag.py:3504} INFO - Setting next_dagrun for example_short_circuit_decorator to 2023-07-22T19:42:09.704472+00:00, run_after=2023-07-23T19:42:09.704472+00:00
[2023-07-23T19:42:09.743+0000] {processor.py:179} INFO - Processing /home/airflow/.local/lib/python3.9/site-packages/airflow/example_dags/example_short_circuit_decorator.py took 0.185 seconds
[2023-07-23T19:42:40.697+0000] {processor.py:157} INFO - Started process (PID=200) to work on /home/airflow/.local/lib/python3.9/site-packages/airflow/example_dags/example_short_circuit_decorator.py
[2023-07-23T19:42:40.698+0000] {processor.py:826} INFO - Processing file /home/airflow/.local/lib/python3.9/site-packages/airflow/example_dags/example_short_circuit_decorator.py for tasks to queue
[2023-07-23T19:42:40.699+0000] {logging_mixin.py:150} INFO - [2023-07-23T19:42:40.699+0000] {dagbag.py:541} INFO - Filling up the DagBag from /home/airflow/.local/lib/python3.9/site-packages/airflow/example_dags/example_short_circuit_decorator.py
[2023-07-23T19:42:40.721+0000] {processor.py:836} INFO - DAG(s) dict_keys(['example_short_circuit_decorator']) retrieved from /home/airflow/.local/lib/python3.9/site-packages/airflow/example_dags/example_short_circuit_decorator.py
[2023-07-23T19:42:40.759+0000] {logging_mixin.py:150} INFO - [2023-07-23T19:42:40.759+0000] {dag.py:2742} INFO - Sync 1 DAGs
[2023-07-23T19:42:40.790+0000] {logging_mixin.py:150} INFO - [2023-07-23T19:42:40.790+0000] {dag.py:3504} INFO - Setting next_dagrun for example_short_circuit_decorator to 2023-07-22T19:42:40.789947+00:00, run_after=2023-07-23T19:42:40.789947+00:00
[2023-07-23T19:42:40.830+0000] {processor.py:179} INFO - Processing /home/airflow/.local/lib/python3.9/site-packages/airflow/example_dags/example_short_circuit_decorator.py took 0.146 seconds
[2023-07-23T19:43:11.186+0000] {processor.py:157} INFO - Started process (PID=261) to work on /home/airflow/.local/lib/python3.9/site-packages/airflow/example_dags/example_short_circuit_decorator.py
[2023-07-23T19:43:11.191+0000] {processor.py:826} INFO - Processing file /home/airflow/.local/lib/python3.9/site-packages/airflow/example_dags/example_short_circuit_decorator.py for tasks to queue
[2023-07-23T19:43:11.192+0000] {logging_mixin.py:150} INFO - [2023-07-23T19:43:11.192+0000] {dagbag.py:541} INFO - Filling up the DagBag from /home/airflow/.local/lib/python3.9/site-packages/airflow/example_dags/example_short_circuit_decorator.py
[2023-07-23T19:43:11.211+0000] {processor.py:836} INFO - DAG(s) dict_keys(['example_short_circuit_decorator']) retrieved from /home/airflow/.local/lib/python3.9/site-packages/airflow/example_dags/example_short_circuit_decorator.py
[2023-07-23T19:43:11.284+0000] {logging_mixin.py:150} INFO - [2023-07-23T19:43:11.284+0000] {dag.py:2742} INFO - Sync 1 DAGs
[2023-07-23T19:43:11.366+0000] {logging_mixin.py:150} INFO - [2023-07-23T19:43:11.366+0000] {dag.py:3504} INFO - Setting next_dagrun for example_short_circuit_decorator to 2023-07-22T19:43:11.366180+00:00, run_after=2023-07-23T19:43:11.366180+00:00
[2023-07-23T19:43:11.420+0000] {processor.py:179} INFO - Processing /home/airflow/.local/lib/python3.9/site-packages/airflow/example_dags/example_short_circuit_decorator.py took 0.268 seconds
[2023-07-23T19:43:43.873+0000] {processor.py:157} INFO - Started process (PID=323) to work on /home/airflow/.local/lib/python3.9/site-packages/airflow/example_dags/example_short_circuit_decorator.py
[2023-07-23T19:43:43.902+0000] {processor.py:826} INFO - Processing file /home/airflow/.local/lib/python3.9/site-packages/airflow/example_dags/example_short_circuit_decorator.py for tasks to queue
[2023-07-23T19:43:43.903+0000] {logging_mixin.py:150} INFO - [2023-07-23T19:43:43.903+0000] {dagbag.py:541} INFO - Filling up the DagBag from /home/airflow/.local/lib/python3.9/site-packages/airflow/example_dags/example_short_circuit_decorator.py
[2023-07-23T19:43:43.935+0000] {processor.py:836} INFO - DAG(s) dict_keys(['example_short_circuit_decorator']) retrieved from /home/airflow/.local/lib/python3.9/site-packages/airflow/example_dags/example_short_circuit_decorator.py
[2023-07-23T19:43:44.116+0000] {logging_mixin.py:150} INFO - [2023-07-23T19:43:44.116+0000] {dag.py:2742} INFO - Sync 1 DAGs
[2023-07-23T19:43:44.216+0000] {logging_mixin.py:150} INFO - [2023-07-23T19:43:44.216+0000] {dag.py:3504} INFO - Setting next_dagrun for example_short_circuit_decorator to 2023-07-22T19:43:44.216266+00:00, run_after=2023-07-23T19:43:44.216266+00:00
[2023-07-23T19:43:44.299+0000] {processor.py:179} INFO - Processing /home/airflow/.local/lib/python3.9/site-packages/airflow/example_dags/example_short_circuit_decorator.py took 0.429 seconds
[2023-07-23T19:44:16.813+0000] {processor.py:157} INFO - Started process (PID=384) to work on /home/airflow/.local/lib/python3.9/site-packages/airflow/example_dags/example_short_circuit_decorator.py
[2023-07-23T19:44:16.816+0000] {processor.py:826} INFO - Processing file /home/airflow/.local/lib/python3.9/site-packages/airflow/example_dags/example_short_circuit_decorator.py for tasks to queue
[2023-07-23T19:44:16.817+0000] {logging_mixin.py:150} INFO - [2023-07-23T19:44:16.817+0000] {dagbag.py:541} INFO - Filling up the DagBag from /home/airflow/.local/lib/python3.9/site-packages/airflow/example_dags/example_short_circuit_decorator.py
[2023-07-23T19:44:16.839+0000] {processor.py:836} INFO - DAG(s) dict_keys(['example_short_circuit_decorator']) retrieved from /home/airflow/.local/lib/python3.9/site-packages/airflow/example_dags/example_short_circuit_decorator.py
[2023-07-23T19:44:16.926+0000] {logging_mixin.py:150} INFO - [2023-07-23T19:44:16.926+0000] {dag.py:2742} INFO - Sync 1 DAGs
[2023-07-23T19:44:17.023+0000] {logging_mixin.py:150} INFO - [2023-07-23T19:44:17.022+0000] {dag.py:3504} INFO - Setting next_dagrun for example_short_circuit_decorator to 2023-07-22T19:44:17.022405+00:00, run_after=2023-07-23T19:44:17.022405+00:00
[2023-07-23T19:44:17.083+0000] {processor.py:179} INFO - Processing /home/airflow/.local/lib/python3.9/site-packages/airflow/example_dags/example_short_circuit_decorator.py took 0.274 seconds
[2023-07-23T19:44:47.650+0000] {processor.py:157} INFO - Started process (PID=439) to work on /home/airflow/.local/lib/python3.9/site-packages/airflow/example_dags/example_short_circuit_decorator.py
[2023-07-23T19:44:47.665+0000] {processor.py:826} INFO - Processing file /home/airflow/.local/lib/python3.9/site-packages/airflow/example_dags/example_short_circuit_decorator.py for tasks to queue
[2023-07-23T19:44:47.666+0000] {logging_mixin.py:150} INFO - [2023-07-23T19:44:47.666+0000] {dagbag.py:541} INFO - Filling up the DagBag from /home/airflow/.local/lib/python3.9/site-packages/airflow/example_dags/example_short_circuit_decorator.py
[2023-07-23T19:44:47.688+0000] {processor.py:836} INFO - DAG(s) dict_keys(['example_short_circuit_decorator']) retrieved from /home/airflow/.local/lib/python3.9/site-packages/airflow/example_dags/example_short_circuit_decorator.py
[2023-07-23T19:44:47.776+0000] {logging_mixin.py:150} INFO - [2023-07-23T19:44:47.775+0000] {dag.py:2742} INFO - Sync 1 DAGs
[2023-07-23T19:44:47.873+0000] {logging_mixin.py:150} INFO - [2023-07-23T19:44:47.873+0000] {dag.py:3504} INFO - Setting next_dagrun for example_short_circuit_decorator to 2023-07-22T19:44:47.873325+00:00, run_after=2023-07-23T19:44:47.873325+00:00
[2023-07-23T19:44:47.944+0000] {processor.py:179} INFO - Processing /home/airflow/.local/lib/python3.9/site-packages/airflow/example_dags/example_short_circuit_decorator.py took 0.299 seconds
[2023-07-23T19:45:19.474+0000] {processor.py:157} INFO - Started process (PID=500) to work on /home/airflow/.local/lib/python3.9/site-packages/airflow/example_dags/example_short_circuit_decorator.py
[2023-07-23T19:45:19.506+0000] {processor.py:826} INFO - Processing file /home/airflow/.local/lib/python3.9/site-packages/airflow/example_dags/example_short_circuit_decorator.py for tasks to queue
[2023-07-23T19:45:19.507+0000] {logging_mixin.py:150} INFO - [2023-07-23T19:45:19.506+0000] {dagbag.py:541} INFO - Filling up the DagBag from /home/airflow/.local/lib/python3.9/site-packages/airflow/example_dags/example_short_circuit_decorator.py
[2023-07-23T19:45:19.549+0000] {processor.py:836} INFO - DAG(s) dict_keys(['example_short_circuit_decorator']) retrieved from /home/airflow/.local/lib/python3.9/site-packages/airflow/example_dags/example_short_circuit_decorator.py
[2023-07-23T19:45:19.802+0000] {logging_mixin.py:150} INFO - [2023-07-23T19:45:19.801+0000] {dag.py:2742} INFO - Sync 1 DAGs
[2023-07-23T19:45:20.023+0000] {logging_mixin.py:150} INFO - [2023-07-23T19:45:20.023+0000] {dag.py:3504} INFO - Setting next_dagrun for example_short_circuit_decorator to 2023-07-22T19:45:20.022943+00:00, run_after=2023-07-23T19:45:20.022943+00:00
[2023-07-23T19:45:20.145+0000] {processor.py:179} INFO - Processing /home/airflow/.local/lib/python3.9/site-packages/airflow/example_dags/example_short_circuit_decorator.py took 0.675 seconds
[2023-07-23T19:45:50.393+0000] {processor.py:157} INFO - Started process (PID=560) to work on /home/airflow/.local/lib/python3.9/site-packages/airflow/example_dags/example_short_circuit_decorator.py
[2023-07-23T19:45:50.394+0000] {processor.py:826} INFO - Processing file /home/airflow/.local/lib/python3.9/site-packages/airflow/example_dags/example_short_circuit_decorator.py for tasks to queue
[2023-07-23T19:45:50.395+0000] {logging_mixin.py:150} INFO - [2023-07-23T19:45:50.395+0000] {dagbag.py:541} INFO - Filling up the DagBag from /home/airflow/.local/lib/python3.9/site-packages/airflow/example_dags/example_short_circuit_decorator.py
[2023-07-23T19:45:50.519+0000] {processor.py:836} INFO - DAG(s) dict_keys(['example_short_circuit_decorator']) retrieved from /home/airflow/.local/lib/python3.9/site-packages/airflow/example_dags/example_short_circuit_decorator.py
[2023-07-23T19:45:50.686+0000] {logging_mixin.py:150} INFO - [2023-07-23T19:45:50.686+0000] {dag.py:2742} INFO - Sync 1 DAGs
[2023-07-23T19:45:50.893+0000] {logging_mixin.py:150} INFO - [2023-07-23T19:45:50.893+0000] {dag.py:3504} INFO - Setting next_dagrun for example_short_circuit_decorator to 2023-07-22T19:45:50.892959+00:00, run_after=2023-07-23T19:45:50.892959+00:00
[2023-07-23T19:45:51.045+0000] {processor.py:179} INFO - Processing /home/airflow/.local/lib/python3.9/site-packages/airflow/example_dags/example_short_circuit_decorator.py took 0.657 seconds
[2023-07-23T19:46:21.510+0000] {processor.py:157} INFO - Started process (PID=621) to work on /home/airflow/.local/lib/python3.9/site-packages/airflow/example_dags/example_short_circuit_decorator.py
[2023-07-23T19:46:21.519+0000] {processor.py:826} INFO - Processing file /home/airflow/.local/lib/python3.9/site-packages/airflow/example_dags/example_short_circuit_decorator.py for tasks to queue
[2023-07-23T19:46:21.519+0000] {logging_mixin.py:150} INFO - [2023-07-23T19:46:21.519+0000] {dagbag.py:541} INFO - Filling up the DagBag from /home/airflow/.local/lib/python3.9/site-packages/airflow/example_dags/example_short_circuit_decorator.py
[2023-07-23T19:46:21.531+0000] {processor.py:836} INFO - DAG(s) dict_keys(['example_short_circuit_decorator']) retrieved from /home/airflow/.local/lib/python3.9/site-packages/airflow/example_dags/example_short_circuit_decorator.py
[2023-07-23T19:46:21.559+0000] {logging_mixin.py:150} INFO - [2023-07-23T19:46:21.559+0000] {dag.py:2742} INFO - Sync 1 DAGs
[2023-07-23T19:46:21.586+0000] {logging_mixin.py:150} INFO - [2023-07-23T19:46:21.585+0000] {dag.py:3504} INFO - Setting next_dagrun for example_short_circuit_decorator to 2023-07-22T19:46:21.585648+00:00, run_after=2023-07-23T19:46:21.585648+00:00
[2023-07-23T19:46:21.607+0000] {processor.py:179} INFO - Processing /home/airflow/.local/lib/python3.9/site-packages/airflow/example_dags/example_short_circuit_decorator.py took 0.101 seconds
[2023-07-23T19:46:52.025+0000] {processor.py:157} INFO - Started process (PID=682) to work on /home/airflow/.local/lib/python3.9/site-packages/airflow/example_dags/example_short_circuit_decorator.py
[2023-07-23T19:46:52.027+0000] {processor.py:826} INFO - Processing file /home/airflow/.local/lib/python3.9/site-packages/airflow/example_dags/example_short_circuit_decorator.py for tasks to queue
[2023-07-23T19:46:52.028+0000] {logging_mixin.py:150} INFO - [2023-07-23T19:46:52.027+0000] {dagbag.py:541} INFO - Filling up the DagBag from /home/airflow/.local/lib/python3.9/site-packages/airflow/example_dags/example_short_circuit_decorator.py
[2023-07-23T19:46:52.050+0000] {processor.py:836} INFO - DAG(s) dict_keys(['example_short_circuit_decorator']) retrieved from /home/airflow/.local/lib/python3.9/site-packages/airflow/example_dags/example_short_circuit_decorator.py
[2023-07-23T19:46:52.126+0000] {logging_mixin.py:150} INFO - [2023-07-23T19:46:52.125+0000] {dag.py:2742} INFO - Sync 1 DAGs
[2023-07-23T19:46:52.163+0000] {logging_mixin.py:150} INFO - [2023-07-23T19:46:52.163+0000] {dag.py:3504} INFO - Setting next_dagrun for example_short_circuit_decorator to 2023-07-22T19:46:52.162984+00:00, run_after=2023-07-23T19:46:52.162984+00:00
[2023-07-23T19:46:52.206+0000] {processor.py:179} INFO - Processing /home/airflow/.local/lib/python3.9/site-packages/airflow/example_dags/example_short_circuit_decorator.py took 0.195 seconds
[2023-07-23T19:47:22.256+0000] {processor.py:157} INFO - Started process (PID=744) to work on /home/airflow/.local/lib/python3.9/site-packages/airflow/example_dags/example_short_circuit_decorator.py
[2023-07-23T19:47:22.258+0000] {processor.py:826} INFO - Processing file /home/airflow/.local/lib/python3.9/site-packages/airflow/example_dags/example_short_circuit_decorator.py for tasks to queue
[2023-07-23T19:47:22.259+0000] {logging_mixin.py:150} INFO - [2023-07-23T19:47:22.258+0000] {dagbag.py:541} INFO - Filling up the DagBag from /home/airflow/.local/lib/python3.9/site-packages/airflow/example_dags/example_short_circuit_decorator.py
[2023-07-23T19:47:22.280+0000] {processor.py:836} INFO - DAG(s) dict_keys(['example_short_circuit_decorator']) retrieved from /home/airflow/.local/lib/python3.9/site-packages/airflow/example_dags/example_short_circuit_decorator.py
[2023-07-23T19:47:22.349+0000] {logging_mixin.py:150} INFO - [2023-07-23T19:47:22.349+0000] {dag.py:2742} INFO - Sync 1 DAGs
[2023-07-23T19:47:22.406+0000] {logging_mixin.py:150} INFO - [2023-07-23T19:47:22.406+0000] {dag.py:3504} INFO - Setting next_dagrun for example_short_circuit_decorator to 2023-07-22T19:47:22.406068+00:00, run_after=2023-07-23T19:47:22.406068+00:00
[2023-07-23T19:47:22.443+0000] {processor.py:179} INFO - Processing /home/airflow/.local/lib/python3.9/site-packages/airflow/example_dags/example_short_circuit_decorator.py took 0.199 seconds
[2023-07-23T19:47:52.615+0000] {processor.py:157} INFO - Started process (PID=806) to work on /home/airflow/.local/lib/python3.9/site-packages/airflow/example_dags/example_short_circuit_decorator.py
[2023-07-23T19:47:52.627+0000] {processor.py:826} INFO - Processing file /home/airflow/.local/lib/python3.9/site-packages/airflow/example_dags/example_short_circuit_decorator.py for tasks to queue
[2023-07-23T19:47:52.646+0000] {logging_mixin.py:150} INFO - [2023-07-23T19:47:52.628+0000] {dagbag.py:541} INFO - Filling up the DagBag from /home/airflow/.local/lib/python3.9/site-packages/airflow/example_dags/example_short_circuit_decorator.py
[2023-07-23T19:47:52.699+0000] {processor.py:836} INFO - DAG(s) dict_keys(['example_short_circuit_decorator']) retrieved from /home/airflow/.local/lib/python3.9/site-packages/airflow/example_dags/example_short_circuit_decorator.py
[2023-07-23T19:47:52.781+0000] {logging_mixin.py:150} INFO - [2023-07-23T19:47:52.781+0000] {dag.py:2742} INFO - Sync 1 DAGs
[2023-07-23T19:47:52.860+0000] {logging_mixin.py:150} INFO - [2023-07-23T19:47:52.859+0000] {dag.py:3504} INFO - Setting next_dagrun for example_short_circuit_decorator to 2023-07-22T19:47:52.859303+00:00, run_after=2023-07-23T19:47:52.859303+00:00
[2023-07-23T19:47:52.928+0000] {processor.py:179} INFO - Processing /home/airflow/.local/lib/python3.9/site-packages/airflow/example_dags/example_short_circuit_decorator.py took 0.365 seconds
[2023-07-23T19:48:23.358+0000] {processor.py:157} INFO - Started process (PID=868) to work on /home/airflow/.local/lib/python3.9/site-packages/airflow/example_dags/example_short_circuit_decorator.py
[2023-07-23T19:48:23.360+0000] {processor.py:826} INFO - Processing file /home/airflow/.local/lib/python3.9/site-packages/airflow/example_dags/example_short_circuit_decorator.py for tasks to queue
[2023-07-23T19:48:23.361+0000] {logging_mixin.py:150} INFO - [2023-07-23T19:48:23.361+0000] {dagbag.py:541} INFO - Filling up the DagBag from /home/airflow/.local/lib/python3.9/site-packages/airflow/example_dags/example_short_circuit_decorator.py
[2023-07-23T19:48:23.403+0000] {processor.py:836} INFO - DAG(s) dict_keys(['example_short_circuit_decorator']) retrieved from /home/airflow/.local/lib/python3.9/site-packages/airflow/example_dags/example_short_circuit_decorator.py
[2023-07-23T19:48:23.496+0000] {logging_mixin.py:150} INFO - [2023-07-23T19:48:23.496+0000] {dag.py:2742} INFO - Sync 1 DAGs
[2023-07-23T19:48:23.590+0000] {logging_mixin.py:150} INFO - [2023-07-23T19:48:23.590+0000] {dag.py:3504} INFO - Setting next_dagrun for example_short_circuit_decorator to 2023-07-22T19:48:23.589938+00:00, run_after=2023-07-23T19:48:23.589938+00:00
[2023-07-23T19:48:23.645+0000] {processor.py:179} INFO - Processing /home/airflow/.local/lib/python3.9/site-packages/airflow/example_dags/example_short_circuit_decorator.py took 0.302 seconds
[2023-07-23T19:48:54.177+0000] {processor.py:157} INFO - Started process (PID=928) to work on /home/airflow/.local/lib/python3.9/site-packages/airflow/example_dags/example_short_circuit_decorator.py
[2023-07-23T19:48:54.185+0000] {processor.py:826} INFO - Processing file /home/airflow/.local/lib/python3.9/site-packages/airflow/example_dags/example_short_circuit_decorator.py for tasks to queue
[2023-07-23T19:48:54.186+0000] {logging_mixin.py:150} INFO - [2023-07-23T19:48:54.186+0000] {dagbag.py:541} INFO - Filling up the DagBag from /home/airflow/.local/lib/python3.9/site-packages/airflow/example_dags/example_short_circuit_decorator.py
[2023-07-23T19:48:54.236+0000] {processor.py:836} INFO - DAG(s) dict_keys(['example_short_circuit_decorator']) retrieved from /home/airflow/.local/lib/python3.9/site-packages/airflow/example_dags/example_short_circuit_decorator.py
[2023-07-23T19:48:54.336+0000] {logging_mixin.py:150} INFO - [2023-07-23T19:48:54.336+0000] {dag.py:2742} INFO - Sync 1 DAGs
[2023-07-23T19:48:54.406+0000] {logging_mixin.py:150} INFO - [2023-07-23T19:48:54.406+0000] {dag.py:3504} INFO - Setting next_dagrun for example_short_circuit_decorator to 2023-07-22T19:48:54.406211+00:00, run_after=2023-07-23T19:48:54.406211+00:00
[2023-07-23T19:48:54.479+0000] {processor.py:179} INFO - Processing /home/airflow/.local/lib/python3.9/site-packages/airflow/example_dags/example_short_circuit_decorator.py took 0.327 seconds
[2023-07-23T19:49:24.749+0000] {processor.py:157} INFO - Started process (PID=984) to work on /home/airflow/.local/lib/python3.9/site-packages/airflow/example_dags/example_short_circuit_decorator.py
[2023-07-23T19:49:24.761+0000] {processor.py:826} INFO - Processing file /home/airflow/.local/lib/python3.9/site-packages/airflow/example_dags/example_short_circuit_decorator.py for tasks to queue
[2023-07-23T19:49:24.762+0000] {logging_mixin.py:150} INFO - [2023-07-23T19:49:24.762+0000] {dagbag.py:541} INFO - Filling up the DagBag from /home/airflow/.local/lib/python3.9/site-packages/airflow/example_dags/example_short_circuit_decorator.py
[2023-07-23T19:49:24.783+0000] {processor.py:836} INFO - DAG(s) dict_keys(['example_short_circuit_decorator']) retrieved from /home/airflow/.local/lib/python3.9/site-packages/airflow/example_dags/example_short_circuit_decorator.py
[2023-07-23T19:49:24.866+0000] {logging_mixin.py:150} INFO - [2023-07-23T19:49:24.865+0000] {dag.py:2742} INFO - Sync 1 DAGs
[2023-07-23T19:49:24.903+0000] {logging_mixin.py:150} INFO - [2023-07-23T19:49:24.903+0000] {dag.py:3504} INFO - Setting next_dagrun for example_short_circuit_decorator to 2023-07-22T19:49:24.903135+00:00, run_after=2023-07-23T19:49:24.903135+00:00
[2023-07-23T19:49:24.945+0000] {processor.py:179} INFO - Processing /home/airflow/.local/lib/python3.9/site-packages/airflow/example_dags/example_short_circuit_decorator.py took 0.201 seconds
[2023-07-23T19:49:55.334+0000] {processor.py:157} INFO - Started process (PID=1046) to work on /home/airflow/.local/lib/python3.9/site-packages/airflow/example_dags/example_short_circuit_decorator.py
[2023-07-23T19:49:55.367+0000] {processor.py:826} INFO - Processing file /home/airflow/.local/lib/python3.9/site-packages/airflow/example_dags/example_short_circuit_decorator.py for tasks to queue
[2023-07-23T19:49:55.368+0000] {logging_mixin.py:150} INFO - [2023-07-23T19:49:55.368+0000] {dagbag.py:541} INFO - Filling up the DagBag from /home/airflow/.local/lib/python3.9/site-packages/airflow/example_dags/example_short_circuit_decorator.py
[2023-07-23T19:49:55.407+0000] {processor.py:836} INFO - DAG(s) dict_keys(['example_short_circuit_decorator']) retrieved from /home/airflow/.local/lib/python3.9/site-packages/airflow/example_dags/example_short_circuit_decorator.py
[2023-07-23T19:49:55.496+0000] {logging_mixin.py:150} INFO - [2023-07-23T19:49:55.496+0000] {dag.py:2742} INFO - Sync 1 DAGs
[2023-07-23T19:49:55.551+0000] {logging_mixin.py:150} INFO - [2023-07-23T19:49:55.551+0000] {dag.py:3504} INFO - Setting next_dagrun for example_short_circuit_decorator to 2023-07-22T19:49:55.550400+00:00, run_after=2023-07-23T19:49:55.550400+00:00
[2023-07-23T19:49:55.592+0000] {processor.py:179} INFO - Processing /home/airflow/.local/lib/python3.9/site-packages/airflow/example_dags/example_short_circuit_decorator.py took 0.263 seconds
[2023-07-23T19:50:27.128+0000] {processor.py:157} INFO - Started process (PID=1107) to work on /home/airflow/.local/lib/python3.9/site-packages/airflow/example_dags/example_short_circuit_decorator.py
[2023-07-23T19:50:27.156+0000] {processor.py:826} INFO - Processing file /home/airflow/.local/lib/python3.9/site-packages/airflow/example_dags/example_short_circuit_decorator.py for tasks to queue
[2023-07-23T19:50:27.157+0000] {logging_mixin.py:150} INFO - [2023-07-23T19:50:27.156+0000] {dagbag.py:541} INFO - Filling up the DagBag from /home/airflow/.local/lib/python3.9/site-packages/airflow/example_dags/example_short_circuit_decorator.py
[2023-07-23T19:50:27.199+0000] {processor.py:836} INFO - DAG(s) dict_keys(['example_short_circuit_decorator']) retrieved from /home/airflow/.local/lib/python3.9/site-packages/airflow/example_dags/example_short_circuit_decorator.py
[2023-07-23T19:50:27.346+0000] {logging_mixin.py:150} INFO - [2023-07-23T19:50:27.346+0000] {dag.py:2742} INFO - Sync 1 DAGs
[2023-07-23T19:50:27.597+0000] {logging_mixin.py:150} INFO - [2023-07-23T19:50:27.596+0000] {dag.py:3504} INFO - Setting next_dagrun for example_short_circuit_decorator to 2023-07-22T19:50:27.596369+00:00, run_after=2023-07-23T19:50:27.596369+00:00
[2023-07-23T19:50:27.758+0000] {processor.py:179} INFO - Processing /home/airflow/.local/lib/python3.9/site-packages/airflow/example_dags/example_short_circuit_decorator.py took 0.717 seconds
[2023-07-23T19:50:58.961+0000] {processor.py:157} INFO - Started process (PID=1162) to work on /home/airflow/.local/lib/python3.9/site-packages/airflow/example_dags/example_short_circuit_decorator.py
[2023-07-23T19:50:58.987+0000] {processor.py:826} INFO - Processing file /home/airflow/.local/lib/python3.9/site-packages/airflow/example_dags/example_short_circuit_decorator.py for tasks to queue
[2023-07-23T19:50:58.988+0000] {logging_mixin.py:150} INFO - [2023-07-23T19:50:58.988+0000] {dagbag.py:541} INFO - Filling up the DagBag from /home/airflow/.local/lib/python3.9/site-packages/airflow/example_dags/example_short_circuit_decorator.py
[2023-07-23T19:50:59.030+0000] {processor.py:836} INFO - DAG(s) dict_keys(['example_short_circuit_decorator']) retrieved from /home/airflow/.local/lib/python3.9/site-packages/airflow/example_dags/example_short_circuit_decorator.py
[2023-07-23T19:50:59.136+0000] {logging_mixin.py:150} INFO - [2023-07-23T19:50:59.136+0000] {dag.py:2742} INFO - Sync 1 DAGs
[2023-07-23T19:50:59.219+0000] {logging_mixin.py:150} INFO - [2023-07-23T19:50:59.219+0000] {dag.py:3504} INFO - Setting next_dagrun for example_short_circuit_decorator to 2023-07-22T19:50:59.219136+00:00, run_after=2023-07-23T19:50:59.219136+00:00
[2023-07-23T19:50:59.286+0000] {processor.py:179} INFO - Processing /home/airflow/.local/lib/python3.9/site-packages/airflow/example_dags/example_short_circuit_decorator.py took 0.329 seconds
[2023-07-23T19:51:31.453+0000] {processor.py:157} INFO - Started process (PID=1223) to work on /home/airflow/.local/lib/python3.9/site-packages/airflow/example_dags/example_short_circuit_decorator.py
[2023-07-23T19:51:31.477+0000] {processor.py:826} INFO - Processing file /home/airflow/.local/lib/python3.9/site-packages/airflow/example_dags/example_short_circuit_decorator.py for tasks to queue
[2023-07-23T19:51:31.479+0000] {logging_mixin.py:150} INFO - [2023-07-23T19:51:31.479+0000] {dagbag.py:541} INFO - Filling up the DagBag from /home/airflow/.local/lib/python3.9/site-packages/airflow/example_dags/example_short_circuit_decorator.py
[2023-07-23T19:51:31.494+0000] {processor.py:836} INFO - DAG(s) dict_keys(['example_short_circuit_decorator']) retrieved from /home/airflow/.local/lib/python3.9/site-packages/airflow/example_dags/example_short_circuit_decorator.py
[2023-07-23T19:51:31.616+0000] {logging_mixin.py:150} INFO - [2023-07-23T19:51:31.616+0000] {dag.py:2742} INFO - Sync 1 DAGs
[2023-07-23T19:51:31.746+0000] {logging_mixin.py:150} INFO - [2023-07-23T19:51:31.745+0000] {dag.py:3504} INFO - Setting next_dagrun for example_short_circuit_decorator to 2023-07-22T19:51:31.744974+00:00, run_after=2023-07-23T19:51:31.744974+00:00
[2023-07-23T19:51:31.861+0000] {processor.py:179} INFO - Processing /home/airflow/.local/lib/python3.9/site-packages/airflow/example_dags/example_short_circuit_decorator.py took 0.447 seconds
[2023-07-23T19:52:02.643+0000] {processor.py:157} INFO - Started process (PID=1286) to work on /home/airflow/.local/lib/python3.9/site-packages/airflow/example_dags/example_short_circuit_decorator.py
[2023-07-23T19:52:02.656+0000] {processor.py:826} INFO - Processing file /home/airflow/.local/lib/python3.9/site-packages/airflow/example_dags/example_short_circuit_decorator.py for tasks to queue
[2023-07-23T19:52:02.657+0000] {logging_mixin.py:150} INFO - [2023-07-23T19:52:02.656+0000] {dagbag.py:541} INFO - Filling up the DagBag from /home/airflow/.local/lib/python3.9/site-packages/airflow/example_dags/example_short_circuit_decorator.py
[2023-07-23T19:52:02.690+0000] {processor.py:836} INFO - DAG(s) dict_keys(['example_short_circuit_decorator']) retrieved from /home/airflow/.local/lib/python3.9/site-packages/airflow/example_dags/example_short_circuit_decorator.py
[2023-07-23T19:52:02.799+0000] {logging_mixin.py:150} INFO - [2023-07-23T19:52:02.799+0000] {dag.py:2742} INFO - Sync 1 DAGs
[2023-07-23T19:52:02.906+0000] {logging_mixin.py:150} INFO - [2023-07-23T19:52:02.906+0000] {dag.py:3504} INFO - Setting next_dagrun for example_short_circuit_decorator to 2023-07-22T19:52:02.906065+00:00, run_after=2023-07-23T19:52:02.906065+00:00
[2023-07-23T19:52:02.974+0000] {processor.py:179} INFO - Processing /home/airflow/.local/lib/python3.9/site-packages/airflow/example_dags/example_short_circuit_decorator.py took 0.335 seconds
[2023-07-23T19:52:33.944+0000] {processor.py:157} INFO - Started process (PID=1338) to work on /home/airflow/.local/lib/python3.9/site-packages/airflow/example_dags/example_short_circuit_decorator.py
[2023-07-23T19:52:33.955+0000] {processor.py:826} INFO - Processing file /home/airflow/.local/lib/python3.9/site-packages/airflow/example_dags/example_short_circuit_decorator.py for tasks to queue
[2023-07-23T19:52:33.956+0000] {logging_mixin.py:150} INFO - [2023-07-23T19:52:33.956+0000] {dagbag.py:541} INFO - Filling up the DagBag from /home/airflow/.local/lib/python3.9/site-packages/airflow/example_dags/example_short_circuit_decorator.py
[2023-07-23T19:52:33.995+0000] {processor.py:836} INFO - DAG(s) dict_keys(['example_short_circuit_decorator']) retrieved from /home/airflow/.local/lib/python3.9/site-packages/airflow/example_dags/example_short_circuit_decorator.py
[2023-07-23T19:52:34.056+0000] {logging_mixin.py:150} INFO - [2023-07-23T19:52:34.055+0000] {dag.py:2742} INFO - Sync 1 DAGs
[2023-07-23T19:52:34.106+0000] {logging_mixin.py:150} INFO - [2023-07-23T19:52:34.106+0000] {dag.py:3504} INFO - Setting next_dagrun for example_short_circuit_decorator to 2023-07-22T19:52:34.105985+00:00, run_after=2023-07-23T19:52:34.105985+00:00
[2023-07-23T19:52:34.172+0000] {processor.py:179} INFO - Processing /home/airflow/.local/lib/python3.9/site-packages/airflow/example_dags/example_short_circuit_decorator.py took 0.232 seconds
[2023-07-23T19:53:10.558+0000] {processor.py:157} INFO - Started process (PID=1398) to work on /home/airflow/.local/lib/python3.9/site-packages/airflow/example_dags/example_short_circuit_decorator.py
[2023-07-23T19:53:10.562+0000] {processor.py:826} INFO - Processing file /home/airflow/.local/lib/python3.9/site-packages/airflow/example_dags/example_short_circuit_decorator.py for tasks to queue
[2023-07-23T19:53:10.568+0000] {logging_mixin.py:150} INFO - [2023-07-23T19:53:10.568+0000] {dagbag.py:541} INFO - Filling up the DagBag from /home/airflow/.local/lib/python3.9/site-packages/airflow/example_dags/example_short_circuit_decorator.py
[2023-07-23T19:53:10.663+0000] {processor.py:836} INFO - DAG(s) dict_keys(['example_short_circuit_decorator']) retrieved from /home/airflow/.local/lib/python3.9/site-packages/airflow/example_dags/example_short_circuit_decorator.py
[2023-07-23T19:53:10.953+0000] {logging_mixin.py:150} INFO - [2023-07-23T19:53:10.947+0000] {dag.py:2742} INFO - Sync 1 DAGs
[2023-07-23T19:53:11.158+0000] {logging_mixin.py:150} INFO - [2023-07-23T19:53:11.158+0000] {dag.py:3504} INFO - Setting next_dagrun for example_short_circuit_decorator to 2023-07-22T19:53:11.158297+00:00, run_after=2023-07-23T19:53:11.158297+00:00
[2023-07-23T19:53:11.385+0000] {processor.py:179} INFO - Processing /home/airflow/.local/lib/python3.9/site-packages/airflow/example_dags/example_short_circuit_decorator.py took 0.855 seconds
[2023-07-23T19:53:42.347+0000] {processor.py:157} INFO - Started process (PID=1460) to work on /home/airflow/.local/lib/python3.9/site-packages/airflow/example_dags/example_short_circuit_decorator.py
[2023-07-23T19:53:42.366+0000] {processor.py:826} INFO - Processing file /home/airflow/.local/lib/python3.9/site-packages/airflow/example_dags/example_short_circuit_decorator.py for tasks to queue
[2023-07-23T19:53:42.367+0000] {logging_mixin.py:150} INFO - [2023-07-23T19:53:42.366+0000] {dagbag.py:541} INFO - Filling up the DagBag from /home/airflow/.local/lib/python3.9/site-packages/airflow/example_dags/example_short_circuit_decorator.py
[2023-07-23T19:53:42.388+0000] {processor.py:836} INFO - DAG(s) dict_keys(['example_short_circuit_decorator']) retrieved from /home/airflow/.local/lib/python3.9/site-packages/airflow/example_dags/example_short_circuit_decorator.py
[2023-07-23T19:53:42.517+0000] {logging_mixin.py:150} INFO - [2023-07-23T19:53:42.516+0000] {dag.py:2742} INFO - Sync 1 DAGs
[2023-07-23T19:53:42.616+0000] {logging_mixin.py:150} INFO - [2023-07-23T19:53:42.615+0000] {dag.py:3504} INFO - Setting next_dagrun for example_short_circuit_decorator to 2023-07-22T19:53:42.615572+00:00, run_after=2023-07-23T19:53:42.615572+00:00
[2023-07-23T19:53:42.687+0000] {processor.py:179} INFO - Processing /home/airflow/.local/lib/python3.9/site-packages/airflow/example_dags/example_short_circuit_decorator.py took 0.364 seconds
[2023-07-23T19:54:13.246+0000] {processor.py:157} INFO - Started process (PID=1522) to work on /home/airflow/.local/lib/python3.9/site-packages/airflow/example_dags/example_short_circuit_decorator.py
[2023-07-23T19:54:13.255+0000] {processor.py:826} INFO - Processing file /home/airflow/.local/lib/python3.9/site-packages/airflow/example_dags/example_short_circuit_decorator.py for tasks to queue
[2023-07-23T19:54:13.256+0000] {logging_mixin.py:150} INFO - [2023-07-23T19:54:13.256+0000] {dagbag.py:541} INFO - Filling up the DagBag from /home/airflow/.local/lib/python3.9/site-packages/airflow/example_dags/example_short_circuit_decorator.py
[2023-07-23T19:54:13.299+0000] {processor.py:836} INFO - DAG(s) dict_keys(['example_short_circuit_decorator']) retrieved from /home/airflow/.local/lib/python3.9/site-packages/airflow/example_dags/example_short_circuit_decorator.py
[2023-07-23T19:54:13.446+0000] {logging_mixin.py:150} INFO - [2023-07-23T19:54:13.446+0000] {dag.py:2742} INFO - Sync 1 DAGs
[2023-07-23T19:54:13.596+0000] {logging_mixin.py:150} INFO - [2023-07-23T19:54:13.596+0000] {dag.py:3504} INFO - Setting next_dagrun for example_short_circuit_decorator to 2023-07-22T19:54:13.596150+00:00, run_after=2023-07-23T19:54:13.596150+00:00
[2023-07-23T19:54:13.822+0000] {processor.py:179} INFO - Processing /home/airflow/.local/lib/python3.9/site-packages/airflow/example_dags/example_short_circuit_decorator.py took 0.613 seconds
[2023-07-23T19:54:44.004+0000] {processor.py:157} INFO - Started process (PID=1584) to work on /home/airflow/.local/lib/python3.9/site-packages/airflow/example_dags/example_short_circuit_decorator.py
[2023-07-23T19:54:44.016+0000] {processor.py:826} INFO - Processing file /home/airflow/.local/lib/python3.9/site-packages/airflow/example_dags/example_short_circuit_decorator.py for tasks to queue
[2023-07-23T19:54:44.017+0000] {logging_mixin.py:150} INFO - [2023-07-23T19:54:44.016+0000] {dagbag.py:541} INFO - Filling up the DagBag from /home/airflow/.local/lib/python3.9/site-packages/airflow/example_dags/example_short_circuit_decorator.py
[2023-07-23T19:54:44.038+0000] {processor.py:836} INFO - DAG(s) dict_keys(['example_short_circuit_decorator']) retrieved from /home/airflow/.local/lib/python3.9/site-packages/airflow/example_dags/example_short_circuit_decorator.py
[2023-07-23T19:54:44.079+0000] {logging_mixin.py:150} INFO - [2023-07-23T19:54:44.079+0000] {dag.py:2742} INFO - Sync 1 DAGs
[2023-07-23T19:54:44.120+0000] {logging_mixin.py:150} INFO - [2023-07-23T19:54:44.120+0000] {dag.py:3504} INFO - Setting next_dagrun for example_short_circuit_decorator to 2023-07-22T19:54:44.120235+00:00, run_after=2023-07-23T19:54:44.120235+00:00
[2023-07-23T19:54:44.152+0000] {processor.py:179} INFO - Processing /home/airflow/.local/lib/python3.9/site-packages/airflow/example_dags/example_short_circuit_decorator.py took 0.153 seconds
[2023-07-23T19:55:15.832+0000] {processor.py:157} INFO - Started process (PID=1646) to work on /home/airflow/.local/lib/python3.9/site-packages/airflow/example_dags/example_short_circuit_decorator.py
[2023-07-23T19:55:15.868+0000] {processor.py:826} INFO - Processing file /home/airflow/.local/lib/python3.9/site-packages/airflow/example_dags/example_short_circuit_decorator.py for tasks to queue
[2023-07-23T19:55:15.869+0000] {logging_mixin.py:150} INFO - [2023-07-23T19:55:15.869+0000] {dagbag.py:541} INFO - Filling up the DagBag from /home/airflow/.local/lib/python3.9/site-packages/airflow/example_dags/example_short_circuit_decorator.py
[2023-07-23T19:55:15.914+0000] {processor.py:836} INFO - DAG(s) dict_keys(['example_short_circuit_decorator']) retrieved from /home/airflow/.local/lib/python3.9/site-packages/airflow/example_dags/example_short_circuit_decorator.py
[2023-07-23T19:55:16.136+0000] {logging_mixin.py:150} INFO - [2023-07-23T19:55:16.135+0000] {dag.py:2742} INFO - Sync 1 DAGs
[2023-07-23T19:55:16.290+0000] {logging_mixin.py:150} INFO - [2023-07-23T19:55:16.290+0000] {dag.py:3504} INFO - Setting next_dagrun for example_short_circuit_decorator to 2023-07-22T19:55:16.289685+00:00, run_after=2023-07-23T19:55:16.289685+00:00
[2023-07-23T19:55:16.465+0000] {processor.py:179} INFO - Processing /home/airflow/.local/lib/python3.9/site-packages/airflow/example_dags/example_short_circuit_decorator.py took 0.638 seconds
[2023-07-23T19:55:47.963+0000] {processor.py:157} INFO - Started process (PID=1710) to work on /home/airflow/.local/lib/python3.9/site-packages/airflow/example_dags/example_short_circuit_decorator.py
[2023-07-23T19:55:48.005+0000] {processor.py:826} INFO - Processing file /home/airflow/.local/lib/python3.9/site-packages/airflow/example_dags/example_short_circuit_decorator.py for tasks to queue
[2023-07-23T19:55:48.007+0000] {logging_mixin.py:150} INFO - [2023-07-23T19:55:48.006+0000] {dagbag.py:541} INFO - Filling up the DagBag from /home/airflow/.local/lib/python3.9/site-packages/airflow/example_dags/example_short_circuit_decorator.py
[2023-07-23T19:55:48.059+0000] {processor.py:836} INFO - DAG(s) dict_keys(['example_short_circuit_decorator']) retrieved from /home/airflow/.local/lib/python3.9/site-packages/airflow/example_dags/example_short_circuit_decorator.py
[2023-07-23T19:55:48.206+0000] {logging_mixin.py:150} INFO - [2023-07-23T19:55:48.206+0000] {dag.py:2742} INFO - Sync 1 DAGs
[2023-07-23T19:55:48.336+0000] {logging_mixin.py:150} INFO - [2023-07-23T19:55:48.336+0000] {dag.py:3504} INFO - Setting next_dagrun for example_short_circuit_decorator to 2023-07-22T19:55:48.336162+00:00, run_after=2023-07-23T19:55:48.336162+00:00
[2023-07-23T19:55:48.477+0000] {processor.py:179} INFO - Processing /home/airflow/.local/lib/python3.9/site-packages/airflow/example_dags/example_short_circuit_decorator.py took 0.518 seconds
[2023-07-23T19:56:19.914+0000] {processor.py:157} INFO - Started process (PID=1770) to work on /home/airflow/.local/lib/python3.9/site-packages/airflow/example_dags/example_short_circuit_decorator.py
[2023-07-23T19:56:19.957+0000] {processor.py:826} INFO - Processing file /home/airflow/.local/lib/python3.9/site-packages/airflow/example_dags/example_short_circuit_decorator.py for tasks to queue
[2023-07-23T19:56:19.958+0000] {logging_mixin.py:150} INFO - [2023-07-23T19:56:19.957+0000] {dagbag.py:541} INFO - Filling up the DagBag from /home/airflow/.local/lib/python3.9/site-packages/airflow/example_dags/example_short_circuit_decorator.py
[2023-07-23T19:56:20.058+0000] {processor.py:836} INFO - DAG(s) dict_keys(['example_short_circuit_decorator']) retrieved from /home/airflow/.local/lib/python3.9/site-packages/airflow/example_dags/example_short_circuit_decorator.py
[2023-07-23T19:56:20.196+0000] {logging_mixin.py:150} INFO - [2023-07-23T19:56:20.196+0000] {dag.py:2742} INFO - Sync 1 DAGs
[2023-07-23T19:56:20.389+0000] {logging_mixin.py:150} INFO - [2023-07-23T19:56:20.388+0000] {dag.py:3504} INFO - Setting next_dagrun for example_short_circuit_decorator to 2023-07-22T19:56:20.388625+00:00, run_after=2023-07-23T19:56:20.388625+00:00
[2023-07-23T19:56:20.585+0000] {processor.py:179} INFO - Processing /home/airflow/.local/lib/python3.9/site-packages/airflow/example_dags/example_short_circuit_decorator.py took 0.669 seconds
[2023-07-23T19:56:51.423+0000] {processor.py:157} INFO - Started process (PID=1831) to work on /home/airflow/.local/lib/python3.9/site-packages/airflow/example_dags/example_short_circuit_decorator.py
[2023-07-23T19:56:51.445+0000] {processor.py:826} INFO - Processing file /home/airflow/.local/lib/python3.9/site-packages/airflow/example_dags/example_short_circuit_decorator.py for tasks to queue
[2023-07-23T19:56:51.463+0000] {logging_mixin.py:150} INFO - [2023-07-23T19:56:51.446+0000] {dagbag.py:541} INFO - Filling up the DagBag from /home/airflow/.local/lib/python3.9/site-packages/airflow/example_dags/example_short_circuit_decorator.py
[2023-07-23T19:56:51.492+0000] {processor.py:836} INFO - DAG(s) dict_keys(['example_short_circuit_decorator']) retrieved from /home/airflow/.local/lib/python3.9/site-packages/airflow/example_dags/example_short_circuit_decorator.py
[2023-07-23T19:56:51.686+0000] {logging_mixin.py:150} INFO - [2023-07-23T19:56:51.686+0000] {dag.py:2742} INFO - Sync 1 DAGs
[2023-07-23T19:56:51.766+0000] {logging_mixin.py:150} INFO - [2023-07-23T19:56:51.766+0000] {dag.py:3504} INFO - Setting next_dagrun for example_short_circuit_decorator to 2023-07-22T19:56:51.766104+00:00, run_after=2023-07-23T19:56:51.766104+00:00
[2023-07-23T19:56:51.827+0000] {processor.py:179} INFO - Processing /home/airflow/.local/lib/python3.9/site-packages/airflow/example_dags/example_short_circuit_decorator.py took 0.407 seconds
[2023-07-23T19:58:29.181+0000] {processor.py:157} INFO - Started process (PID=1930) to work on /home/airflow/.local/lib/python3.9/site-packages/airflow/example_dags/example_short_circuit_decorator.py
[2023-07-23T19:58:29.197+0000] {processor.py:826} INFO - Processing file /home/airflow/.local/lib/python3.9/site-packages/airflow/example_dags/example_short_circuit_decorator.py for tasks to queue
[2023-07-23T19:58:29.198+0000] {logging_mixin.py:150} INFO - [2023-07-23T19:58:29.198+0000] {dagbag.py:541} INFO - Filling up the DagBag from /home/airflow/.local/lib/python3.9/site-packages/airflow/example_dags/example_short_circuit_decorator.py
[2023-07-23T19:58:29.535+0000] {processor.py:836} INFO - DAG(s) dict_keys(['example_short_circuit_decorator']) retrieved from /home/airflow/.local/lib/python3.9/site-packages/airflow/example_dags/example_short_circuit_decorator.py
[2023-07-23T19:58:30.372+0000] {logging_mixin.py:150} INFO - [2023-07-23T19:58:30.372+0000] {dag.py:2742} INFO - Sync 1 DAGs
[2023-07-23T19:58:31.381+0000] {logging_mixin.py:150} INFO - [2023-07-23T19:58:31.381+0000] {dag.py:3504} INFO - Setting next_dagrun for example_short_circuit_decorator to 2023-07-22T19:58:31.380902+00:00, run_after=2023-07-23T19:58:31.380902+00:00
[2023-07-23T19:58:31.972+0000] {processor.py:179} INFO - Processing /home/airflow/.local/lib/python3.9/site-packages/airflow/example_dags/example_short_circuit_decorator.py took 2.896 seconds
[2023-07-23T20:01:18.615+0000] {processor.py:157} INFO - Started process (PID=92) to work on /home/airflow/.local/lib/python3.9/site-packages/airflow/example_dags/example_short_circuit_decorator.py
[2023-07-23T20:01:18.637+0000] {processor.py:826} INFO - Processing file /home/airflow/.local/lib/python3.9/site-packages/airflow/example_dags/example_short_circuit_decorator.py for tasks to queue
[2023-07-23T20:01:18.638+0000] {logging_mixin.py:150} INFO - [2023-07-23T20:01:18.638+0000] {dagbag.py:541} INFO - Filling up the DagBag from /home/airflow/.local/lib/python3.9/site-packages/airflow/example_dags/example_short_circuit_decorator.py
[2023-07-23T20:01:18.722+0000] {processor.py:836} INFO - DAG(s) dict_keys(['example_short_circuit_decorator']) retrieved from /home/airflow/.local/lib/python3.9/site-packages/airflow/example_dags/example_short_circuit_decorator.py
[2023-07-23T20:01:22.925+0000] {logging_mixin.py:150} INFO - [2023-07-23T20:01:22.924+0000] {dag.py:2742} INFO - Sync 1 DAGs
[2023-07-23T20:01:26.307+0000] {logging_mixin.py:150} INFO - [2023-07-23T20:01:26.307+0000] {process_utils.py:258} INFO - Waiting up to 5 seconds for processes to exit...
[2023-07-23T20:05:54.520+0000] {processor.py:157} INFO - Started process (PID=131) to work on /home/airflow/.local/lib/python3.9/site-packages/airflow/example_dags/example_short_circuit_decorator.py
[2023-07-23T20:05:54.546+0000] {processor.py:826} INFO - Processing file /home/airflow/.local/lib/python3.9/site-packages/airflow/example_dags/example_short_circuit_decorator.py for tasks to queue
[2023-07-23T20:05:54.555+0000] {logging_mixin.py:150} INFO - [2023-07-23T20:05:54.548+0000] {dagbag.py:541} INFO - Filling up the DagBag from /home/airflow/.local/lib/python3.9/site-packages/airflow/example_dags/example_short_circuit_decorator.py
[2023-07-23T20:05:55.347+0000] {processor.py:836} INFO - DAG(s) dict_keys(['example_short_circuit_decorator']) retrieved from /home/airflow/.local/lib/python3.9/site-packages/airflow/example_dags/example_short_circuit_decorator.py
[2023-07-23T20:05:55.419+0000] {logging_mixin.py:150} INFO - [2023-07-23T20:05:55.419+0000] {dag.py:2742} INFO - Sync 1 DAGs
[2023-07-23T20:05:55.476+0000] {logging_mixin.py:150} INFO - [2023-07-23T20:05:55.476+0000] {dag.py:3504} INFO - Setting next_dagrun for example_short_circuit_decorator to 2023-07-22T20:05:55.475743+00:00, run_after=2023-07-23T20:05:55.475743+00:00
[2023-07-23T20:05:55.581+0000] {processor.py:179} INFO - Processing /home/airflow/.local/lib/python3.9/site-packages/airflow/example_dags/example_short_circuit_decorator.py took 1.079 seconds
[2023-07-23T20:06:38.148+0000] {processor.py:157} INFO - Started process (PID=193) to work on /home/airflow/.local/lib/python3.9/site-packages/airflow/example_dags/example_short_circuit_decorator.py
[2023-07-23T20:06:38.150+0000] {processor.py:826} INFO - Processing file /home/airflow/.local/lib/python3.9/site-packages/airflow/example_dags/example_short_circuit_decorator.py for tasks to queue
[2023-07-23T20:06:38.151+0000] {logging_mixin.py:150} INFO - [2023-07-23T20:06:38.150+0000] {dagbag.py:541} INFO - Filling up the DagBag from /home/airflow/.local/lib/python3.9/site-packages/airflow/example_dags/example_short_circuit_decorator.py
[2023-07-23T20:06:38.417+0000] {processor.py:836} INFO - DAG(s) dict_keys(['example_short_circuit_decorator']) retrieved from /home/airflow/.local/lib/python3.9/site-packages/airflow/example_dags/example_short_circuit_decorator.py
[2023-07-23T20:06:38.926+0000] {logging_mixin.py:150} INFO - [2023-07-23T20:06:38.901+0000] {dag.py:2742} INFO - Sync 1 DAGs
[2023-07-23T20:06:39.540+0000] {logging_mixin.py:150} INFO - [2023-07-23T20:06:39.539+0000] {dag.py:3504} INFO - Setting next_dagrun for example_short_circuit_decorator to 2023-07-22T20:06:39.539373+00:00, run_after=2023-07-23T20:06:39.539373+00:00
[2023-07-23T20:06:40.155+0000] {processor.py:179} INFO - Processing /home/airflow/.local/lib/python3.9/site-packages/airflow/example_dags/example_short_circuit_decorator.py took 2.011 seconds
[2023-07-23T20:08:57.073+0000] {processor.py:157} INFO - Started process (PID=301) to work on /home/airflow/.local/lib/python3.9/site-packages/airflow/example_dags/example_short_circuit_decorator.py
[2023-07-23T20:08:57.078+0000] {processor.py:826} INFO - Processing file /home/airflow/.local/lib/python3.9/site-packages/airflow/example_dags/example_short_circuit_decorator.py for tasks to queue
[2023-07-23T20:08:57.079+0000] {logging_mixin.py:150} INFO - [2023-07-23T20:08:57.079+0000] {dagbag.py:541} INFO - Filling up the DagBag from /home/airflow/.local/lib/python3.9/site-packages/airflow/example_dags/example_short_circuit_decorator.py
[2023-07-23T20:08:57.540+0000] {processor.py:836} INFO - DAG(s) dict_keys(['example_short_circuit_decorator']) retrieved from /home/airflow/.local/lib/python3.9/site-packages/airflow/example_dags/example_short_circuit_decorator.py
[2023-07-23T20:08:58.266+0000] {logging_mixin.py:150} INFO - [2023-07-23T20:08:58.266+0000] {dag.py:2742} INFO - Sync 1 DAGs
[2023-07-23T20:08:59.017+0000] {logging_mixin.py:150} INFO - [2023-07-23T20:08:59.017+0000] {dag.py:3504} INFO - Setting next_dagrun for example_short_circuit_decorator to 2023-07-22T20:08:59.017017+00:00, run_after=2023-07-23T20:08:59.017017+00:00
[2023-07-23T20:09:00.027+0000] {processor.py:179} INFO - Processing /home/airflow/.local/lib/python3.9/site-packages/airflow/example_dags/example_short_circuit_decorator.py took 3.036 seconds
[2023-07-23T20:10:10.736+0000] {processor.py:157} INFO - Started process (PID=378) to work on /home/airflow/.local/lib/python3.9/site-packages/airflow/example_dags/example_short_circuit_decorator.py
[2023-07-23T20:10:10.739+0000] {processor.py:826} INFO - Processing file /home/airflow/.local/lib/python3.9/site-packages/airflow/example_dags/example_short_circuit_decorator.py for tasks to queue
[2023-07-23T20:10:10.740+0000] {logging_mixin.py:150} INFO - [2023-07-23T20:10:10.740+0000] {dagbag.py:541} INFO - Filling up the DagBag from /home/airflow/.local/lib/python3.9/site-packages/airflow/example_dags/example_short_circuit_decorator.py
[2023-07-23T20:10:10.779+0000] {processor.py:836} INFO - DAG(s) dict_keys(['example_short_circuit_decorator']) retrieved from /home/airflow/.local/lib/python3.9/site-packages/airflow/example_dags/example_short_circuit_decorator.py
[2023-07-23T20:10:11.016+0000] {logging_mixin.py:150} INFO - [2023-07-23T20:10:11.016+0000] {dag.py:2742} INFO - Sync 1 DAGs
[2023-07-23T20:10:11.143+0000] {logging_mixin.py:150} INFO - [2023-07-23T20:10:11.142+0000] {dag.py:3504} INFO - Setting next_dagrun for example_short_circuit_decorator to 2023-07-22T20:10:11.142317+00:00, run_after=2023-07-23T20:10:11.142317+00:00
[2023-07-23T20:10:11.285+0000] {processor.py:179} INFO - Processing /home/airflow/.local/lib/python3.9/site-packages/airflow/example_dags/example_short_circuit_decorator.py took 0.574 seconds
[2023-07-23T20:10:41.452+0000] {processor.py:157} INFO - Started process (PID=439) to work on /home/airflow/.local/lib/python3.9/site-packages/airflow/example_dags/example_short_circuit_decorator.py
[2023-07-23T20:10:41.466+0000] {processor.py:826} INFO - Processing file /home/airflow/.local/lib/python3.9/site-packages/airflow/example_dags/example_short_circuit_decorator.py for tasks to queue
[2023-07-23T20:10:41.468+0000] {logging_mixin.py:150} INFO - [2023-07-23T20:10:41.467+0000] {dagbag.py:541} INFO - Filling up the DagBag from /home/airflow/.local/lib/python3.9/site-packages/airflow/example_dags/example_short_circuit_decorator.py
[2023-07-23T20:10:41.499+0000] {processor.py:836} INFO - DAG(s) dict_keys(['example_short_circuit_decorator']) retrieved from /home/airflow/.local/lib/python3.9/site-packages/airflow/example_dags/example_short_circuit_decorator.py
[2023-07-23T20:10:41.626+0000] {logging_mixin.py:150} INFO - [2023-07-23T20:10:41.626+0000] {dag.py:2742} INFO - Sync 1 DAGs
[2023-07-23T20:10:41.732+0000] {logging_mixin.py:150} INFO - [2023-07-23T20:10:41.731+0000] {dag.py:3504} INFO - Setting next_dagrun for example_short_circuit_decorator to 2023-07-22T20:10:41.731618+00:00, run_after=2023-07-23T20:10:41.731618+00:00
[2023-07-23T20:10:41.816+0000] {processor.py:179} INFO - Processing /home/airflow/.local/lib/python3.9/site-packages/airflow/example_dags/example_short_circuit_decorator.py took 0.384 seconds
[2023-07-23T20:11:12.453+0000] {processor.py:157} INFO - Started process (PID=495) to work on /home/airflow/.local/lib/python3.9/site-packages/airflow/example_dags/example_short_circuit_decorator.py
[2023-07-23T20:11:12.465+0000] {processor.py:826} INFO - Processing file /home/airflow/.local/lib/python3.9/site-packages/airflow/example_dags/example_short_circuit_decorator.py for tasks to queue
[2023-07-23T20:11:12.467+0000] {logging_mixin.py:150} INFO - [2023-07-23T20:11:12.466+0000] {dagbag.py:541} INFO - Filling up the DagBag from /home/airflow/.local/lib/python3.9/site-packages/airflow/example_dags/example_short_circuit_decorator.py
[2023-07-23T20:11:12.489+0000] {processor.py:836} INFO - DAG(s) dict_keys(['example_short_circuit_decorator']) retrieved from /home/airflow/.local/lib/python3.9/site-packages/airflow/example_dags/example_short_circuit_decorator.py
[2023-07-23T20:11:12.571+0000] {logging_mixin.py:150} INFO - [2023-07-23T20:11:12.570+0000] {dag.py:2742} INFO - Sync 1 DAGs
[2023-07-23T20:11:12.626+0000] {logging_mixin.py:150} INFO - [2023-07-23T20:11:12.626+0000] {dag.py:3504} INFO - Setting next_dagrun for example_short_circuit_decorator to 2023-07-22T20:11:12.626102+00:00, run_after=2023-07-23T20:11:12.626102+00:00
[2023-07-23T20:11:12.691+0000] {processor.py:179} INFO - Processing /home/airflow/.local/lib/python3.9/site-packages/airflow/example_dags/example_short_circuit_decorator.py took 0.243 seconds
[2023-07-23T20:12:03.695+0000] {processor.py:157} INFO - Started process (PID=568) to work on /home/airflow/.local/lib/python3.9/site-packages/airflow/example_dags/example_short_circuit_decorator.py
[2023-07-23T20:12:03.716+0000] {processor.py:826} INFO - Processing file /home/airflow/.local/lib/python3.9/site-packages/airflow/example_dags/example_short_circuit_decorator.py for tasks to queue
[2023-07-23T20:12:03.717+0000] {logging_mixin.py:150} INFO - [2023-07-23T20:12:03.716+0000] {dagbag.py:541} INFO - Filling up the DagBag from /home/airflow/.local/lib/python3.9/site-packages/airflow/example_dags/example_short_circuit_decorator.py
[2023-07-23T20:12:03.776+0000] {processor.py:836} INFO - DAG(s) dict_keys(['example_short_circuit_decorator']) retrieved from /home/airflow/.local/lib/python3.9/site-packages/airflow/example_dags/example_short_circuit_decorator.py
[2023-07-23T20:12:04.047+0000] {logging_mixin.py:150} INFO - [2023-07-23T20:12:04.046+0000] {dag.py:2742} INFO - Sync 1 DAGs
[2023-07-23T20:12:04.401+0000] {logging_mixin.py:150} INFO - [2023-07-23T20:12:04.401+0000] {dag.py:3504} INFO - Setting next_dagrun for example_short_circuit_decorator to 2023-07-22T20:12:04.401281+00:00, run_after=2023-07-23T20:12:04.401281+00:00
[2023-07-23T20:12:04.635+0000] {processor.py:179} INFO - Processing /home/airflow/.local/lib/python3.9/site-packages/airflow/example_dags/example_short_circuit_decorator.py took 0.970 seconds
[2023-07-23T20:13:37.254+0000] {processor.py:157} INFO - Started process (PID=651) to work on /home/airflow/.local/lib/python3.9/site-packages/airflow/example_dags/example_short_circuit_decorator.py
[2023-07-23T20:13:37.347+0000] {processor.py:826} INFO - Processing file /home/airflow/.local/lib/python3.9/site-packages/airflow/example_dags/example_short_circuit_decorator.py for tasks to queue
[2023-07-23T20:13:37.348+0000] {logging_mixin.py:150} INFO - [2023-07-23T20:13:37.348+0000] {dagbag.py:541} INFO - Filling up the DagBag from /home/airflow/.local/lib/python3.9/site-packages/airflow/example_dags/example_short_circuit_decorator.py
[2023-07-23T20:13:37.879+0000] {processor.py:836} INFO - DAG(s) dict_keys(['example_short_circuit_decorator']) retrieved from /home/airflow/.local/lib/python3.9/site-packages/airflow/example_dags/example_short_circuit_decorator.py
[2023-07-23T20:13:38.710+0000] {logging_mixin.py:150} INFO - [2023-07-23T20:13:38.710+0000] {dag.py:2742} INFO - Sync 1 DAGs
[2023-07-23T20:13:39.352+0000] {logging_mixin.py:150} INFO - [2023-07-23T20:13:39.352+0000] {dag.py:3504} INFO - Setting next_dagrun for example_short_circuit_decorator to 2023-07-22T20:13:39.351988+00:00, run_after=2023-07-23T20:13:39.351988+00:00
[2023-07-23T20:13:40.135+0000] {processor.py:179} INFO - Processing /home/airflow/.local/lib/python3.9/site-packages/airflow/example_dags/example_short_circuit_decorator.py took 3.156 seconds
[2023-07-23T20:15:18.632+0000] {processor.py:157} INFO - Started process (PID=749) to work on /home/airflow/.local/lib/python3.9/site-packages/airflow/example_dags/example_short_circuit_decorator.py
[2023-07-23T20:15:18.642+0000] {processor.py:826} INFO - Processing file /home/airflow/.local/lib/python3.9/site-packages/airflow/example_dags/example_short_circuit_decorator.py for tasks to queue
[2023-07-23T20:15:18.643+0000] {logging_mixin.py:150} INFO - [2023-07-23T20:15:18.643+0000] {dagbag.py:541} INFO - Filling up the DagBag from /home/airflow/.local/lib/python3.9/site-packages/airflow/example_dags/example_short_circuit_decorator.py
[2023-07-23T20:15:18.693+0000] {processor.py:836} INFO - DAG(s) dict_keys(['example_short_circuit_decorator']) retrieved from /home/airflow/.local/lib/python3.9/site-packages/airflow/example_dags/example_short_circuit_decorator.py
[2023-07-23T20:15:18.763+0000] {logging_mixin.py:150} INFO - [2023-07-23T20:15:18.762+0000] {dag.py:2742} INFO - Sync 1 DAGs
[2023-07-23T20:15:18.813+0000] {logging_mixin.py:150} INFO - [2023-07-23T20:15:18.813+0000] {dag.py:3504} INFO - Setting next_dagrun for example_short_circuit_decorator to 2023-07-22T20:15:18.813135+00:00, run_after=2023-07-23T20:15:18.813135+00:00
[2023-07-23T20:15:18.859+0000] {processor.py:179} INFO - Processing /home/airflow/.local/lib/python3.9/site-packages/airflow/example_dags/example_short_circuit_decorator.py took 0.256 seconds
[2023-07-23T20:15:51.466+0000] {processor.py:157} INFO - Started process (PID=810) to work on /home/airflow/.local/lib/python3.9/site-packages/airflow/example_dags/example_short_circuit_decorator.py
[2023-07-23T20:15:51.468+0000] {processor.py:826} INFO - Processing file /home/airflow/.local/lib/python3.9/site-packages/airflow/example_dags/example_short_circuit_decorator.py for tasks to queue
[2023-07-23T20:15:51.469+0000] {logging_mixin.py:150} INFO - [2023-07-23T20:15:51.469+0000] {dagbag.py:541} INFO - Filling up the DagBag from /home/airflow/.local/lib/python3.9/site-packages/airflow/example_dags/example_short_circuit_decorator.py
[2023-07-23T20:15:51.489+0000] {processor.py:836} INFO - DAG(s) dict_keys(['example_short_circuit_decorator']) retrieved from /home/airflow/.local/lib/python3.9/site-packages/airflow/example_dags/example_short_circuit_decorator.py
[2023-07-23T20:15:51.550+0000] {logging_mixin.py:150} INFO - [2023-07-23T20:15:51.549+0000] {dag.py:2742} INFO - Sync 1 DAGs
[2023-07-23T20:15:51.622+0000] {logging_mixin.py:150} INFO - [2023-07-23T20:15:51.622+0000] {dag.py:3504} INFO - Setting next_dagrun for example_short_circuit_decorator to 2023-07-22T20:15:51.622020+00:00, run_after=2023-07-23T20:15:51.622020+00:00
[2023-07-23T20:15:51.748+0000] {processor.py:179} INFO - Processing /home/airflow/.local/lib/python3.9/site-packages/airflow/example_dags/example_short_circuit_decorator.py took 0.297 seconds
[2023-07-23T20:16:34.134+0000] {processor.py:157} INFO - Started process (PID=871) to work on /home/airflow/.local/lib/python3.9/site-packages/airflow/example_dags/example_short_circuit_decorator.py
[2023-07-23T20:16:34.175+0000] {processor.py:826} INFO - Processing file /home/airflow/.local/lib/python3.9/site-packages/airflow/example_dags/example_short_circuit_decorator.py for tasks to queue
[2023-07-23T20:16:34.176+0000] {logging_mixin.py:150} INFO - [2023-07-23T20:16:34.175+0000] {dagbag.py:541} INFO - Filling up the DagBag from /home/airflow/.local/lib/python3.9/site-packages/airflow/example_dags/example_short_circuit_decorator.py
[2023-07-23T20:16:34.271+0000] {processor.py:836} INFO - DAG(s) dict_keys(['example_short_circuit_decorator']) retrieved from /home/airflow/.local/lib/python3.9/site-packages/airflow/example_dags/example_short_circuit_decorator.py
[2023-07-23T20:16:34.925+0000] {logging_mixin.py:150} INFO - [2023-07-23T20:16:34.925+0000] {dag.py:2742} INFO - Sync 1 DAGs
[2023-07-23T20:16:35.650+0000] {logging_mixin.py:150} INFO - [2023-07-23T20:16:35.650+0000] {dag.py:3504} INFO - Setting next_dagrun for example_short_circuit_decorator to 2023-07-22T20:16:35.649814+00:00, run_after=2023-07-23T20:16:35.649814+00:00
[2023-07-23T20:16:35.999+0000] {processor.py:179} INFO - Processing /home/airflow/.local/lib/python3.9/site-packages/airflow/example_dags/example_short_circuit_decorator.py took 1.934 seconds
[2023-07-23T20:18:43.405+0000] {processor.py:157} INFO - Started process (PID=955) to work on /home/airflow/.local/lib/python3.9/site-packages/airflow/example_dags/example_short_circuit_decorator.py
[2023-07-23T20:18:43.431+0000] {processor.py:826} INFO - Processing file /home/airflow/.local/lib/python3.9/site-packages/airflow/example_dags/example_short_circuit_decorator.py for tasks to queue
[2023-07-23T20:18:43.432+0000] {logging_mixin.py:150} INFO - [2023-07-23T20:18:43.431+0000] {dagbag.py:541} INFO - Filling up the DagBag from /home/airflow/.local/lib/python3.9/site-packages/airflow/example_dags/example_short_circuit_decorator.py
[2023-07-23T20:18:44.231+0000] {processor.py:836} INFO - DAG(s) dict_keys(['example_short_circuit_decorator']) retrieved from /home/airflow/.local/lib/python3.9/site-packages/airflow/example_dags/example_short_circuit_decorator.py
[2023-07-23T20:18:45.218+0000] {logging_mixin.py:150} INFO - [2023-07-23T20:18:45.218+0000] {dag.py:2742} INFO - Sync 1 DAGs
[2023-07-23T20:18:47.585+0000] {logging_mixin.py:150} INFO - [2023-07-23T20:18:47.420+0000] {dag.py:3504} INFO - Setting next_dagrun for example_short_circuit_decorator to 2023-07-22T20:18:47.420078+00:00, run_after=2023-07-23T20:18:47.420078+00:00
[2023-07-23T20:18:48.141+0000] {processor.py:179} INFO - Processing /home/airflow/.local/lib/python3.9/site-packages/airflow/example_dags/example_short_circuit_decorator.py took 4.844 seconds
[2023-07-23T20:20:24.913+0000] {processor.py:157} INFO - Started process (PID=1045) to work on /home/airflow/.local/lib/python3.9/site-packages/airflow/example_dags/example_short_circuit_decorator.py
[2023-07-23T20:20:24.957+0000] {processor.py:826} INFO - Processing file /home/airflow/.local/lib/python3.9/site-packages/airflow/example_dags/example_short_circuit_decorator.py for tasks to queue
[2023-07-23T20:20:24.958+0000] {logging_mixin.py:150} INFO - [2023-07-23T20:20:24.958+0000] {dagbag.py:541} INFO - Filling up the DagBag from /home/airflow/.local/lib/python3.9/site-packages/airflow/example_dags/example_short_circuit_decorator.py
[2023-07-23T20:20:24.985+0000] {processor.py:836} INFO - DAG(s) dict_keys(['example_short_circuit_decorator']) retrieved from /home/airflow/.local/lib/python3.9/site-packages/airflow/example_dags/example_short_circuit_decorator.py
[2023-07-23T20:20:25.136+0000] {logging_mixin.py:150} INFO - [2023-07-23T20:20:25.136+0000] {dag.py:2742} INFO - Sync 1 DAGs
[2023-07-23T20:20:25.248+0000] {logging_mixin.py:150} INFO - [2023-07-23T20:20:25.247+0000] {dag.py:3504} INFO - Setting next_dagrun for example_short_circuit_decorator to 2023-07-22T20:20:25.247591+00:00, run_after=2023-07-23T20:20:25.247591+00:00
[2023-07-23T20:20:25.346+0000] {processor.py:179} INFO - Processing /home/airflow/.local/lib/python3.9/site-packages/airflow/example_dags/example_short_circuit_decorator.py took 0.438 seconds
[2023-07-23T20:20:57.073+0000] {processor.py:157} INFO - Started process (PID=1106) to work on /home/airflow/.local/lib/python3.9/site-packages/airflow/example_dags/example_short_circuit_decorator.py
[2023-07-23T20:20:57.085+0000] {processor.py:826} INFO - Processing file /home/airflow/.local/lib/python3.9/site-packages/airflow/example_dags/example_short_circuit_decorator.py for tasks to queue
[2023-07-23T20:20:57.086+0000] {logging_mixin.py:150} INFO - [2023-07-23T20:20:57.086+0000] {dagbag.py:541} INFO - Filling up the DagBag from /home/airflow/.local/lib/python3.9/site-packages/airflow/example_dags/example_short_circuit_decorator.py
[2023-07-23T20:20:57.108+0000] {processor.py:836} INFO - DAG(s) dict_keys(['example_short_circuit_decorator']) retrieved from /home/airflow/.local/lib/python3.9/site-packages/airflow/example_dags/example_short_circuit_decorator.py
[2023-07-23T20:20:57.210+0000] {logging_mixin.py:150} INFO - [2023-07-23T20:20:57.210+0000] {dag.py:2742} INFO - Sync 1 DAGs
[2023-07-23T20:20:57.260+0000] {logging_mixin.py:150} INFO - [2023-07-23T20:20:57.260+0000] {dag.py:3504} INFO - Setting next_dagrun for example_short_circuit_decorator to 2023-07-22T20:20:57.259868+00:00, run_after=2023-07-23T20:20:57.259868+00:00
[2023-07-23T20:20:57.315+0000] {processor.py:179} INFO - Processing /home/airflow/.local/lib/python3.9/site-packages/airflow/example_dags/example_short_circuit_decorator.py took 0.246 seconds
[2023-07-23T20:22:02.792+0000] {processor.py:157} INFO - Started process (PID=1169) to work on /home/airflow/.local/lib/python3.9/site-packages/airflow/example_dags/example_short_circuit_decorator.py
[2023-07-23T20:22:02.843+0000] {processor.py:826} INFO - Processing file /home/airflow/.local/lib/python3.9/site-packages/airflow/example_dags/example_short_circuit_decorator.py for tasks to queue
[2023-07-23T20:22:02.844+0000] {logging_mixin.py:150} INFO - [2023-07-23T20:22:02.844+0000] {dagbag.py:541} INFO - Filling up the DagBag from /home/airflow/.local/lib/python3.9/site-packages/airflow/example_dags/example_short_circuit_decorator.py
[2023-07-23T20:22:03.262+0000] {processor.py:836} INFO - DAG(s) dict_keys(['example_short_circuit_decorator']) retrieved from /home/airflow/.local/lib/python3.9/site-packages/airflow/example_dags/example_short_circuit_decorator.py
[2023-07-23T20:22:05.131+0000] {logging_mixin.py:150} INFO - [2023-07-23T20:22:05.131+0000] {dag.py:2742} INFO - Sync 1 DAGs
[2023-07-23T20:22:06.075+0000] {logging_mixin.py:150} INFO - [2023-07-23T20:22:05.980+0000] {dag.py:3504} INFO - Setting next_dagrun for example_short_circuit_decorator to 2023-07-22T20:22:05.979725+00:00, run_after=2023-07-23T20:22:05.979725+00:00
[2023-07-23T20:22:07.782+0000] {processor.py:179} INFO - Processing /home/airflow/.local/lib/python3.9/site-packages/airflow/example_dags/example_short_circuit_decorator.py took 5.046 seconds
[2023-07-23T20:25:18.064+0000] {processor.py:157} INFO - Started process (PID=1294) to work on /home/airflow/.local/lib/python3.9/site-packages/airflow/example_dags/example_short_circuit_decorator.py
[2023-07-23T20:25:18.105+0000] {processor.py:826} INFO - Processing file /home/airflow/.local/lib/python3.9/site-packages/airflow/example_dags/example_short_circuit_decorator.py for tasks to queue
[2023-07-23T20:25:18.106+0000] {logging_mixin.py:150} INFO - [2023-07-23T20:25:18.106+0000] {dagbag.py:541} INFO - Filling up the DagBag from /home/airflow/.local/lib/python3.9/site-packages/airflow/example_dags/example_short_circuit_decorator.py
[2023-07-23T20:25:18.147+0000] {processor.py:836} INFO - DAG(s) dict_keys(['example_short_circuit_decorator']) retrieved from /home/airflow/.local/lib/python3.9/site-packages/airflow/example_dags/example_short_circuit_decorator.py
[2023-07-23T20:25:18.206+0000] {logging_mixin.py:150} INFO - [2023-07-23T20:25:18.205+0000] {dag.py:2742} INFO - Sync 1 DAGs
[2023-07-23T20:25:18.297+0000] {logging_mixin.py:150} INFO - [2023-07-23T20:25:18.296+0000] {dag.py:3504} INFO - Setting next_dagrun for example_short_circuit_decorator to 2023-07-22T20:25:18.296538+00:00, run_after=2023-07-23T20:25:18.296538+00:00
[2023-07-23T20:25:18.362+0000] {processor.py:179} INFO - Processing /home/airflow/.local/lib/python3.9/site-packages/airflow/example_dags/example_short_circuit_decorator.py took 0.302 seconds
[2023-07-23T20:25:50.414+0000] {processor.py:157} INFO - Started process (PID=1356) to work on /home/airflow/.local/lib/python3.9/site-packages/airflow/example_dags/example_short_circuit_decorator.py
[2023-07-23T20:25:50.446+0000] {processor.py:826} INFO - Processing file /home/airflow/.local/lib/python3.9/site-packages/airflow/example_dags/example_short_circuit_decorator.py for tasks to queue
[2023-07-23T20:25:50.447+0000] {logging_mixin.py:150} INFO - [2023-07-23T20:25:50.446+0000] {dagbag.py:541} INFO - Filling up the DagBag from /home/airflow/.local/lib/python3.9/site-packages/airflow/example_dags/example_short_circuit_decorator.py
[2023-07-23T20:25:50.505+0000] {processor.py:836} INFO - DAG(s) dict_keys(['example_short_circuit_decorator']) retrieved from /home/airflow/.local/lib/python3.9/site-packages/airflow/example_dags/example_short_circuit_decorator.py
[2023-07-23T20:25:50.746+0000] {logging_mixin.py:150} INFO - [2023-07-23T20:25:50.746+0000] {dag.py:2742} INFO - Sync 1 DAGs
[2023-07-23T20:25:50.850+0000] {logging_mixin.py:150} INFO - [2023-07-23T20:25:50.849+0000] {dag.py:3504} INFO - Setting next_dagrun for example_short_circuit_decorator to 2023-07-22T20:25:50.849543+00:00, run_after=2023-07-23T20:25:50.849543+00:00
[2023-07-23T20:25:50.907+0000] {processor.py:179} INFO - Processing /home/airflow/.local/lib/python3.9/site-packages/airflow/example_dags/example_short_circuit_decorator.py took 0.497 seconds
[2023-07-23T20:26:42.231+0000] {processor.py:157} INFO - Started process (PID=1424) to work on /home/airflow/.local/lib/python3.9/site-packages/airflow/example_dags/example_short_circuit_decorator.py
[2023-07-23T20:26:42.341+0000] {processor.py:826} INFO - Processing file /home/airflow/.local/lib/python3.9/site-packages/airflow/example_dags/example_short_circuit_decorator.py for tasks to queue
[2023-07-23T20:26:42.342+0000] {logging_mixin.py:150} INFO - [2023-07-23T20:26:42.341+0000] {dagbag.py:541} INFO - Filling up the DagBag from /home/airflow/.local/lib/python3.9/site-packages/airflow/example_dags/example_short_circuit_decorator.py
[2023-07-23T20:26:42.727+0000] {processor.py:836} INFO - DAG(s) dict_keys(['example_short_circuit_decorator']) retrieved from /home/airflow/.local/lib/python3.9/site-packages/airflow/example_dags/example_short_circuit_decorator.py
[2023-07-23T20:26:43.749+0000] {logging_mixin.py:150} INFO - [2023-07-23T20:26:43.749+0000] {dag.py:2742} INFO - Sync 1 DAGs
[2023-07-23T20:26:44.821+0000] {logging_mixin.py:150} INFO - [2023-07-23T20:26:44.821+0000] {dag.py:3504} INFO - Setting next_dagrun for example_short_circuit_decorator to 2023-07-22T20:26:44.754944+00:00, run_after=2023-07-23T20:26:44.754944+00:00
[2023-07-23T20:26:45.383+0000] {processor.py:179} INFO - Processing /home/airflow/.local/lib/python3.9/site-packages/airflow/example_dags/example_short_circuit_decorator.py took 3.192 seconds
[2023-07-23T20:29:25.890+0000] {processor.py:157} INFO - Started process (PID=1542) to work on /home/airflow/.local/lib/python3.9/site-packages/airflow/example_dags/example_short_circuit_decorator.py
[2023-07-23T20:29:25.945+0000] {processor.py:826} INFO - Processing file /home/airflow/.local/lib/python3.9/site-packages/airflow/example_dags/example_short_circuit_decorator.py for tasks to queue
[2023-07-23T20:29:25.948+0000] {logging_mixin.py:150} INFO - [2023-07-23T20:29:25.946+0000] {dagbag.py:541} INFO - Filling up the DagBag from /home/airflow/.local/lib/python3.9/site-packages/airflow/example_dags/example_short_circuit_decorator.py
[2023-07-23T20:29:26.279+0000] {processor.py:836} INFO - DAG(s) dict_keys(['example_short_circuit_decorator']) retrieved from /home/airflow/.local/lib/python3.9/site-packages/airflow/example_dags/example_short_circuit_decorator.py
[2023-07-23T20:29:27.754+0000] {logging_mixin.py:150} INFO - [2023-07-23T20:29:27.754+0000] {dag.py:2742} INFO - Sync 1 DAGs
[2023-07-23T20:29:28.971+0000] {logging_mixin.py:150} INFO - [2023-07-23T20:29:28.971+0000] {dag.py:3504} INFO - Setting next_dagrun for example_short_circuit_decorator to 2023-07-22T20:29:28.970664+00:00, run_after=2023-07-23T20:29:28.970664+00:00
[2023-07-23T20:29:30.554+0000] {processor.py:179} INFO - Processing /home/airflow/.local/lib/python3.9/site-packages/airflow/example_dags/example_short_circuit_decorator.py took 5.098 seconds
[2023-07-23T20:30:32.655+0000] {processor.py:157} INFO - Started process (PID=1615) to work on /home/airflow/.local/lib/python3.9/site-packages/airflow/example_dags/example_short_circuit_decorator.py
[2023-07-23T20:30:32.665+0000] {processor.py:826} INFO - Processing file /home/airflow/.local/lib/python3.9/site-packages/airflow/example_dags/example_short_circuit_decorator.py for tasks to queue
[2023-07-23T20:30:32.667+0000] {logging_mixin.py:150} INFO - [2023-07-23T20:30:32.666+0000] {dagbag.py:541} INFO - Filling up the DagBag from /home/airflow/.local/lib/python3.9/site-packages/airflow/example_dags/example_short_circuit_decorator.py
[2023-07-23T20:30:32.726+0000] {processor.py:836} INFO - DAG(s) dict_keys(['example_short_circuit_decorator']) retrieved from /home/airflow/.local/lib/python3.9/site-packages/airflow/example_dags/example_short_circuit_decorator.py
[2023-07-23T20:30:32.869+0000] {logging_mixin.py:150} INFO - [2023-07-23T20:30:32.869+0000] {dag.py:2742} INFO - Sync 1 DAGs
[2023-07-23T20:30:32.960+0000] {logging_mixin.py:150} INFO - [2023-07-23T20:30:32.960+0000] {dag.py:3504} INFO - Setting next_dagrun for example_short_circuit_decorator to 2023-07-22T20:30:32.960076+00:00, run_after=2023-07-23T20:30:32.960076+00:00
[2023-07-23T20:30:33.032+0000] {processor.py:179} INFO - Processing /home/airflow/.local/lib/python3.9/site-packages/airflow/example_dags/example_short_circuit_decorator.py took 0.423 seconds
[2023-07-23T20:31:04.593+0000] {processor.py:157} INFO - Started process (PID=1678) to work on /home/airflow/.local/lib/python3.9/site-packages/airflow/example_dags/example_short_circuit_decorator.py
[2023-07-23T20:31:04.615+0000] {processor.py:826} INFO - Processing file /home/airflow/.local/lib/python3.9/site-packages/airflow/example_dags/example_short_circuit_decorator.py for tasks to queue
[2023-07-23T20:31:04.616+0000] {logging_mixin.py:150} INFO - [2023-07-23T20:31:04.616+0000] {dagbag.py:541} INFO - Filling up the DagBag from /home/airflow/.local/lib/python3.9/site-packages/airflow/example_dags/example_short_circuit_decorator.py
[2023-07-23T20:31:04.659+0000] {processor.py:836} INFO - DAG(s) dict_keys(['example_short_circuit_decorator']) retrieved from /home/airflow/.local/lib/python3.9/site-packages/airflow/example_dags/example_short_circuit_decorator.py
[2023-07-23T20:31:04.759+0000] {logging_mixin.py:150} INFO - [2023-07-23T20:31:04.759+0000] {dag.py:2742} INFO - Sync 1 DAGs
[2023-07-23T20:31:04.830+0000] {logging_mixin.py:150} INFO - [2023-07-23T20:31:04.830+0000] {dag.py:3504} INFO - Setting next_dagrun for example_short_circuit_decorator to 2023-07-22T20:31:04.830170+00:00, run_after=2023-07-23T20:31:04.830170+00:00
[2023-07-23T20:31:04.916+0000] {processor.py:179} INFO - Processing /home/airflow/.local/lib/python3.9/site-packages/airflow/example_dags/example_short_circuit_decorator.py took 0.327 seconds
[2023-07-23T20:32:48.224+0000] {processor.py:157} INFO - Started process (PID=1767) to work on /home/airflow/.local/lib/python3.9/site-packages/airflow/example_dags/example_short_circuit_decorator.py
[2023-07-23T20:32:48.280+0000] {processor.py:826} INFO - Processing file /home/airflow/.local/lib/python3.9/site-packages/airflow/example_dags/example_short_circuit_decorator.py for tasks to queue
[2023-07-23T20:32:48.281+0000] {logging_mixin.py:150} INFO - [2023-07-23T20:32:48.280+0000] {dagbag.py:541} INFO - Filling up the DagBag from /home/airflow/.local/lib/python3.9/site-packages/airflow/example_dags/example_short_circuit_decorator.py
[2023-07-23T20:32:48.875+0000] {processor.py:836} INFO - DAG(s) dict_keys(['example_short_circuit_decorator']) retrieved from /home/airflow/.local/lib/python3.9/site-packages/airflow/example_dags/example_short_circuit_decorator.py
[2023-07-23T20:32:50.044+0000] {logging_mixin.py:150} INFO - [2023-07-23T20:32:50.043+0000] {dag.py:2742} INFO - Sync 1 DAGs
[2023-07-23T20:32:51.644+0000] {logging_mixin.py:150} INFO - [2023-07-23T20:32:51.644+0000] {dag.py:3504} INFO - Setting next_dagrun for example_short_circuit_decorator to 2023-07-22T20:32:51.643759+00:00, run_after=2023-07-23T20:32:51.643759+00:00
[2023-07-23T20:32:52.499+0000] {processor.py:179} INFO - Processing /home/airflow/.local/lib/python3.9/site-packages/airflow/example_dags/example_short_circuit_decorator.py took 4.437 seconds
