[2023-07-23T19:28:23.802+0000] {processor.py:157} INFO - Started process (PID=78) to work on /home/airflow/.local/lib/python3.9/site-packages/airflow/example_dags/example_short_circuit_operator.py
[2023-07-23T19:28:23.803+0000] {processor.py:826} INFO - Processing file /home/airflow/.local/lib/python3.9/site-packages/airflow/example_dags/example_short_circuit_operator.py for tasks to queue
[2023-07-23T19:28:23.804+0000] {logging_mixin.py:150} INFO - [2023-07-23T19:28:23.804+0000] {dagbag.py:541} INFO - Filling up the DagBag from /home/airflow/.local/lib/python3.9/site-packages/airflow/example_dags/example_short_circuit_operator.py
[2023-07-23T19:28:23.834+0000] {processor.py:836} INFO - DAG(s) dict_keys(['example_short_circuit_operator']) retrieved from /home/airflow/.local/lib/python3.9/site-packages/airflow/example_dags/example_short_circuit_operator.py
[2023-07-23T19:28:24.413+0000] {logging_mixin.py:150} INFO - [2023-07-23T19:28:24.412+0000] {dag.py:2742} INFO - Sync 1 DAGs
[2023-07-23T19:28:24.493+0000] {logging_mixin.py:150} INFO - [2023-07-23T19:28:24.493+0000] {dag.py:3504} INFO - Setting next_dagrun for example_short_circuit_operator to 2023-07-22T19:28:24.493340+00:00, run_after=2023-07-23T19:28:24.493340+00:00
[2023-07-23T19:28:24.551+0000] {processor.py:179} INFO - Processing /home/airflow/.local/lib/python3.9/site-packages/airflow/example_dags/example_short_circuit_operator.py took 0.753 seconds
[2023-07-23T19:28:55.104+0000] {processor.py:157} INFO - Started process (PID=139) to work on /home/airflow/.local/lib/python3.9/site-packages/airflow/example_dags/example_short_circuit_operator.py
[2023-07-23T19:28:55.113+0000] {processor.py:826} INFO - Processing file /home/airflow/.local/lib/python3.9/site-packages/airflow/example_dags/example_short_circuit_operator.py for tasks to queue
[2023-07-23T19:28:55.120+0000] {logging_mixin.py:150} INFO - [2023-07-23T19:28:55.119+0000] {dagbag.py:541} INFO - Filling up the DagBag from /home/airflow/.local/lib/python3.9/site-packages/airflow/example_dags/example_short_circuit_operator.py
[2023-07-23T19:28:55.141+0000] {processor.py:836} INFO - DAG(s) dict_keys(['example_short_circuit_operator']) retrieved from /home/airflow/.local/lib/python3.9/site-packages/airflow/example_dags/example_short_circuit_operator.py
[2023-07-23T19:28:55.220+0000] {logging_mixin.py:150} INFO - [2023-07-23T19:28:55.218+0000] {dag.py:2742} INFO - Sync 1 DAGs
[2023-07-23T19:28:55.270+0000] {logging_mixin.py:150} INFO - [2023-07-23T19:28:55.269+0000] {dag.py:3504} INFO - Setting next_dagrun for example_short_circuit_operator to 2023-07-22T19:28:55.269412+00:00, run_after=2023-07-23T19:28:55.269412+00:00
[2023-07-23T19:28:55.294+0000] {processor.py:179} INFO - Processing /home/airflow/.local/lib/python3.9/site-packages/airflow/example_dags/example_short_circuit_operator.py took 0.194 seconds
[2023-07-23T19:29:25.831+0000] {processor.py:157} INFO - Started process (PID=201) to work on /home/airflow/.local/lib/python3.9/site-packages/airflow/example_dags/example_short_circuit_operator.py
[2023-07-23T19:29:25.846+0000] {processor.py:826} INFO - Processing file /home/airflow/.local/lib/python3.9/site-packages/airflow/example_dags/example_short_circuit_operator.py for tasks to queue
[2023-07-23T19:29:25.849+0000] {logging_mixin.py:150} INFO - [2023-07-23T19:29:25.849+0000] {dagbag.py:541} INFO - Filling up the DagBag from /home/airflow/.local/lib/python3.9/site-packages/airflow/example_dags/example_short_circuit_operator.py
[2023-07-23T19:29:25.866+0000] {processor.py:836} INFO - DAG(s) dict_keys(['example_short_circuit_operator']) retrieved from /home/airflow/.local/lib/python3.9/site-packages/airflow/example_dags/example_short_circuit_operator.py
[2023-07-23T19:29:25.916+0000] {logging_mixin.py:150} INFO - [2023-07-23T19:29:25.916+0000] {dag.py:2742} INFO - Sync 1 DAGs
[2023-07-23T19:29:25.978+0000] {logging_mixin.py:150} INFO - [2023-07-23T19:29:25.978+0000] {dag.py:3504} INFO - Setting next_dagrun for example_short_circuit_operator to 2023-07-22T19:29:25.977833+00:00, run_after=2023-07-23T19:29:25.977833+00:00
[2023-07-23T19:29:26.035+0000] {processor.py:179} INFO - Processing /home/airflow/.local/lib/python3.9/site-packages/airflow/example_dags/example_short_circuit_operator.py took 0.208 seconds
[2023-07-23T19:29:56.805+0000] {processor.py:157} INFO - Started process (PID=262) to work on /home/airflow/.local/lib/python3.9/site-packages/airflow/example_dags/example_short_circuit_operator.py
[2023-07-23T19:29:56.846+0000] {processor.py:826} INFO - Processing file /home/airflow/.local/lib/python3.9/site-packages/airflow/example_dags/example_short_circuit_operator.py for tasks to queue
[2023-07-23T19:29:56.847+0000] {logging_mixin.py:150} INFO - [2023-07-23T19:29:56.847+0000] {dagbag.py:541} INFO - Filling up the DagBag from /home/airflow/.local/lib/python3.9/site-packages/airflow/example_dags/example_short_circuit_operator.py
[2023-07-23T19:29:56.877+0000] {processor.py:836} INFO - DAG(s) dict_keys(['example_short_circuit_operator']) retrieved from /home/airflow/.local/lib/python3.9/site-packages/airflow/example_dags/example_short_circuit_operator.py
[2023-07-23T19:29:56.943+0000] {logging_mixin.py:150} INFO - [2023-07-23T19:29:56.943+0000] {dag.py:2742} INFO - Sync 1 DAGs
[2023-07-23T19:29:57.026+0000] {logging_mixin.py:150} INFO - [2023-07-23T19:29:57.026+0000] {dag.py:3504} INFO - Setting next_dagrun for example_short_circuit_operator to 2023-07-22T19:29:57.026126+00:00, run_after=2023-07-23T19:29:57.026126+00:00
[2023-07-23T19:29:57.096+0000] {processor.py:179} INFO - Processing /home/airflow/.local/lib/python3.9/site-packages/airflow/example_dags/example_short_circuit_operator.py took 0.295 seconds
[2023-07-23T19:30:27.280+0000] {processor.py:157} INFO - Started process (PID=324) to work on /home/airflow/.local/lib/python3.9/site-packages/airflow/example_dags/example_short_circuit_operator.py
[2023-07-23T19:30:27.287+0000] {processor.py:826} INFO - Processing file /home/airflow/.local/lib/python3.9/site-packages/airflow/example_dags/example_short_circuit_operator.py for tasks to queue
[2023-07-23T19:30:27.288+0000] {logging_mixin.py:150} INFO - [2023-07-23T19:30:27.287+0000] {dagbag.py:541} INFO - Filling up the DagBag from /home/airflow/.local/lib/python3.9/site-packages/airflow/example_dags/example_short_circuit_operator.py
[2023-07-23T19:30:27.313+0000] {processor.py:836} INFO - DAG(s) dict_keys(['example_short_circuit_operator']) retrieved from /home/airflow/.local/lib/python3.9/site-packages/airflow/example_dags/example_short_circuit_operator.py
[2023-07-23T19:30:27.361+0000] {logging_mixin.py:150} INFO - [2023-07-23T19:30:27.361+0000] {dag.py:2742} INFO - Sync 1 DAGs
[2023-07-23T19:30:27.412+0000] {logging_mixin.py:150} INFO - [2023-07-23T19:30:27.412+0000] {dag.py:3504} INFO - Setting next_dagrun for example_short_circuit_operator to 2023-07-22T19:30:27.411929+00:00, run_after=2023-07-23T19:30:27.411929+00:00
[2023-07-23T19:30:27.450+0000] {processor.py:179} INFO - Processing /home/airflow/.local/lib/python3.9/site-packages/airflow/example_dags/example_short_circuit_operator.py took 0.173 seconds
[2023-07-23T19:30:58.085+0000] {processor.py:157} INFO - Started process (PID=386) to work on /home/airflow/.local/lib/python3.9/site-packages/airflow/example_dags/example_short_circuit_operator.py
[2023-07-23T19:30:58.090+0000] {processor.py:826} INFO - Processing file /home/airflow/.local/lib/python3.9/site-packages/airflow/example_dags/example_short_circuit_operator.py for tasks to queue
[2023-07-23T19:30:58.091+0000] {logging_mixin.py:150} INFO - [2023-07-23T19:30:58.091+0000] {dagbag.py:541} INFO - Filling up the DagBag from /home/airflow/.local/lib/python3.9/site-packages/airflow/example_dags/example_short_circuit_operator.py
[2023-07-23T19:30:58.103+0000] {processor.py:836} INFO - DAG(s) dict_keys(['example_short_circuit_operator']) retrieved from /home/airflow/.local/lib/python3.9/site-packages/airflow/example_dags/example_short_circuit_operator.py
[2023-07-23T19:30:58.166+0000] {logging_mixin.py:150} INFO - [2023-07-23T19:30:58.165+0000] {dag.py:2742} INFO - Sync 1 DAGs
[2023-07-23T19:30:58.222+0000] {logging_mixin.py:150} INFO - [2023-07-23T19:30:58.222+0000] {dag.py:3504} INFO - Setting next_dagrun for example_short_circuit_operator to 2023-07-22T19:30:58.221695+00:00, run_after=2023-07-23T19:30:58.221695+00:00
[2023-07-23T19:30:58.272+0000] {processor.py:179} INFO - Processing /home/airflow/.local/lib/python3.9/site-packages/airflow/example_dags/example_short_circuit_operator.py took 0.191 seconds
[2023-07-23T19:31:29.496+0000] {processor.py:157} INFO - Started process (PID=448) to work on /home/airflow/.local/lib/python3.9/site-packages/airflow/example_dags/example_short_circuit_operator.py
[2023-07-23T19:31:29.497+0000] {processor.py:826} INFO - Processing file /home/airflow/.local/lib/python3.9/site-packages/airflow/example_dags/example_short_circuit_operator.py for tasks to queue
[2023-07-23T19:31:29.498+0000] {logging_mixin.py:150} INFO - [2023-07-23T19:31:29.497+0000] {dagbag.py:541} INFO - Filling up the DagBag from /home/airflow/.local/lib/python3.9/site-packages/airflow/example_dags/example_short_circuit_operator.py
[2023-07-23T19:31:29.508+0000] {processor.py:836} INFO - DAG(s) dict_keys(['example_short_circuit_operator']) retrieved from /home/airflow/.local/lib/python3.9/site-packages/airflow/example_dags/example_short_circuit_operator.py
[2023-07-23T19:31:29.574+0000] {logging_mixin.py:150} INFO - [2023-07-23T19:31:29.574+0000] {dag.py:2742} INFO - Sync 1 DAGs
[2023-07-23T19:31:29.605+0000] {logging_mixin.py:150} INFO - [2023-07-23T19:31:29.604+0000] {dag.py:3504} INFO - Setting next_dagrun for example_short_circuit_operator to 2023-07-22T19:31:29.604255+00:00, run_after=2023-07-23T19:31:29.604255+00:00
[2023-07-23T19:31:29.687+0000] {processor.py:179} INFO - Processing /home/airflow/.local/lib/python3.9/site-packages/airflow/example_dags/example_short_circuit_operator.py took 0.196 seconds
[2023-07-23T19:32:01.987+0000] {processor.py:157} INFO - Started process (PID=509) to work on /home/airflow/.local/lib/python3.9/site-packages/airflow/example_dags/example_short_circuit_operator.py
[2023-07-23T19:32:01.988+0000] {processor.py:826} INFO - Processing file /home/airflow/.local/lib/python3.9/site-packages/airflow/example_dags/example_short_circuit_operator.py for tasks to queue
[2023-07-23T19:32:01.989+0000] {logging_mixin.py:150} INFO - [2023-07-23T19:32:01.989+0000] {dagbag.py:541} INFO - Filling up the DagBag from /home/airflow/.local/lib/python3.9/site-packages/airflow/example_dags/example_short_circuit_operator.py
[2023-07-23T19:32:02.009+0000] {processor.py:836} INFO - DAG(s) dict_keys(['example_short_circuit_operator']) retrieved from /home/airflow/.local/lib/python3.9/site-packages/airflow/example_dags/example_short_circuit_operator.py
[2023-07-23T19:32:02.096+0000] {logging_mixin.py:150} INFO - [2023-07-23T19:32:02.096+0000] {dag.py:2742} INFO - Sync 1 DAGs
[2023-07-23T19:32:02.163+0000] {logging_mixin.py:150} INFO - [2023-07-23T19:32:02.163+0000] {dag.py:3504} INFO - Setting next_dagrun for example_short_circuit_operator to 2023-07-22T19:32:02.163049+00:00, run_after=2023-07-23T19:32:02.163049+00:00
[2023-07-23T19:32:02.245+0000] {processor.py:179} INFO - Processing /home/airflow/.local/lib/python3.9/site-packages/airflow/example_dags/example_short_circuit_operator.py took 0.273 seconds
[2023-07-23T19:32:33.005+0000] {processor.py:157} INFO - Started process (PID=571) to work on /home/airflow/.local/lib/python3.9/site-packages/airflow/example_dags/example_short_circuit_operator.py
[2023-07-23T19:32:33.007+0000] {processor.py:826} INFO - Processing file /home/airflow/.local/lib/python3.9/site-packages/airflow/example_dags/example_short_circuit_operator.py for tasks to queue
[2023-07-23T19:32:33.008+0000] {logging_mixin.py:150} INFO - [2023-07-23T19:32:33.007+0000] {dagbag.py:541} INFO - Filling up the DagBag from /home/airflow/.local/lib/python3.9/site-packages/airflow/example_dags/example_short_circuit_operator.py
[2023-07-23T19:32:33.019+0000] {processor.py:836} INFO - DAG(s) dict_keys(['example_short_circuit_operator']) retrieved from /home/airflow/.local/lib/python3.9/site-packages/airflow/example_dags/example_short_circuit_operator.py
[2023-07-23T19:32:33.065+0000] {logging_mixin.py:150} INFO - [2023-07-23T19:32:33.065+0000] {dag.py:2742} INFO - Sync 1 DAGs
[2023-07-23T19:32:33.094+0000] {logging_mixin.py:150} INFO - [2023-07-23T19:32:33.094+0000] {dag.py:3504} INFO - Setting next_dagrun for example_short_circuit_operator to 2023-07-22T19:32:33.093705+00:00, run_after=2023-07-23T19:32:33.093705+00:00
[2023-07-23T19:32:33.123+0000] {processor.py:179} INFO - Processing /home/airflow/.local/lib/python3.9/site-packages/airflow/example_dags/example_short_circuit_operator.py took 0.123 seconds
[2023-07-23T19:33:04.161+0000] {processor.py:157} INFO - Started process (PID=634) to work on /home/airflow/.local/lib/python3.9/site-packages/airflow/example_dags/example_short_circuit_operator.py
[2023-07-23T19:33:04.185+0000] {processor.py:826} INFO - Processing file /home/airflow/.local/lib/python3.9/site-packages/airflow/example_dags/example_short_circuit_operator.py for tasks to queue
[2023-07-23T19:33:04.187+0000] {logging_mixin.py:150} INFO - [2023-07-23T19:33:04.186+0000] {dagbag.py:541} INFO - Filling up the DagBag from /home/airflow/.local/lib/python3.9/site-packages/airflow/example_dags/example_short_circuit_operator.py
[2023-07-23T19:33:04.214+0000] {processor.py:836} INFO - DAG(s) dict_keys(['example_short_circuit_operator']) retrieved from /home/airflow/.local/lib/python3.9/site-packages/airflow/example_dags/example_short_circuit_operator.py
[2023-07-23T19:33:04.259+0000] {logging_mixin.py:150} INFO - [2023-07-23T19:33:04.259+0000] {dag.py:2742} INFO - Sync 1 DAGs
[2023-07-23T19:33:04.300+0000] {logging_mixin.py:150} INFO - [2023-07-23T19:33:04.299+0000] {dag.py:3504} INFO - Setting next_dagrun for example_short_circuit_operator to 2023-07-22T19:33:04.299533+00:00, run_after=2023-07-23T19:33:04.299533+00:00
[2023-07-23T19:33:04.341+0000] {processor.py:179} INFO - Processing /home/airflow/.local/lib/python3.9/site-packages/airflow/example_dags/example_short_circuit_operator.py took 0.184 seconds
[2023-07-23T19:41:38.443+0000] {processor.py:157} INFO - Started process (PID=79) to work on /home/airflow/.local/lib/python3.9/site-packages/airflow/example_dags/example_short_circuit_operator.py
[2023-07-23T19:41:38.455+0000] {processor.py:826} INFO - Processing file /home/airflow/.local/lib/python3.9/site-packages/airflow/example_dags/example_short_circuit_operator.py for tasks to queue
[2023-07-23T19:41:38.456+0000] {logging_mixin.py:150} INFO - [2023-07-23T19:41:38.456+0000] {dagbag.py:541} INFO - Filling up the DagBag from /home/airflow/.local/lib/python3.9/site-packages/airflow/example_dags/example_short_circuit_operator.py
[2023-07-23T19:41:38.494+0000] {processor.py:836} INFO - DAG(s) dict_keys(['example_short_circuit_operator']) retrieved from /home/airflow/.local/lib/python3.9/site-packages/airflow/example_dags/example_short_circuit_operator.py
[2023-07-23T19:41:38.821+0000] {logging_mixin.py:150} INFO - [2023-07-23T19:41:38.820+0000] {dag.py:2742} INFO - Sync 1 DAGs
[2023-07-23T19:41:38.881+0000] {logging_mixin.py:150} INFO - [2023-07-23T19:41:38.880+0000] {dag.py:3504} INFO - Setting next_dagrun for example_short_circuit_operator to 2023-07-22T19:41:38.880484+00:00, run_after=2023-07-23T19:41:38.880484+00:00
[2023-07-23T19:41:38.998+0000] {processor.py:179} INFO - Processing /home/airflow/.local/lib/python3.9/site-packages/airflow/example_dags/example_short_circuit_operator.py took 0.559 seconds
[2023-07-23T19:42:09.571+0000] {processor.py:157} INFO - Started process (PID=140) to work on /home/airflow/.local/lib/python3.9/site-packages/airflow/example_dags/example_short_circuit_operator.py
[2023-07-23T19:42:09.585+0000] {processor.py:826} INFO - Processing file /home/airflow/.local/lib/python3.9/site-packages/airflow/example_dags/example_short_circuit_operator.py for tasks to queue
[2023-07-23T19:42:09.586+0000] {logging_mixin.py:150} INFO - [2023-07-23T19:42:09.586+0000] {dagbag.py:541} INFO - Filling up the DagBag from /home/airflow/.local/lib/python3.9/site-packages/airflow/example_dags/example_short_circuit_operator.py
[2023-07-23T19:42:09.596+0000] {processor.py:836} INFO - DAG(s) dict_keys(['example_short_circuit_operator']) retrieved from /home/airflow/.local/lib/python3.9/site-packages/airflow/example_dags/example_short_circuit_operator.py
[2023-07-23T19:42:09.660+0000] {logging_mixin.py:150} INFO - [2023-07-23T19:42:09.660+0000] {dag.py:2742} INFO - Sync 1 DAGs
[2023-07-23T19:42:09.709+0000] {logging_mixin.py:150} INFO - [2023-07-23T19:42:09.709+0000] {dag.py:3504} INFO - Setting next_dagrun for example_short_circuit_operator to 2023-07-22T19:42:09.708760+00:00, run_after=2023-07-23T19:42:09.708760+00:00
[2023-07-23T19:42:09.743+0000] {processor.py:179} INFO - Processing /home/airflow/.local/lib/python3.9/site-packages/airflow/example_dags/example_short_circuit_operator.py took 0.177 seconds
[2023-07-23T19:42:40.693+0000] {processor.py:157} INFO - Started process (PID=201) to work on /home/airflow/.local/lib/python3.9/site-packages/airflow/example_dags/example_short_circuit_operator.py
[2023-07-23T19:42:40.698+0000] {processor.py:826} INFO - Processing file /home/airflow/.local/lib/python3.9/site-packages/airflow/example_dags/example_short_circuit_operator.py for tasks to queue
[2023-07-23T19:42:40.706+0000] {logging_mixin.py:150} INFO - [2023-07-23T19:42:40.706+0000] {dagbag.py:541} INFO - Filling up the DagBag from /home/airflow/.local/lib/python3.9/site-packages/airflow/example_dags/example_short_circuit_operator.py
[2023-07-23T19:42:40.726+0000] {processor.py:836} INFO - DAG(s) dict_keys(['example_short_circuit_operator']) retrieved from /home/airflow/.local/lib/python3.9/site-packages/airflow/example_dags/example_short_circuit_operator.py
[2023-07-23T19:42:40.808+0000] {logging_mixin.py:150} INFO - [2023-07-23T19:42:40.807+0000] {dag.py:2742} INFO - Sync 1 DAGs
[2023-07-23T19:42:40.856+0000] {logging_mixin.py:150} INFO - [2023-07-23T19:42:40.856+0000] {dag.py:3504} INFO - Setting next_dagrun for example_short_circuit_operator to 2023-07-22T19:42:40.855967+00:00, run_after=2023-07-23T19:42:40.855967+00:00
[2023-07-23T19:42:40.882+0000] {processor.py:179} INFO - Processing /home/airflow/.local/lib/python3.9/site-packages/airflow/example_dags/example_short_circuit_operator.py took 0.193 seconds
[2023-07-23T19:43:11.238+0000] {processor.py:157} INFO - Started process (PID=262) to work on /home/airflow/.local/lib/python3.9/site-packages/airflow/example_dags/example_short_circuit_operator.py
[2023-07-23T19:43:11.255+0000] {processor.py:826} INFO - Processing file /home/airflow/.local/lib/python3.9/site-packages/airflow/example_dags/example_short_circuit_operator.py for tasks to queue
[2023-07-23T19:43:11.257+0000] {logging_mixin.py:150} INFO - [2023-07-23T19:43:11.256+0000] {dagbag.py:541} INFO - Filling up the DagBag from /home/airflow/.local/lib/python3.9/site-packages/airflow/example_dags/example_short_circuit_operator.py
[2023-07-23T19:43:11.279+0000] {processor.py:836} INFO - DAG(s) dict_keys(['example_short_circuit_operator']) retrieved from /home/airflow/.local/lib/python3.9/site-packages/airflow/example_dags/example_short_circuit_operator.py
[2023-07-23T19:43:11.376+0000] {logging_mixin.py:150} INFO - [2023-07-23T19:43:11.375+0000] {dag.py:2742} INFO - Sync 1 DAGs
[2023-07-23T19:43:11.446+0000] {logging_mixin.py:150} INFO - [2023-07-23T19:43:11.446+0000] {dag.py:3504} INFO - Setting next_dagrun for example_short_circuit_operator to 2023-07-22T19:43:11.446016+00:00, run_after=2023-07-23T19:43:11.446016+00:00
[2023-07-23T19:43:11.506+0000] {processor.py:179} INFO - Processing /home/airflow/.local/lib/python3.9/site-packages/airflow/example_dags/example_short_circuit_operator.py took 0.295 seconds
[2023-07-23T19:43:43.940+0000] {processor.py:157} INFO - Started process (PID=324) to work on /home/airflow/.local/lib/python3.9/site-packages/airflow/example_dags/example_short_circuit_operator.py
[2023-07-23T19:43:43.983+0000] {processor.py:826} INFO - Processing file /home/airflow/.local/lib/python3.9/site-packages/airflow/example_dags/example_short_circuit_operator.py for tasks to queue
[2023-07-23T19:43:43.985+0000] {logging_mixin.py:150} INFO - [2023-07-23T19:43:43.984+0000] {dagbag.py:541} INFO - Filling up the DagBag from /home/airflow/.local/lib/python3.9/site-packages/airflow/example_dags/example_short_circuit_operator.py
[2023-07-23T19:43:44.039+0000] {processor.py:836} INFO - DAG(s) dict_keys(['example_short_circuit_operator']) retrieved from /home/airflow/.local/lib/python3.9/site-packages/airflow/example_dags/example_short_circuit_operator.py
[2023-07-23T19:43:44.230+0000] {logging_mixin.py:150} INFO - [2023-07-23T19:43:44.230+0000] {dag.py:2742} INFO - Sync 1 DAGs
[2023-07-23T19:43:44.314+0000] {logging_mixin.py:150} INFO - [2023-07-23T19:43:44.314+0000] {dag.py:3504} INFO - Setting next_dagrun for example_short_circuit_operator to 2023-07-22T19:43:44.313862+00:00, run_after=2023-07-23T19:43:44.313862+00:00
[2023-07-23T19:43:44.379+0000] {processor.py:179} INFO - Processing /home/airflow/.local/lib/python3.9/site-packages/airflow/example_dags/example_short_circuit_operator.py took 0.464 seconds
[2023-07-23T19:44:17.195+0000] {processor.py:157} INFO - Started process (PID=385) to work on /home/airflow/.local/lib/python3.9/site-packages/airflow/example_dags/example_short_circuit_operator.py
[2023-07-23T19:44:17.199+0000] {processor.py:826} INFO - Processing file /home/airflow/.local/lib/python3.9/site-packages/airflow/example_dags/example_short_circuit_operator.py for tasks to queue
[2023-07-23T19:44:17.209+0000] {logging_mixin.py:150} INFO - [2023-07-23T19:44:17.200+0000] {dagbag.py:541} INFO - Filling up the DagBag from /home/airflow/.local/lib/python3.9/site-packages/airflow/example_dags/example_short_circuit_operator.py
[2023-07-23T19:44:17.233+0000] {processor.py:836} INFO - DAG(s) dict_keys(['example_short_circuit_operator']) retrieved from /home/airflow/.local/lib/python3.9/site-packages/airflow/example_dags/example_short_circuit_operator.py
[2023-07-23T19:44:17.349+0000] {logging_mixin.py:150} INFO - [2023-07-23T19:44:17.349+0000] {dag.py:2742} INFO - Sync 1 DAGs
[2023-07-23T19:44:17.466+0000] {logging_mixin.py:150} INFO - [2023-07-23T19:44:17.466+0000] {dag.py:3504} INFO - Setting next_dagrun for example_short_circuit_operator to 2023-07-22T19:44:17.466050+00:00, run_after=2023-07-23T19:44:17.466050+00:00
[2023-07-23T19:44:17.606+0000] {processor.py:179} INFO - Processing /home/airflow/.local/lib/python3.9/site-packages/airflow/example_dags/example_short_circuit_operator.py took 0.416 seconds
[2023-07-23T19:44:48.024+0000] {processor.py:157} INFO - Started process (PID=440) to work on /home/airflow/.local/lib/python3.9/site-packages/airflow/example_dags/example_short_circuit_operator.py
[2023-07-23T19:44:48.025+0000] {processor.py:826} INFO - Processing file /home/airflow/.local/lib/python3.9/site-packages/airflow/example_dags/example_short_circuit_operator.py for tasks to queue
[2023-07-23T19:44:48.026+0000] {logging_mixin.py:150} INFO - [2023-07-23T19:44:48.026+0000] {dagbag.py:541} INFO - Filling up the DagBag from /home/airflow/.local/lib/python3.9/site-packages/airflow/example_dags/example_short_circuit_operator.py
[2023-07-23T19:44:48.080+0000] {processor.py:836} INFO - DAG(s) dict_keys(['example_short_circuit_operator']) retrieved from /home/airflow/.local/lib/python3.9/site-packages/airflow/example_dags/example_short_circuit_operator.py
[2023-07-23T19:44:48.286+0000] {logging_mixin.py:150} INFO - [2023-07-23T19:44:48.286+0000] {dag.py:2742} INFO - Sync 1 DAGs
[2023-07-23T19:44:48.396+0000] {logging_mixin.py:150} INFO - [2023-07-23T19:44:48.396+0000] {dag.py:3504} INFO - Setting next_dagrun for example_short_circuit_operator to 2023-07-22T19:44:48.396158+00:00, run_after=2023-07-23T19:44:48.396158+00:00
[2023-07-23T19:44:48.534+0000] {processor.py:179} INFO - Processing /home/airflow/.local/lib/python3.9/site-packages/airflow/example_dags/example_short_circuit_operator.py took 0.515 seconds
[2023-07-23T19:45:20.267+0000] {processor.py:157} INFO - Started process (PID=501) to work on /home/airflow/.local/lib/python3.9/site-packages/airflow/example_dags/example_short_circuit_operator.py
[2023-07-23T19:45:20.275+0000] {processor.py:826} INFO - Processing file /home/airflow/.local/lib/python3.9/site-packages/airflow/example_dags/example_short_circuit_operator.py for tasks to queue
[2023-07-23T19:45:20.276+0000] {logging_mixin.py:150} INFO - [2023-07-23T19:45:20.276+0000] {dagbag.py:541} INFO - Filling up the DagBag from /home/airflow/.local/lib/python3.9/site-packages/airflow/example_dags/example_short_circuit_operator.py
[2023-07-23T19:45:20.329+0000] {processor.py:836} INFO - DAG(s) dict_keys(['example_short_circuit_operator']) retrieved from /home/airflow/.local/lib/python3.9/site-packages/airflow/example_dags/example_short_circuit_operator.py
[2023-07-23T19:45:20.496+0000] {logging_mixin.py:150} INFO - [2023-07-23T19:45:20.496+0000] {dag.py:2742} INFO - Sync 1 DAGs
[2023-07-23T19:45:20.590+0000] {logging_mixin.py:150} INFO - [2023-07-23T19:45:20.589+0000] {dag.py:3504} INFO - Setting next_dagrun for example_short_circuit_operator to 2023-07-22T19:45:20.589479+00:00, run_after=2023-07-23T19:45:20.589479+00:00
[2023-07-23T19:45:20.685+0000] {processor.py:179} INFO - Processing /home/airflow/.local/lib/python3.9/site-packages/airflow/example_dags/example_short_circuit_operator.py took 0.433 seconds
[2023-07-23T19:45:51.284+0000] {processor.py:157} INFO - Started process (PID=561) to work on /home/airflow/.local/lib/python3.9/site-packages/airflow/example_dags/example_short_circuit_operator.py
[2023-07-23T19:45:51.289+0000] {processor.py:826} INFO - Processing file /home/airflow/.local/lib/python3.9/site-packages/airflow/example_dags/example_short_circuit_operator.py for tasks to queue
[2023-07-23T19:45:51.296+0000] {logging_mixin.py:150} INFO - [2023-07-23T19:45:51.295+0000] {dagbag.py:541} INFO - Filling up the DagBag from /home/airflow/.local/lib/python3.9/site-packages/airflow/example_dags/example_short_circuit_operator.py
[2023-07-23T19:45:51.315+0000] {processor.py:836} INFO - DAG(s) dict_keys(['example_short_circuit_operator']) retrieved from /home/airflow/.local/lib/python3.9/site-packages/airflow/example_dags/example_short_circuit_operator.py
[2023-07-23T19:45:51.648+0000] {logging_mixin.py:150} INFO - [2023-07-23T19:45:51.645+0000] {dag.py:2742} INFO - Sync 1 DAGs
[2023-07-23T19:45:51.961+0000] {logging_mixin.py:150} INFO - [2023-07-23T19:45:51.961+0000] {dag.py:3504} INFO - Setting next_dagrun for example_short_circuit_operator to 2023-07-22T19:45:51.961099+00:00, run_after=2023-07-23T19:45:51.961099+00:00
[2023-07-23T19:45:52.196+0000] {processor.py:179} INFO - Processing /home/airflow/.local/lib/python3.9/site-packages/airflow/example_dags/example_short_circuit_operator.py took 0.925 seconds
[2023-07-23T19:46:22.618+0000] {processor.py:157} INFO - Started process (PID=622) to work on /home/airflow/.local/lib/python3.9/site-packages/airflow/example_dags/example_short_circuit_operator.py
[2023-07-23T19:46:22.635+0000] {processor.py:826} INFO - Processing file /home/airflow/.local/lib/python3.9/site-packages/airflow/example_dags/example_short_circuit_operator.py for tasks to queue
[2023-07-23T19:46:22.636+0000] {logging_mixin.py:150} INFO - [2023-07-23T19:46:22.636+0000] {dagbag.py:541} INFO - Filling up the DagBag from /home/airflow/.local/lib/python3.9/site-packages/airflow/example_dags/example_short_circuit_operator.py
[2023-07-23T19:46:22.666+0000] {processor.py:836} INFO - DAG(s) dict_keys(['example_short_circuit_operator']) retrieved from /home/airflow/.local/lib/python3.9/site-packages/airflow/example_dags/example_short_circuit_operator.py
[2023-07-23T19:46:22.718+0000] {logging_mixin.py:150} INFO - [2023-07-23T19:46:22.718+0000] {dag.py:2742} INFO - Sync 1 DAGs
[2023-07-23T19:46:22.758+0000] {logging_mixin.py:150} INFO - [2023-07-23T19:46:22.758+0000] {dag.py:3504} INFO - Setting next_dagrun for example_short_circuit_operator to 2023-07-22T19:46:22.758115+00:00, run_after=2023-07-23T19:46:22.758115+00:00
[2023-07-23T19:46:22.839+0000] {processor.py:179} INFO - Processing /home/airflow/.local/lib/python3.9/site-packages/airflow/example_dags/example_short_circuit_operator.py took 0.236 seconds
[2023-07-23T19:46:53.077+0000] {processor.py:157} INFO - Started process (PID=683) to work on /home/airflow/.local/lib/python3.9/site-packages/airflow/example_dags/example_short_circuit_operator.py
[2023-07-23T19:46:53.078+0000] {processor.py:826} INFO - Processing file /home/airflow/.local/lib/python3.9/site-packages/airflow/example_dags/example_short_circuit_operator.py for tasks to queue
[2023-07-23T19:46:53.079+0000] {logging_mixin.py:150} INFO - [2023-07-23T19:46:53.078+0000] {dagbag.py:541} INFO - Filling up the DagBag from /home/airflow/.local/lib/python3.9/site-packages/airflow/example_dags/example_short_circuit_operator.py
[2023-07-23T19:46:53.098+0000] {processor.py:836} INFO - DAG(s) dict_keys(['example_short_circuit_operator']) retrieved from /home/airflow/.local/lib/python3.9/site-packages/airflow/example_dags/example_short_circuit_operator.py
[2023-07-23T19:46:53.156+0000] {logging_mixin.py:150} INFO - [2023-07-23T19:46:53.155+0000] {dag.py:2742} INFO - Sync 1 DAGs
[2023-07-23T19:46:53.202+0000] {logging_mixin.py:150} INFO - [2023-07-23T19:46:53.202+0000] {dag.py:3504} INFO - Setting next_dagrun for example_short_circuit_operator to 2023-07-22T19:46:53.202092+00:00, run_after=2023-07-23T19:46:53.202092+00:00
[2023-07-23T19:46:53.244+0000] {processor.py:179} INFO - Processing /home/airflow/.local/lib/python3.9/site-packages/airflow/example_dags/example_short_circuit_operator.py took 0.181 seconds
[2023-07-23T19:47:23.353+0000] {processor.py:157} INFO - Started process (PID=745) to work on /home/airflow/.local/lib/python3.9/site-packages/airflow/example_dags/example_short_circuit_operator.py
[2023-07-23T19:47:23.354+0000] {processor.py:826} INFO - Processing file /home/airflow/.local/lib/python3.9/site-packages/airflow/example_dags/example_short_circuit_operator.py for tasks to queue
[2023-07-23T19:47:23.355+0000] {logging_mixin.py:150} INFO - [2023-07-23T19:47:23.354+0000] {dagbag.py:541} INFO - Filling up the DagBag from /home/airflow/.local/lib/python3.9/site-packages/airflow/example_dags/example_short_circuit_operator.py
[2023-07-23T19:47:23.364+0000] {processor.py:836} INFO - DAG(s) dict_keys(['example_short_circuit_operator']) retrieved from /home/airflow/.local/lib/python3.9/site-packages/airflow/example_dags/example_short_circuit_operator.py
[2023-07-23T19:47:23.393+0000] {logging_mixin.py:150} INFO - [2023-07-23T19:47:23.393+0000] {dag.py:2742} INFO - Sync 1 DAGs
[2023-07-23T19:47:23.419+0000] {logging_mixin.py:150} INFO - [2023-07-23T19:47:23.419+0000] {dag.py:3504} INFO - Setting next_dagrun for example_short_circuit_operator to 2023-07-22T19:47:23.419321+00:00, run_after=2023-07-23T19:47:23.419321+00:00
[2023-07-23T19:47:23.439+0000] {processor.py:179} INFO - Processing /home/airflow/.local/lib/python3.9/site-packages/airflow/example_dags/example_short_circuit_operator.py took 0.091 seconds
[2023-07-23T19:47:53.708+0000] {processor.py:157} INFO - Started process (PID=807) to work on /home/airflow/.local/lib/python3.9/site-packages/airflow/example_dags/example_short_circuit_operator.py
[2023-07-23T19:47:53.736+0000] {processor.py:826} INFO - Processing file /home/airflow/.local/lib/python3.9/site-packages/airflow/example_dags/example_short_circuit_operator.py for tasks to queue
[2023-07-23T19:47:53.737+0000] {logging_mixin.py:150} INFO - [2023-07-23T19:47:53.736+0000] {dagbag.py:541} INFO - Filling up the DagBag from /home/airflow/.local/lib/python3.9/site-packages/airflow/example_dags/example_short_circuit_operator.py
[2023-07-23T19:47:53.753+0000] {processor.py:836} INFO - DAG(s) dict_keys(['example_short_circuit_operator']) retrieved from /home/airflow/.local/lib/python3.9/site-packages/airflow/example_dags/example_short_circuit_operator.py
[2023-07-23T19:47:53.820+0000] {logging_mixin.py:150} INFO - [2023-07-23T19:47:53.819+0000] {dag.py:2742} INFO - Sync 1 DAGs
[2023-07-23T19:47:53.883+0000] {logging_mixin.py:150} INFO - [2023-07-23T19:47:53.883+0000] {dag.py:3504} INFO - Setting next_dagrun for example_short_circuit_operator to 2023-07-22T19:47:53.883075+00:00, run_after=2023-07-23T19:47:53.883075+00:00
[2023-07-23T19:47:53.927+0000] {processor.py:179} INFO - Processing /home/airflow/.local/lib/python3.9/site-packages/airflow/example_dags/example_short_circuit_operator.py took 0.223 seconds
[2023-07-23T19:48:24.360+0000] {processor.py:157} INFO - Started process (PID=869) to work on /home/airflow/.local/lib/python3.9/site-packages/airflow/example_dags/example_short_circuit_operator.py
[2023-07-23T19:48:24.370+0000] {processor.py:826} INFO - Processing file /home/airflow/.local/lib/python3.9/site-packages/airflow/example_dags/example_short_circuit_operator.py for tasks to queue
[2023-07-23T19:48:24.370+0000] {logging_mixin.py:150} INFO - [2023-07-23T19:48:24.370+0000] {dagbag.py:541} INFO - Filling up the DagBag from /home/airflow/.local/lib/python3.9/site-packages/airflow/example_dags/example_short_circuit_operator.py
[2023-07-23T19:48:24.392+0000] {processor.py:836} INFO - DAG(s) dict_keys(['example_short_circuit_operator']) retrieved from /home/airflow/.local/lib/python3.9/site-packages/airflow/example_dags/example_short_circuit_operator.py
[2023-07-23T19:48:24.457+0000] {logging_mixin.py:150} INFO - [2023-07-23T19:48:24.456+0000] {dag.py:2742} INFO - Sync 1 DAGs
[2023-07-23T19:48:24.523+0000] {logging_mixin.py:150} INFO - [2023-07-23T19:48:24.523+0000] {dag.py:3504} INFO - Setting next_dagrun for example_short_circuit_operator to 2023-07-22T19:48:24.521758+00:00, run_after=2023-07-23T19:48:24.521758+00:00
[2023-07-23T19:48:24.565+0000] {processor.py:179} INFO - Processing /home/airflow/.local/lib/python3.9/site-packages/airflow/example_dags/example_short_circuit_operator.py took 0.210 seconds
[2023-07-23T19:48:55.230+0000] {processor.py:157} INFO - Started process (PID=930) to work on /home/airflow/.local/lib/python3.9/site-packages/airflow/example_dags/example_short_circuit_operator.py
[2023-07-23T19:48:55.255+0000] {processor.py:826} INFO - Processing file /home/airflow/.local/lib/python3.9/site-packages/airflow/example_dags/example_short_circuit_operator.py for tasks to queue
[2023-07-23T19:48:55.256+0000] {logging_mixin.py:150} INFO - [2023-07-23T19:48:55.256+0000] {dagbag.py:541} INFO - Filling up the DagBag from /home/airflow/.local/lib/python3.9/site-packages/airflow/example_dags/example_short_circuit_operator.py
[2023-07-23T19:48:55.297+0000] {processor.py:836} INFO - DAG(s) dict_keys(['example_short_circuit_operator']) retrieved from /home/airflow/.local/lib/python3.9/site-packages/airflow/example_dags/example_short_circuit_operator.py
[2023-07-23T19:48:55.366+0000] {logging_mixin.py:150} INFO - [2023-07-23T19:48:55.366+0000] {dag.py:2742} INFO - Sync 1 DAGs
[2023-07-23T19:48:55.475+0000] {logging_mixin.py:150} INFO - [2023-07-23T19:48:55.474+0000] {dag.py:3504} INFO - Setting next_dagrun for example_short_circuit_operator to 2023-07-22T19:48:55.474343+00:00, run_after=2023-07-23T19:48:55.474343+00:00
[2023-07-23T19:48:55.539+0000] {processor.py:179} INFO - Processing /home/airflow/.local/lib/python3.9/site-packages/airflow/example_dags/example_short_circuit_operator.py took 0.313 seconds
[2023-07-23T19:49:25.774+0000] {processor.py:157} INFO - Started process (PID=985) to work on /home/airflow/.local/lib/python3.9/site-packages/airflow/example_dags/example_short_circuit_operator.py
[2023-07-23T19:49:25.785+0000] {processor.py:826} INFO - Processing file /home/airflow/.local/lib/python3.9/site-packages/airflow/example_dags/example_short_circuit_operator.py for tasks to queue
[2023-07-23T19:49:25.786+0000] {logging_mixin.py:150} INFO - [2023-07-23T19:49:25.786+0000] {dagbag.py:541} INFO - Filling up the DagBag from /home/airflow/.local/lib/python3.9/site-packages/airflow/example_dags/example_short_circuit_operator.py
[2023-07-23T19:49:25.806+0000] {processor.py:836} INFO - DAG(s) dict_keys(['example_short_circuit_operator']) retrieved from /home/airflow/.local/lib/python3.9/site-packages/airflow/example_dags/example_short_circuit_operator.py
[2023-07-23T19:49:25.906+0000] {logging_mixin.py:150} INFO - [2023-07-23T19:49:25.905+0000] {dag.py:2742} INFO - Sync 1 DAGs
[2023-07-23T19:49:25.955+0000] {logging_mixin.py:150} INFO - [2023-07-23T19:49:25.955+0000] {dag.py:3504} INFO - Setting next_dagrun for example_short_circuit_operator to 2023-07-22T19:49:25.955156+00:00, run_after=2023-07-23T19:49:25.955156+00:00
[2023-07-23T19:49:26.000+0000] {processor.py:179} INFO - Processing /home/airflow/.local/lib/python3.9/site-packages/airflow/example_dags/example_short_circuit_operator.py took 0.230 seconds
[2023-07-23T19:49:56.468+0000] {processor.py:157} INFO - Started process (PID=1047) to work on /home/airflow/.local/lib/python3.9/site-packages/airflow/example_dags/example_short_circuit_operator.py
[2023-07-23T19:49:56.485+0000] {processor.py:826} INFO - Processing file /home/airflow/.local/lib/python3.9/site-packages/airflow/example_dags/example_short_circuit_operator.py for tasks to queue
[2023-07-23T19:49:56.486+0000] {logging_mixin.py:150} INFO - [2023-07-23T19:49:56.486+0000] {dagbag.py:541} INFO - Filling up the DagBag from /home/airflow/.local/lib/python3.9/site-packages/airflow/example_dags/example_short_circuit_operator.py
[2023-07-23T19:49:56.496+0000] {processor.py:836} INFO - DAG(s) dict_keys(['example_short_circuit_operator']) retrieved from /home/airflow/.local/lib/python3.9/site-packages/airflow/example_dags/example_short_circuit_operator.py
[2023-07-23T19:49:56.546+0000] {logging_mixin.py:150} INFO - [2023-07-23T19:49:56.545+0000] {dag.py:2742} INFO - Sync 1 DAGs
[2023-07-23T19:49:56.596+0000] {logging_mixin.py:150} INFO - [2023-07-23T19:49:56.596+0000] {dag.py:3504} INFO - Setting next_dagrun for example_short_circuit_operator to 2023-07-22T19:49:56.596082+00:00, run_after=2023-07-23T19:49:56.596082+00:00
[2023-07-23T19:49:56.658+0000] {processor.py:179} INFO - Processing /home/airflow/.local/lib/python3.9/site-packages/airflow/example_dags/example_short_circuit_operator.py took 0.194 seconds
[2023-07-23T19:50:27.194+0000] {processor.py:157} INFO - Started process (PID=1108) to work on /home/airflow/.local/lib/python3.9/site-packages/airflow/example_dags/example_short_circuit_operator.py
[2023-07-23T19:50:27.256+0000] {processor.py:826} INFO - Processing file /home/airflow/.local/lib/python3.9/site-packages/airflow/example_dags/example_short_circuit_operator.py for tasks to queue
[2023-07-23T19:50:27.257+0000] {logging_mixin.py:150} INFO - [2023-07-23T19:50:27.256+0000] {dagbag.py:541} INFO - Filling up the DagBag from /home/airflow/.local/lib/python3.9/site-packages/airflow/example_dags/example_short_circuit_operator.py
[2023-07-23T19:50:27.357+0000] {processor.py:836} INFO - DAG(s) dict_keys(['example_short_circuit_operator']) retrieved from /home/airflow/.local/lib/python3.9/site-packages/airflow/example_dags/example_short_circuit_operator.py
[2023-07-23T19:50:27.570+0000] {logging_mixin.py:150} INFO - [2023-07-23T19:50:27.569+0000] {dag.py:2742} INFO - Sync 1 DAGs
[2023-07-23T19:50:27.816+0000] {logging_mixin.py:150} INFO - [2023-07-23T19:50:27.816+0000] {dag.py:3504} INFO - Setting next_dagrun for example_short_circuit_operator to 2023-07-22T19:50:27.816272+00:00, run_after=2023-07-23T19:50:27.816272+00:00
[2023-07-23T19:50:27.945+0000] {processor.py:179} INFO - Processing /home/airflow/.local/lib/python3.9/site-packages/airflow/example_dags/example_short_circuit_operator.py took 0.756 seconds
[2023-07-23T19:50:59.332+0000] {processor.py:157} INFO - Started process (PID=1163) to work on /home/airflow/.local/lib/python3.9/site-packages/airflow/example_dags/example_short_circuit_operator.py
[2023-07-23T19:50:59.356+0000] {processor.py:826} INFO - Processing file /home/airflow/.local/lib/python3.9/site-packages/airflow/example_dags/example_short_circuit_operator.py for tasks to queue
[2023-07-23T19:50:59.357+0000] {logging_mixin.py:150} INFO - [2023-07-23T19:50:59.357+0000] {dagbag.py:541} INFO - Filling up the DagBag from /home/airflow/.local/lib/python3.9/site-packages/airflow/example_dags/example_short_circuit_operator.py
[2023-07-23T19:50:59.387+0000] {processor.py:836} INFO - DAG(s) dict_keys(['example_short_circuit_operator']) retrieved from /home/airflow/.local/lib/python3.9/site-packages/airflow/example_dags/example_short_circuit_operator.py
[2023-07-23T19:50:59.486+0000] {logging_mixin.py:150} INFO - [2023-07-23T19:50:59.486+0000] {dag.py:2742} INFO - Sync 1 DAGs
[2023-07-23T19:50:59.571+0000] {logging_mixin.py:150} INFO - [2023-07-23T19:50:59.570+0000] {dag.py:3504} INFO - Setting next_dagrun for example_short_circuit_operator to 2023-07-22T19:50:59.570563+00:00, run_after=2023-07-23T19:50:59.570563+00:00
[2023-07-23T19:50:59.631+0000] {processor.py:179} INFO - Processing /home/airflow/.local/lib/python3.9/site-packages/airflow/example_dags/example_short_circuit_operator.py took 0.303 seconds
[2023-07-23T19:51:31.554+0000] {processor.py:157} INFO - Started process (PID=1224) to work on /home/airflow/.local/lib/python3.9/site-packages/airflow/example_dags/example_short_circuit_operator.py
[2023-07-23T19:51:31.575+0000] {processor.py:826} INFO - Processing file /home/airflow/.local/lib/python3.9/site-packages/airflow/example_dags/example_short_circuit_operator.py for tasks to queue
[2023-07-23T19:51:31.576+0000] {logging_mixin.py:150} INFO - [2023-07-23T19:51:31.576+0000] {dagbag.py:541} INFO - Filling up the DagBag from /home/airflow/.local/lib/python3.9/site-packages/airflow/example_dags/example_short_circuit_operator.py
[2023-07-23T19:51:31.640+0000] {processor.py:836} INFO - DAG(s) dict_keys(['example_short_circuit_operator']) retrieved from /home/airflow/.local/lib/python3.9/site-packages/airflow/example_dags/example_short_circuit_operator.py
[2023-07-23T19:51:31.716+0000] {logging_mixin.py:150} INFO - [2023-07-23T19:51:31.715+0000] {dag.py:2742} INFO - Sync 1 DAGs
[2023-07-23T19:51:31.837+0000] {logging_mixin.py:150} INFO - [2023-07-23T19:51:31.837+0000] {dag.py:3504} INFO - Setting next_dagrun for example_short_circuit_operator to 2023-07-22T19:51:31.814157+00:00, run_after=2023-07-23T19:51:31.814157+00:00
[2023-07-23T19:51:31.987+0000] {processor.py:179} INFO - Processing /home/airflow/.local/lib/python3.9/site-packages/airflow/example_dags/example_short_circuit_operator.py took 0.437 seconds
[2023-07-23T19:52:03.043+0000] {processor.py:157} INFO - Started process (PID=1287) to work on /home/airflow/.local/lib/python3.9/site-packages/airflow/example_dags/example_short_circuit_operator.py
[2023-07-23T19:52:03.074+0000] {processor.py:826} INFO - Processing file /home/airflow/.local/lib/python3.9/site-packages/airflow/example_dags/example_short_circuit_operator.py for tasks to queue
[2023-07-23T19:52:03.075+0000] {logging_mixin.py:150} INFO - [2023-07-23T19:52:03.074+0000] {dagbag.py:541} INFO - Filling up the DagBag from /home/airflow/.local/lib/python3.9/site-packages/airflow/example_dags/example_short_circuit_operator.py
[2023-07-23T19:52:03.084+0000] {processor.py:836} INFO - DAG(s) dict_keys(['example_short_circuit_operator']) retrieved from /home/airflow/.local/lib/python3.9/site-packages/airflow/example_dags/example_short_circuit_operator.py
[2023-07-23T19:52:03.207+0000] {logging_mixin.py:150} INFO - [2023-07-23T19:52:03.207+0000] {dag.py:2742} INFO - Sync 1 DAGs
[2023-07-23T19:52:03.326+0000] {logging_mixin.py:150} INFO - [2023-07-23T19:52:03.326+0000] {dag.py:3504} INFO - Setting next_dagrun for example_short_circuit_operator to 2023-07-22T19:52:03.326125+00:00, run_after=2023-07-23T19:52:03.326125+00:00
[2023-07-23T19:52:03.418+0000] {processor.py:179} INFO - Processing /home/airflow/.local/lib/python3.9/site-packages/airflow/example_dags/example_short_circuit_operator.py took 0.379 seconds
[2023-07-23T19:52:33.983+0000] {processor.py:157} INFO - Started process (PID=1339) to work on /home/airflow/.local/lib/python3.9/site-packages/airflow/example_dags/example_short_circuit_operator.py
[2023-07-23T19:52:34.008+0000] {processor.py:826} INFO - Processing file /home/airflow/.local/lib/python3.9/site-packages/airflow/example_dags/example_short_circuit_operator.py for tasks to queue
[2023-07-23T19:52:34.009+0000] {logging_mixin.py:150} INFO - [2023-07-23T19:52:34.009+0000] {dagbag.py:541} INFO - Filling up the DagBag from /home/airflow/.local/lib/python3.9/site-packages/airflow/example_dags/example_short_circuit_operator.py
[2023-07-23T19:52:34.042+0000] {processor.py:836} INFO - DAG(s) dict_keys(['example_short_circuit_operator']) retrieved from /home/airflow/.local/lib/python3.9/site-packages/airflow/example_dags/example_short_circuit_operator.py
[2023-07-23T19:52:34.101+0000] {logging_mixin.py:150} INFO - [2023-07-23T19:52:34.100+0000] {dag.py:2742} INFO - Sync 1 DAGs
[2023-07-23T19:52:34.196+0000] {logging_mixin.py:150} INFO - [2023-07-23T19:52:34.196+0000] {dag.py:3504} INFO - Setting next_dagrun for example_short_circuit_operator to 2023-07-22T19:52:34.196218+00:00, run_after=2023-07-23T19:52:34.196218+00:00
[2023-07-23T19:52:34.249+0000] {processor.py:179} INFO - Processing /home/airflow/.local/lib/python3.9/site-packages/airflow/example_dags/example_short_circuit_operator.py took 0.269 seconds
[2023-07-23T19:53:10.800+0000] {processor.py:157} INFO - Started process (PID=1399) to work on /home/airflow/.local/lib/python3.9/site-packages/airflow/example_dags/example_short_circuit_operator.py
[2023-07-23T19:53:10.835+0000] {processor.py:826} INFO - Processing file /home/airflow/.local/lib/python3.9/site-packages/airflow/example_dags/example_short_circuit_operator.py for tasks to queue
[2023-07-23T19:53:10.836+0000] {logging_mixin.py:150} INFO - [2023-07-23T19:53:10.836+0000] {dagbag.py:541} INFO - Filling up the DagBag from /home/airflow/.local/lib/python3.9/site-packages/airflow/example_dags/example_short_circuit_operator.py
[2023-07-23T19:53:10.911+0000] {processor.py:836} INFO - DAG(s) dict_keys(['example_short_circuit_operator']) retrieved from /home/airflow/.local/lib/python3.9/site-packages/airflow/example_dags/example_short_circuit_operator.py
[2023-07-23T19:53:11.137+0000] {logging_mixin.py:150} INFO - [2023-07-23T19:53:11.137+0000] {dag.py:2742} INFO - Sync 1 DAGs
[2023-07-23T19:53:11.397+0000] {logging_mixin.py:150} INFO - [2023-07-23T19:53:11.396+0000] {dag.py:3504} INFO - Setting next_dagrun for example_short_circuit_operator to 2023-07-22T19:53:11.396368+00:00, run_after=2023-07-23T19:53:11.396368+00:00
[2023-07-23T19:53:11.461+0000] {processor.py:179} INFO - Processing /home/airflow/.local/lib/python3.9/site-packages/airflow/example_dags/example_short_circuit_operator.py took 0.690 seconds
[2023-07-23T19:53:42.333+0000] {processor.py:157} INFO - Started process (PID=1461) to work on /home/airflow/.local/lib/python3.9/site-packages/airflow/example_dags/example_short_circuit_operator.py
[2023-07-23T19:53:42.373+0000] {processor.py:826} INFO - Processing file /home/airflow/.local/lib/python3.9/site-packages/airflow/example_dags/example_short_circuit_operator.py for tasks to queue
[2023-07-23T19:53:42.374+0000] {logging_mixin.py:150} INFO - [2023-07-23T19:53:42.374+0000] {dagbag.py:541} INFO - Filling up the DagBag from /home/airflow/.local/lib/python3.9/site-packages/airflow/example_dags/example_short_circuit_operator.py
[2023-07-23T19:53:42.422+0000] {processor.py:836} INFO - DAG(s) dict_keys(['example_short_circuit_operator']) retrieved from /home/airflow/.local/lib/python3.9/site-packages/airflow/example_dags/example_short_circuit_operator.py
[2023-07-23T19:53:42.548+0000] {logging_mixin.py:150} INFO - [2023-07-23T19:53:42.548+0000] {dag.py:2742} INFO - Sync 1 DAGs
[2023-07-23T19:53:42.642+0000] {logging_mixin.py:150} INFO - [2023-07-23T19:53:42.641+0000] {dag.py:3504} INFO - Setting next_dagrun for example_short_circuit_operator to 2023-07-22T19:53:42.641432+00:00, run_after=2023-07-23T19:53:42.641432+00:00
[2023-07-23T19:53:42.735+0000] {processor.py:179} INFO - Processing /home/airflow/.local/lib/python3.9/site-packages/airflow/example_dags/example_short_circuit_operator.py took 0.406 seconds
[2023-07-23T19:54:13.252+0000] {processor.py:157} INFO - Started process (PID=1523) to work on /home/airflow/.local/lib/python3.9/site-packages/airflow/example_dags/example_short_circuit_operator.py
[2023-07-23T19:54:13.289+0000] {processor.py:826} INFO - Processing file /home/airflow/.local/lib/python3.9/site-packages/airflow/example_dags/example_short_circuit_operator.py for tasks to queue
[2023-07-23T19:54:13.290+0000] {logging_mixin.py:150} INFO - [2023-07-23T19:54:13.289+0000] {dagbag.py:541} INFO - Filling up the DagBag from /home/airflow/.local/lib/python3.9/site-packages/airflow/example_dags/example_short_circuit_operator.py
[2023-07-23T19:54:13.317+0000] {processor.py:836} INFO - DAG(s) dict_keys(['example_short_circuit_operator']) retrieved from /home/airflow/.local/lib/python3.9/site-packages/airflow/example_dags/example_short_circuit_operator.py
[2023-07-23T19:54:13.424+0000] {logging_mixin.py:150} INFO - [2023-07-23T19:54:13.424+0000] {dag.py:2742} INFO - Sync 1 DAGs
[2023-07-23T19:54:13.587+0000] {logging_mixin.py:150} INFO - [2023-07-23T19:54:13.586+0000] {dag.py:3504} INFO - Setting next_dagrun for example_short_circuit_operator to 2023-07-22T19:54:13.586324+00:00, run_after=2023-07-23T19:54:13.586324+00:00
[2023-07-23T19:54:13.671+0000] {processor.py:179} INFO - Processing /home/airflow/.local/lib/python3.9/site-packages/airflow/example_dags/example_short_circuit_operator.py took 0.422 seconds
[2023-07-23T19:54:43.776+0000] {processor.py:157} INFO - Started process (PID=1583) to work on /home/airflow/.local/lib/python3.9/site-packages/airflow/example_dags/example_short_circuit_operator.py
[2023-07-23T19:54:43.777+0000] {processor.py:826} INFO - Processing file /home/airflow/.local/lib/python3.9/site-packages/airflow/example_dags/example_short_circuit_operator.py for tasks to queue
[2023-07-23T19:54:43.778+0000] {logging_mixin.py:150} INFO - [2023-07-23T19:54:43.778+0000] {dagbag.py:541} INFO - Filling up the DagBag from /home/airflow/.local/lib/python3.9/site-packages/airflow/example_dags/example_short_circuit_operator.py
[2023-07-23T19:54:43.798+0000] {processor.py:836} INFO - DAG(s) dict_keys(['example_short_circuit_operator']) retrieved from /home/airflow/.local/lib/python3.9/site-packages/airflow/example_dags/example_short_circuit_operator.py
[2023-07-23T19:54:43.859+0000] {logging_mixin.py:150} INFO - [2023-07-23T19:54:43.859+0000] {dag.py:2742} INFO - Sync 1 DAGs
[2023-07-23T19:54:43.916+0000] {logging_mixin.py:150} INFO - [2023-07-23T19:54:43.916+0000] {dag.py:3504} INFO - Setting next_dagrun for example_short_circuit_operator to 2023-07-22T19:54:43.916015+00:00, run_after=2023-07-23T19:54:43.916015+00:00
[2023-07-23T19:54:43.959+0000] {processor.py:179} INFO - Processing /home/airflow/.local/lib/python3.9/site-packages/airflow/example_dags/example_short_circuit_operator.py took 0.196 seconds
[2023-07-23T19:55:16.104+0000] {processor.py:157} INFO - Started process (PID=1647) to work on /home/airflow/.local/lib/python3.9/site-packages/airflow/example_dags/example_short_circuit_operator.py
[2023-07-23T19:55:16.155+0000] {processor.py:826} INFO - Processing file /home/airflow/.local/lib/python3.9/site-packages/airflow/example_dags/example_short_circuit_operator.py for tasks to queue
[2023-07-23T19:55:16.157+0000] {logging_mixin.py:150} INFO - [2023-07-23T19:55:16.156+0000] {dagbag.py:541} INFO - Filling up the DagBag from /home/airflow/.local/lib/python3.9/site-packages/airflow/example_dags/example_short_circuit_operator.py
[2023-07-23T19:55:16.201+0000] {processor.py:836} INFO - DAG(s) dict_keys(['example_short_circuit_operator']) retrieved from /home/airflow/.local/lib/python3.9/site-packages/airflow/example_dags/example_short_circuit_operator.py
[2023-07-23T19:55:16.418+0000] {logging_mixin.py:150} INFO - [2023-07-23T19:55:16.417+0000] {dag.py:2742} INFO - Sync 1 DAGs
[2023-07-23T19:55:16.616+0000] {logging_mixin.py:150} INFO - [2023-07-23T19:55:16.616+0000] {dag.py:3504} INFO - Setting next_dagrun for example_short_circuit_operator to 2023-07-22T19:55:16.616092+00:00, run_after=2023-07-23T19:55:16.616092+00:00
[2023-07-23T19:55:16.745+0000] {processor.py:179} INFO - Processing /home/airflow/.local/lib/python3.9/site-packages/airflow/example_dags/example_short_circuit_operator.py took 0.646 seconds
[2023-07-23T19:55:48.370+0000] {processor.py:157} INFO - Started process (PID=1711) to work on /home/airflow/.local/lib/python3.9/site-packages/airflow/example_dags/example_short_circuit_operator.py
[2023-07-23T19:55:48.385+0000] {processor.py:826} INFO - Processing file /home/airflow/.local/lib/python3.9/site-packages/airflow/example_dags/example_short_circuit_operator.py for tasks to queue
[2023-07-23T19:55:48.387+0000] {logging_mixin.py:150} INFO - [2023-07-23T19:55:48.386+0000] {dagbag.py:541} INFO - Filling up the DagBag from /home/airflow/.local/lib/python3.9/site-packages/airflow/example_dags/example_short_circuit_operator.py
[2023-07-23T19:55:48.416+0000] {processor.py:836} INFO - DAG(s) dict_keys(['example_short_circuit_operator']) retrieved from /home/airflow/.local/lib/python3.9/site-packages/airflow/example_dags/example_short_circuit_operator.py
[2023-07-23T19:55:48.589+0000] {logging_mixin.py:150} INFO - [2023-07-23T19:55:48.589+0000] {dag.py:2742} INFO - Sync 1 DAGs
[2023-07-23T19:55:48.666+0000] {logging_mixin.py:150} INFO - [2023-07-23T19:55:48.666+0000] {dag.py:3504} INFO - Setting next_dagrun for example_short_circuit_operator to 2023-07-22T19:55:48.666117+00:00, run_after=2023-07-23T19:55:48.666117+00:00
[2023-07-23T19:55:48.790+0000] {processor.py:179} INFO - Processing /home/airflow/.local/lib/python3.9/site-packages/airflow/example_dags/example_short_circuit_operator.py took 0.438 seconds
[2023-07-23T19:56:20.661+0000] {processor.py:157} INFO - Started process (PID=1771) to work on /home/airflow/.local/lib/python3.9/site-packages/airflow/example_dags/example_short_circuit_operator.py
[2023-07-23T19:56:20.676+0000] {processor.py:826} INFO - Processing file /home/airflow/.local/lib/python3.9/site-packages/airflow/example_dags/example_short_circuit_operator.py for tasks to queue
[2023-07-23T19:56:20.677+0000] {logging_mixin.py:150} INFO - [2023-07-23T19:56:20.676+0000] {dagbag.py:541} INFO - Filling up the DagBag from /home/airflow/.local/lib/python3.9/site-packages/airflow/example_dags/example_short_circuit_operator.py
[2023-07-23T19:56:20.699+0000] {processor.py:836} INFO - DAG(s) dict_keys(['example_short_circuit_operator']) retrieved from /home/airflow/.local/lib/python3.9/site-packages/airflow/example_dags/example_short_circuit_operator.py
[2023-07-23T19:56:20.809+0000] {logging_mixin.py:150} INFO - [2023-07-23T19:56:20.809+0000] {dag.py:2742} INFO - Sync 1 DAGs
[2023-07-23T19:56:20.896+0000] {logging_mixin.py:150} INFO - [2023-07-23T19:56:20.896+0000] {dag.py:3504} INFO - Setting next_dagrun for example_short_circuit_operator to 2023-07-22T19:56:20.896150+00:00, run_after=2023-07-23T19:56:20.896150+00:00
[2023-07-23T19:56:20.942+0000] {processor.py:179} INFO - Processing /home/airflow/.local/lib/python3.9/site-packages/airflow/example_dags/example_short_circuit_operator.py took 0.285 seconds
[2023-07-23T19:56:51.704+0000] {processor.py:157} INFO - Started process (PID=1832) to work on /home/airflow/.local/lib/python3.9/site-packages/airflow/example_dags/example_short_circuit_operator.py
[2023-07-23T19:56:51.715+0000] {processor.py:826} INFO - Processing file /home/airflow/.local/lib/python3.9/site-packages/airflow/example_dags/example_short_circuit_operator.py for tasks to queue
[2023-07-23T19:56:51.716+0000] {logging_mixin.py:150} INFO - [2023-07-23T19:56:51.716+0000] {dagbag.py:541} INFO - Filling up the DagBag from /home/airflow/.local/lib/python3.9/site-packages/airflow/example_dags/example_short_circuit_operator.py
[2023-07-23T19:56:51.747+0000] {processor.py:836} INFO - DAG(s) dict_keys(['example_short_circuit_operator']) retrieved from /home/airflow/.local/lib/python3.9/site-packages/airflow/example_dags/example_short_circuit_operator.py
[2023-07-23T19:56:51.836+0000] {logging_mixin.py:150} INFO - [2023-07-23T19:56:51.835+0000] {dag.py:2742} INFO - Sync 1 DAGs
[2023-07-23T19:56:51.906+0000] {logging_mixin.py:150} INFO - [2023-07-23T19:56:51.906+0000] {dag.py:3504} INFO - Setting next_dagrun for example_short_circuit_operator to 2023-07-22T19:56:51.906012+00:00, run_after=2023-07-23T19:56:51.906012+00:00
[2023-07-23T19:56:51.955+0000] {processor.py:179} INFO - Processing /home/airflow/.local/lib/python3.9/site-packages/airflow/example_dags/example_short_circuit_operator.py took 0.256 seconds
[2023-07-23T19:58:29.725+0000] {processor.py:157} INFO - Started process (PID=1931) to work on /home/airflow/.local/lib/python3.9/site-packages/airflow/example_dags/example_short_circuit_operator.py
[2023-07-23T19:58:29.844+0000] {processor.py:826} INFO - Processing file /home/airflow/.local/lib/python3.9/site-packages/airflow/example_dags/example_short_circuit_operator.py for tasks to queue
[2023-07-23T19:58:29.846+0000] {logging_mixin.py:150} INFO - [2023-07-23T19:58:29.845+0000] {dagbag.py:541} INFO - Filling up the DagBag from /home/airflow/.local/lib/python3.9/site-packages/airflow/example_dags/example_short_circuit_operator.py
[2023-07-23T19:58:30.140+0000] {processor.py:836} INFO - DAG(s) dict_keys(['example_short_circuit_operator']) retrieved from /home/airflow/.local/lib/python3.9/site-packages/airflow/example_dags/example_short_circuit_operator.py
[2023-07-23T19:58:31.247+0000] {logging_mixin.py:150} INFO - [2023-07-23T19:58:31.246+0000] {dag.py:2742} INFO - Sync 1 DAGs
[2023-07-23T19:58:31.628+0000] {logging_mixin.py:150} INFO - [2023-07-23T19:58:31.628+0000] {dag.py:3504} INFO - Setting next_dagrun for example_short_circuit_operator to 2023-07-22T19:58:31.628126+00:00, run_after=2023-07-23T19:58:31.628126+00:00
[2023-07-23T19:58:32.771+0000] {processor.py:179} INFO - Processing /home/airflow/.local/lib/python3.9/site-packages/airflow/example_dags/example_short_circuit_operator.py took 3.130 seconds
[2023-07-23T20:01:18.803+0000] {processor.py:157} INFO - Started process (PID=93) to work on /home/airflow/.local/lib/python3.9/site-packages/airflow/example_dags/example_short_circuit_operator.py
[2023-07-23T20:01:18.829+0000] {processor.py:826} INFO - Processing file /home/airflow/.local/lib/python3.9/site-packages/airflow/example_dags/example_short_circuit_operator.py for tasks to queue
[2023-07-23T20:01:18.831+0000] {logging_mixin.py:150} INFO - [2023-07-23T20:01:18.830+0000] {dagbag.py:541} INFO - Filling up the DagBag from /home/airflow/.local/lib/python3.9/site-packages/airflow/example_dags/example_short_circuit_operator.py
[2023-07-23T20:01:18.903+0000] {processor.py:836} INFO - DAG(s) dict_keys(['example_short_circuit_operator']) retrieved from /home/airflow/.local/lib/python3.9/site-packages/airflow/example_dags/example_short_circuit_operator.py
[2023-07-23T20:01:22.857+0000] {logging_mixin.py:150} INFO - [2023-07-23T20:01:22.857+0000] {dag.py:2742} INFO - Sync 1 DAGs
[2023-07-23T20:01:26.394+0000] {logging_mixin.py:150} INFO - [2023-07-23T20:01:26.393+0000] {process_utils.py:258} INFO - Waiting up to 5 seconds for processes to exit...
[2023-07-23T20:05:55.220+0000] {processor.py:157} INFO - Started process (PID=132) to work on /home/airflow/.local/lib/python3.9/site-packages/airflow/example_dags/example_short_circuit_operator.py
[2023-07-23T20:05:55.222+0000] {processor.py:826} INFO - Processing file /home/airflow/.local/lib/python3.9/site-packages/airflow/example_dags/example_short_circuit_operator.py for tasks to queue
[2023-07-23T20:05:55.223+0000] {logging_mixin.py:150} INFO - [2023-07-23T20:05:55.222+0000] {dagbag.py:541} INFO - Filling up the DagBag from /home/airflow/.local/lib/python3.9/site-packages/airflow/example_dags/example_short_circuit_operator.py
[2023-07-23T20:05:55.694+0000] {processor.py:836} INFO - DAG(s) dict_keys(['example_short_circuit_operator']) retrieved from /home/airflow/.local/lib/python3.9/site-packages/airflow/example_dags/example_short_circuit_operator.py
[2023-07-23T20:05:55.806+0000] {logging_mixin.py:150} INFO - [2023-07-23T20:05:55.806+0000] {dag.py:2742} INFO - Sync 1 DAGs
[2023-07-23T20:05:55.859+0000] {logging_mixin.py:150} INFO - [2023-07-23T20:05:55.858+0000] {dag.py:3504} INFO - Setting next_dagrun for example_short_circuit_operator to 2023-07-22T20:05:55.858447+00:00, run_after=2023-07-23T20:05:55.858447+00:00
[2023-07-23T20:05:55.935+0000] {processor.py:179} INFO - Processing /home/airflow/.local/lib/python3.9/site-packages/airflow/example_dags/example_short_circuit_operator.py took 0.719 seconds
[2023-07-23T20:06:38.288+0000] {processor.py:157} INFO - Started process (PID=194) to work on /home/airflow/.local/lib/python3.9/site-packages/airflow/example_dags/example_short_circuit_operator.py
[2023-07-23T20:06:38.371+0000] {processor.py:826} INFO - Processing file /home/airflow/.local/lib/python3.9/site-packages/airflow/example_dags/example_short_circuit_operator.py for tasks to queue
[2023-07-23T20:06:38.372+0000] {logging_mixin.py:150} INFO - [2023-07-23T20:06:38.371+0000] {dagbag.py:541} INFO - Filling up the DagBag from /home/airflow/.local/lib/python3.9/site-packages/airflow/example_dags/example_short_circuit_operator.py
[2023-07-23T20:06:38.521+0000] {processor.py:836} INFO - DAG(s) dict_keys(['example_short_circuit_operator']) retrieved from /home/airflow/.local/lib/python3.9/site-packages/airflow/example_dags/example_short_circuit_operator.py
[2023-07-23T20:06:39.265+0000] {logging_mixin.py:150} INFO - [2023-07-23T20:06:39.157+0000] {dag.py:2742} INFO - Sync 1 DAGs
[2023-07-23T20:06:40.060+0000] {logging_mixin.py:150} INFO - [2023-07-23T20:06:40.059+0000] {dag.py:3504} INFO - Setting next_dagrun for example_short_circuit_operator to 2023-07-22T20:06:40.059404+00:00, run_after=2023-07-23T20:06:40.059404+00:00
[2023-07-23T20:06:40.537+0000] {processor.py:179} INFO - Processing /home/airflow/.local/lib/python3.9/site-packages/airflow/example_dags/example_short_circuit_operator.py took 2.290 seconds
[2023-07-23T20:08:57.741+0000] {processor.py:157} INFO - Started process (PID=302) to work on /home/airflow/.local/lib/python3.9/site-packages/airflow/example_dags/example_short_circuit_operator.py
[2023-07-23T20:08:57.757+0000] {processor.py:826} INFO - Processing file /home/airflow/.local/lib/python3.9/site-packages/airflow/example_dags/example_short_circuit_operator.py for tasks to queue
[2023-07-23T20:08:57.758+0000] {logging_mixin.py:150} INFO - [2023-07-23T20:08:57.758+0000] {dagbag.py:541} INFO - Filling up the DagBag from /home/airflow/.local/lib/python3.9/site-packages/airflow/example_dags/example_short_circuit_operator.py
[2023-07-23T20:08:58.089+0000] {processor.py:836} INFO - DAG(s) dict_keys(['example_short_circuit_operator']) retrieved from /home/airflow/.local/lib/python3.9/site-packages/airflow/example_dags/example_short_circuit_operator.py
[2023-07-23T20:08:59.235+0000] {logging_mixin.py:150} INFO - [2023-07-23T20:08:59.234+0000] {dag.py:2742} INFO - Sync 1 DAGs
[2023-07-23T20:09:00.575+0000] {logging_mixin.py:150} INFO - [2023-07-23T20:09:00.575+0000] {dag.py:3504} INFO - Setting next_dagrun for example_short_circuit_operator to 2023-07-22T20:09:00.575202+00:00, run_after=2023-07-23T20:09:00.575202+00:00
[2023-07-23T20:09:01.357+0000] {processor.py:179} INFO - Processing /home/airflow/.local/lib/python3.9/site-packages/airflow/example_dags/example_short_circuit_operator.py took 3.763 seconds
[2023-07-23T20:10:10.947+0000] {processor.py:157} INFO - Started process (PID=379) to work on /home/airflow/.local/lib/python3.9/site-packages/airflow/example_dags/example_short_circuit_operator.py
[2023-07-23T20:10:10.958+0000] {processor.py:826} INFO - Processing file /home/airflow/.local/lib/python3.9/site-packages/airflow/example_dags/example_short_circuit_operator.py for tasks to queue
[2023-07-23T20:10:10.959+0000] {logging_mixin.py:150} INFO - [2023-07-23T20:10:10.959+0000] {dagbag.py:541} INFO - Filling up the DagBag from /home/airflow/.local/lib/python3.9/site-packages/airflow/example_dags/example_short_circuit_operator.py
[2023-07-23T20:10:11.030+0000] {processor.py:836} INFO - DAG(s) dict_keys(['example_short_circuit_operator']) retrieved from /home/airflow/.local/lib/python3.9/site-packages/airflow/example_dags/example_short_circuit_operator.py
[2023-07-23T20:10:11.156+0000] {logging_mixin.py:150} INFO - [2023-07-23T20:10:11.156+0000] {dag.py:2742} INFO - Sync 1 DAGs
[2023-07-23T20:10:11.264+0000] {logging_mixin.py:150} INFO - [2023-07-23T20:10:11.264+0000] {dag.py:3504} INFO - Setting next_dagrun for example_short_circuit_operator to 2023-07-22T20:10:11.263721+00:00, run_after=2023-07-23T20:10:11.263721+00:00
[2023-07-23T20:10:11.437+0000] {processor.py:179} INFO - Processing /home/airflow/.local/lib/python3.9/site-packages/airflow/example_dags/example_short_circuit_operator.py took 0.525 seconds
[2023-07-23T20:10:41.914+0000] {processor.py:157} INFO - Started process (PID=441) to work on /home/airflow/.local/lib/python3.9/site-packages/airflow/example_dags/example_short_circuit_operator.py
[2023-07-23T20:10:41.943+0000] {processor.py:826} INFO - Processing file /home/airflow/.local/lib/python3.9/site-packages/airflow/example_dags/example_short_circuit_operator.py for tasks to queue
[2023-07-23T20:10:41.944+0000] {logging_mixin.py:150} INFO - [2023-07-23T20:10:41.944+0000] {dagbag.py:541} INFO - Filling up the DagBag from /home/airflow/.local/lib/python3.9/site-packages/airflow/example_dags/example_short_circuit_operator.py
[2023-07-23T20:10:41.954+0000] {processor.py:836} INFO - DAG(s) dict_keys(['example_short_circuit_operator']) retrieved from /home/airflow/.local/lib/python3.9/site-packages/airflow/example_dags/example_short_circuit_operator.py
[2023-07-23T20:10:42.096+0000] {logging_mixin.py:150} INFO - [2023-07-23T20:10:42.096+0000] {dag.py:2742} INFO - Sync 1 DAGs
[2023-07-23T20:10:42.218+0000] {logging_mixin.py:150} INFO - [2023-07-23T20:10:42.217+0000] {dag.py:3504} INFO - Setting next_dagrun for example_short_circuit_operator to 2023-07-22T20:10:42.216106+00:00, run_after=2023-07-23T20:10:42.216106+00:00
[2023-07-23T20:10:42.358+0000] {processor.py:179} INFO - Processing /home/airflow/.local/lib/python3.9/site-packages/airflow/example_dags/example_short_circuit_operator.py took 0.449 seconds
[2023-07-23T20:11:12.756+0000] {processor.py:157} INFO - Started process (PID=496) to work on /home/airflow/.local/lib/python3.9/site-packages/airflow/example_dags/example_short_circuit_operator.py
[2023-07-23T20:11:12.757+0000] {processor.py:826} INFO - Processing file /home/airflow/.local/lib/python3.9/site-packages/airflow/example_dags/example_short_circuit_operator.py for tasks to queue
[2023-07-23T20:11:12.758+0000] {logging_mixin.py:150} INFO - [2023-07-23T20:11:12.758+0000] {dagbag.py:541} INFO - Filling up the DagBag from /home/airflow/.local/lib/python3.9/site-packages/airflow/example_dags/example_short_circuit_operator.py
[2023-07-23T20:11:12.778+0000] {processor.py:836} INFO - DAG(s) dict_keys(['example_short_circuit_operator']) retrieved from /home/airflow/.local/lib/python3.9/site-packages/airflow/example_dags/example_short_circuit_operator.py
[2023-07-23T20:11:12.856+0000] {logging_mixin.py:150} INFO - [2023-07-23T20:11:12.855+0000] {dag.py:2742} INFO - Sync 1 DAGs
[2023-07-23T20:11:12.906+0000] {logging_mixin.py:150} INFO - [2023-07-23T20:11:12.906+0000] {dag.py:3504} INFO - Setting next_dagrun for example_short_circuit_operator to 2023-07-22T20:11:12.906128+00:00, run_after=2023-07-23T20:11:12.906128+00:00
[2023-07-23T20:11:12.958+0000] {processor.py:179} INFO - Processing /home/airflow/.local/lib/python3.9/site-packages/airflow/example_dags/example_short_circuit_operator.py took 0.227 seconds
[2023-07-23T20:12:04.235+0000] {processor.py:157} INFO - Started process (PID=569) to work on /home/airflow/.local/lib/python3.9/site-packages/airflow/example_dags/example_short_circuit_operator.py
[2023-07-23T20:12:04.247+0000] {processor.py:826} INFO - Processing file /home/airflow/.local/lib/python3.9/site-packages/airflow/example_dags/example_short_circuit_operator.py for tasks to queue
[2023-07-23T20:12:04.248+0000] {logging_mixin.py:150} INFO - [2023-07-23T20:12:04.248+0000] {dagbag.py:541} INFO - Filling up the DagBag from /home/airflow/.local/lib/python3.9/site-packages/airflow/example_dags/example_short_circuit_operator.py
[2023-07-23T20:12:04.346+0000] {processor.py:836} INFO - DAG(s) dict_keys(['example_short_circuit_operator']) retrieved from /home/airflow/.local/lib/python3.9/site-packages/airflow/example_dags/example_short_circuit_operator.py
[2023-07-23T20:12:04.512+0000] {logging_mixin.py:150} INFO - [2023-07-23T20:12:04.512+0000] {dag.py:2742} INFO - Sync 1 DAGs
[2023-07-23T20:12:04.880+0000] {logging_mixin.py:150} INFO - [2023-07-23T20:12:04.842+0000] {dag.py:3504} INFO - Setting next_dagrun for example_short_circuit_operator to 2023-07-22T20:12:04.842122+00:00, run_after=2023-07-23T20:12:04.842122+00:00
[2023-07-23T20:12:05.185+0000] {processor.py:179} INFO - Processing /home/airflow/.local/lib/python3.9/site-packages/airflow/example_dags/example_short_circuit_operator.py took 1.011 seconds
[2023-07-23T20:13:37.281+0000] {processor.py:157} INFO - Started process (PID=652) to work on /home/airflow/.local/lib/python3.9/site-packages/airflow/example_dags/example_short_circuit_operator.py
[2023-07-23T20:13:37.388+0000] {processor.py:826} INFO - Processing file /home/airflow/.local/lib/python3.9/site-packages/airflow/example_dags/example_short_circuit_operator.py for tasks to queue
[2023-07-23T20:13:37.389+0000] {logging_mixin.py:150} INFO - [2023-07-23T20:13:37.389+0000] {dagbag.py:541} INFO - Filling up the DagBag from /home/airflow/.local/lib/python3.9/site-packages/airflow/example_dags/example_short_circuit_operator.py
[2023-07-23T20:13:37.773+0000] {processor.py:836} INFO - DAG(s) dict_keys(['example_short_circuit_operator']) retrieved from /home/airflow/.local/lib/python3.9/site-packages/airflow/example_dags/example_short_circuit_operator.py
[2023-07-23T20:13:38.422+0000] {logging_mixin.py:150} INFO - [2023-07-23T20:13:38.422+0000] {dag.py:2742} INFO - Sync 1 DAGs
[2023-07-23T20:13:39.189+0000] {logging_mixin.py:150} INFO - [2023-07-23T20:13:39.189+0000] {dag.py:3504} INFO - Setting next_dagrun for example_short_circuit_operator to 2023-07-22T20:13:39.188663+00:00, run_after=2023-07-23T20:13:39.188663+00:00
[2023-07-23T20:13:39.996+0000] {processor.py:179} INFO - Processing /home/airflow/.local/lib/python3.9/site-packages/airflow/example_dags/example_short_circuit_operator.py took 2.803 seconds
[2023-07-23T20:15:19.004+0000] {processor.py:157} INFO - Started process (PID=750) to work on /home/airflow/.local/lib/python3.9/site-packages/airflow/example_dags/example_short_circuit_operator.py
[2023-07-23T20:15:19.081+0000] {processor.py:826} INFO - Processing file /home/airflow/.local/lib/python3.9/site-packages/airflow/example_dags/example_short_circuit_operator.py for tasks to queue
[2023-07-23T20:15:19.086+0000] {logging_mixin.py:150} INFO - [2023-07-23T20:15:19.086+0000] {dagbag.py:541} INFO - Filling up the DagBag from /home/airflow/.local/lib/python3.9/site-packages/airflow/example_dags/example_short_circuit_operator.py
[2023-07-23T20:15:19.149+0000] {processor.py:836} INFO - DAG(s) dict_keys(['example_short_circuit_operator']) retrieved from /home/airflow/.local/lib/python3.9/site-packages/airflow/example_dags/example_short_circuit_operator.py
[2023-07-23T20:15:19.336+0000] {logging_mixin.py:150} INFO - [2023-07-23T20:15:19.336+0000] {dag.py:2742} INFO - Sync 1 DAGs
[2023-07-23T20:15:19.448+0000] {logging_mixin.py:150} INFO - [2023-07-23T20:15:19.448+0000] {dag.py:3504} INFO - Setting next_dagrun for example_short_circuit_operator to 2023-07-22T20:15:19.448225+00:00, run_after=2023-07-23T20:15:19.448225+00:00
[2023-07-23T20:15:19.558+0000] {processor.py:179} INFO - Processing /home/airflow/.local/lib/python3.9/site-packages/airflow/example_dags/example_short_circuit_operator.py took 0.559 seconds
[2023-07-23T20:15:51.852+0000] {processor.py:157} INFO - Started process (PID=811) to work on /home/airflow/.local/lib/python3.9/site-packages/airflow/example_dags/example_short_circuit_operator.py
[2023-07-23T20:15:51.855+0000] {processor.py:826} INFO - Processing file /home/airflow/.local/lib/python3.9/site-packages/airflow/example_dags/example_short_circuit_operator.py for tasks to queue
[2023-07-23T20:15:51.856+0000] {logging_mixin.py:150} INFO - [2023-07-23T20:15:51.856+0000] {dagbag.py:541} INFO - Filling up the DagBag from /home/airflow/.local/lib/python3.9/site-packages/airflow/example_dags/example_short_circuit_operator.py
[2023-07-23T20:15:51.886+0000] {processor.py:836} INFO - DAG(s) dict_keys(['example_short_circuit_operator']) retrieved from /home/airflow/.local/lib/python3.9/site-packages/airflow/example_dags/example_short_circuit_operator.py
[2023-07-23T20:15:51.970+0000] {logging_mixin.py:150} INFO - [2023-07-23T20:15:51.969+0000] {dag.py:2742} INFO - Sync 1 DAGs
[2023-07-23T20:15:52.054+0000] {logging_mixin.py:150} INFO - [2023-07-23T20:15:52.054+0000] {dag.py:3504} INFO - Setting next_dagrun for example_short_circuit_operator to 2023-07-22T20:15:52.053772+00:00, run_after=2023-07-23T20:15:52.053772+00:00
[2023-07-23T20:15:52.146+0000] {processor.py:179} INFO - Processing /home/airflow/.local/lib/python3.9/site-packages/airflow/example_dags/example_short_circuit_operator.py took 0.337 seconds
[2023-07-23T20:16:34.995+0000] {processor.py:157} INFO - Started process (PID=872) to work on /home/airflow/.local/lib/python3.9/site-packages/airflow/example_dags/example_short_circuit_operator.py
[2023-07-23T20:16:35.034+0000] {processor.py:826} INFO - Processing file /home/airflow/.local/lib/python3.9/site-packages/airflow/example_dags/example_short_circuit_operator.py for tasks to queue
[2023-07-23T20:16:35.035+0000] {logging_mixin.py:150} INFO - [2023-07-23T20:16:35.035+0000] {dagbag.py:541} INFO - Filling up the DagBag from /home/airflow/.local/lib/python3.9/site-packages/airflow/example_dags/example_short_circuit_operator.py
[2023-07-23T20:16:35.214+0000] {processor.py:836} INFO - DAG(s) dict_keys(['example_short_circuit_operator']) retrieved from /home/airflow/.local/lib/python3.9/site-packages/airflow/example_dags/example_short_circuit_operator.py
[2023-07-23T20:16:35.837+0000] {logging_mixin.py:150} INFO - [2023-07-23T20:16:35.837+0000] {dag.py:2742} INFO - Sync 1 DAGs
[2023-07-23T20:16:36.141+0000] {logging_mixin.py:150} INFO - [2023-07-23T20:16:36.141+0000] {dag.py:3504} INFO - Setting next_dagrun for example_short_circuit_operator to 2023-07-22T20:16:36.140959+00:00, run_after=2023-07-23T20:16:36.140959+00:00
[2023-07-23T20:16:36.794+0000] {processor.py:179} INFO - Processing /home/airflow/.local/lib/python3.9/site-packages/airflow/example_dags/example_short_circuit_operator.py took 1.984 seconds
[2023-07-23T20:18:44.519+0000] {processor.py:157} INFO - Started process (PID=956) to work on /home/airflow/.local/lib/python3.9/site-packages/airflow/example_dags/example_short_circuit_operator.py
[2023-07-23T20:18:44.532+0000] {processor.py:826} INFO - Processing file /home/airflow/.local/lib/python3.9/site-packages/airflow/example_dags/example_short_circuit_operator.py for tasks to queue
[2023-07-23T20:18:44.533+0000] {logging_mixin.py:150} INFO - [2023-07-23T20:18:44.533+0000] {dagbag.py:541} INFO - Filling up the DagBag from /home/airflow/.local/lib/python3.9/site-packages/airflow/example_dags/example_short_circuit_operator.py
[2023-07-23T20:18:45.522+0000] {processor.py:836} INFO - DAG(s) dict_keys(['example_short_circuit_operator']) retrieved from /home/airflow/.local/lib/python3.9/site-packages/airflow/example_dags/example_short_circuit_operator.py
[2023-07-23T20:18:47.448+0000] {logging_mixin.py:150} INFO - [2023-07-23T20:18:47.448+0000] {dag.py:2742} INFO - Sync 1 DAGs
[2023-07-23T20:18:48.973+0000] {logging_mixin.py:150} INFO - [2023-07-23T20:18:48.973+0000] {dag.py:3504} INFO - Setting next_dagrun for example_short_circuit_operator to 2023-07-22T20:18:48.950094+00:00, run_after=2023-07-23T20:18:48.950094+00:00
[2023-07-23T20:18:49.707+0000] {processor.py:179} INFO - Processing /home/airflow/.local/lib/python3.9/site-packages/airflow/example_dags/example_short_circuit_operator.py took 5.705 seconds
[2023-07-23T20:20:25.442+0000] {processor.py:157} INFO - Started process (PID=1046) to work on /home/airflow/.local/lib/python3.9/site-packages/airflow/example_dags/example_short_circuit_operator.py
[2023-07-23T20:20:25.483+0000] {processor.py:826} INFO - Processing file /home/airflow/.local/lib/python3.9/site-packages/airflow/example_dags/example_short_circuit_operator.py for tasks to queue
[2023-07-23T20:20:25.484+0000] {logging_mixin.py:150} INFO - [2023-07-23T20:20:25.483+0000] {dagbag.py:541} INFO - Filling up the DagBag from /home/airflow/.local/lib/python3.9/site-packages/airflow/example_dags/example_short_circuit_operator.py
[2023-07-23T20:20:25.557+0000] {processor.py:836} INFO - DAG(s) dict_keys(['example_short_circuit_operator']) retrieved from /home/airflow/.local/lib/python3.9/site-packages/airflow/example_dags/example_short_circuit_operator.py
[2023-07-23T20:20:25.705+0000] {logging_mixin.py:150} INFO - [2023-07-23T20:20:25.705+0000] {dag.py:2742} INFO - Sync 1 DAGs
[2023-07-23T20:20:25.887+0000] {logging_mixin.py:150} INFO - [2023-07-23T20:20:25.886+0000] {dag.py:3504} INFO - Setting next_dagrun for example_short_circuit_operator to 2023-07-22T20:20:25.886204+00:00, run_after=2023-07-23T20:20:25.886204+00:00
[2023-07-23T20:20:26.075+0000] {processor.py:179} INFO - Processing /home/airflow/.local/lib/python3.9/site-packages/airflow/example_dags/example_short_circuit_operator.py took 0.638 seconds
[2023-07-23T20:20:57.362+0000] {processor.py:157} INFO - Started process (PID=1107) to work on /home/airflow/.local/lib/python3.9/site-packages/airflow/example_dags/example_short_circuit_operator.py
[2023-07-23T20:20:57.380+0000] {processor.py:826} INFO - Processing file /home/airflow/.local/lib/python3.9/site-packages/airflow/example_dags/example_short_circuit_operator.py for tasks to queue
[2023-07-23T20:20:57.381+0000] {logging_mixin.py:150} INFO - [2023-07-23T20:20:57.380+0000] {dagbag.py:541} INFO - Filling up the DagBag from /home/airflow/.local/lib/python3.9/site-packages/airflow/example_dags/example_short_circuit_operator.py
[2023-07-23T20:20:57.401+0000] {processor.py:836} INFO - DAG(s) dict_keys(['example_short_circuit_operator']) retrieved from /home/airflow/.local/lib/python3.9/site-packages/airflow/example_dags/example_short_circuit_operator.py
[2023-07-23T20:20:57.566+0000] {logging_mixin.py:150} INFO - [2023-07-23T20:20:57.566+0000] {dag.py:2742} INFO - Sync 1 DAGs
[2023-07-23T20:20:57.691+0000] {logging_mixin.py:150} INFO - [2023-07-23T20:20:57.691+0000] {dag.py:3504} INFO - Setting next_dagrun for example_short_circuit_operator to 2023-07-22T20:20:57.690685+00:00, run_after=2023-07-23T20:20:57.690685+00:00
[2023-07-23T20:20:57.792+0000] {processor.py:179} INFO - Processing /home/airflow/.local/lib/python3.9/site-packages/airflow/example_dags/example_short_circuit_operator.py took 0.433 seconds
[2023-07-23T20:24:35.845+0000] {processor.py:157} INFO - Started process (PID=1254) to work on /home/airflow/.local/lib/python3.9/site-packages/airflow/example_dags/example_short_circuit_operator.py
[2023-07-23T20:24:36.161+0000] {processor.py:826} INFO - Processing file /home/airflow/.local/lib/python3.9/site-packages/airflow/example_dags/example_short_circuit_operator.py for tasks to queue
[2023-07-23T20:24:36.163+0000] {logging_mixin.py:150} INFO - [2023-07-23T20:24:36.162+0000] {dagbag.py:541} INFO - Filling up the DagBag from /home/airflow/.local/lib/python3.9/site-packages/airflow/example_dags/example_short_circuit_operator.py
[2023-07-23T20:24:37.057+0000] {processor.py:836} INFO - DAG(s) dict_keys(['example_short_circuit_operator']) retrieved from /home/airflow/.local/lib/python3.9/site-packages/airflow/example_dags/example_short_circuit_operator.py
[2023-07-23T20:24:38.110+0000] {logging_mixin.py:150} INFO - [2023-07-23T20:24:38.109+0000] {dag.py:2742} INFO - Sync 1 DAGs
[2023-07-23T20:24:39.163+0000] {logging_mixin.py:150} INFO - [2023-07-23T20:24:39.163+0000] {dag.py:3504} INFO - Setting next_dagrun for example_short_circuit_operator to 2023-07-22T20:24:39.142205+00:00, run_after=2023-07-23T20:24:39.142205+00:00
[2023-07-23T20:24:39.905+0000] {processor.py:179} INFO - Processing /home/airflow/.local/lib/python3.9/site-packages/airflow/example_dags/example_short_circuit_operator.py took 4.360 seconds
[2023-07-23T20:25:23.455+0000] {processor.py:157} INFO - Started process (PID=1322) to work on /home/airflow/.local/lib/python3.9/site-packages/airflow/example_dags/example_short_circuit_operator.py
[2023-07-23T20:25:23.457+0000] {processor.py:826} INFO - Processing file /home/airflow/.local/lib/python3.9/site-packages/airflow/example_dags/example_short_circuit_operator.py for tasks to queue
[2023-07-23T20:25:23.458+0000] {logging_mixin.py:150} INFO - [2023-07-23T20:25:23.457+0000] {dagbag.py:541} INFO - Filling up the DagBag from /home/airflow/.local/lib/python3.9/site-packages/airflow/example_dags/example_short_circuit_operator.py
[2023-07-23T20:25:23.493+0000] {processor.py:836} INFO - DAG(s) dict_keys(['example_short_circuit_operator']) retrieved from /home/airflow/.local/lib/python3.9/site-packages/airflow/example_dags/example_short_circuit_operator.py
[2023-07-23T20:25:23.701+0000] {logging_mixin.py:150} INFO - [2023-07-23T20:25:23.699+0000] {dag.py:2742} INFO - Sync 1 DAGs
[2023-07-23T20:25:23.893+0000] {logging_mixin.py:150} INFO - [2023-07-23T20:25:23.888+0000] {dag.py:3504} INFO - Setting next_dagrun for example_short_circuit_operator to 2023-07-22T20:25:23.888616+00:00, run_after=2023-07-23T20:25:23.888616+00:00
[2023-07-23T20:25:24.066+0000] {processor.py:179} INFO - Processing /home/airflow/.local/lib/python3.9/site-packages/airflow/example_dags/example_short_circuit_operator.py took 0.625 seconds
[2023-07-23T20:25:54.893+0000] {processor.py:157} INFO - Started process (PID=1377) to work on /home/airflow/.local/lib/python3.9/site-packages/airflow/example_dags/example_short_circuit_operator.py
[2023-07-23T20:25:54.905+0000] {processor.py:826} INFO - Processing file /home/airflow/.local/lib/python3.9/site-packages/airflow/example_dags/example_short_circuit_operator.py for tasks to queue
[2023-07-23T20:25:54.906+0000] {logging_mixin.py:150} INFO - [2023-07-23T20:25:54.906+0000] {dagbag.py:541} INFO - Filling up the DagBag from /home/airflow/.local/lib/python3.9/site-packages/airflow/example_dags/example_short_circuit_operator.py
[2023-07-23T20:25:54.940+0000] {processor.py:836} INFO - DAG(s) dict_keys(['example_short_circuit_operator']) retrieved from /home/airflow/.local/lib/python3.9/site-packages/airflow/example_dags/example_short_circuit_operator.py
[2023-07-23T20:25:55.156+0000] {logging_mixin.py:150} INFO - [2023-07-23T20:25:55.156+0000] {dag.py:2742} INFO - Sync 1 DAGs
[2023-07-23T20:25:55.368+0000] {logging_mixin.py:150} INFO - [2023-07-23T20:25:55.368+0000] {dag.py:3504} INFO - Setting next_dagrun for example_short_circuit_operator to 2023-07-22T20:25:55.365246+00:00, run_after=2023-07-23T20:25:55.365246+00:00
[2023-07-23T20:25:55.505+0000] {processor.py:179} INFO - Processing /home/airflow/.local/lib/python3.9/site-packages/airflow/example_dags/example_short_circuit_operator.py took 0.629 seconds
[2023-07-23T20:27:31.930+0000] {processor.py:157} INFO - Started process (PID=1458) to work on /home/airflow/.local/lib/python3.9/site-packages/airflow/example_dags/example_short_circuit_operator.py
[2023-07-23T20:27:31.939+0000] {processor.py:826} INFO - Processing file /home/airflow/.local/lib/python3.9/site-packages/airflow/example_dags/example_short_circuit_operator.py for tasks to queue
[2023-07-23T20:27:31.940+0000] {logging_mixin.py:150} INFO - [2023-07-23T20:27:31.940+0000] {dagbag.py:541} INFO - Filling up the DagBag from /home/airflow/.local/lib/python3.9/site-packages/airflow/example_dags/example_short_circuit_operator.py
[2023-07-23T20:27:32.313+0000] {processor.py:836} INFO - DAG(s) dict_keys(['example_short_circuit_operator']) retrieved from /home/airflow/.local/lib/python3.9/site-packages/airflow/example_dags/example_short_circuit_operator.py
[2023-07-23T20:27:33.169+0000] {logging_mixin.py:150} INFO - [2023-07-23T20:27:33.169+0000] {dag.py:2742} INFO - Sync 1 DAGs
[2023-07-23T20:27:33.775+0000] {logging_mixin.py:150} INFO - [2023-07-23T20:27:33.719+0000] {dag.py:3504} INFO - Setting next_dagrun for example_short_circuit_operator to 2023-07-22T20:27:33.718742+00:00, run_after=2023-07-23T20:27:33.718742+00:00
[2023-07-23T20:27:34.263+0000] {processor.py:179} INFO - Processing /home/airflow/.local/lib/python3.9/site-packages/airflow/example_dags/example_short_circuit_operator.py took 2.458 seconds
[2023-07-23T20:30:17.810+0000] {processor.py:157} INFO - Started process (PID=1583) to work on /home/airflow/.local/lib/python3.9/site-packages/airflow/example_dags/example_short_circuit_operator.py
[2023-07-23T20:30:17.856+0000] {processor.py:826} INFO - Processing file /home/airflow/.local/lib/python3.9/site-packages/airflow/example_dags/example_short_circuit_operator.py for tasks to queue
[2023-07-23T20:30:17.857+0000] {logging_mixin.py:150} INFO - [2023-07-23T20:30:17.856+0000] {dagbag.py:541} INFO - Filling up the DagBag from /home/airflow/.local/lib/python3.9/site-packages/airflow/example_dags/example_short_circuit_operator.py
[2023-07-23T20:30:18.000+0000] {processor.py:836} INFO - DAG(s) dict_keys(['example_short_circuit_operator']) retrieved from /home/airflow/.local/lib/python3.9/site-packages/airflow/example_dags/example_short_circuit_operator.py
[2023-07-23T20:30:18.386+0000] {logging_mixin.py:150} INFO - [2023-07-23T20:30:18.386+0000] {dag.py:2742} INFO - Sync 1 DAGs
[2023-07-23T20:30:18.696+0000] {logging_mixin.py:150} INFO - [2023-07-23T20:30:18.696+0000] {dag.py:3504} INFO - Setting next_dagrun for example_short_circuit_operator to 2023-07-22T20:30:18.696324+00:00, run_after=2023-07-23T20:30:18.696324+00:00
[2023-07-23T20:30:18.885+0000] {processor.py:179} INFO - Processing /home/airflow/.local/lib/python3.9/site-packages/airflow/example_dags/example_short_circuit_operator.py took 1.080 seconds
[2023-07-23T20:30:49.061+0000] {processor.py:157} INFO - Started process (PID=1637) to work on /home/airflow/.local/lib/python3.9/site-packages/airflow/example_dags/example_short_circuit_operator.py
[2023-07-23T20:30:49.076+0000] {processor.py:826} INFO - Processing file /home/airflow/.local/lib/python3.9/site-packages/airflow/example_dags/example_short_circuit_operator.py for tasks to queue
[2023-07-23T20:30:49.076+0000] {logging_mixin.py:150} INFO - [2023-07-23T20:30:49.076+0000] {dagbag.py:541} INFO - Filling up the DagBag from /home/airflow/.local/lib/python3.9/site-packages/airflow/example_dags/example_short_circuit_operator.py
[2023-07-23T20:30:49.120+0000] {processor.py:836} INFO - DAG(s) dict_keys(['example_short_circuit_operator']) retrieved from /home/airflow/.local/lib/python3.9/site-packages/airflow/example_dags/example_short_circuit_operator.py
[2023-07-23T20:30:49.211+0000] {logging_mixin.py:150} INFO - [2023-07-23T20:30:49.211+0000] {dag.py:2742} INFO - Sync 1 DAGs
[2023-07-23T20:30:49.276+0000] {logging_mixin.py:150} INFO - [2023-07-23T20:30:49.276+0000] {dag.py:3504} INFO - Setting next_dagrun for example_short_circuit_operator to 2023-07-22T20:30:49.276089+00:00, run_after=2023-07-23T20:30:49.276089+00:00
[2023-07-23T20:30:49.329+0000] {processor.py:179} INFO - Processing /home/airflow/.local/lib/python3.9/site-packages/airflow/example_dags/example_short_circuit_operator.py took 0.272 seconds
[2023-07-23T20:31:20.076+0000] {processor.py:157} INFO - Started process (PID=1699) to work on /home/airflow/.local/lib/python3.9/site-packages/airflow/example_dags/example_short_circuit_operator.py
[2023-07-23T20:31:20.090+0000] {processor.py:826} INFO - Processing file /home/airflow/.local/lib/python3.9/site-packages/airflow/example_dags/example_short_circuit_operator.py for tasks to queue
[2023-07-23T20:31:20.091+0000] {logging_mixin.py:150} INFO - [2023-07-23T20:31:20.090+0000] {dagbag.py:541} INFO - Filling up the DagBag from /home/airflow/.local/lib/python3.9/site-packages/airflow/example_dags/example_short_circuit_operator.py
[2023-07-23T20:31:20.328+0000] {processor.py:836} INFO - DAG(s) dict_keys(['example_short_circuit_operator']) retrieved from /home/airflow/.local/lib/python3.9/site-packages/airflow/example_dags/example_short_circuit_operator.py
[2023-07-23T20:31:21.308+0000] {logging_mixin.py:150} INFO - [2023-07-23T20:31:21.308+0000] {dag.py:2742} INFO - Sync 1 DAGs
[2023-07-23T20:31:21.868+0000] {logging_mixin.py:150} INFO - [2023-07-23T20:31:21.868+0000] {dag.py:3504} INFO - Setting next_dagrun for example_short_circuit_operator to 2023-07-22T20:31:21.867777+00:00, run_after=2023-07-23T20:31:21.867777+00:00
[2023-07-23T20:31:22.735+0000] {processor.py:179} INFO - Processing /home/airflow/.local/lib/python3.9/site-packages/airflow/example_dags/example_short_circuit_operator.py took 2.777 seconds
