[2023-07-23T19:28:27.148+0000] {processor.py:157} INFO - Started process (PID=85) to work on /home/airflow/.local/lib/python3.9/site-packages/airflow/example_dags/example_trigger_controller_dag.py
[2023-07-23T19:28:27.149+0000] {processor.py:826} INFO - Processing file /home/airflow/.local/lib/python3.9/site-packages/airflow/example_dags/example_trigger_controller_dag.py for tasks to queue
[2023-07-23T19:28:27.150+0000] {logging_mixin.py:150} INFO - [2023-07-23T19:28:27.150+0000] {dagbag.py:541} INFO - Filling up the DagBag from /home/airflow/.local/lib/python3.9/site-packages/airflow/example_dags/example_trigger_controller_dag.py
[2023-07-23T19:28:27.155+0000] {processor.py:836} INFO - DAG(s) dict_keys(['example_trigger_controller_dag']) retrieved from /home/airflow/.local/lib/python3.9/site-packages/airflow/example_dags/example_trigger_controller_dag.py
[2023-07-23T19:28:27.182+0000] {logging_mixin.py:150} INFO - [2023-07-23T19:28:27.182+0000] {dag.py:2742} INFO - Sync 1 DAGs
[2023-07-23T19:28:27.209+0000] {logging_mixin.py:150} INFO - [2023-07-23T19:28:27.208+0000] {dag.py:3504} INFO - Setting next_dagrun for example_trigger_controller_dag to 2021-01-01T00:00:00+00:00, run_after=2021-01-01T00:00:00+00:00
[2023-07-23T19:28:27.228+0000] {processor.py:179} INFO - Processing /home/airflow/.local/lib/python3.9/site-packages/airflow/example_dags/example_trigger_controller_dag.py took 0.084 seconds
[2023-07-23T19:28:57.279+0000] {processor.py:157} INFO - Started process (PID=146) to work on /home/airflow/.local/lib/python3.9/site-packages/airflow/example_dags/example_trigger_controller_dag.py
[2023-07-23T19:28:57.280+0000] {processor.py:826} INFO - Processing file /home/airflow/.local/lib/python3.9/site-packages/airflow/example_dags/example_trigger_controller_dag.py for tasks to queue
[2023-07-23T19:28:57.281+0000] {logging_mixin.py:150} INFO - [2023-07-23T19:28:57.280+0000] {dagbag.py:541} INFO - Filling up the DagBag from /home/airflow/.local/lib/python3.9/site-packages/airflow/example_dags/example_trigger_controller_dag.py
[2023-07-23T19:28:57.287+0000] {processor.py:836} INFO - DAG(s) dict_keys(['example_trigger_controller_dag']) retrieved from /home/airflow/.local/lib/python3.9/site-packages/airflow/example_dags/example_trigger_controller_dag.py
[2023-07-23T19:28:57.314+0000] {logging_mixin.py:150} INFO - [2023-07-23T19:28:57.314+0000] {dag.py:2742} INFO - Sync 1 DAGs
[2023-07-23T19:28:57.340+0000] {logging_mixin.py:150} INFO - [2023-07-23T19:28:57.340+0000] {dag.py:3504} INFO - Setting next_dagrun for example_trigger_controller_dag to 2021-01-01T00:00:00+00:00, run_after=2021-01-01T00:00:00+00:00
[2023-07-23T19:28:57.359+0000] {processor.py:179} INFO - Processing /home/airflow/.local/lib/python3.9/site-packages/airflow/example_dags/example_trigger_controller_dag.py took 0.085 seconds
[2023-07-23T19:29:27.484+0000] {processor.py:157} INFO - Started process (PID=208) to work on /home/airflow/.local/lib/python3.9/site-packages/airflow/example_dags/example_trigger_controller_dag.py
[2023-07-23T19:29:27.496+0000] {processor.py:826} INFO - Processing file /home/airflow/.local/lib/python3.9/site-packages/airflow/example_dags/example_trigger_controller_dag.py for tasks to queue
[2023-07-23T19:29:27.497+0000] {logging_mixin.py:150} INFO - [2023-07-23T19:29:27.496+0000] {dagbag.py:541} INFO - Filling up the DagBag from /home/airflow/.local/lib/python3.9/site-packages/airflow/example_dags/example_trigger_controller_dag.py
[2023-07-23T19:29:27.503+0000] {processor.py:836} INFO - DAG(s) dict_keys(['example_trigger_controller_dag']) retrieved from /home/airflow/.local/lib/python3.9/site-packages/airflow/example_dags/example_trigger_controller_dag.py
[2023-07-23T19:29:27.568+0000] {logging_mixin.py:150} INFO - [2023-07-23T19:29:27.568+0000] {dag.py:2742} INFO - Sync 1 DAGs
[2023-07-23T19:29:27.627+0000] {logging_mixin.py:150} INFO - [2023-07-23T19:29:27.627+0000] {dag.py:3504} INFO - Setting next_dagrun for example_trigger_controller_dag to 2021-01-01T00:00:00+00:00, run_after=2021-01-01T00:00:00+00:00
[2023-07-23T19:29:27.648+0000] {processor.py:179} INFO - Processing /home/airflow/.local/lib/python3.9/site-packages/airflow/example_dags/example_trigger_controller_dag.py took 0.169 seconds
[2023-07-23T19:29:58.317+0000] {processor.py:157} INFO - Started process (PID=269) to work on /home/airflow/.local/lib/python3.9/site-packages/airflow/example_dags/example_trigger_controller_dag.py
[2023-07-23T19:29:58.336+0000] {processor.py:826} INFO - Processing file /home/airflow/.local/lib/python3.9/site-packages/airflow/example_dags/example_trigger_controller_dag.py for tasks to queue
[2023-07-23T19:29:58.337+0000] {logging_mixin.py:150} INFO - [2023-07-23T19:29:58.336+0000] {dagbag.py:541} INFO - Filling up the DagBag from /home/airflow/.local/lib/python3.9/site-packages/airflow/example_dags/example_trigger_controller_dag.py
[2023-07-23T19:29:58.343+0000] {processor.py:836} INFO - DAG(s) dict_keys(['example_trigger_controller_dag']) retrieved from /home/airflow/.local/lib/python3.9/site-packages/airflow/example_dags/example_trigger_controller_dag.py
[2023-07-23T19:29:58.447+0000] {logging_mixin.py:150} INFO - [2023-07-23T19:29:58.446+0000] {dag.py:2742} INFO - Sync 1 DAGs
[2023-07-23T19:29:58.526+0000] {logging_mixin.py:150} INFO - [2023-07-23T19:29:58.517+0000] {dag.py:3504} INFO - Setting next_dagrun for example_trigger_controller_dag to 2021-01-01T00:00:00+00:00, run_after=2021-01-01T00:00:00+00:00
[2023-07-23T19:29:58.597+0000] {processor.py:179} INFO - Processing /home/airflow/.local/lib/python3.9/site-packages/airflow/example_dags/example_trigger_controller_dag.py took 0.289 seconds
[2023-07-23T19:30:29.048+0000] {processor.py:157} INFO - Started process (PID=331) to work on /home/airflow/.local/lib/python3.9/site-packages/airflow/example_dags/example_trigger_controller_dag.py
[2023-07-23T19:30:29.057+0000] {processor.py:826} INFO - Processing file /home/airflow/.local/lib/python3.9/site-packages/airflow/example_dags/example_trigger_controller_dag.py for tasks to queue
[2023-07-23T19:30:29.063+0000] {logging_mixin.py:150} INFO - [2023-07-23T19:30:29.063+0000] {dagbag.py:541} INFO - Filling up the DagBag from /home/airflow/.local/lib/python3.9/site-packages/airflow/example_dags/example_trigger_controller_dag.py
[2023-07-23T19:30:29.069+0000] {processor.py:836} INFO - DAG(s) dict_keys(['example_trigger_controller_dag']) retrieved from /home/airflow/.local/lib/python3.9/site-packages/airflow/example_dags/example_trigger_controller_dag.py
[2023-07-23T19:30:29.094+0000] {logging_mixin.py:150} INFO - [2023-07-23T19:30:29.093+0000] {dag.py:2742} INFO - Sync 1 DAGs
[2023-07-23T19:30:29.119+0000] {logging_mixin.py:150} INFO - [2023-07-23T19:30:29.119+0000] {dag.py:3504} INFO - Setting next_dagrun for example_trigger_controller_dag to 2021-01-01T00:00:00+00:00, run_after=2021-01-01T00:00:00+00:00
[2023-07-23T19:30:29.138+0000] {processor.py:179} INFO - Processing /home/airflow/.local/lib/python3.9/site-packages/airflow/example_dags/example_trigger_controller_dag.py took 0.095 seconds
[2023-07-23T19:30:59.843+0000] {processor.py:157} INFO - Started process (PID=393) to work on /home/airflow/.local/lib/python3.9/site-packages/airflow/example_dags/example_trigger_controller_dag.py
[2023-07-23T19:30:59.863+0000] {processor.py:826} INFO - Processing file /home/airflow/.local/lib/python3.9/site-packages/airflow/example_dags/example_trigger_controller_dag.py for tasks to queue
[2023-07-23T19:30:59.864+0000] {logging_mixin.py:150} INFO - [2023-07-23T19:30:59.864+0000] {dagbag.py:541} INFO - Filling up the DagBag from /home/airflow/.local/lib/python3.9/site-packages/airflow/example_dags/example_trigger_controller_dag.py
[2023-07-23T19:30:59.888+0000] {processor.py:836} INFO - DAG(s) dict_keys(['example_trigger_controller_dag']) retrieved from /home/airflow/.local/lib/python3.9/site-packages/airflow/example_dags/example_trigger_controller_dag.py
[2023-07-23T19:30:59.938+0000] {logging_mixin.py:150} INFO - [2023-07-23T19:30:59.937+0000] {dag.py:2742} INFO - Sync 1 DAGs
[2023-07-23T19:30:59.973+0000] {logging_mixin.py:150} INFO - [2023-07-23T19:30:59.973+0000] {dag.py:3504} INFO - Setting next_dagrun for example_trigger_controller_dag to 2021-01-01T00:00:00+00:00, run_after=2021-01-01T00:00:00+00:00
[2023-07-23T19:31:00.003+0000] {processor.py:179} INFO - Processing /home/airflow/.local/lib/python3.9/site-packages/airflow/example_dags/example_trigger_controller_dag.py took 0.164 seconds
[2023-07-23T19:31:30.294+0000] {processor.py:157} INFO - Started process (PID=455) to work on /home/airflow/.local/lib/python3.9/site-packages/airflow/example_dags/example_trigger_controller_dag.py
[2023-07-23T19:31:30.296+0000] {processor.py:826} INFO - Processing file /home/airflow/.local/lib/python3.9/site-packages/airflow/example_dags/example_trigger_controller_dag.py for tasks to queue
[2023-07-23T19:31:30.298+0000] {logging_mixin.py:150} INFO - [2023-07-23T19:31:30.297+0000] {dagbag.py:541} INFO - Filling up the DagBag from /home/airflow/.local/lib/python3.9/site-packages/airflow/example_dags/example_trigger_controller_dag.py
[2023-07-23T19:31:30.304+0000] {processor.py:836} INFO - DAG(s) dict_keys(['example_trigger_controller_dag']) retrieved from /home/airflow/.local/lib/python3.9/site-packages/airflow/example_dags/example_trigger_controller_dag.py
[2023-07-23T19:31:30.331+0000] {logging_mixin.py:150} INFO - [2023-07-23T19:31:30.331+0000] {dag.py:2742} INFO - Sync 1 DAGs
[2023-07-23T19:31:30.363+0000] {logging_mixin.py:150} INFO - [2023-07-23T19:31:30.363+0000] {dag.py:3504} INFO - Setting next_dagrun for example_trigger_controller_dag to 2021-01-01T00:00:00+00:00, run_after=2021-01-01T00:00:00+00:00
[2023-07-23T19:31:30.385+0000] {processor.py:179} INFO - Processing /home/airflow/.local/lib/python3.9/site-packages/airflow/example_dags/example_trigger_controller_dag.py took 0.095 seconds
[2023-07-23T19:32:03.366+0000] {processor.py:157} INFO - Started process (PID=516) to work on /home/airflow/.local/lib/python3.9/site-packages/airflow/example_dags/example_trigger_controller_dag.py
[2023-07-23T19:32:03.367+0000] {processor.py:826} INFO - Processing file /home/airflow/.local/lib/python3.9/site-packages/airflow/example_dags/example_trigger_controller_dag.py for tasks to queue
[2023-07-23T19:32:03.368+0000] {logging_mixin.py:150} INFO - [2023-07-23T19:32:03.368+0000] {dagbag.py:541} INFO - Filling up the DagBag from /home/airflow/.local/lib/python3.9/site-packages/airflow/example_dags/example_trigger_controller_dag.py
[2023-07-23T19:32:03.374+0000] {processor.py:836} INFO - DAG(s) dict_keys(['example_trigger_controller_dag']) retrieved from /home/airflow/.local/lib/python3.9/site-packages/airflow/example_dags/example_trigger_controller_dag.py
[2023-07-23T19:32:03.470+0000] {logging_mixin.py:150} INFO - [2023-07-23T19:32:03.466+0000] {dag.py:2742} INFO - Sync 1 DAGs
[2023-07-23T19:32:03.547+0000] {logging_mixin.py:150} INFO - [2023-07-23T19:32:03.547+0000] {dag.py:3504} INFO - Setting next_dagrun for example_trigger_controller_dag to 2021-01-01T00:00:00+00:00, run_after=2021-01-01T00:00:00+00:00
[2023-07-23T19:32:03.699+0000] {processor.py:179} INFO - Processing /home/airflow/.local/lib/python3.9/site-packages/airflow/example_dags/example_trigger_controller_dag.py took 0.350 seconds
[2023-07-23T19:32:33.853+0000] {processor.py:157} INFO - Started process (PID=578) to work on /home/airflow/.local/lib/python3.9/site-packages/airflow/example_dags/example_trigger_controller_dag.py
[2023-07-23T19:32:33.857+0000] {processor.py:826} INFO - Processing file /home/airflow/.local/lib/python3.9/site-packages/airflow/example_dags/example_trigger_controller_dag.py for tasks to queue
[2023-07-23T19:32:33.858+0000] {logging_mixin.py:150} INFO - [2023-07-23T19:32:33.858+0000] {dagbag.py:541} INFO - Filling up the DagBag from /home/airflow/.local/lib/python3.9/site-packages/airflow/example_dags/example_trigger_controller_dag.py
[2023-07-23T19:32:33.873+0000] {processor.py:836} INFO - DAG(s) dict_keys(['example_trigger_controller_dag']) retrieved from /home/airflow/.local/lib/python3.9/site-packages/airflow/example_dags/example_trigger_controller_dag.py
[2023-07-23T19:32:33.904+0000] {logging_mixin.py:150} INFO - [2023-07-23T19:32:33.904+0000] {dag.py:2742} INFO - Sync 1 DAGs
[2023-07-23T19:32:33.930+0000] {logging_mixin.py:150} INFO - [2023-07-23T19:32:33.930+0000] {dag.py:3504} INFO - Setting next_dagrun for example_trigger_controller_dag to 2021-01-01T00:00:00+00:00, run_after=2021-01-01T00:00:00+00:00
[2023-07-23T19:32:33.973+0000] {processor.py:179} INFO - Processing /home/airflow/.local/lib/python3.9/site-packages/airflow/example_dags/example_trigger_controller_dag.py took 0.130 seconds
[2023-07-23T19:33:04.998+0000] {processor.py:157} INFO - Started process (PID=641) to work on /home/airflow/.local/lib/python3.9/site-packages/airflow/example_dags/example_trigger_controller_dag.py
[2023-07-23T19:33:04.999+0000] {processor.py:826} INFO - Processing file /home/airflow/.local/lib/python3.9/site-packages/airflow/example_dags/example_trigger_controller_dag.py for tasks to queue
[2023-07-23T19:33:05.000+0000] {logging_mixin.py:150} INFO - [2023-07-23T19:33:05.000+0000] {dagbag.py:541} INFO - Filling up the DagBag from /home/airflow/.local/lib/python3.9/site-packages/airflow/example_dags/example_trigger_controller_dag.py
[2023-07-23T19:33:05.006+0000] {processor.py:836} INFO - DAG(s) dict_keys(['example_trigger_controller_dag']) retrieved from /home/airflow/.local/lib/python3.9/site-packages/airflow/example_dags/example_trigger_controller_dag.py
[2023-07-23T19:33:05.058+0000] {logging_mixin.py:150} INFO - [2023-07-23T19:33:05.058+0000] {dag.py:2742} INFO - Sync 1 DAGs
[2023-07-23T19:33:05.110+0000] {logging_mixin.py:150} INFO - [2023-07-23T19:33:05.110+0000] {dag.py:3504} INFO - Setting next_dagrun for example_trigger_controller_dag to 2021-01-01T00:00:00+00:00, run_after=2021-01-01T00:00:00+00:00
[2023-07-23T19:33:05.152+0000] {processor.py:179} INFO - Processing /home/airflow/.local/lib/python3.9/site-packages/airflow/example_dags/example_trigger_controller_dag.py took 0.166 seconds
[2023-07-23T19:41:41.427+0000] {processor.py:157} INFO - Started process (PID=86) to work on /home/airflow/.local/lib/python3.9/site-packages/airflow/example_dags/example_trigger_controller_dag.py
[2023-07-23T19:41:41.429+0000] {processor.py:826} INFO - Processing file /home/airflow/.local/lib/python3.9/site-packages/airflow/example_dags/example_trigger_controller_dag.py for tasks to queue
[2023-07-23T19:41:41.429+0000] {logging_mixin.py:150} INFO - [2023-07-23T19:41:41.429+0000] {dagbag.py:541} INFO - Filling up the DagBag from /home/airflow/.local/lib/python3.9/site-packages/airflow/example_dags/example_trigger_controller_dag.py
[2023-07-23T19:41:41.433+0000] {processor.py:836} INFO - DAG(s) dict_keys(['example_trigger_controller_dag']) retrieved from /home/airflow/.local/lib/python3.9/site-packages/airflow/example_dags/example_trigger_controller_dag.py
[2023-07-23T19:41:41.545+0000] {logging_mixin.py:150} INFO - [2023-07-23T19:41:41.544+0000] {dag.py:2742} INFO - Sync 1 DAGs
[2023-07-23T19:41:41.618+0000] {logging_mixin.py:150} INFO - [2023-07-23T19:41:41.617+0000] {dag.py:3504} INFO - Setting next_dagrun for example_trigger_controller_dag to 2021-01-01T00:00:00+00:00, run_after=2021-01-01T00:00:00+00:00
[2023-07-23T19:41:41.676+0000] {processor.py:179} INFO - Processing /home/airflow/.local/lib/python3.9/site-packages/airflow/example_dags/example_trigger_controller_dag.py took 0.568 seconds
[2023-07-23T19:42:12.500+0000] {processor.py:157} INFO - Started process (PID=147) to work on /home/airflow/.local/lib/python3.9/site-packages/airflow/example_dags/example_trigger_controller_dag.py
[2023-07-23T19:42:12.510+0000] {processor.py:826} INFO - Processing file /home/airflow/.local/lib/python3.9/site-packages/airflow/example_dags/example_trigger_controller_dag.py for tasks to queue
[2023-07-23T19:42:12.511+0000] {logging_mixin.py:150} INFO - [2023-07-23T19:42:12.510+0000] {dagbag.py:541} INFO - Filling up the DagBag from /home/airflow/.local/lib/python3.9/site-packages/airflow/example_dags/example_trigger_controller_dag.py
[2023-07-23T19:42:12.519+0000] {processor.py:836} INFO - DAG(s) dict_keys(['example_trigger_controller_dag']) retrieved from /home/airflow/.local/lib/python3.9/site-packages/airflow/example_dags/example_trigger_controller_dag.py
[2023-07-23T19:42:12.563+0000] {logging_mixin.py:150} INFO - [2023-07-23T19:42:12.563+0000] {dag.py:2742} INFO - Sync 1 DAGs
[2023-07-23T19:42:12.618+0000] {logging_mixin.py:150} INFO - [2023-07-23T19:42:12.618+0000] {dag.py:3504} INFO - Setting next_dagrun for example_trigger_controller_dag to 2021-01-01T00:00:00+00:00, run_after=2021-01-01T00:00:00+00:00
[2023-07-23T19:42:12.655+0000] {processor.py:179} INFO - Processing /home/airflow/.local/lib/python3.9/site-packages/airflow/example_dags/example_trigger_controller_dag.py took 0.159 seconds
[2023-07-23T19:42:43.401+0000] {processor.py:157} INFO - Started process (PID=208) to work on /home/airflow/.local/lib/python3.9/site-packages/airflow/example_dags/example_trigger_controller_dag.py
[2023-07-23T19:42:43.415+0000] {processor.py:826} INFO - Processing file /home/airflow/.local/lib/python3.9/site-packages/airflow/example_dags/example_trigger_controller_dag.py for tasks to queue
[2023-07-23T19:42:43.416+0000] {logging_mixin.py:150} INFO - [2023-07-23T19:42:43.416+0000] {dagbag.py:541} INFO - Filling up the DagBag from /home/airflow/.local/lib/python3.9/site-packages/airflow/example_dags/example_trigger_controller_dag.py
[2023-07-23T19:42:43.422+0000] {processor.py:836} INFO - DAG(s) dict_keys(['example_trigger_controller_dag']) retrieved from /home/airflow/.local/lib/python3.9/site-packages/airflow/example_dags/example_trigger_controller_dag.py
[2023-07-23T19:42:43.507+0000] {logging_mixin.py:150} INFO - [2023-07-23T19:42:43.506+0000] {dag.py:2742} INFO - Sync 1 DAGs
[2023-07-23T19:42:43.589+0000] {logging_mixin.py:150} INFO - [2023-07-23T19:42:43.589+0000] {dag.py:3504} INFO - Setting next_dagrun for example_trigger_controller_dag to 2021-01-01T00:00:00+00:00, run_after=2021-01-01T00:00:00+00:00
[2023-07-23T19:42:43.645+0000] {processor.py:179} INFO - Processing /home/airflow/.local/lib/python3.9/site-packages/airflow/example_dags/example_trigger_controller_dag.py took 0.248 seconds
[2023-07-23T19:43:14.626+0000] {processor.py:157} INFO - Started process (PID=269) to work on /home/airflow/.local/lib/python3.9/site-packages/airflow/example_dags/example_trigger_controller_dag.py
[2023-07-23T19:43:14.628+0000] {processor.py:826} INFO - Processing file /home/airflow/.local/lib/python3.9/site-packages/airflow/example_dags/example_trigger_controller_dag.py for tasks to queue
[2023-07-23T19:43:14.629+0000] {logging_mixin.py:150} INFO - [2023-07-23T19:43:14.629+0000] {dagbag.py:541} INFO - Filling up the DagBag from /home/airflow/.local/lib/python3.9/site-packages/airflow/example_dags/example_trigger_controller_dag.py
[2023-07-23T19:43:14.635+0000] {processor.py:836} INFO - DAG(s) dict_keys(['example_trigger_controller_dag']) retrieved from /home/airflow/.local/lib/python3.9/site-packages/airflow/example_dags/example_trigger_controller_dag.py
[2023-07-23T19:43:14.736+0000] {logging_mixin.py:150} INFO - [2023-07-23T19:43:14.735+0000] {dag.py:2742} INFO - Sync 1 DAGs
[2023-07-23T19:43:14.862+0000] {logging_mixin.py:150} INFO - [2023-07-23T19:43:14.862+0000] {dag.py:3504} INFO - Setting next_dagrun for example_trigger_controller_dag to 2021-01-01T00:00:00+00:00, run_after=2021-01-01T00:00:00+00:00
[2023-07-23T19:43:14.985+0000] {processor.py:179} INFO - Processing /home/airflow/.local/lib/python3.9/site-packages/airflow/example_dags/example_trigger_controller_dag.py took 0.373 seconds
[2023-07-23T19:43:45.678+0000] {processor.py:157} INFO - Started process (PID=331) to work on /home/airflow/.local/lib/python3.9/site-packages/airflow/example_dags/example_trigger_controller_dag.py
[2023-07-23T19:43:45.699+0000] {processor.py:826} INFO - Processing file /home/airflow/.local/lib/python3.9/site-packages/airflow/example_dags/example_trigger_controller_dag.py for tasks to queue
[2023-07-23T19:43:45.700+0000] {logging_mixin.py:150} INFO - [2023-07-23T19:43:45.700+0000] {dagbag.py:541} INFO - Filling up the DagBag from /home/airflow/.local/lib/python3.9/site-packages/airflow/example_dags/example_trigger_controller_dag.py
[2023-07-23T19:43:45.722+0000] {processor.py:836} INFO - DAG(s) dict_keys(['example_trigger_controller_dag']) retrieved from /home/airflow/.local/lib/python3.9/site-packages/airflow/example_dags/example_trigger_controller_dag.py
[2023-07-23T19:43:45.807+0000] {logging_mixin.py:150} INFO - [2023-07-23T19:43:45.806+0000] {dag.py:2742} INFO - Sync 1 DAGs
[2023-07-23T19:43:45.876+0000] {logging_mixin.py:150} INFO - [2023-07-23T19:43:45.876+0000] {dag.py:3504} INFO - Setting next_dagrun for example_trigger_controller_dag to 2021-01-01T00:00:00+00:00, run_after=2021-01-01T00:00:00+00:00
[2023-07-23T19:43:45.944+0000] {processor.py:179} INFO - Processing /home/airflow/.local/lib/python3.9/site-packages/airflow/example_dags/example_trigger_controller_dag.py took 0.290 seconds
[2023-07-23T19:44:19.318+0000] {processor.py:157} INFO - Started process (PID=392) to work on /home/airflow/.local/lib/python3.9/site-packages/airflow/example_dags/example_trigger_controller_dag.py
[2023-07-23T19:44:19.339+0000] {processor.py:826} INFO - Processing file /home/airflow/.local/lib/python3.9/site-packages/airflow/example_dags/example_trigger_controller_dag.py for tasks to queue
[2023-07-23T19:44:19.340+0000] {logging_mixin.py:150} INFO - [2023-07-23T19:44:19.340+0000] {dagbag.py:541} INFO - Filling up the DagBag from /home/airflow/.local/lib/python3.9/site-packages/airflow/example_dags/example_trigger_controller_dag.py
[2023-07-23T19:44:19.371+0000] {processor.py:836} INFO - DAG(s) dict_keys(['example_trigger_controller_dag']) retrieved from /home/airflow/.local/lib/python3.9/site-packages/airflow/example_dags/example_trigger_controller_dag.py
[2023-07-23T19:44:19.469+0000] {logging_mixin.py:150} INFO - [2023-07-23T19:44:19.469+0000] {dag.py:2742} INFO - Sync 1 DAGs
[2023-07-23T19:44:19.566+0000] {logging_mixin.py:150} INFO - [2023-07-23T19:44:19.566+0000] {dag.py:3504} INFO - Setting next_dagrun for example_trigger_controller_dag to 2021-01-01T00:00:00+00:00, run_after=2021-01-01T00:00:00+00:00
[2023-07-23T19:44:19.673+0000] {processor.py:179} INFO - Processing /home/airflow/.local/lib/python3.9/site-packages/airflow/example_dags/example_trigger_controller_dag.py took 0.369 seconds
[2023-07-23T19:44:50.375+0000] {processor.py:157} INFO - Started process (PID=453) to work on /home/airflow/.local/lib/python3.9/site-packages/airflow/example_dags/example_trigger_controller_dag.py
[2023-07-23T19:44:50.377+0000] {processor.py:826} INFO - Processing file /home/airflow/.local/lib/python3.9/site-packages/airflow/example_dags/example_trigger_controller_dag.py for tasks to queue
[2023-07-23T19:44:50.378+0000] {logging_mixin.py:150} INFO - [2023-07-23T19:44:50.378+0000] {dagbag.py:541} INFO - Filling up the DagBag from /home/airflow/.local/lib/python3.9/site-packages/airflow/example_dags/example_trigger_controller_dag.py
[2023-07-23T19:44:50.385+0000] {processor.py:836} INFO - DAG(s) dict_keys(['example_trigger_controller_dag']) retrieved from /home/airflow/.local/lib/python3.9/site-packages/airflow/example_dags/example_trigger_controller_dag.py
[2023-07-23T19:44:50.486+0000] {logging_mixin.py:150} INFO - [2023-07-23T19:44:50.486+0000] {dag.py:2742} INFO - Sync 1 DAGs
[2023-07-23T19:44:50.586+0000] {logging_mixin.py:150} INFO - [2023-07-23T19:44:50.586+0000] {dag.py:3504} INFO - Setting next_dagrun for example_trigger_controller_dag to 2021-01-01T00:00:00+00:00, run_after=2021-01-01T00:00:00+00:00
[2023-07-23T19:44:50.665+0000] {processor.py:179} INFO - Processing /home/airflow/.local/lib/python3.9/site-packages/airflow/example_dags/example_trigger_controller_dag.py took 0.314 seconds
[2023-07-23T19:45:22.252+0000] {processor.py:157} INFO - Started process (PID=514) to work on /home/airflow/.local/lib/python3.9/site-packages/airflow/example_dags/example_trigger_controller_dag.py
[2023-07-23T19:45:22.295+0000] {processor.py:826} INFO - Processing file /home/airflow/.local/lib/python3.9/site-packages/airflow/example_dags/example_trigger_controller_dag.py for tasks to queue
[2023-07-23T19:45:22.296+0000] {logging_mixin.py:150} INFO - [2023-07-23T19:45:22.296+0000] {dagbag.py:541} INFO - Filling up the DagBag from /home/airflow/.local/lib/python3.9/site-packages/airflow/example_dags/example_trigger_controller_dag.py
[2023-07-23T19:45:22.303+0000] {processor.py:836} INFO - DAG(s) dict_keys(['example_trigger_controller_dag']) retrieved from /home/airflow/.local/lib/python3.9/site-packages/airflow/example_dags/example_trigger_controller_dag.py
[2023-07-23T19:45:22.496+0000] {logging_mixin.py:150} INFO - [2023-07-23T19:45:22.496+0000] {dag.py:2742} INFO - Sync 1 DAGs
[2023-07-23T19:45:22.689+0000] {logging_mixin.py:150} INFO - [2023-07-23T19:45:22.689+0000] {dag.py:3504} INFO - Setting next_dagrun for example_trigger_controller_dag to 2021-01-01T00:00:00+00:00, run_after=2021-01-01T00:00:00+00:00
[2023-07-23T19:45:22.887+0000] {processor.py:179} INFO - Processing /home/airflow/.local/lib/python3.9/site-packages/airflow/example_dags/example_trigger_controller_dag.py took 0.639 seconds
[2023-07-23T19:45:55.928+0000] {processor.py:157} INFO - Started process (PID=569) to work on /home/airflow/.local/lib/python3.9/site-packages/airflow/example_dags/example_trigger_controller_dag.py
[2023-07-23T19:45:55.930+0000] {processor.py:826} INFO - Processing file /home/airflow/.local/lib/python3.9/site-packages/airflow/example_dags/example_trigger_controller_dag.py for tasks to queue
[2023-07-23T19:45:55.931+0000] {logging_mixin.py:150} INFO - [2023-07-23T19:45:55.931+0000] {dagbag.py:541} INFO - Filling up the DagBag from /home/airflow/.local/lib/python3.9/site-packages/airflow/example_dags/example_trigger_controller_dag.py
[2023-07-23T19:45:55.962+0000] {processor.py:836} INFO - DAG(s) dict_keys(['example_trigger_controller_dag']) retrieved from /home/airflow/.local/lib/python3.9/site-packages/airflow/example_dags/example_trigger_controller_dag.py
[2023-07-23T19:45:56.086+0000] {logging_mixin.py:150} INFO - [2023-07-23T19:45:56.086+0000] {dag.py:2742} INFO - Sync 1 DAGs
[2023-07-23T19:45:56.173+0000] {logging_mixin.py:150} INFO - [2023-07-23T19:45:56.173+0000] {dag.py:3504} INFO - Setting next_dagrun for example_trigger_controller_dag to 2021-01-01T00:00:00+00:00, run_after=2021-01-01T00:00:00+00:00
[2023-07-23T19:45:56.271+0000] {processor.py:179} INFO - Processing /home/airflow/.local/lib/python3.9/site-packages/airflow/example_dags/example_trigger_controller_dag.py took 0.380 seconds
[2023-07-23T19:46:26.955+0000] {processor.py:157} INFO - Started process (PID=631) to work on /home/airflow/.local/lib/python3.9/site-packages/airflow/example_dags/example_trigger_controller_dag.py
[2023-07-23T19:46:26.976+0000] {processor.py:826} INFO - Processing file /home/airflow/.local/lib/python3.9/site-packages/airflow/example_dags/example_trigger_controller_dag.py for tasks to queue
[2023-07-23T19:46:26.977+0000] {logging_mixin.py:150} INFO - [2023-07-23T19:46:26.977+0000] {dagbag.py:541} INFO - Filling up the DagBag from /home/airflow/.local/lib/python3.9/site-packages/airflow/example_dags/example_trigger_controller_dag.py
[2023-07-23T19:46:27.002+0000] {processor.py:836} INFO - DAG(s) dict_keys(['example_trigger_controller_dag']) retrieved from /home/airflow/.local/lib/python3.9/site-packages/airflow/example_dags/example_trigger_controller_dag.py
[2023-07-23T19:46:27.069+0000] {logging_mixin.py:150} INFO - [2023-07-23T19:46:27.069+0000] {dag.py:2742} INFO - Sync 1 DAGs
[2023-07-23T19:46:27.150+0000] {logging_mixin.py:150} INFO - [2023-07-23T19:46:27.149+0000] {dag.py:3504} INFO - Setting next_dagrun for example_trigger_controller_dag to 2021-01-01T00:00:00+00:00, run_after=2021-01-01T00:00:00+00:00
[2023-07-23T19:46:27.196+0000] {processor.py:179} INFO - Processing /home/airflow/.local/lib/python3.9/site-packages/airflow/example_dags/example_trigger_controller_dag.py took 0.246 seconds
[2023-07-23T19:46:58.103+0000] {processor.py:157} INFO - Started process (PID=699) to work on /home/airflow/.local/lib/python3.9/site-packages/airflow/example_dags/example_trigger_controller_dag.py
[2023-07-23T19:46:58.126+0000] {processor.py:826} INFO - Processing file /home/airflow/.local/lib/python3.9/site-packages/airflow/example_dags/example_trigger_controller_dag.py for tasks to queue
[2023-07-23T19:46:58.130+0000] {logging_mixin.py:150} INFO - [2023-07-23T19:46:58.127+0000] {dagbag.py:541} INFO - Filling up the DagBag from /home/airflow/.local/lib/python3.9/site-packages/airflow/example_dags/example_trigger_controller_dag.py
[2023-07-23T19:46:58.149+0000] {processor.py:836} INFO - DAG(s) dict_keys(['example_trigger_controller_dag']) retrieved from /home/airflow/.local/lib/python3.9/site-packages/airflow/example_dags/example_trigger_controller_dag.py
[2023-07-23T19:46:58.226+0000] {logging_mixin.py:150} INFO - [2023-07-23T19:46:58.225+0000] {dag.py:2742} INFO - Sync 1 DAGs
[2023-07-23T19:46:58.308+0000] {logging_mixin.py:150} INFO - [2023-07-23T19:46:58.308+0000] {dag.py:3504} INFO - Setting next_dagrun for example_trigger_controller_dag to 2021-01-01T00:00:00+00:00, run_after=2021-01-01T00:00:00+00:00
[2023-07-23T19:46:58.387+0000] {processor.py:179} INFO - Processing /home/airflow/.local/lib/python3.9/site-packages/airflow/example_dags/example_trigger_controller_dag.py took 0.288 seconds
[2023-07-23T19:47:29.660+0000] {processor.py:157} INFO - Started process (PID=762) to work on /home/airflow/.local/lib/python3.9/site-packages/airflow/example_dags/example_trigger_controller_dag.py
[2023-07-23T19:47:29.665+0000] {processor.py:826} INFO - Processing file /home/airflow/.local/lib/python3.9/site-packages/airflow/example_dags/example_trigger_controller_dag.py for tasks to queue
[2023-07-23T19:47:29.666+0000] {logging_mixin.py:150} INFO - [2023-07-23T19:47:29.666+0000] {dagbag.py:541} INFO - Filling up the DagBag from /home/airflow/.local/lib/python3.9/site-packages/airflow/example_dags/example_trigger_controller_dag.py
[2023-07-23T19:47:29.684+0000] {processor.py:836} INFO - DAG(s) dict_keys(['example_trigger_controller_dag']) retrieved from /home/airflow/.local/lib/python3.9/site-packages/airflow/example_dags/example_trigger_controller_dag.py
[2023-07-23T19:47:29.813+0000] {logging_mixin.py:150} INFO - [2023-07-23T19:47:29.813+0000] {dag.py:2742} INFO - Sync 1 DAGs
[2023-07-23T19:47:29.907+0000] {logging_mixin.py:150} INFO - [2023-07-23T19:47:29.906+0000] {dag.py:3504} INFO - Setting next_dagrun for example_trigger_controller_dag to 2021-01-01T00:00:00+00:00, run_after=2021-01-01T00:00:00+00:00
[2023-07-23T19:47:29.995+0000] {processor.py:179} INFO - Processing /home/airflow/.local/lib/python3.9/site-packages/airflow/example_dags/example_trigger_controller_dag.py took 0.344 seconds
[2023-07-23T19:48:03.238+0000] {processor.py:157} INFO - Started process (PID=824) to work on /home/airflow/.local/lib/python3.9/site-packages/airflow/example_dags/example_trigger_controller_dag.py
[2023-07-23T19:48:03.252+0000] {processor.py:826} INFO - Processing file /home/airflow/.local/lib/python3.9/site-packages/airflow/example_dags/example_trigger_controller_dag.py for tasks to queue
[2023-07-23T19:48:03.253+0000] {logging_mixin.py:150} INFO - [2023-07-23T19:48:03.252+0000] {dagbag.py:541} INFO - Filling up the DagBag from /home/airflow/.local/lib/python3.9/site-packages/airflow/example_dags/example_trigger_controller_dag.py
[2023-07-23T19:48:03.289+0000] {processor.py:836} INFO - DAG(s) dict_keys(['example_trigger_controller_dag']) retrieved from /home/airflow/.local/lib/python3.9/site-packages/airflow/example_dags/example_trigger_controller_dag.py
[2023-07-23T19:48:03.371+0000] {logging_mixin.py:150} INFO - [2023-07-23T19:48:03.370+0000] {dag.py:2742} INFO - Sync 1 DAGs
[2023-07-23T19:48:03.500+0000] {logging_mixin.py:150} INFO - [2023-07-23T19:48:03.500+0000] {dag.py:3504} INFO - Setting next_dagrun for example_trigger_controller_dag to 2021-01-01T00:00:00+00:00, run_after=2021-01-01T00:00:00+00:00
[2023-07-23T19:48:03.568+0000] {processor.py:179} INFO - Processing /home/airflow/.local/lib/python3.9/site-packages/airflow/example_dags/example_trigger_controller_dag.py took 0.364 seconds
[2023-07-23T19:48:34.298+0000] {processor.py:157} INFO - Started process (PID=886) to work on /home/airflow/.local/lib/python3.9/site-packages/airflow/example_dags/example_trigger_controller_dag.py
[2023-07-23T19:48:34.305+0000] {processor.py:826} INFO - Processing file /home/airflow/.local/lib/python3.9/site-packages/airflow/example_dags/example_trigger_controller_dag.py for tasks to queue
[2023-07-23T19:48:34.306+0000] {logging_mixin.py:150} INFO - [2023-07-23T19:48:34.306+0000] {dagbag.py:541} INFO - Filling up the DagBag from /home/airflow/.local/lib/python3.9/site-packages/airflow/example_dags/example_trigger_controller_dag.py
[2023-07-23T19:48:34.326+0000] {processor.py:836} INFO - DAG(s) dict_keys(['example_trigger_controller_dag']) retrieved from /home/airflow/.local/lib/python3.9/site-packages/airflow/example_dags/example_trigger_controller_dag.py
[2023-07-23T19:48:34.389+0000] {logging_mixin.py:150} INFO - [2023-07-23T19:48:34.388+0000] {dag.py:2742} INFO - Sync 1 DAGs
[2023-07-23T19:48:34.471+0000] {logging_mixin.py:150} INFO - [2023-07-23T19:48:34.471+0000] {dag.py:3504} INFO - Setting next_dagrun for example_trigger_controller_dag to 2021-01-01T00:00:00+00:00, run_after=2021-01-01T00:00:00+00:00
[2023-07-23T19:48:34.571+0000] {processor.py:179} INFO - Processing /home/airflow/.local/lib/python3.9/site-packages/airflow/example_dags/example_trigger_controller_dag.py took 0.278 seconds
[2023-07-23T19:49:05.814+0000] {processor.py:157} INFO - Started process (PID=940) to work on /home/airflow/.local/lib/python3.9/site-packages/airflow/example_dags/example_trigger_controller_dag.py
[2023-07-23T19:49:05.832+0000] {processor.py:826} INFO - Processing file /home/airflow/.local/lib/python3.9/site-packages/airflow/example_dags/example_trigger_controller_dag.py for tasks to queue
[2023-07-23T19:49:05.833+0000] {logging_mixin.py:150} INFO - [2023-07-23T19:49:05.833+0000] {dagbag.py:541} INFO - Filling up the DagBag from /home/airflow/.local/lib/python3.9/site-packages/airflow/example_dags/example_trigger_controller_dag.py
[2023-07-23T19:49:05.850+0000] {processor.py:836} INFO - DAG(s) dict_keys(['example_trigger_controller_dag']) retrieved from /home/airflow/.local/lib/python3.9/site-packages/airflow/example_dags/example_trigger_controller_dag.py
[2023-07-23T19:49:05.957+0000] {logging_mixin.py:150} INFO - [2023-07-23T19:49:05.956+0000] {dag.py:2742} INFO - Sync 1 DAGs
[2023-07-23T19:49:06.045+0000] {logging_mixin.py:150} INFO - [2023-07-23T19:49:06.045+0000] {dag.py:3504} INFO - Setting next_dagrun for example_trigger_controller_dag to 2021-01-01T00:00:00+00:00, run_after=2021-01-01T00:00:00+00:00
[2023-07-23T19:49:06.116+0000] {processor.py:179} INFO - Processing /home/airflow/.local/lib/python3.9/site-packages/airflow/example_dags/example_trigger_controller_dag.py took 0.307 seconds
[2023-07-23T19:49:38.979+0000] {processor.py:157} INFO - Started process (PID=1002) to work on /home/airflow/.local/lib/python3.9/site-packages/airflow/example_dags/example_trigger_controller_dag.py
[2023-07-23T19:49:38.985+0000] {processor.py:826} INFO - Processing file /home/airflow/.local/lib/python3.9/site-packages/airflow/example_dags/example_trigger_controller_dag.py for tasks to queue
[2023-07-23T19:49:38.986+0000] {logging_mixin.py:150} INFO - [2023-07-23T19:49:38.986+0000] {dagbag.py:541} INFO - Filling up the DagBag from /home/airflow/.local/lib/python3.9/site-packages/airflow/example_dags/example_trigger_controller_dag.py
[2023-07-23T19:49:38.992+0000] {processor.py:836} INFO - DAG(s) dict_keys(['example_trigger_controller_dag']) retrieved from /home/airflow/.local/lib/python3.9/site-packages/airflow/example_dags/example_trigger_controller_dag.py
[2023-07-23T19:49:39.076+0000] {logging_mixin.py:150} INFO - [2023-07-23T19:49:39.075+0000] {dag.py:2742} INFO - Sync 1 DAGs
[2023-07-23T19:49:39.156+0000] {logging_mixin.py:150} INFO - [2023-07-23T19:49:39.156+0000] {dag.py:3504} INFO - Setting next_dagrun for example_trigger_controller_dag to 2021-01-01T00:00:00+00:00, run_after=2021-01-01T00:00:00+00:00
[2023-07-23T19:49:39.220+0000] {processor.py:179} INFO - Processing /home/airflow/.local/lib/python3.9/site-packages/airflow/example_dags/example_trigger_controller_dag.py took 0.245 seconds
[2023-07-23T19:50:16.761+0000] {processor.py:157} INFO - Started process (PID=1074) to work on /home/airflow/.local/lib/python3.9/site-packages/airflow/example_dags/example_trigger_controller_dag.py
[2023-07-23T19:50:16.781+0000] {processor.py:826} INFO - Processing file /home/airflow/.local/lib/python3.9/site-packages/airflow/example_dags/example_trigger_controller_dag.py for tasks to queue
[2023-07-23T19:50:16.782+0000] {logging_mixin.py:150} INFO - [2023-07-23T19:50:16.781+0000] {dagbag.py:541} INFO - Filling up the DagBag from /home/airflow/.local/lib/python3.9/site-packages/airflow/example_dags/example_trigger_controller_dag.py
[2023-07-23T19:50:16.818+0000] {processor.py:836} INFO - DAG(s) dict_keys(['example_trigger_controller_dag']) retrieved from /home/airflow/.local/lib/python3.9/site-packages/airflow/example_dags/example_trigger_controller_dag.py
[2023-07-23T19:50:16.917+0000] {logging_mixin.py:150} INFO - [2023-07-23T19:50:16.917+0000] {dag.py:2742} INFO - Sync 1 DAGs
[2023-07-23T19:50:17.034+0000] {logging_mixin.py:150} INFO - [2023-07-23T19:50:17.034+0000] {dag.py:3504} INFO - Setting next_dagrun for example_trigger_controller_dag to 2021-01-01T00:00:00+00:00, run_after=2021-01-01T00:00:00+00:00
[2023-07-23T19:50:17.138+0000] {processor.py:179} INFO - Processing /home/airflow/.local/lib/python3.9/site-packages/airflow/example_dags/example_trigger_controller_dag.py took 0.382 seconds
[2023-07-23T19:50:50.844+0000] {processor.py:157} INFO - Started process (PID=1136) to work on /home/airflow/.local/lib/python3.9/site-packages/airflow/example_dags/example_trigger_controller_dag.py
[2023-07-23T19:50:50.871+0000] {processor.py:826} INFO - Processing file /home/airflow/.local/lib/python3.9/site-packages/airflow/example_dags/example_trigger_controller_dag.py for tasks to queue
[2023-07-23T19:50:50.872+0000] {logging_mixin.py:150} INFO - [2023-07-23T19:50:50.872+0000] {dagbag.py:541} INFO - Filling up the DagBag from /home/airflow/.local/lib/python3.9/site-packages/airflow/example_dags/example_trigger_controller_dag.py
[2023-07-23T19:50:50.899+0000] {processor.py:836} INFO - DAG(s) dict_keys(['example_trigger_controller_dag']) retrieved from /home/airflow/.local/lib/python3.9/site-packages/airflow/example_dags/example_trigger_controller_dag.py
[2023-07-23T19:50:51.076+0000] {logging_mixin.py:150} INFO - [2023-07-23T19:50:51.076+0000] {dag.py:2742} INFO - Sync 1 DAGs
[2023-07-23T19:50:51.286+0000] {logging_mixin.py:150} INFO - [2023-07-23T19:50:51.286+0000] {dag.py:3504} INFO - Setting next_dagrun for example_trigger_controller_dag to 2021-01-01T00:00:00+00:00, run_after=2021-01-01T00:00:00+00:00
[2023-07-23T19:50:51.416+0000] {processor.py:179} INFO - Processing /home/airflow/.local/lib/python3.9/site-packages/airflow/example_dags/example_trigger_controller_dag.py took 0.577 seconds
[2023-07-23T19:51:21.994+0000] {processor.py:157} INFO - Started process (PID=1196) to work on /home/airflow/.local/lib/python3.9/site-packages/airflow/example_dags/example_trigger_controller_dag.py
[2023-07-23T19:51:22.026+0000] {processor.py:826} INFO - Processing file /home/airflow/.local/lib/python3.9/site-packages/airflow/example_dags/example_trigger_controller_dag.py for tasks to queue
[2023-07-23T19:51:22.027+0000] {logging_mixin.py:150} INFO - [2023-07-23T19:51:22.026+0000] {dagbag.py:541} INFO - Filling up the DagBag from /home/airflow/.local/lib/python3.9/site-packages/airflow/example_dags/example_trigger_controller_dag.py
[2023-07-23T19:51:22.033+0000] {processor.py:836} INFO - DAG(s) dict_keys(['example_trigger_controller_dag']) retrieved from /home/airflow/.local/lib/python3.9/site-packages/airflow/example_dags/example_trigger_controller_dag.py
[2023-07-23T19:51:22.206+0000] {logging_mixin.py:150} INFO - [2023-07-23T19:51:22.206+0000] {dag.py:2742} INFO - Sync 1 DAGs
[2023-07-23T19:51:22.366+0000] {logging_mixin.py:150} INFO - [2023-07-23T19:51:22.366+0000] {dag.py:3504} INFO - Setting next_dagrun for example_trigger_controller_dag to 2021-01-01T00:00:00+00:00, run_after=2021-01-01T00:00:00+00:00
[2023-07-23T19:51:22.580+0000] {processor.py:179} INFO - Processing /home/airflow/.local/lib/python3.9/site-packages/airflow/example_dags/example_trigger_controller_dag.py took 0.591 seconds
[2023-07-23T19:51:53.310+0000] {processor.py:157} INFO - Started process (PID=1252) to work on /home/airflow/.local/lib/python3.9/site-packages/airflow/example_dags/example_trigger_controller_dag.py
[2023-07-23T19:51:53.316+0000] {processor.py:826} INFO - Processing file /home/airflow/.local/lib/python3.9/site-packages/airflow/example_dags/example_trigger_controller_dag.py for tasks to queue
[2023-07-23T19:51:53.317+0000] {logging_mixin.py:150} INFO - [2023-07-23T19:51:53.316+0000] {dagbag.py:541} INFO - Filling up the DagBag from /home/airflow/.local/lib/python3.9/site-packages/airflow/example_dags/example_trigger_controller_dag.py
[2023-07-23T19:51:53.342+0000] {processor.py:836} INFO - DAG(s) dict_keys(['example_trigger_controller_dag']) retrieved from /home/airflow/.local/lib/python3.9/site-packages/airflow/example_dags/example_trigger_controller_dag.py
[2023-07-23T19:51:53.508+0000] {logging_mixin.py:150} INFO - [2023-07-23T19:51:53.507+0000] {dag.py:2742} INFO - Sync 1 DAGs
[2023-07-23T19:51:53.581+0000] {logging_mixin.py:150} INFO - [2023-07-23T19:51:53.580+0000] {dag.py:3504} INFO - Setting next_dagrun for example_trigger_controller_dag to 2021-01-01T00:00:00+00:00, run_after=2021-01-01T00:00:00+00:00
[2023-07-23T19:51:53.656+0000] {processor.py:179} INFO - Processing /home/airflow/.local/lib/python3.9/site-packages/airflow/example_dags/example_trigger_controller_dag.py took 0.366 seconds
[2023-07-23T19:52:25.591+0000] {processor.py:157} INFO - Started process (PID=1315) to work on /home/airflow/.local/lib/python3.9/site-packages/airflow/example_dags/example_trigger_controller_dag.py
[2023-07-23T19:52:25.609+0000] {processor.py:826} INFO - Processing file /home/airflow/.local/lib/python3.9/site-packages/airflow/example_dags/example_trigger_controller_dag.py for tasks to queue
[2023-07-23T19:52:25.610+0000] {logging_mixin.py:150} INFO - [2023-07-23T19:52:25.610+0000] {dagbag.py:541} INFO - Filling up the DagBag from /home/airflow/.local/lib/python3.9/site-packages/airflow/example_dags/example_trigger_controller_dag.py
[2023-07-23T19:52:25.639+0000] {processor.py:836} INFO - DAG(s) dict_keys(['example_trigger_controller_dag']) retrieved from /home/airflow/.local/lib/python3.9/site-packages/airflow/example_dags/example_trigger_controller_dag.py
[2023-07-23T19:52:25.706+0000] {logging_mixin.py:150} INFO - [2023-07-23T19:52:25.705+0000] {dag.py:2742} INFO - Sync 1 DAGs
[2023-07-23T19:52:25.826+0000] {logging_mixin.py:150} INFO - [2023-07-23T19:52:25.825+0000] {dag.py:3504} INFO - Setting next_dagrun for example_trigger_controller_dag to 2021-01-01T00:00:00+00:00, run_after=2021-01-01T00:00:00+00:00
[2023-07-23T19:52:25.931+0000] {processor.py:179} INFO - Processing /home/airflow/.local/lib/python3.9/site-packages/airflow/example_dags/example_trigger_controller_dag.py took 0.344 seconds
[2023-07-23T19:53:02.014+0000] {processor.py:157} INFO - Started process (PID=1379) to work on /home/airflow/.local/lib/python3.9/site-packages/airflow/example_dags/example_trigger_controller_dag.py
[2023-07-23T19:53:02.045+0000] {processor.py:826} INFO - Processing file /home/airflow/.local/lib/python3.9/site-packages/airflow/example_dags/example_trigger_controller_dag.py for tasks to queue
[2023-07-23T19:53:02.046+0000] {logging_mixin.py:150} INFO - [2023-07-23T19:53:02.046+0000] {dagbag.py:541} INFO - Filling up the DagBag from /home/airflow/.local/lib/python3.9/site-packages/airflow/example_dags/example_trigger_controller_dag.py
[2023-07-23T19:53:02.052+0000] {processor.py:836} INFO - DAG(s) dict_keys(['example_trigger_controller_dag']) retrieved from /home/airflow/.local/lib/python3.9/site-packages/airflow/example_dags/example_trigger_controller_dag.py
[2023-07-23T19:53:02.357+0000] {logging_mixin.py:150} INFO - [2023-07-23T19:53:02.357+0000] {dag.py:2742} INFO - Sync 1 DAGs
[2023-07-23T19:53:02.537+0000] {logging_mixin.py:150} INFO - [2023-07-23T19:53:02.536+0000] {dag.py:3504} INFO - Setting next_dagrun for example_trigger_controller_dag to 2021-01-01T00:00:00+00:00, run_after=2021-01-01T00:00:00+00:00
[2023-07-23T19:53:02.677+0000] {processor.py:179} INFO - Processing /home/airflow/.local/lib/python3.9/site-packages/airflow/example_dags/example_trigger_controller_dag.py took 0.668 seconds
[2023-07-23T19:53:33.497+0000] {processor.py:157} INFO - Started process (PID=1441) to work on /home/airflow/.local/lib/python3.9/site-packages/airflow/example_dags/example_trigger_controller_dag.py
[2023-07-23T19:53:33.499+0000] {processor.py:826} INFO - Processing file /home/airflow/.local/lib/python3.9/site-packages/airflow/example_dags/example_trigger_controller_dag.py for tasks to queue
[2023-07-23T19:53:33.500+0000] {logging_mixin.py:150} INFO - [2023-07-23T19:53:33.500+0000] {dagbag.py:541} INFO - Filling up the DagBag from /home/airflow/.local/lib/python3.9/site-packages/airflow/example_dags/example_trigger_controller_dag.py
[2023-07-23T19:53:33.509+0000] {processor.py:836} INFO - DAG(s) dict_keys(['example_trigger_controller_dag']) retrieved from /home/airflow/.local/lib/python3.9/site-packages/airflow/example_dags/example_trigger_controller_dag.py
[2023-07-23T19:53:33.619+0000] {logging_mixin.py:150} INFO - [2023-07-23T19:53:33.618+0000] {dag.py:2742} INFO - Sync 1 DAGs
[2023-07-23T19:53:33.716+0000] {logging_mixin.py:150} INFO - [2023-07-23T19:53:33.716+0000] {dag.py:3504} INFO - Setting next_dagrun for example_trigger_controller_dag to 2021-01-01T00:00:00+00:00, run_after=2021-01-01T00:00:00+00:00
[2023-07-23T19:53:33.805+0000] {processor.py:179} INFO - Processing /home/airflow/.local/lib/python3.9/site-packages/airflow/example_dags/example_trigger_controller_dag.py took 0.341 seconds
[2023-07-23T19:54:03.933+0000] {processor.py:157} INFO - Started process (PID=1502) to work on /home/airflow/.local/lib/python3.9/site-packages/airflow/example_dags/example_trigger_controller_dag.py
[2023-07-23T19:54:03.976+0000] {processor.py:826} INFO - Processing file /home/airflow/.local/lib/python3.9/site-packages/airflow/example_dags/example_trigger_controller_dag.py for tasks to queue
[2023-07-23T19:54:03.977+0000] {logging_mixin.py:150} INFO - [2023-07-23T19:54:03.977+0000] {dagbag.py:541} INFO - Filling up the DagBag from /home/airflow/.local/lib/python3.9/site-packages/airflow/example_dags/example_trigger_controller_dag.py
[2023-07-23T19:54:03.989+0000] {processor.py:836} INFO - DAG(s) dict_keys(['example_trigger_controller_dag']) retrieved from /home/airflow/.local/lib/python3.9/site-packages/airflow/example_dags/example_trigger_controller_dag.py
[2023-07-23T19:54:04.066+0000] {logging_mixin.py:150} INFO - [2023-07-23T19:54:04.065+0000] {dag.py:2742} INFO - Sync 1 DAGs
[2023-07-23T19:54:04.146+0000] {logging_mixin.py:150} INFO - [2023-07-23T19:54:04.146+0000] {dag.py:3504} INFO - Setting next_dagrun for example_trigger_controller_dag to 2021-01-01T00:00:00+00:00, run_after=2021-01-01T00:00:00+00:00
[2023-07-23T19:54:04.235+0000] {processor.py:179} INFO - Processing /home/airflow/.local/lib/python3.9/site-packages/airflow/example_dags/example_trigger_controller_dag.py took 0.306 seconds
[2023-07-23T19:54:35.267+0000] {processor.py:157} INFO - Started process (PID=1557) to work on /home/airflow/.local/lib/python3.9/site-packages/airflow/example_dags/example_trigger_controller_dag.py
[2023-07-23T19:54:35.269+0000] {processor.py:826} INFO - Processing file /home/airflow/.local/lib/python3.9/site-packages/airflow/example_dags/example_trigger_controller_dag.py for tasks to queue
[2023-07-23T19:54:35.270+0000] {logging_mixin.py:150} INFO - [2023-07-23T19:54:35.269+0000] {dagbag.py:541} INFO - Filling up the DagBag from /home/airflow/.local/lib/python3.9/site-packages/airflow/example_dags/example_trigger_controller_dag.py
[2023-07-23T19:54:35.275+0000] {processor.py:836} INFO - DAG(s) dict_keys(['example_trigger_controller_dag']) retrieved from /home/airflow/.local/lib/python3.9/site-packages/airflow/example_dags/example_trigger_controller_dag.py
[2023-07-23T19:54:35.366+0000] {logging_mixin.py:150} INFO - [2023-07-23T19:54:35.366+0000] {dag.py:2742} INFO - Sync 1 DAGs
[2023-07-23T19:54:35.478+0000] {logging_mixin.py:150} INFO - [2023-07-23T19:54:35.477+0000] {dag.py:3504} INFO - Setting next_dagrun for example_trigger_controller_dag to 2021-01-01T00:00:00+00:00, run_after=2021-01-01T00:00:00+00:00
[2023-07-23T19:54:35.546+0000] {processor.py:179} INFO - Processing /home/airflow/.local/lib/python3.9/site-packages/airflow/example_dags/example_trigger_controller_dag.py took 0.284 seconds
[2023-07-23T19:55:08.624+0000] {processor.py:157} INFO - Started process (PID=1627) to work on /home/airflow/.local/lib/python3.9/site-packages/airflow/example_dags/example_trigger_controller_dag.py
[2023-07-23T19:55:08.696+0000] {processor.py:826} INFO - Processing file /home/airflow/.local/lib/python3.9/site-packages/airflow/example_dags/example_trigger_controller_dag.py for tasks to queue
[2023-07-23T19:55:08.697+0000] {logging_mixin.py:150} INFO - [2023-07-23T19:55:08.696+0000] {dagbag.py:541} INFO - Filling up the DagBag from /home/airflow/.local/lib/python3.9/site-packages/airflow/example_dags/example_trigger_controller_dag.py
[2023-07-23T19:55:08.702+0000] {processor.py:836} INFO - DAG(s) dict_keys(['example_trigger_controller_dag']) retrieved from /home/airflow/.local/lib/python3.9/site-packages/airflow/example_dags/example_trigger_controller_dag.py
[2023-07-23T19:55:08.966+0000] {logging_mixin.py:150} INFO - [2023-07-23T19:55:08.966+0000] {dag.py:2742} INFO - Sync 1 DAGs
[2023-07-23T19:55:09.236+0000] {logging_mixin.py:150} INFO - [2023-07-23T19:55:09.236+0000] {dag.py:3504} INFO - Setting next_dagrun for example_trigger_controller_dag to 2021-01-01T00:00:00+00:00, run_after=2021-01-01T00:00:00+00:00
[2023-07-23T19:55:09.387+0000] {processor.py:179} INFO - Processing /home/airflow/.local/lib/python3.9/site-packages/airflow/example_dags/example_trigger_controller_dag.py took 0.767 seconds
[2023-07-23T19:55:41.154+0000] {processor.py:157} INFO - Started process (PID=1683) to work on /home/airflow/.local/lib/python3.9/site-packages/airflow/example_dags/example_trigger_controller_dag.py
[2023-07-23T19:55:41.166+0000] {processor.py:826} INFO - Processing file /home/airflow/.local/lib/python3.9/site-packages/airflow/example_dags/example_trigger_controller_dag.py for tasks to queue
[2023-07-23T19:55:41.167+0000] {logging_mixin.py:150} INFO - [2023-07-23T19:55:41.167+0000] {dagbag.py:541} INFO - Filling up the DagBag from /home/airflow/.local/lib/python3.9/site-packages/airflow/example_dags/example_trigger_controller_dag.py
[2023-07-23T19:55:41.198+0000] {processor.py:836} INFO - DAG(s) dict_keys(['example_trigger_controller_dag']) retrieved from /home/airflow/.local/lib/python3.9/site-packages/airflow/example_dags/example_trigger_controller_dag.py
[2023-07-23T19:55:41.306+0000] {logging_mixin.py:150} INFO - [2023-07-23T19:55:41.306+0000] {dag.py:2742} INFO - Sync 1 DAGs
[2023-07-23T19:55:41.522+0000] {logging_mixin.py:150} INFO - [2023-07-23T19:55:41.522+0000] {dag.py:3504} INFO - Setting next_dagrun for example_trigger_controller_dag to 2021-01-01T00:00:00+00:00, run_after=2021-01-01T00:00:00+00:00
[2023-07-23T19:55:41.742+0000] {processor.py:179} INFO - Processing /home/airflow/.local/lib/python3.9/site-packages/airflow/example_dags/example_trigger_controller_dag.py took 0.592 seconds
[2023-07-23T19:56:12.320+0000] {processor.py:157} INFO - Started process (PID=1743) to work on /home/airflow/.local/lib/python3.9/site-packages/airflow/example_dags/example_trigger_controller_dag.py
[2023-07-23T19:56:12.322+0000] {processor.py:826} INFO - Processing file /home/airflow/.local/lib/python3.9/site-packages/airflow/example_dags/example_trigger_controller_dag.py for tasks to queue
[2023-07-23T19:56:12.323+0000] {logging_mixin.py:150} INFO - [2023-07-23T19:56:12.323+0000] {dagbag.py:541} INFO - Filling up the DagBag from /home/airflow/.local/lib/python3.9/site-packages/airflow/example_dags/example_trigger_controller_dag.py
[2023-07-23T19:56:12.328+0000] {processor.py:836} INFO - DAG(s) dict_keys(['example_trigger_controller_dag']) retrieved from /home/airflow/.local/lib/python3.9/site-packages/airflow/example_dags/example_trigger_controller_dag.py
[2023-07-23T19:56:12.363+0000] {logging_mixin.py:150} INFO - [2023-07-23T19:56:12.363+0000] {dag.py:2742} INFO - Sync 1 DAGs
[2023-07-23T19:56:12.416+0000] {logging_mixin.py:150} INFO - [2023-07-23T19:56:12.416+0000] {dag.py:3504} INFO - Setting next_dagrun for example_trigger_controller_dag to 2021-01-01T00:00:00+00:00, run_after=2021-01-01T00:00:00+00:00
[2023-07-23T19:56:12.475+0000] {processor.py:179} INFO - Processing /home/airflow/.local/lib/python3.9/site-packages/airflow/example_dags/example_trigger_controller_dag.py took 0.159 seconds
[2023-07-23T19:56:43.208+0000] {processor.py:157} INFO - Started process (PID=1803) to work on /home/airflow/.local/lib/python3.9/site-packages/airflow/example_dags/example_trigger_controller_dag.py
[2023-07-23T19:56:43.209+0000] {processor.py:826} INFO - Processing file /home/airflow/.local/lib/python3.9/site-packages/airflow/example_dags/example_trigger_controller_dag.py for tasks to queue
[2023-07-23T19:56:43.210+0000] {logging_mixin.py:150} INFO - [2023-07-23T19:56:43.210+0000] {dagbag.py:541} INFO - Filling up the DagBag from /home/airflow/.local/lib/python3.9/site-packages/airflow/example_dags/example_trigger_controller_dag.py
[2023-07-23T19:56:43.216+0000] {processor.py:836} INFO - DAG(s) dict_keys(['example_trigger_controller_dag']) retrieved from /home/airflow/.local/lib/python3.9/site-packages/airflow/example_dags/example_trigger_controller_dag.py
[2023-07-23T19:56:43.242+0000] {logging_mixin.py:150} INFO - [2023-07-23T19:56:43.242+0000] {dag.py:2742} INFO - Sync 1 DAGs
[2023-07-23T19:56:43.267+0000] {logging_mixin.py:150} INFO - [2023-07-23T19:56:43.267+0000] {dag.py:3504} INFO - Setting next_dagrun for example_trigger_controller_dag to 2021-01-01T00:00:00+00:00, run_after=2021-01-01T00:00:00+00:00
[2023-07-23T19:56:43.292+0000] {processor.py:179} INFO - Processing /home/airflow/.local/lib/python3.9/site-packages/airflow/example_dags/example_trigger_controller_dag.py took 0.089 seconds
[2023-07-23T19:57:18.500+0000] {processor.py:157} INFO - Started process (PID=1865) to work on /home/airflow/.local/lib/python3.9/site-packages/airflow/example_dags/example_trigger_controller_dag.py
[2023-07-23T19:57:18.516+0000] {processor.py:826} INFO - Processing file /home/airflow/.local/lib/python3.9/site-packages/airflow/example_dags/example_trigger_controller_dag.py for tasks to queue
[2023-07-23T19:57:18.517+0000] {logging_mixin.py:150} INFO - [2023-07-23T19:57:18.517+0000] {dagbag.py:541} INFO - Filling up the DagBag from /home/airflow/.local/lib/python3.9/site-packages/airflow/example_dags/example_trigger_controller_dag.py
[2023-07-23T19:57:18.663+0000] {processor.py:836} INFO - DAG(s) dict_keys(['example_trigger_controller_dag']) retrieved from /home/airflow/.local/lib/python3.9/site-packages/airflow/example_dags/example_trigger_controller_dag.py
[2023-07-23T19:57:19.080+0000] {logging_mixin.py:150} INFO - [2023-07-23T19:57:19.080+0000] {dag.py:2742} INFO - Sync 1 DAGs
[2023-07-23T19:57:19.494+0000] {logging_mixin.py:150} INFO - [2023-07-23T19:57:19.493+0000] {dag.py:3504} INFO - Setting next_dagrun for example_trigger_controller_dag to 2021-01-01T00:00:00+00:00, run_after=2021-01-01T00:00:00+00:00
[2023-07-23T19:57:19.862+0000] {processor.py:179} INFO - Processing /home/airflow/.local/lib/python3.9/site-packages/airflow/example_dags/example_trigger_controller_dag.py took 1.557 seconds
[2023-07-23T19:58:43.105+0000] {processor.py:157} INFO - Started process (PID=1938) to work on /home/airflow/.local/lib/python3.9/site-packages/airflow/example_dags/example_trigger_controller_dag.py
[2023-07-23T19:58:43.183+0000] {processor.py:826} INFO - Processing file /home/airflow/.local/lib/python3.9/site-packages/airflow/example_dags/example_trigger_controller_dag.py for tasks to queue
[2023-07-23T19:58:43.184+0000] {logging_mixin.py:150} INFO - [2023-07-23T19:58:43.184+0000] {dagbag.py:541} INFO - Filling up the DagBag from /home/airflow/.local/lib/python3.9/site-packages/airflow/example_dags/example_trigger_controller_dag.py
[2023-07-23T19:58:43.281+0000] {processor.py:836} INFO - DAG(s) dict_keys(['example_trigger_controller_dag']) retrieved from /home/airflow/.local/lib/python3.9/site-packages/airflow/example_dags/example_trigger_controller_dag.py
[2023-07-23T19:58:43.653+0000] {logging_mixin.py:150} INFO - [2023-07-23T19:58:43.653+0000] {dag.py:2742} INFO - Sync 1 DAGs
[2023-07-23T19:58:44.216+0000] {logging_mixin.py:150} INFO - [2023-07-23T19:58:44.216+0000] {dag.py:3504} INFO - Setting next_dagrun for example_trigger_controller_dag to 2021-01-01T00:00:00+00:00, run_after=2021-01-01T00:00:00+00:00
[2023-07-23T19:58:44.683+0000] {processor.py:179} INFO - Processing /home/airflow/.local/lib/python3.9/site-packages/airflow/example_dags/example_trigger_controller_dag.py took 1.622 seconds
[2023-07-23T20:05:58.333+0000] {processor.py:157} INFO - Started process (PID=139) to work on /home/airflow/.local/lib/python3.9/site-packages/airflow/example_dags/example_trigger_controller_dag.py
[2023-07-23T20:05:58.356+0000] {processor.py:826} INFO - Processing file /home/airflow/.local/lib/python3.9/site-packages/airflow/example_dags/example_trigger_controller_dag.py for tasks to queue
[2023-07-23T20:05:58.357+0000] {logging_mixin.py:150} INFO - [2023-07-23T20:05:58.356+0000] {dagbag.py:541} INFO - Filling up the DagBag from /home/airflow/.local/lib/python3.9/site-packages/airflow/example_dags/example_trigger_controller_dag.py
[2023-07-23T20:05:58.363+0000] {processor.py:836} INFO - DAG(s) dict_keys(['example_trigger_controller_dag']) retrieved from /home/airflow/.local/lib/python3.9/site-packages/airflow/example_dags/example_trigger_controller_dag.py
[2023-07-23T20:05:58.436+0000] {logging_mixin.py:150} INFO - [2023-07-23T20:05:58.435+0000] {dag.py:2742} INFO - Sync 1 DAGs
[2023-07-23T20:05:58.496+0000] {logging_mixin.py:150} INFO - [2023-07-23T20:05:58.496+0000] {dag.py:3504} INFO - Setting next_dagrun for example_trigger_controller_dag to 2021-01-01T00:00:00+00:00, run_after=2021-01-01T00:00:00+00:00
[2023-07-23T20:05:58.534+0000] {processor.py:179} INFO - Processing /home/airflow/.local/lib/python3.9/site-packages/airflow/example_dags/example_trigger_controller_dag.py took 0.205 seconds
[2023-07-23T20:07:26.555+0000] {processor.py:157} INFO - Started process (PID=228) to work on /home/airflow/.local/lib/python3.9/site-packages/airflow/example_dags/example_trigger_controller_dag.py
[2023-07-23T20:07:26.622+0000] {processor.py:826} INFO - Processing file /home/airflow/.local/lib/python3.9/site-packages/airflow/example_dags/example_trigger_controller_dag.py for tasks to queue
[2023-07-23T20:07:26.623+0000] {logging_mixin.py:150} INFO - [2023-07-23T20:07:26.622+0000] {dagbag.py:541} INFO - Filling up the DagBag from /home/airflow/.local/lib/python3.9/site-packages/airflow/example_dags/example_trigger_controller_dag.py
[2023-07-23T20:07:26.816+0000] {processor.py:836} INFO - DAG(s) dict_keys(['example_trigger_controller_dag']) retrieved from /home/airflow/.local/lib/python3.9/site-packages/airflow/example_dags/example_trigger_controller_dag.py
[2023-07-23T20:07:27.540+0000] {logging_mixin.py:150} INFO - [2023-07-23T20:07:27.539+0000] {dag.py:2742} INFO - Sync 1 DAGs
[2023-07-23T20:07:28.464+0000] {logging_mixin.py:150} INFO - [2023-07-23T20:07:28.463+0000] {dag.py:3504} INFO - Setting next_dagrun for example_trigger_controller_dag to 2021-01-01T00:00:00+00:00, run_after=2021-01-01T00:00:00+00:00
[2023-07-23T20:07:29.848+0000] {processor.py:179} INFO - Processing /home/airflow/.local/lib/python3.9/site-packages/airflow/example_dags/example_trigger_controller_dag.py took 3.335 seconds
[2023-07-23T20:09:37.367+0000] {processor.py:157} INFO - Started process (PID=337) to work on /home/airflow/.local/lib/python3.9/site-packages/airflow/example_dags/example_trigger_controller_dag.py
[2023-07-23T20:09:37.381+0000] {processor.py:826} INFO - Processing file /home/airflow/.local/lib/python3.9/site-packages/airflow/example_dags/example_trigger_controller_dag.py for tasks to queue
[2023-07-23T20:09:37.382+0000] {logging_mixin.py:150} INFO - [2023-07-23T20:09:37.382+0000] {dagbag.py:541} INFO - Filling up the DagBag from /home/airflow/.local/lib/python3.9/site-packages/airflow/example_dags/example_trigger_controller_dag.py
[2023-07-23T20:09:37.655+0000] {processor.py:836} INFO - DAG(s) dict_keys(['example_trigger_controller_dag']) retrieved from /home/airflow/.local/lib/python3.9/site-packages/airflow/example_dags/example_trigger_controller_dag.py
[2023-07-23T20:09:38.156+0000] {logging_mixin.py:150} INFO - [2023-07-23T20:09:38.156+0000] {dag.py:2742} INFO - Sync 1 DAGs
[2023-07-23T20:09:38.516+0000] {logging_mixin.py:150} INFO - [2023-07-23T20:09:38.516+0000] {dag.py:3504} INFO - Setting next_dagrun for example_trigger_controller_dag to 2021-01-01T00:00:00+00:00, run_after=2021-01-01T00:00:00+00:00
[2023-07-23T20:09:38.970+0000] {processor.py:179} INFO - Processing /home/airflow/.local/lib/python3.9/site-packages/airflow/example_dags/example_trigger_controller_dag.py took 1.723 seconds
[2023-07-23T20:10:15.609+0000] {processor.py:157} INFO - Started process (PID=398) to work on /home/airflow/.local/lib/python3.9/site-packages/airflow/example_dags/example_trigger_controller_dag.py
[2023-07-23T20:10:15.635+0000] {processor.py:826} INFO - Processing file /home/airflow/.local/lib/python3.9/site-packages/airflow/example_dags/example_trigger_controller_dag.py for tasks to queue
[2023-07-23T20:10:15.636+0000] {logging_mixin.py:150} INFO - [2023-07-23T20:10:15.636+0000] {dagbag.py:541} INFO - Filling up the DagBag from /home/airflow/.local/lib/python3.9/site-packages/airflow/example_dags/example_trigger_controller_dag.py
[2023-07-23T20:10:15.642+0000] {processor.py:836} INFO - DAG(s) dict_keys(['example_trigger_controller_dag']) retrieved from /home/airflow/.local/lib/python3.9/site-packages/airflow/example_dags/example_trigger_controller_dag.py
[2023-07-23T20:10:15.712+0000] {logging_mixin.py:150} INFO - [2023-07-23T20:10:15.711+0000] {dag.py:2742} INFO - Sync 1 DAGs
[2023-07-23T20:10:15.786+0000] {logging_mixin.py:150} INFO - [2023-07-23T20:10:15.786+0000] {dag.py:3504} INFO - Setting next_dagrun for example_trigger_controller_dag to 2021-01-01T00:00:00+00:00, run_after=2021-01-01T00:00:00+00:00
[2023-07-23T20:10:15.867+0000] {processor.py:179} INFO - Processing /home/airflow/.local/lib/python3.9/site-packages/airflow/example_dags/example_trigger_controller_dag.py took 0.283 seconds
[2023-07-23T20:10:49.055+0000] {processor.py:157} INFO - Started process (PID=460) to work on /home/airflow/.local/lib/python3.9/site-packages/airflow/example_dags/example_trigger_controller_dag.py
[2023-07-23T20:10:49.057+0000] {processor.py:826} INFO - Processing file /home/airflow/.local/lib/python3.9/site-packages/airflow/example_dags/example_trigger_controller_dag.py for tasks to queue
[2023-07-23T20:10:49.058+0000] {logging_mixin.py:150} INFO - [2023-07-23T20:10:49.058+0000] {dagbag.py:541} INFO - Filling up the DagBag from /home/airflow/.local/lib/python3.9/site-packages/airflow/example_dags/example_trigger_controller_dag.py
[2023-07-23T20:10:49.064+0000] {processor.py:836} INFO - DAG(s) dict_keys(['example_trigger_controller_dag']) retrieved from /home/airflow/.local/lib/python3.9/site-packages/airflow/example_dags/example_trigger_controller_dag.py
[2023-07-23T20:10:49.226+0000] {logging_mixin.py:150} INFO - [2023-07-23T20:10:49.226+0000] {dag.py:2742} INFO - Sync 1 DAGs
[2023-07-23T20:10:49.339+0000] {logging_mixin.py:150} INFO - [2023-07-23T20:10:49.339+0000] {dag.py:3504} INFO - Setting next_dagrun for example_trigger_controller_dag to 2021-01-01T00:00:00+00:00, run_after=2021-01-01T00:00:00+00:00
[2023-07-23T20:10:49.425+0000] {processor.py:179} INFO - Processing /home/airflow/.local/lib/python3.9/site-packages/airflow/example_dags/example_trigger_controller_dag.py took 0.405 seconds
[2023-07-23T20:11:20.131+0000] {processor.py:157} INFO - Started process (PID=522) to work on /home/airflow/.local/lib/python3.9/site-packages/airflow/example_dags/example_trigger_controller_dag.py
[2023-07-23T20:11:20.155+0000] {processor.py:826} INFO - Processing file /home/airflow/.local/lib/python3.9/site-packages/airflow/example_dags/example_trigger_controller_dag.py for tasks to queue
[2023-07-23T20:11:20.156+0000] {logging_mixin.py:150} INFO - [2023-07-23T20:11:20.156+0000] {dagbag.py:541} INFO - Filling up the DagBag from /home/airflow/.local/lib/python3.9/site-packages/airflow/example_dags/example_trigger_controller_dag.py
[2023-07-23T20:11:20.162+0000] {processor.py:836} INFO - DAG(s) dict_keys(['example_trigger_controller_dag']) retrieved from /home/airflow/.local/lib/python3.9/site-packages/airflow/example_dags/example_trigger_controller_dag.py
[2023-07-23T20:11:20.244+0000] {logging_mixin.py:150} INFO - [2023-07-23T20:11:20.244+0000] {dag.py:2742} INFO - Sync 1 DAGs
[2023-07-23T20:11:20.328+0000] {logging_mixin.py:150} INFO - [2023-07-23T20:11:20.327+0000] {dag.py:3504} INFO - Setting next_dagrun for example_trigger_controller_dag to 2021-01-01T00:00:00+00:00, run_after=2021-01-01T00:00:00+00:00
[2023-07-23T20:11:20.363+0000] {processor.py:179} INFO - Processing /home/airflow/.local/lib/python3.9/site-packages/airflow/example_dags/example_trigger_controller_dag.py took 0.260 seconds
[2023-07-23T20:12:26.631+0000] {processor.py:157} INFO - Started process (PID=593) to work on /home/airflow/.local/lib/python3.9/site-packages/airflow/example_dags/example_trigger_controller_dag.py
[2023-07-23T20:12:26.632+0000] {processor.py:826} INFO - Processing file /home/airflow/.local/lib/python3.9/site-packages/airflow/example_dags/example_trigger_controller_dag.py for tasks to queue
[2023-07-23T20:12:26.670+0000] {logging_mixin.py:150} INFO - [2023-07-23T20:12:26.633+0000] {dagbag.py:541} INFO - Filling up the DagBag from /home/airflow/.local/lib/python3.9/site-packages/airflow/example_dags/example_trigger_controller_dag.py
[2023-07-23T20:12:26.729+0000] {processor.py:836} INFO - DAG(s) dict_keys(['example_trigger_controller_dag']) retrieved from /home/airflow/.local/lib/python3.9/site-packages/airflow/example_dags/example_trigger_controller_dag.py
[2023-07-23T20:12:27.174+0000] {logging_mixin.py:150} INFO - [2023-07-23T20:12:27.173+0000] {dag.py:2742} INFO - Sync 1 DAGs
[2023-07-23T20:12:27.466+0000] {logging_mixin.py:150} INFO - [2023-07-23T20:12:27.466+0000] {dag.py:3504} INFO - Setting next_dagrun for example_trigger_controller_dag to 2021-01-01T00:00:00+00:00, run_after=2021-01-01T00:00:00+00:00
[2023-07-23T20:12:27.885+0000] {processor.py:179} INFO - Processing /home/airflow/.local/lib/python3.9/site-packages/airflow/example_dags/example_trigger_controller_dag.py took 1.296 seconds
[2023-07-23T20:14:49.990+0000] {processor.py:157} INFO - Started process (PID=698) to work on /home/airflow/.local/lib/python3.9/site-packages/airflow/example_dags/example_trigger_controller_dag.py
[2023-07-23T20:14:50.016+0000] {processor.py:826} INFO - Processing file /home/airflow/.local/lib/python3.9/site-packages/airflow/example_dags/example_trigger_controller_dag.py for tasks to queue
[2023-07-23T20:14:50.017+0000] {logging_mixin.py:150} INFO - [2023-07-23T20:14:50.017+0000] {dagbag.py:541} INFO - Filling up the DagBag from /home/airflow/.local/lib/python3.9/site-packages/airflow/example_dags/example_trigger_controller_dag.py
[2023-07-23T20:14:50.169+0000] {processor.py:836} INFO - DAG(s) dict_keys(['example_trigger_controller_dag']) retrieved from /home/airflow/.local/lib/python3.9/site-packages/airflow/example_dags/example_trigger_controller_dag.py
[2023-07-23T20:14:50.837+0000] {logging_mixin.py:150} INFO - [2023-07-23T20:14:50.837+0000] {dag.py:2742} INFO - Sync 1 DAGs
[2023-07-23T20:14:51.859+0000] {logging_mixin.py:150} INFO - [2023-07-23T20:14:51.858+0000] {dag.py:3504} INFO - Setting next_dagrun for example_trigger_controller_dag to 2021-01-01T00:00:00+00:00, run_after=2021-01-01T00:00:00+00:00
[2023-07-23T20:14:53.373+0000] {processor.py:179} INFO - Processing /home/airflow/.local/lib/python3.9/site-packages/airflow/example_dags/example_trigger_controller_dag.py took 3.493 seconds
[2023-07-23T20:15:24.618+0000] {processor.py:157} INFO - Started process (PID=761) to work on /home/airflow/.local/lib/python3.9/site-packages/airflow/example_dags/example_trigger_controller_dag.py
[2023-07-23T20:15:24.620+0000] {processor.py:826} INFO - Processing file /home/airflow/.local/lib/python3.9/site-packages/airflow/example_dags/example_trigger_controller_dag.py for tasks to queue
[2023-07-23T20:15:24.621+0000] {logging_mixin.py:150} INFO - [2023-07-23T20:15:24.620+0000] {dagbag.py:541} INFO - Filling up the DagBag from /home/airflow/.local/lib/python3.9/site-packages/airflow/example_dags/example_trigger_controller_dag.py
[2023-07-23T20:15:24.637+0000] {processor.py:836} INFO - DAG(s) dict_keys(['example_trigger_controller_dag']) retrieved from /home/airflow/.local/lib/python3.9/site-packages/airflow/example_dags/example_trigger_controller_dag.py
[2023-07-23T20:15:24.698+0000] {logging_mixin.py:150} INFO - [2023-07-23T20:15:24.698+0000] {dag.py:2742} INFO - Sync 1 DAGs
[2023-07-23T20:15:24.756+0000] {logging_mixin.py:150} INFO - [2023-07-23T20:15:24.756+0000] {dag.py:3504} INFO - Setting next_dagrun for example_trigger_controller_dag to 2021-01-01T00:00:00+00:00, run_after=2021-01-01T00:00:00+00:00
[2023-07-23T20:15:24.815+0000] {processor.py:179} INFO - Processing /home/airflow/.local/lib/python3.9/site-packages/airflow/example_dags/example_trigger_controller_dag.py took 0.216 seconds
[2023-07-23T20:15:56.354+0000] {processor.py:157} INFO - Started process (PID=821) to work on /home/airflow/.local/lib/python3.9/site-packages/airflow/example_dags/example_trigger_controller_dag.py
[2023-07-23T20:15:56.376+0000] {processor.py:826} INFO - Processing file /home/airflow/.local/lib/python3.9/site-packages/airflow/example_dags/example_trigger_controller_dag.py for tasks to queue
[2023-07-23T20:15:56.377+0000] {logging_mixin.py:150} INFO - [2023-07-23T20:15:56.376+0000] {dagbag.py:541} INFO - Filling up the DagBag from /home/airflow/.local/lib/python3.9/site-packages/airflow/example_dags/example_trigger_controller_dag.py
[2023-07-23T20:15:56.401+0000] {processor.py:836} INFO - DAG(s) dict_keys(['example_trigger_controller_dag']) retrieved from /home/airflow/.local/lib/python3.9/site-packages/airflow/example_dags/example_trigger_controller_dag.py
[2023-07-23T20:15:56.596+0000] {logging_mixin.py:150} INFO - [2023-07-23T20:15:56.596+0000] {dag.py:2742} INFO - Sync 1 DAGs
[2023-07-23T20:15:56.726+0000] {logging_mixin.py:150} INFO - [2023-07-23T20:15:56.726+0000] {dag.py:3504} INFO - Setting next_dagrun for example_trigger_controller_dag to 2021-01-01T00:00:00+00:00, run_after=2021-01-01T00:00:00+00:00
[2023-07-23T20:15:56.809+0000] {processor.py:179} INFO - Processing /home/airflow/.local/lib/python3.9/site-packages/airflow/example_dags/example_trigger_controller_dag.py took 0.459 seconds
[2023-07-23T20:17:07.499+0000] {processor.py:157} INFO - Started process (PID=894) to work on /home/airflow/.local/lib/python3.9/site-packages/airflow/example_dags/example_trigger_controller_dag.py
[2023-07-23T20:17:07.515+0000] {processor.py:826} INFO - Processing file /home/airflow/.local/lib/python3.9/site-packages/airflow/example_dags/example_trigger_controller_dag.py for tasks to queue
[2023-07-23T20:17:07.517+0000] {logging_mixin.py:150} INFO - [2023-07-23T20:17:07.516+0000] {dagbag.py:541} INFO - Filling up the DagBag from /home/airflow/.local/lib/python3.9/site-packages/airflow/example_dags/example_trigger_controller_dag.py
[2023-07-23T20:17:07.671+0000] {processor.py:836} INFO - DAG(s) dict_keys(['example_trigger_controller_dag']) retrieved from /home/airflow/.local/lib/python3.9/site-packages/airflow/example_dags/example_trigger_controller_dag.py
[2023-07-23T20:17:08.950+0000] {logging_mixin.py:150} INFO - [2023-07-23T20:17:08.949+0000] {dag.py:2742} INFO - Sync 1 DAGs
[2023-07-23T20:17:09.936+0000] {logging_mixin.py:150} INFO - [2023-07-23T20:17:09.936+0000] {dag.py:3504} INFO - Setting next_dagrun for example_trigger_controller_dag to 2021-01-01T00:00:00+00:00, run_after=2021-01-01T00:00:00+00:00
[2023-07-23T20:17:11.403+0000] {processor.py:179} INFO - Processing /home/airflow/.local/lib/python3.9/site-packages/airflow/example_dags/example_trigger_controller_dag.py took 3.957 seconds
[2023-07-23T20:20:17.347+0000] {processor.py:157} INFO - Started process (PID=1021) to work on /home/airflow/.local/lib/python3.9/site-packages/airflow/example_dags/example_trigger_controller_dag.py
[2023-07-23T20:20:17.360+0000] {processor.py:826} INFO - Processing file /home/airflow/.local/lib/python3.9/site-packages/airflow/example_dags/example_trigger_controller_dag.py for tasks to queue
[2023-07-23T20:20:17.361+0000] {logging_mixin.py:150} INFO - [2023-07-23T20:20:17.361+0000] {dagbag.py:541} INFO - Filling up the DagBag from /home/airflow/.local/lib/python3.9/site-packages/airflow/example_dags/example_trigger_controller_dag.py
[2023-07-23T20:20:17.377+0000] {processor.py:836} INFO - DAG(s) dict_keys(['example_trigger_controller_dag']) retrieved from /home/airflow/.local/lib/python3.9/site-packages/airflow/example_dags/example_trigger_controller_dag.py
[2023-07-23T20:20:17.475+0000] {logging_mixin.py:150} INFO - [2023-07-23T20:20:17.475+0000] {dag.py:2742} INFO - Sync 1 DAGs
[2023-07-23T20:20:17.666+0000] {logging_mixin.py:150} INFO - [2023-07-23T20:20:17.666+0000] {dag.py:3504} INFO - Setting next_dagrun for example_trigger_controller_dag to 2021-01-01T00:00:00+00:00, run_after=2021-01-01T00:00:00+00:00
[2023-07-23T20:20:17.771+0000] {processor.py:179} INFO - Processing /home/airflow/.local/lib/python3.9/site-packages/airflow/example_dags/example_trigger_controller_dag.py took 0.428 seconds
[2023-07-23T20:20:49.922+0000] {processor.py:157} INFO - Started process (PID=1082) to work on /home/airflow/.local/lib/python3.9/site-packages/airflow/example_dags/example_trigger_controller_dag.py
[2023-07-23T20:20:49.965+0000] {processor.py:826} INFO - Processing file /home/airflow/.local/lib/python3.9/site-packages/airflow/example_dags/example_trigger_controller_dag.py for tasks to queue
[2023-07-23T20:20:49.967+0000] {logging_mixin.py:150} INFO - [2023-07-23T20:20:49.966+0000] {dagbag.py:541} INFO - Filling up the DagBag from /home/airflow/.local/lib/python3.9/site-packages/airflow/example_dags/example_trigger_controller_dag.py
[2023-07-23T20:20:49.972+0000] {processor.py:836} INFO - DAG(s) dict_keys(['example_trigger_controller_dag']) retrieved from /home/airflow/.local/lib/python3.9/site-packages/airflow/example_dags/example_trigger_controller_dag.py
[2023-07-23T20:20:50.119+0000] {logging_mixin.py:150} INFO - [2023-07-23T20:20:50.119+0000] {dag.py:2742} INFO - Sync 1 DAGs
[2023-07-23T20:20:50.216+0000] {logging_mixin.py:150} INFO - [2023-07-23T20:20:50.216+0000] {dag.py:3504} INFO - Setting next_dagrun for example_trigger_controller_dag to 2021-01-01T00:00:00+00:00, run_after=2021-01-01T00:00:00+00:00
[2023-07-23T20:20:50.325+0000] {processor.py:179} INFO - Processing /home/airflow/.local/lib/python3.9/site-packages/airflow/example_dags/example_trigger_controller_dag.py took 0.408 seconds
[2023-07-23T20:22:14.323+0000] {processor.py:157} INFO - Started process (PID=1173) to work on /home/airflow/.local/lib/python3.9/site-packages/airflow/example_dags/example_trigger_controller_dag.py
[2023-07-23T20:22:14.401+0000] {processor.py:826} INFO - Processing file /home/airflow/.local/lib/python3.9/site-packages/airflow/example_dags/example_trigger_controller_dag.py for tasks to queue
[2023-07-23T20:22:14.403+0000] {logging_mixin.py:150} INFO - [2023-07-23T20:22:14.402+0000] {dagbag.py:541} INFO - Filling up the DagBag from /home/airflow/.local/lib/python3.9/site-packages/airflow/example_dags/example_trigger_controller_dag.py
[2023-07-23T20:22:14.448+0000] {processor.py:836} INFO - DAG(s) dict_keys(['example_trigger_controller_dag']) retrieved from /home/airflow/.local/lib/python3.9/site-packages/airflow/example_dags/example_trigger_controller_dag.py
[2023-07-23T20:22:15.418+0000] {logging_mixin.py:150} INFO - [2023-07-23T20:22:15.417+0000] {dag.py:2742} INFO - Sync 1 DAGs
[2023-07-23T20:22:16.326+0000] {logging_mixin.py:150} INFO - [2023-07-23T20:22:16.325+0000] {dag.py:3504} INFO - Setting next_dagrun for example_trigger_controller_dag to 2021-01-01T00:00:00+00:00, run_after=2021-01-01T00:00:00+00:00
[2023-07-23T20:22:17.104+0000] {processor.py:179} INFO - Processing /home/airflow/.local/lib/python3.9/site-packages/airflow/example_dags/example_trigger_controller_dag.py took 2.831 seconds
[2023-07-23T20:25:19.060+0000] {processor.py:157} INFO - Started process (PID=1298) to work on /home/airflow/.local/lib/python3.9/site-packages/airflow/example_dags/example_trigger_controller_dag.py
[2023-07-23T20:25:19.062+0000] {processor.py:826} INFO - Processing file /home/airflow/.local/lib/python3.9/site-packages/airflow/example_dags/example_trigger_controller_dag.py for tasks to queue
[2023-07-23T20:25:19.063+0000] {logging_mixin.py:150} INFO - [2023-07-23T20:25:19.062+0000] {dagbag.py:541} INFO - Filling up the DagBag from /home/airflow/.local/lib/python3.9/site-packages/airflow/example_dags/example_trigger_controller_dag.py
[2023-07-23T20:25:19.089+0000] {processor.py:836} INFO - DAG(s) dict_keys(['example_trigger_controller_dag']) retrieved from /home/airflow/.local/lib/python3.9/site-packages/airflow/example_dags/example_trigger_controller_dag.py
[2023-07-23T20:25:19.246+0000] {logging_mixin.py:150} INFO - [2023-07-23T20:25:19.246+0000] {dag.py:2742} INFO - Sync 1 DAGs
[2023-07-23T20:25:19.363+0000] {logging_mixin.py:150} INFO - [2023-07-23T20:25:19.362+0000] {dag.py:3504} INFO - Setting next_dagrun for example_trigger_controller_dag to 2021-01-01T00:00:00+00:00, run_after=2021-01-01T00:00:00+00:00
[2023-07-23T20:25:19.477+0000] {processor.py:179} INFO - Processing /home/airflow/.local/lib/python3.9/site-packages/airflow/example_dags/example_trigger_controller_dag.py took 0.455 seconds
[2023-07-23T20:25:51.414+0000] {processor.py:157} INFO - Started process (PID=1360) to work on /home/airflow/.local/lib/python3.9/site-packages/airflow/example_dags/example_trigger_controller_dag.py
[2023-07-23T20:25:51.435+0000] {processor.py:826} INFO - Processing file /home/airflow/.local/lib/python3.9/site-packages/airflow/example_dags/example_trigger_controller_dag.py for tasks to queue
[2023-07-23T20:25:51.437+0000] {logging_mixin.py:150} INFO - [2023-07-23T20:25:51.436+0000] {dagbag.py:541} INFO - Filling up the DagBag from /home/airflow/.local/lib/python3.9/site-packages/airflow/example_dags/example_trigger_controller_dag.py
[2023-07-23T20:25:51.482+0000] {processor.py:836} INFO - DAG(s) dict_keys(['example_trigger_controller_dag']) retrieved from /home/airflow/.local/lib/python3.9/site-packages/airflow/example_dags/example_trigger_controller_dag.py
[2023-07-23T20:25:51.546+0000] {logging_mixin.py:150} INFO - [2023-07-23T20:25:51.546+0000] {dag.py:2742} INFO - Sync 1 DAGs
[2023-07-23T20:25:51.603+0000] {logging_mixin.py:150} INFO - [2023-07-23T20:25:51.602+0000] {dag.py:3504} INFO - Setting next_dagrun for example_trigger_controller_dag to 2021-01-01T00:00:00+00:00, run_after=2021-01-01T00:00:00+00:00
[2023-07-23T20:25:51.730+0000] {processor.py:179} INFO - Processing /home/airflow/.local/lib/python3.9/site-packages/airflow/example_dags/example_trigger_controller_dag.py took 0.321 seconds
[2023-07-23T20:27:42.174+0000] {processor.py:157} INFO - Started process (PID=1470) to work on /home/airflow/.local/lib/python3.9/site-packages/airflow/example_dags/example_trigger_controller_dag.py
[2023-07-23T20:27:42.178+0000] {processor.py:826} INFO - Processing file /home/airflow/.local/lib/python3.9/site-packages/airflow/example_dags/example_trigger_controller_dag.py for tasks to queue
[2023-07-23T20:27:42.307+0000] {logging_mixin.py:150} INFO - [2023-07-23T20:27:42.307+0000] {dagbag.py:541} INFO - Filling up the DagBag from /home/airflow/.local/lib/python3.9/site-packages/airflow/example_dags/example_trigger_controller_dag.py
[2023-07-23T20:27:42.654+0000] {processor.py:836} INFO - DAG(s) dict_keys(['example_trigger_controller_dag']) retrieved from /home/airflow/.local/lib/python3.9/site-packages/airflow/example_dags/example_trigger_controller_dag.py
[2023-07-23T20:27:43.727+0000] {logging_mixin.py:150} INFO - [2023-07-23T20:27:43.727+0000] {dag.py:2742} INFO - Sync 1 DAGs
[2023-07-23T20:27:45.294+0000] {logging_mixin.py:150} INFO - [2023-07-23T20:27:45.293+0000] {dag.py:3504} INFO - Setting next_dagrun for example_trigger_controller_dag to 2021-01-01T00:00:00+00:00, run_after=2021-01-01T00:00:00+00:00
[2023-07-23T20:27:46.016+0000] {processor.py:179} INFO - Processing /home/airflow/.local/lib/python3.9/site-packages/airflow/example_dags/example_trigger_controller_dag.py took 3.865 seconds
[2023-07-23T20:30:20.749+0000] {processor.py:157} INFO - Started process (PID=1588) to work on /home/airflow/.local/lib/python3.9/site-packages/airflow/example_dags/example_trigger_controller_dag.py
[2023-07-23T20:30:20.765+0000] {processor.py:826} INFO - Processing file /home/airflow/.local/lib/python3.9/site-packages/airflow/example_dags/example_trigger_controller_dag.py for tasks to queue
[2023-07-23T20:30:20.767+0000] {logging_mixin.py:150} INFO - [2023-07-23T20:30:20.766+0000] {dagbag.py:541} INFO - Filling up the DagBag from /home/airflow/.local/lib/python3.9/site-packages/airflow/example_dags/example_trigger_controller_dag.py
[2023-07-23T20:30:20.773+0000] {processor.py:836} INFO - DAG(s) dict_keys(['example_trigger_controller_dag']) retrieved from /home/airflow/.local/lib/python3.9/site-packages/airflow/example_dags/example_trigger_controller_dag.py
[2023-07-23T20:30:20.981+0000] {logging_mixin.py:150} INFO - [2023-07-23T20:30:20.981+0000] {dag.py:2742} INFO - Sync 1 DAGs
[2023-07-23T20:30:21.116+0000] {logging_mixin.py:150} INFO - [2023-07-23T20:30:21.116+0000] {dag.py:3504} INFO - Setting next_dagrun for example_trigger_controller_dag to 2021-01-01T00:00:00+00:00, run_after=2021-01-01T00:00:00+00:00
[2023-07-23T20:30:21.375+0000] {processor.py:179} INFO - Processing /home/airflow/.local/lib/python3.9/site-packages/airflow/example_dags/example_trigger_controller_dag.py took 0.674 seconds
[2023-07-23T20:30:52.143+0000] {processor.py:157} INFO - Started process (PID=1650) to work on /home/airflow/.local/lib/python3.9/site-packages/airflow/example_dags/example_trigger_controller_dag.py
[2023-07-23T20:30:52.155+0000] {processor.py:826} INFO - Processing file /home/airflow/.local/lib/python3.9/site-packages/airflow/example_dags/example_trigger_controller_dag.py for tasks to queue
[2023-07-23T20:30:52.156+0000] {logging_mixin.py:150} INFO - [2023-07-23T20:30:52.156+0000] {dagbag.py:541} INFO - Filling up the DagBag from /home/airflow/.local/lib/python3.9/site-packages/airflow/example_dags/example_trigger_controller_dag.py
[2023-07-23T20:30:52.162+0000] {processor.py:836} INFO - DAG(s) dict_keys(['example_trigger_controller_dag']) retrieved from /home/airflow/.local/lib/python3.9/site-packages/airflow/example_dags/example_trigger_controller_dag.py
[2023-07-23T20:30:52.257+0000] {logging_mixin.py:150} INFO - [2023-07-23T20:30:52.257+0000] {dag.py:2742} INFO - Sync 1 DAGs
[2023-07-23T20:30:52.326+0000] {logging_mixin.py:150} INFO - [2023-07-23T20:30:52.326+0000] {dag.py:3504} INFO - Setting next_dagrun for example_trigger_controller_dag to 2021-01-01T00:00:00+00:00, run_after=2021-01-01T00:00:00+00:00
[2023-07-23T20:30:52.406+0000] {processor.py:179} INFO - Processing /home/airflow/.local/lib/python3.9/site-packages/airflow/example_dags/example_trigger_controller_dag.py took 0.267 seconds
[2023-07-23T20:31:35.213+0000] {processor.py:157} INFO - Started process (PID=1712) to work on /home/airflow/.local/lib/python3.9/site-packages/airflow/example_dags/example_trigger_controller_dag.py
[2023-07-23T20:31:35.215+0000] {processor.py:826} INFO - Processing file /home/airflow/.local/lib/python3.9/site-packages/airflow/example_dags/example_trigger_controller_dag.py for tasks to queue
[2023-07-23T20:31:35.224+0000] {logging_mixin.py:150} INFO - [2023-07-23T20:31:35.215+0000] {dagbag.py:541} INFO - Filling up the DagBag from /home/airflow/.local/lib/python3.9/site-packages/airflow/example_dags/example_trigger_controller_dag.py
[2023-07-23T20:31:35.320+0000] {processor.py:836} INFO - DAG(s) dict_keys(['example_trigger_controller_dag']) retrieved from /home/airflow/.local/lib/python3.9/site-packages/airflow/example_dags/example_trigger_controller_dag.py
[2023-07-23T20:31:35.914+0000] {logging_mixin.py:150} INFO - [2023-07-23T20:31:35.913+0000] {dag.py:2742} INFO - Sync 1 DAGs
[2023-07-23T20:31:37.086+0000] {logging_mixin.py:150} INFO - [2023-07-23T20:31:37.086+0000] {dag.py:3504} INFO - Setting next_dagrun for example_trigger_controller_dag to 2021-01-01T00:00:00+00:00, run_after=2021-01-01T00:00:00+00:00
[2023-07-23T20:31:38.075+0000] {processor.py:179} INFO - Processing /home/airflow/.local/lib/python3.9/site-packages/airflow/example_dags/example_trigger_controller_dag.py took 2.915 seconds
