[2023-07-23T19:28:24.520+0000] {processor.py:157} INFO - Started process (PID=79) to work on /home/airflow/.local/lib/python3.9/site-packages/airflow/example_dags/example_skip_dag.py
[2023-07-23T19:28:24.521+0000] {processor.py:826} INFO - Processing file /home/airflow/.local/lib/python3.9/site-packages/airflow/example_dags/example_skip_dag.py for tasks to queue
[2023-07-23T19:28:24.539+0000] {logging_mixin.py:150} INFO - [2023-07-23T19:28:24.522+0000] {dagbag.py:541} INFO - Filling up the DagBag from /home/airflow/.local/lib/python3.9/site-packages/airflow/example_dags/example_skip_dag.py
[2023-07-23T19:28:24.572+0000] {processor.py:836} INFO - DAG(s) dict_keys(['example_skip_dag']) retrieved from /home/airflow/.local/lib/python3.9/site-packages/airflow/example_dags/example_skip_dag.py
[2023-07-23T19:28:25.327+0000] {logging_mixin.py:150} INFO - [2023-07-23T19:28:25.327+0000] {dag.py:2742} INFO - Sync 1 DAGs
[2023-07-23T19:28:25.419+0000] {logging_mixin.py:150} INFO - [2023-07-23T19:28:25.419+0000] {dag.py:3504} INFO - Setting next_dagrun for example_skip_dag to 2023-07-22T19:28:25.416900+00:00, run_after=2023-07-23T19:28:25.416900+00:00
[2023-07-23T19:28:25.440+0000] {processor.py:179} INFO - Processing /home/airflow/.local/lib/python3.9/site-packages/airflow/example_dags/example_skip_dag.py took 0.936 seconds
[2023-07-23T19:28:56.608+0000] {processor.py:157} INFO - Started process (PID=140) to work on /home/airflow/.local/lib/python3.9/site-packages/airflow/example_dags/example_skip_dag.py
[2023-07-23T19:28:56.619+0000] {processor.py:826} INFO - Processing file /home/airflow/.local/lib/python3.9/site-packages/airflow/example_dags/example_skip_dag.py for tasks to queue
[2023-07-23T19:28:56.620+0000] {logging_mixin.py:150} INFO - [2023-07-23T19:28:56.620+0000] {dagbag.py:541} INFO - Filling up the DagBag from /home/airflow/.local/lib/python3.9/site-packages/airflow/example_dags/example_skip_dag.py
[2023-07-23T19:28:56.631+0000] {processor.py:836} INFO - DAG(s) dict_keys(['example_skip_dag']) retrieved from /home/airflow/.local/lib/python3.9/site-packages/airflow/example_dags/example_skip_dag.py
[2023-07-23T19:28:56.657+0000] {logging_mixin.py:150} INFO - [2023-07-23T19:28:56.657+0000] {dag.py:2742} INFO - Sync 1 DAGs
[2023-07-23T19:28:56.694+0000] {logging_mixin.py:150} INFO - [2023-07-23T19:28:56.694+0000] {dag.py:3504} INFO - Setting next_dagrun for example_skip_dag to 2023-07-22T19:28:56.693826+00:00, run_after=2023-07-23T19:28:56.693826+00:00
[2023-07-23T19:28:56.752+0000] {processor.py:179} INFO - Processing /home/airflow/.local/lib/python3.9/site-packages/airflow/example_dags/example_skip_dag.py took 0.179 seconds
[2023-07-23T19:29:26.873+0000] {processor.py:157} INFO - Started process (PID=202) to work on /home/airflow/.local/lib/python3.9/site-packages/airflow/example_dags/example_skip_dag.py
[2023-07-23T19:29:26.883+0000] {processor.py:826} INFO - Processing file /home/airflow/.local/lib/python3.9/site-packages/airflow/example_dags/example_skip_dag.py for tasks to queue
[2023-07-23T19:29:26.884+0000] {logging_mixin.py:150} INFO - [2023-07-23T19:29:26.884+0000] {dagbag.py:541} INFO - Filling up the DagBag from /home/airflow/.local/lib/python3.9/site-packages/airflow/example_dags/example_skip_dag.py
[2023-07-23T19:29:26.893+0000] {processor.py:836} INFO - DAG(s) dict_keys(['example_skip_dag']) retrieved from /home/airflow/.local/lib/python3.9/site-packages/airflow/example_dags/example_skip_dag.py
[2023-07-23T19:29:26.948+0000] {logging_mixin.py:150} INFO - [2023-07-23T19:29:26.948+0000] {dag.py:2742} INFO - Sync 1 DAGs
[2023-07-23T19:29:26.977+0000] {logging_mixin.py:150} INFO - [2023-07-23T19:29:26.977+0000] {dag.py:3504} INFO - Setting next_dagrun for example_skip_dag to 2023-07-22T19:29:26.976683+00:00, run_after=2023-07-23T19:29:26.976683+00:00
[2023-07-23T19:29:27.007+0000] {processor.py:179} INFO - Processing /home/airflow/.local/lib/python3.9/site-packages/airflow/example_dags/example_skip_dag.py took 0.138 seconds
[2023-07-23T19:29:57.133+0000] {processor.py:157} INFO - Started process (PID=263) to work on /home/airflow/.local/lib/python3.9/site-packages/airflow/example_dags/example_skip_dag.py
[2023-07-23T19:29:57.144+0000] {processor.py:826} INFO - Processing file /home/airflow/.local/lib/python3.9/site-packages/airflow/example_dags/example_skip_dag.py for tasks to queue
[2023-07-23T19:29:57.145+0000] {logging_mixin.py:150} INFO - [2023-07-23T19:29:57.145+0000] {dagbag.py:541} INFO - Filling up the DagBag from /home/airflow/.local/lib/python3.9/site-packages/airflow/example_dags/example_skip_dag.py
[2023-07-23T19:29:57.154+0000] {processor.py:836} INFO - DAG(s) dict_keys(['example_skip_dag']) retrieved from /home/airflow/.local/lib/python3.9/site-packages/airflow/example_dags/example_skip_dag.py
[2023-07-23T19:29:57.230+0000] {logging_mixin.py:150} INFO - [2023-07-23T19:29:57.229+0000] {dag.py:2742} INFO - Sync 1 DAGs
[2023-07-23T19:29:57.292+0000] {logging_mixin.py:150} INFO - [2023-07-23T19:29:57.291+0000] {dag.py:3504} INFO - Setting next_dagrun for example_skip_dag to 2023-07-22T19:29:57.291445+00:00, run_after=2023-07-23T19:29:57.291445+00:00
[2023-07-23T19:29:57.345+0000] {processor.py:179} INFO - Processing /home/airflow/.local/lib/python3.9/site-packages/airflow/example_dags/example_skip_dag.py took 0.216 seconds
[2023-07-23T19:30:27.484+0000] {processor.py:157} INFO - Started process (PID=325) to work on /home/airflow/.local/lib/python3.9/site-packages/airflow/example_dags/example_skip_dag.py
[2023-07-23T19:30:27.485+0000] {processor.py:826} INFO - Processing file /home/airflow/.local/lib/python3.9/site-packages/airflow/example_dags/example_skip_dag.py for tasks to queue
[2023-07-23T19:30:27.486+0000] {logging_mixin.py:150} INFO - [2023-07-23T19:30:27.486+0000] {dagbag.py:541} INFO - Filling up the DagBag from /home/airflow/.local/lib/python3.9/site-packages/airflow/example_dags/example_skip_dag.py
[2023-07-23T19:30:27.496+0000] {processor.py:836} INFO - DAG(s) dict_keys(['example_skip_dag']) retrieved from /home/airflow/.local/lib/python3.9/site-packages/airflow/example_dags/example_skip_dag.py
[2023-07-23T19:30:27.523+0000] {logging_mixin.py:150} INFO - [2023-07-23T19:30:27.523+0000] {dag.py:2742} INFO - Sync 1 DAGs
[2023-07-23T19:30:27.550+0000] {logging_mixin.py:150} INFO - [2023-07-23T19:30:27.550+0000] {dag.py:3504} INFO - Setting next_dagrun for example_skip_dag to 2023-07-22T19:30:27.550227+00:00, run_after=2023-07-23T19:30:27.550227+00:00
[2023-07-23T19:30:27.571+0000] {processor.py:179} INFO - Processing /home/airflow/.local/lib/python3.9/site-packages/airflow/example_dags/example_skip_dag.py took 0.091 seconds
[2023-07-23T19:30:58.271+0000] {processor.py:157} INFO - Started process (PID=387) to work on /home/airflow/.local/lib/python3.9/site-packages/airflow/example_dags/example_skip_dag.py
[2023-07-23T19:30:58.290+0000] {processor.py:826} INFO - Processing file /home/airflow/.local/lib/python3.9/site-packages/airflow/example_dags/example_skip_dag.py for tasks to queue
[2023-07-23T19:30:58.291+0000] {logging_mixin.py:150} INFO - [2023-07-23T19:30:58.291+0000] {dagbag.py:541} INFO - Filling up the DagBag from /home/airflow/.local/lib/python3.9/site-packages/airflow/example_dags/example_skip_dag.py
[2023-07-23T19:30:58.300+0000] {processor.py:836} INFO - DAG(s) dict_keys(['example_skip_dag']) retrieved from /home/airflow/.local/lib/python3.9/site-packages/airflow/example_dags/example_skip_dag.py
[2023-07-23T19:30:58.326+0000] {logging_mixin.py:150} INFO - [2023-07-23T19:30:58.326+0000] {dag.py:2742} INFO - Sync 1 DAGs
[2023-07-23T19:30:58.353+0000] {logging_mixin.py:150} INFO - [2023-07-23T19:30:58.353+0000] {dag.py:3504} INFO - Setting next_dagrun for example_skip_dag to 2023-07-22T19:30:58.353088+00:00, run_after=2023-07-23T19:30:58.353088+00:00
[2023-07-23T19:30:58.374+0000] {processor.py:179} INFO - Processing /home/airflow/.local/lib/python3.9/site-packages/airflow/example_dags/example_skip_dag.py took 0.107 seconds
[2023-07-23T19:31:29.682+0000] {processor.py:157} INFO - Started process (PID=449) to work on /home/airflow/.local/lib/python3.9/site-packages/airflow/example_dags/example_skip_dag.py
[2023-07-23T19:31:29.687+0000] {processor.py:826} INFO - Processing file /home/airflow/.local/lib/python3.9/site-packages/airflow/example_dags/example_skip_dag.py for tasks to queue
[2023-07-23T19:31:29.688+0000] {logging_mixin.py:150} INFO - [2023-07-23T19:31:29.688+0000] {dagbag.py:541} INFO - Filling up the DagBag from /home/airflow/.local/lib/python3.9/site-packages/airflow/example_dags/example_skip_dag.py
[2023-07-23T19:31:29.703+0000] {processor.py:836} INFO - DAG(s) dict_keys(['example_skip_dag']) retrieved from /home/airflow/.local/lib/python3.9/site-packages/airflow/example_dags/example_skip_dag.py
[2023-07-23T19:31:29.772+0000] {logging_mixin.py:150} INFO - [2023-07-23T19:31:29.772+0000] {dag.py:2742} INFO - Sync 1 DAGs
[2023-07-23T19:31:29.816+0000] {logging_mixin.py:150} INFO - [2023-07-23T19:31:29.815+0000] {dag.py:3504} INFO - Setting next_dagrun for example_skip_dag to 2023-07-22T19:31:29.815388+00:00, run_after=2023-07-23T19:31:29.815388+00:00
[2023-07-23T19:31:29.837+0000] {processor.py:179} INFO - Processing /home/airflow/.local/lib/python3.9/site-packages/airflow/example_dags/example_skip_dag.py took 0.164 seconds
[2023-07-23T19:32:02.241+0000] {processor.py:157} INFO - Started process (PID=510) to work on /home/airflow/.local/lib/python3.9/site-packages/airflow/example_dags/example_skip_dag.py
[2023-07-23T19:32:02.264+0000] {processor.py:826} INFO - Processing file /home/airflow/.local/lib/python3.9/site-packages/airflow/example_dags/example_skip_dag.py for tasks to queue
[2023-07-23T19:32:02.265+0000] {logging_mixin.py:150} INFO - [2023-07-23T19:32:02.264+0000] {dagbag.py:541} INFO - Filling up the DagBag from /home/airflow/.local/lib/python3.9/site-packages/airflow/example_dags/example_skip_dag.py
[2023-07-23T19:32:02.274+0000] {processor.py:836} INFO - DAG(s) dict_keys(['example_skip_dag']) retrieved from /home/airflow/.local/lib/python3.9/site-packages/airflow/example_dags/example_skip_dag.py
[2023-07-23T19:32:02.366+0000] {logging_mixin.py:150} INFO - [2023-07-23T19:32:02.365+0000] {dag.py:2742} INFO - Sync 1 DAGs
[2023-07-23T19:32:02.449+0000] {logging_mixin.py:150} INFO - [2023-07-23T19:32:02.449+0000] {dag.py:3504} INFO - Setting next_dagrun for example_skip_dag to 2023-07-22T19:32:02.449190+00:00, run_after=2023-07-23T19:32:02.449190+00:00
[2023-07-23T19:32:02.516+0000] {processor.py:179} INFO - Processing /home/airflow/.local/lib/python3.9/site-packages/airflow/example_dags/example_skip_dag.py took 0.279 seconds
[2023-07-23T19:32:33.177+0000] {processor.py:157} INFO - Started process (PID=572) to work on /home/airflow/.local/lib/python3.9/site-packages/airflow/example_dags/example_skip_dag.py
[2023-07-23T19:32:33.182+0000] {processor.py:826} INFO - Processing file /home/airflow/.local/lib/python3.9/site-packages/airflow/example_dags/example_skip_dag.py for tasks to queue
[2023-07-23T19:32:33.183+0000] {logging_mixin.py:150} INFO - [2023-07-23T19:32:33.183+0000] {dagbag.py:541} INFO - Filling up the DagBag from /home/airflow/.local/lib/python3.9/site-packages/airflow/example_dags/example_skip_dag.py
[2023-07-23T19:32:33.191+0000] {processor.py:836} INFO - DAG(s) dict_keys(['example_skip_dag']) retrieved from /home/airflow/.local/lib/python3.9/site-packages/airflow/example_dags/example_skip_dag.py
[2023-07-23T19:32:33.268+0000] {logging_mixin.py:150} INFO - [2023-07-23T19:32:33.268+0000] {dag.py:2742} INFO - Sync 1 DAGs
[2023-07-23T19:32:33.326+0000] {logging_mixin.py:150} INFO - [2023-07-23T19:32:33.326+0000] {dag.py:3504} INFO - Setting next_dagrun for example_skip_dag to 2023-07-22T19:32:33.326269+00:00, run_after=2023-07-23T19:32:33.326269+00:00
[2023-07-23T19:32:33.365+0000] {processor.py:179} INFO - Processing /home/airflow/.local/lib/python3.9/site-packages/airflow/example_dags/example_skip_dag.py took 0.211 seconds
[2023-07-23T19:33:04.285+0000] {processor.py:157} INFO - Started process (PID=635) to work on /home/airflow/.local/lib/python3.9/site-packages/airflow/example_dags/example_skip_dag.py
[2023-07-23T19:33:04.286+0000] {processor.py:826} INFO - Processing file /home/airflow/.local/lib/python3.9/site-packages/airflow/example_dags/example_skip_dag.py for tasks to queue
[2023-07-23T19:33:04.287+0000] {logging_mixin.py:150} INFO - [2023-07-23T19:33:04.287+0000] {dagbag.py:541} INFO - Filling up the DagBag from /home/airflow/.local/lib/python3.9/site-packages/airflow/example_dags/example_skip_dag.py
[2023-07-23T19:33:04.304+0000] {processor.py:836} INFO - DAG(s) dict_keys(['example_skip_dag']) retrieved from /home/airflow/.local/lib/python3.9/site-packages/airflow/example_dags/example_skip_dag.py
[2023-07-23T19:33:04.366+0000] {logging_mixin.py:150} INFO - [2023-07-23T19:33:04.365+0000] {dag.py:2742} INFO - Sync 1 DAGs
[2023-07-23T19:33:04.422+0000] {logging_mixin.py:150} INFO - [2023-07-23T19:33:04.421+0000] {dag.py:3504} INFO - Setting next_dagrun for example_skip_dag to 2023-07-22T19:33:04.421331+00:00, run_after=2023-07-23T19:33:04.421331+00:00
[2023-07-23T19:33:04.475+0000] {processor.py:179} INFO - Processing /home/airflow/.local/lib/python3.9/site-packages/airflow/example_dags/example_skip_dag.py took 0.209 seconds
[2023-07-23T19:41:38.727+0000] {processor.py:157} INFO - Started process (PID=80) to work on /home/airflow/.local/lib/python3.9/site-packages/airflow/example_dags/example_skip_dag.py
[2023-07-23T19:41:38.730+0000] {processor.py:826} INFO - Processing file /home/airflow/.local/lib/python3.9/site-packages/airflow/example_dags/example_skip_dag.py for tasks to queue
[2023-07-23T19:41:38.735+0000] {logging_mixin.py:150} INFO - [2023-07-23T19:41:38.733+0000] {dagbag.py:541} INFO - Filling up the DagBag from /home/airflow/.local/lib/python3.9/site-packages/airflow/example_dags/example_skip_dag.py
[2023-07-23T19:41:38.799+0000] {processor.py:836} INFO - DAG(s) dict_keys(['example_skip_dag']) retrieved from /home/airflow/.local/lib/python3.9/site-packages/airflow/example_dags/example_skip_dag.py
[2023-07-23T19:41:39.232+0000] {logging_mixin.py:150} INFO - [2023-07-23T19:41:39.226+0000] {dag.py:2742} INFO - Sync 1 DAGs
[2023-07-23T19:41:39.265+0000] {logging_mixin.py:150} INFO - [2023-07-23T19:41:39.265+0000] {dag.py:3504} INFO - Setting next_dagrun for example_skip_dag to 2023-07-22T19:41:39.265175+00:00, run_after=2023-07-23T19:41:39.265175+00:00
[2023-07-23T19:41:39.306+0000] {processor.py:179} INFO - Processing /home/airflow/.local/lib/python3.9/site-packages/airflow/example_dags/example_skip_dag.py took 0.596 seconds
[2023-07-23T19:42:09.776+0000] {processor.py:157} INFO - Started process (PID=141) to work on /home/airflow/.local/lib/python3.9/site-packages/airflow/example_dags/example_skip_dag.py
[2023-07-23T19:42:09.777+0000] {processor.py:826} INFO - Processing file /home/airflow/.local/lib/python3.9/site-packages/airflow/example_dags/example_skip_dag.py for tasks to queue
[2023-07-23T19:42:09.778+0000] {logging_mixin.py:150} INFO - [2023-07-23T19:42:09.778+0000] {dagbag.py:541} INFO - Filling up the DagBag from /home/airflow/.local/lib/python3.9/site-packages/airflow/example_dags/example_skip_dag.py
[2023-07-23T19:42:09.787+0000] {processor.py:836} INFO - DAG(s) dict_keys(['example_skip_dag']) retrieved from /home/airflow/.local/lib/python3.9/site-packages/airflow/example_dags/example_skip_dag.py
[2023-07-23T19:42:09.814+0000] {logging_mixin.py:150} INFO - [2023-07-23T19:42:09.814+0000] {dag.py:2742} INFO - Sync 1 DAGs
[2023-07-23T19:42:09.841+0000] {logging_mixin.py:150} INFO - [2023-07-23T19:42:09.841+0000] {dag.py:3504} INFO - Setting next_dagrun for example_skip_dag to 2023-07-22T19:42:09.841126+00:00, run_after=2023-07-23T19:42:09.841126+00:00
[2023-07-23T19:42:09.862+0000] {processor.py:179} INFO - Processing /home/airflow/.local/lib/python3.9/site-packages/airflow/example_dags/example_skip_dag.py took 0.090 seconds
[2023-07-23T19:42:40.887+0000] {processor.py:157} INFO - Started process (PID=202) to work on /home/airflow/.local/lib/python3.9/site-packages/airflow/example_dags/example_skip_dag.py
[2023-07-23T19:42:40.895+0000] {processor.py:826} INFO - Processing file /home/airflow/.local/lib/python3.9/site-packages/airflow/example_dags/example_skip_dag.py for tasks to queue
[2023-07-23T19:42:40.896+0000] {logging_mixin.py:150} INFO - [2023-07-23T19:42:40.896+0000] {dagbag.py:541} INFO - Filling up the DagBag from /home/airflow/.local/lib/python3.9/site-packages/airflow/example_dags/example_skip_dag.py
[2023-07-23T19:42:40.904+0000] {processor.py:836} INFO - DAG(s) dict_keys(['example_skip_dag']) retrieved from /home/airflow/.local/lib/python3.9/site-packages/airflow/example_dags/example_skip_dag.py
[2023-07-23T19:42:40.963+0000] {logging_mixin.py:150} INFO - [2023-07-23T19:42:40.963+0000] {dag.py:2742} INFO - Sync 1 DAGs
[2023-07-23T19:42:41.016+0000] {logging_mixin.py:150} INFO - [2023-07-23T19:42:41.016+0000] {dag.py:3504} INFO - Setting next_dagrun for example_skip_dag to 2023-07-22T19:42:41.016031+00:00, run_after=2023-07-23T19:42:41.016031+00:00
[2023-07-23T19:42:41.071+0000] {processor.py:179} INFO - Processing /home/airflow/.local/lib/python3.9/site-packages/airflow/example_dags/example_skip_dag.py took 0.199 seconds
[2023-07-23T19:43:11.493+0000] {processor.py:157} INFO - Started process (PID=263) to work on /home/airflow/.local/lib/python3.9/site-packages/airflow/example_dags/example_skip_dag.py
[2023-07-23T19:43:11.505+0000] {processor.py:826} INFO - Processing file /home/airflow/.local/lib/python3.9/site-packages/airflow/example_dags/example_skip_dag.py for tasks to queue
[2023-07-23T19:43:11.506+0000] {logging_mixin.py:150} INFO - [2023-07-23T19:43:11.506+0000] {dagbag.py:541} INFO - Filling up the DagBag from /home/airflow/.local/lib/python3.9/site-packages/airflow/example_dags/example_skip_dag.py
[2023-07-23T19:43:11.525+0000] {processor.py:836} INFO - DAG(s) dict_keys(['example_skip_dag']) retrieved from /home/airflow/.local/lib/python3.9/site-packages/airflow/example_dags/example_skip_dag.py
[2023-07-23T19:43:11.626+0000] {logging_mixin.py:150} INFO - [2023-07-23T19:43:11.626+0000] {dag.py:2742} INFO - Sync 1 DAGs
[2023-07-23T19:43:11.694+0000] {logging_mixin.py:150} INFO - [2023-07-23T19:43:11.694+0000] {dag.py:3504} INFO - Setting next_dagrun for example_skip_dag to 2023-07-22T19:43:11.694291+00:00, run_after=2023-07-23T19:43:11.694291+00:00
[2023-07-23T19:43:11.764+0000] {processor.py:179} INFO - Processing /home/airflow/.local/lib/python3.9/site-packages/airflow/example_dags/example_skip_dag.py took 0.275 seconds
[2023-07-23T19:43:44.374+0000] {processor.py:157} INFO - Started process (PID=325) to work on /home/airflow/.local/lib/python3.9/site-packages/airflow/example_dags/example_skip_dag.py
[2023-07-23T19:43:44.415+0000] {processor.py:826} INFO - Processing file /home/airflow/.local/lib/python3.9/site-packages/airflow/example_dags/example_skip_dag.py for tasks to queue
[2023-07-23T19:43:44.416+0000] {logging_mixin.py:150} INFO - [2023-07-23T19:43:44.416+0000] {dagbag.py:541} INFO - Filling up the DagBag from /home/airflow/.local/lib/python3.9/site-packages/airflow/example_dags/example_skip_dag.py
[2023-07-23T19:43:44.425+0000] {processor.py:836} INFO - DAG(s) dict_keys(['example_skip_dag']) retrieved from /home/airflow/.local/lib/python3.9/site-packages/airflow/example_dags/example_skip_dag.py
[2023-07-23T19:43:44.516+0000] {logging_mixin.py:150} INFO - [2023-07-23T19:43:44.516+0000] {dag.py:2742} INFO - Sync 1 DAGs
[2023-07-23T19:43:44.615+0000] {logging_mixin.py:150} INFO - [2023-07-23T19:43:44.602+0000] {dag.py:3504} INFO - Setting next_dagrun for example_skip_dag to 2023-07-22T19:43:44.601806+00:00, run_after=2023-07-23T19:43:44.601806+00:00
[2023-07-23T19:43:44.676+0000] {processor.py:179} INFO - Processing /home/airflow/.local/lib/python3.9/site-packages/airflow/example_dags/example_skip_dag.py took 0.307 seconds
[2023-07-23T19:44:17.208+0000] {processor.py:157} INFO - Started process (PID=386) to work on /home/airflow/.local/lib/python3.9/site-packages/airflow/example_dags/example_skip_dag.py
[2023-07-23T19:44:17.218+0000] {processor.py:826} INFO - Processing file /home/airflow/.local/lib/python3.9/site-packages/airflow/example_dags/example_skip_dag.py for tasks to queue
[2023-07-23T19:44:17.220+0000] {logging_mixin.py:150} INFO - [2023-07-23T19:44:17.219+0000] {dagbag.py:541} INFO - Filling up the DagBag from /home/airflow/.local/lib/python3.9/site-packages/airflow/example_dags/example_skip_dag.py
[2023-07-23T19:44:17.238+0000] {processor.py:836} INFO - DAG(s) dict_keys(['example_skip_dag']) retrieved from /home/airflow/.local/lib/python3.9/site-packages/airflow/example_dags/example_skip_dag.py
[2023-07-23T19:44:17.340+0000] {logging_mixin.py:150} INFO - [2023-07-23T19:44:17.339+0000] {dag.py:2742} INFO - Sync 1 DAGs
[2023-07-23T19:44:17.456+0000] {logging_mixin.py:150} INFO - [2023-07-23T19:44:17.456+0000] {dag.py:3504} INFO - Setting next_dagrun for example_skip_dag to 2023-07-22T19:44:17.455966+00:00, run_after=2023-07-23T19:44:17.455966+00:00
[2023-07-23T19:44:17.587+0000] {processor.py:179} INFO - Processing /home/airflow/.local/lib/python3.9/site-packages/airflow/example_dags/example_skip_dag.py took 0.405 seconds
[2023-07-23T19:44:48.246+0000] {processor.py:157} INFO - Started process (PID=441) to work on /home/airflow/.local/lib/python3.9/site-packages/airflow/example_dags/example_skip_dag.py
[2023-07-23T19:44:48.255+0000] {processor.py:826} INFO - Processing file /home/airflow/.local/lib/python3.9/site-packages/airflow/example_dags/example_skip_dag.py for tasks to queue
[2023-07-23T19:44:48.257+0000] {logging_mixin.py:150} INFO - [2023-07-23T19:44:48.256+0000] {dagbag.py:541} INFO - Filling up the DagBag from /home/airflow/.local/lib/python3.9/site-packages/airflow/example_dags/example_skip_dag.py
[2023-07-23T19:44:48.308+0000] {processor.py:836} INFO - DAG(s) dict_keys(['example_skip_dag']) retrieved from /home/airflow/.local/lib/python3.9/site-packages/airflow/example_dags/example_skip_dag.py
[2023-07-23T19:44:48.405+0000] {logging_mixin.py:150} INFO - [2023-07-23T19:44:48.404+0000] {dag.py:2742} INFO - Sync 1 DAGs
[2023-07-23T19:44:48.567+0000] {logging_mixin.py:150} INFO - [2023-07-23T19:44:48.566+0000] {dag.py:3504} INFO - Setting next_dagrun for example_skip_dag to 2023-07-22T19:44:48.566477+00:00, run_after=2023-07-23T19:44:48.566477+00:00
[2023-07-23T19:44:48.705+0000] {processor.py:179} INFO - Processing /home/airflow/.local/lib/python3.9/site-packages/airflow/example_dags/example_skip_dag.py took 0.484 seconds
[2023-07-23T19:45:20.753+0000] {processor.py:157} INFO - Started process (PID=502) to work on /home/airflow/.local/lib/python3.9/site-packages/airflow/example_dags/example_skip_dag.py
[2023-07-23T19:45:20.786+0000] {processor.py:826} INFO - Processing file /home/airflow/.local/lib/python3.9/site-packages/airflow/example_dags/example_skip_dag.py for tasks to queue
[2023-07-23T19:45:20.787+0000] {logging_mixin.py:150} INFO - [2023-07-23T19:45:20.786+0000] {dagbag.py:541} INFO - Filling up the DagBag from /home/airflow/.local/lib/python3.9/site-packages/airflow/example_dags/example_skip_dag.py
[2023-07-23T19:45:20.809+0000] {processor.py:836} INFO - DAG(s) dict_keys(['example_skip_dag']) retrieved from /home/airflow/.local/lib/python3.9/site-packages/airflow/example_dags/example_skip_dag.py
[2023-07-23T19:45:20.935+0000] {logging_mixin.py:150} INFO - [2023-07-23T19:45:20.935+0000] {dag.py:2742} INFO - Sync 1 DAGs
[2023-07-23T19:45:21.034+0000] {logging_mixin.py:150} INFO - [2023-07-23T19:45:21.034+0000] {dag.py:3504} INFO - Setting next_dagrun for example_skip_dag to 2023-07-22T19:45:21.033677+00:00, run_after=2023-07-23T19:45:21.033677+00:00
[2023-07-23T19:45:21.135+0000] {processor.py:179} INFO - Processing /home/airflow/.local/lib/python3.9/site-packages/airflow/example_dags/example_skip_dag.py took 0.386 seconds
[2023-07-23T19:45:54.094+0000] {processor.py:157} INFO - Started process (PID=563) to work on /home/airflow/.local/lib/python3.9/site-packages/airflow/example_dags/example_skip_dag.py
[2023-07-23T19:45:54.125+0000] {processor.py:826} INFO - Processing file /home/airflow/.local/lib/python3.9/site-packages/airflow/example_dags/example_skip_dag.py for tasks to queue
[2023-07-23T19:45:54.126+0000] {logging_mixin.py:150} INFO - [2023-07-23T19:45:54.126+0000] {dagbag.py:541} INFO - Filling up the DagBag from /home/airflow/.local/lib/python3.9/site-packages/airflow/example_dags/example_skip_dag.py
[2023-07-23T19:45:54.154+0000] {processor.py:836} INFO - DAG(s) dict_keys(['example_skip_dag']) retrieved from /home/airflow/.local/lib/python3.9/site-packages/airflow/example_dags/example_skip_dag.py
[2023-07-23T19:45:54.255+0000] {logging_mixin.py:150} INFO - [2023-07-23T19:45:54.255+0000] {dag.py:2742} INFO - Sync 1 DAGs
[2023-07-23T19:45:54.356+0000] {logging_mixin.py:150} INFO - [2023-07-23T19:45:54.356+0000] {dag.py:3504} INFO - Setting next_dagrun for example_skip_dag to 2023-07-22T19:45:54.356207+00:00, run_after=2023-07-23T19:45:54.356207+00:00
[2023-07-23T19:45:54.436+0000] {processor.py:179} INFO - Processing /home/airflow/.local/lib/python3.9/site-packages/airflow/example_dags/example_skip_dag.py took 0.346 seconds
[2023-07-23T19:46:24.706+0000] {processor.py:157} INFO - Started process (PID=624) to work on /home/airflow/.local/lib/python3.9/site-packages/airflow/example_dags/example_skip_dag.py
[2023-07-23T19:46:24.708+0000] {processor.py:826} INFO - Processing file /home/airflow/.local/lib/python3.9/site-packages/airflow/example_dags/example_skip_dag.py for tasks to queue
[2023-07-23T19:46:24.709+0000] {logging_mixin.py:150} INFO - [2023-07-23T19:46:24.709+0000] {dagbag.py:541} INFO - Filling up the DagBag from /home/airflow/.local/lib/python3.9/site-packages/airflow/example_dags/example_skip_dag.py
[2023-07-23T19:46:24.736+0000] {processor.py:836} INFO - DAG(s) dict_keys(['example_skip_dag']) retrieved from /home/airflow/.local/lib/python3.9/site-packages/airflow/example_dags/example_skip_dag.py
[2023-07-23T19:46:24.839+0000] {logging_mixin.py:150} INFO - [2023-07-23T19:46:24.838+0000] {dag.py:2742} INFO - Sync 1 DAGs
[2023-07-23T19:46:24.918+0000] {logging_mixin.py:150} INFO - [2023-07-23T19:46:24.918+0000] {dag.py:3504} INFO - Setting next_dagrun for example_skip_dag to 2023-07-22T19:46:24.918285+00:00, run_after=2023-07-23T19:46:24.918285+00:00
[2023-07-23T19:46:24.986+0000] {processor.py:179} INFO - Processing /home/airflow/.local/lib/python3.9/site-packages/airflow/example_dags/example_skip_dag.py took 0.304 seconds
[2023-07-23T19:46:55.281+0000] {processor.py:157} INFO - Started process (PID=684) to work on /home/airflow/.local/lib/python3.9/site-packages/airflow/example_dags/example_skip_dag.py
[2023-07-23T19:46:55.283+0000] {processor.py:826} INFO - Processing file /home/airflow/.local/lib/python3.9/site-packages/airflow/example_dags/example_skip_dag.py for tasks to queue
[2023-07-23T19:46:55.283+0000] {logging_mixin.py:150} INFO - [2023-07-23T19:46:55.283+0000] {dagbag.py:541} INFO - Filling up the DagBag from /home/airflow/.local/lib/python3.9/site-packages/airflow/example_dags/example_skip_dag.py
[2023-07-23T19:46:55.292+0000] {processor.py:836} INFO - DAG(s) dict_keys(['example_skip_dag']) retrieved from /home/airflow/.local/lib/python3.9/site-packages/airflow/example_dags/example_skip_dag.py
[2023-07-23T19:46:55.317+0000] {logging_mixin.py:150} INFO - [2023-07-23T19:46:55.317+0000] {dag.py:2742} INFO - Sync 1 DAGs
[2023-07-23T19:46:55.343+0000] {logging_mixin.py:150} INFO - [2023-07-23T19:46:55.343+0000] {dag.py:3504} INFO - Setting next_dagrun for example_skip_dag to 2023-07-22T19:46:55.342870+00:00, run_after=2023-07-23T19:46:55.342870+00:00
[2023-07-23T19:46:55.363+0000] {processor.py:179} INFO - Processing /home/airflow/.local/lib/python3.9/site-packages/airflow/example_dags/example_skip_dag.py took 0.092 seconds
[2023-07-23T19:47:25.489+0000] {processor.py:157} INFO - Started process (PID=753) to work on /home/airflow/.local/lib/python3.9/site-packages/airflow/example_dags/example_skip_dag.py
[2023-07-23T19:47:25.505+0000] {processor.py:826} INFO - Processing file /home/airflow/.local/lib/python3.9/site-packages/airflow/example_dags/example_skip_dag.py for tasks to queue
[2023-07-23T19:47:25.506+0000] {logging_mixin.py:150} INFO - [2023-07-23T19:47:25.506+0000] {dagbag.py:541} INFO - Filling up the DagBag from /home/airflow/.local/lib/python3.9/site-packages/airflow/example_dags/example_skip_dag.py
[2023-07-23T19:47:25.535+0000] {processor.py:836} INFO - DAG(s) dict_keys(['example_skip_dag']) retrieved from /home/airflow/.local/lib/python3.9/site-packages/airflow/example_dags/example_skip_dag.py
[2023-07-23T19:47:25.606+0000] {logging_mixin.py:150} INFO - [2023-07-23T19:47:25.606+0000] {dag.py:2742} INFO - Sync 1 DAGs
[2023-07-23T19:47:25.676+0000] {logging_mixin.py:150} INFO - [2023-07-23T19:47:25.676+0000] {dag.py:3504} INFO - Setting next_dagrun for example_skip_dag to 2023-07-22T19:47:25.676144+00:00, run_after=2023-07-23T19:47:25.676144+00:00
[2023-07-23T19:47:25.746+0000] {processor.py:179} INFO - Processing /home/airflow/.local/lib/python3.9/site-packages/airflow/example_dags/example_skip_dag.py took 0.271 seconds
[2023-07-23T19:47:56.030+0000] {processor.py:157} INFO - Started process (PID=815) to work on /home/airflow/.local/lib/python3.9/site-packages/airflow/example_dags/example_skip_dag.py
[2023-07-23T19:47:56.046+0000] {processor.py:826} INFO - Processing file /home/airflow/.local/lib/python3.9/site-packages/airflow/example_dags/example_skip_dag.py for tasks to queue
[2023-07-23T19:47:56.047+0000] {logging_mixin.py:150} INFO - [2023-07-23T19:47:56.046+0000] {dagbag.py:541} INFO - Filling up the DagBag from /home/airflow/.local/lib/python3.9/site-packages/airflow/example_dags/example_skip_dag.py
[2023-07-23T19:47:56.099+0000] {processor.py:836} INFO - DAG(s) dict_keys(['example_skip_dag']) retrieved from /home/airflow/.local/lib/python3.9/site-packages/airflow/example_dags/example_skip_dag.py
[2023-07-23T19:47:56.197+0000] {logging_mixin.py:150} INFO - [2023-07-23T19:47:56.197+0000] {dag.py:2742} INFO - Sync 1 DAGs
[2023-07-23T19:47:56.389+0000] {logging_mixin.py:150} INFO - [2023-07-23T19:47:56.387+0000] {dag.py:3504} INFO - Setting next_dagrun for example_skip_dag to 2023-07-22T19:47:56.387043+00:00, run_after=2023-07-23T19:47:56.387043+00:00
[2023-07-23T19:47:56.687+0000] {processor.py:179} INFO - Processing /home/airflow/.local/lib/python3.9/site-packages/airflow/example_dags/example_skip_dag.py took 0.662 seconds
[2023-07-23T19:48:27.382+0000] {processor.py:157} INFO - Started process (PID=870) to work on /home/airflow/.local/lib/python3.9/site-packages/airflow/example_dags/example_skip_dag.py
[2023-07-23T19:48:27.393+0000] {processor.py:826} INFO - Processing file /home/airflow/.local/lib/python3.9/site-packages/airflow/example_dags/example_skip_dag.py for tasks to queue
[2023-07-23T19:48:27.394+0000] {logging_mixin.py:150} INFO - [2023-07-23T19:48:27.394+0000] {dagbag.py:541} INFO - Filling up the DagBag from /home/airflow/.local/lib/python3.9/site-packages/airflow/example_dags/example_skip_dag.py
[2023-07-23T19:48:27.410+0000] {processor.py:836} INFO - DAG(s) dict_keys(['example_skip_dag']) retrieved from /home/airflow/.local/lib/python3.9/site-packages/airflow/example_dags/example_skip_dag.py
[2023-07-23T19:48:27.537+0000] {logging_mixin.py:150} INFO - [2023-07-23T19:48:27.537+0000] {dag.py:2742} INFO - Sync 1 DAGs
[2023-07-23T19:48:27.676+0000] {logging_mixin.py:150} INFO - [2023-07-23T19:48:27.676+0000] {dag.py:3504} INFO - Setting next_dagrun for example_skip_dag to 2023-07-22T19:48:27.676072+00:00, run_after=2023-07-23T19:48:27.676072+00:00
[2023-07-23T19:48:27.810+0000] {processor.py:179} INFO - Processing /home/airflow/.local/lib/python3.9/site-packages/airflow/example_dags/example_skip_dag.py took 0.433 seconds
[2023-07-23T19:48:58.623+0000] {processor.py:157} INFO - Started process (PID=931) to work on /home/airflow/.local/lib/python3.9/site-packages/airflow/example_dags/example_skip_dag.py
[2023-07-23T19:48:58.675+0000] {processor.py:826} INFO - Processing file /home/airflow/.local/lib/python3.9/site-packages/airflow/example_dags/example_skip_dag.py for tasks to queue
[2023-07-23T19:48:58.677+0000] {logging_mixin.py:150} INFO - [2023-07-23T19:48:58.676+0000] {dagbag.py:541} INFO - Filling up the DagBag from /home/airflow/.local/lib/python3.9/site-packages/airflow/example_dags/example_skip_dag.py
[2023-07-23T19:48:58.726+0000] {processor.py:836} INFO - DAG(s) dict_keys(['example_skip_dag']) retrieved from /home/airflow/.local/lib/python3.9/site-packages/airflow/example_dags/example_skip_dag.py
[2023-07-23T19:48:58.884+0000] {logging_mixin.py:150} INFO - [2023-07-23T19:48:58.883+0000] {dag.py:2742} INFO - Sync 1 DAGs
[2023-07-23T19:48:59.087+0000] {logging_mixin.py:150} INFO - [2023-07-23T19:48:59.086+0000] {dag.py:3504} INFO - Setting next_dagrun for example_skip_dag to 2023-07-22T19:48:59.086421+00:00, run_after=2023-07-23T19:48:59.086421+00:00
[2023-07-23T19:48:59.316+0000] {processor.py:179} INFO - Processing /home/airflow/.local/lib/python3.9/site-packages/airflow/example_dags/example_skip_dag.py took 0.697 seconds
[2023-07-23T19:49:30.088+0000] {processor.py:157} INFO - Started process (PID=993) to work on /home/airflow/.local/lib/python3.9/site-packages/airflow/example_dags/example_skip_dag.py
[2023-07-23T19:49:30.097+0000] {processor.py:826} INFO - Processing file /home/airflow/.local/lib/python3.9/site-packages/airflow/example_dags/example_skip_dag.py for tasks to queue
[2023-07-23T19:49:30.098+0000] {logging_mixin.py:150} INFO - [2023-07-23T19:49:30.097+0000] {dagbag.py:541} INFO - Filling up the DagBag from /home/airflow/.local/lib/python3.9/site-packages/airflow/example_dags/example_skip_dag.py
[2023-07-23T19:49:30.148+0000] {processor.py:836} INFO - DAG(s) dict_keys(['example_skip_dag']) retrieved from /home/airflow/.local/lib/python3.9/site-packages/airflow/example_dags/example_skip_dag.py
[2023-07-23T19:49:30.205+0000] {logging_mixin.py:150} INFO - [2023-07-23T19:49:30.204+0000] {dag.py:2742} INFO - Sync 1 DAGs
[2023-07-23T19:49:30.293+0000] {logging_mixin.py:150} INFO - [2023-07-23T19:49:30.292+0000] {dag.py:3504} INFO - Setting next_dagrun for example_skip_dag to 2023-07-22T19:49:30.291331+00:00, run_after=2023-07-23T19:49:30.291331+00:00
[2023-07-23T19:49:30.365+0000] {processor.py:179} INFO - Processing /home/airflow/.local/lib/python3.9/site-packages/airflow/example_dags/example_skip_dag.py took 0.290 seconds
[2023-07-23T19:50:00.693+0000] {processor.py:157} INFO - Started process (PID=1048) to work on /home/airflow/.local/lib/python3.9/site-packages/airflow/example_dags/example_skip_dag.py
[2023-07-23T19:50:00.705+0000] {processor.py:826} INFO - Processing file /home/airflow/.local/lib/python3.9/site-packages/airflow/example_dags/example_skip_dag.py for tasks to queue
[2023-07-23T19:50:00.706+0000] {logging_mixin.py:150} INFO - [2023-07-23T19:50:00.706+0000] {dagbag.py:541} INFO - Filling up the DagBag from /home/airflow/.local/lib/python3.9/site-packages/airflow/example_dags/example_skip_dag.py
[2023-07-23T19:50:00.726+0000] {processor.py:836} INFO - DAG(s) dict_keys(['example_skip_dag']) retrieved from /home/airflow/.local/lib/python3.9/site-packages/airflow/example_dags/example_skip_dag.py
[2023-07-23T19:50:00.796+0000] {logging_mixin.py:150} INFO - [2023-07-23T19:50:00.796+0000] {dag.py:2742} INFO - Sync 1 DAGs
[2023-07-23T19:50:00.824+0000] {logging_mixin.py:150} INFO - [2023-07-23T19:50:00.823+0000] {dag.py:3504} INFO - Setting next_dagrun for example_skip_dag to 2023-07-22T19:50:00.823640+00:00, run_after=2023-07-23T19:50:00.823640+00:00
[2023-07-23T19:50:00.864+0000] {processor.py:179} INFO - Processing /home/airflow/.local/lib/python3.9/site-packages/airflow/example_dags/example_skip_dag.py took 0.175 seconds
[2023-07-23T19:50:30.994+0000] {processor.py:157} INFO - Started process (PID=1109) to work on /home/airflow/.local/lib/python3.9/site-packages/airflow/example_dags/example_skip_dag.py
[2023-07-23T19:50:31.055+0000] {processor.py:826} INFO - Processing file /home/airflow/.local/lib/python3.9/site-packages/airflow/example_dags/example_skip_dag.py for tasks to queue
[2023-07-23T19:50:31.056+0000] {logging_mixin.py:150} INFO - [2023-07-23T19:50:31.056+0000] {dagbag.py:541} INFO - Filling up the DagBag from /home/airflow/.local/lib/python3.9/site-packages/airflow/example_dags/example_skip_dag.py
[2023-07-23T19:50:31.129+0000] {processor.py:836} INFO - DAG(s) dict_keys(['example_skip_dag']) retrieved from /home/airflow/.local/lib/python3.9/site-packages/airflow/example_dags/example_skip_dag.py
[2023-07-23T19:50:31.316+0000] {logging_mixin.py:150} INFO - [2023-07-23T19:50:31.316+0000] {dag.py:2742} INFO - Sync 1 DAGs
[2023-07-23T19:50:31.517+0000] {logging_mixin.py:150} INFO - [2023-07-23T19:50:31.516+0000] {dag.py:3504} INFO - Setting next_dagrun for example_skip_dag to 2023-07-22T19:50:31.516362+00:00, run_after=2023-07-23T19:50:31.516362+00:00
[2023-07-23T19:50:31.716+0000] {processor.py:179} INFO - Processing /home/airflow/.local/lib/python3.9/site-packages/airflow/example_dags/example_skip_dag.py took 0.726 seconds
[2023-07-23T19:51:02.389+0000] {processor.py:157} INFO - Started process (PID=1164) to work on /home/airflow/.local/lib/python3.9/site-packages/airflow/example_dags/example_skip_dag.py
[2023-07-23T19:51:02.405+0000] {processor.py:826} INFO - Processing file /home/airflow/.local/lib/python3.9/site-packages/airflow/example_dags/example_skip_dag.py for tasks to queue
[2023-07-23T19:51:02.407+0000] {logging_mixin.py:150} INFO - [2023-07-23T19:51:02.406+0000] {dagbag.py:541} INFO - Filling up the DagBag from /home/airflow/.local/lib/python3.9/site-packages/airflow/example_dags/example_skip_dag.py
[2023-07-23T19:51:02.426+0000] {processor.py:836} INFO - DAG(s) dict_keys(['example_skip_dag']) retrieved from /home/airflow/.local/lib/python3.9/site-packages/airflow/example_dags/example_skip_dag.py
[2023-07-23T19:51:02.518+0000] {logging_mixin.py:150} INFO - [2023-07-23T19:51:02.518+0000] {dag.py:2742} INFO - Sync 1 DAGs
[2023-07-23T19:51:02.623+0000] {logging_mixin.py:150} INFO - [2023-07-23T19:51:02.622+0000] {dag.py:3504} INFO - Setting next_dagrun for example_skip_dag to 2023-07-22T19:51:02.622572+00:00, run_after=2023-07-23T19:51:02.622572+00:00
[2023-07-23T19:51:02.693+0000] {processor.py:179} INFO - Processing /home/airflow/.local/lib/python3.9/site-packages/airflow/example_dags/example_skip_dag.py took 0.307 seconds
[2023-07-23T19:51:33.024+0000] {processor.py:157} INFO - Started process (PID=1225) to work on /home/airflow/.local/lib/python3.9/site-packages/airflow/example_dags/example_skip_dag.py
[2023-07-23T19:51:33.036+0000] {processor.py:826} INFO - Processing file /home/airflow/.local/lib/python3.9/site-packages/airflow/example_dags/example_skip_dag.py for tasks to queue
[2023-07-23T19:51:33.037+0000] {logging_mixin.py:150} INFO - [2023-07-23T19:51:33.036+0000] {dagbag.py:541} INFO - Filling up the DagBag from /home/airflow/.local/lib/python3.9/site-packages/airflow/example_dags/example_skip_dag.py
[2023-07-23T19:51:33.061+0000] {processor.py:836} INFO - DAG(s) dict_keys(['example_skip_dag']) retrieved from /home/airflow/.local/lib/python3.9/site-packages/airflow/example_dags/example_skip_dag.py
[2023-07-23T19:51:33.216+0000] {logging_mixin.py:150} INFO - [2023-07-23T19:51:33.216+0000] {dag.py:2742} INFO - Sync 1 DAGs
[2023-07-23T19:51:33.322+0000] {logging_mixin.py:150} INFO - [2023-07-23T19:51:33.322+0000] {dag.py:3504} INFO - Setting next_dagrun for example_skip_dag to 2023-07-22T19:51:33.322220+00:00, run_after=2023-07-23T19:51:33.322220+00:00
[2023-07-23T19:51:33.416+0000] {processor.py:179} INFO - Processing /home/airflow/.local/lib/python3.9/site-packages/airflow/example_dags/example_skip_dag.py took 0.400 seconds
[2023-07-23T19:52:03.514+0000] {processor.py:157} INFO - Started process (PID=1288) to work on /home/airflow/.local/lib/python3.9/site-packages/airflow/example_dags/example_skip_dag.py
[2023-07-23T19:52:03.556+0000] {processor.py:826} INFO - Processing file /home/airflow/.local/lib/python3.9/site-packages/airflow/example_dags/example_skip_dag.py for tasks to queue
[2023-07-23T19:52:03.557+0000] {logging_mixin.py:150} INFO - [2023-07-23T19:52:03.556+0000] {dagbag.py:541} INFO - Filling up the DagBag from /home/airflow/.local/lib/python3.9/site-packages/airflow/example_dags/example_skip_dag.py
[2023-07-23T19:52:03.606+0000] {processor.py:836} INFO - DAG(s) dict_keys(['example_skip_dag']) retrieved from /home/airflow/.local/lib/python3.9/site-packages/airflow/example_dags/example_skip_dag.py
[2023-07-23T19:52:03.737+0000] {logging_mixin.py:150} INFO - [2023-07-23T19:52:03.736+0000] {dag.py:2742} INFO - Sync 1 DAGs
[2023-07-23T19:52:03.907+0000] {logging_mixin.py:150} INFO - [2023-07-23T19:52:03.906+0000] {dag.py:3504} INFO - Setting next_dagrun for example_skip_dag to 2023-07-22T19:52:03.906343+00:00, run_after=2023-07-23T19:52:03.906343+00:00
[2023-07-23T19:52:03.989+0000] {processor.py:179} INFO - Processing /home/airflow/.local/lib/python3.9/site-packages/airflow/example_dags/example_skip_dag.py took 0.480 seconds
[2023-07-23T19:52:34.446+0000] {processor.py:157} INFO - Started process (PID=1342) to work on /home/airflow/.local/lib/python3.9/site-packages/airflow/example_dags/example_skip_dag.py
[2023-07-23T19:52:34.448+0000] {processor.py:826} INFO - Processing file /home/airflow/.local/lib/python3.9/site-packages/airflow/example_dags/example_skip_dag.py for tasks to queue
[2023-07-23T19:52:34.449+0000] {logging_mixin.py:150} INFO - [2023-07-23T19:52:34.448+0000] {dagbag.py:541} INFO - Filling up the DagBag from /home/airflow/.local/lib/python3.9/site-packages/airflow/example_dags/example_skip_dag.py
[2023-07-23T19:52:34.473+0000] {processor.py:836} INFO - DAG(s) dict_keys(['example_skip_dag']) retrieved from /home/airflow/.local/lib/python3.9/site-packages/airflow/example_dags/example_skip_dag.py
[2023-07-23T19:52:34.548+0000] {logging_mixin.py:150} INFO - [2023-07-23T19:52:34.548+0000] {dag.py:2742} INFO - Sync 1 DAGs
[2023-07-23T19:52:34.616+0000] {logging_mixin.py:150} INFO - [2023-07-23T19:52:34.616+0000] {dag.py:3504} INFO - Setting next_dagrun for example_skip_dag to 2023-07-22T19:52:34.616002+00:00, run_after=2023-07-23T19:52:34.616002+00:00
[2023-07-23T19:52:34.681+0000] {processor.py:179} INFO - Processing /home/airflow/.local/lib/python3.9/site-packages/airflow/example_dags/example_skip_dag.py took 0.266 seconds
[2023-07-23T19:53:11.513+0000] {processor.py:157} INFO - Started process (PID=1400) to work on /home/airflow/.local/lib/python3.9/site-packages/airflow/example_dags/example_skip_dag.py
[2023-07-23T19:53:11.544+0000] {processor.py:826} INFO - Processing file /home/airflow/.local/lib/python3.9/site-packages/airflow/example_dags/example_skip_dag.py for tasks to queue
[2023-07-23T19:53:11.545+0000] {logging_mixin.py:150} INFO - [2023-07-23T19:53:11.545+0000] {dagbag.py:541} INFO - Filling up the DagBag from /home/airflow/.local/lib/python3.9/site-packages/airflow/example_dags/example_skip_dag.py
[2023-07-23T19:53:11.554+0000] {processor.py:836} INFO - DAG(s) dict_keys(['example_skip_dag']) retrieved from /home/airflow/.local/lib/python3.9/site-packages/airflow/example_dags/example_skip_dag.py
[2023-07-23T19:53:11.708+0000] {logging_mixin.py:150} INFO - [2023-07-23T19:53:11.708+0000] {dag.py:2742} INFO - Sync 1 DAGs
[2023-07-23T19:53:11.846+0000] {logging_mixin.py:150} INFO - [2023-07-23T19:53:11.846+0000] {dag.py:3504} INFO - Setting next_dagrun for example_skip_dag to 2023-07-22T19:53:11.844367+00:00, run_after=2023-07-23T19:53:11.844367+00:00
[2023-07-23T19:53:12.031+0000] {processor.py:179} INFO - Processing /home/airflow/.local/lib/python3.9/site-packages/airflow/example_dags/example_skip_dag.py took 0.522 seconds
[2023-07-23T19:53:42.763+0000] {processor.py:157} INFO - Started process (PID=1462) to work on /home/airflow/.local/lib/python3.9/site-packages/airflow/example_dags/example_skip_dag.py
[2023-07-23T19:53:42.769+0000] {processor.py:826} INFO - Processing file /home/airflow/.local/lib/python3.9/site-packages/airflow/example_dags/example_skip_dag.py for tasks to queue
[2023-07-23T19:53:42.769+0000] {logging_mixin.py:150} INFO - [2023-07-23T19:53:42.769+0000] {dagbag.py:541} INFO - Filling up the DagBag from /home/airflow/.local/lib/python3.9/site-packages/airflow/example_dags/example_skip_dag.py
[2023-07-23T19:53:42.790+0000] {processor.py:836} INFO - DAG(s) dict_keys(['example_skip_dag']) retrieved from /home/airflow/.local/lib/python3.9/site-packages/airflow/example_dags/example_skip_dag.py
[2023-07-23T19:53:42.856+0000] {logging_mixin.py:150} INFO - [2023-07-23T19:53:42.855+0000] {dag.py:2742} INFO - Sync 1 DAGs
[2023-07-23T19:53:42.916+0000] {logging_mixin.py:150} INFO - [2023-07-23T19:53:42.916+0000] {dag.py:3504} INFO - Setting next_dagrun for example_skip_dag to 2023-07-22T19:53:42.916044+00:00, run_after=2023-07-23T19:53:42.916044+00:00
[2023-07-23T19:53:42.959+0000] {processor.py:179} INFO - Processing /home/airflow/.local/lib/python3.9/site-packages/airflow/example_dags/example_skip_dag.py took 0.200 seconds
[2023-07-23T19:54:13.714+0000] {processor.py:157} INFO - Started process (PID=1524) to work on /home/airflow/.local/lib/python3.9/site-packages/airflow/example_dags/example_skip_dag.py
[2023-07-23T19:54:13.736+0000] {processor.py:826} INFO - Processing file /home/airflow/.local/lib/python3.9/site-packages/airflow/example_dags/example_skip_dag.py for tasks to queue
[2023-07-23T19:54:13.737+0000] {logging_mixin.py:150} INFO - [2023-07-23T19:54:13.736+0000] {dagbag.py:541} INFO - Filling up the DagBag from /home/airflow/.local/lib/python3.9/site-packages/airflow/example_dags/example_skip_dag.py
[2023-07-23T19:54:13.767+0000] {processor.py:836} INFO - DAG(s) dict_keys(['example_skip_dag']) retrieved from /home/airflow/.local/lib/python3.9/site-packages/airflow/example_dags/example_skip_dag.py
[2023-07-23T19:54:13.902+0000] {logging_mixin.py:150} INFO - [2023-07-23T19:54:13.901+0000] {dag.py:2742} INFO - Sync 1 DAGs
[2023-07-23T19:54:14.058+0000] {logging_mixin.py:150} INFO - [2023-07-23T19:54:14.057+0000] {dag.py:3504} INFO - Setting next_dagrun for example_skip_dag to 2023-07-22T19:54:14.057347+00:00, run_after=2023-07-23T19:54:14.057347+00:00
[2023-07-23T19:54:14.175+0000] {processor.py:179} INFO - Processing /home/airflow/.local/lib/python3.9/site-packages/airflow/example_dags/example_skip_dag.py took 0.466 seconds
[2023-07-23T19:54:45.069+0000] {processor.py:157} INFO - Started process (PID=1585) to work on /home/airflow/.local/lib/python3.9/site-packages/airflow/example_dags/example_skip_dag.py
[2023-07-23T19:54:45.079+0000] {processor.py:826} INFO - Processing file /home/airflow/.local/lib/python3.9/site-packages/airflow/example_dags/example_skip_dag.py for tasks to queue
[2023-07-23T19:54:45.080+0000] {logging_mixin.py:150} INFO - [2023-07-23T19:54:45.079+0000] {dagbag.py:541} INFO - Filling up the DagBag from /home/airflow/.local/lib/python3.9/site-packages/airflow/example_dags/example_skip_dag.py
[2023-07-23T19:54:45.120+0000] {processor.py:836} INFO - DAG(s) dict_keys(['example_skip_dag']) retrieved from /home/airflow/.local/lib/python3.9/site-packages/airflow/example_dags/example_skip_dag.py
[2023-07-23T19:54:45.255+0000] {logging_mixin.py:150} INFO - [2023-07-23T19:54:45.255+0000] {dag.py:2742} INFO - Sync 1 DAGs
[2023-07-23T19:54:45.366+0000] {logging_mixin.py:150} INFO - [2023-07-23T19:54:45.366+0000] {dag.py:3504} INFO - Setting next_dagrun for example_skip_dag to 2023-07-22T19:54:45.366116+00:00, run_after=2023-07-23T19:54:45.366116+00:00
[2023-07-23T19:54:45.445+0000] {processor.py:179} INFO - Processing /home/airflow/.local/lib/python3.9/site-packages/airflow/example_dags/example_skip_dag.py took 0.397 seconds
[2023-07-23T19:55:16.884+0000] {processor.py:157} INFO - Started process (PID=1649) to work on /home/airflow/.local/lib/python3.9/site-packages/airflow/example_dags/example_skip_dag.py
[2023-07-23T19:55:16.936+0000] {processor.py:826} INFO - Processing file /home/airflow/.local/lib/python3.9/site-packages/airflow/example_dags/example_skip_dag.py for tasks to queue
[2023-07-23T19:55:16.937+0000] {logging_mixin.py:150} INFO - [2023-07-23T19:55:16.936+0000] {dagbag.py:541} INFO - Filling up the DagBag from /home/airflow/.local/lib/python3.9/site-packages/airflow/example_dags/example_skip_dag.py
[2023-07-23T19:55:16.979+0000] {processor.py:836} INFO - DAG(s) dict_keys(['example_skip_dag']) retrieved from /home/airflow/.local/lib/python3.9/site-packages/airflow/example_dags/example_skip_dag.py
[2023-07-23T19:55:17.134+0000] {logging_mixin.py:150} INFO - [2023-07-23T19:55:17.134+0000] {dag.py:2742} INFO - Sync 1 DAGs
[2023-07-23T19:55:17.307+0000] {logging_mixin.py:150} INFO - [2023-07-23T19:55:17.306+0000] {dag.py:3504} INFO - Setting next_dagrun for example_skip_dag to 2023-07-22T19:55:17.306352+00:00, run_after=2023-07-23T19:55:17.306352+00:00
[2023-07-23T19:55:17.465+0000] {processor.py:179} INFO - Processing /home/airflow/.local/lib/python3.9/site-packages/airflow/example_dags/example_skip_dag.py took 0.585 seconds
[2023-07-23T19:55:48.638+0000] {processor.py:157} INFO - Started process (PID=1712) to work on /home/airflow/.local/lib/python3.9/site-packages/airflow/example_dags/example_skip_dag.py
[2023-07-23T19:55:48.670+0000] {processor.py:826} INFO - Processing file /home/airflow/.local/lib/python3.9/site-packages/airflow/example_dags/example_skip_dag.py for tasks to queue
[2023-07-23T19:55:48.671+0000] {logging_mixin.py:150} INFO - [2023-07-23T19:55:48.671+0000] {dagbag.py:541} INFO - Filling up the DagBag from /home/airflow/.local/lib/python3.9/site-packages/airflow/example_dags/example_skip_dag.py
[2023-07-23T19:55:48.694+0000] {processor.py:836} INFO - DAG(s) dict_keys(['example_skip_dag']) retrieved from /home/airflow/.local/lib/python3.9/site-packages/airflow/example_dags/example_skip_dag.py
[2023-07-23T19:55:48.906+0000] {logging_mixin.py:150} INFO - [2023-07-23T19:55:48.906+0000] {dag.py:2742} INFO - Sync 1 DAGs
[2023-07-23T19:55:49.056+0000] {logging_mixin.py:150} INFO - [2023-07-23T19:55:49.056+0000] {dag.py:3504} INFO - Setting next_dagrun for example_skip_dag to 2023-07-22T19:55:49.056058+00:00, run_after=2023-07-23T19:55:49.056058+00:00
[2023-07-23T19:55:49.198+0000] {processor.py:179} INFO - Processing /home/airflow/.local/lib/python3.9/site-packages/airflow/example_dags/example_skip_dag.py took 0.625 seconds
[2023-07-23T19:56:20.947+0000] {processor.py:157} INFO - Started process (PID=1772) to work on /home/airflow/.local/lib/python3.9/site-packages/airflow/example_dags/example_skip_dag.py
[2023-07-23T19:56:20.975+0000] {processor.py:826} INFO - Processing file /home/airflow/.local/lib/python3.9/site-packages/airflow/example_dags/example_skip_dag.py for tasks to queue
[2023-07-23T19:56:20.976+0000] {logging_mixin.py:150} INFO - [2023-07-23T19:56:20.976+0000] {dagbag.py:541} INFO - Filling up the DagBag from /home/airflow/.local/lib/python3.9/site-packages/airflow/example_dags/example_skip_dag.py
[2023-07-23T19:56:20.985+0000] {processor.py:836} INFO - DAG(s) dict_keys(['example_skip_dag']) retrieved from /home/airflow/.local/lib/python3.9/site-packages/airflow/example_dags/example_skip_dag.py
[2023-07-23T19:56:21.046+0000] {logging_mixin.py:150} INFO - [2023-07-23T19:56:21.046+0000] {dag.py:2742} INFO - Sync 1 DAGs
[2023-07-23T19:56:21.096+0000] {logging_mixin.py:150} INFO - [2023-07-23T19:56:21.095+0000] {dag.py:3504} INFO - Setting next_dagrun for example_skip_dag to 2023-07-22T19:56:21.095589+00:00, run_after=2023-07-23T19:56:21.095589+00:00
[2023-07-23T19:56:21.140+0000] {processor.py:179} INFO - Processing /home/airflow/.local/lib/python3.9/site-packages/airflow/example_dags/example_skip_dag.py took 0.201 seconds
[2023-07-23T19:56:51.875+0000] {processor.py:157} INFO - Started process (PID=1833) to work on /home/airflow/.local/lib/python3.9/site-packages/airflow/example_dags/example_skip_dag.py
[2023-07-23T19:56:51.899+0000] {processor.py:826} INFO - Processing file /home/airflow/.local/lib/python3.9/site-packages/airflow/example_dags/example_skip_dag.py for tasks to queue
[2023-07-23T19:56:51.900+0000] {logging_mixin.py:150} INFO - [2023-07-23T19:56:51.900+0000] {dagbag.py:541} INFO - Filling up the DagBag from /home/airflow/.local/lib/python3.9/site-packages/airflow/example_dags/example_skip_dag.py
[2023-07-23T19:56:51.913+0000] {processor.py:836} INFO - DAG(s) dict_keys(['example_skip_dag']) retrieved from /home/airflow/.local/lib/python3.9/site-packages/airflow/example_dags/example_skip_dag.py
[2023-07-23T19:56:51.996+0000] {logging_mixin.py:150} INFO - [2023-07-23T19:56:51.996+0000] {dag.py:2742} INFO - Sync 1 DAGs
[2023-07-23T19:56:52.070+0000] {logging_mixin.py:150} INFO - [2023-07-23T19:56:52.070+0000] {dag.py:3504} INFO - Setting next_dagrun for example_skip_dag to 2023-07-22T19:56:52.069921+00:00, run_after=2023-07-23T19:56:52.069921+00:00
[2023-07-23T19:56:52.154+0000] {processor.py:179} INFO - Processing /home/airflow/.local/lib/python3.9/site-packages/airflow/example_dags/example_skip_dag.py took 0.283 seconds
[2023-07-23T19:58:32.884+0000] {processor.py:157} INFO - Started process (PID=1932) to work on /home/airflow/.local/lib/python3.9/site-packages/airflow/example_dags/example_skip_dag.py
[2023-07-23T19:58:32.913+0000] {processor.py:826} INFO - Processing file /home/airflow/.local/lib/python3.9/site-packages/airflow/example_dags/example_skip_dag.py for tasks to queue
[2023-07-23T19:58:32.914+0000] {logging_mixin.py:150} INFO - [2023-07-23T19:58:32.913+0000] {dagbag.py:541} INFO - Filling up the DagBag from /home/airflow/.local/lib/python3.9/site-packages/airflow/example_dags/example_skip_dag.py
[2023-07-23T19:58:33.225+0000] {processor.py:836} INFO - DAG(s) dict_keys(['example_skip_dag']) retrieved from /home/airflow/.local/lib/python3.9/site-packages/airflow/example_dags/example_skip_dag.py
[2023-07-23T19:58:34.250+0000] {logging_mixin.py:150} INFO - [2023-07-23T19:58:34.249+0000] {dag.py:2742} INFO - Sync 1 DAGs
[2023-07-23T19:58:35.230+0000] {logging_mixin.py:150} INFO - [2023-07-23T19:58:35.229+0000] {dag.py:3504} INFO - Setting next_dagrun for example_skip_dag to 2023-07-22T19:58:35.083385+00:00, run_after=2023-07-23T19:58:35.083385+00:00
[2023-07-23T19:58:35.592+0000] {processor.py:179} INFO - Processing /home/airflow/.local/lib/python3.9/site-packages/airflow/example_dags/example_skip_dag.py took 2.910 seconds
[2023-07-23T20:05:55.630+0000] {processor.py:157} INFO - Started process (PID=133) to work on /home/airflow/.local/lib/python3.9/site-packages/airflow/example_dags/example_skip_dag.py
[2023-07-23T20:05:55.646+0000] {processor.py:826} INFO - Processing file /home/airflow/.local/lib/python3.9/site-packages/airflow/example_dags/example_skip_dag.py for tasks to queue
[2023-07-23T20:05:55.647+0000] {logging_mixin.py:150} INFO - [2023-07-23T20:05:55.646+0000] {dagbag.py:541} INFO - Filling up the DagBag from /home/airflow/.local/lib/python3.9/site-packages/airflow/example_dags/example_skip_dag.py
[2023-07-23T20:05:56.187+0000] {processor.py:836} INFO - DAG(s) dict_keys(['example_skip_dag']) retrieved from /home/airflow/.local/lib/python3.9/site-packages/airflow/example_dags/example_skip_dag.py
[2023-07-23T20:05:56.256+0000] {logging_mixin.py:150} INFO - [2023-07-23T20:05:56.256+0000] {dag.py:2742} INFO - Sync 1 DAGs
[2023-07-23T20:05:56.326+0000] {logging_mixin.py:150} INFO - [2023-07-23T20:05:56.326+0000] {dag.py:3504} INFO - Setting next_dagrun for example_skip_dag to 2023-07-22T20:05:56.325975+00:00, run_after=2023-07-23T20:05:56.325975+00:00
[2023-07-23T20:05:56.396+0000] {processor.py:179} INFO - Processing /home/airflow/.local/lib/python3.9/site-packages/airflow/example_dags/example_skip_dag.py took 0.770 seconds
[2023-07-23T20:06:41.129+0000] {processor.py:157} INFO - Started process (PID=195) to work on /home/airflow/.local/lib/python3.9/site-packages/airflow/example_dags/example_skip_dag.py
[2023-07-23T20:06:41.221+0000] {processor.py:826} INFO - Processing file /home/airflow/.local/lib/python3.9/site-packages/airflow/example_dags/example_skip_dag.py for tasks to queue
[2023-07-23T20:06:41.222+0000] {logging_mixin.py:150} INFO - [2023-07-23T20:06:41.222+0000] {dagbag.py:541} INFO - Filling up the DagBag from /home/airflow/.local/lib/python3.9/site-packages/airflow/example_dags/example_skip_dag.py
[2023-07-23T20:06:41.348+0000] {processor.py:836} INFO - DAG(s) dict_keys(['example_skip_dag']) retrieved from /home/airflow/.local/lib/python3.9/site-packages/airflow/example_dags/example_skip_dag.py
[2023-07-23T20:06:41.552+0000] {logging_mixin.py:150} INFO - [2023-07-23T20:06:41.552+0000] {dag.py:2742} INFO - Sync 1 DAGs
[2023-07-23T20:06:42.858+0000] {logging_mixin.py:150} INFO - [2023-07-23T20:06:42.858+0000] {dag.py:3504} INFO - Setting next_dagrun for example_skip_dag to 2023-07-22T20:06:42.857935+00:00, run_after=2023-07-23T20:06:42.857935+00:00
[2023-07-23T20:06:43.913+0000] {processor.py:179} INFO - Processing /home/airflow/.local/lib/python3.9/site-packages/airflow/example_dags/example_skip_dag.py took 2.869 seconds
[2023-07-23T20:09:00.875+0000] {processor.py:157} INFO - Started process (PID=303) to work on /home/airflow/.local/lib/python3.9/site-packages/airflow/example_dags/example_skip_dag.py
[2023-07-23T20:09:01.029+0000] {processor.py:826} INFO - Processing file /home/airflow/.local/lib/python3.9/site-packages/airflow/example_dags/example_skip_dag.py for tasks to queue
[2023-07-23T20:09:01.030+0000] {logging_mixin.py:150} INFO - [2023-07-23T20:09:01.030+0000] {dagbag.py:541} INFO - Filling up the DagBag from /home/airflow/.local/lib/python3.9/site-packages/airflow/example_dags/example_skip_dag.py
[2023-07-23T20:09:01.250+0000] {processor.py:836} INFO - DAG(s) dict_keys(['example_skip_dag']) retrieved from /home/airflow/.local/lib/python3.9/site-packages/airflow/example_dags/example_skip_dag.py
[2023-07-23T20:09:02.033+0000] {logging_mixin.py:150} INFO - [2023-07-23T20:09:02.033+0000] {dag.py:2742} INFO - Sync 1 DAGs
[2023-07-23T20:09:02.814+0000] {logging_mixin.py:150} INFO - [2023-07-23T20:09:02.813+0000] {dag.py:3504} INFO - Setting next_dagrun for example_skip_dag to 2023-07-22T20:09:02.813590+00:00, run_after=2023-07-23T20:09:02.813590+00:00
[2023-07-23T20:09:03.758+0000] {processor.py:179} INFO - Processing /home/airflow/.local/lib/python3.9/site-packages/airflow/example_dags/example_skip_dag.py took 3.045 seconds
[2023-07-23T20:10:11.377+0000] {processor.py:157} INFO - Started process (PID=380) to work on /home/airflow/.local/lib/python3.9/site-packages/airflow/example_dags/example_skip_dag.py
[2023-07-23T20:10:11.379+0000] {processor.py:826} INFO - Processing file /home/airflow/.local/lib/python3.9/site-packages/airflow/example_dags/example_skip_dag.py for tasks to queue
[2023-07-23T20:10:11.380+0000] {logging_mixin.py:150} INFO - [2023-07-23T20:10:11.379+0000] {dagbag.py:541} INFO - Filling up the DagBag from /home/airflow/.local/lib/python3.9/site-packages/airflow/example_dags/example_skip_dag.py
[2023-07-23T20:10:11.405+0000] {processor.py:836} INFO - DAG(s) dict_keys(['example_skip_dag']) retrieved from /home/airflow/.local/lib/python3.9/site-packages/airflow/example_dags/example_skip_dag.py
[2023-07-23T20:10:11.576+0000] {logging_mixin.py:150} INFO - [2023-07-23T20:10:11.576+0000] {dag.py:2742} INFO - Sync 1 DAGs
[2023-07-23T20:10:11.717+0000] {logging_mixin.py:150} INFO - [2023-07-23T20:10:11.716+0000] {dag.py:3504} INFO - Setting next_dagrun for example_skip_dag to 2023-07-22T20:10:11.716302+00:00, run_after=2023-07-23T20:10:11.716302+00:00
[2023-07-23T20:10:11.825+0000] {processor.py:179} INFO - Processing /home/airflow/.local/lib/python3.9/site-packages/airflow/example_dags/example_skip_dag.py took 0.465 seconds
[2023-07-23T20:10:42.509+0000] {processor.py:157} INFO - Started process (PID=442) to work on /home/airflow/.local/lib/python3.9/site-packages/airflow/example_dags/example_skip_dag.py
[2023-07-23T20:10:42.523+0000] {processor.py:826} INFO - Processing file /home/airflow/.local/lib/python3.9/site-packages/airflow/example_dags/example_skip_dag.py for tasks to queue
[2023-07-23T20:10:42.524+0000] {logging_mixin.py:150} INFO - [2023-07-23T20:10:42.524+0000] {dagbag.py:541} INFO - Filling up the DagBag from /home/airflow/.local/lib/python3.9/site-packages/airflow/example_dags/example_skip_dag.py
[2023-07-23T20:10:42.553+0000] {processor.py:836} INFO - DAG(s) dict_keys(['example_skip_dag']) retrieved from /home/airflow/.local/lib/python3.9/site-packages/airflow/example_dags/example_skip_dag.py
[2023-07-23T20:10:42.716+0000] {logging_mixin.py:150} INFO - [2023-07-23T20:10:42.716+0000] {dag.py:2742} INFO - Sync 1 DAGs
[2023-07-23T20:10:42.882+0000] {logging_mixin.py:150} INFO - [2023-07-23T20:10:42.882+0000] {dag.py:3504} INFO - Setting next_dagrun for example_skip_dag to 2023-07-22T20:10:42.882001+00:00, run_after=2023-07-23T20:10:42.882001+00:00
[2023-07-23T20:10:43.096+0000] {processor.py:179} INFO - Processing /home/airflow/.local/lib/python3.9/site-packages/airflow/example_dags/example_skip_dag.py took 0.624 seconds
[2023-07-23T20:11:13.784+0000] {processor.py:157} INFO - Started process (PID=498) to work on /home/airflow/.local/lib/python3.9/site-packages/airflow/example_dags/example_skip_dag.py
[2023-07-23T20:11:13.796+0000] {processor.py:826} INFO - Processing file /home/airflow/.local/lib/python3.9/site-packages/airflow/example_dags/example_skip_dag.py for tasks to queue
[2023-07-23T20:11:13.797+0000] {logging_mixin.py:150} INFO - [2023-07-23T20:11:13.797+0000] {dagbag.py:541} INFO - Filling up the DagBag from /home/airflow/.local/lib/python3.9/site-packages/airflow/example_dags/example_skip_dag.py
[2023-07-23T20:11:13.836+0000] {processor.py:836} INFO - DAG(s) dict_keys(['example_skip_dag']) retrieved from /home/airflow/.local/lib/python3.9/site-packages/airflow/example_dags/example_skip_dag.py
[2023-07-23T20:11:13.886+0000] {logging_mixin.py:150} INFO - [2023-07-23T20:11:13.886+0000] {dag.py:2742} INFO - Sync 1 DAGs
[2023-07-23T20:11:13.947+0000] {logging_mixin.py:150} INFO - [2023-07-23T20:11:13.946+0000] {dag.py:3504} INFO - Setting next_dagrun for example_skip_dag to 2023-07-22T20:11:13.946355+00:00, run_after=2023-07-23T20:11:13.946355+00:00
[2023-07-23T20:11:14.016+0000] {processor.py:179} INFO - Processing /home/airflow/.local/lib/python3.9/site-packages/airflow/example_dags/example_skip_dag.py took 0.237 seconds
[2023-07-23T20:12:05.082+0000] {processor.py:157} INFO - Started process (PID=570) to work on /home/airflow/.local/lib/python3.9/site-packages/airflow/example_dags/example_skip_dag.py
[2023-07-23T20:12:05.084+0000] {processor.py:826} INFO - Processing file /home/airflow/.local/lib/python3.9/site-packages/airflow/example_dags/example_skip_dag.py for tasks to queue
[2023-07-23T20:12:05.085+0000] {logging_mixin.py:150} INFO - [2023-07-23T20:12:05.084+0000] {dagbag.py:541} INFO - Filling up the DagBag from /home/airflow/.local/lib/python3.9/site-packages/airflow/example_dags/example_skip_dag.py
[2023-07-23T20:12:05.330+0000] {processor.py:836} INFO - DAG(s) dict_keys(['example_skip_dag']) retrieved from /home/airflow/.local/lib/python3.9/site-packages/airflow/example_dags/example_skip_dag.py
[2023-07-23T20:12:05.520+0000] {logging_mixin.py:150} INFO - [2023-07-23T20:12:05.520+0000] {dag.py:2742} INFO - Sync 1 DAGs
[2023-07-23T20:12:06.133+0000] {logging_mixin.py:150} INFO - [2023-07-23T20:12:06.132+0000] {dag.py:3504} INFO - Setting next_dagrun for example_skip_dag to 2023-07-22T20:12:06.035368+00:00, run_after=2023-07-23T20:12:06.035368+00:00
[2023-07-23T20:12:06.751+0000] {processor.py:179} INFO - Processing /home/airflow/.local/lib/python3.9/site-packages/airflow/example_dags/example_skip_dag.py took 1.750 seconds
[2023-07-23T20:13:40.681+0000] {processor.py:157} INFO - Started process (PID=653) to work on /home/airflow/.local/lib/python3.9/site-packages/airflow/example_dags/example_skip_dag.py
[2023-07-23T20:13:40.721+0000] {processor.py:826} INFO - Processing file /home/airflow/.local/lib/python3.9/site-packages/airflow/example_dags/example_skip_dag.py for tasks to queue
[2023-07-23T20:13:40.722+0000] {logging_mixin.py:150} INFO - [2023-07-23T20:13:40.722+0000] {dagbag.py:541} INFO - Filling up the DagBag from /home/airflow/.local/lib/python3.9/site-packages/airflow/example_dags/example_skip_dag.py
[2023-07-23T20:13:41.038+0000] {processor.py:836} INFO - DAG(s) dict_keys(['example_skip_dag']) retrieved from /home/airflow/.local/lib/python3.9/site-packages/airflow/example_dags/example_skip_dag.py
[2023-07-23T20:13:41.934+0000] {logging_mixin.py:150} INFO - [2023-07-23T20:13:41.933+0000] {dag.py:2742} INFO - Sync 1 DAGs
[2023-07-23T20:13:42.844+0000] {logging_mixin.py:150} INFO - [2023-07-23T20:13:42.844+0000] {dag.py:3504} INFO - Setting next_dagrun for example_skip_dag to 2023-07-22T20:13:42.844066+00:00, run_after=2023-07-23T20:13:42.844066+00:00
[2023-07-23T20:13:44.009+0000] {processor.py:179} INFO - Processing /home/airflow/.local/lib/python3.9/site-packages/airflow/example_dags/example_skip_dag.py took 3.375 seconds
[2023-07-23T20:15:19.024+0000] {processor.py:157} INFO - Started process (PID=751) to work on /home/airflow/.local/lib/python3.9/site-packages/airflow/example_dags/example_skip_dag.py
[2023-07-23T20:15:19.035+0000] {processor.py:826} INFO - Processing file /home/airflow/.local/lib/python3.9/site-packages/airflow/example_dags/example_skip_dag.py for tasks to queue
[2023-07-23T20:15:19.036+0000] {logging_mixin.py:150} INFO - [2023-07-23T20:15:19.036+0000] {dagbag.py:541} INFO - Filling up the DagBag from /home/airflow/.local/lib/python3.9/site-packages/airflow/example_dags/example_skip_dag.py
[2023-07-23T20:15:19.045+0000] {processor.py:836} INFO - DAG(s) dict_keys(['example_skip_dag']) retrieved from /home/airflow/.local/lib/python3.9/site-packages/airflow/example_dags/example_skip_dag.py
[2023-07-23T20:15:19.197+0000] {logging_mixin.py:150} INFO - [2023-07-23T20:15:19.196+0000] {dag.py:2742} INFO - Sync 1 DAGs
[2023-07-23T20:15:19.260+0000] {logging_mixin.py:150} INFO - [2023-07-23T20:15:19.260+0000] {dag.py:3504} INFO - Setting next_dagrun for example_skip_dag to 2023-07-22T20:15:19.260125+00:00, run_after=2023-07-23T20:15:19.260125+00:00
[2023-07-23T20:15:19.326+0000] {processor.py:179} INFO - Processing /home/airflow/.local/lib/python3.9/site-packages/airflow/example_dags/example_skip_dag.py took 0.316 seconds
[2023-07-23T20:15:51.852+0000] {processor.py:157} INFO - Started process (PID=812) to work on /home/airflow/.local/lib/python3.9/site-packages/airflow/example_dags/example_skip_dag.py
[2023-07-23T20:15:51.886+0000] {processor.py:826} INFO - Processing file /home/airflow/.local/lib/python3.9/site-packages/airflow/example_dags/example_skip_dag.py for tasks to queue
[2023-07-23T20:15:51.896+0000] {logging_mixin.py:150} INFO - [2023-07-23T20:15:51.891+0000] {dagbag.py:541} INFO - Filling up the DagBag from /home/airflow/.local/lib/python3.9/site-packages/airflow/example_dags/example_skip_dag.py
[2023-07-23T20:15:51.975+0000] {processor.py:836} INFO - DAG(s) dict_keys(['example_skip_dag']) retrieved from /home/airflow/.local/lib/python3.9/site-packages/airflow/example_dags/example_skip_dag.py
[2023-07-23T20:15:52.124+0000] {logging_mixin.py:150} INFO - [2023-07-23T20:15:52.124+0000] {dag.py:2742} INFO - Sync 1 DAGs
[2023-07-23T20:15:52.256+0000] {logging_mixin.py:150} INFO - [2023-07-23T20:15:52.256+0000] {dag.py:3504} INFO - Setting next_dagrun for example_skip_dag to 2023-07-22T20:15:52.256299+00:00, run_after=2023-07-23T20:15:52.256299+00:00
[2023-07-23T20:15:52.375+0000] {processor.py:179} INFO - Processing /home/airflow/.local/lib/python3.9/site-packages/airflow/example_dags/example_skip_dag.py took 0.527 seconds
[2023-07-23T20:16:36.453+0000] {processor.py:157} INFO - Started process (PID=873) to work on /home/airflow/.local/lib/python3.9/site-packages/airflow/example_dags/example_skip_dag.py
[2023-07-23T20:16:36.469+0000] {processor.py:826} INFO - Processing file /home/airflow/.local/lib/python3.9/site-packages/airflow/example_dags/example_skip_dag.py for tasks to queue
[2023-07-23T20:16:36.470+0000] {logging_mixin.py:150} INFO - [2023-07-23T20:16:36.470+0000] {dagbag.py:541} INFO - Filling up the DagBag from /home/airflow/.local/lib/python3.9/site-packages/airflow/example_dags/example_skip_dag.py
[2023-07-23T20:16:36.743+0000] {processor.py:836} INFO - DAG(s) dict_keys(['example_skip_dag']) retrieved from /home/airflow/.local/lib/python3.9/site-packages/airflow/example_dags/example_skip_dag.py
[2023-07-23T20:16:37.523+0000] {logging_mixin.py:150} INFO - [2023-07-23T20:16:37.522+0000] {dag.py:2742} INFO - Sync 1 DAGs
[2023-07-23T20:16:38.188+0000] {logging_mixin.py:150} INFO - [2023-07-23T20:16:38.188+0000] {dag.py:3504} INFO - Setting next_dagrun for example_skip_dag to 2023-07-22T20:16:38.187990+00:00, run_after=2023-07-23T20:16:38.187990+00:00
[2023-07-23T20:16:39.047+0000] {processor.py:179} INFO - Processing /home/airflow/.local/lib/python3.9/site-packages/airflow/example_dags/example_skip_dag.py took 2.684 seconds
[2023-07-23T20:18:49.444+0000] {processor.py:157} INFO - Started process (PID=964) to work on /home/airflow/.local/lib/python3.9/site-packages/airflow/example_dags/example_skip_dag.py
[2023-07-23T20:18:49.446+0000] {processor.py:826} INFO - Processing file /home/airflow/.local/lib/python3.9/site-packages/airflow/example_dags/example_skip_dag.py for tasks to queue
[2023-07-23T20:18:49.447+0000] {logging_mixin.py:150} INFO - [2023-07-23T20:18:49.446+0000] {dagbag.py:541} INFO - Filling up the DagBag from /home/airflow/.local/lib/python3.9/site-packages/airflow/example_dags/example_skip_dag.py
[2023-07-23T20:18:50.238+0000] {processor.py:836} INFO - DAG(s) dict_keys(['example_skip_dag']) retrieved from /home/airflow/.local/lib/python3.9/site-packages/airflow/example_dags/example_skip_dag.py
[2023-07-23T20:18:51.253+0000] {logging_mixin.py:150} INFO - [2023-07-23T20:18:51.252+0000] {dag.py:2742} INFO - Sync 1 DAGs
[2023-07-23T20:18:54.919+0000] {logging_mixin.py:150} INFO - [2023-07-23T20:18:54.919+0000] {dag.py:3504} INFO - Setting next_dagrun for example_skip_dag to 2023-07-22T20:18:54.919273+00:00, run_after=2023-07-23T20:18:54.919273+00:00
[2023-07-23T20:18:55.515+0000] {processor.py:179} INFO - Processing /home/airflow/.local/lib/python3.9/site-packages/airflow/example_dags/example_skip_dag.py took 6.229 seconds
[2023-07-23T20:20:25.482+0000] {processor.py:157} INFO - Started process (PID=1047) to work on /home/airflow/.local/lib/python3.9/site-packages/airflow/example_dags/example_skip_dag.py
[2023-07-23T20:20:25.516+0000] {processor.py:826} INFO - Processing file /home/airflow/.local/lib/python3.9/site-packages/airflow/example_dags/example_skip_dag.py for tasks to queue
[2023-07-23T20:20:25.517+0000] {logging_mixin.py:150} INFO - [2023-07-23T20:20:25.516+0000] {dagbag.py:541} INFO - Filling up the DagBag from /home/airflow/.local/lib/python3.9/site-packages/airflow/example_dags/example_skip_dag.py
[2023-07-23T20:20:25.563+0000] {processor.py:836} INFO - DAG(s) dict_keys(['example_skip_dag']) retrieved from /home/airflow/.local/lib/python3.9/site-packages/airflow/example_dags/example_skip_dag.py
[2023-07-23T20:20:25.702+0000] {logging_mixin.py:150} INFO - [2023-07-23T20:20:25.702+0000] {dag.py:2742} INFO - Sync 1 DAGs
[2023-07-23T20:20:25.869+0000] {logging_mixin.py:150} INFO - [2023-07-23T20:20:25.869+0000] {dag.py:3504} INFO - Setting next_dagrun for example_skip_dag to 2023-07-22T20:20:25.868913+00:00, run_after=2023-07-23T20:20:25.868913+00:00
[2023-07-23T20:20:26.047+0000] {processor.py:179} INFO - Processing /home/airflow/.local/lib/python3.9/site-packages/airflow/example_dags/example_skip_dag.py took 0.570 seconds
[2023-07-23T20:20:57.427+0000] {processor.py:157} INFO - Started process (PID=1108) to work on /home/airflow/.local/lib/python3.9/site-packages/airflow/example_dags/example_skip_dag.py
[2023-07-23T20:20:57.436+0000] {processor.py:826} INFO - Processing file /home/airflow/.local/lib/python3.9/site-packages/airflow/example_dags/example_skip_dag.py for tasks to queue
[2023-07-23T20:20:57.440+0000] {logging_mixin.py:150} INFO - [2023-07-23T20:20:57.437+0000] {dagbag.py:541} INFO - Filling up the DagBag from /home/airflow/.local/lib/python3.9/site-packages/airflow/example_dags/example_skip_dag.py
[2023-07-23T20:20:57.482+0000] {processor.py:836} INFO - DAG(s) dict_keys(['example_skip_dag']) retrieved from /home/airflow/.local/lib/python3.9/site-packages/airflow/example_dags/example_skip_dag.py
[2023-07-23T20:20:57.579+0000] {logging_mixin.py:150} INFO - [2023-07-23T20:20:57.579+0000] {dag.py:2742} INFO - Sync 1 DAGs
[2023-07-23T20:20:57.715+0000] {logging_mixin.py:150} INFO - [2023-07-23T20:20:57.715+0000] {dag.py:3504} INFO - Setting next_dagrun for example_skip_dag to 2023-07-22T20:20:57.714546+00:00, run_after=2023-07-23T20:20:57.714546+00:00
[2023-07-23T20:20:57.811+0000] {processor.py:179} INFO - Processing /home/airflow/.local/lib/python3.9/site-packages/airflow/example_dags/example_skip_dag.py took 0.429 seconds
[2023-07-23T20:24:36.656+0000] {processor.py:157} INFO - Started process (PID=1255) to work on /home/airflow/.local/lib/python3.9/site-packages/airflow/example_dags/example_skip_dag.py
[2023-07-23T20:24:36.760+0000] {processor.py:826} INFO - Processing file /home/airflow/.local/lib/python3.9/site-packages/airflow/example_dags/example_skip_dag.py for tasks to queue
[2023-07-23T20:24:36.761+0000] {logging_mixin.py:150} INFO - [2023-07-23T20:24:36.761+0000] {dagbag.py:541} INFO - Filling up the DagBag from /home/airflow/.local/lib/python3.9/site-packages/airflow/example_dags/example_skip_dag.py
[2023-07-23T20:24:36.863+0000] {processor.py:836} INFO - DAG(s) dict_keys(['example_skip_dag']) retrieved from /home/airflow/.local/lib/python3.9/site-packages/airflow/example_dags/example_skip_dag.py
[2023-07-23T20:24:38.548+0000] {logging_mixin.py:150} INFO - [2023-07-23T20:24:38.547+0000] {dag.py:2742} INFO - Sync 1 DAGs
[2023-07-23T20:24:39.707+0000] {logging_mixin.py:150} INFO - [2023-07-23T20:24:39.616+0000] {dag.py:3504} INFO - Setting next_dagrun for example_skip_dag to 2023-07-22T20:24:39.615670+00:00, run_after=2023-07-23T20:24:39.615670+00:00
[2023-07-23T20:24:40.682+0000] {processor.py:179} INFO - Processing /home/airflow/.local/lib/python3.9/site-packages/airflow/example_dags/example_skip_dag.py took 4.072 seconds
[2023-07-23T20:25:23.538+0000] {processor.py:157} INFO - Started process (PID=1323) to work on /home/airflow/.local/lib/python3.9/site-packages/airflow/example_dags/example_skip_dag.py
[2023-07-23T20:25:23.544+0000] {processor.py:826} INFO - Processing file /home/airflow/.local/lib/python3.9/site-packages/airflow/example_dags/example_skip_dag.py for tasks to queue
[2023-07-23T20:25:23.545+0000] {logging_mixin.py:150} INFO - [2023-07-23T20:25:23.545+0000] {dagbag.py:541} INFO - Filling up the DagBag from /home/airflow/.local/lib/python3.9/site-packages/airflow/example_dags/example_skip_dag.py
[2023-07-23T20:25:23.562+0000] {processor.py:836} INFO - DAG(s) dict_keys(['example_skip_dag']) retrieved from /home/airflow/.local/lib/python3.9/site-packages/airflow/example_dags/example_skip_dag.py
[2023-07-23T20:25:23.629+0000] {logging_mixin.py:150} INFO - [2023-07-23T20:25:23.629+0000] {dag.py:2742} INFO - Sync 1 DAGs
[2023-07-23T20:25:23.679+0000] {logging_mixin.py:150} INFO - [2023-07-23T20:25:23.679+0000] {dag.py:3504} INFO - Setting next_dagrun for example_skip_dag to 2023-07-22T20:25:23.679095+00:00, run_after=2023-07-23T20:25:23.679095+00:00
[2023-07-23T20:25:23.801+0000] {processor.py:179} INFO - Processing /home/airflow/.local/lib/python3.9/site-packages/airflow/example_dags/example_skip_dag.py took 0.271 seconds
[2023-07-23T20:25:55.076+0000] {processor.py:157} INFO - Started process (PID=1378) to work on /home/airflow/.local/lib/python3.9/site-packages/airflow/example_dags/example_skip_dag.py
[2023-07-23T20:25:55.081+0000] {processor.py:826} INFO - Processing file /home/airflow/.local/lib/python3.9/site-packages/airflow/example_dags/example_skip_dag.py for tasks to queue
[2023-07-23T20:25:55.087+0000] {logging_mixin.py:150} INFO - [2023-07-23T20:25:55.087+0000] {dagbag.py:541} INFO - Filling up the DagBag from /home/airflow/.local/lib/python3.9/site-packages/airflow/example_dags/example_skip_dag.py
[2023-07-23T20:25:55.161+0000] {processor.py:836} INFO - DAG(s) dict_keys(['example_skip_dag']) retrieved from /home/airflow/.local/lib/python3.9/site-packages/airflow/example_dags/example_skip_dag.py
[2023-07-23T20:25:55.326+0000] {logging_mixin.py:150} INFO - [2023-07-23T20:25:55.326+0000] {dag.py:2742} INFO - Sync 1 DAGs
[2023-07-23T20:25:55.504+0000] {logging_mixin.py:150} INFO - [2023-07-23T20:25:55.503+0000] {dag.py:3504} INFO - Setting next_dagrun for example_skip_dag to 2023-07-22T20:25:55.503360+00:00, run_after=2023-07-23T20:25:55.503360+00:00
[2023-07-23T20:25:55.670+0000] {processor.py:179} INFO - Processing /home/airflow/.local/lib/python3.9/site-packages/airflow/example_dags/example_skip_dag.py took 0.720 seconds
[2023-07-23T20:27:32.643+0000] {processor.py:157} INFO - Started process (PID=1459) to work on /home/airflow/.local/lib/python3.9/site-packages/airflow/example_dags/example_skip_dag.py
[2023-07-23T20:27:32.794+0000] {processor.py:826} INFO - Processing file /home/airflow/.local/lib/python3.9/site-packages/airflow/example_dags/example_skip_dag.py for tasks to queue
[2023-07-23T20:27:32.795+0000] {logging_mixin.py:150} INFO - [2023-07-23T20:27:32.795+0000] {dagbag.py:541} INFO - Filling up the DagBag from /home/airflow/.local/lib/python3.9/site-packages/airflow/example_dags/example_skip_dag.py
[2023-07-23T20:27:33.102+0000] {processor.py:836} INFO - DAG(s) dict_keys(['example_skip_dag']) retrieved from /home/airflow/.local/lib/python3.9/site-packages/airflow/example_dags/example_skip_dag.py
[2023-07-23T20:27:33.633+0000] {logging_mixin.py:150} INFO - [2023-07-23T20:27:33.632+0000] {dag.py:2742} INFO - Sync 1 DAGs
[2023-07-23T20:27:34.193+0000] {logging_mixin.py:150} INFO - [2023-07-23T20:27:34.193+0000] {dag.py:3504} INFO - Setting next_dagrun for example_skip_dag to 2023-07-22T20:27:34.193050+00:00, run_after=2023-07-23T20:27:34.193050+00:00
[2023-07-23T20:27:34.843+0000] {processor.py:179} INFO - Processing /home/airflow/.local/lib/python3.9/site-packages/airflow/example_dags/example_skip_dag.py took 2.363 seconds
[2023-07-23T20:30:18.674+0000] {processor.py:157} INFO - Started process (PID=1584) to work on /home/airflow/.local/lib/python3.9/site-packages/airflow/example_dags/example_skip_dag.py
[2023-07-23T20:30:18.725+0000] {processor.py:826} INFO - Processing file /home/airflow/.local/lib/python3.9/site-packages/airflow/example_dags/example_skip_dag.py for tasks to queue
[2023-07-23T20:30:18.727+0000] {logging_mixin.py:150} INFO - [2023-07-23T20:30:18.726+0000] {dagbag.py:541} INFO - Filling up the DagBag from /home/airflow/.local/lib/python3.9/site-packages/airflow/example_dags/example_skip_dag.py
[2023-07-23T20:30:18.816+0000] {processor.py:836} INFO - DAG(s) dict_keys(['example_skip_dag']) retrieved from /home/airflow/.local/lib/python3.9/site-packages/airflow/example_dags/example_skip_dag.py
[2023-07-23T20:30:19.074+0000] {logging_mixin.py:150} INFO - [2023-07-23T20:30:19.074+0000] {dag.py:2742} INFO - Sync 1 DAGs
[2023-07-23T20:30:19.311+0000] {logging_mixin.py:150} INFO - [2023-07-23T20:30:19.311+0000] {dag.py:3504} INFO - Setting next_dagrun for example_skip_dag to 2023-07-22T20:30:19.310778+00:00, run_after=2023-07-23T20:30:19.310778+00:00
[2023-07-23T20:30:19.486+0000] {processor.py:179} INFO - Processing /home/airflow/.local/lib/python3.9/site-packages/airflow/example_dags/example_skip_dag.py took 0.816 seconds
[2023-07-23T20:30:50.094+0000] {processor.py:157} INFO - Started process (PID=1638) to work on /home/airflow/.local/lib/python3.9/site-packages/airflow/example_dags/example_skip_dag.py
[2023-07-23T20:30:50.126+0000] {processor.py:826} INFO - Processing file /home/airflow/.local/lib/python3.9/site-packages/airflow/example_dags/example_skip_dag.py for tasks to queue
[2023-07-23T20:30:50.127+0000] {logging_mixin.py:150} INFO - [2023-07-23T20:30:50.126+0000] {dagbag.py:541} INFO - Filling up the DagBag from /home/airflow/.local/lib/python3.9/site-packages/airflow/example_dags/example_skip_dag.py
[2023-07-23T20:30:50.150+0000] {processor.py:836} INFO - DAG(s) dict_keys(['example_skip_dag']) retrieved from /home/airflow/.local/lib/python3.9/site-packages/airflow/example_dags/example_skip_dag.py
[2023-07-23T20:30:50.244+0000] {logging_mixin.py:150} INFO - [2023-07-23T20:30:50.243+0000] {dag.py:2742} INFO - Sync 1 DAGs
[2023-07-23T20:30:50.362+0000] {logging_mixin.py:150} INFO - [2023-07-23T20:30:50.362+0000] {dag.py:3504} INFO - Setting next_dagrun for example_skip_dag to 2023-07-22T20:30:50.361520+00:00, run_after=2023-07-23T20:30:50.361520+00:00
[2023-07-23T20:30:50.472+0000] {processor.py:179} INFO - Processing /home/airflow/.local/lib/python3.9/site-packages/airflow/example_dags/example_skip_dag.py took 0.382 seconds
[2023-07-23T20:31:23.131+0000] {processor.py:157} INFO - Started process (PID=1701) to work on /home/airflow/.local/lib/python3.9/site-packages/airflow/example_dags/example_skip_dag.py
[2023-07-23T20:31:23.225+0000] {processor.py:826} INFO - Processing file /home/airflow/.local/lib/python3.9/site-packages/airflow/example_dags/example_skip_dag.py for tasks to queue
[2023-07-23T20:31:23.226+0000] {logging_mixin.py:150} INFO - [2023-07-23T20:31:23.226+0000] {dagbag.py:541} INFO - Filling up the DagBag from /home/airflow/.local/lib/python3.9/site-packages/airflow/example_dags/example_skip_dag.py
[2023-07-23T20:31:23.321+0000] {processor.py:836} INFO - DAG(s) dict_keys(['example_skip_dag']) retrieved from /home/airflow/.local/lib/python3.9/site-packages/airflow/example_dags/example_skip_dag.py
[2023-07-23T20:31:24.056+0000] {logging_mixin.py:150} INFO - [2023-07-23T20:31:24.056+0000] {dag.py:2742} INFO - Sync 1 DAGs
[2023-07-23T20:31:24.640+0000] {logging_mixin.py:150} INFO - [2023-07-23T20:31:24.640+0000] {dag.py:3504} INFO - Setting next_dagrun for example_skip_dag to 2023-07-22T20:31:24.639999+00:00, run_after=2023-07-23T20:31:24.639999+00:00
[2023-07-23T20:31:25.164+0000] {processor.py:179} INFO - Processing /home/airflow/.local/lib/python3.9/site-packages/airflow/example_dags/example_skip_dag.py took 2.087 seconds
