[2023-07-23T19:28:22.963+0000] {processor.py:157} INFO - Started process (PID=74) to work on /home/airflow/.local/lib/python3.9/site-packages/airflow/example_dags/example_sensors.py
[2023-07-23T19:28:22.964+0000] {processor.py:826} INFO - Processing file /home/airflow/.local/lib/python3.9/site-packages/airflow/example_dags/example_sensors.py for tasks to queue
[2023-07-23T19:28:22.965+0000] {logging_mixin.py:150} INFO - [2023-07-23T19:28:22.964+0000] {dagbag.py:541} INFO - Filling up the DagBag from /home/airflow/.local/lib/python3.9/site-packages/airflow/example_dags/example_sensors.py
[2023-07-23T19:28:23.533+0000] {processor.py:836} INFO - DAG(s) dict_keys(['example_sensors']) retrieved from /home/airflow/.local/lib/python3.9/site-packages/airflow/example_dags/example_sensors.py
[2023-07-23T19:28:23.606+0000] {logging_mixin.py:150} INFO - [2023-07-23T19:28:23.606+0000] {dag.py:2742} INFO - Sync 1 DAGs
[2023-07-23T19:28:23.680+0000] {logging_mixin.py:150} INFO - [2023-07-23T19:28:23.680+0000] {dag.py:3504} INFO - Setting next_dagrun for example_sensors to None, run_after=None
[2023-07-23T19:28:23.738+0000] {processor.py:179} INFO - Processing /home/airflow/.local/lib/python3.9/site-packages/airflow/example_dags/example_sensors.py took 0.779 seconds
[2023-07-23T19:28:53.925+0000] {processor.py:157} INFO - Started process (PID=136) to work on /home/airflow/.local/lib/python3.9/site-packages/airflow/example_dags/example_sensors.py
[2023-07-23T19:28:53.935+0000] {processor.py:826} INFO - Processing file /home/airflow/.local/lib/python3.9/site-packages/airflow/example_dags/example_sensors.py for tasks to queue
[2023-07-23T19:28:53.937+0000] {logging_mixin.py:150} INFO - [2023-07-23T19:28:53.936+0000] {dagbag.py:541} INFO - Filling up the DagBag from /home/airflow/.local/lib/python3.9/site-packages/airflow/example_dags/example_sensors.py
[2023-07-23T19:28:53.956+0000] {processor.py:836} INFO - DAG(s) dict_keys(['example_sensors']) retrieved from /home/airflow/.local/lib/python3.9/site-packages/airflow/example_dags/example_sensors.py
[2023-07-23T19:28:53.997+0000] {logging_mixin.py:150} INFO - [2023-07-23T19:28:53.997+0000] {dag.py:2742} INFO - Sync 1 DAGs
[2023-07-23T19:28:54.024+0000] {logging_mixin.py:150} INFO - [2023-07-23T19:28:54.023+0000] {dag.py:3504} INFO - Setting next_dagrun for example_sensors to None, run_after=None
[2023-07-23T19:28:54.045+0000] {processor.py:179} INFO - Processing /home/airflow/.local/lib/python3.9/site-packages/airflow/example_dags/example_sensors.py took 0.134 seconds
[2023-07-23T19:29:24.540+0000] {processor.py:157} INFO - Started process (PID=197) to work on /home/airflow/.local/lib/python3.9/site-packages/airflow/example_dags/example_sensors.py
[2023-07-23T19:29:24.546+0000] {processor.py:826} INFO - Processing file /home/airflow/.local/lib/python3.9/site-packages/airflow/example_dags/example_sensors.py for tasks to queue
[2023-07-23T19:29:24.546+0000] {logging_mixin.py:150} INFO - [2023-07-23T19:29:24.546+0000] {dagbag.py:541} INFO - Filling up the DagBag from /home/airflow/.local/lib/python3.9/site-packages/airflow/example_dags/example_sensors.py
[2023-07-23T19:29:24.571+0000] {processor.py:836} INFO - DAG(s) dict_keys(['example_sensors']) retrieved from /home/airflow/.local/lib/python3.9/site-packages/airflow/example_dags/example_sensors.py
[2023-07-23T19:29:24.641+0000] {logging_mixin.py:150} INFO - [2023-07-23T19:29:24.641+0000] {dag.py:2742} INFO - Sync 1 DAGs
[2023-07-23T19:29:24.701+0000] {logging_mixin.py:150} INFO - [2023-07-23T19:29:24.701+0000] {dag.py:3504} INFO - Setting next_dagrun for example_sensors to None, run_after=None
[2023-07-23T19:29:24.729+0000] {processor.py:179} INFO - Processing /home/airflow/.local/lib/python3.9/site-packages/airflow/example_dags/example_sensors.py took 0.195 seconds
[2023-07-23T19:29:55.321+0000] {processor.py:157} INFO - Started process (PID=258) to work on /home/airflow/.local/lib/python3.9/site-packages/airflow/example_dags/example_sensors.py
[2023-07-23T19:29:55.330+0000] {processor.py:826} INFO - Processing file /home/airflow/.local/lib/python3.9/site-packages/airflow/example_dags/example_sensors.py for tasks to queue
[2023-07-23T19:29:55.331+0000] {logging_mixin.py:150} INFO - [2023-07-23T19:29:55.331+0000] {dagbag.py:541} INFO - Filling up the DagBag from /home/airflow/.local/lib/python3.9/site-packages/airflow/example_dags/example_sensors.py
[2023-07-23T19:29:55.362+0000] {processor.py:836} INFO - DAG(s) dict_keys(['example_sensors']) retrieved from /home/airflow/.local/lib/python3.9/site-packages/airflow/example_dags/example_sensors.py
[2023-07-23T19:29:55.479+0000] {logging_mixin.py:150} INFO - [2023-07-23T19:29:55.479+0000] {dag.py:2742} INFO - Sync 1 DAGs
[2023-07-23T19:29:55.630+0000] {logging_mixin.py:150} INFO - [2023-07-23T19:29:55.630+0000] {dag.py:3504} INFO - Setting next_dagrun for example_sensors to None, run_after=None
[2023-07-23T19:29:55.732+0000] {processor.py:179} INFO - Processing /home/airflow/.local/lib/python3.9/site-packages/airflow/example_dags/example_sensors.py took 0.415 seconds
[2023-07-23T19:30:25.966+0000] {processor.py:157} INFO - Started process (PID=320) to work on /home/airflow/.local/lib/python3.9/site-packages/airflow/example_dags/example_sensors.py
[2023-07-23T19:30:25.968+0000] {processor.py:826} INFO - Processing file /home/airflow/.local/lib/python3.9/site-packages/airflow/example_dags/example_sensors.py for tasks to queue
[2023-07-23T19:30:25.969+0000] {logging_mixin.py:150} INFO - [2023-07-23T19:30:25.969+0000] {dagbag.py:541} INFO - Filling up the DagBag from /home/airflow/.local/lib/python3.9/site-packages/airflow/example_dags/example_sensors.py
[2023-07-23T19:30:26.006+0000] {processor.py:836} INFO - DAG(s) dict_keys(['example_sensors']) retrieved from /home/airflow/.local/lib/python3.9/site-packages/airflow/example_dags/example_sensors.py
[2023-07-23T19:30:26.096+0000] {logging_mixin.py:150} INFO - [2023-07-23T19:30:26.095+0000] {dag.py:2742} INFO - Sync 1 DAGs
[2023-07-23T19:30:26.158+0000] {logging_mixin.py:150} INFO - [2023-07-23T19:30:26.158+0000] {dag.py:3504} INFO - Setting next_dagrun for example_sensors to None, run_after=None
[2023-07-23T19:30:26.221+0000] {processor.py:179} INFO - Processing /home/airflow/.local/lib/python3.9/site-packages/airflow/example_dags/example_sensors.py took 0.267 seconds
[2023-07-23T19:30:57.916+0000] {processor.py:157} INFO - Started process (PID=383) to work on /home/airflow/.local/lib/python3.9/site-packages/airflow/example_dags/example_sensors.py
[2023-07-23T19:30:57.918+0000] {processor.py:826} INFO - Processing file /home/airflow/.local/lib/python3.9/site-packages/airflow/example_dags/example_sensors.py for tasks to queue
[2023-07-23T19:30:57.919+0000] {logging_mixin.py:150} INFO - [2023-07-23T19:30:57.919+0000] {dagbag.py:541} INFO - Filling up the DagBag from /home/airflow/.local/lib/python3.9/site-packages/airflow/example_dags/example_sensors.py
[2023-07-23T19:30:57.937+0000] {processor.py:836} INFO - DAG(s) dict_keys(['example_sensors']) retrieved from /home/airflow/.local/lib/python3.9/site-packages/airflow/example_dags/example_sensors.py
[2023-07-23T19:30:57.968+0000] {logging_mixin.py:150} INFO - [2023-07-23T19:30:57.968+0000] {dag.py:2742} INFO - Sync 1 DAGs
[2023-07-23T19:30:57.994+0000] {logging_mixin.py:150} INFO - [2023-07-23T19:30:57.994+0000] {dag.py:3504} INFO - Setting next_dagrun for example_sensors to None, run_after=None
[2023-07-23T19:30:58.018+0000] {processor.py:179} INFO - Processing /home/airflow/.local/lib/python3.9/site-packages/airflow/example_dags/example_sensors.py took 0.107 seconds
[2023-07-23T19:31:29.290+0000] {processor.py:157} INFO - Started process (PID=444) to work on /home/airflow/.local/lib/python3.9/site-packages/airflow/example_dags/example_sensors.py
[2023-07-23T19:31:29.291+0000] {processor.py:826} INFO - Processing file /home/airflow/.local/lib/python3.9/site-packages/airflow/example_dags/example_sensors.py for tasks to queue
[2023-07-23T19:31:29.293+0000] {logging_mixin.py:150} INFO - [2023-07-23T19:31:29.293+0000] {dagbag.py:541} INFO - Filling up the DagBag from /home/airflow/.local/lib/python3.9/site-packages/airflow/example_dags/example_sensors.py
[2023-07-23T19:31:29.308+0000] {processor.py:836} INFO - DAG(s) dict_keys(['example_sensors']) retrieved from /home/airflow/.local/lib/python3.9/site-packages/airflow/example_dags/example_sensors.py
[2023-07-23T19:31:29.361+0000] {logging_mixin.py:150} INFO - [2023-07-23T19:31:29.361+0000] {dag.py:2742} INFO - Sync 1 DAGs
[2023-07-23T19:31:29.391+0000] {logging_mixin.py:150} INFO - [2023-07-23T19:31:29.390+0000] {dag.py:3504} INFO - Setting next_dagrun for example_sensors to None, run_after=None
[2023-07-23T19:31:29.412+0000] {processor.py:179} INFO - Processing /home/airflow/.local/lib/python3.9/site-packages/airflow/example_dags/example_sensors.py took 0.126 seconds
[2023-07-23T19:32:01.558+0000] {processor.py:157} INFO - Started process (PID=505) to work on /home/airflow/.local/lib/python3.9/site-packages/airflow/example_dags/example_sensors.py
[2023-07-23T19:32:01.560+0000] {processor.py:826} INFO - Processing file /home/airflow/.local/lib/python3.9/site-packages/airflow/example_dags/example_sensors.py for tasks to queue
[2023-07-23T19:32:01.561+0000] {logging_mixin.py:150} INFO - [2023-07-23T19:32:01.560+0000] {dagbag.py:541} INFO - Filling up the DagBag from /home/airflow/.local/lib/python3.9/site-packages/airflow/example_dags/example_sensors.py
[2023-07-23T19:32:01.579+0000] {processor.py:836} INFO - DAG(s) dict_keys(['example_sensors']) retrieved from /home/airflow/.local/lib/python3.9/site-packages/airflow/example_dags/example_sensors.py
[2023-07-23T19:32:01.621+0000] {logging_mixin.py:150} INFO - [2023-07-23T19:32:01.621+0000] {dag.py:2742} INFO - Sync 1 DAGs
[2023-07-23T19:32:01.686+0000] {logging_mixin.py:150} INFO - [2023-07-23T19:32:01.686+0000] {dag.py:3504} INFO - Setting next_dagrun for example_sensors to None, run_after=None
[2023-07-23T19:32:01.716+0000] {processor.py:179} INFO - Processing /home/airflow/.local/lib/python3.9/site-packages/airflow/example_dags/example_sensors.py took 0.162 seconds
[2023-07-23T19:32:32.799+0000] {processor.py:157} INFO - Started process (PID=567) to work on /home/airflow/.local/lib/python3.9/site-packages/airflow/example_dags/example_sensors.py
[2023-07-23T19:32:32.809+0000] {processor.py:826} INFO - Processing file /home/airflow/.local/lib/python3.9/site-packages/airflow/example_dags/example_sensors.py for tasks to queue
[2023-07-23T19:32:32.809+0000] {logging_mixin.py:150} INFO - [2023-07-23T19:32:32.809+0000] {dagbag.py:541} INFO - Filling up the DagBag from /home/airflow/.local/lib/python3.9/site-packages/airflow/example_dags/example_sensors.py
[2023-07-23T19:32:32.828+0000] {processor.py:836} INFO - DAG(s) dict_keys(['example_sensors']) retrieved from /home/airflow/.local/lib/python3.9/site-packages/airflow/example_dags/example_sensors.py
[2023-07-23T19:32:32.886+0000] {logging_mixin.py:150} INFO - [2023-07-23T19:32:32.886+0000] {dag.py:2742} INFO - Sync 1 DAGs
[2023-07-23T19:32:32.926+0000] {logging_mixin.py:150} INFO - [2023-07-23T19:32:32.926+0000] {dag.py:3504} INFO - Setting next_dagrun for example_sensors to None, run_after=None
[2023-07-23T19:32:32.973+0000] {processor.py:179} INFO - Processing /home/airflow/.local/lib/python3.9/site-packages/airflow/example_dags/example_sensors.py took 0.177 seconds
[2023-07-23T19:33:03.918+0000] {processor.py:157} INFO - Started process (PID=630) to work on /home/airflow/.local/lib/python3.9/site-packages/airflow/example_dags/example_sensors.py
[2023-07-23T19:33:03.926+0000] {processor.py:826} INFO - Processing file /home/airflow/.local/lib/python3.9/site-packages/airflow/example_dags/example_sensors.py for tasks to queue
[2023-07-23T19:33:03.927+0000] {logging_mixin.py:150} INFO - [2023-07-23T19:33:03.926+0000] {dagbag.py:541} INFO - Filling up the DagBag from /home/airflow/.local/lib/python3.9/site-packages/airflow/example_dags/example_sensors.py
[2023-07-23T19:33:03.952+0000] {processor.py:836} INFO - DAG(s) dict_keys(['example_sensors']) retrieved from /home/airflow/.local/lib/python3.9/site-packages/airflow/example_dags/example_sensors.py
[2023-07-23T19:33:03.990+0000] {logging_mixin.py:150} INFO - [2023-07-23T19:33:03.989+0000] {dag.py:2742} INFO - Sync 1 DAGs
[2023-07-23T19:33:04.018+0000] {logging_mixin.py:150} INFO - [2023-07-23T19:33:04.018+0000] {dag.py:3504} INFO - Setting next_dagrun for example_sensors to None, run_after=None
[2023-07-23T19:33:04.061+0000] {processor.py:179} INFO - Processing /home/airflow/.local/lib/python3.9/site-packages/airflow/example_dags/example_sensors.py took 0.146 seconds
[2023-07-23T19:41:37.594+0000] {processor.py:157} INFO - Started process (PID=75) to work on /home/airflow/.local/lib/python3.9/site-packages/airflow/example_dags/example_sensors.py
[2023-07-23T19:41:37.598+0000] {processor.py:826} INFO - Processing file /home/airflow/.local/lib/python3.9/site-packages/airflow/example_dags/example_sensors.py for tasks to queue
[2023-07-23T19:41:37.599+0000] {logging_mixin.py:150} INFO - [2023-07-23T19:41:37.598+0000] {dagbag.py:541} INFO - Filling up the DagBag from /home/airflow/.local/lib/python3.9/site-packages/airflow/example_dags/example_sensors.py
[2023-07-23T19:41:38.138+0000] {processor.py:836} INFO - DAG(s) dict_keys(['example_sensors']) retrieved from /home/airflow/.local/lib/python3.9/site-packages/airflow/example_dags/example_sensors.py
[2023-07-23T19:41:38.246+0000] {logging_mixin.py:150} INFO - [2023-07-23T19:41:38.246+0000] {dag.py:2742} INFO - Sync 1 DAGs
[2023-07-23T19:41:38.316+0000] {logging_mixin.py:150} INFO - [2023-07-23T19:41:38.316+0000] {dag.py:3504} INFO - Setting next_dagrun for example_sensors to None, run_after=None
[2023-07-23T19:41:38.384+0000] {processor.py:179} INFO - Processing /home/airflow/.local/lib/python3.9/site-packages/airflow/example_dags/example_sensors.py took 0.794 seconds
[2023-07-23T19:42:08.544+0000] {processor.py:157} INFO - Started process (PID=138) to work on /home/airflow/.local/lib/python3.9/site-packages/airflow/example_dags/example_sensors.py
[2023-07-23T19:42:08.545+0000] {processor.py:826} INFO - Processing file /home/airflow/.local/lib/python3.9/site-packages/airflow/example_dags/example_sensors.py for tasks to queue
[2023-07-23T19:42:08.546+0000] {logging_mixin.py:150} INFO - [2023-07-23T19:42:08.546+0000] {dagbag.py:541} INFO - Filling up the DagBag from /home/airflow/.local/lib/python3.9/site-packages/airflow/example_dags/example_sensors.py
[2023-07-23T19:42:08.558+0000] {processor.py:836} INFO - DAG(s) dict_keys(['example_sensors']) retrieved from /home/airflow/.local/lib/python3.9/site-packages/airflow/example_dags/example_sensors.py
[2023-07-23T19:42:08.591+0000] {logging_mixin.py:150} INFO - [2023-07-23T19:42:08.591+0000] {dag.py:2742} INFO - Sync 1 DAGs
[2023-07-23T19:42:08.617+0000] {logging_mixin.py:150} INFO - [2023-07-23T19:42:08.616+0000] {dag.py:3504} INFO - Setting next_dagrun for example_sensors to None, run_after=None
[2023-07-23T19:42:08.637+0000] {processor.py:179} INFO - Processing /home/airflow/.local/lib/python3.9/site-packages/airflow/example_dags/example_sensors.py took 0.097 seconds
[2023-07-23T19:42:39.543+0000] {processor.py:157} INFO - Started process (PID=197) to work on /home/airflow/.local/lib/python3.9/site-packages/airflow/example_dags/example_sensors.py
[2023-07-23T19:42:39.545+0000] {processor.py:826} INFO - Processing file /home/airflow/.local/lib/python3.9/site-packages/airflow/example_dags/example_sensors.py for tasks to queue
[2023-07-23T19:42:39.546+0000] {logging_mixin.py:150} INFO - [2023-07-23T19:42:39.545+0000] {dagbag.py:541} INFO - Filling up the DagBag from /home/airflow/.local/lib/python3.9/site-packages/airflow/example_dags/example_sensors.py
[2023-07-23T19:42:39.558+0000] {processor.py:836} INFO - DAG(s) dict_keys(['example_sensors']) retrieved from /home/airflow/.local/lib/python3.9/site-packages/airflow/example_dags/example_sensors.py
[2023-07-23T19:42:39.589+0000] {logging_mixin.py:150} INFO - [2023-07-23T19:42:39.588+0000] {dag.py:2742} INFO - Sync 1 DAGs
[2023-07-23T19:42:39.615+0000] {logging_mixin.py:150} INFO - [2023-07-23T19:42:39.614+0000] {dag.py:3504} INFO - Setting next_dagrun for example_sensors to None, run_after=None
[2023-07-23T19:42:39.634+0000] {processor.py:179} INFO - Processing /home/airflow/.local/lib/python3.9/site-packages/airflow/example_dags/example_sensors.py took 0.095 seconds
[2023-07-23T19:43:10.774+0000] {processor.py:157} INFO - Started process (PID=258) to work on /home/airflow/.local/lib/python3.9/site-packages/airflow/example_dags/example_sensors.py
[2023-07-23T19:43:10.786+0000] {processor.py:826} INFO - Processing file /home/airflow/.local/lib/python3.9/site-packages/airflow/example_dags/example_sensors.py for tasks to queue
[2023-07-23T19:43:10.787+0000] {logging_mixin.py:150} INFO - [2023-07-23T19:43:10.786+0000] {dagbag.py:541} INFO - Filling up the DagBag from /home/airflow/.local/lib/python3.9/site-packages/airflow/example_dags/example_sensors.py
[2023-07-23T19:43:10.849+0000] {processor.py:836} INFO - DAG(s) dict_keys(['example_sensors']) retrieved from /home/airflow/.local/lib/python3.9/site-packages/airflow/example_dags/example_sensors.py
[2023-07-23T19:43:10.963+0000] {logging_mixin.py:150} INFO - [2023-07-23T19:43:10.962+0000] {dag.py:2742} INFO - Sync 1 DAGs
[2023-07-23T19:43:11.056+0000] {logging_mixin.py:150} INFO - [2023-07-23T19:43:11.056+0000] {dag.py:3504} INFO - Setting next_dagrun for example_sensors to None, run_after=None
[2023-07-23T19:43:11.101+0000] {processor.py:179} INFO - Processing /home/airflow/.local/lib/python3.9/site-packages/airflow/example_dags/example_sensors.py took 0.332 seconds
[2023-07-23T19:43:43.497+0000] {processor.py:157} INFO - Started process (PID=320) to work on /home/airflow/.local/lib/python3.9/site-packages/airflow/example_dags/example_sensors.py
[2023-07-23T19:43:43.499+0000] {processor.py:826} INFO - Processing file /home/airflow/.local/lib/python3.9/site-packages/airflow/example_dags/example_sensors.py for tasks to queue
[2023-07-23T19:43:43.500+0000] {logging_mixin.py:150} INFO - [2023-07-23T19:43:43.499+0000] {dagbag.py:541} INFO - Filling up the DagBag from /home/airflow/.local/lib/python3.9/site-packages/airflow/example_dags/example_sensors.py
[2023-07-23T19:43:43.524+0000] {processor.py:836} INFO - DAG(s) dict_keys(['example_sensors']) retrieved from /home/airflow/.local/lib/python3.9/site-packages/airflow/example_dags/example_sensors.py
[2023-07-23T19:43:43.590+0000] {logging_mixin.py:150} INFO - [2023-07-23T19:43:43.589+0000] {dag.py:2742} INFO - Sync 1 DAGs
[2023-07-23T19:43:43.644+0000] {logging_mixin.py:150} INFO - [2023-07-23T19:43:43.644+0000] {dag.py:3504} INFO - Setting next_dagrun for example_sensors to None, run_after=None
[2023-07-23T19:43:43.689+0000] {processor.py:179} INFO - Processing /home/airflow/.local/lib/python3.9/site-packages/airflow/example_dags/example_sensors.py took 0.206 seconds
[2023-07-23T19:44:16.371+0000] {processor.py:157} INFO - Started process (PID=381) to work on /home/airflow/.local/lib/python3.9/site-packages/airflow/example_dags/example_sensors.py
[2023-07-23T19:44:16.377+0000] {processor.py:826} INFO - Processing file /home/airflow/.local/lib/python3.9/site-packages/airflow/example_dags/example_sensors.py for tasks to queue
[2023-07-23T19:44:16.378+0000] {logging_mixin.py:150} INFO - [2023-07-23T19:44:16.378+0000] {dagbag.py:541} INFO - Filling up the DagBag from /home/airflow/.local/lib/python3.9/site-packages/airflow/example_dags/example_sensors.py
[2023-07-23T19:44:16.449+0000] {processor.py:836} INFO - DAG(s) dict_keys(['example_sensors']) retrieved from /home/airflow/.local/lib/python3.9/site-packages/airflow/example_dags/example_sensors.py
[2023-07-23T19:44:16.580+0000] {logging_mixin.py:150} INFO - [2023-07-23T19:44:16.580+0000] {dag.py:2742} INFO - Sync 1 DAGs
[2023-07-23T19:44:16.696+0000] {logging_mixin.py:150} INFO - [2023-07-23T19:44:16.696+0000] {dag.py:3504} INFO - Setting next_dagrun for example_sensors to None, run_after=None
[2023-07-23T19:44:16.750+0000] {processor.py:179} INFO - Processing /home/airflow/.local/lib/python3.9/site-packages/airflow/example_dags/example_sensors.py took 0.397 seconds
[2023-07-23T19:44:46.936+0000] {processor.py:157} INFO - Started process (PID=436) to work on /home/airflow/.local/lib/python3.9/site-packages/airflow/example_dags/example_sensors.py
[2023-07-23T19:44:46.941+0000] {processor.py:826} INFO - Processing file /home/airflow/.local/lib/python3.9/site-packages/airflow/example_dags/example_sensors.py for tasks to queue
[2023-07-23T19:44:46.942+0000] {logging_mixin.py:150} INFO - [2023-07-23T19:44:46.942+0000] {dagbag.py:541} INFO - Filling up the DagBag from /home/airflow/.local/lib/python3.9/site-packages/airflow/example_dags/example_sensors.py
[2023-07-23T19:44:46.954+0000] {processor.py:836} INFO - DAG(s) dict_keys(['example_sensors']) retrieved from /home/airflow/.local/lib/python3.9/site-packages/airflow/example_dags/example_sensors.py
[2023-07-23T19:44:47.131+0000] {logging_mixin.py:150} INFO - [2023-07-23T19:44:47.130+0000] {dag.py:2742} INFO - Sync 1 DAGs
[2023-07-23T19:44:47.221+0000] {logging_mixin.py:150} INFO - [2023-07-23T19:44:47.220+0000] {dag.py:3504} INFO - Setting next_dagrun for example_sensors to None, run_after=None
[2023-07-23T19:44:47.283+0000] {processor.py:179} INFO - Processing /home/airflow/.local/lib/python3.9/site-packages/airflow/example_dags/example_sensors.py took 0.361 seconds
[2023-07-23T19:45:17.684+0000] {processor.py:157} INFO - Started process (PID=496) to work on /home/airflow/.local/lib/python3.9/site-packages/airflow/example_dags/example_sensors.py
[2023-07-23T19:45:17.725+0000] {processor.py:826} INFO - Processing file /home/airflow/.local/lib/python3.9/site-packages/airflow/example_dags/example_sensors.py for tasks to queue
[2023-07-23T19:45:17.727+0000] {logging_mixin.py:150} INFO - [2023-07-23T19:45:17.726+0000] {dagbag.py:541} INFO - Filling up the DagBag from /home/airflow/.local/lib/python3.9/site-packages/airflow/example_dags/example_sensors.py
[2023-07-23T19:45:17.755+0000] {processor.py:836} INFO - DAG(s) dict_keys(['example_sensors']) retrieved from /home/airflow/.local/lib/python3.9/site-packages/airflow/example_dags/example_sensors.py
[2023-07-23T19:45:17.986+0000] {logging_mixin.py:150} INFO - [2023-07-23T19:45:17.986+0000] {dag.py:2742} INFO - Sync 1 DAGs
[2023-07-23T19:45:18.126+0000] {logging_mixin.py:150} INFO - [2023-07-23T19:45:18.126+0000] {dag.py:3504} INFO - Setting next_dagrun for example_sensors to None, run_after=None
[2023-07-23T19:45:18.233+0000] {processor.py:179} INFO - Processing /home/airflow/.local/lib/python3.9/site-packages/airflow/example_dags/example_sensors.py took 0.554 seconds
[2023-07-23T19:45:48.547+0000] {processor.py:157} INFO - Started process (PID=556) to work on /home/airflow/.local/lib/python3.9/site-packages/airflow/example_dags/example_sensors.py
[2023-07-23T19:45:48.548+0000] {processor.py:826} INFO - Processing file /home/airflow/.local/lib/python3.9/site-packages/airflow/example_dags/example_sensors.py for tasks to queue
[2023-07-23T19:45:48.549+0000] {logging_mixin.py:150} INFO - [2023-07-23T19:45:48.549+0000] {dagbag.py:541} INFO - Filling up the DagBag from /home/airflow/.local/lib/python3.9/site-packages/airflow/example_dags/example_sensors.py
[2023-07-23T19:45:48.621+0000] {processor.py:836} INFO - DAG(s) dict_keys(['example_sensors']) retrieved from /home/airflow/.local/lib/python3.9/site-packages/airflow/example_dags/example_sensors.py
[2023-07-23T19:45:48.744+0000] {logging_mixin.py:150} INFO - [2023-07-23T19:45:48.743+0000] {dag.py:2742} INFO - Sync 1 DAGs
[2023-07-23T19:45:48.866+0000] {logging_mixin.py:150} INFO - [2023-07-23T19:45:48.865+0000] {dag.py:3504} INFO - Setting next_dagrun for example_sensors to None, run_after=None
[2023-07-23T19:45:48.927+0000] {processor.py:179} INFO - Processing /home/airflow/.local/lib/python3.9/site-packages/airflow/example_dags/example_sensors.py took 0.406 seconds
[2023-07-23T19:46:19.154+0000] {processor.py:157} INFO - Started process (PID=618) to work on /home/airflow/.local/lib/python3.9/site-packages/airflow/example_dags/example_sensors.py
[2023-07-23T19:46:19.165+0000] {processor.py:826} INFO - Processing file /home/airflow/.local/lib/python3.9/site-packages/airflow/example_dags/example_sensors.py for tasks to queue
[2023-07-23T19:46:19.166+0000] {logging_mixin.py:150} INFO - [2023-07-23T19:46:19.165+0000] {dagbag.py:541} INFO - Filling up the DagBag from /home/airflow/.local/lib/python3.9/site-packages/airflow/example_dags/example_sensors.py
[2023-07-23T19:46:19.186+0000] {processor.py:836} INFO - DAG(s) dict_keys(['example_sensors']) retrieved from /home/airflow/.local/lib/python3.9/site-packages/airflow/example_dags/example_sensors.py
[2023-07-23T19:46:19.256+0000] {logging_mixin.py:150} INFO - [2023-07-23T19:46:19.255+0000] {dag.py:2742} INFO - Sync 1 DAGs
[2023-07-23T19:46:19.316+0000] {logging_mixin.py:150} INFO - [2023-07-23T19:46:19.316+0000] {dag.py:3504} INFO - Setting next_dagrun for example_sensors to None, run_after=None
[2023-07-23T19:46:19.356+0000] {processor.py:179} INFO - Processing /home/airflow/.local/lib/python3.9/site-packages/airflow/example_dags/example_sensors.py took 0.206 seconds
[2023-07-23T19:46:49.813+0000] {processor.py:157} INFO - Started process (PID=679) to work on /home/airflow/.local/lib/python3.9/site-packages/airflow/example_dags/example_sensors.py
[2023-07-23T19:46:49.815+0000] {processor.py:826} INFO - Processing file /home/airflow/.local/lib/python3.9/site-packages/airflow/example_dags/example_sensors.py for tasks to queue
[2023-07-23T19:46:49.816+0000] {logging_mixin.py:150} INFO - [2023-07-23T19:46:49.816+0000] {dagbag.py:541} INFO - Filling up the DagBag from /home/airflow/.local/lib/python3.9/site-packages/airflow/example_dags/example_sensors.py
[2023-07-23T19:46:49.834+0000] {processor.py:836} INFO - DAG(s) dict_keys(['example_sensors']) retrieved from /home/airflow/.local/lib/python3.9/site-packages/airflow/example_dags/example_sensors.py
[2023-07-23T19:46:49.869+0000] {logging_mixin.py:150} INFO - [2023-07-23T19:46:49.869+0000] {dag.py:2742} INFO - Sync 1 DAGs
[2023-07-23T19:46:49.903+0000] {logging_mixin.py:150} INFO - [2023-07-23T19:46:49.903+0000] {dag.py:3504} INFO - Setting next_dagrun for example_sensors to None, run_after=None
[2023-07-23T19:46:49.928+0000] {processor.py:179} INFO - Processing /home/airflow/.local/lib/python3.9/site-packages/airflow/example_dags/example_sensors.py took 0.119 seconds
[2023-07-23T19:47:20.888+0000] {processor.py:157} INFO - Started process (PID=741) to work on /home/airflow/.local/lib/python3.9/site-packages/airflow/example_dags/example_sensors.py
[2023-07-23T19:47:20.895+0000] {processor.py:826} INFO - Processing file /home/airflow/.local/lib/python3.9/site-packages/airflow/example_dags/example_sensors.py for tasks to queue
[2023-07-23T19:47:20.896+0000] {logging_mixin.py:150} INFO - [2023-07-23T19:47:20.896+0000] {dagbag.py:541} INFO - Filling up the DagBag from /home/airflow/.local/lib/python3.9/site-packages/airflow/example_dags/example_sensors.py
[2023-07-23T19:47:20.929+0000] {processor.py:836} INFO - DAG(s) dict_keys(['example_sensors']) retrieved from /home/airflow/.local/lib/python3.9/site-packages/airflow/example_dags/example_sensors.py
[2023-07-23T19:47:21.037+0000] {logging_mixin.py:150} INFO - [2023-07-23T19:47:21.037+0000] {dag.py:2742} INFO - Sync 1 DAGs
[2023-07-23T19:47:21.116+0000] {logging_mixin.py:150} INFO - [2023-07-23T19:47:21.116+0000] {dag.py:3504} INFO - Setting next_dagrun for example_sensors to None, run_after=None
[2023-07-23T19:47:21.178+0000] {processor.py:179} INFO - Processing /home/airflow/.local/lib/python3.9/site-packages/airflow/example_dags/example_sensors.py took 0.311 seconds
[2023-07-23T19:47:51.899+0000] {processor.py:157} INFO - Started process (PID=803) to work on /home/airflow/.local/lib/python3.9/site-packages/airflow/example_dags/example_sensors.py
[2023-07-23T19:47:51.920+0000] {processor.py:826} INFO - Processing file /home/airflow/.local/lib/python3.9/site-packages/airflow/example_dags/example_sensors.py for tasks to queue
[2023-07-23T19:47:51.922+0000] {logging_mixin.py:150} INFO - [2023-07-23T19:47:51.921+0000] {dagbag.py:541} INFO - Filling up the DagBag from /home/airflow/.local/lib/python3.9/site-packages/airflow/example_dags/example_sensors.py
[2023-07-23T19:47:51.975+0000] {processor.py:836} INFO - DAG(s) dict_keys(['example_sensors']) retrieved from /home/airflow/.local/lib/python3.9/site-packages/airflow/example_dags/example_sensors.py
[2023-07-23T19:47:52.098+0000] {logging_mixin.py:150} INFO - [2023-07-23T19:47:52.097+0000] {dag.py:2742} INFO - Sync 1 DAGs
[2023-07-23T19:47:52.246+0000] {logging_mixin.py:150} INFO - [2023-07-23T19:47:52.245+0000] {dag.py:3504} INFO - Setting next_dagrun for example_sensors to None, run_after=None
[2023-07-23T19:47:52.369+0000] {processor.py:179} INFO - Processing /home/airflow/.local/lib/python3.9/site-packages/airflow/example_dags/example_sensors.py took 0.487 seconds
[2023-07-23T19:48:22.934+0000] {processor.py:157} INFO - Started process (PID=865) to work on /home/airflow/.local/lib/python3.9/site-packages/airflow/example_dags/example_sensors.py
[2023-07-23T19:48:23.010+0000] {processor.py:826} INFO - Processing file /home/airflow/.local/lib/python3.9/site-packages/airflow/example_dags/example_sensors.py for tasks to queue
[2023-07-23T19:48:23.012+0000] {logging_mixin.py:150} INFO - [2023-07-23T19:48:23.012+0000] {dagbag.py:541} INFO - Filling up the DagBag from /home/airflow/.local/lib/python3.9/site-packages/airflow/example_dags/example_sensors.py
[2023-07-23T19:48:23.034+0000] {processor.py:836} INFO - DAG(s) dict_keys(['example_sensors']) retrieved from /home/airflow/.local/lib/python3.9/site-packages/airflow/example_dags/example_sensors.py
[2023-07-23T19:48:23.148+0000] {logging_mixin.py:150} INFO - [2023-07-23T19:48:23.148+0000] {dag.py:2742} INFO - Sync 1 DAGs
[2023-07-23T19:48:23.235+0000] {logging_mixin.py:150} INFO - [2023-07-23T19:48:23.235+0000] {dag.py:3504} INFO - Setting next_dagrun for example_sensors to None, run_after=None
[2023-07-23T19:48:23.304+0000] {processor.py:179} INFO - Processing /home/airflow/.local/lib/python3.9/site-packages/airflow/example_dags/example_sensors.py took 0.375 seconds
[2023-07-23T19:48:53.651+0000] {processor.py:157} INFO - Started process (PID=920) to work on /home/airflow/.local/lib/python3.9/site-packages/airflow/example_dags/example_sensors.py
[2023-07-23T19:48:53.655+0000] {processor.py:826} INFO - Processing file /home/airflow/.local/lib/python3.9/site-packages/airflow/example_dags/example_sensors.py for tasks to queue
[2023-07-23T19:48:53.656+0000] {logging_mixin.py:150} INFO - [2023-07-23T19:48:53.656+0000] {dagbag.py:541} INFO - Filling up the DagBag from /home/airflow/.local/lib/python3.9/site-packages/airflow/example_dags/example_sensors.py
[2023-07-23T19:48:53.726+0000] {processor.py:836} INFO - DAG(s) dict_keys(['example_sensors']) retrieved from /home/airflow/.local/lib/python3.9/site-packages/airflow/example_dags/example_sensors.py
[2023-07-23T19:48:53.816+0000] {logging_mixin.py:150} INFO - [2023-07-23T19:48:53.815+0000] {dag.py:2742} INFO - Sync 1 DAGs
[2023-07-23T19:48:53.891+0000] {logging_mixin.py:150} INFO - [2023-07-23T19:48:53.890+0000] {dag.py:3504} INFO - Setting next_dagrun for example_sensors to None, run_after=None
[2023-07-23T19:48:53.969+0000] {processor.py:179} INFO - Processing /home/airflow/.local/lib/python3.9/site-packages/airflow/example_dags/example_sensors.py took 0.369 seconds
[2023-07-23T19:49:24.309+0000] {processor.py:157} INFO - Started process (PID=981) to work on /home/airflow/.local/lib/python3.9/site-packages/airflow/example_dags/example_sensors.py
[2023-07-23T19:49:24.315+0000] {processor.py:826} INFO - Processing file /home/airflow/.local/lib/python3.9/site-packages/airflow/example_dags/example_sensors.py for tasks to queue
[2023-07-23T19:49:24.316+0000] {logging_mixin.py:150} INFO - [2023-07-23T19:49:24.316+0000] {dagbag.py:541} INFO - Filling up the DagBag from /home/airflow/.local/lib/python3.9/site-packages/airflow/example_dags/example_sensors.py
[2023-07-23T19:49:24.338+0000] {processor.py:836} INFO - DAG(s) dict_keys(['example_sensors']) retrieved from /home/airflow/.local/lib/python3.9/site-packages/airflow/example_dags/example_sensors.py
[2023-07-23T19:49:24.436+0000] {logging_mixin.py:150} INFO - [2023-07-23T19:49:24.435+0000] {dag.py:2742} INFO - Sync 1 DAGs
[2023-07-23T19:49:24.546+0000] {logging_mixin.py:150} INFO - [2023-07-23T19:49:24.545+0000] {dag.py:3504} INFO - Setting next_dagrun for example_sensors to None, run_after=None
[2023-07-23T19:49:24.593+0000] {processor.py:179} INFO - Processing /home/airflow/.local/lib/python3.9/site-packages/airflow/example_dags/example_sensors.py took 0.299 seconds
[2023-07-23T19:49:54.815+0000] {processor.py:157} INFO - Started process (PID=1043) to work on /home/airflow/.local/lib/python3.9/site-packages/airflow/example_dags/example_sensors.py
[2023-07-23T19:49:54.837+0000] {processor.py:826} INFO - Processing file /home/airflow/.local/lib/python3.9/site-packages/airflow/example_dags/example_sensors.py for tasks to queue
[2023-07-23T19:49:54.838+0000] {logging_mixin.py:150} INFO - [2023-07-23T19:49:54.838+0000] {dagbag.py:541} INFO - Filling up the DagBag from /home/airflow/.local/lib/python3.9/site-packages/airflow/example_dags/example_sensors.py
[2023-07-23T19:49:54.870+0000] {processor.py:836} INFO - DAG(s) dict_keys(['example_sensors']) retrieved from /home/airflow/.local/lib/python3.9/site-packages/airflow/example_dags/example_sensors.py
[2023-07-23T19:49:54.960+0000] {logging_mixin.py:150} INFO - [2023-07-23T19:49:54.960+0000] {dag.py:2742} INFO - Sync 1 DAGs
[2023-07-23T19:49:55.038+0000] {logging_mixin.py:150} INFO - [2023-07-23T19:49:55.038+0000] {dag.py:3504} INFO - Setting next_dagrun for example_sensors to None, run_after=None
[2023-07-23T19:49:55.098+0000] {processor.py:179} INFO - Processing /home/airflow/.local/lib/python3.9/site-packages/airflow/example_dags/example_sensors.py took 0.287 seconds
[2023-07-23T19:50:25.965+0000] {processor.py:157} INFO - Started process (PID=1104) to work on /home/airflow/.local/lib/python3.9/site-packages/airflow/example_dags/example_sensors.py
[2023-07-23T19:50:25.976+0000] {processor.py:826} INFO - Processing file /home/airflow/.local/lib/python3.9/site-packages/airflow/example_dags/example_sensors.py for tasks to queue
[2023-07-23T19:50:25.976+0000] {logging_mixin.py:150} INFO - [2023-07-23T19:50:25.976+0000] {dagbag.py:541} INFO - Filling up the DagBag from /home/airflow/.local/lib/python3.9/site-packages/airflow/example_dags/example_sensors.py
[2023-07-23T19:50:26.079+0000] {processor.py:836} INFO - DAG(s) dict_keys(['example_sensors']) retrieved from /home/airflow/.local/lib/python3.9/site-packages/airflow/example_dags/example_sensors.py
[2023-07-23T19:50:26.346+0000] {logging_mixin.py:150} INFO - [2023-07-23T19:50:26.346+0000] {dag.py:2742} INFO - Sync 1 DAGs
[2023-07-23T19:50:26.536+0000] {logging_mixin.py:150} INFO - [2023-07-23T19:50:26.536+0000] {dag.py:3504} INFO - Setting next_dagrun for example_sensors to None, run_after=None
[2023-07-23T19:50:26.778+0000] {processor.py:179} INFO - Processing /home/airflow/.local/lib/python3.9/site-packages/airflow/example_dags/example_sensors.py took 0.847 seconds
[2023-07-23T19:50:58.405+0000] {processor.py:157} INFO - Started process (PID=1159) to work on /home/airflow/.local/lib/python3.9/site-packages/airflow/example_dags/example_sensors.py
[2023-07-23T19:50:58.425+0000] {processor.py:826} INFO - Processing file /home/airflow/.local/lib/python3.9/site-packages/airflow/example_dags/example_sensors.py for tasks to queue
[2023-07-23T19:50:58.426+0000] {logging_mixin.py:150} INFO - [2023-07-23T19:50:58.426+0000] {dagbag.py:541} INFO - Filling up the DagBag from /home/airflow/.local/lib/python3.9/site-packages/airflow/example_dags/example_sensors.py
[2023-07-23T19:50:58.452+0000] {processor.py:836} INFO - DAG(s) dict_keys(['example_sensors']) retrieved from /home/airflow/.local/lib/python3.9/site-packages/airflow/example_dags/example_sensors.py
[2023-07-23T19:50:58.649+0000] {logging_mixin.py:150} INFO - [2023-07-23T19:50:58.647+0000] {dag.py:2742} INFO - Sync 1 DAGs
[2023-07-23T19:50:58.776+0000] {logging_mixin.py:150} INFO - [2023-07-23T19:50:58.776+0000] {dag.py:3504} INFO - Setting next_dagrun for example_sensors to None, run_after=None
[2023-07-23T19:50:58.878+0000] {processor.py:179} INFO - Processing /home/airflow/.local/lib/python3.9/site-packages/airflow/example_dags/example_sensors.py took 0.478 seconds
[2023-07-23T19:51:30.717+0000] {processor.py:157} INFO - Started process (PID=1220) to work on /home/airflow/.local/lib/python3.9/site-packages/airflow/example_dags/example_sensors.py
[2023-07-23T19:51:30.725+0000] {processor.py:826} INFO - Processing file /home/airflow/.local/lib/python3.9/site-packages/airflow/example_dags/example_sensors.py for tasks to queue
[2023-07-23T19:51:30.726+0000] {logging_mixin.py:150} INFO - [2023-07-23T19:51:30.726+0000] {dagbag.py:541} INFO - Filling up the DagBag from /home/airflow/.local/lib/python3.9/site-packages/airflow/example_dags/example_sensors.py
[2023-07-23T19:51:30.761+0000] {processor.py:836} INFO - DAG(s) dict_keys(['example_sensors']) retrieved from /home/airflow/.local/lib/python3.9/site-packages/airflow/example_dags/example_sensors.py
[2023-07-23T19:51:30.906+0000] {logging_mixin.py:150} INFO - [2023-07-23T19:51:30.906+0000] {dag.py:2742} INFO - Sync 1 DAGs
[2023-07-23T19:51:31.026+0000] {logging_mixin.py:150} INFO - [2023-07-23T19:51:31.026+0000] {dag.py:3504} INFO - Setting next_dagrun for example_sensors to None, run_after=None
[2023-07-23T19:51:31.176+0000] {processor.py:179} INFO - Processing /home/airflow/.local/lib/python3.9/site-packages/airflow/example_dags/example_sensors.py took 0.484 seconds
[2023-07-23T19:52:01.393+0000] {processor.py:157} INFO - Started process (PID=1280) to work on /home/airflow/.local/lib/python3.9/site-packages/airflow/example_dags/example_sensors.py
[2023-07-23T19:52:01.428+0000] {processor.py:826} INFO - Processing file /home/airflow/.local/lib/python3.9/site-packages/airflow/example_dags/example_sensors.py for tasks to queue
[2023-07-23T19:52:01.429+0000] {logging_mixin.py:150} INFO - [2023-07-23T19:52:01.428+0000] {dagbag.py:541} INFO - Filling up the DagBag from /home/airflow/.local/lib/python3.9/site-packages/airflow/example_dags/example_sensors.py
[2023-07-23T19:52:01.538+0000] {processor.py:836} INFO - DAG(s) dict_keys(['example_sensors']) retrieved from /home/airflow/.local/lib/python3.9/site-packages/airflow/example_dags/example_sensors.py
[2023-07-23T19:52:01.756+0000] {logging_mixin.py:150} INFO - [2023-07-23T19:52:01.755+0000] {dag.py:2742} INFO - Sync 1 DAGs
[2023-07-23T19:52:01.906+0000] {logging_mixin.py:150} INFO - [2023-07-23T19:52:01.906+0000] {dag.py:3504} INFO - Setting next_dagrun for example_sensors to None, run_after=None
[2023-07-23T19:52:01.976+0000] {processor.py:179} INFO - Processing /home/airflow/.local/lib/python3.9/site-packages/airflow/example_dags/example_sensors.py took 0.587 seconds
[2023-07-23T19:52:32.493+0000] {processor.py:157} INFO - Started process (PID=1335) to work on /home/airflow/.local/lib/python3.9/site-packages/airflow/example_dags/example_sensors.py
[2023-07-23T19:52:32.504+0000] {processor.py:826} INFO - Processing file /home/airflow/.local/lib/python3.9/site-packages/airflow/example_dags/example_sensors.py for tasks to queue
[2023-07-23T19:52:32.515+0000] {logging_mixin.py:150} INFO - [2023-07-23T19:52:32.514+0000] {dagbag.py:541} INFO - Filling up the DagBag from /home/airflow/.local/lib/python3.9/site-packages/airflow/example_dags/example_sensors.py
[2023-07-23T19:52:32.584+0000] {processor.py:836} INFO - DAG(s) dict_keys(['example_sensors']) retrieved from /home/airflow/.local/lib/python3.9/site-packages/airflow/example_dags/example_sensors.py
[2023-07-23T19:52:32.706+0000] {logging_mixin.py:150} INFO - [2023-07-23T19:52:32.705+0000] {dag.py:2742} INFO - Sync 1 DAGs
[2023-07-23T19:52:32.816+0000] {logging_mixin.py:150} INFO - [2023-07-23T19:52:32.816+0000] {dag.py:3504} INFO - Setting next_dagrun for example_sensors to None, run_after=None
[2023-07-23T19:52:32.919+0000] {processor.py:179} INFO - Processing /home/airflow/.local/lib/python3.9/site-packages/airflow/example_dags/example_sensors.py took 0.430 seconds
[2023-07-23T19:53:09.560+0000] {processor.py:157} INFO - Started process (PID=1395) to work on /home/airflow/.local/lib/python3.9/site-packages/airflow/example_dags/example_sensors.py
[2023-07-23T19:53:09.580+0000] {processor.py:826} INFO - Processing file /home/airflow/.local/lib/python3.9/site-packages/airflow/example_dags/example_sensors.py for tasks to queue
[2023-07-23T19:53:09.581+0000] {logging_mixin.py:150} INFO - [2023-07-23T19:53:09.581+0000] {dagbag.py:541} INFO - Filling up the DagBag from /home/airflow/.local/lib/python3.9/site-packages/airflow/example_dags/example_sensors.py
[2023-07-23T19:53:09.718+0000] {processor.py:836} INFO - DAG(s) dict_keys(['example_sensors']) retrieved from /home/airflow/.local/lib/python3.9/site-packages/airflow/example_dags/example_sensors.py
[2023-07-23T19:53:09.859+0000] {logging_mixin.py:150} INFO - [2023-07-23T19:53:09.859+0000] {dag.py:2742} INFO - Sync 1 DAGs
[2023-07-23T19:53:10.045+0000] {logging_mixin.py:150} INFO - [2023-07-23T19:53:10.044+0000] {dag.py:3504} INFO - Setting next_dagrun for example_sensors to None, run_after=None
[2023-07-23T19:53:10.285+0000] {processor.py:179} INFO - Processing /home/airflow/.local/lib/python3.9/site-packages/airflow/example_dags/example_sensors.py took 0.756 seconds
[2023-07-23T19:53:40.746+0000] {processor.py:157} INFO - Started process (PID=1457) to work on /home/airflow/.local/lib/python3.9/site-packages/airflow/example_dags/example_sensors.py
[2023-07-23T19:53:40.748+0000] {processor.py:826} INFO - Processing file /home/airflow/.local/lib/python3.9/site-packages/airflow/example_dags/example_sensors.py for tasks to queue
[2023-07-23T19:53:40.750+0000] {logging_mixin.py:150} INFO - [2023-07-23T19:53:40.749+0000] {dagbag.py:541} INFO - Filling up the DagBag from /home/airflow/.local/lib/python3.9/site-packages/airflow/example_dags/example_sensors.py
[2023-07-23T19:53:40.814+0000] {processor.py:836} INFO - DAG(s) dict_keys(['example_sensors']) retrieved from /home/airflow/.local/lib/python3.9/site-packages/airflow/example_dags/example_sensors.py
[2023-07-23T19:53:40.908+0000] {logging_mixin.py:150} INFO - [2023-07-23T19:53:40.908+0000] {dag.py:2742} INFO - Sync 1 DAGs
[2023-07-23T19:53:40.972+0000] {logging_mixin.py:150} INFO - [2023-07-23T19:53:40.971+0000] {dag.py:3504} INFO - Setting next_dagrun for example_sensors to None, run_after=None
[2023-07-23T19:53:41.091+0000] {processor.py:179} INFO - Processing /home/airflow/.local/lib/python3.9/site-packages/airflow/example_dags/example_sensors.py took 0.359 seconds
[2023-07-23T19:54:11.748+0000] {processor.py:157} INFO - Started process (PID=1519) to work on /home/airflow/.local/lib/python3.9/site-packages/airflow/example_dags/example_sensors.py
[2023-07-23T19:54:11.752+0000] {processor.py:826} INFO - Processing file /home/airflow/.local/lib/python3.9/site-packages/airflow/example_dags/example_sensors.py for tasks to queue
[2023-07-23T19:54:11.753+0000] {logging_mixin.py:150} INFO - [2023-07-23T19:54:11.753+0000] {dagbag.py:541} INFO - Filling up the DagBag from /home/airflow/.local/lib/python3.9/site-packages/airflow/example_dags/example_sensors.py
[2023-07-23T19:54:11.812+0000] {processor.py:836} INFO - DAG(s) dict_keys(['example_sensors']) retrieved from /home/airflow/.local/lib/python3.9/site-packages/airflow/example_dags/example_sensors.py
[2023-07-23T19:54:11.954+0000] {logging_mixin.py:150} INFO - [2023-07-23T19:54:11.954+0000] {dag.py:2742} INFO - Sync 1 DAGs
[2023-07-23T19:54:12.110+0000] {logging_mixin.py:150} INFO - [2023-07-23T19:54:12.110+0000] {dag.py:3504} INFO - Setting next_dagrun for example_sensors to None, run_after=None
[2023-07-23T19:54:12.194+0000] {processor.py:179} INFO - Processing /home/airflow/.local/lib/python3.9/site-packages/airflow/example_dags/example_sensors.py took 0.495 seconds
[2023-07-23T19:54:42.336+0000] {processor.py:157} INFO - Started process (PID=1580) to work on /home/airflow/.local/lib/python3.9/site-packages/airflow/example_dags/example_sensors.py
[2023-07-23T19:54:42.345+0000] {processor.py:826} INFO - Processing file /home/airflow/.local/lib/python3.9/site-packages/airflow/example_dags/example_sensors.py for tasks to queue
[2023-07-23T19:54:42.346+0000] {logging_mixin.py:150} INFO - [2023-07-23T19:54:42.346+0000] {dagbag.py:541} INFO - Filling up the DagBag from /home/airflow/.local/lib/python3.9/site-packages/airflow/example_dags/example_sensors.py
[2023-07-23T19:54:42.368+0000] {processor.py:836} INFO - DAG(s) dict_keys(['example_sensors']) retrieved from /home/airflow/.local/lib/python3.9/site-packages/airflow/example_dags/example_sensors.py
[2023-07-23T19:54:42.441+0000] {logging_mixin.py:150} INFO - [2023-07-23T19:54:42.441+0000] {dag.py:2742} INFO - Sync 1 DAGs
[2023-07-23T19:54:42.535+0000] {logging_mixin.py:150} INFO - [2023-07-23T19:54:42.535+0000] {dag.py:3504} INFO - Setting next_dagrun for example_sensors to None, run_after=None
[2023-07-23T19:54:42.579+0000] {processor.py:179} INFO - Processing /home/airflow/.local/lib/python3.9/site-packages/airflow/example_dags/example_sensors.py took 0.247 seconds
[2023-07-23T19:55:15.243+0000] {processor.py:157} INFO - Started process (PID=1643) to work on /home/airflow/.local/lib/python3.9/site-packages/airflow/example_dags/example_sensors.py
[2023-07-23T19:55:15.305+0000] {processor.py:826} INFO - Processing file /home/airflow/.local/lib/python3.9/site-packages/airflow/example_dags/example_sensors.py for tasks to queue
[2023-07-23T19:55:15.306+0000] {logging_mixin.py:150} INFO - [2023-07-23T19:55:15.306+0000] {dagbag.py:541} INFO - Filling up the DagBag from /home/airflow/.local/lib/python3.9/site-packages/airflow/example_dags/example_sensors.py
[2023-07-23T19:55:15.378+0000] {processor.py:836} INFO - DAG(s) dict_keys(['example_sensors']) retrieved from /home/airflow/.local/lib/python3.9/site-packages/airflow/example_dags/example_sensors.py
[2023-07-23T19:55:15.665+0000] {logging_mixin.py:150} INFO - [2023-07-23T19:55:15.647+0000] {dag.py:2742} INFO - Sync 1 DAGs
[2023-07-23T19:55:15.846+0000] {logging_mixin.py:150} INFO - [2023-07-23T19:55:15.846+0000] {dag.py:3504} INFO - Setting next_dagrun for example_sensors to None, run_after=None
[2023-07-23T19:55:15.975+0000] {processor.py:179} INFO - Processing /home/airflow/.local/lib/python3.9/site-packages/airflow/example_dags/example_sensors.py took 0.736 seconds
[2023-07-23T19:55:47.394+0000] {processor.py:157} INFO - Started process (PID=1706) to work on /home/airflow/.local/lib/python3.9/site-packages/airflow/example_dags/example_sensors.py
[2023-07-23T19:55:47.395+0000] {processor.py:826} INFO - Processing file /home/airflow/.local/lib/python3.9/site-packages/airflow/example_dags/example_sensors.py for tasks to queue
[2023-07-23T19:55:47.396+0000] {logging_mixin.py:150} INFO - [2023-07-23T19:55:47.396+0000] {dagbag.py:541} INFO - Filling up the DagBag from /home/airflow/.local/lib/python3.9/site-packages/airflow/example_dags/example_sensors.py
[2023-07-23T19:55:47.423+0000] {processor.py:836} INFO - DAG(s) dict_keys(['example_sensors']) retrieved from /home/airflow/.local/lib/python3.9/site-packages/airflow/example_dags/example_sensors.py
[2023-07-23T19:55:47.460+0000] {logging_mixin.py:150} INFO - [2023-07-23T19:55:47.460+0000] {dag.py:2742} INFO - Sync 1 DAGs
[2023-07-23T19:55:47.487+0000] {logging_mixin.py:150} INFO - [2023-07-23T19:55:47.487+0000] {dag.py:3504} INFO - Setting next_dagrun for example_sensors to None, run_after=None
[2023-07-23T19:55:47.516+0000] {processor.py:179} INFO - Processing /home/airflow/.local/lib/python3.9/site-packages/airflow/example_dags/example_sensors.py took 0.127 seconds
[2023-07-23T19:56:18.754+0000] {processor.py:157} INFO - Started process (PID=1766) to work on /home/airflow/.local/lib/python3.9/site-packages/airflow/example_dags/example_sensors.py
[2023-07-23T19:56:18.808+0000] {processor.py:826} INFO - Processing file /home/airflow/.local/lib/python3.9/site-packages/airflow/example_dags/example_sensors.py for tasks to queue
[2023-07-23T19:56:18.809+0000] {logging_mixin.py:150} INFO - [2023-07-23T19:56:18.809+0000] {dagbag.py:541} INFO - Filling up the DagBag from /home/airflow/.local/lib/python3.9/site-packages/airflow/example_dags/example_sensors.py
[2023-07-23T19:56:18.891+0000] {processor.py:836} INFO - DAG(s) dict_keys(['example_sensors']) retrieved from /home/airflow/.local/lib/python3.9/site-packages/airflow/example_dags/example_sensors.py
[2023-07-23T19:56:19.131+0000] {logging_mixin.py:150} INFO - [2023-07-23T19:56:19.131+0000] {dag.py:2742} INFO - Sync 1 DAGs
[2023-07-23T19:56:19.278+0000] {logging_mixin.py:150} INFO - [2023-07-23T19:56:19.277+0000] {dag.py:3504} INFO - Setting next_dagrun for example_sensors to None, run_after=None
[2023-07-23T19:56:19.507+0000] {processor.py:179} INFO - Processing /home/airflow/.local/lib/python3.9/site-packages/airflow/example_dags/example_sensors.py took 0.757 seconds
[2023-07-23T19:56:50.118+0000] {processor.py:157} INFO - Started process (PID=1827) to work on /home/airflow/.local/lib/python3.9/site-packages/airflow/example_dags/example_sensors.py
[2023-07-23T19:56:50.121+0000] {processor.py:826} INFO - Processing file /home/airflow/.local/lib/python3.9/site-packages/airflow/example_dags/example_sensors.py for tasks to queue
[2023-07-23T19:56:50.126+0000] {logging_mixin.py:150} INFO - [2023-07-23T19:56:50.126+0000] {dagbag.py:541} INFO - Filling up the DagBag from /home/airflow/.local/lib/python3.9/site-packages/airflow/example_dags/example_sensors.py
[2023-07-23T19:56:50.166+0000] {processor.py:836} INFO - DAG(s) dict_keys(['example_sensors']) retrieved from /home/airflow/.local/lib/python3.9/site-packages/airflow/example_dags/example_sensors.py
[2023-07-23T19:56:50.223+0000] {logging_mixin.py:150} INFO - [2023-07-23T19:56:50.223+0000] {dag.py:2742} INFO - Sync 1 DAGs
[2023-07-23T19:56:50.300+0000] {logging_mixin.py:150} INFO - [2023-07-23T19:56:50.299+0000] {dag.py:3504} INFO - Setting next_dagrun for example_sensors to None, run_after=None
[2023-07-23T19:56:50.357+0000] {processor.py:179} INFO - Processing /home/airflow/.local/lib/python3.9/site-packages/airflow/example_dags/example_sensors.py took 0.248 seconds
[2023-07-23T19:57:43.493+0000] {processor.py:157} INFO - Started process (PID=1883) to work on /home/airflow/.local/lib/python3.9/site-packages/airflow/example_dags/example_sensors.py
[2023-07-23T19:57:43.517+0000] {processor.py:826} INFO - Processing file /home/airflow/.local/lib/python3.9/site-packages/airflow/example_dags/example_sensors.py for tasks to queue
[2023-07-23T19:57:43.518+0000] {logging_mixin.py:150} INFO - [2023-07-23T19:57:43.517+0000] {dagbag.py:541} INFO - Filling up the DagBag from /home/airflow/.local/lib/python3.9/site-packages/airflow/example_dags/example_sensors.py
[2023-07-23T19:57:43.751+0000] {processor.py:836} INFO - DAG(s) dict_keys(['example_sensors']) retrieved from /home/airflow/.local/lib/python3.9/site-packages/airflow/example_dags/example_sensors.py
[2023-07-23T19:57:44.746+0000] {logging_mixin.py:150} INFO - [2023-07-23T19:57:44.746+0000] {dag.py:2742} INFO - Sync 1 DAGs
[2023-07-23T19:57:45.921+0000] {logging_mixin.py:150} INFO - [2023-07-23T19:57:45.921+0000] {dag.py:3504} INFO - Setting next_dagrun for example_sensors to None, run_after=None
[2023-07-23T19:57:46.259+0000] {processor.py:179} INFO - Processing /home/airflow/.local/lib/python3.9/site-packages/airflow/example_dags/example_sensors.py took 2.874 seconds
[2023-07-23T20:01:17.412+0000] {processor.py:157} INFO - Started process (PID=89) to work on /home/airflow/.local/lib/python3.9/site-packages/airflow/example_dags/example_sensors.py
[2023-07-23T20:01:17.415+0000] {processor.py:826} INFO - Processing file /home/airflow/.local/lib/python3.9/site-packages/airflow/example_dags/example_sensors.py for tasks to queue
[2023-07-23T20:01:17.416+0000] {logging_mixin.py:150} INFO - [2023-07-23T20:01:17.416+0000] {dagbag.py:541} INFO - Filling up the DagBag from /home/airflow/.local/lib/python3.9/site-packages/airflow/example_dags/example_sensors.py
[2023-07-23T20:01:17.484+0000] {processor.py:836} INFO - DAG(s) dict_keys(['example_sensors']) retrieved from /home/airflow/.local/lib/python3.9/site-packages/airflow/example_dags/example_sensors.py
[2023-07-23T20:01:18.240+0000] {logging_mixin.py:150} INFO - [2023-07-23T20:01:18.240+0000] {dag.py:2742} INFO - Sync 1 DAGs
[2023-07-23T20:01:18.324+0000] {logging_mixin.py:150} INFO - [2023-07-23T20:01:18.324+0000] {dag.py:3504} INFO - Setting next_dagrun for example_sensors to None, run_after=None
[2023-07-23T20:01:18.482+0000] {processor.py:179} INFO - Processing /home/airflow/.local/lib/python3.9/site-packages/airflow/example_dags/example_sensors.py took 1.098 seconds
[2023-07-23T20:05:53.860+0000] {processor.py:157} INFO - Started process (PID=128) to work on /home/airflow/.local/lib/python3.9/site-packages/airflow/example_dags/example_sensors.py
[2023-07-23T20:05:53.862+0000] {processor.py:826} INFO - Processing file /home/airflow/.local/lib/python3.9/site-packages/airflow/example_dags/example_sensors.py for tasks to queue
[2023-07-23T20:05:53.862+0000] {logging_mixin.py:150} INFO - [2023-07-23T20:05:53.862+0000] {dagbag.py:541} INFO - Filling up the DagBag from /home/airflow/.local/lib/python3.9/site-packages/airflow/example_dags/example_sensors.py
[2023-07-23T20:05:54.758+0000] {processor.py:836} INFO - DAG(s) dict_keys(['example_sensors']) retrieved from /home/airflow/.local/lib/python3.9/site-packages/airflow/example_dags/example_sensors.py
[2023-07-23T20:05:54.926+0000] {logging_mixin.py:150} INFO - [2023-07-23T20:05:54.926+0000] {dag.py:2742} INFO - Sync 1 DAGs
[2023-07-23T20:05:55.036+0000] {logging_mixin.py:150} INFO - [2023-07-23T20:05:55.036+0000] {dag.py:3504} INFO - Setting next_dagrun for example_sensors to None, run_after=None
[2023-07-23T20:05:55.156+0000] {processor.py:179} INFO - Processing /home/airflow/.local/lib/python3.9/site-packages/airflow/example_dags/example_sensors.py took 1.323 seconds
[2023-07-23T20:06:35.950+0000] {processor.py:157} INFO - Started process (PID=190) to work on /home/airflow/.local/lib/python3.9/site-packages/airflow/example_dags/example_sensors.py
[2023-07-23T20:06:36.002+0000] {processor.py:826} INFO - Processing file /home/airflow/.local/lib/python3.9/site-packages/airflow/example_dags/example_sensors.py for tasks to queue
[2023-07-23T20:06:36.069+0000] {logging_mixin.py:150} INFO - [2023-07-23T20:06:36.068+0000] {dagbag.py:541} INFO - Filling up the DagBag from /home/airflow/.local/lib/python3.9/site-packages/airflow/example_dags/example_sensors.py
[2023-07-23T20:06:36.171+0000] {processor.py:836} INFO - DAG(s) dict_keys(['example_sensors']) retrieved from /home/airflow/.local/lib/python3.9/site-packages/airflow/example_dags/example_sensors.py
[2023-07-23T20:06:36.487+0000] {logging_mixin.py:150} INFO - [2023-07-23T20:06:36.487+0000] {dag.py:2742} INFO - Sync 1 DAGs
[2023-07-23T20:06:36.857+0000] {logging_mixin.py:150} INFO - [2023-07-23T20:06:36.857+0000] {dag.py:3504} INFO - Setting next_dagrun for example_sensors to None, run_after=None
[2023-07-23T20:06:37.116+0000] {processor.py:179} INFO - Processing /home/airflow/.local/lib/python3.9/site-packages/airflow/example_dags/example_sensors.py took 1.212 seconds
[2023-07-23T20:08:53.365+0000] {processor.py:157} INFO - Started process (PID=298) to work on /home/airflow/.local/lib/python3.9/site-packages/airflow/example_dags/example_sensors.py
[2023-07-23T20:08:53.448+0000] {processor.py:826} INFO - Processing file /home/airflow/.local/lib/python3.9/site-packages/airflow/example_dags/example_sensors.py for tasks to queue
[2023-07-23T20:08:53.449+0000] {logging_mixin.py:150} INFO - [2023-07-23T20:08:53.449+0000] {dagbag.py:541} INFO - Filling up the DagBag from /home/airflow/.local/lib/python3.9/site-packages/airflow/example_dags/example_sensors.py
[2023-07-23T20:08:54.004+0000] {processor.py:836} INFO - DAG(s) dict_keys(['example_sensors']) retrieved from /home/airflow/.local/lib/python3.9/site-packages/airflow/example_dags/example_sensors.py
[2023-07-23T20:08:55.140+0000] {logging_mixin.py:150} INFO - [2023-07-23T20:08:55.139+0000] {dag.py:2742} INFO - Sync 1 DAGs
[2023-07-23T20:08:55.982+0000] {logging_mixin.py:150} INFO - [2023-07-23T20:08:55.982+0000] {dag.py:3504} INFO - Setting next_dagrun for example_sensors to None, run_after=None
[2023-07-23T20:08:56.351+0000] {processor.py:179} INFO - Processing /home/airflow/.local/lib/python3.9/site-packages/airflow/example_dags/example_sensors.py took 3.105 seconds
[2023-07-23T20:10:10.076+0000] {processor.py:157} INFO - Started process (PID=369) to work on /home/airflow/.local/lib/python3.9/site-packages/airflow/example_dags/example_sensors.py
[2023-07-23T20:10:10.086+0000] {processor.py:826} INFO - Processing file /home/airflow/.local/lib/python3.9/site-packages/airflow/example_dags/example_sensors.py for tasks to queue
[2023-07-23T20:10:10.087+0000] {logging_mixin.py:150} INFO - [2023-07-23T20:10:10.086+0000] {dagbag.py:541} INFO - Filling up the DagBag from /home/airflow/.local/lib/python3.9/site-packages/airflow/example_dags/example_sensors.py
[2023-07-23T20:10:10.109+0000] {processor.py:836} INFO - DAG(s) dict_keys(['example_sensors']) retrieved from /home/airflow/.local/lib/python3.9/site-packages/airflow/example_dags/example_sensors.py
[2023-07-23T20:10:10.186+0000] {logging_mixin.py:150} INFO - [2023-07-23T20:10:10.186+0000] {dag.py:2742} INFO - Sync 1 DAGs
[2023-07-23T20:10:10.229+0000] {logging_mixin.py:150} INFO - [2023-07-23T20:10:10.229+0000] {dag.py:3504} INFO - Setting next_dagrun for example_sensors to None, run_after=None
[2023-07-23T20:10:10.306+0000] {processor.py:179} INFO - Processing /home/airflow/.local/lib/python3.9/site-packages/airflow/example_dags/example_sensors.py took 0.242 seconds
[2023-07-23T20:10:40.853+0000] {processor.py:157} INFO - Started process (PID=430) to work on /home/airflow/.local/lib/python3.9/site-packages/airflow/example_dags/example_sensors.py
[2023-07-23T20:10:40.865+0000] {processor.py:826} INFO - Processing file /home/airflow/.local/lib/python3.9/site-packages/airflow/example_dags/example_sensors.py for tasks to queue
[2023-07-23T20:10:40.866+0000] {logging_mixin.py:150} INFO - [2023-07-23T20:10:40.866+0000] {dagbag.py:541} INFO - Filling up the DagBag from /home/airflow/.local/lib/python3.9/site-packages/airflow/example_dags/example_sensors.py
[2023-07-23T20:10:40.889+0000] {processor.py:836} INFO - DAG(s) dict_keys(['example_sensors']) retrieved from /home/airflow/.local/lib/python3.9/site-packages/airflow/example_dags/example_sensors.py
[2023-07-23T20:10:40.956+0000] {logging_mixin.py:150} INFO - [2023-07-23T20:10:40.955+0000] {dag.py:2742} INFO - Sync 1 DAGs
[2023-07-23T20:10:41.006+0000] {logging_mixin.py:150} INFO - [2023-07-23T20:10:41.006+0000] {dag.py:3504} INFO - Setting next_dagrun for example_sensors to None, run_after=None
[2023-07-23T20:10:41.042+0000] {processor.py:179} INFO - Processing /home/airflow/.local/lib/python3.9/site-packages/airflow/example_dags/example_sensors.py took 0.193 seconds
[2023-07-23T20:11:11.988+0000] {processor.py:157} INFO - Started process (PID=492) to work on /home/airflow/.local/lib/python3.9/site-packages/airflow/example_dags/example_sensors.py
[2023-07-23T20:11:12.025+0000] {processor.py:826} INFO - Processing file /home/airflow/.local/lib/python3.9/site-packages/airflow/example_dags/example_sensors.py for tasks to queue
[2023-07-23T20:11:12.027+0000] {logging_mixin.py:150} INFO - [2023-07-23T20:11:12.026+0000] {dagbag.py:541} INFO - Filling up the DagBag from /home/airflow/.local/lib/python3.9/site-packages/airflow/example_dags/example_sensors.py
[2023-07-23T20:11:12.053+0000] {processor.py:836} INFO - DAG(s) dict_keys(['example_sensors']) retrieved from /home/airflow/.local/lib/python3.9/site-packages/airflow/example_dags/example_sensors.py
[2023-07-23T20:11:12.201+0000] {logging_mixin.py:150} INFO - [2023-07-23T20:11:12.201+0000] {dag.py:2742} INFO - Sync 1 DAGs
[2023-07-23T20:11:12.310+0000] {logging_mixin.py:150} INFO - [2023-07-23T20:11:12.309+0000] {dag.py:3504} INFO - Setting next_dagrun for example_sensors to None, run_after=None
[2023-07-23T20:11:12.402+0000] {processor.py:179} INFO - Processing /home/airflow/.local/lib/python3.9/site-packages/airflow/example_dags/example_sensors.py took 0.428 seconds
[2023-07-23T20:12:02.093+0000] {processor.py:157} INFO - Started process (PID=565) to work on /home/airflow/.local/lib/python3.9/site-packages/airflow/example_dags/example_sensors.py
[2023-07-23T20:12:02.133+0000] {processor.py:826} INFO - Processing file /home/airflow/.local/lib/python3.9/site-packages/airflow/example_dags/example_sensors.py for tasks to queue
[2023-07-23T20:12:02.134+0000] {logging_mixin.py:150} INFO - [2023-07-23T20:12:02.133+0000] {dagbag.py:541} INFO - Filling up the DagBag from /home/airflow/.local/lib/python3.9/site-packages/airflow/example_dags/example_sensors.py
[2023-07-23T20:12:02.308+0000] {processor.py:836} INFO - DAG(s) dict_keys(['example_sensors']) retrieved from /home/airflow/.local/lib/python3.9/site-packages/airflow/example_dags/example_sensors.py
[2023-07-23T20:12:02.762+0000] {logging_mixin.py:150} INFO - [2023-07-23T20:12:02.761+0000] {dag.py:2742} INFO - Sync 1 DAGs
[2023-07-23T20:12:03.089+0000] {logging_mixin.py:150} INFO - [2023-07-23T20:12:03.088+0000] {dag.py:3504} INFO - Setting next_dagrun for example_sensors to None, run_after=None
[2023-07-23T20:12:03.417+0000] {processor.py:179} INFO - Processing /home/airflow/.local/lib/python3.9/site-packages/airflow/example_dags/example_sensors.py took 1.690 seconds
[2023-07-23T20:13:32.937+0000] {processor.py:157} INFO - Started process (PID=648) to work on /home/airflow/.local/lib/python3.9/site-packages/airflow/example_dags/example_sensors.py
[2023-07-23T20:13:32.964+0000] {processor.py:826} INFO - Processing file /home/airflow/.local/lib/python3.9/site-packages/airflow/example_dags/example_sensors.py for tasks to queue
[2023-07-23T20:13:32.965+0000] {logging_mixin.py:150} INFO - [2023-07-23T20:13:32.964+0000] {dagbag.py:541} INFO - Filling up the DagBag from /home/airflow/.local/lib/python3.9/site-packages/airflow/example_dags/example_sensors.py
[2023-07-23T20:13:33.237+0000] {processor.py:836} INFO - DAG(s) dict_keys(['example_sensors']) retrieved from /home/airflow/.local/lib/python3.9/site-packages/airflow/example_dags/example_sensors.py
[2023-07-23T20:13:34.343+0000] {logging_mixin.py:150} INFO - [2023-07-23T20:13:34.343+0000] {dag.py:2742} INFO - Sync 1 DAGs
[2023-07-23T20:13:35.107+0000] {logging_mixin.py:150} INFO - [2023-07-23T20:13:35.107+0000] {dag.py:3504} INFO - Setting next_dagrun for example_sensors to None, run_after=None
[2023-07-23T20:13:35.972+0000] {processor.py:179} INFO - Processing /home/airflow/.local/lib/python3.9/site-packages/airflow/example_dags/example_sensors.py took 3.118 seconds
[2023-07-23T20:15:18.200+0000] {processor.py:157} INFO - Started process (PID=746) to work on /home/airflow/.local/lib/python3.9/site-packages/airflow/example_dags/example_sensors.py
[2023-07-23T20:15:18.203+0000] {processor.py:826} INFO - Processing file /home/airflow/.local/lib/python3.9/site-packages/airflow/example_dags/example_sensors.py for tasks to queue
[2023-07-23T20:15:18.204+0000] {logging_mixin.py:150} INFO - [2023-07-23T20:15:18.204+0000] {dagbag.py:541} INFO - Filling up the DagBag from /home/airflow/.local/lib/python3.9/site-packages/airflow/example_dags/example_sensors.py
[2023-07-23T20:15:18.237+0000] {processor.py:836} INFO - DAG(s) dict_keys(['example_sensors']) retrieved from /home/airflow/.local/lib/python3.9/site-packages/airflow/example_dags/example_sensors.py
[2023-07-23T20:15:18.363+0000] {logging_mixin.py:150} INFO - [2023-07-23T20:15:18.363+0000] {dag.py:2742} INFO - Sync 1 DAGs
[2023-07-23T20:15:18.464+0000] {logging_mixin.py:150} INFO - [2023-07-23T20:15:18.464+0000] {dag.py:3504} INFO - Setting next_dagrun for example_sensors to None, run_after=None
[2023-07-23T20:15:18.544+0000] {processor.py:179} INFO - Processing /home/airflow/.local/lib/python3.9/site-packages/airflow/example_dags/example_sensors.py took 0.371 seconds
[2023-07-23T20:15:50.902+0000] {processor.py:157} INFO - Started process (PID=807) to work on /home/airflow/.local/lib/python3.9/site-packages/airflow/example_dags/example_sensors.py
[2023-07-23T20:15:50.908+0000] {processor.py:826} INFO - Processing file /home/airflow/.local/lib/python3.9/site-packages/airflow/example_dags/example_sensors.py for tasks to queue
[2023-07-23T20:15:50.909+0000] {logging_mixin.py:150} INFO - [2023-07-23T20:15:50.908+0000] {dagbag.py:541} INFO - Filling up the DagBag from /home/airflow/.local/lib/python3.9/site-packages/airflow/example_dags/example_sensors.py
[2023-07-23T20:15:50.932+0000] {processor.py:836} INFO - DAG(s) dict_keys(['example_sensors']) retrieved from /home/airflow/.local/lib/python3.9/site-packages/airflow/example_dags/example_sensors.py
[2023-07-23T20:15:51.016+0000] {logging_mixin.py:150} INFO - [2023-07-23T20:15:51.016+0000] {dag.py:2742} INFO - Sync 1 DAGs
[2023-07-23T20:15:51.112+0000] {logging_mixin.py:150} INFO - [2023-07-23T20:15:51.112+0000] {dag.py:3504} INFO - Setting next_dagrun for example_sensors to None, run_after=None
[2023-07-23T20:15:51.193+0000] {processor.py:179} INFO - Processing /home/airflow/.local/lib/python3.9/site-packages/airflow/example_dags/example_sensors.py took 0.295 seconds
[2023-07-23T20:16:31.934+0000] {processor.py:157} INFO - Started process (PID=868) to work on /home/airflow/.local/lib/python3.9/site-packages/airflow/example_dags/example_sensors.py
[2023-07-23T20:16:31.946+0000] {processor.py:826} INFO - Processing file /home/airflow/.local/lib/python3.9/site-packages/airflow/example_dags/example_sensors.py for tasks to queue
[2023-07-23T20:16:31.947+0000] {logging_mixin.py:150} INFO - [2023-07-23T20:16:31.947+0000] {dagbag.py:541} INFO - Filling up the DagBag from /home/airflow/.local/lib/python3.9/site-packages/airflow/example_dags/example_sensors.py
[2023-07-23T20:16:32.207+0000] {processor.py:836} INFO - DAG(s) dict_keys(['example_sensors']) retrieved from /home/airflow/.local/lib/python3.9/site-packages/airflow/example_dags/example_sensors.py
[2023-07-23T20:16:33.060+0000] {logging_mixin.py:150} INFO - [2023-07-23T20:16:33.060+0000] {dag.py:2742} INFO - Sync 1 DAGs
[2023-07-23T20:16:33.466+0000] {logging_mixin.py:150} INFO - [2023-07-23T20:16:33.466+0000] {dag.py:3504} INFO - Setting next_dagrun for example_sensors to None, run_after=None
[2023-07-23T20:16:33.889+0000] {processor.py:179} INFO - Processing /home/airflow/.local/lib/python3.9/site-packages/airflow/example_dags/example_sensors.py took 2.022 seconds
[2023-07-23T20:18:35.999+0000] {processor.py:157} INFO - Started process (PID=952) to work on /home/airflow/.local/lib/python3.9/site-packages/airflow/example_dags/example_sensors.py
[2023-07-23T20:18:36.001+0000] {processor.py:826} INFO - Processing file /home/airflow/.local/lib/python3.9/site-packages/airflow/example_dags/example_sensors.py for tasks to queue
[2023-07-23T20:18:36.119+0000] {logging_mixin.py:150} INFO - [2023-07-23T20:18:36.119+0000] {dagbag.py:541} INFO - Filling up the DagBag from /home/airflow/.local/lib/python3.9/site-packages/airflow/example_dags/example_sensors.py
[2023-07-23T20:18:37.157+0000] {processor.py:836} INFO - DAG(s) dict_keys(['example_sensors']) retrieved from /home/airflow/.local/lib/python3.9/site-packages/airflow/example_dags/example_sensors.py
[2023-07-23T20:18:38.802+0000] {logging_mixin.py:150} INFO - [2023-07-23T20:18:38.802+0000] {dag.py:2742} INFO - Sync 1 DAGs
[2023-07-23T20:18:41.156+0000] {logging_mixin.py:150} INFO - [2023-07-23T20:18:41.106+0000] {dag.py:3504} INFO - Setting next_dagrun for example_sensors to None, run_after=None
[2023-07-23T20:18:42.364+0000] {processor.py:179} INFO - Processing /home/airflow/.local/lib/python3.9/site-packages/airflow/example_dags/example_sensors.py took 6.624 seconds
[2023-07-23T20:20:24.124+0000] {processor.py:157} INFO - Started process (PID=1042) to work on /home/airflow/.local/lib/python3.9/site-packages/airflow/example_dags/example_sensors.py
[2023-07-23T20:20:24.165+0000] {processor.py:826} INFO - Processing file /home/airflow/.local/lib/python3.9/site-packages/airflow/example_dags/example_sensors.py for tasks to queue
[2023-07-23T20:20:24.167+0000] {logging_mixin.py:150} INFO - [2023-07-23T20:20:24.166+0000] {dagbag.py:541} INFO - Filling up the DagBag from /home/airflow/.local/lib/python3.9/site-packages/airflow/example_dags/example_sensors.py
[2023-07-23T20:20:24.241+0000] {processor.py:836} INFO - DAG(s) dict_keys(['example_sensors']) retrieved from /home/airflow/.local/lib/python3.9/site-packages/airflow/example_dags/example_sensors.py
[2023-07-23T20:20:24.419+0000] {logging_mixin.py:150} INFO - [2023-07-23T20:20:24.419+0000] {dag.py:2742} INFO - Sync 1 DAGs
[2023-07-23T20:20:24.576+0000] {logging_mixin.py:150} INFO - [2023-07-23T20:20:24.576+0000] {dag.py:3504} INFO - Setting next_dagrun for example_sensors to None, run_after=None
[2023-07-23T20:20:24.719+0000] {processor.py:179} INFO - Processing /home/airflow/.local/lib/python3.9/site-packages/airflow/example_dags/example_sensors.py took 0.599 seconds
[2023-07-23T20:20:56.667+0000] {processor.py:157} INFO - Started process (PID=1103) to work on /home/airflow/.local/lib/python3.9/site-packages/airflow/example_dags/example_sensors.py
[2023-07-23T20:20:56.668+0000] {processor.py:826} INFO - Processing file /home/airflow/.local/lib/python3.9/site-packages/airflow/example_dags/example_sensors.py for tasks to queue
[2023-07-23T20:20:56.669+0000] {logging_mixin.py:150} INFO - [2023-07-23T20:20:56.669+0000] {dagbag.py:541} INFO - Filling up the DagBag from /home/airflow/.local/lib/python3.9/site-packages/airflow/example_dags/example_sensors.py
[2023-07-23T20:20:56.715+0000] {processor.py:836} INFO - DAG(s) dict_keys(['example_sensors']) retrieved from /home/airflow/.local/lib/python3.9/site-packages/airflow/example_dags/example_sensors.py
[2023-07-23T20:20:56.801+0000] {logging_mixin.py:150} INFO - [2023-07-23T20:20:56.800+0000] {dag.py:2742} INFO - Sync 1 DAGs
[2023-07-23T20:20:56.903+0000] {logging_mixin.py:150} INFO - [2023-07-23T20:20:56.902+0000] {dag.py:3504} INFO - Setting next_dagrun for example_sensors to None, run_after=None
[2023-07-23T20:20:56.995+0000] {processor.py:179} INFO - Processing /home/airflow/.local/lib/python3.9/site-packages/airflow/example_dags/example_sensors.py took 0.364 seconds
[2023-07-23T20:21:58.531+0000] {processor.py:157} INFO - Started process (PID=1159) to work on /home/airflow/.local/lib/python3.9/site-packages/airflow/example_dags/example_sensors.py
[2023-07-23T20:21:58.571+0000] {processor.py:826} INFO - Processing file /home/airflow/.local/lib/python3.9/site-packages/airflow/example_dags/example_sensors.py for tasks to queue
[2023-07-23T20:21:58.572+0000] {logging_mixin.py:150} INFO - [2023-07-23T20:21:58.572+0000] {dagbag.py:541} INFO - Filling up the DagBag from /home/airflow/.local/lib/python3.9/site-packages/airflow/example_dags/example_sensors.py
[2023-07-23T20:21:58.876+0000] {processor.py:836} INFO - DAG(s) dict_keys(['example_sensors']) retrieved from /home/airflow/.local/lib/python3.9/site-packages/airflow/example_dags/example_sensors.py
[2023-07-23T20:22:00.044+0000] {logging_mixin.py:150} INFO - [2023-07-23T20:22:00.044+0000] {dag.py:2742} INFO - Sync 1 DAGs
[2023-07-23T20:22:01.732+0000] {logging_mixin.py:150} INFO - [2023-07-23T20:22:01.586+0000] {dag.py:3504} INFO - Setting next_dagrun for example_sensors to None, run_after=None
[2023-07-23T20:22:02.437+0000] {processor.py:179} INFO - Processing /home/airflow/.local/lib/python3.9/site-packages/airflow/example_dags/example_sensors.py took 4.265 seconds
[2023-07-23T20:24:30.362+0000] {processor.py:157} INFO - Started process (PID=1251) to work on /home/airflow/.local/lib/python3.9/site-packages/airflow/example_dags/example_sensors.py
[2023-07-23T20:24:30.389+0000] {processor.py:826} INFO - Processing file /home/airflow/.local/lib/python3.9/site-packages/airflow/example_dags/example_sensors.py for tasks to queue
[2023-07-23T20:24:30.390+0000] {logging_mixin.py:150} INFO - [2023-07-23T20:24:30.390+0000] {dagbag.py:541} INFO - Filling up the DagBag from /home/airflow/.local/lib/python3.9/site-packages/airflow/example_dags/example_sensors.py
[2023-07-23T20:24:31.044+0000] {processor.py:836} INFO - DAG(s) dict_keys(['example_sensors']) retrieved from /home/airflow/.local/lib/python3.9/site-packages/airflow/example_dags/example_sensors.py
[2023-07-23T20:24:32.690+0000] {logging_mixin.py:150} INFO - [2023-07-23T20:24:32.690+0000] {dag.py:2742} INFO - Sync 1 DAGs
[2023-07-23T20:24:33.632+0000] {logging_mixin.py:150} INFO - [2023-07-23T20:24:33.632+0000] {dag.py:3504} INFO - Setting next_dagrun for example_sensors to None, run_after=None
[2023-07-23T20:24:35.180+0000] {processor.py:179} INFO - Processing /home/airflow/.local/lib/python3.9/site-packages/airflow/example_dags/example_sensors.py took 4.872 seconds
[2023-07-23T20:25:23.050+0000] {processor.py:157} INFO - Started process (PID=1319) to work on /home/airflow/.local/lib/python3.9/site-packages/airflow/example_dags/example_sensors.py
[2023-07-23T20:25:23.082+0000] {processor.py:826} INFO - Processing file /home/airflow/.local/lib/python3.9/site-packages/airflow/example_dags/example_sensors.py for tasks to queue
[2023-07-23T20:25:23.083+0000] {logging_mixin.py:150} INFO - [2023-07-23T20:25:23.082+0000] {dagbag.py:541} INFO - Filling up the DagBag from /home/airflow/.local/lib/python3.9/site-packages/airflow/example_dags/example_sensors.py
[2023-07-23T20:25:23.104+0000] {processor.py:836} INFO - DAG(s) dict_keys(['example_sensors']) retrieved from /home/airflow/.local/lib/python3.9/site-packages/airflow/example_dags/example_sensors.py
[2023-07-23T20:25:23.211+0000] {logging_mixin.py:150} INFO - [2023-07-23T20:25:23.211+0000] {dag.py:2742} INFO - Sync 1 DAGs
[2023-07-23T20:25:23.308+0000] {logging_mixin.py:150} INFO - [2023-07-23T20:25:23.308+0000] {dag.py:3504} INFO - Setting next_dagrun for example_sensors to None, run_after=None
[2023-07-23T20:25:23.366+0000] {processor.py:179} INFO - Processing /home/airflow/.local/lib/python3.9/site-packages/airflow/example_dags/example_sensors.py took 0.320 seconds
[2023-07-23T20:25:54.182+0000] {processor.py:157} INFO - Started process (PID=1374) to work on /home/airflow/.local/lib/python3.9/site-packages/airflow/example_dags/example_sensors.py
[2023-07-23T20:25:54.196+0000] {processor.py:826} INFO - Processing file /home/airflow/.local/lib/python3.9/site-packages/airflow/example_dags/example_sensors.py for tasks to queue
[2023-07-23T20:25:54.197+0000] {logging_mixin.py:150} INFO - [2023-07-23T20:25:54.196+0000] {dagbag.py:541} INFO - Filling up the DagBag from /home/airflow/.local/lib/python3.9/site-packages/airflow/example_dags/example_sensors.py
[2023-07-23T20:25:54.249+0000] {processor.py:836} INFO - DAG(s) dict_keys(['example_sensors']) retrieved from /home/airflow/.local/lib/python3.9/site-packages/airflow/example_dags/example_sensors.py
[2023-07-23T20:25:54.364+0000] {logging_mixin.py:150} INFO - [2023-07-23T20:25:54.364+0000] {dag.py:2742} INFO - Sync 1 DAGs
[2023-07-23T20:25:54.471+0000] {logging_mixin.py:150} INFO - [2023-07-23T20:25:54.470+0000] {dag.py:3504} INFO - Setting next_dagrun for example_sensors to None, run_after=None
[2023-07-23T20:25:54.567+0000] {processor.py:179} INFO - Processing /home/airflow/.local/lib/python3.9/site-packages/airflow/example_dags/example_sensors.py took 0.389 seconds
[2023-07-23T20:27:26.992+0000] {processor.py:157} INFO - Started process (PID=1455) to work on /home/airflow/.local/lib/python3.9/site-packages/airflow/example_dags/example_sensors.py
[2023-07-23T20:27:26.993+0000] {processor.py:826} INFO - Processing file /home/airflow/.local/lib/python3.9/site-packages/airflow/example_dags/example_sensors.py for tasks to queue
[2023-07-23T20:27:26.994+0000] {logging_mixin.py:150} INFO - [2023-07-23T20:27:26.994+0000] {dagbag.py:541} INFO - Filling up the DagBag from /home/airflow/.local/lib/python3.9/site-packages/airflow/example_dags/example_sensors.py
[2023-07-23T20:27:27.710+0000] {processor.py:836} INFO - DAG(s) dict_keys(['example_sensors']) retrieved from /home/airflow/.local/lib/python3.9/site-packages/airflow/example_dags/example_sensors.py
[2023-07-23T20:27:28.771+0000] {logging_mixin.py:150} INFO - [2023-07-23T20:27:28.771+0000] {dag.py:2742} INFO - Sync 1 DAGs
[2023-07-23T20:27:29.974+0000] {logging_mixin.py:150} INFO - [2023-07-23T20:27:29.973+0000] {dag.py:3504} INFO - Setting next_dagrun for example_sensors to None, run_after=None
[2023-07-23T20:27:31.100+0000] {processor.py:179} INFO - Processing /home/airflow/.local/lib/python3.9/site-packages/airflow/example_dags/example_sensors.py took 4.125 seconds
[2023-07-23T20:30:16.154+0000] {processor.py:157} INFO - Started process (PID=1580) to work on /home/airflow/.local/lib/python3.9/site-packages/airflow/example_dags/example_sensors.py
[2023-07-23T20:30:16.246+0000] {processor.py:826} INFO - Processing file /home/airflow/.local/lib/python3.9/site-packages/airflow/example_dags/example_sensors.py for tasks to queue
[2023-07-23T20:30:16.247+0000] {logging_mixin.py:150} INFO - [2023-07-23T20:30:16.246+0000] {dagbag.py:541} INFO - Filling up the DagBag from /home/airflow/.local/lib/python3.9/site-packages/airflow/example_dags/example_sensors.py
[2023-07-23T20:30:16.349+0000] {processor.py:836} INFO - DAG(s) dict_keys(['example_sensors']) retrieved from /home/airflow/.local/lib/python3.9/site-packages/airflow/example_dags/example_sensors.py
[2023-07-23T20:30:16.837+0000] {logging_mixin.py:150} INFO - [2023-07-23T20:30:16.836+0000] {dag.py:2742} INFO - Sync 1 DAGs
[2023-07-23T20:30:17.193+0000] {logging_mixin.py:150} INFO - [2023-07-23T20:30:17.191+0000] {dag.py:3504} INFO - Setting next_dagrun for example_sensors to None, run_after=None
[2023-07-23T20:30:17.366+0000] {processor.py:179} INFO - Processing /home/airflow/.local/lib/python3.9/site-packages/airflow/example_dags/example_sensors.py took 1.216 seconds
[2023-07-23T20:30:47.441+0000] {processor.py:157} INFO - Started process (PID=1634) to work on /home/airflow/.local/lib/python3.9/site-packages/airflow/example_dags/example_sensors.py
[2023-07-23T20:30:47.453+0000] {processor.py:826} INFO - Processing file /home/airflow/.local/lib/python3.9/site-packages/airflow/example_dags/example_sensors.py for tasks to queue
[2023-07-23T20:30:47.454+0000] {logging_mixin.py:150} INFO - [2023-07-23T20:30:47.453+0000] {dagbag.py:541} INFO - Filling up the DagBag from /home/airflow/.local/lib/python3.9/site-packages/airflow/example_dags/example_sensors.py
[2023-07-23T20:30:47.521+0000] {processor.py:836} INFO - DAG(s) dict_keys(['example_sensors']) retrieved from /home/airflow/.local/lib/python3.9/site-packages/airflow/example_dags/example_sensors.py
[2023-07-23T20:30:47.626+0000] {logging_mixin.py:150} INFO - [2023-07-23T20:30:47.626+0000] {dag.py:2742} INFO - Sync 1 DAGs
[2023-07-23T20:30:47.716+0000] {logging_mixin.py:150} INFO - [2023-07-23T20:30:47.716+0000] {dag.py:3504} INFO - Setting next_dagrun for example_sensors to None, run_after=None
[2023-07-23T20:30:47.806+0000] {processor.py:179} INFO - Processing /home/airflow/.local/lib/python3.9/site-packages/airflow/example_dags/example_sensors.py took 0.369 seconds
[2023-07-23T20:31:18.692+0000] {processor.py:157} INFO - Started process (PID=1697) to work on /home/airflow/.local/lib/python3.9/site-packages/airflow/example_dags/example_sensors.py
[2023-07-23T20:31:18.733+0000] {processor.py:826} INFO - Processing file /home/airflow/.local/lib/python3.9/site-packages/airflow/example_dags/example_sensors.py for tasks to queue
[2023-07-23T20:31:18.734+0000] {logging_mixin.py:150} INFO - [2023-07-23T20:31:18.734+0000] {dagbag.py:541} INFO - Filling up the DagBag from /home/airflow/.local/lib/python3.9/site-packages/airflow/example_dags/example_sensors.py
[2023-07-23T20:31:18.909+0000] {processor.py:836} INFO - DAG(s) dict_keys(['example_sensors']) retrieved from /home/airflow/.local/lib/python3.9/site-packages/airflow/example_dags/example_sensors.py
[2023-07-23T20:31:19.574+0000] {logging_mixin.py:150} INFO - [2023-07-23T20:31:19.573+0000] {dag.py:2742} INFO - Sync 1 DAGs
[2023-07-23T20:31:20.607+0000] {logging_mixin.py:150} INFO - [2023-07-23T20:31:20.607+0000] {dag.py:3504} INFO - Setting next_dagrun for example_sensors to None, run_after=None
[2023-07-23T20:31:21.034+0000] {processor.py:179} INFO - Processing /home/airflow/.local/lib/python3.9/site-packages/airflow/example_dags/example_sensors.py took 2.535 seconds
