[2023-07-23T19:28:20.338+0000] {processor.py:157} INFO - Started process (PID=70) to work on /home/airflow/.local/lib/python3.9/site-packages/airflow/example_dags/example_params_ui_tutorial.py
[2023-07-23T19:28:20.339+0000] {processor.py:826} INFO - Processing file /home/airflow/.local/lib/python3.9/site-packages/airflow/example_dags/example_params_ui_tutorial.py for tasks to queue
[2023-07-23T19:28:20.344+0000] {logging_mixin.py:150} INFO - [2023-07-23T19:28:20.344+0000] {dagbag.py:541} INFO - Filling up the DagBag from /home/airflow/.local/lib/python3.9/site-packages/airflow/example_dags/example_params_ui_tutorial.py
[2023-07-23T19:28:20.471+0000] {processor.py:836} INFO - DAG(s) dict_keys(['example_params_ui_tutorial']) retrieved from /home/airflow/.local/lib/python3.9/site-packages/airflow/example_dags/example_params_ui_tutorial.py
[2023-07-23T19:28:21.221+0000] {logging_mixin.py:150} INFO - [2023-07-23T19:28:21.221+0000] {dag.py:2742} INFO - Sync 1 DAGs
[2023-07-23T19:28:21.335+0000] {logging_mixin.py:150} INFO - [2023-07-23T19:28:21.334+0000] {dag.py:3504} INFO - Setting next_dagrun for example_params_ui_tutorial to None, run_after=None
[2023-07-23T19:28:21.374+0000] {processor.py:179} INFO - Processing /home/airflow/.local/lib/python3.9/site-packages/airflow/example_dags/example_params_ui_tutorial.py took 1.083 seconds
[2023-07-23T19:28:51.804+0000] {processor.py:157} INFO - Started process (PID=131) to work on /home/airflow/.local/lib/python3.9/site-packages/airflow/example_dags/example_params_ui_tutorial.py
[2023-07-23T19:28:51.816+0000] {processor.py:826} INFO - Processing file /home/airflow/.local/lib/python3.9/site-packages/airflow/example_dags/example_params_ui_tutorial.py for tasks to queue
[2023-07-23T19:28:51.817+0000] {logging_mixin.py:150} INFO - [2023-07-23T19:28:51.817+0000] {dagbag.py:541} INFO - Filling up the DagBag from /home/airflow/.local/lib/python3.9/site-packages/airflow/example_dags/example_params_ui_tutorial.py
[2023-07-23T19:28:51.896+0000] {processor.py:836} INFO - DAG(s) dict_keys(['example_params_ui_tutorial']) retrieved from /home/airflow/.local/lib/python3.9/site-packages/airflow/example_dags/example_params_ui_tutorial.py
[2023-07-23T19:28:51.990+0000] {logging_mixin.py:150} INFO - [2023-07-23T19:28:51.990+0000] {dag.py:2742} INFO - Sync 1 DAGs
[2023-07-23T19:28:52.072+0000] {logging_mixin.py:150} INFO - [2023-07-23T19:28:52.071+0000] {dag.py:3504} INFO - Setting next_dagrun for example_params_ui_tutorial to None, run_after=None
[2023-07-23T19:28:52.119+0000] {processor.py:179} INFO - Processing /home/airflow/.local/lib/python3.9/site-packages/airflow/example_dags/example_params_ui_tutorial.py took 0.319 seconds
[2023-07-23T19:29:22.956+0000] {processor.py:157} INFO - Started process (PID=193) to work on /home/airflow/.local/lib/python3.9/site-packages/airflow/example_dags/example_params_ui_tutorial.py
[2023-07-23T19:29:22.966+0000] {processor.py:826} INFO - Processing file /home/airflow/.local/lib/python3.9/site-packages/airflow/example_dags/example_params_ui_tutorial.py for tasks to queue
[2023-07-23T19:29:22.967+0000] {logging_mixin.py:150} INFO - [2023-07-23T19:29:22.966+0000] {dagbag.py:541} INFO - Filling up the DagBag from /home/airflow/.local/lib/python3.9/site-packages/airflow/example_dags/example_params_ui_tutorial.py
[2023-07-23T19:29:23.031+0000] {processor.py:836} INFO - DAG(s) dict_keys(['example_params_ui_tutorial']) retrieved from /home/airflow/.local/lib/python3.9/site-packages/airflow/example_dags/example_params_ui_tutorial.py
[2023-07-23T19:29:23.156+0000] {logging_mixin.py:150} INFO - [2023-07-23T19:29:23.155+0000] {dag.py:2742} INFO - Sync 1 DAGs
[2023-07-23T19:29:23.203+0000] {logging_mixin.py:150} INFO - [2023-07-23T19:29:23.202+0000] {dag.py:3504} INFO - Setting next_dagrun for example_params_ui_tutorial to None, run_after=None
[2023-07-23T19:29:23.245+0000] {processor.py:179} INFO - Processing /home/airflow/.local/lib/python3.9/site-packages/airflow/example_dags/example_params_ui_tutorial.py took 0.304 seconds
[2023-07-23T19:29:54.534+0000] {processor.py:157} INFO - Started process (PID=254) to work on /home/airflow/.local/lib/python3.9/site-packages/airflow/example_dags/example_params_ui_tutorial.py
[2023-07-23T19:29:54.543+0000] {processor.py:826} INFO - Processing file /home/airflow/.local/lib/python3.9/site-packages/airflow/example_dags/example_params_ui_tutorial.py for tasks to queue
[2023-07-23T19:29:54.555+0000] {logging_mixin.py:150} INFO - [2023-07-23T19:29:54.543+0000] {dagbag.py:541} INFO - Filling up the DagBag from /home/airflow/.local/lib/python3.9/site-packages/airflow/example_dags/example_params_ui_tutorial.py
[2023-07-23T19:29:54.621+0000] {processor.py:836} INFO - DAG(s) dict_keys(['example_params_ui_tutorial']) retrieved from /home/airflow/.local/lib/python3.9/site-packages/airflow/example_dags/example_params_ui_tutorial.py
[2023-07-23T19:29:54.736+0000] {logging_mixin.py:150} INFO - [2023-07-23T19:29:54.736+0000] {dag.py:2742} INFO - Sync 1 DAGs
[2023-07-23T19:29:54.796+0000] {logging_mixin.py:150} INFO - [2023-07-23T19:29:54.795+0000] {dag.py:3504} INFO - Setting next_dagrun for example_params_ui_tutorial to None, run_after=None
[2023-07-23T19:29:54.839+0000] {processor.py:179} INFO - Processing /home/airflow/.local/lib/python3.9/site-packages/airflow/example_dags/example_params_ui_tutorial.py took 0.309 seconds
[2023-07-23T19:30:25.489+0000] {processor.py:157} INFO - Started process (PID=316) to work on /home/airflow/.local/lib/python3.9/site-packages/airflow/example_dags/example_params_ui_tutorial.py
[2023-07-23T19:30:25.495+0000] {processor.py:826} INFO - Processing file /home/airflow/.local/lib/python3.9/site-packages/airflow/example_dags/example_params_ui_tutorial.py for tasks to queue
[2023-07-23T19:30:25.496+0000] {logging_mixin.py:150} INFO - [2023-07-23T19:30:25.496+0000] {dagbag.py:541} INFO - Filling up the DagBag from /home/airflow/.local/lib/python3.9/site-packages/airflow/example_dags/example_params_ui_tutorial.py
[2023-07-23T19:30:25.571+0000] {processor.py:836} INFO - DAG(s) dict_keys(['example_params_ui_tutorial']) retrieved from /home/airflow/.local/lib/python3.9/site-packages/airflow/example_dags/example_params_ui_tutorial.py
[2023-07-23T19:30:25.624+0000] {logging_mixin.py:150} INFO - [2023-07-23T19:30:25.624+0000] {dag.py:2742} INFO - Sync 1 DAGs
[2023-07-23T19:30:25.675+0000] {logging_mixin.py:150} INFO - [2023-07-23T19:30:25.674+0000] {dag.py:3504} INFO - Setting next_dagrun for example_params_ui_tutorial to None, run_after=None
[2023-07-23T19:30:25.706+0000] {processor.py:179} INFO - Processing /home/airflow/.local/lib/python3.9/site-packages/airflow/example_dags/example_params_ui_tutorial.py took 0.231 seconds
[2023-07-23T19:30:57.231+0000] {processor.py:157} INFO - Started process (PID=378) to work on /home/airflow/.local/lib/python3.9/site-packages/airflow/example_dags/example_params_ui_tutorial.py
[2023-07-23T19:30:57.243+0000] {processor.py:826} INFO - Processing file /home/airflow/.local/lib/python3.9/site-packages/airflow/example_dags/example_params_ui_tutorial.py for tasks to queue
[2023-07-23T19:30:57.244+0000] {logging_mixin.py:150} INFO - [2023-07-23T19:30:57.244+0000] {dagbag.py:541} INFO - Filling up the DagBag from /home/airflow/.local/lib/python3.9/site-packages/airflow/example_dags/example_params_ui_tutorial.py
[2023-07-23T19:30:57.304+0000] {processor.py:836} INFO - DAG(s) dict_keys(['example_params_ui_tutorial']) retrieved from /home/airflow/.local/lib/python3.9/site-packages/airflow/example_dags/example_params_ui_tutorial.py
[2023-07-23T19:30:57.404+0000] {logging_mixin.py:150} INFO - [2023-07-23T19:30:57.404+0000] {dag.py:2742} INFO - Sync 1 DAGs
[2023-07-23T19:30:57.449+0000] {logging_mixin.py:150} INFO - [2023-07-23T19:30:57.449+0000] {dag.py:3504} INFO - Setting next_dagrun for example_params_ui_tutorial to None, run_after=None
[2023-07-23T19:30:57.506+0000] {processor.py:179} INFO - Processing /home/airflow/.local/lib/python3.9/site-packages/airflow/example_dags/example_params_ui_tutorial.py took 0.279 seconds
[2023-07-23T19:31:28.655+0000] {processor.py:157} INFO - Started process (PID=440) to work on /home/airflow/.local/lib/python3.9/site-packages/airflow/example_dags/example_params_ui_tutorial.py
[2023-07-23T19:31:28.677+0000] {processor.py:826} INFO - Processing file /home/airflow/.local/lib/python3.9/site-packages/airflow/example_dags/example_params_ui_tutorial.py for tasks to queue
[2023-07-23T19:31:28.678+0000] {logging_mixin.py:150} INFO - [2023-07-23T19:31:28.678+0000] {dagbag.py:541} INFO - Filling up the DagBag from /home/airflow/.local/lib/python3.9/site-packages/airflow/example_dags/example_params_ui_tutorial.py
[2023-07-23T19:31:28.787+0000] {processor.py:836} INFO - DAG(s) dict_keys(['example_params_ui_tutorial']) retrieved from /home/airflow/.local/lib/python3.9/site-packages/airflow/example_dags/example_params_ui_tutorial.py
[2023-07-23T19:31:28.967+0000] {logging_mixin.py:150} INFO - [2023-07-23T19:31:28.967+0000] {dag.py:2742} INFO - Sync 1 DAGs
[2023-07-23T19:31:29.028+0000] {logging_mixin.py:150} INFO - [2023-07-23T19:31:29.027+0000] {dag.py:3504} INFO - Setting next_dagrun for example_params_ui_tutorial to None, run_after=None
[2023-07-23T19:31:29.071+0000] {processor.py:179} INFO - Processing /home/airflow/.local/lib/python3.9/site-packages/airflow/example_dags/example_params_ui_tutorial.py took 0.420 seconds
[2023-07-23T19:32:00.649+0000] {processor.py:157} INFO - Started process (PID=501) to work on /home/airflow/.local/lib/python3.9/site-packages/airflow/example_dags/example_params_ui_tutorial.py
[2023-07-23T19:32:00.652+0000] {processor.py:826} INFO - Processing file /home/airflow/.local/lib/python3.9/site-packages/airflow/example_dags/example_params_ui_tutorial.py for tasks to queue
[2023-07-23T19:32:00.652+0000] {logging_mixin.py:150} INFO - [2023-07-23T19:32:00.652+0000] {dagbag.py:541} INFO - Filling up the DagBag from /home/airflow/.local/lib/python3.9/site-packages/airflow/example_dags/example_params_ui_tutorial.py
[2023-07-23T19:32:00.761+0000] {processor.py:836} INFO - DAG(s) dict_keys(['example_params_ui_tutorial']) retrieved from /home/airflow/.local/lib/python3.9/site-packages/airflow/example_dags/example_params_ui_tutorial.py
[2023-07-23T19:32:00.904+0000] {logging_mixin.py:150} INFO - [2023-07-23T19:32:00.904+0000] {dag.py:2742} INFO - Sync 1 DAGs
[2023-07-23T19:32:00.967+0000] {logging_mixin.py:150} INFO - [2023-07-23T19:32:00.967+0000] {dag.py:3504} INFO - Setting next_dagrun for example_params_ui_tutorial to None, run_after=None
[2023-07-23T19:32:01.008+0000] {processor.py:179} INFO - Processing /home/airflow/.local/lib/python3.9/site-packages/airflow/example_dags/example_params_ui_tutorial.py took 0.364 seconds
[2023-07-23T19:32:32.190+0000] {processor.py:157} INFO - Started process (PID=563) to work on /home/airflow/.local/lib/python3.9/site-packages/airflow/example_dags/example_params_ui_tutorial.py
[2023-07-23T19:32:32.192+0000] {processor.py:826} INFO - Processing file /home/airflow/.local/lib/python3.9/site-packages/airflow/example_dags/example_params_ui_tutorial.py for tasks to queue
[2023-07-23T19:32:32.192+0000] {logging_mixin.py:150} INFO - [2023-07-23T19:32:32.192+0000] {dagbag.py:541} INFO - Filling up the DagBag from /home/airflow/.local/lib/python3.9/site-packages/airflow/example_dags/example_params_ui_tutorial.py
[2023-07-23T19:32:32.227+0000] {processor.py:836} INFO - DAG(s) dict_keys(['example_params_ui_tutorial']) retrieved from /home/airflow/.local/lib/python3.9/site-packages/airflow/example_dags/example_params_ui_tutorial.py
[2023-07-23T19:32:32.278+0000] {logging_mixin.py:150} INFO - [2023-07-23T19:32:32.278+0000] {dag.py:2742} INFO - Sync 1 DAGs
[2023-07-23T19:32:32.304+0000] {logging_mixin.py:150} INFO - [2023-07-23T19:32:32.304+0000] {dag.py:3504} INFO - Setting next_dagrun for example_params_ui_tutorial to None, run_after=None
[2023-07-23T19:32:32.324+0000] {processor.py:179} INFO - Processing /home/airflow/.local/lib/python3.9/site-packages/airflow/example_dags/example_params_ui_tutorial.py took 0.138 seconds
[2023-07-23T19:33:03.356+0000] {processor.py:157} INFO - Started process (PID=626) to work on /home/airflow/.local/lib/python3.9/site-packages/airflow/example_dags/example_params_ui_tutorial.py
[2023-07-23T19:33:03.357+0000] {processor.py:826} INFO - Processing file /home/airflow/.local/lib/python3.9/site-packages/airflow/example_dags/example_params_ui_tutorial.py for tasks to queue
[2023-07-23T19:33:03.358+0000] {logging_mixin.py:150} INFO - [2023-07-23T19:33:03.358+0000] {dagbag.py:541} INFO - Filling up the DagBag from /home/airflow/.local/lib/python3.9/site-packages/airflow/example_dags/example_params_ui_tutorial.py
[2023-07-23T19:33:03.440+0000] {processor.py:836} INFO - DAG(s) dict_keys(['example_params_ui_tutorial']) retrieved from /home/airflow/.local/lib/python3.9/site-packages/airflow/example_dags/example_params_ui_tutorial.py
[2023-07-23T19:33:03.546+0000] {logging_mixin.py:150} INFO - [2023-07-23T19:33:03.545+0000] {dag.py:2742} INFO - Sync 1 DAGs
[2023-07-23T19:33:03.605+0000] {logging_mixin.py:150} INFO - [2023-07-23T19:33:03.605+0000] {dag.py:3504} INFO - Setting next_dagrun for example_params_ui_tutorial to None, run_after=None
[2023-07-23T19:33:03.636+0000] {processor.py:179} INFO - Processing /home/airflow/.local/lib/python3.9/site-packages/airflow/example_dags/example_params_ui_tutorial.py took 0.294 seconds
[2023-07-23T19:41:35.423+0000] {processor.py:157} INFO - Started process (PID=71) to work on /home/airflow/.local/lib/python3.9/site-packages/airflow/example_dags/example_params_ui_tutorial.py
[2023-07-23T19:41:35.444+0000] {processor.py:826} INFO - Processing file /home/airflow/.local/lib/python3.9/site-packages/airflow/example_dags/example_params_ui_tutorial.py for tasks to queue
[2023-07-23T19:41:35.446+0000] {logging_mixin.py:150} INFO - [2023-07-23T19:41:35.446+0000] {dagbag.py:541} INFO - Filling up the DagBag from /home/airflow/.local/lib/python3.9/site-packages/airflow/example_dags/example_params_ui_tutorial.py
[2023-07-23T19:41:35.607+0000] {processor.py:836} INFO - DAG(s) dict_keys(['example_params_ui_tutorial']) retrieved from /home/airflow/.local/lib/python3.9/site-packages/airflow/example_dags/example_params_ui_tutorial.py
[2023-07-23T19:41:36.402+0000] {logging_mixin.py:150} INFO - [2023-07-23T19:41:36.401+0000] {dag.py:2742} INFO - Sync 1 DAGs
[2023-07-23T19:41:36.446+0000] {logging_mixin.py:150} INFO - [2023-07-23T19:41:36.445+0000] {dag.py:3504} INFO - Setting next_dagrun for example_params_ui_tutorial to None, run_after=None
[2023-07-23T19:41:36.489+0000] {processor.py:179} INFO - Processing /home/airflow/.local/lib/python3.9/site-packages/airflow/example_dags/example_params_ui_tutorial.py took 1.070 seconds
[2023-07-23T19:42:06.895+0000] {processor.py:157} INFO - Started process (PID=132) to work on /home/airflow/.local/lib/python3.9/site-packages/airflow/example_dags/example_params_ui_tutorial.py
[2023-07-23T19:42:06.925+0000] {processor.py:826} INFO - Processing file /home/airflow/.local/lib/python3.9/site-packages/airflow/example_dags/example_params_ui_tutorial.py for tasks to queue
[2023-07-23T19:42:06.926+0000] {logging_mixin.py:150} INFO - [2023-07-23T19:42:06.926+0000] {dagbag.py:541} INFO - Filling up the DagBag from /home/airflow/.local/lib/python3.9/site-packages/airflow/example_dags/example_params_ui_tutorial.py
[2023-07-23T19:42:07.076+0000] {processor.py:836} INFO - DAG(s) dict_keys(['example_params_ui_tutorial']) retrieved from /home/airflow/.local/lib/python3.9/site-packages/airflow/example_dags/example_params_ui_tutorial.py
[2023-07-23T19:42:07.182+0000] {logging_mixin.py:150} INFO - [2023-07-23T19:42:07.182+0000] {dag.py:2742} INFO - Sync 1 DAGs
[2023-07-23T19:42:07.224+0000] {logging_mixin.py:150} INFO - [2023-07-23T19:42:07.224+0000] {dag.py:3504} INFO - Setting next_dagrun for example_params_ui_tutorial to None, run_after=None
[2023-07-23T19:42:07.263+0000] {processor.py:179} INFO - Processing /home/airflow/.local/lib/python3.9/site-packages/airflow/example_dags/example_params_ui_tutorial.py took 0.372 seconds
[2023-07-23T19:42:38.063+0000] {processor.py:157} INFO - Started process (PID=193) to work on /home/airflow/.local/lib/python3.9/site-packages/airflow/example_dags/example_params_ui_tutorial.py
[2023-07-23T19:42:38.075+0000] {processor.py:826} INFO - Processing file /home/airflow/.local/lib/python3.9/site-packages/airflow/example_dags/example_params_ui_tutorial.py for tasks to queue
[2023-07-23T19:42:38.076+0000] {logging_mixin.py:150} INFO - [2023-07-23T19:42:38.076+0000] {dagbag.py:541} INFO - Filling up the DagBag from /home/airflow/.local/lib/python3.9/site-packages/airflow/example_dags/example_params_ui_tutorial.py
[2023-07-23T19:42:38.138+0000] {processor.py:836} INFO - DAG(s) dict_keys(['example_params_ui_tutorial']) retrieved from /home/airflow/.local/lib/python3.9/site-packages/airflow/example_dags/example_params_ui_tutorial.py
[2023-07-23T19:42:38.203+0000] {logging_mixin.py:150} INFO - [2023-07-23T19:42:38.202+0000] {dag.py:2742} INFO - Sync 1 DAGs
[2023-07-23T19:42:38.236+0000] {logging_mixin.py:150} INFO - [2023-07-23T19:42:38.235+0000] {dag.py:3504} INFO - Setting next_dagrun for example_params_ui_tutorial to None, run_after=None
[2023-07-23T19:42:38.269+0000] {processor.py:179} INFO - Processing /home/airflow/.local/lib/python3.9/site-packages/airflow/example_dags/example_params_ui_tutorial.py took 0.209 seconds
[2023-07-23T19:43:09.633+0000] {processor.py:157} INFO - Started process (PID=254) to work on /home/airflow/.local/lib/python3.9/site-packages/airflow/example_dags/example_params_ui_tutorial.py
[2023-07-23T19:43:09.655+0000] {processor.py:826} INFO - Processing file /home/airflow/.local/lib/python3.9/site-packages/airflow/example_dags/example_params_ui_tutorial.py for tasks to queue
[2023-07-23T19:43:09.657+0000] {logging_mixin.py:150} INFO - [2023-07-23T19:43:09.656+0000] {dagbag.py:541} INFO - Filling up the DagBag from /home/airflow/.local/lib/python3.9/site-packages/airflow/example_dags/example_params_ui_tutorial.py
[2023-07-23T19:43:09.754+0000] {processor.py:836} INFO - DAG(s) dict_keys(['example_params_ui_tutorial']) retrieved from /home/airflow/.local/lib/python3.9/site-packages/airflow/example_dags/example_params_ui_tutorial.py
[2023-07-23T19:43:09.959+0000] {logging_mixin.py:150} INFO - [2023-07-23T19:43:09.959+0000] {dag.py:2742} INFO - Sync 1 DAGs
[2023-07-23T19:43:10.040+0000] {logging_mixin.py:150} INFO - [2023-07-23T19:43:10.040+0000] {dag.py:3504} INFO - Setting next_dagrun for example_params_ui_tutorial to None, run_after=None
[2023-07-23T19:43:10.098+0000] {processor.py:179} INFO - Processing /home/airflow/.local/lib/python3.9/site-packages/airflow/example_dags/example_params_ui_tutorial.py took 0.469 seconds
[2023-07-23T19:43:42.190+0000] {processor.py:157} INFO - Started process (PID=316) to work on /home/airflow/.local/lib/python3.9/site-packages/airflow/example_dags/example_params_ui_tutorial.py
[2023-07-23T19:43:42.205+0000] {processor.py:826} INFO - Processing file /home/airflow/.local/lib/python3.9/site-packages/airflow/example_dags/example_params_ui_tutorial.py for tasks to queue
[2023-07-23T19:43:42.206+0000] {logging_mixin.py:150} INFO - [2023-07-23T19:43:42.206+0000] {dagbag.py:541} INFO - Filling up the DagBag from /home/airflow/.local/lib/python3.9/site-packages/airflow/example_dags/example_params_ui_tutorial.py
[2023-07-23T19:43:42.293+0000] {processor.py:836} INFO - DAG(s) dict_keys(['example_params_ui_tutorial']) retrieved from /home/airflow/.local/lib/python3.9/site-packages/airflow/example_dags/example_params_ui_tutorial.py
[2023-07-23T19:43:42.451+0000] {logging_mixin.py:150} INFO - [2023-07-23T19:43:42.450+0000] {dag.py:2742} INFO - Sync 1 DAGs
[2023-07-23T19:43:42.540+0000] {logging_mixin.py:150} INFO - [2023-07-23T19:43:42.539+0000] {dag.py:3504} INFO - Setting next_dagrun for example_params_ui_tutorial to None, run_after=None
[2023-07-23T19:43:42.613+0000] {processor.py:179} INFO - Processing /home/airflow/.local/lib/python3.9/site-packages/airflow/example_dags/example_params_ui_tutorial.py took 0.433 seconds
[2023-07-23T19:44:13.117+0000] {processor.py:157} INFO - Started process (PID=376) to work on /home/airflow/.local/lib/python3.9/site-packages/airflow/example_dags/example_params_ui_tutorial.py
[2023-07-23T19:44:13.135+0000] {processor.py:826} INFO - Processing file /home/airflow/.local/lib/python3.9/site-packages/airflow/example_dags/example_params_ui_tutorial.py for tasks to queue
[2023-07-23T19:44:13.136+0000] {logging_mixin.py:150} INFO - [2023-07-23T19:44:13.136+0000] {dagbag.py:541} INFO - Filling up the DagBag from /home/airflow/.local/lib/python3.9/site-packages/airflow/example_dags/example_params_ui_tutorial.py
[2023-07-23T19:44:13.296+0000] {processor.py:836} INFO - DAG(s) dict_keys(['example_params_ui_tutorial']) retrieved from /home/airflow/.local/lib/python3.9/site-packages/airflow/example_dags/example_params_ui_tutorial.py
[2023-07-23T19:44:13.627+0000] {logging_mixin.py:150} INFO - [2023-07-23T19:44:13.627+0000] {dag.py:2742} INFO - Sync 1 DAGs
[2023-07-23T19:44:13.806+0000] {logging_mixin.py:150} INFO - [2023-07-23T19:44:13.806+0000] {dag.py:3504} INFO - Setting next_dagrun for example_params_ui_tutorial to None, run_after=None
[2023-07-23T19:44:13.942+0000] {processor.py:179} INFO - Processing /home/airflow/.local/lib/python3.9/site-packages/airflow/example_dags/example_params_ui_tutorial.py took 0.840 seconds
[2023-07-23T19:44:44.344+0000] {processor.py:157} INFO - Started process (PID=430) to work on /home/airflow/.local/lib/python3.9/site-packages/airflow/example_dags/example_params_ui_tutorial.py
[2023-07-23T19:44:44.355+0000] {processor.py:826} INFO - Processing file /home/airflow/.local/lib/python3.9/site-packages/airflow/example_dags/example_params_ui_tutorial.py for tasks to queue
[2023-07-23T19:44:44.356+0000] {logging_mixin.py:150} INFO - [2023-07-23T19:44:44.356+0000] {dagbag.py:541} INFO - Filling up the DagBag from /home/airflow/.local/lib/python3.9/site-packages/airflow/example_dags/example_params_ui_tutorial.py
[2023-07-23T19:44:44.434+0000] {processor.py:836} INFO - DAG(s) dict_keys(['example_params_ui_tutorial']) retrieved from /home/airflow/.local/lib/python3.9/site-packages/airflow/example_dags/example_params_ui_tutorial.py
[2023-07-23T19:44:44.487+0000] {logging_mixin.py:150} INFO - [2023-07-23T19:44:44.486+0000] {dag.py:2742} INFO - Sync 1 DAGs
[2023-07-23T19:44:44.515+0000] {logging_mixin.py:150} INFO - [2023-07-23T19:44:44.514+0000] {dag.py:3504} INFO - Setting next_dagrun for example_params_ui_tutorial to None, run_after=None
[2023-07-23T19:44:44.540+0000] {processor.py:179} INFO - Processing /home/airflow/.local/lib/python3.9/site-packages/airflow/example_dags/example_params_ui_tutorial.py took 0.201 seconds
[2023-07-23T19:45:15.132+0000] {processor.py:157} INFO - Started process (PID=491) to work on /home/airflow/.local/lib/python3.9/site-packages/airflow/example_dags/example_params_ui_tutorial.py
[2023-07-23T19:45:15.145+0000] {processor.py:826} INFO - Processing file /home/airflow/.local/lib/python3.9/site-packages/airflow/example_dags/example_params_ui_tutorial.py for tasks to queue
[2023-07-23T19:45:15.146+0000] {logging_mixin.py:150} INFO - [2023-07-23T19:45:15.146+0000] {dagbag.py:541} INFO - Filling up the DagBag from /home/airflow/.local/lib/python3.9/site-packages/airflow/example_dags/example_params_ui_tutorial.py
[2023-07-23T19:45:15.222+0000] {processor.py:836} INFO - DAG(s) dict_keys(['example_params_ui_tutorial']) retrieved from /home/airflow/.local/lib/python3.9/site-packages/airflow/example_dags/example_params_ui_tutorial.py
[2023-07-23T19:45:15.438+0000] {logging_mixin.py:150} INFO - [2023-07-23T19:45:15.437+0000] {dag.py:2742} INFO - Sync 1 DAGs
[2023-07-23T19:45:15.556+0000] {logging_mixin.py:150} INFO - [2023-07-23T19:45:15.556+0000] {dag.py:3504} INFO - Setting next_dagrun for example_params_ui_tutorial to None, run_after=None
[2023-07-23T19:45:15.636+0000] {processor.py:179} INFO - Processing /home/airflow/.local/lib/python3.9/site-packages/airflow/example_dags/example_params_ui_tutorial.py took 0.508 seconds
[2023-07-23T19:45:45.787+0000] {processor.py:157} INFO - Started process (PID=552) to work on /home/airflow/.local/lib/python3.9/site-packages/airflow/example_dags/example_params_ui_tutorial.py
[2023-07-23T19:45:45.789+0000] {processor.py:826} INFO - Processing file /home/airflow/.local/lib/python3.9/site-packages/airflow/example_dags/example_params_ui_tutorial.py for tasks to queue
[2023-07-23T19:45:45.790+0000] {logging_mixin.py:150} INFO - [2023-07-23T19:45:45.789+0000] {dagbag.py:541} INFO - Filling up the DagBag from /home/airflow/.local/lib/python3.9/site-packages/airflow/example_dags/example_params_ui_tutorial.py
[2023-07-23T19:45:45.887+0000] {processor.py:836} INFO - DAG(s) dict_keys(['example_params_ui_tutorial']) retrieved from /home/airflow/.local/lib/python3.9/site-packages/airflow/example_dags/example_params_ui_tutorial.py
[2023-07-23T19:45:46.116+0000] {logging_mixin.py:150} INFO - [2023-07-23T19:45:46.116+0000] {dag.py:2742} INFO - Sync 1 DAGs
[2023-07-23T19:45:46.185+0000] {logging_mixin.py:150} INFO - [2023-07-23T19:45:46.185+0000] {dag.py:3504} INFO - Setting next_dagrun for example_params_ui_tutorial to None, run_after=None
[2023-07-23T19:45:46.259+0000] {processor.py:179} INFO - Processing /home/airflow/.local/lib/python3.9/site-packages/airflow/example_dags/example_params_ui_tutorial.py took 0.507 seconds
[2023-07-23T19:46:16.464+0000] {processor.py:157} INFO - Started process (PID=614) to work on /home/airflow/.local/lib/python3.9/site-packages/airflow/example_dags/example_params_ui_tutorial.py
[2023-07-23T19:46:16.467+0000] {processor.py:826} INFO - Processing file /home/airflow/.local/lib/python3.9/site-packages/airflow/example_dags/example_params_ui_tutorial.py for tasks to queue
[2023-07-23T19:46:16.467+0000] {logging_mixin.py:150} INFO - [2023-07-23T19:46:16.467+0000] {dagbag.py:541} INFO - Filling up the DagBag from /home/airflow/.local/lib/python3.9/site-packages/airflow/example_dags/example_params_ui_tutorial.py
[2023-07-23T19:46:16.535+0000] {processor.py:836} INFO - DAG(s) dict_keys(['example_params_ui_tutorial']) retrieved from /home/airflow/.local/lib/python3.9/site-packages/airflow/example_dags/example_params_ui_tutorial.py
[2023-07-23T19:46:16.646+0000] {logging_mixin.py:150} INFO - [2023-07-23T19:46:16.645+0000] {dag.py:2742} INFO - Sync 1 DAGs
[2023-07-23T19:46:16.688+0000] {logging_mixin.py:150} INFO - [2023-07-23T19:46:16.688+0000] {dag.py:3504} INFO - Setting next_dagrun for example_params_ui_tutorial to None, run_after=None
[2023-07-23T19:46:16.729+0000] {processor.py:179} INFO - Processing /home/airflow/.local/lib/python3.9/site-packages/airflow/example_dags/example_params_ui_tutorial.py took 0.269 seconds
[2023-07-23T19:46:47.422+0000] {processor.py:157} INFO - Started process (PID=675) to work on /home/airflow/.local/lib/python3.9/site-packages/airflow/example_dags/example_params_ui_tutorial.py
[2023-07-23T19:46:47.424+0000] {processor.py:826} INFO - Processing file /home/airflow/.local/lib/python3.9/site-packages/airflow/example_dags/example_params_ui_tutorial.py for tasks to queue
[2023-07-23T19:46:47.425+0000] {logging_mixin.py:150} INFO - [2023-07-23T19:46:47.424+0000] {dagbag.py:541} INFO - Filling up the DagBag from /home/airflow/.local/lib/python3.9/site-packages/airflow/example_dags/example_params_ui_tutorial.py
[2023-07-23T19:46:47.459+0000] {processor.py:836} INFO - DAG(s) dict_keys(['example_params_ui_tutorial']) retrieved from /home/airflow/.local/lib/python3.9/site-packages/airflow/example_dags/example_params_ui_tutorial.py
[2023-07-23T19:46:47.514+0000] {logging_mixin.py:150} INFO - [2023-07-23T19:46:47.513+0000] {dag.py:2742} INFO - Sync 1 DAGs
[2023-07-23T19:46:47.539+0000] {logging_mixin.py:150} INFO - [2023-07-23T19:46:47.539+0000] {dag.py:3504} INFO - Setting next_dagrun for example_params_ui_tutorial to None, run_after=None
[2023-07-23T19:46:47.558+0000] {processor.py:179} INFO - Processing /home/airflow/.local/lib/python3.9/site-packages/airflow/example_dags/example_params_ui_tutorial.py took 0.140 seconds
[2023-07-23T19:47:18.289+0000] {processor.py:157} INFO - Started process (PID=737) to work on /home/airflow/.local/lib/python3.9/site-packages/airflow/example_dags/example_params_ui_tutorial.py
[2023-07-23T19:47:18.291+0000] {processor.py:826} INFO - Processing file /home/airflow/.local/lib/python3.9/site-packages/airflow/example_dags/example_params_ui_tutorial.py for tasks to queue
[2023-07-23T19:47:18.292+0000] {logging_mixin.py:150} INFO - [2023-07-23T19:47:18.291+0000] {dagbag.py:541} INFO - Filling up the DagBag from /home/airflow/.local/lib/python3.9/site-packages/airflow/example_dags/example_params_ui_tutorial.py
[2023-07-23T19:47:18.331+0000] {processor.py:836} INFO - DAG(s) dict_keys(['example_params_ui_tutorial']) retrieved from /home/airflow/.local/lib/python3.9/site-packages/airflow/example_dags/example_params_ui_tutorial.py
[2023-07-23T19:47:18.399+0000] {logging_mixin.py:150} INFO - [2023-07-23T19:47:18.399+0000] {dag.py:2742} INFO - Sync 1 DAGs
[2023-07-23T19:47:18.425+0000] {logging_mixin.py:150} INFO - [2023-07-23T19:47:18.425+0000] {dag.py:3504} INFO - Setting next_dagrun for example_params_ui_tutorial to None, run_after=None
[2023-07-23T19:47:18.445+0000] {processor.py:179} INFO - Processing /home/airflow/.local/lib/python3.9/site-packages/airflow/example_dags/example_params_ui_tutorial.py took 0.160 seconds
[2023-07-23T19:47:49.021+0000] {processor.py:157} INFO - Started process (PID=799) to work on /home/airflow/.local/lib/python3.9/site-packages/airflow/example_dags/example_params_ui_tutorial.py
[2023-07-23T19:47:49.055+0000] {processor.py:826} INFO - Processing file /home/airflow/.local/lib/python3.9/site-packages/airflow/example_dags/example_params_ui_tutorial.py for tasks to queue
[2023-07-23T19:47:49.057+0000] {logging_mixin.py:150} INFO - [2023-07-23T19:47:49.057+0000] {dagbag.py:541} INFO - Filling up the DagBag from /home/airflow/.local/lib/python3.9/site-packages/airflow/example_dags/example_params_ui_tutorial.py
[2023-07-23T19:47:49.149+0000] {processor.py:836} INFO - DAG(s) dict_keys(['example_params_ui_tutorial']) retrieved from /home/airflow/.local/lib/python3.9/site-packages/airflow/example_dags/example_params_ui_tutorial.py
[2023-07-23T19:47:49.260+0000] {logging_mixin.py:150} INFO - [2023-07-23T19:47:49.260+0000] {dag.py:2742} INFO - Sync 1 DAGs
[2023-07-23T19:47:49.288+0000] {logging_mixin.py:150} INFO - [2023-07-23T19:47:49.287+0000] {dag.py:3504} INFO - Setting next_dagrun for example_params_ui_tutorial to None, run_after=None
[2023-07-23T19:47:49.337+0000] {processor.py:179} INFO - Processing /home/airflow/.local/lib/python3.9/site-packages/airflow/example_dags/example_params_ui_tutorial.py took 0.321 seconds
[2023-07-23T19:48:19.693+0000] {processor.py:157} INFO - Started process (PID=861) to work on /home/airflow/.local/lib/python3.9/site-packages/airflow/example_dags/example_params_ui_tutorial.py
[2023-07-23T19:48:19.715+0000] {processor.py:826} INFO - Processing file /home/airflow/.local/lib/python3.9/site-packages/airflow/example_dags/example_params_ui_tutorial.py for tasks to queue
[2023-07-23T19:48:19.716+0000] {logging_mixin.py:150} INFO - [2023-07-23T19:48:19.716+0000] {dagbag.py:541} INFO - Filling up the DagBag from /home/airflow/.local/lib/python3.9/site-packages/airflow/example_dags/example_params_ui_tutorial.py
[2023-07-23T19:48:19.823+0000] {processor.py:836} INFO - DAG(s) dict_keys(['example_params_ui_tutorial']) retrieved from /home/airflow/.local/lib/python3.9/site-packages/airflow/example_dags/example_params_ui_tutorial.py
[2023-07-23T19:48:19.986+0000] {logging_mixin.py:150} INFO - [2023-07-23T19:48:19.986+0000] {dag.py:2742} INFO - Sync 1 DAGs
[2023-07-23T19:48:20.066+0000] {logging_mixin.py:150} INFO - [2023-07-23T19:48:20.066+0000] {dag.py:3504} INFO - Setting next_dagrun for example_params_ui_tutorial to None, run_after=None
[2023-07-23T19:48:20.112+0000] {processor.py:179} INFO - Processing /home/airflow/.local/lib/python3.9/site-packages/airflow/example_dags/example_params_ui_tutorial.py took 0.423 seconds
[2023-07-23T19:48:51.010+0000] {processor.py:157} INFO - Started process (PID=916) to work on /home/airflow/.local/lib/python3.9/site-packages/airflow/example_dags/example_params_ui_tutorial.py
[2023-07-23T19:48:51.025+0000] {processor.py:826} INFO - Processing file /home/airflow/.local/lib/python3.9/site-packages/airflow/example_dags/example_params_ui_tutorial.py for tasks to queue
[2023-07-23T19:48:51.026+0000] {logging_mixin.py:150} INFO - [2023-07-23T19:48:51.026+0000] {dagbag.py:541} INFO - Filling up the DagBag from /home/airflow/.local/lib/python3.9/site-packages/airflow/example_dags/example_params_ui_tutorial.py
[2023-07-23T19:48:51.085+0000] {processor.py:836} INFO - DAG(s) dict_keys(['example_params_ui_tutorial']) retrieved from /home/airflow/.local/lib/python3.9/site-packages/airflow/example_dags/example_params_ui_tutorial.py
[2023-07-23T19:48:51.186+0000] {logging_mixin.py:150} INFO - [2023-07-23T19:48:51.185+0000] {dag.py:2742} INFO - Sync 1 DAGs
[2023-07-23T19:48:51.224+0000] {logging_mixin.py:150} INFO - [2023-07-23T19:48:51.224+0000] {dag.py:3504} INFO - Setting next_dagrun for example_params_ui_tutorial to None, run_after=None
[2023-07-23T19:48:51.259+0000] {processor.py:179} INFO - Processing /home/airflow/.local/lib/python3.9/site-packages/airflow/example_dags/example_params_ui_tutorial.py took 0.256 seconds
[2023-07-23T19:49:21.764+0000] {processor.py:157} INFO - Started process (PID=977) to work on /home/airflow/.local/lib/python3.9/site-packages/airflow/example_dags/example_params_ui_tutorial.py
[2023-07-23T19:49:21.775+0000] {processor.py:826} INFO - Processing file /home/airflow/.local/lib/python3.9/site-packages/airflow/example_dags/example_params_ui_tutorial.py for tasks to queue
[2023-07-23T19:49:21.776+0000] {logging_mixin.py:150} INFO - [2023-07-23T19:49:21.776+0000] {dagbag.py:541} INFO - Filling up the DagBag from /home/airflow/.local/lib/python3.9/site-packages/airflow/example_dags/example_params_ui_tutorial.py
[2023-07-23T19:49:21.857+0000] {processor.py:836} INFO - DAG(s) dict_keys(['example_params_ui_tutorial']) retrieved from /home/airflow/.local/lib/python3.9/site-packages/airflow/example_dags/example_params_ui_tutorial.py
[2023-07-23T19:49:21.977+0000] {logging_mixin.py:150} INFO - [2023-07-23T19:49:21.977+0000] {dag.py:2742} INFO - Sync 1 DAGs
[2023-07-23T19:49:22.026+0000] {logging_mixin.py:150} INFO - [2023-07-23T19:49:22.026+0000] {dag.py:3504} INFO - Setting next_dagrun for example_params_ui_tutorial to None, run_after=None
[2023-07-23T19:49:22.068+0000] {processor.py:179} INFO - Processing /home/airflow/.local/lib/python3.9/site-packages/airflow/example_dags/example_params_ui_tutorial.py took 0.309 seconds
[2023-07-23T19:49:52.629+0000] {processor.py:157} INFO - Started process (PID=1039) to work on /home/airflow/.local/lib/python3.9/site-packages/airflow/example_dags/example_params_ui_tutorial.py
[2023-07-23T19:49:52.630+0000] {processor.py:826} INFO - Processing file /home/airflow/.local/lib/python3.9/site-packages/airflow/example_dags/example_params_ui_tutorial.py for tasks to queue
[2023-07-23T19:49:52.631+0000] {logging_mixin.py:150} INFO - [2023-07-23T19:49:52.630+0000] {dagbag.py:541} INFO - Filling up the DagBag from /home/airflow/.local/lib/python3.9/site-packages/airflow/example_dags/example_params_ui_tutorial.py
[2023-07-23T19:49:52.788+0000] {processor.py:836} INFO - DAG(s) dict_keys(['example_params_ui_tutorial']) retrieved from /home/airflow/.local/lib/python3.9/site-packages/airflow/example_dags/example_params_ui_tutorial.py
[2023-07-23T19:49:53.046+0000] {logging_mixin.py:150} INFO - [2023-07-23T19:49:53.046+0000] {dag.py:2742} INFO - Sync 1 DAGs
[2023-07-23T19:49:53.156+0000] {logging_mixin.py:150} INFO - [2023-07-23T19:49:53.156+0000] {dag.py:3504} INFO - Setting next_dagrun for example_params_ui_tutorial to None, run_after=None
[2023-07-23T19:49:53.226+0000] {processor.py:179} INFO - Processing /home/airflow/.local/lib/python3.9/site-packages/airflow/example_dags/example_params_ui_tutorial.py took 0.619 seconds
[2023-07-23T19:50:23.851+0000] {processor.py:157} INFO - Started process (PID=1100) to work on /home/airflow/.local/lib/python3.9/site-packages/airflow/example_dags/example_params_ui_tutorial.py
[2023-07-23T19:50:23.875+0000] {processor.py:826} INFO - Processing file /home/airflow/.local/lib/python3.9/site-packages/airflow/example_dags/example_params_ui_tutorial.py for tasks to queue
[2023-07-23T19:50:23.876+0000] {logging_mixin.py:150} INFO - [2023-07-23T19:50:23.876+0000] {dagbag.py:541} INFO - Filling up the DagBag from /home/airflow/.local/lib/python3.9/site-packages/airflow/example_dags/example_params_ui_tutorial.py
[2023-07-23T19:50:24.014+0000] {processor.py:836} INFO - DAG(s) dict_keys(['example_params_ui_tutorial']) retrieved from /home/airflow/.local/lib/python3.9/site-packages/airflow/example_dags/example_params_ui_tutorial.py
[2023-07-23T19:50:24.228+0000] {logging_mixin.py:150} INFO - [2023-07-23T19:50:24.227+0000] {dag.py:2742} INFO - Sync 1 DAGs
[2023-07-23T19:50:24.340+0000] {logging_mixin.py:150} INFO - [2023-07-23T19:50:24.340+0000] {dag.py:3504} INFO - Setting next_dagrun for example_params_ui_tutorial to None, run_after=None
[2023-07-23T19:50:24.475+0000] {processor.py:179} INFO - Processing /home/airflow/.local/lib/python3.9/site-packages/airflow/example_dags/example_params_ui_tutorial.py took 0.628 seconds
[2023-07-23T19:50:56.398+0000] {processor.py:157} INFO - Started process (PID=1154) to work on /home/airflow/.local/lib/python3.9/site-packages/airflow/example_dags/example_params_ui_tutorial.py
[2023-07-23T19:50:56.404+0000] {processor.py:826} INFO - Processing file /home/airflow/.local/lib/python3.9/site-packages/airflow/example_dags/example_params_ui_tutorial.py for tasks to queue
[2023-07-23T19:50:56.405+0000] {logging_mixin.py:150} INFO - [2023-07-23T19:50:56.405+0000] {dagbag.py:541} INFO - Filling up the DagBag from /home/airflow/.local/lib/python3.9/site-packages/airflow/example_dags/example_params_ui_tutorial.py
[2023-07-23T19:50:56.554+0000] {processor.py:836} INFO - DAG(s) dict_keys(['example_params_ui_tutorial']) retrieved from /home/airflow/.local/lib/python3.9/site-packages/airflow/example_dags/example_params_ui_tutorial.py
[2023-07-23T19:50:56.836+0000] {logging_mixin.py:150} INFO - [2023-07-23T19:50:56.836+0000] {dag.py:2742} INFO - Sync 1 DAGs
[2023-07-23T19:50:56.936+0000] {logging_mixin.py:150} INFO - [2023-07-23T19:50:56.936+0000] {dag.py:3504} INFO - Setting next_dagrun for example_params_ui_tutorial to None, run_after=None
[2023-07-23T19:50:57.057+0000] {processor.py:179} INFO - Processing /home/airflow/.local/lib/python3.9/site-packages/airflow/example_dags/example_params_ui_tutorial.py took 0.695 seconds
[2023-07-23T19:51:28.384+0000] {processor.py:157} INFO - Started process (PID=1213) to work on /home/airflow/.local/lib/python3.9/site-packages/airflow/example_dags/example_params_ui_tutorial.py
[2023-07-23T19:51:28.385+0000] {processor.py:826} INFO - Processing file /home/airflow/.local/lib/python3.9/site-packages/airflow/example_dags/example_params_ui_tutorial.py for tasks to queue
[2023-07-23T19:51:28.386+0000] {logging_mixin.py:150} INFO - [2023-07-23T19:51:28.386+0000] {dagbag.py:541} INFO - Filling up the DagBag from /home/airflow/.local/lib/python3.9/site-packages/airflow/example_dags/example_params_ui_tutorial.py
[2023-07-23T19:51:28.564+0000] {processor.py:836} INFO - DAG(s) dict_keys(['example_params_ui_tutorial']) retrieved from /home/airflow/.local/lib/python3.9/site-packages/airflow/example_dags/example_params_ui_tutorial.py
[2023-07-23T19:51:28.950+0000] {logging_mixin.py:150} INFO - [2023-07-23T19:51:28.950+0000] {dag.py:2742} INFO - Sync 1 DAGs
[2023-07-23T19:51:29.077+0000] {logging_mixin.py:150} INFO - [2023-07-23T19:51:29.077+0000] {dag.py:3504} INFO - Setting next_dagrun for example_params_ui_tutorial to None, run_after=None
[2023-07-23T19:51:29.145+0000] {processor.py:179} INFO - Processing /home/airflow/.local/lib/python3.9/site-packages/airflow/example_dags/example_params_ui_tutorial.py took 0.769 seconds
[2023-07-23T19:51:59.633+0000] {processor.py:157} INFO - Started process (PID=1276) to work on /home/airflow/.local/lib/python3.9/site-packages/airflow/example_dags/example_params_ui_tutorial.py
[2023-07-23T19:51:59.653+0000] {processor.py:826} INFO - Processing file /home/airflow/.local/lib/python3.9/site-packages/airflow/example_dags/example_params_ui_tutorial.py for tasks to queue
[2023-07-23T19:51:59.654+0000] {logging_mixin.py:150} INFO - [2023-07-23T19:51:59.654+0000] {dagbag.py:541} INFO - Filling up the DagBag from /home/airflow/.local/lib/python3.9/site-packages/airflow/example_dags/example_params_ui_tutorial.py
[2023-07-23T19:51:59.849+0000] {processor.py:836} INFO - DAG(s) dict_keys(['example_params_ui_tutorial']) retrieved from /home/airflow/.local/lib/python3.9/site-packages/airflow/example_dags/example_params_ui_tutorial.py
[2023-07-23T19:52:00.128+0000] {logging_mixin.py:150} INFO - [2023-07-23T19:52:00.128+0000] {dag.py:2742} INFO - Sync 1 DAGs
[2023-07-23T19:52:00.273+0000] {logging_mixin.py:150} INFO - [2023-07-23T19:52:00.273+0000] {dag.py:3504} INFO - Setting next_dagrun for example_params_ui_tutorial to None, run_after=None
[2023-07-23T19:52:00.546+0000] {processor.py:179} INFO - Processing /home/airflow/.local/lib/python3.9/site-packages/airflow/example_dags/example_params_ui_tutorial.py took 0.934 seconds
[2023-07-23T19:52:30.903+0000] {processor.py:157} INFO - Started process (PID=1332) to work on /home/airflow/.local/lib/python3.9/site-packages/airflow/example_dags/example_params_ui_tutorial.py
[2023-07-23T19:52:30.915+0000] {processor.py:826} INFO - Processing file /home/airflow/.local/lib/python3.9/site-packages/airflow/example_dags/example_params_ui_tutorial.py for tasks to queue
[2023-07-23T19:52:30.916+0000] {logging_mixin.py:150} INFO - [2023-07-23T19:52:30.916+0000] {dagbag.py:541} INFO - Filling up the DagBag from /home/airflow/.local/lib/python3.9/site-packages/airflow/example_dags/example_params_ui_tutorial.py
[2023-07-23T19:52:30.988+0000] {processor.py:836} INFO - DAG(s) dict_keys(['example_params_ui_tutorial']) retrieved from /home/airflow/.local/lib/python3.9/site-packages/airflow/example_dags/example_params_ui_tutorial.py
[2023-07-23T19:52:31.086+0000] {logging_mixin.py:150} INFO - [2023-07-23T19:52:31.085+0000] {dag.py:2742} INFO - Sync 1 DAGs
[2023-07-23T19:52:31.134+0000] {logging_mixin.py:150} INFO - [2023-07-23T19:52:31.133+0000] {dag.py:3504} INFO - Setting next_dagrun for example_params_ui_tutorial to None, run_after=None
[2023-07-23T19:52:31.169+0000] {processor.py:179} INFO - Processing /home/airflow/.local/lib/python3.9/site-packages/airflow/example_dags/example_params_ui_tutorial.py took 0.270 seconds
[2023-07-23T19:53:07.234+0000] {processor.py:157} INFO - Started process (PID=1391) to work on /home/airflow/.local/lib/python3.9/site-packages/airflow/example_dags/example_params_ui_tutorial.py
[2023-07-23T19:53:07.272+0000] {processor.py:826} INFO - Processing file /home/airflow/.local/lib/python3.9/site-packages/airflow/example_dags/example_params_ui_tutorial.py for tasks to queue
[2023-07-23T19:53:07.273+0000] {logging_mixin.py:150} INFO - [2023-07-23T19:53:07.273+0000] {dagbag.py:541} INFO - Filling up the DagBag from /home/airflow/.local/lib/python3.9/site-packages/airflow/example_dags/example_params_ui_tutorial.py
[2023-07-23T19:53:07.578+0000] {processor.py:836} INFO - DAG(s) dict_keys(['example_params_ui_tutorial']) retrieved from /home/airflow/.local/lib/python3.9/site-packages/airflow/example_dags/example_params_ui_tutorial.py
[2023-07-23T19:53:07.999+0000] {logging_mixin.py:150} INFO - [2023-07-23T19:53:07.999+0000] {dag.py:2742} INFO - Sync 1 DAGs
[2023-07-23T19:53:08.180+0000] {logging_mixin.py:150} INFO - [2023-07-23T19:53:08.180+0000] {dag.py:3504} INFO - Setting next_dagrun for example_params_ui_tutorial to None, run_after=None
[2023-07-23T19:53:08.396+0000] {processor.py:179} INFO - Processing /home/airflow/.local/lib/python3.9/site-packages/airflow/example_dags/example_params_ui_tutorial.py took 1.166 seconds
[2023-07-23T19:53:39.196+0000] {processor.py:157} INFO - Started process (PID=1453) to work on /home/airflow/.local/lib/python3.9/site-packages/airflow/example_dags/example_params_ui_tutorial.py
[2023-07-23T19:53:39.206+0000] {processor.py:826} INFO - Processing file /home/airflow/.local/lib/python3.9/site-packages/airflow/example_dags/example_params_ui_tutorial.py for tasks to queue
[2023-07-23T19:53:39.208+0000] {logging_mixin.py:150} INFO - [2023-07-23T19:53:39.207+0000] {dagbag.py:541} INFO - Filling up the DagBag from /home/airflow/.local/lib/python3.9/site-packages/airflow/example_dags/example_params_ui_tutorial.py
[2023-07-23T19:53:39.397+0000] {processor.py:836} INFO - DAG(s) dict_keys(['example_params_ui_tutorial']) retrieved from /home/airflow/.local/lib/python3.9/site-packages/airflow/example_dags/example_params_ui_tutorial.py
[2023-07-23T19:53:39.534+0000] {logging_mixin.py:150} INFO - [2023-07-23T19:53:39.534+0000] {dag.py:2742} INFO - Sync 1 DAGs
[2023-07-23T19:53:39.642+0000] {logging_mixin.py:150} INFO - [2023-07-23T19:53:39.642+0000] {dag.py:3504} INFO - Setting next_dagrun for example_params_ui_tutorial to None, run_after=None
[2023-07-23T19:53:39.729+0000] {processor.py:179} INFO - Processing /home/airflow/.local/lib/python3.9/site-packages/airflow/example_dags/example_params_ui_tutorial.py took 0.570 seconds
[2023-07-23T19:54:09.999+0000] {processor.py:157} INFO - Started process (PID=1514) to work on /home/airflow/.local/lib/python3.9/site-packages/airflow/example_dags/example_params_ui_tutorial.py
[2023-07-23T19:54:10.001+0000] {processor.py:826} INFO - Processing file /home/airflow/.local/lib/python3.9/site-packages/airflow/example_dags/example_params_ui_tutorial.py for tasks to queue
[2023-07-23T19:54:10.002+0000] {logging_mixin.py:150} INFO - [2023-07-23T19:54:10.002+0000] {dagbag.py:541} INFO - Filling up the DagBag from /home/airflow/.local/lib/python3.9/site-packages/airflow/example_dags/example_params_ui_tutorial.py
[2023-07-23T19:54:10.092+0000] {processor.py:836} INFO - DAG(s) dict_keys(['example_params_ui_tutorial']) retrieved from /home/airflow/.local/lib/python3.9/site-packages/airflow/example_dags/example_params_ui_tutorial.py
[2023-07-23T19:54:10.246+0000] {logging_mixin.py:150} INFO - [2023-07-23T19:54:10.245+0000] {dag.py:2742} INFO - Sync 1 DAGs
[2023-07-23T19:54:10.319+0000] {logging_mixin.py:150} INFO - [2023-07-23T19:54:10.319+0000] {dag.py:3504} INFO - Setting next_dagrun for example_params_ui_tutorial to None, run_after=None
[2023-07-23T19:54:10.376+0000] {processor.py:179} INFO - Processing /home/airflow/.local/lib/python3.9/site-packages/airflow/example_dags/example_params_ui_tutorial.py took 0.415 seconds
[2023-07-23T19:54:40.619+0000] {processor.py:157} INFO - Started process (PID=1575) to work on /home/airflow/.local/lib/python3.9/site-packages/airflow/example_dags/example_params_ui_tutorial.py
[2023-07-23T19:54:40.655+0000] {processor.py:826} INFO - Processing file /home/airflow/.local/lib/python3.9/site-packages/airflow/example_dags/example_params_ui_tutorial.py for tasks to queue
[2023-07-23T19:54:40.656+0000] {logging_mixin.py:150} INFO - [2023-07-23T19:54:40.656+0000] {dagbag.py:541} INFO - Filling up the DagBag from /home/airflow/.local/lib/python3.9/site-packages/airflow/example_dags/example_params_ui_tutorial.py
[2023-07-23T19:54:40.872+0000] {processor.py:836} INFO - DAG(s) dict_keys(['example_params_ui_tutorial']) retrieved from /home/airflow/.local/lib/python3.9/site-packages/airflow/example_dags/example_params_ui_tutorial.py
[2023-07-23T19:54:41.126+0000] {logging_mixin.py:150} INFO - [2023-07-23T19:54:41.125+0000] {dag.py:2742} INFO - Sync 1 DAGs
[2023-07-23T19:54:41.227+0000] {logging_mixin.py:150} INFO - [2023-07-23T19:54:41.226+0000] {dag.py:3504} INFO - Setting next_dagrun for example_params_ui_tutorial to None, run_after=None
[2023-07-23T19:54:41.296+0000] {processor.py:179} INFO - Processing /home/airflow/.local/lib/python3.9/site-packages/airflow/example_dags/example_params_ui_tutorial.py took 0.681 seconds
[2023-07-23T19:55:12.844+0000] {processor.py:157} INFO - Started process (PID=1639) to work on /home/airflow/.local/lib/python3.9/site-packages/airflow/example_dags/example_params_ui_tutorial.py
[2023-07-23T19:55:12.876+0000] {processor.py:826} INFO - Processing file /home/airflow/.local/lib/python3.9/site-packages/airflow/example_dags/example_params_ui_tutorial.py for tasks to queue
[2023-07-23T19:55:12.877+0000] {logging_mixin.py:150} INFO - [2023-07-23T19:55:12.876+0000] {dagbag.py:541} INFO - Filling up the DagBag from /home/airflow/.local/lib/python3.9/site-packages/airflow/example_dags/example_params_ui_tutorial.py
[2023-07-23T19:55:13.118+0000] {processor.py:836} INFO - DAG(s) dict_keys(['example_params_ui_tutorial']) retrieved from /home/airflow/.local/lib/python3.9/site-packages/airflow/example_dags/example_params_ui_tutorial.py
[2023-07-23T19:55:13.359+0000] {logging_mixin.py:150} INFO - [2023-07-23T19:55:13.359+0000] {dag.py:2742} INFO - Sync 1 DAGs
[2023-07-23T19:55:13.506+0000] {logging_mixin.py:150} INFO - [2023-07-23T19:55:13.506+0000] {dag.py:3504} INFO - Setting next_dagrun for example_params_ui_tutorial to None, run_after=None
[2023-07-23T19:55:13.658+0000] {processor.py:179} INFO - Processing /home/airflow/.local/lib/python3.9/site-packages/airflow/example_dags/example_params_ui_tutorial.py took 0.818 seconds
[2023-07-23T19:55:45.115+0000] {processor.py:157} INFO - Started process (PID=1695) to work on /home/airflow/.local/lib/python3.9/site-packages/airflow/example_dags/example_params_ui_tutorial.py
[2023-07-23T19:55:45.167+0000] {processor.py:826} INFO - Processing file /home/airflow/.local/lib/python3.9/site-packages/airflow/example_dags/example_params_ui_tutorial.py for tasks to queue
[2023-07-23T19:55:45.168+0000] {logging_mixin.py:150} INFO - [2023-07-23T19:55:45.168+0000] {dagbag.py:541} INFO - Filling up the DagBag from /home/airflow/.local/lib/python3.9/site-packages/airflow/example_dags/example_params_ui_tutorial.py
[2023-07-23T19:55:45.383+0000] {processor.py:836} INFO - DAG(s) dict_keys(['example_params_ui_tutorial']) retrieved from /home/airflow/.local/lib/python3.9/site-packages/airflow/example_dags/example_params_ui_tutorial.py
[2023-07-23T19:55:46.022+0000] {logging_mixin.py:150} INFO - [2023-07-23T19:55:46.020+0000] {dag.py:2742} INFO - Sync 1 DAGs
[2023-07-23T19:55:46.274+0000] {logging_mixin.py:150} INFO - [2023-07-23T19:55:46.271+0000] {dag.py:3504} INFO - Setting next_dagrun for example_params_ui_tutorial to None, run_after=None
[2023-07-23T19:55:46.398+0000] {processor.py:179} INFO - Processing /home/airflow/.local/lib/python3.9/site-packages/airflow/example_dags/example_params_ui_tutorial.py took 1.288 seconds
[2023-07-23T19:56:17.023+0000] {processor.py:157} INFO - Started process (PID=1756) to work on /home/airflow/.local/lib/python3.9/site-packages/airflow/example_dags/example_params_ui_tutorial.py
[2023-07-23T19:56:17.035+0000] {processor.py:826} INFO - Processing file /home/airflow/.local/lib/python3.9/site-packages/airflow/example_dags/example_params_ui_tutorial.py for tasks to queue
[2023-07-23T19:56:17.036+0000] {logging_mixin.py:150} INFO - [2023-07-23T19:56:17.036+0000] {dagbag.py:541} INFO - Filling up the DagBag from /home/airflow/.local/lib/python3.9/site-packages/airflow/example_dags/example_params_ui_tutorial.py
[2023-07-23T19:56:17.218+0000] {processor.py:836} INFO - DAG(s) dict_keys(['example_params_ui_tutorial']) retrieved from /home/airflow/.local/lib/python3.9/site-packages/airflow/example_dags/example_params_ui_tutorial.py
[2023-07-23T19:56:17.526+0000] {logging_mixin.py:150} INFO - [2023-07-23T19:56:17.526+0000] {dag.py:2742} INFO - Sync 1 DAGs
[2023-07-23T19:56:17.616+0000] {logging_mixin.py:150} INFO - [2023-07-23T19:56:17.616+0000] {dag.py:3504} INFO - Setting next_dagrun for example_params_ui_tutorial to None, run_after=None
[2023-07-23T19:56:17.699+0000] {processor.py:179} INFO - Processing /home/airflow/.local/lib/python3.9/site-packages/airflow/example_dags/example_params_ui_tutorial.py took 0.680 seconds
[2023-07-23T19:56:48.254+0000] {processor.py:157} INFO - Started process (PID=1822) to work on /home/airflow/.local/lib/python3.9/site-packages/airflow/example_dags/example_params_ui_tutorial.py
[2023-07-23T19:56:48.293+0000] {processor.py:826} INFO - Processing file /home/airflow/.local/lib/python3.9/site-packages/airflow/example_dags/example_params_ui_tutorial.py for tasks to queue
[2023-07-23T19:56:48.294+0000] {logging_mixin.py:150} INFO - [2023-07-23T19:56:48.294+0000] {dagbag.py:541} INFO - Filling up the DagBag from /home/airflow/.local/lib/python3.9/site-packages/airflow/example_dags/example_params_ui_tutorial.py
[2023-07-23T19:56:48.479+0000] {processor.py:836} INFO - DAG(s) dict_keys(['example_params_ui_tutorial']) retrieved from /home/airflow/.local/lib/python3.9/site-packages/airflow/example_dags/example_params_ui_tutorial.py
[2023-07-23T19:56:48.686+0000] {logging_mixin.py:150} INFO - [2023-07-23T19:56:48.686+0000] {dag.py:2742} INFO - Sync 1 DAGs
[2023-07-23T19:56:48.829+0000] {logging_mixin.py:150} INFO - [2023-07-23T19:56:48.828+0000] {dag.py:3504} INFO - Setting next_dagrun for example_params_ui_tutorial to None, run_after=None
[2023-07-23T19:56:48.877+0000] {processor.py:179} INFO - Processing /home/airflow/.local/lib/python3.9/site-packages/airflow/example_dags/example_params_ui_tutorial.py took 0.627 seconds
[2023-07-23T19:57:32.249+0000] {processor.py:157} INFO - Started process (PID=1879) to work on /home/airflow/.local/lib/python3.9/site-packages/airflow/example_dags/example_params_ui_tutorial.py
[2023-07-23T19:57:32.251+0000] {processor.py:826} INFO - Processing file /home/airflow/.local/lib/python3.9/site-packages/airflow/example_dags/example_params_ui_tutorial.py for tasks to queue
[2023-07-23T19:57:32.252+0000] {logging_mixin.py:150} INFO - [2023-07-23T19:57:32.252+0000] {dagbag.py:541} INFO - Filling up the DagBag from /home/airflow/.local/lib/python3.9/site-packages/airflow/example_dags/example_params_ui_tutorial.py
[2023-07-23T19:57:32.820+0000] {processor.py:836} INFO - DAG(s) dict_keys(['example_params_ui_tutorial']) retrieved from /home/airflow/.local/lib/python3.9/site-packages/airflow/example_dags/example_params_ui_tutorial.py
[2023-07-23T19:57:33.987+0000] {logging_mixin.py:150} INFO - [2023-07-23T19:57:33.987+0000] {dag.py:2742} INFO - Sync 1 DAGs
[2023-07-23T19:57:34.640+0000] {logging_mixin.py:150} INFO - [2023-07-23T19:57:34.640+0000] {dag.py:3504} INFO - Setting next_dagrun for example_params_ui_tutorial to None, run_after=None
[2023-07-23T19:57:35.245+0000] {processor.py:179} INFO - Processing /home/airflow/.local/lib/python3.9/site-packages/airflow/example_dags/example_params_ui_tutorial.py took 3.085 seconds
[2023-07-23T20:01:14.154+0000] {processor.py:157} INFO - Started process (PID=85) to work on /home/airflow/.local/lib/python3.9/site-packages/airflow/example_dags/example_params_ui_tutorial.py
[2023-07-23T20:01:14.165+0000] {processor.py:826} INFO - Processing file /home/airflow/.local/lib/python3.9/site-packages/airflow/example_dags/example_params_ui_tutorial.py for tasks to queue
[2023-07-23T20:01:14.166+0000] {logging_mixin.py:150} INFO - [2023-07-23T20:01:14.166+0000] {dagbag.py:541} INFO - Filling up the DagBag from /home/airflow/.local/lib/python3.9/site-packages/airflow/example_dags/example_params_ui_tutorial.py
[2023-07-23T20:01:14.265+0000] {processor.py:836} INFO - DAG(s) dict_keys(['example_params_ui_tutorial']) retrieved from /home/airflow/.local/lib/python3.9/site-packages/airflow/example_dags/example_params_ui_tutorial.py
[2023-07-23T20:01:15.158+0000] {logging_mixin.py:150} INFO - [2023-07-23T20:01:15.157+0000] {dag.py:2742} INFO - Sync 1 DAGs
[2023-07-23T20:01:15.260+0000] {logging_mixin.py:150} INFO - [2023-07-23T20:01:15.259+0000] {dag.py:3504} INFO - Setting next_dagrun for example_params_ui_tutorial to None, run_after=None
[2023-07-23T20:01:15.332+0000] {processor.py:179} INFO - Processing /home/airflow/.local/lib/python3.9/site-packages/airflow/example_dags/example_params_ui_tutorial.py took 1.192 seconds
[2023-07-23T20:05:50.864+0000] {processor.py:157} INFO - Started process (PID=117) to work on /home/airflow/.local/lib/python3.9/site-packages/airflow/example_dags/example_params_ui_tutorial.py
[2023-07-23T20:05:50.875+0000] {processor.py:826} INFO - Processing file /home/airflow/.local/lib/python3.9/site-packages/airflow/example_dags/example_params_ui_tutorial.py for tasks to queue
[2023-07-23T20:05:50.876+0000] {logging_mixin.py:150} INFO - [2023-07-23T20:05:50.876+0000] {dagbag.py:541} INFO - Filling up the DagBag from /home/airflow/.local/lib/python3.9/site-packages/airflow/example_dags/example_params_ui_tutorial.py
[2023-07-23T20:05:51.012+0000] {processor.py:836} INFO - DAG(s) dict_keys(['example_params_ui_tutorial']) retrieved from /home/airflow/.local/lib/python3.9/site-packages/airflow/example_dags/example_params_ui_tutorial.py
[2023-07-23T20:05:51.936+0000] {logging_mixin.py:150} INFO - [2023-07-23T20:05:51.936+0000] {dag.py:2742} INFO - Sync 1 DAGs
[2023-07-23T20:05:52.077+0000] {logging_mixin.py:150} INFO - [2023-07-23T20:05:52.077+0000] {dag.py:3504} INFO - Setting next_dagrun for example_params_ui_tutorial to None, run_after=None
[2023-07-23T20:05:52.166+0000] {processor.py:179} INFO - Processing /home/airflow/.local/lib/python3.9/site-packages/airflow/example_dags/example_params_ui_tutorial.py took 1.306 seconds
[2023-07-23T20:06:28.743+0000] {processor.py:157} INFO - Started process (PID=185) to work on /home/airflow/.local/lib/python3.9/site-packages/airflow/example_dags/example_params_ui_tutorial.py
[2023-07-23T20:06:28.781+0000] {processor.py:826} INFO - Processing file /home/airflow/.local/lib/python3.9/site-packages/airflow/example_dags/example_params_ui_tutorial.py for tasks to queue
[2023-07-23T20:06:28.782+0000] {logging_mixin.py:150} INFO - [2023-07-23T20:06:28.782+0000] {dagbag.py:541} INFO - Filling up the DagBag from /home/airflow/.local/lib/python3.9/site-packages/airflow/example_dags/example_params_ui_tutorial.py
[2023-07-23T20:06:29.512+0000] {processor.py:836} INFO - DAG(s) dict_keys(['example_params_ui_tutorial']) retrieved from /home/airflow/.local/lib/python3.9/site-packages/airflow/example_dags/example_params_ui_tutorial.py
[2023-07-23T20:06:30.481+0000] {logging_mixin.py:150} INFO - [2023-07-23T20:06:30.457+0000] {dag.py:2742} INFO - Sync 1 DAGs
[2023-07-23T20:06:30.878+0000] {logging_mixin.py:150} INFO - [2023-07-23T20:06:30.877+0000] {dag.py:3504} INFO - Setting next_dagrun for example_params_ui_tutorial to None, run_after=None
[2023-07-23T20:06:31.453+0000] {processor.py:179} INFO - Processing /home/airflow/.local/lib/python3.9/site-packages/airflow/example_dags/example_params_ui_tutorial.py took 2.779 seconds
[2023-07-23T20:08:42.640+0000] {processor.py:157} INFO - Started process (PID=286) to work on /home/airflow/.local/lib/python3.9/site-packages/airflow/example_dags/example_params_ui_tutorial.py
[2023-07-23T20:08:42.666+0000] {processor.py:826} INFO - Processing file /home/airflow/.local/lib/python3.9/site-packages/airflow/example_dags/example_params_ui_tutorial.py for tasks to queue
[2023-07-23T20:08:42.667+0000] {logging_mixin.py:150} INFO - [2023-07-23T20:08:42.667+0000] {dagbag.py:541} INFO - Filling up the DagBag from /home/airflow/.local/lib/python3.9/site-packages/airflow/example_dags/example_params_ui_tutorial.py
[2023-07-23T20:08:43.695+0000] {processor.py:836} INFO - DAG(s) dict_keys(['example_params_ui_tutorial']) retrieved from /home/airflow/.local/lib/python3.9/site-packages/airflow/example_dags/example_params_ui_tutorial.py
[2023-07-23T20:08:45.543+0000] {logging_mixin.py:150} INFO - [2023-07-23T20:08:45.542+0000] {dag.py:2742} INFO - Sync 1 DAGs
[2023-07-23T20:08:46.657+0000] {logging_mixin.py:150} INFO - [2023-07-23T20:08:46.657+0000] {dag.py:3504} INFO - Setting next_dagrun for example_params_ui_tutorial to None, run_after=None
[2023-07-23T20:08:47.186+0000] {processor.py:179} INFO - Processing /home/airflow/.local/lib/python3.9/site-packages/airflow/example_dags/example_params_ui_tutorial.py took 4.616 seconds
[2023-07-23T20:10:07.226+0000] {processor.py:157} INFO - Started process (PID=365) to work on /home/airflow/.local/lib/python3.9/site-packages/airflow/example_dags/example_params_ui_tutorial.py
[2023-07-23T20:10:07.236+0000] {processor.py:826} INFO - Processing file /home/airflow/.local/lib/python3.9/site-packages/airflow/example_dags/example_params_ui_tutorial.py for tasks to queue
[2023-07-23T20:10:07.237+0000] {logging_mixin.py:150} INFO - [2023-07-23T20:10:07.237+0000] {dagbag.py:541} INFO - Filling up the DagBag from /home/airflow/.local/lib/python3.9/site-packages/airflow/example_dags/example_params_ui_tutorial.py
[2023-07-23T20:10:08.226+0000] {processor.py:836} INFO - DAG(s) dict_keys(['example_params_ui_tutorial']) retrieved from /home/airflow/.local/lib/python3.9/site-packages/airflow/example_dags/example_params_ui_tutorial.py
[2023-07-23T20:10:09.226+0000] {logging_mixin.py:150} INFO - [2023-07-23T20:10:09.226+0000] {dag.py:2742} INFO - Sync 1 DAGs
[2023-07-23T20:10:09.371+0000] {logging_mixin.py:150} INFO - [2023-07-23T20:10:09.370+0000] {dag.py:3504} INFO - Setting next_dagrun for example_params_ui_tutorial to None, run_after=None
[2023-07-23T20:10:09.486+0000] {processor.py:179} INFO - Processing /home/airflow/.local/lib/python3.9/site-packages/airflow/example_dags/example_params_ui_tutorial.py took 2.275 seconds
[2023-07-23T20:10:39.673+0000] {processor.py:157} INFO - Started process (PID=426) to work on /home/airflow/.local/lib/python3.9/site-packages/airflow/example_dags/example_params_ui_tutorial.py
[2023-07-23T20:10:39.685+0000] {processor.py:826} INFO - Processing file /home/airflow/.local/lib/python3.9/site-packages/airflow/example_dags/example_params_ui_tutorial.py for tasks to queue
[2023-07-23T20:10:39.687+0000] {logging_mixin.py:150} INFO - [2023-07-23T20:10:39.686+0000] {dagbag.py:541} INFO - Filling up the DagBag from /home/airflow/.local/lib/python3.9/site-packages/airflow/example_dags/example_params_ui_tutorial.py
[2023-07-23T20:10:39.806+0000] {processor.py:836} INFO - DAG(s) dict_keys(['example_params_ui_tutorial']) retrieved from /home/airflow/.local/lib/python3.9/site-packages/airflow/example_dags/example_params_ui_tutorial.py
[2023-07-23T20:10:40.120+0000] {logging_mixin.py:150} INFO - [2023-07-23T20:10:40.120+0000] {dag.py:2742} INFO - Sync 1 DAGs
[2023-07-23T20:10:40.275+0000] {logging_mixin.py:150} INFO - [2023-07-23T20:10:40.275+0000] {dag.py:3504} INFO - Setting next_dagrun for example_params_ui_tutorial to None, run_after=None
[2023-07-23T20:10:40.426+0000] {processor.py:179} INFO - Processing /home/airflow/.local/lib/python3.9/site-packages/airflow/example_dags/example_params_ui_tutorial.py took 0.757 seconds
[2023-07-23T20:11:10.759+0000] {processor.py:157} INFO - Started process (PID=488) to work on /home/airflow/.local/lib/python3.9/site-packages/airflow/example_dags/example_params_ui_tutorial.py
[2023-07-23T20:11:10.765+0000] {processor.py:826} INFO - Processing file /home/airflow/.local/lib/python3.9/site-packages/airflow/example_dags/example_params_ui_tutorial.py for tasks to queue
[2023-07-23T20:11:10.766+0000] {logging_mixin.py:150} INFO - [2023-07-23T20:11:10.766+0000] {dagbag.py:541} INFO - Filling up the DagBag from /home/airflow/.local/lib/python3.9/site-packages/airflow/example_dags/example_params_ui_tutorial.py
[2023-07-23T20:11:10.854+0000] {processor.py:836} INFO - DAG(s) dict_keys(['example_params_ui_tutorial']) retrieved from /home/airflow/.local/lib/python3.9/site-packages/airflow/example_dags/example_params_ui_tutorial.py
[2023-07-23T20:11:11.026+0000] {logging_mixin.py:150} INFO - [2023-07-23T20:11:11.026+0000] {dag.py:2742} INFO - Sync 1 DAGs
[2023-07-23T20:11:11.119+0000] {logging_mixin.py:150} INFO - [2023-07-23T20:11:11.106+0000] {dag.py:3504} INFO - Setting next_dagrun for example_params_ui_tutorial to None, run_after=None
[2023-07-23T20:11:11.356+0000] {processor.py:179} INFO - Processing /home/airflow/.local/lib/python3.9/site-packages/airflow/example_dags/example_params_ui_tutorial.py took 0.602 seconds
[2023-07-23T20:11:54.434+0000] {processor.py:157} INFO - Started process (PID=561) to work on /home/airflow/.local/lib/python3.9/site-packages/airflow/example_dags/example_params_ui_tutorial.py
[2023-07-23T20:11:54.476+0000] {processor.py:826} INFO - Processing file /home/airflow/.local/lib/python3.9/site-packages/airflow/example_dags/example_params_ui_tutorial.py for tasks to queue
[2023-07-23T20:11:54.477+0000] {logging_mixin.py:150} INFO - [2023-07-23T20:11:54.476+0000] {dagbag.py:541} INFO - Filling up the DagBag from /home/airflow/.local/lib/python3.9/site-packages/airflow/example_dags/example_params_ui_tutorial.py
[2023-07-23T20:11:55.110+0000] {processor.py:836} INFO - DAG(s) dict_keys(['example_params_ui_tutorial']) retrieved from /home/airflow/.local/lib/python3.9/site-packages/airflow/example_dags/example_params_ui_tutorial.py
[2023-07-23T20:11:56.230+0000] {logging_mixin.py:150} INFO - [2023-07-23T20:11:56.229+0000] {dag.py:2742} INFO - Sync 1 DAGs
[2023-07-23T20:11:56.753+0000] {logging_mixin.py:150} INFO - [2023-07-23T20:11:56.752+0000] {dag.py:3504} INFO - Setting next_dagrun for example_params_ui_tutorial to None, run_after=None
[2023-07-23T20:11:57.150+0000] {processor.py:179} INFO - Processing /home/airflow/.local/lib/python3.9/site-packages/airflow/example_dags/example_params_ui_tutorial.py took 2.785 seconds
[2023-07-23T20:13:14.331+0000] {processor.py:157} INFO - Started process (PID=637) to work on /home/airflow/.local/lib/python3.9/site-packages/airflow/example_dags/example_params_ui_tutorial.py
[2023-07-23T20:13:14.397+0000] {processor.py:826} INFO - Processing file /home/airflow/.local/lib/python3.9/site-packages/airflow/example_dags/example_params_ui_tutorial.py for tasks to queue
[2023-07-23T20:13:14.399+0000] {logging_mixin.py:150} INFO - [2023-07-23T20:13:14.398+0000] {dagbag.py:541} INFO - Filling up the DagBag from /home/airflow/.local/lib/python3.9/site-packages/airflow/example_dags/example_params_ui_tutorial.py
[2023-07-23T20:13:16.997+0000] {processor.py:836} INFO - DAG(s) dict_keys(['example_params_ui_tutorial']) retrieved from /home/airflow/.local/lib/python3.9/site-packages/airflow/example_dags/example_params_ui_tutorial.py
[2023-07-23T20:13:20.743+0000] {logging_mixin.py:150} INFO - [2023-07-23T20:13:20.743+0000] {dag.py:2742} INFO - Sync 1 DAGs
[2023-07-23T20:13:22.689+0000] {logging_mixin.py:150} INFO - [2023-07-23T20:13:22.689+0000] {dag.py:3504} INFO - Setting next_dagrun for example_params_ui_tutorial to None, run_after=None
[2023-07-23T20:13:23.820+0000] {processor.py:179} INFO - Processing /home/airflow/.local/lib/python3.9/site-packages/airflow/example_dags/example_params_ui_tutorial.py took 9.599 seconds
[2023-07-23T20:15:16.974+0000] {processor.py:157} INFO - Started process (PID=742) to work on /home/airflow/.local/lib/python3.9/site-packages/airflow/example_dags/example_params_ui_tutorial.py
[2023-07-23T20:15:17.016+0000] {processor.py:826} INFO - Processing file /home/airflow/.local/lib/python3.9/site-packages/airflow/example_dags/example_params_ui_tutorial.py for tasks to queue
[2023-07-23T20:15:17.017+0000] {logging_mixin.py:150} INFO - [2023-07-23T20:15:17.017+0000] {dagbag.py:541} INFO - Filling up the DagBag from /home/airflow/.local/lib/python3.9/site-packages/airflow/example_dags/example_params_ui_tutorial.py
[2023-07-23T20:15:17.219+0000] {processor.py:836} INFO - DAG(s) dict_keys(['example_params_ui_tutorial']) retrieved from /home/airflow/.local/lib/python3.9/site-packages/airflow/example_dags/example_params_ui_tutorial.py
[2023-07-23T20:15:17.406+0000] {logging_mixin.py:150} INFO - [2023-07-23T20:15:17.406+0000] {dag.py:2742} INFO - Sync 1 DAGs
[2023-07-23T20:15:17.450+0000] {logging_mixin.py:150} INFO - [2023-07-23T20:15:17.450+0000] {dag.py:3504} INFO - Setting next_dagrun for example_params_ui_tutorial to None, run_after=None
[2023-07-23T20:15:17.519+0000] {processor.py:179} INFO - Processing /home/airflow/.local/lib/python3.9/site-packages/airflow/example_dags/example_params_ui_tutorial.py took 0.548 seconds
[2023-07-23T20:15:49.254+0000] {processor.py:157} INFO - Started process (PID=803) to work on /home/airflow/.local/lib/python3.9/site-packages/airflow/example_dags/example_params_ui_tutorial.py
[2023-07-23T20:15:49.298+0000] {processor.py:826} INFO - Processing file /home/airflow/.local/lib/python3.9/site-packages/airflow/example_dags/example_params_ui_tutorial.py for tasks to queue
[2023-07-23T20:15:49.307+0000] {logging_mixin.py:150} INFO - [2023-07-23T20:15:49.307+0000] {dagbag.py:541} INFO - Filling up the DagBag from /home/airflow/.local/lib/python3.9/site-packages/airflow/example_dags/example_params_ui_tutorial.py
[2023-07-23T20:15:49.424+0000] {processor.py:836} INFO - DAG(s) dict_keys(['example_params_ui_tutorial']) retrieved from /home/airflow/.local/lib/python3.9/site-packages/airflow/example_dags/example_params_ui_tutorial.py
[2023-07-23T20:15:49.807+0000] {logging_mixin.py:150} INFO - [2023-07-23T20:15:49.807+0000] {dag.py:2742} INFO - Sync 1 DAGs
[2023-07-23T20:15:50.057+0000] {logging_mixin.py:150} INFO - [2023-07-23T20:15:50.056+0000] {dag.py:3504} INFO - Setting next_dagrun for example_params_ui_tutorial to None, run_after=None
[2023-07-23T20:15:50.169+0000] {processor.py:179} INFO - Processing /home/airflow/.local/lib/python3.9/site-packages/airflow/example_dags/example_params_ui_tutorial.py took 0.919 seconds
[2023-07-23T20:16:25.007+0000] {processor.py:157} INFO - Started process (PID=857) to work on /home/airflow/.local/lib/python3.9/site-packages/airflow/example_dags/example_params_ui_tutorial.py
[2023-07-23T20:16:25.018+0000] {processor.py:826} INFO - Processing file /home/airflow/.local/lib/python3.9/site-packages/airflow/example_dags/example_params_ui_tutorial.py for tasks to queue
[2023-07-23T20:16:25.019+0000] {logging_mixin.py:150} INFO - [2023-07-23T20:16:25.018+0000] {dagbag.py:541} INFO - Filling up the DagBag from /home/airflow/.local/lib/python3.9/site-packages/airflow/example_dags/example_params_ui_tutorial.py
[2023-07-23T20:16:25.565+0000] {processor.py:836} INFO - DAG(s) dict_keys(['example_params_ui_tutorial']) retrieved from /home/airflow/.local/lib/python3.9/site-packages/airflow/example_dags/example_params_ui_tutorial.py
[2023-07-23T20:16:26.793+0000] {logging_mixin.py:150} INFO - [2023-07-23T20:16:26.793+0000] {dag.py:2742} INFO - Sync 1 DAGs
[2023-07-23T20:16:27.681+0000] {logging_mixin.py:150} INFO - [2023-07-23T20:16:27.680+0000] {dag.py:3504} INFO - Setting next_dagrun for example_params_ui_tutorial to None, run_after=None
[2023-07-23T20:16:28.546+0000] {processor.py:179} INFO - Processing /home/airflow/.local/lib/python3.9/site-packages/airflow/example_dags/example_params_ui_tutorial.py took 3.552 seconds
[2023-07-23T20:18:21.164+0000] {processor.py:157} INFO - Started process (PID=941) to work on /home/airflow/.local/lib/python3.9/site-packages/airflow/example_dags/example_params_ui_tutorial.py
[2023-07-23T20:18:21.187+0000] {processor.py:826} INFO - Processing file /home/airflow/.local/lib/python3.9/site-packages/airflow/example_dags/example_params_ui_tutorial.py for tasks to queue
[2023-07-23T20:18:21.307+0000] {logging_mixin.py:150} INFO - [2023-07-23T20:18:21.306+0000] {dagbag.py:541} INFO - Filling up the DagBag from /home/airflow/.local/lib/python3.9/site-packages/airflow/example_dags/example_params_ui_tutorial.py
[2023-07-23T20:18:23.479+0000] {processor.py:836} INFO - DAG(s) dict_keys(['example_params_ui_tutorial']) retrieved from /home/airflow/.local/lib/python3.9/site-packages/airflow/example_dags/example_params_ui_tutorial.py
[2023-07-23T20:18:25.054+0000] {logging_mixin.py:150} INFO - [2023-07-23T20:18:25.053+0000] {dag.py:2742} INFO - Sync 1 DAGs
[2023-07-23T20:18:25.878+0000] {logging_mixin.py:150} INFO - [2023-07-23T20:18:25.878+0000] {dag.py:3504} INFO - Setting next_dagrun for example_params_ui_tutorial to None, run_after=None
[2023-07-23T20:18:26.912+0000] {processor.py:179} INFO - Processing /home/airflow/.local/lib/python3.9/site-packages/airflow/example_dags/example_params_ui_tutorial.py took 5.982 seconds
[2023-07-23T20:20:15.713+0000] {processor.py:157} INFO - Started process (PID=1017) to work on /home/airflow/.local/lib/python3.9/site-packages/airflow/example_dags/example_params_ui_tutorial.py
[2023-07-23T20:20:15.786+0000] {processor.py:826} INFO - Processing file /home/airflow/.local/lib/python3.9/site-packages/airflow/example_dags/example_params_ui_tutorial.py for tasks to queue
[2023-07-23T20:20:15.787+0000] {logging_mixin.py:150} INFO - [2023-07-23T20:20:15.786+0000] {dagbag.py:541} INFO - Filling up the DagBag from /home/airflow/.local/lib/python3.9/site-packages/airflow/example_dags/example_params_ui_tutorial.py
[2023-07-23T20:20:15.995+0000] {processor.py:836} INFO - DAG(s) dict_keys(['example_params_ui_tutorial']) retrieved from /home/airflow/.local/lib/python3.9/site-packages/airflow/example_dags/example_params_ui_tutorial.py
[2023-07-23T20:20:16.197+0000] {logging_mixin.py:150} INFO - [2023-07-23T20:20:16.197+0000] {dag.py:2742} INFO - Sync 1 DAGs
[2023-07-23T20:20:16.426+0000] {logging_mixin.py:150} INFO - [2023-07-23T20:20:16.426+0000] {dag.py:3504} INFO - Setting next_dagrun for example_params_ui_tutorial to None, run_after=None
[2023-07-23T20:20:16.545+0000] {processor.py:179} INFO - Processing /home/airflow/.local/lib/python3.9/site-packages/airflow/example_dags/example_params_ui_tutorial.py took 0.836 seconds
[2023-07-23T20:20:48.490+0000] {processor.py:157} INFO - Started process (PID=1078) to work on /home/airflow/.local/lib/python3.9/site-packages/airflow/example_dags/example_params_ui_tutorial.py
[2023-07-23T20:20:48.503+0000] {processor.py:826} INFO - Processing file /home/airflow/.local/lib/python3.9/site-packages/airflow/example_dags/example_params_ui_tutorial.py for tasks to queue
[2023-07-23T20:20:48.504+0000] {logging_mixin.py:150} INFO - [2023-07-23T20:20:48.504+0000] {dagbag.py:541} INFO - Filling up the DagBag from /home/airflow/.local/lib/python3.9/site-packages/airflow/example_dags/example_params_ui_tutorial.py
[2023-07-23T20:20:48.680+0000] {processor.py:836} INFO - DAG(s) dict_keys(['example_params_ui_tutorial']) retrieved from /home/airflow/.local/lib/python3.9/site-packages/airflow/example_dags/example_params_ui_tutorial.py
[2023-07-23T20:20:49.026+0000] {logging_mixin.py:150} INFO - [2023-07-23T20:20:49.026+0000] {dag.py:2742} INFO - Sync 1 DAGs
[2023-07-23T20:20:49.176+0000] {logging_mixin.py:150} INFO - [2023-07-23T20:20:49.176+0000] {dag.py:3504} INFO - Setting next_dagrun for example_params_ui_tutorial to None, run_after=None
[2023-07-23T20:20:49.299+0000] {processor.py:179} INFO - Processing /home/airflow/.local/lib/python3.9/site-packages/airflow/example_dags/example_params_ui_tutorial.py took 0.826 seconds
[2023-07-23T20:21:46.905+0000] {processor.py:157} INFO - Started process (PID=1155) to work on /home/airflow/.local/lib/python3.9/site-packages/airflow/example_dags/example_params_ui_tutorial.py
[2023-07-23T20:21:47.128+0000] {processor.py:826} INFO - Processing file /home/airflow/.local/lib/python3.9/site-packages/airflow/example_dags/example_params_ui_tutorial.py for tasks to queue
[2023-07-23T20:21:47.130+0000] {logging_mixin.py:150} INFO - [2023-07-23T20:21:47.129+0000] {dagbag.py:541} INFO - Filling up the DagBag from /home/airflow/.local/lib/python3.9/site-packages/airflow/example_dags/example_params_ui_tutorial.py
[2023-07-23T20:21:48.561+0000] {processor.py:836} INFO - DAG(s) dict_keys(['example_params_ui_tutorial']) retrieved from /home/airflow/.local/lib/python3.9/site-packages/airflow/example_dags/example_params_ui_tutorial.py
[2023-07-23T20:21:50.506+0000] {logging_mixin.py:150} INFO - [2023-07-23T20:21:50.506+0000] {dag.py:2742} INFO - Sync 1 DAGs
[2023-07-23T20:21:52.045+0000] {logging_mixin.py:150} INFO - [2023-07-23T20:21:52.045+0000] {dag.py:3504} INFO - Setting next_dagrun for example_params_ui_tutorial to None, run_after=None
[2023-07-23T20:21:53.322+0000] {processor.py:179} INFO - Processing /home/airflow/.local/lib/python3.9/site-packages/airflow/example_dags/example_params_ui_tutorial.py took 6.608 seconds
[2023-07-23T20:24:12.183+0000] {processor.py:157} INFO - Started process (PID=1241) to work on /home/airflow/.local/lib/python3.9/site-packages/airflow/example_dags/example_params_ui_tutorial.py
[2023-07-23T20:24:12.271+0000] {processor.py:826} INFO - Processing file /home/airflow/.local/lib/python3.9/site-packages/airflow/example_dags/example_params_ui_tutorial.py for tasks to queue
[2023-07-23T20:24:12.273+0000] {logging_mixin.py:150} INFO - [2023-07-23T20:24:12.272+0000] {dagbag.py:541} INFO - Filling up the DagBag from /home/airflow/.local/lib/python3.9/site-packages/airflow/example_dags/example_params_ui_tutorial.py
[2023-07-23T20:24:14.932+0000] {processor.py:836} INFO - DAG(s) dict_keys(['example_params_ui_tutorial']) retrieved from /home/airflow/.local/lib/python3.9/site-packages/airflow/example_dags/example_params_ui_tutorial.py
[2023-07-23T20:24:18.328+0000] {logging_mixin.py:150} INFO - [2023-07-23T20:24:18.328+0000] {dag.py:2742} INFO - Sync 1 DAGs
[2023-07-23T20:24:21.794+0000] {logging_mixin.py:150} INFO - [2023-07-23T20:24:21.793+0000] {dag.py:3504} INFO - Setting next_dagrun for example_params_ui_tutorial to None, run_after=None
[2023-07-23T20:24:22.778+0000] {processor.py:179} INFO - Processing /home/airflow/.local/lib/python3.9/site-packages/airflow/example_dags/example_params_ui_tutorial.py took 10.806 seconds
[2023-07-23T20:25:21.694+0000] {processor.py:157} INFO - Started process (PID=1315) to work on /home/airflow/.local/lib/python3.9/site-packages/airflow/example_dags/example_params_ui_tutorial.py
[2023-07-23T20:25:21.726+0000] {processor.py:826} INFO - Processing file /home/airflow/.local/lib/python3.9/site-packages/airflow/example_dags/example_params_ui_tutorial.py for tasks to queue
[2023-07-23T20:25:21.727+0000] {logging_mixin.py:150} INFO - [2023-07-23T20:25:21.726+0000] {dagbag.py:541} INFO - Filling up the DagBag from /home/airflow/.local/lib/python3.9/site-packages/airflow/example_dags/example_params_ui_tutorial.py
[2023-07-23T20:25:21.931+0000] {processor.py:836} INFO - DAG(s) dict_keys(['example_params_ui_tutorial']) retrieved from /home/airflow/.local/lib/python3.9/site-packages/airflow/example_dags/example_params_ui_tutorial.py
[2023-07-23T20:25:22.197+0000] {logging_mixin.py:150} INFO - [2023-07-23T20:25:22.197+0000] {dag.py:2742} INFO - Sync 1 DAGs
[2023-07-23T20:25:22.288+0000] {logging_mixin.py:150} INFO - [2023-07-23T20:25:22.288+0000] {dag.py:3504} INFO - Setting next_dagrun for example_params_ui_tutorial to None, run_after=None
[2023-07-23T20:25:22.469+0000] {processor.py:179} INFO - Processing /home/airflow/.local/lib/python3.9/site-packages/airflow/example_dags/example_params_ui_tutorial.py took 0.779 seconds
[2023-07-23T20:25:53.486+0000] {processor.py:157} INFO - Started process (PID=1370) to work on /home/airflow/.local/lib/python3.9/site-packages/airflow/example_dags/example_params_ui_tutorial.py
[2023-07-23T20:25:53.488+0000] {processor.py:826} INFO - Processing file /home/airflow/.local/lib/python3.9/site-packages/airflow/example_dags/example_params_ui_tutorial.py for tasks to queue
[2023-07-23T20:25:53.489+0000] {logging_mixin.py:150} INFO - [2023-07-23T20:25:53.488+0000] {dagbag.py:541} INFO - Filling up the DagBag from /home/airflow/.local/lib/python3.9/site-packages/airflow/example_dags/example_params_ui_tutorial.py
[2023-07-23T20:25:53.598+0000] {processor.py:836} INFO - DAG(s) dict_keys(['example_params_ui_tutorial']) retrieved from /home/airflow/.local/lib/python3.9/site-packages/airflow/example_dags/example_params_ui_tutorial.py
[2023-07-23T20:25:53.690+0000] {logging_mixin.py:150} INFO - [2023-07-23T20:25:53.685+0000] {dag.py:2742} INFO - Sync 1 DAGs
[2023-07-23T20:25:53.770+0000] {logging_mixin.py:150} INFO - [2023-07-23T20:25:53.770+0000] {dag.py:3504} INFO - Setting next_dagrun for example_params_ui_tutorial to None, run_after=None
[2023-07-23T20:25:53.843+0000] {processor.py:179} INFO - Processing /home/airflow/.local/lib/python3.9/site-packages/airflow/example_dags/example_params_ui_tutorial.py took 0.374 seconds
[2023-07-23T20:27:16.088+0000] {processor.py:157} INFO - Started process (PID=1451) to work on /home/airflow/.local/lib/python3.9/site-packages/airflow/example_dags/example_params_ui_tutorial.py
[2023-07-23T20:27:16.115+0000] {processor.py:826} INFO - Processing file /home/airflow/.local/lib/python3.9/site-packages/airflow/example_dags/example_params_ui_tutorial.py for tasks to queue
[2023-07-23T20:27:16.116+0000] {logging_mixin.py:150} INFO - [2023-07-23T20:27:16.115+0000] {dagbag.py:541} INFO - Filling up the DagBag from /home/airflow/.local/lib/python3.9/site-packages/airflow/example_dags/example_params_ui_tutorial.py
[2023-07-23T20:27:17.581+0000] {processor.py:836} INFO - DAG(s) dict_keys(['example_params_ui_tutorial']) retrieved from /home/airflow/.local/lib/python3.9/site-packages/airflow/example_dags/example_params_ui_tutorial.py
[2023-07-23T20:27:20.246+0000] {logging_mixin.py:150} INFO - [2023-07-23T20:27:20.246+0000] {dag.py:2742} INFO - Sync 1 DAGs
[2023-07-23T20:27:21.298+0000] {logging_mixin.py:150} INFO - [2023-07-23T20:27:21.236+0000] {dag.py:3504} INFO - Setting next_dagrun for example_params_ui_tutorial to None, run_after=None
[2023-07-23T20:27:22.173+0000] {processor.py:179} INFO - Processing /home/airflow/.local/lib/python3.9/site-packages/airflow/example_dags/example_params_ui_tutorial.py took 6.433 seconds
[2023-07-23T20:29:10.591+0000] {processor.py:157} INFO - Started process (PID=1531) to work on /home/airflow/.local/lib/python3.9/site-packages/airflow/example_dags/example_params_ui_tutorial.py
[2023-07-23T20:29:10.605+0000] {processor.py:826} INFO - Processing file /home/airflow/.local/lib/python3.9/site-packages/airflow/example_dags/example_params_ui_tutorial.py for tasks to queue
[2023-07-23T20:29:10.606+0000] {logging_mixin.py:150} INFO - [2023-07-23T20:29:10.606+0000] {dagbag.py:541} INFO - Filling up the DagBag from /home/airflow/.local/lib/python3.9/site-packages/airflow/example_dags/example_params_ui_tutorial.py
[2023-07-23T20:29:12.488+0000] {processor.py:836} INFO - DAG(s) dict_keys(['example_params_ui_tutorial']) retrieved from /home/airflow/.local/lib/python3.9/site-packages/airflow/example_dags/example_params_ui_tutorial.py
[2023-07-23T20:29:15.584+0000] {logging_mixin.py:150} INFO - [2023-07-23T20:29:15.583+0000] {dag.py:2742} INFO - Sync 1 DAGs
[2023-07-23T20:29:17.198+0000] {logging_mixin.py:150} INFO - [2023-07-23T20:29:17.198+0000] {dag.py:3504} INFO - Setting next_dagrun for example_params_ui_tutorial to None, run_after=None
[2023-07-23T20:29:18.336+0000] {processor.py:179} INFO - Processing /home/airflow/.local/lib/python3.9/site-packages/airflow/example_dags/example_params_ui_tutorial.py took 7.750 seconds
[2023-07-23T20:30:30.484+0000] {processor.py:157} INFO - Started process (PID=1610) to work on /home/airflow/.local/lib/python3.9/site-packages/airflow/example_dags/example_params_ui_tutorial.py
[2023-07-23T20:30:30.516+0000] {processor.py:826} INFO - Processing file /home/airflow/.local/lib/python3.9/site-packages/airflow/example_dags/example_params_ui_tutorial.py for tasks to queue
[2023-07-23T20:30:30.517+0000] {logging_mixin.py:150} INFO - [2023-07-23T20:30:30.517+0000] {dagbag.py:541} INFO - Filling up the DagBag from /home/airflow/.local/lib/python3.9/site-packages/airflow/example_dags/example_params_ui_tutorial.py
[2023-07-23T20:30:30.695+0000] {processor.py:836} INFO - DAG(s) dict_keys(['example_params_ui_tutorial']) retrieved from /home/airflow/.local/lib/python3.9/site-packages/airflow/example_dags/example_params_ui_tutorial.py
[2023-07-23T20:30:30.957+0000] {logging_mixin.py:150} INFO - [2023-07-23T20:30:30.957+0000] {dag.py:2742} INFO - Sync 1 DAGs
[2023-07-23T20:30:31.056+0000] {logging_mixin.py:150} INFO - [2023-07-23T20:30:31.056+0000] {dag.py:3504} INFO - Setting next_dagrun for example_params_ui_tutorial to None, run_after=None
[2023-07-23T20:30:31.146+0000] {processor.py:179} INFO - Processing /home/airflow/.local/lib/python3.9/site-packages/airflow/example_dags/example_params_ui_tutorial.py took 0.666 seconds
[2023-07-23T20:31:01.963+0000] {processor.py:157} INFO - Started process (PID=1672) to work on /home/airflow/.local/lib/python3.9/site-packages/airflow/example_dags/example_params_ui_tutorial.py
[2023-07-23T20:31:01.986+0000] {processor.py:826} INFO - Processing file /home/airflow/.local/lib/python3.9/site-packages/airflow/example_dags/example_params_ui_tutorial.py for tasks to queue
[2023-07-23T20:31:01.987+0000] {logging_mixin.py:150} INFO - [2023-07-23T20:31:01.986+0000] {dagbag.py:541} INFO - Filling up the DagBag from /home/airflow/.local/lib/python3.9/site-packages/airflow/example_dags/example_params_ui_tutorial.py
[2023-07-23T20:31:02.092+0000] {processor.py:836} INFO - DAG(s) dict_keys(['example_params_ui_tutorial']) retrieved from /home/airflow/.local/lib/python3.9/site-packages/airflow/example_dags/example_params_ui_tutorial.py
[2023-07-23T20:31:02.306+0000] {logging_mixin.py:150} INFO - [2023-07-23T20:31:02.306+0000] {dag.py:2742} INFO - Sync 1 DAGs
[2023-07-23T20:31:02.376+0000] {logging_mixin.py:150} INFO - [2023-07-23T20:31:02.376+0000] {dag.py:3504} INFO - Setting next_dagrun for example_params_ui_tutorial to None, run_after=None
[2023-07-23T20:31:02.442+0000] {processor.py:179} INFO - Processing /home/airflow/.local/lib/python3.9/site-packages/airflow/example_dags/example_params_ui_tutorial.py took 0.483 seconds
[2023-07-23T20:32:33.276+0000] {processor.py:157} INFO - Started process (PID=1761) to work on /home/airflow/.local/lib/python3.9/site-packages/airflow/example_dags/example_params_ui_tutorial.py
[2023-07-23T20:32:33.409+0000] {processor.py:826} INFO - Processing file /home/airflow/.local/lib/python3.9/site-packages/airflow/example_dags/example_params_ui_tutorial.py for tasks to queue
[2023-07-23T20:32:33.411+0000] {logging_mixin.py:150} INFO - [2023-07-23T20:32:33.410+0000] {dagbag.py:541} INFO - Filling up the DagBag from /home/airflow/.local/lib/python3.9/site-packages/airflow/example_dags/example_params_ui_tutorial.py
[2023-07-23T20:32:34.782+0000] {processor.py:836} INFO - DAG(s) dict_keys(['example_params_ui_tutorial']) retrieved from /home/airflow/.local/lib/python3.9/site-packages/airflow/example_dags/example_params_ui_tutorial.py
[2023-07-23T20:32:37.256+0000] {logging_mixin.py:150} INFO - [2023-07-23T20:32:37.256+0000] {dag.py:2742} INFO - Sync 1 DAGs
[2023-07-23T20:32:38.004+0000] {logging_mixin.py:150} INFO - [2023-07-23T20:32:38.004+0000] {dag.py:3504} INFO - Setting next_dagrun for example_params_ui_tutorial to None, run_after=None
[2023-07-23T20:32:38.903+0000] {processor.py:179} INFO - Processing /home/airflow/.local/lib/python3.9/site-packages/airflow/example_dags/example_params_ui_tutorial.py took 6.419 seconds
