[2023-07-23T19:28:15.204+0000] {processor.py:157} INFO - Started process (PID=61) to work on /home/airflow/.local/lib/python3.9/site-packages/airflow/example_dags/example_local_kubernetes_executor.py
[2023-07-23T19:28:15.226+0000] {processor.py:826} INFO - Processing file /home/airflow/.local/lib/python3.9/site-packages/airflow/example_dags/example_local_kubernetes_executor.py for tasks to queue
[2023-07-23T19:28:15.226+0000] {logging_mixin.py:150} INFO - [2023-07-23T19:28:15.226+0000] {dagbag.py:541} INFO - Filling up the DagBag from /home/airflow/.local/lib/python3.9/site-packages/airflow/example_dags/example_local_kubernetes_executor.py
[2023-07-23T19:28:18.022+0000] {processor.py:836} INFO - DAG(s) dict_keys(['example_local_kubernetes_executor']) retrieved from /home/airflow/.local/lib/python3.9/site-packages/airflow/example_dags/example_local_kubernetes_executor.py
[2023-07-23T19:28:18.216+0000] {logging_mixin.py:150} INFO - [2023-07-23T19:28:18.216+0000] {dag.py:2742} INFO - Sync 1 DAGs
[2023-07-23T19:28:18.382+0000] {logging_mixin.py:150} INFO - [2023-07-23T19:28:18.382+0000] {dag.py:3504} INFO - Setting next_dagrun for example_local_kubernetes_executor to None, run_after=None
[2023-07-23T19:28:18.527+0000] {processor.py:179} INFO - Processing /home/airflow/.local/lib/python3.9/site-packages/airflow/example_dags/example_local_kubernetes_executor.py took 3.327 seconds
[2023-07-23T19:28:49.030+0000] {processor.py:157} INFO - Started process (PID=122) to work on /home/airflow/.local/lib/python3.9/site-packages/airflow/example_dags/example_local_kubernetes_executor.py
[2023-07-23T19:28:49.035+0000] {processor.py:826} INFO - Processing file /home/airflow/.local/lib/python3.9/site-packages/airflow/example_dags/example_local_kubernetes_executor.py for tasks to queue
[2023-07-23T19:28:49.036+0000] {logging_mixin.py:150} INFO - [2023-07-23T19:28:49.036+0000] {dagbag.py:541} INFO - Filling up the DagBag from /home/airflow/.local/lib/python3.9/site-packages/airflow/example_dags/example_local_kubernetes_executor.py
[2023-07-23T19:28:50.298+0000] {processor.py:836} INFO - DAG(s) dict_keys(['example_local_kubernetes_executor']) retrieved from /home/airflow/.local/lib/python3.9/site-packages/airflow/example_dags/example_local_kubernetes_executor.py
[2023-07-23T19:28:50.407+0000] {logging_mixin.py:150} INFO - [2023-07-23T19:28:50.406+0000] {dag.py:2742} INFO - Sync 1 DAGs
[2023-07-23T19:28:50.457+0000] {logging_mixin.py:150} INFO - [2023-07-23T19:28:50.457+0000] {dag.py:3504} INFO - Setting next_dagrun for example_local_kubernetes_executor to None, run_after=None
[2023-07-23T19:28:50.496+0000] {processor.py:179} INFO - Processing /home/airflow/.local/lib/python3.9/site-packages/airflow/example_dags/example_local_kubernetes_executor.py took 1.474 seconds
[2023-07-23T19:29:20.959+0000] {processor.py:157} INFO - Started process (PID=190) to work on /home/airflow/.local/lib/python3.9/site-packages/airflow/example_dags/example_local_kubernetes_executor.py
[2023-07-23T19:29:20.976+0000] {processor.py:826} INFO - Processing file /home/airflow/.local/lib/python3.9/site-packages/airflow/example_dags/example_local_kubernetes_executor.py for tasks to queue
[2023-07-23T19:29:20.977+0000] {logging_mixin.py:150} INFO - [2023-07-23T19:29:20.976+0000] {dagbag.py:541} INFO - Filling up the DagBag from /home/airflow/.local/lib/python3.9/site-packages/airflow/example_dags/example_local_kubernetes_executor.py
[2023-07-23T19:29:21.761+0000] {processor.py:836} INFO - DAG(s) dict_keys(['example_local_kubernetes_executor']) retrieved from /home/airflow/.local/lib/python3.9/site-packages/airflow/example_dags/example_local_kubernetes_executor.py
[2023-07-23T19:29:21.804+0000] {logging_mixin.py:150} INFO - [2023-07-23T19:29:21.804+0000] {dag.py:2742} INFO - Sync 1 DAGs
[2023-07-23T19:29:21.837+0000] {logging_mixin.py:150} INFO - [2023-07-23T19:29:21.836+0000] {dag.py:3504} INFO - Setting next_dagrun for example_local_kubernetes_executor to None, run_after=None
[2023-07-23T19:29:21.857+0000] {processor.py:179} INFO - Processing /home/airflow/.local/lib/python3.9/site-packages/airflow/example_dags/example_local_kubernetes_executor.py took 0.902 seconds
[2023-07-23T19:29:52.504+0000] {processor.py:157} INFO - Started process (PID=251) to work on /home/airflow/.local/lib/python3.9/site-packages/airflow/example_dags/example_local_kubernetes_executor.py
[2023-07-23T19:29:52.555+0000] {processor.py:826} INFO - Processing file /home/airflow/.local/lib/python3.9/site-packages/airflow/example_dags/example_local_kubernetes_executor.py for tasks to queue
[2023-07-23T19:29:52.557+0000] {logging_mixin.py:150} INFO - [2023-07-23T19:29:52.556+0000] {dagbag.py:541} INFO - Filling up the DagBag from /home/airflow/.local/lib/python3.9/site-packages/airflow/example_dags/example_local_kubernetes_executor.py
[2023-07-23T19:29:54.180+0000] {processor.py:836} INFO - DAG(s) dict_keys(['example_local_kubernetes_executor']) retrieved from /home/airflow/.local/lib/python3.9/site-packages/airflow/example_dags/example_local_kubernetes_executor.py
[2023-07-23T19:29:54.326+0000] {logging_mixin.py:150} INFO - [2023-07-23T19:29:54.326+0000] {dag.py:2742} INFO - Sync 1 DAGs
[2023-07-23T19:29:54.416+0000] {logging_mixin.py:150} INFO - [2023-07-23T19:29:54.416+0000] {dag.py:3504} INFO - Setting next_dagrun for example_local_kubernetes_executor to None, run_after=None
[2023-07-23T19:29:54.482+0000] {processor.py:179} INFO - Processing /home/airflow/.local/lib/python3.9/site-packages/airflow/example_dags/example_local_kubernetes_executor.py took 1.982 seconds
[2023-07-23T19:30:24.612+0000] {processor.py:157} INFO - Started process (PID=314) to work on /home/airflow/.local/lib/python3.9/site-packages/airflow/example_dags/example_local_kubernetes_executor.py
[2023-07-23T19:30:24.625+0000] {processor.py:826} INFO - Processing file /home/airflow/.local/lib/python3.9/site-packages/airflow/example_dags/example_local_kubernetes_executor.py for tasks to queue
[2023-07-23T19:30:24.626+0000] {logging_mixin.py:150} INFO - [2023-07-23T19:30:24.626+0000] {dagbag.py:541} INFO - Filling up the DagBag from /home/airflow/.local/lib/python3.9/site-packages/airflow/example_dags/example_local_kubernetes_executor.py
[2023-07-23T19:30:25.265+0000] {processor.py:836} INFO - DAG(s) dict_keys(['example_local_kubernetes_executor']) retrieved from /home/airflow/.local/lib/python3.9/site-packages/airflow/example_dags/example_local_kubernetes_executor.py
[2023-07-23T19:30:25.359+0000] {logging_mixin.py:150} INFO - [2023-07-23T19:30:25.355+0000] {dag.py:2742} INFO - Sync 1 DAGs
[2023-07-23T19:30:25.396+0000] {logging_mixin.py:150} INFO - [2023-07-23T19:30:25.395+0000] {dag.py:3504} INFO - Setting next_dagrun for example_local_kubernetes_executor to None, run_after=None
[2023-07-23T19:30:25.440+0000] {processor.py:179} INFO - Processing /home/airflow/.local/lib/python3.9/site-packages/airflow/example_dags/example_local_kubernetes_executor.py took 0.832 seconds
[2023-07-23T19:30:56.237+0000] {processor.py:157} INFO - Started process (PID=376) to work on /home/airflow/.local/lib/python3.9/site-packages/airflow/example_dags/example_local_kubernetes_executor.py
[2023-07-23T19:30:56.245+0000] {processor.py:826} INFO - Processing file /home/airflow/.local/lib/python3.9/site-packages/airflow/example_dags/example_local_kubernetes_executor.py for tasks to queue
[2023-07-23T19:30:56.246+0000] {logging_mixin.py:150} INFO - [2023-07-23T19:30:56.246+0000] {dagbag.py:541} INFO - Filling up the DagBag from /home/airflow/.local/lib/python3.9/site-packages/airflow/example_dags/example_local_kubernetes_executor.py
[2023-07-23T19:30:56.996+0000] {processor.py:836} INFO - DAG(s) dict_keys(['example_local_kubernetes_executor']) retrieved from /home/airflow/.local/lib/python3.9/site-packages/airflow/example_dags/example_local_kubernetes_executor.py
[2023-07-23T19:30:57.041+0000] {logging_mixin.py:150} INFO - [2023-07-23T19:30:57.041+0000] {dag.py:2742} INFO - Sync 1 DAGs
[2023-07-23T19:30:57.067+0000] {logging_mixin.py:150} INFO - [2023-07-23T19:30:57.067+0000] {dag.py:3504} INFO - Setting next_dagrun for example_local_kubernetes_executor to None, run_after=None
[2023-07-23T19:30:57.103+0000] {processor.py:179} INFO - Processing /home/airflow/.local/lib/python3.9/site-packages/airflow/example_dags/example_local_kubernetes_executor.py took 0.881 seconds
[2023-07-23T19:31:27.602+0000] {processor.py:157} INFO - Started process (PID=438) to work on /home/airflow/.local/lib/python3.9/site-packages/airflow/example_dags/example_local_kubernetes_executor.py
[2023-07-23T19:31:27.603+0000] {processor.py:826} INFO - Processing file /home/airflow/.local/lib/python3.9/site-packages/airflow/example_dags/example_local_kubernetes_executor.py for tasks to queue
[2023-07-23T19:31:27.604+0000] {logging_mixin.py:150} INFO - [2023-07-23T19:31:27.604+0000] {dagbag.py:541} INFO - Filling up the DagBag from /home/airflow/.local/lib/python3.9/site-packages/airflow/example_dags/example_local_kubernetes_executor.py
[2023-07-23T19:31:28.400+0000] {processor.py:836} INFO - DAG(s) dict_keys(['example_local_kubernetes_executor']) retrieved from /home/airflow/.local/lib/python3.9/site-packages/airflow/example_dags/example_local_kubernetes_executor.py
[2023-07-23T19:31:28.446+0000] {logging_mixin.py:150} INFO - [2023-07-23T19:31:28.446+0000] {dag.py:2742} INFO - Sync 1 DAGs
[2023-07-23T19:31:28.485+0000] {logging_mixin.py:150} INFO - [2023-07-23T19:31:28.475+0000] {dag.py:3504} INFO - Setting next_dagrun for example_local_kubernetes_executor to None, run_after=None
[2023-07-23T19:31:28.535+0000] {processor.py:179} INFO - Processing /home/airflow/.local/lib/python3.9/site-packages/airflow/example_dags/example_local_kubernetes_executor.py took 0.961 seconds
[2023-07-23T19:31:59.238+0000] {processor.py:157} INFO - Started process (PID=499) to work on /home/airflow/.local/lib/python3.9/site-packages/airflow/example_dags/example_local_kubernetes_executor.py
[2023-07-23T19:31:59.245+0000] {processor.py:826} INFO - Processing file /home/airflow/.local/lib/python3.9/site-packages/airflow/example_dags/example_local_kubernetes_executor.py for tasks to queue
[2023-07-23T19:31:59.246+0000] {logging_mixin.py:150} INFO - [2023-07-23T19:31:59.246+0000] {dagbag.py:541} INFO - Filling up the DagBag from /home/airflow/.local/lib/python3.9/site-packages/airflow/example_dags/example_local_kubernetes_executor.py
[2023-07-23T19:32:00.313+0000] {processor.py:836} INFO - DAG(s) dict_keys(['example_local_kubernetes_executor']) retrieved from /home/airflow/.local/lib/python3.9/site-packages/airflow/example_dags/example_local_kubernetes_executor.py
[2023-07-23T19:32:00.440+0000] {logging_mixin.py:150} INFO - [2023-07-23T19:32:00.439+0000] {dag.py:2742} INFO - Sync 1 DAGs
[2023-07-23T19:32:00.511+0000] {logging_mixin.py:150} INFO - [2023-07-23T19:32:00.511+0000] {dag.py:3504} INFO - Setting next_dagrun for example_local_kubernetes_executor to None, run_after=None
[2023-07-23T19:32:00.561+0000] {processor.py:179} INFO - Processing /home/airflow/.local/lib/python3.9/site-packages/airflow/example_dags/example_local_kubernetes_executor.py took 1.328 seconds
[2023-07-23T19:32:30.975+0000] {processor.py:157} INFO - Started process (PID=561) to work on /home/airflow/.local/lib/python3.9/site-packages/airflow/example_dags/example_local_kubernetes_executor.py
[2023-07-23T19:32:30.976+0000] {processor.py:826} INFO - Processing file /home/airflow/.local/lib/python3.9/site-packages/airflow/example_dags/example_local_kubernetes_executor.py for tasks to queue
[2023-07-23T19:32:30.977+0000] {logging_mixin.py:150} INFO - [2023-07-23T19:32:30.977+0000] {dagbag.py:541} INFO - Filling up the DagBag from /home/airflow/.local/lib/python3.9/site-packages/airflow/example_dags/example_local_kubernetes_executor.py
[2023-07-23T19:32:31.774+0000] {processor.py:836} INFO - DAG(s) dict_keys(['example_local_kubernetes_executor']) retrieved from /home/airflow/.local/lib/python3.9/site-packages/airflow/example_dags/example_local_kubernetes_executor.py
[2023-07-23T19:32:31.876+0000] {logging_mixin.py:150} INFO - [2023-07-23T19:32:31.876+0000] {dag.py:2742} INFO - Sync 1 DAGs
[2023-07-23T19:32:31.936+0000] {logging_mixin.py:150} INFO - [2023-07-23T19:32:31.936+0000] {dag.py:3504} INFO - Setting next_dagrun for example_local_kubernetes_executor to None, run_after=None
[2023-07-23T19:32:31.982+0000] {processor.py:179} INFO - Processing /home/airflow/.local/lib/python3.9/site-packages/airflow/example_dags/example_local_kubernetes_executor.py took 1.021 seconds
[2023-07-23T19:33:02.311+0000] {processor.py:157} INFO - Started process (PID=624) to work on /home/airflow/.local/lib/python3.9/site-packages/airflow/example_dags/example_local_kubernetes_executor.py
[2023-07-23T19:33:02.325+0000] {processor.py:826} INFO - Processing file /home/airflow/.local/lib/python3.9/site-packages/airflow/example_dags/example_local_kubernetes_executor.py for tasks to queue
[2023-07-23T19:33:02.326+0000] {logging_mixin.py:150} INFO - [2023-07-23T19:33:02.326+0000] {dagbag.py:541} INFO - Filling up the DagBag from /home/airflow/.local/lib/python3.9/site-packages/airflow/example_dags/example_local_kubernetes_executor.py
[2023-07-23T19:33:03.087+0000] {processor.py:836} INFO - DAG(s) dict_keys(['example_local_kubernetes_executor']) retrieved from /home/airflow/.local/lib/python3.9/site-packages/airflow/example_dags/example_local_kubernetes_executor.py
[2023-07-23T19:33:03.134+0000] {logging_mixin.py:150} INFO - [2023-07-23T19:33:03.134+0000] {dag.py:2742} INFO - Sync 1 DAGs
[2023-07-23T19:33:03.217+0000] {logging_mixin.py:150} INFO - [2023-07-23T19:33:03.216+0000] {dag.py:3504} INFO - Setting next_dagrun for example_local_kubernetes_executor to None, run_after=None
[2023-07-23T19:33:03.288+0000] {processor.py:179} INFO - Processing /home/airflow/.local/lib/python3.9/site-packages/airflow/example_dags/example_local_kubernetes_executor.py took 0.981 seconds
[2023-07-23T19:41:29.303+0000] {processor.py:157} INFO - Started process (PID=62) to work on /home/airflow/.local/lib/python3.9/site-packages/airflow/example_dags/example_local_kubernetes_executor.py
[2023-07-23T19:41:29.316+0000] {processor.py:826} INFO - Processing file /home/airflow/.local/lib/python3.9/site-packages/airflow/example_dags/example_local_kubernetes_executor.py for tasks to queue
[2023-07-23T19:41:29.317+0000] {logging_mixin.py:150} INFO - [2023-07-23T19:41:29.316+0000] {dagbag.py:541} INFO - Filling up the DagBag from /home/airflow/.local/lib/python3.9/site-packages/airflow/example_dags/example_local_kubernetes_executor.py
[2023-07-23T19:41:33.501+0000] {processor.py:836} INFO - DAG(s) dict_keys(['example_local_kubernetes_executor']) retrieved from /home/airflow/.local/lib/python3.9/site-packages/airflow/example_dags/example_local_kubernetes_executor.py
[2023-07-23T19:41:33.782+0000] {logging_mixin.py:150} INFO - [2023-07-23T19:41:33.782+0000] {dag.py:2742} INFO - Sync 1 DAGs
[2023-07-23T19:41:33.899+0000] {logging_mixin.py:150} INFO - [2023-07-23T19:41:33.899+0000] {dag.py:3504} INFO - Setting next_dagrun for example_local_kubernetes_executor to None, run_after=None
[2023-07-23T19:41:33.982+0000] {processor.py:179} INFO - Processing /home/airflow/.local/lib/python3.9/site-packages/airflow/example_dags/example_local_kubernetes_executor.py took 4.683 seconds
[2023-07-23T19:42:04.794+0000] {processor.py:157} INFO - Started process (PID=129) to work on /home/airflow/.local/lib/python3.9/site-packages/airflow/example_dags/example_local_kubernetes_executor.py
[2023-07-23T19:42:04.805+0000] {processor.py:826} INFO - Processing file /home/airflow/.local/lib/python3.9/site-packages/airflow/example_dags/example_local_kubernetes_executor.py for tasks to queue
[2023-07-23T19:42:04.806+0000] {logging_mixin.py:150} INFO - [2023-07-23T19:42:04.806+0000] {dagbag.py:541} INFO - Filling up the DagBag from /home/airflow/.local/lib/python3.9/site-packages/airflow/example_dags/example_local_kubernetes_executor.py
[2023-07-23T19:42:05.925+0000] {processor.py:836} INFO - DAG(s) dict_keys(['example_local_kubernetes_executor']) retrieved from /home/airflow/.local/lib/python3.9/site-packages/airflow/example_dags/example_local_kubernetes_executor.py
[2023-07-23T19:42:06.106+0000] {logging_mixin.py:150} INFO - [2023-07-23T19:42:06.106+0000] {dag.py:2742} INFO - Sync 1 DAGs
[2023-07-23T19:42:06.205+0000] {logging_mixin.py:150} INFO - [2023-07-23T19:42:06.205+0000] {dag.py:3504} INFO - Setting next_dagrun for example_local_kubernetes_executor to None, run_after=None
[2023-07-23T19:42:06.281+0000] {processor.py:179} INFO - Processing /home/airflow/.local/lib/python3.9/site-packages/airflow/example_dags/example_local_kubernetes_executor.py took 1.492 seconds
[2023-07-23T19:42:36.887+0000] {processor.py:157} INFO - Started process (PID=190) to work on /home/airflow/.local/lib/python3.9/site-packages/airflow/example_dags/example_local_kubernetes_executor.py
[2023-07-23T19:42:36.888+0000] {processor.py:826} INFO - Processing file /home/airflow/.local/lib/python3.9/site-packages/airflow/example_dags/example_local_kubernetes_executor.py for tasks to queue
[2023-07-23T19:42:36.889+0000] {logging_mixin.py:150} INFO - [2023-07-23T19:42:36.889+0000] {dagbag.py:541} INFO - Filling up the DagBag from /home/airflow/.local/lib/python3.9/site-packages/airflow/example_dags/example_local_kubernetes_executor.py
[2023-07-23T19:42:37.704+0000] {processor.py:836} INFO - DAG(s) dict_keys(['example_local_kubernetes_executor']) retrieved from /home/airflow/.local/lib/python3.9/site-packages/airflow/example_dags/example_local_kubernetes_executor.py
[2023-07-23T19:42:37.817+0000] {logging_mixin.py:150} INFO - [2023-07-23T19:42:37.816+0000] {dag.py:2742} INFO - Sync 1 DAGs
[2023-07-23T19:42:37.874+0000] {logging_mixin.py:150} INFO - [2023-07-23T19:42:37.873+0000] {dag.py:3504} INFO - Setting next_dagrun for example_local_kubernetes_executor to None, run_after=None
[2023-07-23T19:42:37.920+0000] {processor.py:179} INFO - Processing /home/airflow/.local/lib/python3.9/site-packages/airflow/example_dags/example_local_kubernetes_executor.py took 1.047 seconds
[2023-07-23T19:43:08.512+0000] {processor.py:157} INFO - Started process (PID=251) to work on /home/airflow/.local/lib/python3.9/site-packages/airflow/example_dags/example_local_kubernetes_executor.py
[2023-07-23T19:43:08.535+0000] {processor.py:826} INFO - Processing file /home/airflow/.local/lib/python3.9/site-packages/airflow/example_dags/example_local_kubernetes_executor.py for tasks to queue
[2023-07-23T19:43:08.537+0000] {logging_mixin.py:150} INFO - [2023-07-23T19:43:08.536+0000] {dagbag.py:541} INFO - Filling up the DagBag from /home/airflow/.local/lib/python3.9/site-packages/airflow/example_dags/example_local_kubernetes_executor.py
[2023-07-23T19:43:09.820+0000] {processor.py:836} INFO - DAG(s) dict_keys(['example_local_kubernetes_executor']) retrieved from /home/airflow/.local/lib/python3.9/site-packages/airflow/example_dags/example_local_kubernetes_executor.py
[2023-07-23T19:43:09.969+0000] {logging_mixin.py:150} INFO - [2023-07-23T19:43:09.968+0000] {dag.py:2742} INFO - Sync 1 DAGs
[2023-07-23T19:43:10.046+0000] {logging_mixin.py:150} INFO - [2023-07-23T19:43:10.045+0000] {dag.py:3504} INFO - Setting next_dagrun for example_local_kubernetes_executor to None, run_after=None
[2023-07-23T19:43:10.138+0000] {processor.py:179} INFO - Processing /home/airflow/.local/lib/python3.9/site-packages/airflow/example_dags/example_local_kubernetes_executor.py took 1.630 seconds
[2023-07-23T19:43:41.023+0000] {processor.py:157} INFO - Started process (PID=315) to work on /home/airflow/.local/lib/python3.9/site-packages/airflow/example_dags/example_local_kubernetes_executor.py
[2023-07-23T19:43:41.031+0000] {processor.py:826} INFO - Processing file /home/airflow/.local/lib/python3.9/site-packages/airflow/example_dags/example_local_kubernetes_executor.py for tasks to queue
[2023-07-23T19:43:41.032+0000] {logging_mixin.py:150} INFO - [2023-07-23T19:43:41.032+0000] {dagbag.py:541} INFO - Filling up the DagBag from /home/airflow/.local/lib/python3.9/site-packages/airflow/example_dags/example_local_kubernetes_executor.py
[2023-07-23T19:43:42.634+0000] {processor.py:836} INFO - DAG(s) dict_keys(['example_local_kubernetes_executor']) retrieved from /home/airflow/.local/lib/python3.9/site-packages/airflow/example_dags/example_local_kubernetes_executor.py
[2023-07-23T19:43:42.796+0000] {logging_mixin.py:150} INFO - [2023-07-23T19:43:42.795+0000] {dag.py:2742} INFO - Sync 1 DAGs
[2023-07-23T19:43:42.945+0000] {logging_mixin.py:150} INFO - [2023-07-23T19:43:42.945+0000] {dag.py:3504} INFO - Setting next_dagrun for example_local_kubernetes_executor to None, run_after=None
[2023-07-23T19:43:43.037+0000] {processor.py:179} INFO - Processing /home/airflow/.local/lib/python3.9/site-packages/airflow/example_dags/example_local_kubernetes_executor.py took 2.019 seconds
[2023-07-23T19:44:14.044+0000] {processor.py:157} INFO - Started process (PID=377) to work on /home/airflow/.local/lib/python3.9/site-packages/airflow/example_dags/example_local_kubernetes_executor.py
[2023-07-23T19:44:14.096+0000] {processor.py:826} INFO - Processing file /home/airflow/.local/lib/python3.9/site-packages/airflow/example_dags/example_local_kubernetes_executor.py for tasks to queue
[2023-07-23T19:44:14.097+0000] {logging_mixin.py:150} INFO - [2023-07-23T19:44:14.097+0000] {dagbag.py:541} INFO - Filling up the DagBag from /home/airflow/.local/lib/python3.9/site-packages/airflow/example_dags/example_local_kubernetes_executor.py
[2023-07-23T19:44:15.829+0000] {processor.py:836} INFO - DAG(s) dict_keys(['example_local_kubernetes_executor']) retrieved from /home/airflow/.local/lib/python3.9/site-packages/airflow/example_dags/example_local_kubernetes_executor.py
[2023-07-23T19:44:16.097+0000] {logging_mixin.py:150} INFO - [2023-07-23T19:44:16.066+0000] {dag.py:2742} INFO - Sync 1 DAGs
[2023-07-23T19:44:16.346+0000] {logging_mixin.py:150} INFO - [2023-07-23T19:44:16.346+0000] {dag.py:3504} INFO - Setting next_dagrun for example_local_kubernetes_executor to None, run_after=None
[2023-07-23T19:44:16.428+0000] {processor.py:179} INFO - Processing /home/airflow/.local/lib/python3.9/site-packages/airflow/example_dags/example_local_kubernetes_executor.py took 2.388 seconds
[2023-07-23T19:44:46.542+0000] {processor.py:157} INFO - Started process (PID=434) to work on /home/airflow/.local/lib/python3.9/site-packages/airflow/example_dags/example_local_kubernetes_executor.py
[2023-07-23T19:44:46.556+0000] {processor.py:826} INFO - Processing file /home/airflow/.local/lib/python3.9/site-packages/airflow/example_dags/example_local_kubernetes_executor.py for tasks to queue
[2023-07-23T19:44:46.557+0000] {logging_mixin.py:150} INFO - [2023-07-23T19:44:46.556+0000] {dagbag.py:541} INFO - Filling up the DagBag from /home/airflow/.local/lib/python3.9/site-packages/airflow/example_dags/example_local_kubernetes_executor.py
[2023-07-23T19:44:47.796+0000] {processor.py:836} INFO - DAG(s) dict_keys(['example_local_kubernetes_executor']) retrieved from /home/airflow/.local/lib/python3.9/site-packages/airflow/example_dags/example_local_kubernetes_executor.py
[2023-07-23T19:44:47.906+0000] {logging_mixin.py:150} INFO - [2023-07-23T19:44:47.906+0000] {dag.py:2742} INFO - Sync 1 DAGs
[2023-07-23T19:44:48.012+0000] {logging_mixin.py:150} INFO - [2023-07-23T19:44:48.012+0000] {dag.py:3504} INFO - Setting next_dagrun for example_local_kubernetes_executor to None, run_after=None
[2023-07-23T19:44:48.090+0000] {processor.py:179} INFO - Processing /home/airflow/.local/lib/python3.9/site-packages/airflow/example_dags/example_local_kubernetes_executor.py took 1.552 seconds
[2023-07-23T19:45:18.884+0000] {processor.py:157} INFO - Started process (PID=499) to work on /home/airflow/.local/lib/python3.9/site-packages/airflow/example_dags/example_local_kubernetes_executor.py
[2023-07-23T19:45:18.905+0000] {processor.py:826} INFO - Processing file /home/airflow/.local/lib/python3.9/site-packages/airflow/example_dags/example_local_kubernetes_executor.py for tasks to queue
[2023-07-23T19:45:18.906+0000] {logging_mixin.py:150} INFO - [2023-07-23T19:45:18.906+0000] {dagbag.py:541} INFO - Filling up the DagBag from /home/airflow/.local/lib/python3.9/site-packages/airflow/example_dags/example_local_kubernetes_executor.py
[2023-07-23T19:45:20.773+0000] {processor.py:836} INFO - DAG(s) dict_keys(['example_local_kubernetes_executor']) retrieved from /home/airflow/.local/lib/python3.9/site-packages/airflow/example_dags/example_local_kubernetes_executor.py
[2023-07-23T19:45:20.917+0000] {logging_mixin.py:150} INFO - [2023-07-23T19:45:20.917+0000] {dag.py:2742} INFO - Sync 1 DAGs
[2023-07-23T19:45:21.026+0000] {logging_mixin.py:150} INFO - [2023-07-23T19:45:21.026+0000] {dag.py:3504} INFO - Setting next_dagrun for example_local_kubernetes_executor to None, run_after=None
[2023-07-23T19:45:21.124+0000] {processor.py:179} INFO - Processing /home/airflow/.local/lib/python3.9/site-packages/airflow/example_dags/example_local_kubernetes_executor.py took 2.245 seconds
[2023-07-23T19:45:52.441+0000] {processor.py:157} INFO - Started process (PID=562) to work on /home/airflow/.local/lib/python3.9/site-packages/airflow/example_dags/example_local_kubernetes_executor.py
[2023-07-23T19:45:52.443+0000] {processor.py:826} INFO - Processing file /home/airflow/.local/lib/python3.9/site-packages/airflow/example_dags/example_local_kubernetes_executor.py for tasks to queue
[2023-07-23T19:45:52.456+0000] {logging_mixin.py:150} INFO - [2023-07-23T19:45:52.443+0000] {dagbag.py:541} INFO - Filling up the DagBag from /home/airflow/.local/lib/python3.9/site-packages/airflow/example_dags/example_local_kubernetes_executor.py
[2023-07-23T19:45:54.559+0000] {processor.py:836} INFO - DAG(s) dict_keys(['example_local_kubernetes_executor']) retrieved from /home/airflow/.local/lib/python3.9/site-packages/airflow/example_dags/example_local_kubernetes_executor.py
[2023-07-23T19:45:54.737+0000] {logging_mixin.py:150} INFO - [2023-07-23T19:45:54.736+0000] {dag.py:2742} INFO - Sync 1 DAGs
[2023-07-23T19:45:54.832+0000] {logging_mixin.py:150} INFO - [2023-07-23T19:45:54.832+0000] {dag.py:3504} INFO - Setting next_dagrun for example_local_kubernetes_executor to None, run_after=None
[2023-07-23T19:45:54.912+0000] {processor.py:179} INFO - Processing /home/airflow/.local/lib/python3.9/site-packages/airflow/example_dags/example_local_kubernetes_executor.py took 2.581 seconds
[2023-07-23T19:46:25.443+0000] {processor.py:157} INFO - Started process (PID=626) to work on /home/airflow/.local/lib/python3.9/site-packages/airflow/example_dags/example_local_kubernetes_executor.py
[2023-07-23T19:46:25.475+0000] {processor.py:826} INFO - Processing file /home/airflow/.local/lib/python3.9/site-packages/airflow/example_dags/example_local_kubernetes_executor.py for tasks to queue
[2023-07-23T19:46:25.476+0000] {logging_mixin.py:150} INFO - [2023-07-23T19:46:25.476+0000] {dagbag.py:541} INFO - Filling up the DagBag from /home/airflow/.local/lib/python3.9/site-packages/airflow/example_dags/example_local_kubernetes_executor.py
[2023-07-23T19:46:26.361+0000] {processor.py:836} INFO - DAG(s) dict_keys(['example_local_kubernetes_executor']) retrieved from /home/airflow/.local/lib/python3.9/site-packages/airflow/example_dags/example_local_kubernetes_executor.py
[2023-07-23T19:46:26.409+0000] {logging_mixin.py:150} INFO - [2023-07-23T19:46:26.408+0000] {dag.py:2742} INFO - Sync 1 DAGs
[2023-07-23T19:46:26.468+0000] {logging_mixin.py:150} INFO - [2023-07-23T19:46:26.467+0000] {dag.py:3504} INFO - Setting next_dagrun for example_local_kubernetes_executor to None, run_after=None
[2023-07-23T19:46:26.508+0000] {processor.py:179} INFO - Processing /home/airflow/.local/lib/python3.9/site-packages/airflow/example_dags/example_local_kubernetes_executor.py took 1.068 seconds
[2023-07-23T19:46:56.766+0000] {processor.py:157} INFO - Started process (PID=688) to work on /home/airflow/.local/lib/python3.9/site-packages/airflow/example_dags/example_local_kubernetes_executor.py
[2023-07-23T19:46:56.768+0000] {processor.py:826} INFO - Processing file /home/airflow/.local/lib/python3.9/site-packages/airflow/example_dags/example_local_kubernetes_executor.py for tasks to queue
[2023-07-23T19:46:56.769+0000] {logging_mixin.py:150} INFO - [2023-07-23T19:46:56.768+0000] {dagbag.py:541} INFO - Filling up the DagBag from /home/airflow/.local/lib/python3.9/site-packages/airflow/example_dags/example_local_kubernetes_executor.py
[2023-07-23T19:46:57.828+0000] {processor.py:836} INFO - DAG(s) dict_keys(['example_local_kubernetes_executor']) retrieved from /home/airflow/.local/lib/python3.9/site-packages/airflow/example_dags/example_local_kubernetes_executor.py
[2023-07-23T19:46:57.920+0000] {logging_mixin.py:150} INFO - [2023-07-23T19:46:57.919+0000] {dag.py:2742} INFO - Sync 1 DAGs
[2023-07-23T19:46:57.984+0000] {logging_mixin.py:150} INFO - [2023-07-23T19:46:57.984+0000] {dag.py:3504} INFO - Setting next_dagrun for example_local_kubernetes_executor to None, run_after=None
[2023-07-23T19:46:58.050+0000] {processor.py:179} INFO - Processing /home/airflow/.local/lib/python3.9/site-packages/airflow/example_dags/example_local_kubernetes_executor.py took 1.300 seconds
[2023-07-23T19:47:28.295+0000] {processor.py:157} INFO - Started process (PID=758) to work on /home/airflow/.local/lib/python3.9/site-packages/airflow/example_dags/example_local_kubernetes_executor.py
[2023-07-23T19:47:28.317+0000] {processor.py:826} INFO - Processing file /home/airflow/.local/lib/python3.9/site-packages/airflow/example_dags/example_local_kubernetes_executor.py for tasks to queue
[2023-07-23T19:47:28.318+0000] {logging_mixin.py:150} INFO - [2023-07-23T19:47:28.317+0000] {dagbag.py:541} INFO - Filling up the DagBag from /home/airflow/.local/lib/python3.9/site-packages/airflow/example_dags/example_local_kubernetes_executor.py
[2023-07-23T19:47:29.369+0000] {processor.py:836} INFO - DAG(s) dict_keys(['example_local_kubernetes_executor']) retrieved from /home/airflow/.local/lib/python3.9/site-packages/airflow/example_dags/example_local_kubernetes_executor.py
[2023-07-23T19:47:29.408+0000] {logging_mixin.py:150} INFO - [2023-07-23T19:47:29.408+0000] {dag.py:2742} INFO - Sync 1 DAGs
[2023-07-23T19:47:29.439+0000] {logging_mixin.py:150} INFO - [2023-07-23T19:47:29.439+0000] {dag.py:3504} INFO - Setting next_dagrun for example_local_kubernetes_executor to None, run_after=None
[2023-07-23T19:47:29.477+0000] {processor.py:179} INFO - Processing /home/airflow/.local/lib/python3.9/site-packages/airflow/example_dags/example_local_kubernetes_executor.py took 1.186 seconds
[2023-07-23T19:47:59.714+0000] {processor.py:157} INFO - Started process (PID=820) to work on /home/airflow/.local/lib/python3.9/site-packages/airflow/example_dags/example_local_kubernetes_executor.py
[2023-07-23T19:47:59.776+0000] {processor.py:826} INFO - Processing file /home/airflow/.local/lib/python3.9/site-packages/airflow/example_dags/example_local_kubernetes_executor.py for tasks to queue
[2023-07-23T19:47:59.777+0000] {logging_mixin.py:150} INFO - [2023-07-23T19:47:59.776+0000] {dagbag.py:541} INFO - Filling up the DagBag from /home/airflow/.local/lib/python3.9/site-packages/airflow/example_dags/example_local_kubernetes_executor.py
[2023-07-23T19:48:01.789+0000] {processor.py:836} INFO - DAG(s) dict_keys(['example_local_kubernetes_executor']) retrieved from /home/airflow/.local/lib/python3.9/site-packages/airflow/example_dags/example_local_kubernetes_executor.py
[2023-07-23T19:48:02.088+0000] {logging_mixin.py:150} INFO - [2023-07-23T19:48:02.087+0000] {dag.py:2742} INFO - Sync 1 DAGs
[2023-07-23T19:48:02.258+0000] {logging_mixin.py:150} INFO - [2023-07-23T19:48:02.258+0000] {dag.py:3504} INFO - Setting next_dagrun for example_local_kubernetes_executor to None, run_after=None
[2023-07-23T19:48:02.386+0000] {processor.py:179} INFO - Processing /home/airflow/.local/lib/python3.9/site-packages/airflow/example_dags/example_local_kubernetes_executor.py took 2.677 seconds
[2023-07-23T19:48:32.480+0000] {processor.py:157} INFO - Started process (PID=875) to work on /home/airflow/.local/lib/python3.9/site-packages/airflow/example_dags/example_local_kubernetes_executor.py
[2023-07-23T19:48:32.538+0000] {processor.py:826} INFO - Processing file /home/airflow/.local/lib/python3.9/site-packages/airflow/example_dags/example_local_kubernetes_executor.py for tasks to queue
[2023-07-23T19:48:32.539+0000] {logging_mixin.py:150} INFO - [2023-07-23T19:48:32.539+0000] {dagbag.py:541} INFO - Filling up the DagBag from /home/airflow/.local/lib/python3.9/site-packages/airflow/example_dags/example_local_kubernetes_executor.py
[2023-07-23T19:48:32.892+0000] {processor.py:836} INFO - DAG(s) dict_keys(['example_local_kubernetes_executor']) retrieved from /home/airflow/.local/lib/python3.9/site-packages/airflow/example_dags/example_local_kubernetes_executor.py
[2023-07-23T19:48:32.929+0000] {logging_mixin.py:150} INFO - [2023-07-23T19:48:32.928+0000] {dag.py:2742} INFO - Sync 1 DAGs
[2023-07-23T19:48:32.955+0000] {logging_mixin.py:150} INFO - [2023-07-23T19:48:32.955+0000] {dag.py:3504} INFO - Setting next_dagrun for example_local_kubernetes_executor to None, run_after=None
[2023-07-23T19:48:33.074+0000] {processor.py:179} INFO - Processing /home/airflow/.local/lib/python3.9/site-packages/airflow/example_dags/example_local_kubernetes_executor.py took 0.598 seconds
[2023-07-23T19:49:03.533+0000] {processor.py:157} INFO - Started process (PID=936) to work on /home/airflow/.local/lib/python3.9/site-packages/airflow/example_dags/example_local_kubernetes_executor.py
[2023-07-23T19:49:03.576+0000] {processor.py:826} INFO - Processing file /home/airflow/.local/lib/python3.9/site-packages/airflow/example_dags/example_local_kubernetes_executor.py for tasks to queue
[2023-07-23T19:49:03.580+0000] {logging_mixin.py:150} INFO - [2023-07-23T19:49:03.576+0000] {dagbag.py:541} INFO - Filling up the DagBag from /home/airflow/.local/lib/python3.9/site-packages/airflow/example_dags/example_local_kubernetes_executor.py
[2023-07-23T19:49:04.998+0000] {processor.py:836} INFO - DAG(s) dict_keys(['example_local_kubernetes_executor']) retrieved from /home/airflow/.local/lib/python3.9/site-packages/airflow/example_dags/example_local_kubernetes_executor.py
[2023-07-23T19:49:05.112+0000] {logging_mixin.py:150} INFO - [2023-07-23T19:49:05.111+0000] {dag.py:2742} INFO - Sync 1 DAGs
[2023-07-23T19:49:05.206+0000] {logging_mixin.py:150} INFO - [2023-07-23T19:49:05.206+0000] {dag.py:3504} INFO - Setting next_dagrun for example_local_kubernetes_executor to None, run_after=None
[2023-07-23T19:49:05.298+0000] {processor.py:179} INFO - Processing /home/airflow/.local/lib/python3.9/site-packages/airflow/example_dags/example_local_kubernetes_executor.py took 1.769 seconds
[2023-07-23T19:49:36.684+0000] {processor.py:157} INFO - Started process (PID=999) to work on /home/airflow/.local/lib/python3.9/site-packages/airflow/example_dags/example_local_kubernetes_executor.py
[2023-07-23T19:49:36.722+0000] {processor.py:826} INFO - Processing file /home/airflow/.local/lib/python3.9/site-packages/airflow/example_dags/example_local_kubernetes_executor.py for tasks to queue
[2023-07-23T19:49:36.723+0000] {logging_mixin.py:150} INFO - [2023-07-23T19:49:36.722+0000] {dagbag.py:541} INFO - Filling up the DagBag from /home/airflow/.local/lib/python3.9/site-packages/airflow/example_dags/example_local_kubernetes_executor.py
[2023-07-23T19:49:38.359+0000] {processor.py:836} INFO - DAG(s) dict_keys(['example_local_kubernetes_executor']) retrieved from /home/airflow/.local/lib/python3.9/site-packages/airflow/example_dags/example_local_kubernetes_executor.py
[2023-07-23T19:49:38.488+0000] {logging_mixin.py:150} INFO - [2023-07-23T19:49:38.488+0000] {dag.py:2742} INFO - Sync 1 DAGs
[2023-07-23T19:49:38.576+0000] {logging_mixin.py:150} INFO - [2023-07-23T19:49:38.576+0000] {dag.py:3504} INFO - Setting next_dagrun for example_local_kubernetes_executor to None, run_after=None
[2023-07-23T19:49:38.678+0000] {processor.py:179} INFO - Processing /home/airflow/.local/lib/python3.9/site-packages/airflow/example_dags/example_local_kubernetes_executor.py took 1.998 seconds
[2023-07-23T19:50:09.196+0000] {processor.py:157} INFO - Started process (PID=1061) to work on /home/airflow/.local/lib/python3.9/site-packages/airflow/example_dags/example_local_kubernetes_executor.py
[2023-07-23T19:50:09.205+0000] {processor.py:826} INFO - Processing file /home/airflow/.local/lib/python3.9/site-packages/airflow/example_dags/example_local_kubernetes_executor.py for tasks to queue
[2023-07-23T19:50:09.207+0000] {logging_mixin.py:150} INFO - [2023-07-23T19:50:09.206+0000] {dagbag.py:541} INFO - Filling up the DagBag from /home/airflow/.local/lib/python3.9/site-packages/airflow/example_dags/example_local_kubernetes_executor.py
[2023-07-23T19:50:12.185+0000] {processor.py:836} INFO - DAG(s) dict_keys(['example_local_kubernetes_executor']) retrieved from /home/airflow/.local/lib/python3.9/site-packages/airflow/example_dags/example_local_kubernetes_executor.py
[2023-07-23T19:50:12.556+0000] {logging_mixin.py:150} INFO - [2023-07-23T19:50:12.556+0000] {dag.py:2742} INFO - Sync 1 DAGs
[2023-07-23T19:50:12.868+0000] {logging_mixin.py:150} INFO - [2023-07-23T19:50:12.867+0000] {dag.py:3504} INFO - Setting next_dagrun for example_local_kubernetes_executor to None, run_after=None
[2023-07-23T19:50:13.141+0000] {processor.py:179} INFO - Processing /home/airflow/.local/lib/python3.9/site-packages/airflow/example_dags/example_local_kubernetes_executor.py took 3.998 seconds
[2023-07-23T19:50:43.349+0000] {processor.py:157} INFO - Started process (PID=1115) to work on /home/airflow/.local/lib/python3.9/site-packages/airflow/example_dags/example_local_kubernetes_executor.py
[2023-07-23T19:50:43.375+0000] {processor.py:826} INFO - Processing file /home/airflow/.local/lib/python3.9/site-packages/airflow/example_dags/example_local_kubernetes_executor.py for tasks to queue
[2023-07-23T19:50:43.377+0000] {logging_mixin.py:150} INFO - [2023-07-23T19:50:43.376+0000] {dagbag.py:541} INFO - Filling up the DagBag from /home/airflow/.local/lib/python3.9/site-packages/airflow/example_dags/example_local_kubernetes_executor.py
[2023-07-23T19:50:45.810+0000] {processor.py:836} INFO - DAG(s) dict_keys(['example_local_kubernetes_executor']) retrieved from /home/airflow/.local/lib/python3.9/site-packages/airflow/example_dags/example_local_kubernetes_executor.py
[2023-07-23T19:50:45.973+0000] {logging_mixin.py:150} INFO - [2023-07-23T19:50:45.971+0000] {dag.py:2742} INFO - Sync 1 DAGs
[2023-07-23T19:50:46.064+0000] {logging_mixin.py:150} INFO - [2023-07-23T19:50:46.064+0000] {dag.py:3504} INFO - Setting next_dagrun for example_local_kubernetes_executor to None, run_after=None
[2023-07-23T19:50:46.296+0000] {processor.py:179} INFO - Processing /home/airflow/.local/lib/python3.9/site-packages/airflow/example_dags/example_local_kubernetes_executor.py took 2.951 seconds
[2023-07-23T19:51:16.464+0000] {processor.py:157} INFO - Started process (PID=1177) to work on /home/airflow/.local/lib/python3.9/site-packages/airflow/example_dags/example_local_kubernetes_executor.py
[2023-07-23T19:51:16.482+0000] {processor.py:826} INFO - Processing file /home/airflow/.local/lib/python3.9/site-packages/airflow/example_dags/example_local_kubernetes_executor.py for tasks to queue
[2023-07-23T19:51:16.483+0000] {logging_mixin.py:150} INFO - [2023-07-23T19:51:16.483+0000] {dagbag.py:541} INFO - Filling up the DagBag from /home/airflow/.local/lib/python3.9/site-packages/airflow/example_dags/example_local_kubernetes_executor.py
[2023-07-23T19:51:17.682+0000] {processor.py:836} INFO - DAG(s) dict_keys(['example_local_kubernetes_executor']) retrieved from /home/airflow/.local/lib/python3.9/site-packages/airflow/example_dags/example_local_kubernetes_executor.py
[2023-07-23T19:51:17.836+0000] {logging_mixin.py:150} INFO - [2023-07-23T19:51:17.836+0000] {dag.py:2742} INFO - Sync 1 DAGs
[2023-07-23T19:51:17.922+0000] {logging_mixin.py:150} INFO - [2023-07-23T19:51:17.922+0000] {dag.py:3504} INFO - Setting next_dagrun for example_local_kubernetes_executor to None, run_after=None
[2023-07-23T19:51:18.060+0000] {processor.py:179} INFO - Processing /home/airflow/.local/lib/python3.9/site-packages/airflow/example_dags/example_local_kubernetes_executor.py took 1.601 seconds
[2023-07-23T19:51:48.319+0000] {processor.py:157} INFO - Started process (PID=1238) to work on /home/airflow/.local/lib/python3.9/site-packages/airflow/example_dags/example_local_kubernetes_executor.py
[2023-07-23T19:51:48.335+0000] {processor.py:826} INFO - Processing file /home/airflow/.local/lib/python3.9/site-packages/airflow/example_dags/example_local_kubernetes_executor.py for tasks to queue
[2023-07-23T19:51:48.336+0000] {logging_mixin.py:150} INFO - [2023-07-23T19:51:48.336+0000] {dagbag.py:541} INFO - Filling up the DagBag from /home/airflow/.local/lib/python3.9/site-packages/airflow/example_dags/example_local_kubernetes_executor.py
[2023-07-23T19:51:49.447+0000] {processor.py:836} INFO - DAG(s) dict_keys(['example_local_kubernetes_executor']) retrieved from /home/airflow/.local/lib/python3.9/site-packages/airflow/example_dags/example_local_kubernetes_executor.py
[2023-07-23T19:51:49.605+0000] {logging_mixin.py:150} INFO - [2023-07-23T19:51:49.604+0000] {dag.py:2742} INFO - Sync 1 DAGs
[2023-07-23T19:51:49.708+0000] {logging_mixin.py:150} INFO - [2023-07-23T19:51:49.708+0000] {dag.py:3504} INFO - Setting next_dagrun for example_local_kubernetes_executor to None, run_after=None
[2023-07-23T19:51:49.786+0000] {processor.py:179} INFO - Processing /home/airflow/.local/lib/python3.9/site-packages/airflow/example_dags/example_local_kubernetes_executor.py took 1.487 seconds
[2023-07-23T19:52:20.004+0000] {processor.py:157} INFO - Started process (PID=1301) to work on /home/airflow/.local/lib/python3.9/site-packages/airflow/example_dags/example_local_kubernetes_executor.py
[2023-07-23T19:52:20.025+0000] {processor.py:826} INFO - Processing file /home/airflow/.local/lib/python3.9/site-packages/airflow/example_dags/example_local_kubernetes_executor.py for tasks to queue
[2023-07-23T19:52:20.026+0000] {logging_mixin.py:150} INFO - [2023-07-23T19:52:20.026+0000] {dagbag.py:541} INFO - Filling up the DagBag from /home/airflow/.local/lib/python3.9/site-packages/airflow/example_dags/example_local_kubernetes_executor.py
[2023-07-23T19:52:21.598+0000] {processor.py:836} INFO - DAG(s) dict_keys(['example_local_kubernetes_executor']) retrieved from /home/airflow/.local/lib/python3.9/site-packages/airflow/example_dags/example_local_kubernetes_executor.py
[2023-07-23T19:52:21.858+0000] {logging_mixin.py:150} INFO - [2023-07-23T19:52:21.858+0000] {dag.py:2742} INFO - Sync 1 DAGs
[2023-07-23T19:52:22.000+0000] {logging_mixin.py:150} INFO - [2023-07-23T19:52:22.000+0000] {dag.py:3504} INFO - Setting next_dagrun for example_local_kubernetes_executor to None, run_after=None
[2023-07-23T19:52:22.167+0000] {processor.py:179} INFO - Processing /home/airflow/.local/lib/python3.9/site-packages/airflow/example_dags/example_local_kubernetes_executor.py took 2.168 seconds
[2023-07-23T19:52:52.494+0000] {processor.py:157} INFO - Started process (PID=1361) to work on /home/airflow/.local/lib/python3.9/site-packages/airflow/example_dags/example_local_kubernetes_executor.py
[2023-07-23T19:52:52.530+0000] {processor.py:826} INFO - Processing file /home/airflow/.local/lib/python3.9/site-packages/airflow/example_dags/example_local_kubernetes_executor.py for tasks to queue
[2023-07-23T19:52:52.531+0000] {logging_mixin.py:150} INFO - [2023-07-23T19:52:52.530+0000] {dagbag.py:541} INFO - Filling up the DagBag from /home/airflow/.local/lib/python3.9/site-packages/airflow/example_dags/example_local_kubernetes_executor.py
[2023-07-23T19:52:55.095+0000] {processor.py:836} INFO - DAG(s) dict_keys(['example_local_kubernetes_executor']) retrieved from /home/airflow/.local/lib/python3.9/site-packages/airflow/example_dags/example_local_kubernetes_executor.py
[2023-07-23T19:52:55.392+0000] {logging_mixin.py:150} INFO - [2023-07-23T19:52:55.392+0000] {dag.py:2742} INFO - Sync 1 DAGs
[2023-07-23T19:52:55.588+0000] {logging_mixin.py:150} INFO - [2023-07-23T19:52:55.587+0000] {dag.py:3504} INFO - Setting next_dagrun for example_local_kubernetes_executor to None, run_after=None
[2023-07-23T19:52:55.684+0000] {processor.py:179} INFO - Processing /home/airflow/.local/lib/python3.9/site-packages/airflow/example_dags/example_local_kubernetes_executor.py took 3.194 seconds
[2023-07-23T19:53:26.939+0000] {processor.py:157} INFO - Started process (PID=1417) to work on /home/airflow/.local/lib/python3.9/site-packages/airflow/example_dags/example_local_kubernetes_executor.py
[2023-07-23T19:53:26.945+0000] {processor.py:826} INFO - Processing file /home/airflow/.local/lib/python3.9/site-packages/airflow/example_dags/example_local_kubernetes_executor.py for tasks to queue
[2023-07-23T19:53:26.946+0000] {logging_mixin.py:150} INFO - [2023-07-23T19:53:26.946+0000] {dagbag.py:541} INFO - Filling up the DagBag from /home/airflow/.local/lib/python3.9/site-packages/airflow/example_dags/example_local_kubernetes_executor.py
[2023-07-23T19:53:28.274+0000] {processor.py:836} INFO - DAG(s) dict_keys(['example_local_kubernetes_executor']) retrieved from /home/airflow/.local/lib/python3.9/site-packages/airflow/example_dags/example_local_kubernetes_executor.py
[2023-07-23T19:53:28.407+0000] {logging_mixin.py:150} INFO - [2023-07-23T19:53:28.407+0000] {dag.py:2742} INFO - Sync 1 DAGs
[2023-07-23T19:53:28.493+0000] {logging_mixin.py:150} INFO - [2023-07-23T19:53:28.492+0000] {dag.py:3504} INFO - Setting next_dagrun for example_local_kubernetes_executor to None, run_after=None
[2023-07-23T19:53:28.557+0000] {processor.py:179} INFO - Processing /home/airflow/.local/lib/python3.9/site-packages/airflow/example_dags/example_local_kubernetes_executor.py took 1.642 seconds
[2023-07-23T19:53:59.179+0000] {processor.py:157} INFO - Started process (PID=1483) to work on /home/airflow/.local/lib/python3.9/site-packages/airflow/example_dags/example_local_kubernetes_executor.py
[2023-07-23T19:53:59.181+0000] {processor.py:826} INFO - Processing file /home/airflow/.local/lib/python3.9/site-packages/airflow/example_dags/example_local_kubernetes_executor.py for tasks to queue
[2023-07-23T19:53:59.183+0000] {logging_mixin.py:150} INFO - [2023-07-23T19:53:59.182+0000] {dagbag.py:541} INFO - Filling up the DagBag from /home/airflow/.local/lib/python3.9/site-packages/airflow/example_dags/example_local_kubernetes_executor.py
[2023-07-23T19:54:00.770+0000] {processor.py:836} INFO - DAG(s) dict_keys(['example_local_kubernetes_executor']) retrieved from /home/airflow/.local/lib/python3.9/site-packages/airflow/example_dags/example_local_kubernetes_executor.py
[2023-07-23T19:54:00.850+0000] {logging_mixin.py:150} INFO - [2023-07-23T19:54:00.850+0000] {dag.py:2742} INFO - Sync 1 DAGs
[2023-07-23T19:54:00.902+0000] {logging_mixin.py:150} INFO - [2023-07-23T19:54:00.902+0000] {dag.py:3504} INFO - Setting next_dagrun for example_local_kubernetes_executor to None, run_after=None
[2023-07-23T19:54:00.968+0000] {processor.py:179} INFO - Processing /home/airflow/.local/lib/python3.9/site-packages/airflow/example_dags/example_local_kubernetes_executor.py took 1.809 seconds
[2023-07-23T19:54:32.356+0000] {processor.py:157} INFO - Started process (PID=1548) to work on /home/airflow/.local/lib/python3.9/site-packages/airflow/example_dags/example_local_kubernetes_executor.py
[2023-07-23T19:54:32.358+0000] {processor.py:826} INFO - Processing file /home/airflow/.local/lib/python3.9/site-packages/airflow/example_dags/example_local_kubernetes_executor.py for tasks to queue
[2023-07-23T19:54:32.359+0000] {logging_mixin.py:150} INFO - [2023-07-23T19:54:32.359+0000] {dagbag.py:541} INFO - Filling up the DagBag from /home/airflow/.local/lib/python3.9/site-packages/airflow/example_dags/example_local_kubernetes_executor.py
[2023-07-23T19:54:33.698+0000] {processor.py:836} INFO - DAG(s) dict_keys(['example_local_kubernetes_executor']) retrieved from /home/airflow/.local/lib/python3.9/site-packages/airflow/example_dags/example_local_kubernetes_executor.py
[2023-07-23T19:54:33.871+0000] {logging_mixin.py:150} INFO - [2023-07-23T19:54:33.870+0000] {dag.py:2742} INFO - Sync 1 DAGs
[2023-07-23T19:54:34.015+0000] {logging_mixin.py:150} INFO - [2023-07-23T19:54:34.014+0000] {dag.py:3504} INFO - Setting next_dagrun for example_local_kubernetes_executor to None, run_after=None
[2023-07-23T19:54:34.096+0000] {processor.py:179} INFO - Processing /home/airflow/.local/lib/python3.9/site-packages/airflow/example_dags/example_local_kubernetes_executor.py took 1.754 seconds
[2023-07-23T19:55:05.317+0000] {processor.py:157} INFO - Started process (PID=1614) to work on /home/airflow/.local/lib/python3.9/site-packages/airflow/example_dags/example_local_kubernetes_executor.py
[2023-07-23T19:55:05.326+0000] {processor.py:826} INFO - Processing file /home/airflow/.local/lib/python3.9/site-packages/airflow/example_dags/example_local_kubernetes_executor.py for tasks to queue
[2023-07-23T19:55:05.328+0000] {logging_mixin.py:150} INFO - [2023-07-23T19:55:05.327+0000] {dagbag.py:541} INFO - Filling up the DagBag from /home/airflow/.local/lib/python3.9/site-packages/airflow/example_dags/example_local_kubernetes_executor.py
[2023-07-23T19:55:07.831+0000] {processor.py:836} INFO - DAG(s) dict_keys(['example_local_kubernetes_executor']) retrieved from /home/airflow/.local/lib/python3.9/site-packages/airflow/example_dags/example_local_kubernetes_executor.py
[2023-07-23T19:55:08.086+0000] {logging_mixin.py:150} INFO - [2023-07-23T19:55:08.086+0000] {dag.py:2742} INFO - Sync 1 DAGs
[2023-07-23T19:55:08.282+0000] {logging_mixin.py:150} INFO - [2023-07-23T19:55:08.282+0000] {dag.py:3504} INFO - Setting next_dagrun for example_local_kubernetes_executor to None, run_after=None
[2023-07-23T19:55:08.430+0000] {processor.py:179} INFO - Processing /home/airflow/.local/lib/python3.9/site-packages/airflow/example_dags/example_local_kubernetes_executor.py took 3.139 seconds
[2023-07-23T19:55:39.240+0000] {processor.py:157} INFO - Started process (PID=1680) to work on /home/airflow/.local/lib/python3.9/site-packages/airflow/example_dags/example_local_kubernetes_executor.py
[2023-07-23T19:55:39.247+0000] {processor.py:826} INFO - Processing file /home/airflow/.local/lib/python3.9/site-packages/airflow/example_dags/example_local_kubernetes_executor.py for tasks to queue
[2023-07-23T19:55:39.248+0000] {logging_mixin.py:150} INFO - [2023-07-23T19:55:39.248+0000] {dagbag.py:541} INFO - Filling up the DagBag from /home/airflow/.local/lib/python3.9/site-packages/airflow/example_dags/example_local_kubernetes_executor.py
[2023-07-23T19:55:40.709+0000] {processor.py:836} INFO - DAG(s) dict_keys(['example_local_kubernetes_executor']) retrieved from /home/airflow/.local/lib/python3.9/site-packages/airflow/example_dags/example_local_kubernetes_executor.py
[2023-07-23T19:55:40.932+0000] {logging_mixin.py:150} INFO - [2023-07-23T19:55:40.931+0000] {dag.py:2742} INFO - Sync 1 DAGs
[2023-07-23T19:55:41.076+0000] {logging_mixin.py:150} INFO - [2023-07-23T19:55:41.076+0000] {dag.py:3504} INFO - Setting next_dagrun for example_local_kubernetes_executor to None, run_after=None
[2023-07-23T19:55:42.466+0000] {processor.py:179} INFO - Processing /home/airflow/.local/lib/python3.9/site-packages/airflow/example_dags/example_local_kubernetes_executor.py took 3.230 seconds
[2023-07-23T19:56:13.470+0000] {processor.py:157} INFO - Started process (PID=1744) to work on /home/airflow/.local/lib/python3.9/site-packages/airflow/example_dags/example_local_kubernetes_executor.py
[2023-07-23T19:56:13.481+0000] {processor.py:826} INFO - Processing file /home/airflow/.local/lib/python3.9/site-packages/airflow/example_dags/example_local_kubernetes_executor.py for tasks to queue
[2023-07-23T19:56:13.481+0000] {logging_mixin.py:150} INFO - [2023-07-23T19:56:13.481+0000] {dagbag.py:541} INFO - Filling up the DagBag from /home/airflow/.local/lib/python3.9/site-packages/airflow/example_dags/example_local_kubernetes_executor.py
[2023-07-23T19:56:14.407+0000] {processor.py:836} INFO - DAG(s) dict_keys(['example_local_kubernetes_executor']) retrieved from /home/airflow/.local/lib/python3.9/site-packages/airflow/example_dags/example_local_kubernetes_executor.py
[2023-07-23T19:56:14.618+0000] {logging_mixin.py:150} INFO - [2023-07-23T19:56:14.617+0000] {dag.py:2742} INFO - Sync 1 DAGs
[2023-07-23T19:56:14.693+0000] {logging_mixin.py:150} INFO - [2023-07-23T19:56:14.692+0000] {dag.py:3504} INFO - Setting next_dagrun for example_local_kubernetes_executor to None, run_after=None
[2023-07-23T19:56:14.830+0000] {processor.py:179} INFO - Processing /home/airflow/.local/lib/python3.9/site-packages/airflow/example_dags/example_local_kubernetes_executor.py took 1.364 seconds
[2023-07-23T19:56:45.341+0000] {processor.py:157} INFO - Started process (PID=1806) to work on /home/airflow/.local/lib/python3.9/site-packages/airflow/example_dags/example_local_kubernetes_executor.py
[2023-07-23T19:56:45.355+0000] {processor.py:826} INFO - Processing file /home/airflow/.local/lib/python3.9/site-packages/airflow/example_dags/example_local_kubernetes_executor.py for tasks to queue
[2023-07-23T19:56:45.356+0000] {logging_mixin.py:150} INFO - [2023-07-23T19:56:45.356+0000] {dagbag.py:541} INFO - Filling up the DagBag from /home/airflow/.local/lib/python3.9/site-packages/airflow/example_dags/example_local_kubernetes_executor.py
[2023-07-23T19:56:46.568+0000] {processor.py:836} INFO - DAG(s) dict_keys(['example_local_kubernetes_executor']) retrieved from /home/airflow/.local/lib/python3.9/site-packages/airflow/example_dags/example_local_kubernetes_executor.py
[2023-07-23T19:56:46.676+0000] {logging_mixin.py:150} INFO - [2023-07-23T19:56:46.675+0000] {dag.py:2742} INFO - Sync 1 DAGs
[2023-07-23T19:56:46.751+0000] {logging_mixin.py:150} INFO - [2023-07-23T19:56:46.751+0000] {dag.py:3504} INFO - Setting next_dagrun for example_local_kubernetes_executor to None, run_after=None
[2023-07-23T19:56:46.826+0000] {processor.py:179} INFO - Processing /home/airflow/.local/lib/python3.9/site-packages/airflow/example_dags/example_local_kubernetes_executor.py took 1.490 seconds
[2023-07-23T19:57:25.371+0000] {processor.py:157} INFO - Started process (PID=1878) to work on /home/airflow/.local/lib/python3.9/site-packages/airflow/example_dags/example_local_kubernetes_executor.py
[2023-07-23T19:57:25.390+0000] {processor.py:826} INFO - Processing file /home/airflow/.local/lib/python3.9/site-packages/airflow/example_dags/example_local_kubernetes_executor.py for tasks to queue
[2023-07-23T19:57:25.391+0000] {logging_mixin.py:150} INFO - [2023-07-23T19:57:25.390+0000] {dagbag.py:541} INFO - Filling up the DagBag from /home/airflow/.local/lib/python3.9/site-packages/airflow/example_dags/example_local_kubernetes_executor.py
[2023-07-23T19:57:33.191+0000] {processor.py:836} INFO - DAG(s) dict_keys(['example_local_kubernetes_executor']) retrieved from /home/airflow/.local/lib/python3.9/site-packages/airflow/example_dags/example_local_kubernetes_executor.py
[2023-07-23T19:57:33.952+0000] {logging_mixin.py:150} INFO - [2023-07-23T19:57:33.951+0000] {dag.py:2742} INFO - Sync 1 DAGs
[2023-07-23T19:57:34.534+0000] {logging_mixin.py:150} INFO - [2023-07-23T19:57:34.534+0000] {dag.py:3504} INFO - Setting next_dagrun for example_local_kubernetes_executor to None, run_after=None
[2023-07-23T19:57:40.717+0000] {processor.py:179} INFO - Processing /home/airflow/.local/lib/python3.9/site-packages/airflow/example_dags/example_local_kubernetes_executor.py took 15.351 seconds
[2023-07-23T20:01:07.944+0000] {processor.py:157} INFO - Started process (PID=82) to work on /home/airflow/.local/lib/python3.9/site-packages/airflow/example_dags/example_local_kubernetes_executor.py
[2023-07-23T20:01:07.955+0000] {processor.py:826} INFO - Processing file /home/airflow/.local/lib/python3.9/site-packages/airflow/example_dags/example_local_kubernetes_executor.py for tasks to queue
[2023-07-23T20:01:07.957+0000] {logging_mixin.py:150} INFO - [2023-07-23T20:01:07.956+0000] {dagbag.py:541} INFO - Filling up the DagBag from /home/airflow/.local/lib/python3.9/site-packages/airflow/example_dags/example_local_kubernetes_executor.py
[2023-07-23T20:01:12.913+0000] {processor.py:836} INFO - DAG(s) dict_keys(['example_local_kubernetes_executor']) retrieved from /home/airflow/.local/lib/python3.9/site-packages/airflow/example_dags/example_local_kubernetes_executor.py
[2023-07-23T20:01:13.078+0000] {logging_mixin.py:150} INFO - [2023-07-23T20:01:13.077+0000] {dag.py:2742} INFO - Sync 1 DAGs
[2023-07-23T20:01:13.148+0000] {logging_mixin.py:150} INFO - [2023-07-23T20:01:13.148+0000] {dag.py:3504} INFO - Setting next_dagrun for example_local_kubernetes_executor to None, run_after=None
[2023-07-23T20:01:13.217+0000] {processor.py:179} INFO - Processing /home/airflow/.local/lib/python3.9/site-packages/airflow/example_dags/example_local_kubernetes_executor.py took 5.295 seconds
[2023-07-23T20:05:44.834+0000] {processor.py:157} INFO - Started process (PID=114) to work on /home/airflow/.local/lib/python3.9/site-packages/airflow/example_dags/example_local_kubernetes_executor.py
[2023-07-23T20:05:44.855+0000] {processor.py:826} INFO - Processing file /home/airflow/.local/lib/python3.9/site-packages/airflow/example_dags/example_local_kubernetes_executor.py for tasks to queue
[2023-07-23T20:05:44.857+0000] {logging_mixin.py:150} INFO - [2023-07-23T20:05:44.856+0000] {dagbag.py:541} INFO - Filling up the DagBag from /home/airflow/.local/lib/python3.9/site-packages/airflow/example_dags/example_local_kubernetes_executor.py
[2023-07-23T20:05:49.545+0000] {processor.py:836} INFO - DAG(s) dict_keys(['example_local_kubernetes_executor']) retrieved from /home/airflow/.local/lib/python3.9/site-packages/airflow/example_dags/example_local_kubernetes_executor.py
[2023-07-23T20:05:49.726+0000] {logging_mixin.py:150} INFO - [2023-07-23T20:05:49.726+0000] {dag.py:2742} INFO - Sync 1 DAGs
[2023-07-23T20:05:49.789+0000] {logging_mixin.py:150} INFO - [2023-07-23T20:05:49.789+0000] {dag.py:3504} INFO - Setting next_dagrun for example_local_kubernetes_executor to None, run_after=None
[2023-07-23T20:05:49.866+0000] {processor.py:179} INFO - Processing /home/airflow/.local/lib/python3.9/site-packages/airflow/example_dags/example_local_kubernetes_executor.py took 5.036 seconds
[2023-07-23T20:06:20.502+0000] {processor.py:157} INFO - Started process (PID=176) to work on /home/airflow/.local/lib/python3.9/site-packages/airflow/example_dags/example_local_kubernetes_executor.py
[2023-07-23T20:06:20.518+0000] {processor.py:826} INFO - Processing file /home/airflow/.local/lib/python3.9/site-packages/airflow/example_dags/example_local_kubernetes_executor.py for tasks to queue
[2023-07-23T20:06:20.519+0000] {logging_mixin.py:150} INFO - [2023-07-23T20:06:20.519+0000] {dagbag.py:541} INFO - Filling up the DagBag from /home/airflow/.local/lib/python3.9/site-packages/airflow/example_dags/example_local_kubernetes_executor.py
[2023-07-23T20:06:25.282+0000] {processor.py:836} INFO - DAG(s) dict_keys(['example_local_kubernetes_executor']) retrieved from /home/airflow/.local/lib/python3.9/site-packages/airflow/example_dags/example_local_kubernetes_executor.py
[2023-07-23T20:06:25.661+0000] {logging_mixin.py:150} INFO - [2023-07-23T20:06:25.660+0000] {dag.py:2742} INFO - Sync 1 DAGs
[2023-07-23T20:06:26.136+0000] {logging_mixin.py:150} INFO - [2023-07-23T20:06:26.135+0000] {dag.py:3504} INFO - Setting next_dagrun for example_local_kubernetes_executor to None, run_after=None
[2023-07-23T20:06:26.320+0000] {processor.py:179} INFO - Processing /home/airflow/.local/lib/python3.9/site-packages/airflow/example_dags/example_local_kubernetes_executor.py took 5.846 seconds
[2023-07-23T20:08:22.936+0000] {processor.py:157} INFO - Started process (PID=275) to work on /home/airflow/.local/lib/python3.9/site-packages/airflow/example_dags/example_local_kubernetes_executor.py
[2023-07-23T20:08:23.310+0000] {processor.py:826} INFO - Processing file /home/airflow/.local/lib/python3.9/site-packages/airflow/example_dags/example_local_kubernetes_executor.py for tasks to queue
[2023-07-23T20:08:23.311+0000] {logging_mixin.py:150} INFO - [2023-07-23T20:08:23.310+0000] {dagbag.py:541} INFO - Filling up the DagBag from /home/airflow/.local/lib/python3.9/site-packages/airflow/example_dags/example_local_kubernetes_executor.py
[2023-07-23T20:08:38.304+0000] {processor.py:836} INFO - DAG(s) dict_keys(['example_local_kubernetes_executor']) retrieved from /home/airflow/.local/lib/python3.9/site-packages/airflow/example_dags/example_local_kubernetes_executor.py
[2023-07-23T20:08:39.313+0000] {logging_mixin.py:150} INFO - [2023-07-23T20:08:39.313+0000] {dag.py:2742} INFO - Sync 1 DAGs
[2023-07-23T20:08:40.592+0000] {logging_mixin.py:150} INFO - [2023-07-23T20:08:40.592+0000] {dag.py:3504} INFO - Setting next_dagrun for example_local_kubernetes_executor to None, run_after=None
[2023-07-23T20:08:41.060+0000] {processor.py:179} INFO - Processing /home/airflow/.local/lib/python3.9/site-packages/airflow/example_dags/example_local_kubernetes_executor.py took 18.275 seconds
[2023-07-23T20:09:56.694+0000] {processor.py:157} INFO - Started process (PID=362) to work on /home/airflow/.local/lib/python3.9/site-packages/airflow/example_dags/example_local_kubernetes_executor.py
[2023-07-23T20:09:56.772+0000] {processor.py:826} INFO - Processing file /home/airflow/.local/lib/python3.9/site-packages/airflow/example_dags/example_local_kubernetes_executor.py for tasks to queue
[2023-07-23T20:09:56.773+0000] {logging_mixin.py:150} INFO - [2023-07-23T20:09:56.773+0000] {dagbag.py:541} INFO - Filling up the DagBag from /home/airflow/.local/lib/python3.9/site-packages/airflow/example_dags/example_local_kubernetes_executor.py
[2023-07-23T20:10:02.472+0000] {processor.py:836} INFO - DAG(s) dict_keys(['example_local_kubernetes_executor']) retrieved from /home/airflow/.local/lib/python3.9/site-packages/airflow/example_dags/example_local_kubernetes_executor.py
[2023-07-23T20:10:02.801+0000] {logging_mixin.py:150} INFO - [2023-07-23T20:10:02.800+0000] {dag.py:2742} INFO - Sync 1 DAGs
[2023-07-23T20:10:03.558+0000] {logging_mixin.py:150} INFO - [2023-07-23T20:10:03.557+0000] {dag.py:3504} INFO - Setting next_dagrun for example_local_kubernetes_executor to None, run_after=None
[2023-07-23T20:10:04.155+0000] {processor.py:179} INFO - Processing /home/airflow/.local/lib/python3.9/site-packages/airflow/example_dags/example_local_kubernetes_executor.py took 7.600 seconds
[2023-07-23T20:10:34.588+0000] {processor.py:157} INFO - Started process (PID=423) to work on /home/airflow/.local/lib/python3.9/site-packages/airflow/example_dags/example_local_kubernetes_executor.py
[2023-07-23T20:10:34.606+0000] {processor.py:826} INFO - Processing file /home/airflow/.local/lib/python3.9/site-packages/airflow/example_dags/example_local_kubernetes_executor.py for tasks to queue
[2023-07-23T20:10:34.607+0000] {logging_mixin.py:150} INFO - [2023-07-23T20:10:34.606+0000] {dagbag.py:541} INFO - Filling up the DagBag from /home/airflow/.local/lib/python3.9/site-packages/airflow/example_dags/example_local_kubernetes_executor.py
[2023-07-23T20:10:35.868+0000] {processor.py:836} INFO - DAG(s) dict_keys(['example_local_kubernetes_executor']) retrieved from /home/airflow/.local/lib/python3.9/site-packages/airflow/example_dags/example_local_kubernetes_executor.py
[2023-07-23T20:10:35.978+0000] {logging_mixin.py:150} INFO - [2023-07-23T20:10:35.977+0000] {dag.py:2742} INFO - Sync 1 DAGs
[2023-07-23T20:10:36.047+0000] {logging_mixin.py:150} INFO - [2023-07-23T20:10:36.046+0000] {dag.py:3504} INFO - Setting next_dagrun for example_local_kubernetes_executor to None, run_after=None
[2023-07-23T20:10:36.085+0000] {processor.py:179} INFO - Processing /home/airflow/.local/lib/python3.9/site-packages/airflow/example_dags/example_local_kubernetes_executor.py took 1.512 seconds
[2023-07-23T20:11:06.677+0000] {processor.py:157} INFO - Started process (PID=485) to work on /home/airflow/.local/lib/python3.9/site-packages/airflow/example_dags/example_local_kubernetes_executor.py
[2023-07-23T20:11:06.685+0000] {processor.py:826} INFO - Processing file /home/airflow/.local/lib/python3.9/site-packages/airflow/example_dags/example_local_kubernetes_executor.py for tasks to queue
[2023-07-23T20:11:06.686+0000] {logging_mixin.py:150} INFO - [2023-07-23T20:11:06.686+0000] {dagbag.py:541} INFO - Filling up the DagBag from /home/airflow/.local/lib/python3.9/site-packages/airflow/example_dags/example_local_kubernetes_executor.py
[2023-07-23T20:11:07.391+0000] {processor.py:836} INFO - DAG(s) dict_keys(['example_local_kubernetes_executor']) retrieved from /home/airflow/.local/lib/python3.9/site-packages/airflow/example_dags/example_local_kubernetes_executor.py
[2023-07-23T20:11:07.447+0000] {logging_mixin.py:150} INFO - [2023-07-23T20:11:07.446+0000] {dag.py:2742} INFO - Sync 1 DAGs
[2023-07-23T20:11:07.484+0000] {logging_mixin.py:150} INFO - [2023-07-23T20:11:07.484+0000] {dag.py:3504} INFO - Setting next_dagrun for example_local_kubernetes_executor to None, run_after=None
[2023-07-23T20:11:07.528+0000] {processor.py:179} INFO - Processing /home/airflow/.local/lib/python3.9/site-packages/airflow/example_dags/example_local_kubernetes_executor.py took 0.872 seconds
[2023-07-23T20:11:37.890+0000] {processor.py:157} INFO - Started process (PID=545) to work on /home/airflow/.local/lib/python3.9/site-packages/airflow/example_dags/example_local_kubernetes_executor.py
[2023-07-23T20:11:37.941+0000] {processor.py:826} INFO - Processing file /home/airflow/.local/lib/python3.9/site-packages/airflow/example_dags/example_local_kubernetes_executor.py for tasks to queue
[2023-07-23T20:11:37.942+0000] {logging_mixin.py:150} INFO - [2023-07-23T20:11:37.942+0000] {dagbag.py:541} INFO - Filling up the DagBag from /home/airflow/.local/lib/python3.9/site-packages/airflow/example_dags/example_local_kubernetes_executor.py
[2023-07-23T20:11:45.092+0000] {processor.py:836} INFO - DAG(s) dict_keys(['example_local_kubernetes_executor']) retrieved from /home/airflow/.local/lib/python3.9/site-packages/airflow/example_dags/example_local_kubernetes_executor.py
[2023-07-23T20:11:45.598+0000] {logging_mixin.py:150} INFO - [2023-07-23T20:11:45.597+0000] {dag.py:2742} INFO - Sync 1 DAGs
[2023-07-23T20:11:45.862+0000] {logging_mixin.py:150} INFO - [2023-07-23T20:11:45.862+0000] {dag.py:3504} INFO - Setting next_dagrun for example_local_kubernetes_executor to None, run_after=None
[2023-07-23T20:11:46.108+0000] {processor.py:179} INFO - Processing /home/airflow/.local/lib/python3.9/site-packages/airflow/example_dags/example_local_kubernetes_executor.py took 8.328 seconds
[2023-07-23T20:12:57.355+0000] {processor.py:157} INFO - Started process (PID=628) to work on /home/airflow/.local/lib/python3.9/site-packages/airflow/example_dags/example_local_kubernetes_executor.py
[2023-07-23T20:12:57.357+0000] {processor.py:826} INFO - Processing file /home/airflow/.local/lib/python3.9/site-packages/airflow/example_dags/example_local_kubernetes_executor.py for tasks to queue
[2023-07-23T20:12:57.492+0000] {logging_mixin.py:150} INFO - [2023-07-23T20:12:57.358+0000] {dagbag.py:541} INFO - Filling up the DagBag from /home/airflow/.local/lib/python3.9/site-packages/airflow/example_dags/example_local_kubernetes_executor.py
[2023-07-23T20:13:07.413+0000] {processor.py:836} INFO - DAG(s) dict_keys(['example_local_kubernetes_executor']) retrieved from /home/airflow/.local/lib/python3.9/site-packages/airflow/example_dags/example_local_kubernetes_executor.py
[2023-07-23T20:13:08.237+0000] {logging_mixin.py:150} INFO - [2023-07-23T20:13:08.237+0000] {dag.py:2742} INFO - Sync 1 DAGs
[2023-07-23T20:13:08.714+0000] {logging_mixin.py:150} INFO - [2023-07-23T20:13:08.714+0000] {dag.py:3504} INFO - Setting next_dagrun for example_local_kubernetes_executor to None, run_after=None
[2023-07-23T20:13:08.974+0000] {processor.py:179} INFO - Processing /home/airflow/.local/lib/python3.9/site-packages/airflow/example_dags/example_local_kubernetes_executor.py took 11.867 seconds
[2023-07-23T20:14:27.667+0000] {processor.py:157} INFO - Started process (PID=686) to work on /home/airflow/.local/lib/python3.9/site-packages/airflow/example_dags/example_local_kubernetes_executor.py
[2023-07-23T20:14:27.787+0000] {processor.py:826} INFO - Processing file /home/airflow/.local/lib/python3.9/site-packages/airflow/example_dags/example_local_kubernetes_executor.py for tasks to queue
[2023-07-23T20:14:27.788+0000] {logging_mixin.py:150} INFO - [2023-07-23T20:14:27.787+0000] {dagbag.py:541} INFO - Filling up the DagBag from /home/airflow/.local/lib/python3.9/site-packages/airflow/example_dags/example_local_kubernetes_executor.py
[2023-07-23T20:14:41.604+0000] {processor.py:836} INFO - DAG(s) dict_keys(['example_local_kubernetes_executor']) retrieved from /home/airflow/.local/lib/python3.9/site-packages/airflow/example_dags/example_local_kubernetes_executor.py
[2023-07-23T20:14:43.116+0000] {logging_mixin.py:150} INFO - [2023-07-23T20:14:43.115+0000] {dag.py:2742} INFO - Sync 1 DAGs
[2023-07-23T20:14:44.047+0000] {logging_mixin.py:150} INFO - [2023-07-23T20:14:44.047+0000] {dag.py:3504} INFO - Setting next_dagrun for example_local_kubernetes_executor to None, run_after=None
[2023-07-23T20:14:45.099+0000] {processor.py:179} INFO - Processing /home/airflow/.local/lib/python3.9/site-packages/airflow/example_dags/example_local_kubernetes_executor.py took 17.446 seconds
[2023-07-23T20:15:20.267+0000] {processor.py:157} INFO - Started process (PID=755) to work on /home/airflow/.local/lib/python3.9/site-packages/airflow/example_dags/example_local_kubernetes_executor.py
[2023-07-23T20:15:20.275+0000] {processor.py:826} INFO - Processing file /home/airflow/.local/lib/python3.9/site-packages/airflow/example_dags/example_local_kubernetes_executor.py for tasks to queue
[2023-07-23T20:15:20.276+0000] {logging_mixin.py:150} INFO - [2023-07-23T20:15:20.276+0000] {dagbag.py:541} INFO - Filling up the DagBag from /home/airflow/.local/lib/python3.9/site-packages/airflow/example_dags/example_local_kubernetes_executor.py
[2023-07-23T20:15:21.989+0000] {processor.py:836} INFO - DAG(s) dict_keys(['example_local_kubernetes_executor']) retrieved from /home/airflow/.local/lib/python3.9/site-packages/airflow/example_dags/example_local_kubernetes_executor.py
[2023-07-23T20:15:22.160+0000] {logging_mixin.py:150} INFO - [2023-07-23T20:15:22.159+0000] {dag.py:2742} INFO - Sync 1 DAGs
[2023-07-23T20:15:22.291+0000] {logging_mixin.py:150} INFO - [2023-07-23T20:15:22.290+0000] {dag.py:3504} INFO - Setting next_dagrun for example_local_kubernetes_executor to None, run_after=None
[2023-07-23T20:15:22.419+0000] {processor.py:179} INFO - Processing /home/airflow/.local/lib/python3.9/site-packages/airflow/example_dags/example_local_kubernetes_executor.py took 2.196 seconds
[2023-07-23T20:15:53.323+0000] {processor.py:157} INFO - Started process (PID=816) to work on /home/airflow/.local/lib/python3.9/site-packages/airflow/example_dags/example_local_kubernetes_executor.py
[2023-07-23T20:15:53.346+0000] {processor.py:826} INFO - Processing file /home/airflow/.local/lib/python3.9/site-packages/airflow/example_dags/example_local_kubernetes_executor.py for tasks to queue
[2023-07-23T20:15:53.347+0000] {logging_mixin.py:150} INFO - [2023-07-23T20:15:53.346+0000] {dagbag.py:541} INFO - Filling up the DagBag from /home/airflow/.local/lib/python3.9/site-packages/airflow/example_dags/example_local_kubernetes_executor.py
[2023-07-23T20:15:55.606+0000] {processor.py:836} INFO - DAG(s) dict_keys(['example_local_kubernetes_executor']) retrieved from /home/airflow/.local/lib/python3.9/site-packages/airflow/example_dags/example_local_kubernetes_executor.py
[2023-07-23T20:15:55.791+0000] {logging_mixin.py:150} INFO - [2023-07-23T20:15:55.790+0000] {dag.py:2742} INFO - Sync 1 DAGs
[2023-07-23T20:15:55.943+0000] {logging_mixin.py:150} INFO - [2023-07-23T20:15:55.943+0000] {dag.py:3504} INFO - Setting next_dagrun for example_local_kubernetes_executor to None, run_after=None
[2023-07-23T20:15:56.051+0000] {processor.py:179} INFO - Processing /home/airflow/.local/lib/python3.9/site-packages/airflow/example_dags/example_local_kubernetes_executor.py took 2.732 seconds
[2023-07-23T20:16:43.858+0000] {processor.py:157} INFO - Started process (PID=877) to work on /home/airflow/.local/lib/python3.9/site-packages/airflow/example_dags/example_local_kubernetes_executor.py
[2023-07-23T20:16:43.924+0000] {processor.py:826} INFO - Processing file /home/airflow/.local/lib/python3.9/site-packages/airflow/example_dags/example_local_kubernetes_executor.py for tasks to queue
[2023-07-23T20:16:43.925+0000] {logging_mixin.py:150} INFO - [2023-07-23T20:16:43.925+0000] {dagbag.py:541} INFO - Filling up the DagBag from /home/airflow/.local/lib/python3.9/site-packages/airflow/example_dags/example_local_kubernetes_executor.py
[2023-07-23T20:16:55.562+0000] {processor.py:836} INFO - DAG(s) dict_keys(['example_local_kubernetes_executor']) retrieved from /home/airflow/.local/lib/python3.9/site-packages/airflow/example_dags/example_local_kubernetes_executor.py
[2023-07-23T20:16:56.139+0000] {logging_mixin.py:150} INFO - [2023-07-23T20:16:56.139+0000] {dag.py:2742} INFO - Sync 1 DAGs
[2023-07-23T20:16:56.847+0000] {logging_mixin.py:150} INFO - [2023-07-23T20:16:56.847+0000] {dag.py:3504} INFO - Setting next_dagrun for example_local_kubernetes_executor to None, run_after=None
[2023-07-23T20:16:57.394+0000] {processor.py:179} INFO - Processing /home/airflow/.local/lib/python3.9/site-packages/airflow/example_dags/example_local_kubernetes_executor.py took 13.580 seconds
[2023-07-23T20:20:12.314+0000] {processor.py:157} INFO - Started process (PID=1014) to work on /home/airflow/.local/lib/python3.9/site-packages/airflow/example_dags/example_local_kubernetes_executor.py
[2023-07-23T20:20:12.418+0000] {processor.py:826} INFO - Processing file /home/airflow/.local/lib/python3.9/site-packages/airflow/example_dags/example_local_kubernetes_executor.py for tasks to queue
[2023-07-23T20:20:12.419+0000] {logging_mixin.py:150} INFO - [2023-07-23T20:20:12.419+0000] {dagbag.py:541} INFO - Filling up the DagBag from /home/airflow/.local/lib/python3.9/site-packages/airflow/example_dags/example_local_kubernetes_executor.py
[2023-07-23T20:20:15.010+0000] {processor.py:836} INFO - DAG(s) dict_keys(['example_local_kubernetes_executor']) retrieved from /home/airflow/.local/lib/python3.9/site-packages/airflow/example_dags/example_local_kubernetes_executor.py
[2023-07-23T20:20:15.320+0000] {logging_mixin.py:150} INFO - [2023-07-23T20:20:15.318+0000] {dag.py:2742} INFO - Sync 1 DAGs
[2023-07-23T20:20:15.477+0000] {logging_mixin.py:150} INFO - [2023-07-23T20:20:15.477+0000] {dag.py:3504} INFO - Setting next_dagrun for example_local_kubernetes_executor to None, run_after=None
[2023-07-23T20:20:15.645+0000] {processor.py:179} INFO - Processing /home/airflow/.local/lib/python3.9/site-packages/airflow/example_dags/example_local_kubernetes_executor.py took 3.335 seconds
[2023-07-23T20:20:46.214+0000] {processor.py:157} INFO - Started process (PID=1075) to work on /home/airflow/.local/lib/python3.9/site-packages/airflow/example_dags/example_local_kubernetes_executor.py
[2023-07-23T20:20:46.256+0000] {processor.py:826} INFO - Processing file /home/airflow/.local/lib/python3.9/site-packages/airflow/example_dags/example_local_kubernetes_executor.py for tasks to queue
[2023-07-23T20:20:46.257+0000] {logging_mixin.py:150} INFO - [2023-07-23T20:20:46.256+0000] {dagbag.py:541} INFO - Filling up the DagBag from /home/airflow/.local/lib/python3.9/site-packages/airflow/example_dags/example_local_kubernetes_executor.py
[2023-07-23T20:20:48.207+0000] {processor.py:836} INFO - DAG(s) dict_keys(['example_local_kubernetes_executor']) retrieved from /home/airflow/.local/lib/python3.9/site-packages/airflow/example_dags/example_local_kubernetes_executor.py
[2023-07-23T20:20:48.346+0000] {logging_mixin.py:150} INFO - [2023-07-23T20:20:48.346+0000] {dag.py:2742} INFO - Sync 1 DAGs
[2023-07-23T20:20:48.469+0000] {logging_mixin.py:150} INFO - [2023-07-23T20:20:48.469+0000] {dag.py:3504} INFO - Setting next_dagrun for example_local_kubernetes_executor to None, run_after=None
[2023-07-23T20:20:48.585+0000] {processor.py:179} INFO - Processing /home/airflow/.local/lib/python3.9/site-packages/airflow/example_dags/example_local_kubernetes_executor.py took 2.375 seconds
[2023-07-23T20:21:19.008+0000] {processor.py:157} INFO - Started process (PID=1137) to work on /home/airflow/.local/lib/python3.9/site-packages/airflow/example_dags/example_local_kubernetes_executor.py
[2023-07-23T20:21:19.021+0000] {processor.py:826} INFO - Processing file /home/airflow/.local/lib/python3.9/site-packages/airflow/example_dags/example_local_kubernetes_executor.py for tasks to queue
[2023-07-23T20:21:19.021+0000] {logging_mixin.py:150} INFO - [2023-07-23T20:21:19.021+0000] {dagbag.py:541} INFO - Filling up the DagBag from /home/airflow/.local/lib/python3.9/site-packages/airflow/example_dags/example_local_kubernetes_executor.py
[2023-07-23T20:21:27.084+0000] {processor.py:836} INFO - DAG(s) dict_keys(['example_local_kubernetes_executor']) retrieved from /home/airflow/.local/lib/python3.9/site-packages/airflow/example_dags/example_local_kubernetes_executor.py
[2023-07-23T20:21:27.879+0000] {logging_mixin.py:150} INFO - [2023-07-23T20:21:27.878+0000] {dag.py:2742} INFO - Sync 1 DAGs
[2023-07-23T20:21:28.332+0000] {logging_mixin.py:150} INFO - [2023-07-23T20:21:28.332+0000] {dag.py:3504} INFO - Setting next_dagrun for example_local_kubernetes_executor to None, run_after=None
[2023-07-23T20:21:29.247+0000] {processor.py:179} INFO - Processing /home/airflow/.local/lib/python3.9/site-packages/airflow/example_dags/example_local_kubernetes_executor.py took 10.256 seconds
[2023-07-23T20:23:43.020+0000] {processor.py:157} INFO - Started process (PID=1231) to work on /home/airflow/.local/lib/python3.9/site-packages/airflow/example_dags/example_local_kubernetes_executor.py
[2023-07-23T20:23:43.030+0000] {processor.py:826} INFO - Processing file /home/airflow/.local/lib/python3.9/site-packages/airflow/example_dags/example_local_kubernetes_executor.py for tasks to queue
[2023-07-23T20:23:43.031+0000] {logging_mixin.py:150} INFO - [2023-07-23T20:23:43.030+0000] {dagbag.py:541} INFO - Filling up the DagBag from /home/airflow/.local/lib/python3.9/site-packages/airflow/example_dags/example_local_kubernetes_executor.py
[2023-07-23T20:24:05.743+0000] {processor.py:836} INFO - DAG(s) dict_keys(['example_local_kubernetes_executor']) retrieved from /home/airflow/.local/lib/python3.9/site-packages/airflow/example_dags/example_local_kubernetes_executor.py
[2023-07-23T20:24:08.183+0000] {logging_mixin.py:150} INFO - [2023-07-23T20:24:08.182+0000] {dag.py:2742} INFO - Sync 1 DAGs
[2023-07-23T20:24:09.242+0000] {logging_mixin.py:150} INFO - [2023-07-23T20:24:09.242+0000] {dag.py:3504} INFO - Setting next_dagrun for example_local_kubernetes_executor to None, run_after=None
[2023-07-23T20:24:09.953+0000] {processor.py:179} INFO - Processing /home/airflow/.local/lib/python3.9/site-packages/airflow/example_dags/example_local_kubernetes_executor.py took 27.134 seconds
[2023-07-23T20:25:15.952+0000] {processor.py:157} INFO - Started process (PID=1291) to work on /home/airflow/.local/lib/python3.9/site-packages/airflow/example_dags/example_local_kubernetes_executor.py
[2023-07-23T20:25:15.986+0000] {processor.py:826} INFO - Processing file /home/airflow/.local/lib/python3.9/site-packages/airflow/example_dags/example_local_kubernetes_executor.py for tasks to queue
[2023-07-23T20:25:15.987+0000] {logging_mixin.py:150} INFO - [2023-07-23T20:25:15.986+0000] {dagbag.py:541} INFO - Filling up the DagBag from /home/airflow/.local/lib/python3.9/site-packages/airflow/example_dags/example_local_kubernetes_executor.py
[2023-07-23T20:25:17.610+0000] {processor.py:836} INFO - DAG(s) dict_keys(['example_local_kubernetes_executor']) retrieved from /home/airflow/.local/lib/python3.9/site-packages/airflow/example_dags/example_local_kubernetes_executor.py
[2023-07-23T20:25:17.797+0000] {logging_mixin.py:150} INFO - [2023-07-23T20:25:17.797+0000] {dag.py:2742} INFO - Sync 1 DAGs
[2023-07-23T20:25:17.896+0000] {logging_mixin.py:150} INFO - [2023-07-23T20:25:17.896+0000] {dag.py:3504} INFO - Setting next_dagrun for example_local_kubernetes_executor to None, run_after=None
[2023-07-23T20:25:18.000+0000] {processor.py:179} INFO - Processing /home/airflow/.local/lib/python3.9/site-packages/airflow/example_dags/example_local_kubernetes_executor.py took 2.052 seconds
[2023-07-23T20:25:48.294+0000] {processor.py:157} INFO - Started process (PID=1354) to work on /home/airflow/.local/lib/python3.9/site-packages/airflow/example_dags/example_local_kubernetes_executor.py
[2023-07-23T20:25:48.326+0000] {processor.py:826} INFO - Processing file /home/airflow/.local/lib/python3.9/site-packages/airflow/example_dags/example_local_kubernetes_executor.py for tasks to queue
[2023-07-23T20:25:48.327+0000] {logging_mixin.py:150} INFO - [2023-07-23T20:25:48.326+0000] {dagbag.py:541} INFO - Filling up the DagBag from /home/airflow/.local/lib/python3.9/site-packages/airflow/example_dags/example_local_kubernetes_executor.py
[2023-07-23T20:25:49.962+0000] {processor.py:836} INFO - DAG(s) dict_keys(['example_local_kubernetes_executor']) retrieved from /home/airflow/.local/lib/python3.9/site-packages/airflow/example_dags/example_local_kubernetes_executor.py
[2023-07-23T20:25:50.040+0000] {logging_mixin.py:150} INFO - [2023-07-23T20:25:50.039+0000] {dag.py:2742} INFO - Sync 1 DAGs
[2023-07-23T20:25:50.112+0000] {logging_mixin.py:150} INFO - [2023-07-23T20:25:50.112+0000] {dag.py:3504} INFO - Setting next_dagrun for example_local_kubernetes_executor to None, run_after=None
[2023-07-23T20:25:50.153+0000] {processor.py:179} INFO - Processing /home/airflow/.local/lib/python3.9/site-packages/airflow/example_dags/example_local_kubernetes_executor.py took 1.864 seconds
[2023-07-23T20:26:24.259+0000] {processor.py:157} INFO - Started process (PID=1415) to work on /home/airflow/.local/lib/python3.9/site-packages/airflow/example_dags/example_local_kubernetes_executor.py
[2023-07-23T20:26:24.363+0000] {processor.py:826} INFO - Processing file /home/airflow/.local/lib/python3.9/site-packages/airflow/example_dags/example_local_kubernetes_executor.py for tasks to queue
[2023-07-23T20:26:24.364+0000] {logging_mixin.py:150} INFO - [2023-07-23T20:26:24.364+0000] {dagbag.py:541} INFO - Filling up the DagBag from /home/airflow/.local/lib/python3.9/site-packages/airflow/example_dags/example_local_kubernetes_executor.py
[2023-07-23T20:26:38.185+0000] {processor.py:836} INFO - DAG(s) dict_keys(['example_local_kubernetes_executor']) retrieved from /home/airflow/.local/lib/python3.9/site-packages/airflow/example_dags/example_local_kubernetes_executor.py
[2023-07-23T20:26:39.126+0000] {logging_mixin.py:150} INFO - [2023-07-23T20:26:39.126+0000] {dag.py:2742} INFO - Sync 1 DAGs
[2023-07-23T20:26:40.061+0000] {logging_mixin.py:150} INFO - [2023-07-23T20:26:40.061+0000] {dag.py:3504} INFO - Setting next_dagrun for example_local_kubernetes_executor to None, run_after=None
[2023-07-23T20:26:40.715+0000] {processor.py:179} INFO - Processing /home/airflow/.local/lib/python3.9/site-packages/airflow/example_dags/example_local_kubernetes_executor.py took 16.526 seconds
[2023-07-23T20:28:48.348+0000] {processor.py:157} INFO - Started process (PID=1521) to work on /home/airflow/.local/lib/python3.9/site-packages/airflow/example_dags/example_local_kubernetes_executor.py
[2023-07-23T20:28:48.642+0000] {processor.py:826} INFO - Processing file /home/airflow/.local/lib/python3.9/site-packages/airflow/example_dags/example_local_kubernetes_executor.py for tasks to queue
[2023-07-23T20:28:48.643+0000] {logging_mixin.py:150} INFO - [2023-07-23T20:28:48.642+0000] {dagbag.py:541} INFO - Filling up the DagBag from /home/airflow/.local/lib/python3.9/site-packages/airflow/example_dags/example_local_kubernetes_executor.py
[2023-07-23T20:29:05.137+0000] {processor.py:836} INFO - DAG(s) dict_keys(['example_local_kubernetes_executor']) retrieved from /home/airflow/.local/lib/python3.9/site-packages/airflow/example_dags/example_local_kubernetes_executor.py
[2023-07-23T20:29:07.580+0000] {logging_mixin.py:150} INFO - [2023-07-23T20:29:07.579+0000] {dag.py:2742} INFO - Sync 1 DAGs
[2023-07-23T20:29:08.369+0000] {logging_mixin.py:150} INFO - [2023-07-23T20:29:08.368+0000] {dag.py:3504} INFO - Setting next_dagrun for example_local_kubernetes_executor to None, run_after=None
[2023-07-23T20:29:09.416+0000] {processor.py:179} INFO - Processing /home/airflow/.local/lib/python3.9/site-packages/airflow/example_dags/example_local_kubernetes_executor.py took 21.260 seconds
[2023-07-23T20:30:28.686+0000] {processor.py:157} INFO - Started process (PID=1607) to work on /home/airflow/.local/lib/python3.9/site-packages/airflow/example_dags/example_local_kubernetes_executor.py
[2023-07-23T20:30:28.697+0000] {processor.py:826} INFO - Processing file /home/airflow/.local/lib/python3.9/site-packages/airflow/example_dags/example_local_kubernetes_executor.py for tasks to queue
[2023-07-23T20:30:28.698+0000] {logging_mixin.py:150} INFO - [2023-07-23T20:30:28.698+0000] {dagbag.py:541} INFO - Filling up the DagBag from /home/airflow/.local/lib/python3.9/site-packages/airflow/example_dags/example_local_kubernetes_executor.py
[2023-07-23T20:30:30.883+0000] {processor.py:836} INFO - DAG(s) dict_keys(['example_local_kubernetes_executor']) retrieved from /home/airflow/.local/lib/python3.9/site-packages/airflow/example_dags/example_local_kubernetes_executor.py
[2023-07-23T20:30:31.205+0000] {logging_mixin.py:150} INFO - [2023-07-23T20:30:31.204+0000] {dag.py:2742} INFO - Sync 1 DAGs
[2023-07-23T20:30:31.366+0000] {logging_mixin.py:150} INFO - [2023-07-23T20:30:31.366+0000] {dag.py:3504} INFO - Setting next_dagrun for example_local_kubernetes_executor to None, run_after=None
[2023-07-23T20:30:31.495+0000] {processor.py:179} INFO - Processing /home/airflow/.local/lib/python3.9/site-packages/airflow/example_dags/example_local_kubernetes_executor.py took 2.895 seconds
[2023-07-23T20:31:01.934+0000] {processor.py:157} INFO - Started process (PID=1671) to work on /home/airflow/.local/lib/python3.9/site-packages/airflow/example_dags/example_local_kubernetes_executor.py
[2023-07-23T20:31:01.946+0000] {processor.py:826} INFO - Processing file /home/airflow/.local/lib/python3.9/site-packages/airflow/example_dags/example_local_kubernetes_executor.py for tasks to queue
[2023-07-23T20:31:01.947+0000] {logging_mixin.py:150} INFO - [2023-07-23T20:31:01.947+0000] {dagbag.py:541} INFO - Filling up the DagBag from /home/airflow/.local/lib/python3.9/site-packages/airflow/example_dags/example_local_kubernetes_executor.py
[2023-07-23T20:31:03.734+0000] {processor.py:836} INFO - DAG(s) dict_keys(['example_local_kubernetes_executor']) retrieved from /home/airflow/.local/lib/python3.9/site-packages/airflow/example_dags/example_local_kubernetes_executor.py
[2023-07-23T20:31:03.996+0000] {logging_mixin.py:150} INFO - [2023-07-23T20:31:03.996+0000] {dag.py:2742} INFO - Sync 1 DAGs
[2023-07-23T20:31:04.088+0000] {logging_mixin.py:150} INFO - [2023-07-23T20:31:04.087+0000] {dag.py:3504} INFO - Setting next_dagrun for example_local_kubernetes_executor to None, run_after=None
[2023-07-23T20:31:04.236+0000] {processor.py:179} INFO - Processing /home/airflow/.local/lib/python3.9/site-packages/airflow/example_dags/example_local_kubernetes_executor.py took 2.306 seconds
[2023-07-23T20:32:19.381+0000] {processor.py:157} INFO - Started process (PID=1751) to work on /home/airflow/.local/lib/python3.9/site-packages/airflow/example_dags/example_local_kubernetes_executor.py
[2023-07-23T20:32:19.401+0000] {processor.py:826} INFO - Processing file /home/airflow/.local/lib/python3.9/site-packages/airflow/example_dags/example_local_kubernetes_executor.py for tasks to queue
[2023-07-23T20:32:19.402+0000] {logging_mixin.py:150} INFO - [2023-07-23T20:32:19.402+0000] {dagbag.py:541} INFO - Filling up the DagBag from /home/airflow/.local/lib/python3.9/site-packages/airflow/example_dags/example_local_kubernetes_executor.py
[2023-07-23T20:32:33.661+0000] {processor.py:836} INFO - DAG(s) dict_keys(['example_local_kubernetes_executor']) retrieved from /home/airflow/.local/lib/python3.9/site-packages/airflow/example_dags/example_local_kubernetes_executor.py
[2023-07-23T20:32:35.094+0000] {logging_mixin.py:150} INFO - [2023-07-23T20:32:35.093+0000] {dag.py:2742} INFO - Sync 1 DAGs
[2023-07-23T20:32:36.911+0000] {logging_mixin.py:150} INFO - [2023-07-23T20:32:36.911+0000] {dag.py:3504} INFO - Setting next_dagrun for example_local_kubernetes_executor to None, run_after=None
[2023-07-23T20:32:37.181+0000] {processor.py:179} INFO - Processing /home/airflow/.local/lib/python3.9/site-packages/airflow/example_dags/example_local_kubernetes_executor.py took 17.805 seconds
