[2023-07-23T19:28:09.151+0000] {processor.py:157} INFO - Started process (PID=48) to work on /home/airflow/.local/lib/python3.9/site-packages/airflow/example_dags/example_branch_labels.py
[2023-07-23T19:28:09.152+0000] {processor.py:826} INFO - Processing file /home/airflow/.local/lib/python3.9/site-packages/airflow/example_dags/example_branch_labels.py for tasks to queue
[2023-07-23T19:28:09.153+0000] {logging_mixin.py:150} INFO - [2023-07-23T19:28:09.153+0000] {dagbag.py:541} INFO - Filling up the DagBag from /home/airflow/.local/lib/python3.9/site-packages/airflow/example_dags/example_branch_labels.py
[2023-07-23T19:28:09.223+0000] {processor.py:836} INFO - DAG(s) dict_keys(['example_branch_labels']) retrieved from /home/airflow/.local/lib/python3.9/site-packages/airflow/example_dags/example_branch_labels.py
[2023-07-23T19:28:09.428+0000] {logging_mixin.py:150} INFO - [2023-07-23T19:28:09.427+0000] {dag.py:2742} INFO - Sync 1 DAGs
[2023-07-23T19:28:09.523+0000] {logging_mixin.py:150} INFO - [2023-07-23T19:28:09.522+0000] {dag.py:3504} INFO - Setting next_dagrun for example_branch_labels to 2023-07-22T00:00:00+00:00, run_after=2023-07-23T00:00:00+00:00
[2023-07-23T19:28:10.137+0000] {processor.py:179} INFO - Processing /home/airflow/.local/lib/python3.9/site-packages/airflow/example_dags/example_branch_labels.py took 1.016 seconds
[2023-07-23T19:28:40.573+0000] {processor.py:157} INFO - Started process (PID=109) to work on /home/airflow/.local/lib/python3.9/site-packages/airflow/example_dags/example_branch_labels.py
[2023-07-23T19:28:40.588+0000] {processor.py:826} INFO - Processing file /home/airflow/.local/lib/python3.9/site-packages/airflow/example_dags/example_branch_labels.py for tasks to queue
[2023-07-23T19:28:40.589+0000] {logging_mixin.py:150} INFO - [2023-07-23T19:28:40.589+0000] {dagbag.py:541} INFO - Filling up the DagBag from /home/airflow/.local/lib/python3.9/site-packages/airflow/example_dags/example_branch_labels.py
[2023-07-23T19:28:40.608+0000] {processor.py:836} INFO - DAG(s) dict_keys(['example_branch_labels']) retrieved from /home/airflow/.local/lib/python3.9/site-packages/airflow/example_dags/example_branch_labels.py
[2023-07-23T19:28:40.664+0000] {logging_mixin.py:150} INFO - [2023-07-23T19:28:40.663+0000] {dag.py:2742} INFO - Sync 1 DAGs
[2023-07-23T19:28:40.730+0000] {logging_mixin.py:150} INFO - [2023-07-23T19:28:40.730+0000] {dag.py:3504} INFO - Setting next_dagrun for example_branch_labels to 2023-07-22T00:00:00+00:00, run_after=2023-07-23T00:00:00+00:00
[2023-07-23T19:28:40.766+0000] {processor.py:179} INFO - Processing /home/airflow/.local/lib/python3.9/site-packages/airflow/example_dags/example_branch_labels.py took 0.197 seconds
[2023-07-23T19:29:11.463+0000] {processor.py:157} INFO - Started process (PID=170) to work on /home/airflow/.local/lib/python3.9/site-packages/airflow/example_dags/example_branch_labels.py
[2023-07-23T19:29:11.472+0000] {processor.py:826} INFO - Processing file /home/airflow/.local/lib/python3.9/site-packages/airflow/example_dags/example_branch_labels.py for tasks to queue
[2023-07-23T19:29:11.473+0000] {logging_mixin.py:150} INFO - [2023-07-23T19:29:11.473+0000] {dagbag.py:541} INFO - Filling up the DagBag from /home/airflow/.local/lib/python3.9/site-packages/airflow/example_dags/example_branch_labels.py
[2023-07-23T19:29:11.493+0000] {processor.py:836} INFO - DAG(s) dict_keys(['example_branch_labels']) retrieved from /home/airflow/.local/lib/python3.9/site-packages/airflow/example_dags/example_branch_labels.py
[2023-07-23T19:29:11.546+0000] {logging_mixin.py:150} INFO - [2023-07-23T19:29:11.545+0000] {dag.py:2742} INFO - Sync 1 DAGs
[2023-07-23T19:29:11.598+0000] {logging_mixin.py:150} INFO - [2023-07-23T19:29:11.597+0000] {dag.py:3504} INFO - Setting next_dagrun for example_branch_labels to 2023-07-22T00:00:00+00:00, run_after=2023-07-23T00:00:00+00:00
[2023-07-23T19:29:11.642+0000] {processor.py:179} INFO - Processing /home/airflow/.local/lib/python3.9/site-packages/airflow/example_dags/example_branch_labels.py took 0.182 seconds
[2023-07-23T19:29:41.771+0000] {processor.py:157} INFO - Started process (PID=232) to work on /home/airflow/.local/lib/python3.9/site-packages/airflow/example_dags/example_branch_labels.py
[2023-07-23T19:29:41.787+0000] {processor.py:826} INFO - Processing file /home/airflow/.local/lib/python3.9/site-packages/airflow/example_dags/example_branch_labels.py for tasks to queue
[2023-07-23T19:29:41.788+0000] {logging_mixin.py:150} INFO - [2023-07-23T19:29:41.787+0000] {dagbag.py:541} INFO - Filling up the DagBag from /home/airflow/.local/lib/python3.9/site-packages/airflow/example_dags/example_branch_labels.py
[2023-07-23T19:29:41.805+0000] {processor.py:836} INFO - DAG(s) dict_keys(['example_branch_labels']) retrieved from /home/airflow/.local/lib/python3.9/site-packages/airflow/example_dags/example_branch_labels.py
[2023-07-23T19:29:41.871+0000] {logging_mixin.py:150} INFO - [2023-07-23T19:29:41.871+0000] {dag.py:2742} INFO - Sync 1 DAGs
[2023-07-23T19:29:41.942+0000] {logging_mixin.py:150} INFO - [2023-07-23T19:29:41.942+0000] {dag.py:3504} INFO - Setting next_dagrun for example_branch_labels to 2023-07-22T00:00:00+00:00, run_after=2023-07-23T00:00:00+00:00
[2023-07-23T19:29:42.006+0000] {processor.py:179} INFO - Processing /home/airflow/.local/lib/python3.9/site-packages/airflow/example_dags/example_branch_labels.py took 0.239 seconds
[2023-07-23T19:30:12.116+0000] {processor.py:157} INFO - Started process (PID=293) to work on /home/airflow/.local/lib/python3.9/site-packages/airflow/example_dags/example_branch_labels.py
[2023-07-23T19:30:12.118+0000] {processor.py:826} INFO - Processing file /home/airflow/.local/lib/python3.9/site-packages/airflow/example_dags/example_branch_labels.py for tasks to queue
[2023-07-23T19:30:12.119+0000] {logging_mixin.py:150} INFO - [2023-07-23T19:30:12.118+0000] {dagbag.py:541} INFO - Filling up the DagBag from /home/airflow/.local/lib/python3.9/site-packages/airflow/example_dags/example_branch_labels.py
[2023-07-23T19:30:12.133+0000] {processor.py:836} INFO - DAG(s) dict_keys(['example_branch_labels']) retrieved from /home/airflow/.local/lib/python3.9/site-packages/airflow/example_dags/example_branch_labels.py
[2023-07-23T19:30:12.201+0000] {logging_mixin.py:150} INFO - [2023-07-23T19:30:12.200+0000] {dag.py:2742} INFO - Sync 1 DAGs
[2023-07-23T19:30:12.259+0000] {logging_mixin.py:150} INFO - [2023-07-23T19:30:12.259+0000] {dag.py:3504} INFO - Setting next_dagrun for example_branch_labels to 2023-07-22T00:00:00+00:00, run_after=2023-07-23T00:00:00+00:00
[2023-07-23T19:30:12.294+0000] {processor.py:179} INFO - Processing /home/airflow/.local/lib/python3.9/site-packages/airflow/example_dags/example_branch_labels.py took 0.193 seconds
[2023-07-23T19:30:42.446+0000] {processor.py:157} INFO - Started process (PID=355) to work on /home/airflow/.local/lib/python3.9/site-packages/airflow/example_dags/example_branch_labels.py
[2023-07-23T19:30:42.447+0000] {processor.py:826} INFO - Processing file /home/airflow/.local/lib/python3.9/site-packages/airflow/example_dags/example_branch_labels.py for tasks to queue
[2023-07-23T19:30:42.448+0000] {logging_mixin.py:150} INFO - [2023-07-23T19:30:42.447+0000] {dagbag.py:541} INFO - Filling up the DagBag from /home/airflow/.local/lib/python3.9/site-packages/airflow/example_dags/example_branch_labels.py
[2023-07-23T19:30:42.466+0000] {processor.py:836} INFO - DAG(s) dict_keys(['example_branch_labels']) retrieved from /home/airflow/.local/lib/python3.9/site-packages/airflow/example_dags/example_branch_labels.py
[2023-07-23T19:30:42.521+0000] {logging_mixin.py:150} INFO - [2023-07-23T19:30:42.521+0000] {dag.py:2742} INFO - Sync 1 DAGs
[2023-07-23T19:30:42.573+0000] {logging_mixin.py:150} INFO - [2023-07-23T19:30:42.573+0000] {dag.py:3504} INFO - Setting next_dagrun for example_branch_labels to 2023-07-22T00:00:00+00:00, run_after=2023-07-23T00:00:00+00:00
[2023-07-23T19:30:42.619+0000] {processor.py:179} INFO - Processing /home/airflow/.local/lib/python3.9/site-packages/airflow/example_dags/example_branch_labels.py took 0.205 seconds
[2023-07-23T19:31:13.219+0000] {processor.py:157} INFO - Started process (PID=417) to work on /home/airflow/.local/lib/python3.9/site-packages/airflow/example_dags/example_branch_labels.py
[2023-07-23T19:31:13.224+0000] {processor.py:826} INFO - Processing file /home/airflow/.local/lib/python3.9/site-packages/airflow/example_dags/example_branch_labels.py for tasks to queue
[2023-07-23T19:31:13.227+0000] {logging_mixin.py:150} INFO - [2023-07-23T19:31:13.225+0000] {dagbag.py:541} INFO - Filling up the DagBag from /home/airflow/.local/lib/python3.9/site-packages/airflow/example_dags/example_branch_labels.py
[2023-07-23T19:31:13.237+0000] {processor.py:836} INFO - DAG(s) dict_keys(['example_branch_labels']) retrieved from /home/airflow/.local/lib/python3.9/site-packages/airflow/example_dags/example_branch_labels.py
[2023-07-23T19:31:13.316+0000] {logging_mixin.py:150} INFO - [2023-07-23T19:31:13.316+0000] {dag.py:2742} INFO - Sync 1 DAGs
[2023-07-23T19:31:13.372+0000] {logging_mixin.py:150} INFO - [2023-07-23T19:31:13.372+0000] {dag.py:3504} INFO - Setting next_dagrun for example_branch_labels to 2023-07-22T00:00:00+00:00, run_after=2023-07-23T00:00:00+00:00
[2023-07-23T19:31:13.408+0000] {processor.py:179} INFO - Processing /home/airflow/.local/lib/python3.9/site-packages/airflow/example_dags/example_branch_labels.py took 0.192 seconds
[2023-07-23T19:31:43.517+0000] {processor.py:157} INFO - Started process (PID=479) to work on /home/airflow/.local/lib/python3.9/site-packages/airflow/example_dags/example_branch_labels.py
[2023-07-23T19:31:43.525+0000] {processor.py:826} INFO - Processing file /home/airflow/.local/lib/python3.9/site-packages/airflow/example_dags/example_branch_labels.py for tasks to queue
[2023-07-23T19:31:43.527+0000] {logging_mixin.py:150} INFO - [2023-07-23T19:31:43.526+0000] {dagbag.py:541} INFO - Filling up the DagBag from /home/airflow/.local/lib/python3.9/site-packages/airflow/example_dags/example_branch_labels.py
[2023-07-23T19:31:43.545+0000] {processor.py:836} INFO - DAG(s) dict_keys(['example_branch_labels']) retrieved from /home/airflow/.local/lib/python3.9/site-packages/airflow/example_dags/example_branch_labels.py
[2023-07-23T19:31:43.632+0000] {logging_mixin.py:150} INFO - [2023-07-23T19:31:43.631+0000] {dag.py:2742} INFO - Sync 1 DAGs
[2023-07-23T19:31:43.697+0000] {logging_mixin.py:150} INFO - [2023-07-23T19:31:43.697+0000] {dag.py:3504} INFO - Setting next_dagrun for example_branch_labels to 2023-07-22T00:00:00+00:00, run_after=2023-07-23T00:00:00+00:00
[2023-07-23T19:31:43.777+0000] {processor.py:179} INFO - Processing /home/airflow/.local/lib/python3.9/site-packages/airflow/example_dags/example_branch_labels.py took 0.264 seconds
[2023-07-23T19:32:14.174+0000] {processor.py:157} INFO - Started process (PID=540) to work on /home/airflow/.local/lib/python3.9/site-packages/airflow/example_dags/example_branch_labels.py
[2023-07-23T19:32:14.186+0000] {processor.py:826} INFO - Processing file /home/airflow/.local/lib/python3.9/site-packages/airflow/example_dags/example_branch_labels.py for tasks to queue
[2023-07-23T19:32:14.200+0000] {logging_mixin.py:150} INFO - [2023-07-23T19:32:14.199+0000] {dagbag.py:541} INFO - Filling up the DagBag from /home/airflow/.local/lib/python3.9/site-packages/airflow/example_dags/example_branch_labels.py
[2023-07-23T19:32:14.220+0000] {processor.py:836} INFO - DAG(s) dict_keys(['example_branch_labels']) retrieved from /home/airflow/.local/lib/python3.9/site-packages/airflow/example_dags/example_branch_labels.py
[2023-07-23T19:32:14.299+0000] {logging_mixin.py:150} INFO - [2023-07-23T19:32:14.298+0000] {dag.py:2742} INFO - Sync 1 DAGs
[2023-07-23T19:32:14.378+0000] {logging_mixin.py:150} INFO - [2023-07-23T19:32:14.378+0000] {dag.py:3504} INFO - Setting next_dagrun for example_branch_labels to 2023-07-22T00:00:00+00:00, run_after=2023-07-23T00:00:00+00:00
[2023-07-23T19:32:14.456+0000] {processor.py:179} INFO - Processing /home/airflow/.local/lib/python3.9/site-packages/airflow/example_dags/example_branch_labels.py took 0.287 seconds
[2023-07-23T19:32:44.882+0000] {processor.py:157} INFO - Started process (PID=603) to work on /home/airflow/.local/lib/python3.9/site-packages/airflow/example_dags/example_branch_labels.py
[2023-07-23T19:32:44.884+0000] {processor.py:826} INFO - Processing file /home/airflow/.local/lib/python3.9/site-packages/airflow/example_dags/example_branch_labels.py for tasks to queue
[2023-07-23T19:32:44.884+0000] {logging_mixin.py:150} INFO - [2023-07-23T19:32:44.884+0000] {dagbag.py:541} INFO - Filling up the DagBag from /home/airflow/.local/lib/python3.9/site-packages/airflow/example_dags/example_branch_labels.py
[2023-07-23T19:32:44.893+0000] {processor.py:836} INFO - DAG(s) dict_keys(['example_branch_labels']) retrieved from /home/airflow/.local/lib/python3.9/site-packages/airflow/example_dags/example_branch_labels.py
[2023-07-23T19:32:44.956+0000] {logging_mixin.py:150} INFO - [2023-07-23T19:32:44.956+0000] {dag.py:2742} INFO - Sync 1 DAGs
[2023-07-23T19:32:45.005+0000] {logging_mixin.py:150} INFO - [2023-07-23T19:32:45.004+0000] {dag.py:3504} INFO - Setting next_dagrun for example_branch_labels to 2023-07-22T00:00:00+00:00, run_after=2023-07-23T00:00:00+00:00
[2023-07-23T19:32:45.051+0000] {processor.py:179} INFO - Processing /home/airflow/.local/lib/python3.9/site-packages/airflow/example_dags/example_branch_labels.py took 0.186 seconds
[2023-07-23T19:41:23.217+0000] {processor.py:157} INFO - Started process (PID=49) to work on /home/airflow/.local/lib/python3.9/site-packages/airflow/example_dags/example_branch_labels.py
[2023-07-23T19:41:23.225+0000] {processor.py:826} INFO - Processing file /home/airflow/.local/lib/python3.9/site-packages/airflow/example_dags/example_branch_labels.py for tasks to queue
[2023-07-23T19:41:23.226+0000] {logging_mixin.py:150} INFO - [2023-07-23T19:41:23.226+0000] {dagbag.py:541} INFO - Filling up the DagBag from /home/airflow/.local/lib/python3.9/site-packages/airflow/example_dags/example_branch_labels.py
[2023-07-23T19:41:23.261+0000] {processor.py:836} INFO - DAG(s) dict_keys(['example_branch_labels']) retrieved from /home/airflow/.local/lib/python3.9/site-packages/airflow/example_dags/example_branch_labels.py
[2023-07-23T19:41:23.386+0000] {logging_mixin.py:150} INFO - [2023-07-23T19:41:23.386+0000] {dag.py:2742} INFO - Sync 1 DAGs
[2023-07-23T19:41:23.470+0000] {logging_mixin.py:150} INFO - [2023-07-23T19:41:23.470+0000] {dag.py:3504} INFO - Setting next_dagrun for example_branch_labels to 2023-07-22T00:00:00+00:00, run_after=2023-07-23T00:00:00+00:00
[2023-07-23T19:41:24.068+0000] {processor.py:179} INFO - Processing /home/airflow/.local/lib/python3.9/site-packages/airflow/example_dags/example_branch_labels.py took 0.865 seconds
[2023-07-23T19:41:54.283+0000] {processor.py:157} INFO - Started process (PID=110) to work on /home/airflow/.local/lib/python3.9/site-packages/airflow/example_dags/example_branch_labels.py
[2023-07-23T19:41:54.286+0000] {processor.py:826} INFO - Processing file /home/airflow/.local/lib/python3.9/site-packages/airflow/example_dags/example_branch_labels.py for tasks to queue
[2023-07-23T19:41:54.296+0000] {logging_mixin.py:150} INFO - [2023-07-23T19:41:54.296+0000] {dagbag.py:541} INFO - Filling up the DagBag from /home/airflow/.local/lib/python3.9/site-packages/airflow/example_dags/example_branch_labels.py
[2023-07-23T19:41:54.312+0000] {processor.py:836} INFO - DAG(s) dict_keys(['example_branch_labels']) retrieved from /home/airflow/.local/lib/python3.9/site-packages/airflow/example_dags/example_branch_labels.py
[2023-07-23T19:41:54.403+0000] {logging_mixin.py:150} INFO - [2023-07-23T19:41:54.402+0000] {dag.py:2742} INFO - Sync 1 DAGs
[2023-07-23T19:41:54.455+0000] {logging_mixin.py:150} INFO - [2023-07-23T19:41:54.454+0000] {dag.py:3504} INFO - Setting next_dagrun for example_branch_labels to 2023-07-22T00:00:00+00:00, run_after=2023-07-23T00:00:00+00:00
[2023-07-23T19:41:54.474+0000] {processor.py:179} INFO - Processing /home/airflow/.local/lib/python3.9/site-packages/airflow/example_dags/example_branch_labels.py took 0.196 seconds
[2023-07-23T19:42:25.223+0000] {processor.py:157} INFO - Started process (PID=171) to work on /home/airflow/.local/lib/python3.9/site-packages/airflow/example_dags/example_branch_labels.py
[2023-07-23T19:42:25.228+0000] {processor.py:826} INFO - Processing file /home/airflow/.local/lib/python3.9/site-packages/airflow/example_dags/example_branch_labels.py for tasks to queue
[2023-07-23T19:42:25.243+0000] {logging_mixin.py:150} INFO - [2023-07-23T19:42:25.242+0000] {dagbag.py:541} INFO - Filling up the DagBag from /home/airflow/.local/lib/python3.9/site-packages/airflow/example_dags/example_branch_labels.py
[2023-07-23T19:42:25.261+0000] {processor.py:836} INFO - DAG(s) dict_keys(['example_branch_labels']) retrieved from /home/airflow/.local/lib/python3.9/site-packages/airflow/example_dags/example_branch_labels.py
[2023-07-23T19:42:25.316+0000] {logging_mixin.py:150} INFO - [2023-07-23T19:42:25.315+0000] {dag.py:2742} INFO - Sync 1 DAGs
[2023-07-23T19:42:25.365+0000] {logging_mixin.py:150} INFO - [2023-07-23T19:42:25.364+0000] {dag.py:3504} INFO - Setting next_dagrun for example_branch_labels to 2023-07-22T00:00:00+00:00, run_after=2023-07-23T00:00:00+00:00
[2023-07-23T19:42:25.413+0000] {processor.py:179} INFO - Processing /home/airflow/.local/lib/python3.9/site-packages/airflow/example_dags/example_branch_labels.py took 0.195 seconds
[2023-07-23T19:42:55.613+0000] {processor.py:157} INFO - Started process (PID=231) to work on /home/airflow/.local/lib/python3.9/site-packages/airflow/example_dags/example_branch_labels.py
[2023-07-23T19:42:55.615+0000] {processor.py:826} INFO - Processing file /home/airflow/.local/lib/python3.9/site-packages/airflow/example_dags/example_branch_labels.py for tasks to queue
[2023-07-23T19:42:55.626+0000] {logging_mixin.py:150} INFO - [2023-07-23T19:42:55.625+0000] {dagbag.py:541} INFO - Filling up the DagBag from /home/airflow/.local/lib/python3.9/site-packages/airflow/example_dags/example_branch_labels.py
[2023-07-23T19:42:55.642+0000] {processor.py:836} INFO - DAG(s) dict_keys(['example_branch_labels']) retrieved from /home/airflow/.local/lib/python3.9/site-packages/airflow/example_dags/example_branch_labels.py
[2023-07-23T19:42:55.716+0000] {logging_mixin.py:150} INFO - [2023-07-23T19:42:55.715+0000] {dag.py:2742} INFO - Sync 1 DAGs
[2023-07-23T19:42:55.769+0000] {logging_mixin.py:150} INFO - [2023-07-23T19:42:55.769+0000] {dag.py:3504} INFO - Setting next_dagrun for example_branch_labels to 2023-07-22T00:00:00+00:00, run_after=2023-07-23T00:00:00+00:00
[2023-07-23T19:42:55.836+0000] {processor.py:179} INFO - Processing /home/airflow/.local/lib/python3.9/site-packages/airflow/example_dags/example_branch_labels.py took 0.227 seconds
[2023-07-23T19:43:26.200+0000] {processor.py:157} INFO - Started process (PID=293) to work on /home/airflow/.local/lib/python3.9/site-packages/airflow/example_dags/example_branch_labels.py
[2023-07-23T19:43:26.202+0000] {processor.py:826} INFO - Processing file /home/airflow/.local/lib/python3.9/site-packages/airflow/example_dags/example_branch_labels.py for tasks to queue
[2023-07-23T19:43:26.203+0000] {logging_mixin.py:150} INFO - [2023-07-23T19:43:26.203+0000] {dagbag.py:541} INFO - Filling up the DagBag from /home/airflow/.local/lib/python3.9/site-packages/airflow/example_dags/example_branch_labels.py
[2023-07-23T19:43:26.237+0000] {processor.py:836} INFO - DAG(s) dict_keys(['example_branch_labels']) retrieved from /home/airflow/.local/lib/python3.9/site-packages/airflow/example_dags/example_branch_labels.py
[2023-07-23T19:43:26.309+0000] {logging_mixin.py:150} INFO - [2023-07-23T19:43:26.309+0000] {dag.py:2742} INFO - Sync 1 DAGs
[2023-07-23T19:43:26.426+0000] {logging_mixin.py:150} INFO - [2023-07-23T19:43:26.426+0000] {dag.py:3504} INFO - Setting next_dagrun for example_branch_labels to 2023-07-22T00:00:00+00:00, run_after=2023-07-23T00:00:00+00:00
[2023-07-23T19:43:26.536+0000] {processor.py:179} INFO - Processing /home/airflow/.local/lib/python3.9/site-packages/airflow/example_dags/example_branch_labels.py took 0.357 seconds
[2023-07-23T19:43:57.338+0000] {processor.py:157} INFO - Started process (PID=354) to work on /home/airflow/.local/lib/python3.9/site-packages/airflow/example_dags/example_branch_labels.py
[2023-07-23T19:43:57.347+0000] {processor.py:826} INFO - Processing file /home/airflow/.local/lib/python3.9/site-packages/airflow/example_dags/example_branch_labels.py for tasks to queue
[2023-07-23T19:43:57.348+0000] {logging_mixin.py:150} INFO - [2023-07-23T19:43:57.348+0000] {dagbag.py:541} INFO - Filling up the DagBag from /home/airflow/.local/lib/python3.9/site-packages/airflow/example_dags/example_branch_labels.py
[2023-07-23T19:43:57.419+0000] {processor.py:836} INFO - DAG(s) dict_keys(['example_branch_labels']) retrieved from /home/airflow/.local/lib/python3.9/site-packages/airflow/example_dags/example_branch_labels.py
[2023-07-23T19:43:57.578+0000] {logging_mixin.py:150} INFO - [2023-07-23T19:43:57.578+0000] {dag.py:2742} INFO - Sync 1 DAGs
[2023-07-23T19:43:57.725+0000] {logging_mixin.py:150} INFO - [2023-07-23T19:43:57.725+0000] {dag.py:3504} INFO - Setting next_dagrun for example_branch_labels to 2023-07-22T00:00:00+00:00, run_after=2023-07-23T00:00:00+00:00
[2023-07-23T19:43:57.811+0000] {processor.py:179} INFO - Processing /home/airflow/.local/lib/python3.9/site-packages/airflow/example_dags/example_branch_labels.py took 0.532 seconds
[2023-07-23T19:44:28.473+0000] {processor.py:157} INFO - Started process (PID=409) to work on /home/airflow/.local/lib/python3.9/site-packages/airflow/example_dags/example_branch_labels.py
[2023-07-23T19:44:28.512+0000] {processor.py:826} INFO - Processing file /home/airflow/.local/lib/python3.9/site-packages/airflow/example_dags/example_branch_labels.py for tasks to queue
[2023-07-23T19:44:28.513+0000] {logging_mixin.py:150} INFO - [2023-07-23T19:44:28.512+0000] {dagbag.py:541} INFO - Filling up the DagBag from /home/airflow/.local/lib/python3.9/site-packages/airflow/example_dags/example_branch_labels.py
[2023-07-23T19:44:28.542+0000] {processor.py:836} INFO - DAG(s) dict_keys(['example_branch_labels']) retrieved from /home/airflow/.local/lib/python3.9/site-packages/airflow/example_dags/example_branch_labels.py
[2023-07-23T19:44:28.676+0000] {logging_mixin.py:150} INFO - [2023-07-23T19:44:28.675+0000] {dag.py:2742} INFO - Sync 1 DAGs
[2023-07-23T19:44:28.758+0000] {logging_mixin.py:150} INFO - [2023-07-23T19:44:28.758+0000] {dag.py:3504} INFO - Setting next_dagrun for example_branch_labels to 2023-07-22T00:00:00+00:00, run_after=2023-07-23T00:00:00+00:00
[2023-07-23T19:44:28.866+0000] {processor.py:179} INFO - Processing /home/airflow/.local/lib/python3.9/site-packages/airflow/example_dags/example_branch_labels.py took 0.396 seconds
[2023-07-23T19:44:59.225+0000] {processor.py:157} INFO - Started process (PID=470) to work on /home/airflow/.local/lib/python3.9/site-packages/airflow/example_dags/example_branch_labels.py
[2023-07-23T19:44:59.267+0000] {processor.py:826} INFO - Processing file /home/airflow/.local/lib/python3.9/site-packages/airflow/example_dags/example_branch_labels.py for tasks to queue
[2023-07-23T19:44:59.268+0000] {logging_mixin.py:150} INFO - [2023-07-23T19:44:59.268+0000] {dagbag.py:541} INFO - Filling up the DagBag from /home/airflow/.local/lib/python3.9/site-packages/airflow/example_dags/example_branch_labels.py
[2023-07-23T19:44:59.319+0000] {processor.py:836} INFO - DAG(s) dict_keys(['example_branch_labels']) retrieved from /home/airflow/.local/lib/python3.9/site-packages/airflow/example_dags/example_branch_labels.py
[2023-07-23T19:44:59.476+0000] {logging_mixin.py:150} INFO - [2023-07-23T19:44:59.476+0000] {dag.py:2742} INFO - Sync 1 DAGs
[2023-07-23T19:44:59.599+0000] {logging_mixin.py:150} INFO - [2023-07-23T19:44:59.599+0000] {dag.py:3504} INFO - Setting next_dagrun for example_branch_labels to 2023-07-22T00:00:00+00:00, run_after=2023-07-23T00:00:00+00:00
[2023-07-23T19:44:59.676+0000] {processor.py:179} INFO - Processing /home/airflow/.local/lib/python3.9/site-packages/airflow/example_dags/example_branch_labels.py took 0.458 seconds
[2023-07-23T19:45:30.292+0000] {processor.py:157} INFO - Started process (PID=532) to work on /home/airflow/.local/lib/python3.9/site-packages/airflow/example_dags/example_branch_labels.py
[2023-07-23T19:45:30.340+0000] {processor.py:826} INFO - Processing file /home/airflow/.local/lib/python3.9/site-packages/airflow/example_dags/example_branch_labels.py for tasks to queue
[2023-07-23T19:45:30.341+0000] {logging_mixin.py:150} INFO - [2023-07-23T19:45:30.340+0000] {dagbag.py:541} INFO - Filling up the DagBag from /home/airflow/.local/lib/python3.9/site-packages/airflow/example_dags/example_branch_labels.py
[2023-07-23T19:45:30.432+0000] {processor.py:836} INFO - DAG(s) dict_keys(['example_branch_labels']) retrieved from /home/airflow/.local/lib/python3.9/site-packages/airflow/example_dags/example_branch_labels.py
[2023-07-23T19:45:30.626+0000] {logging_mixin.py:150} INFO - [2023-07-23T19:45:30.626+0000] {dag.py:2742} INFO - Sync 1 DAGs
[2023-07-23T19:45:30.798+0000] {logging_mixin.py:150} INFO - [2023-07-23T19:45:30.798+0000] {dag.py:3504} INFO - Setting next_dagrun for example_branch_labels to 2023-07-22T00:00:00+00:00, run_after=2023-07-23T00:00:00+00:00
[2023-07-23T19:45:31.066+0000] {processor.py:179} INFO - Processing /home/airflow/.local/lib/python3.9/site-packages/airflow/example_dags/example_branch_labels.py took 0.778 seconds
[2023-07-23T19:46:01.458+0000] {processor.py:157} INFO - Started process (PID=586) to work on /home/airflow/.local/lib/python3.9/site-packages/airflow/example_dags/example_branch_labels.py
[2023-07-23T19:46:01.465+0000] {processor.py:826} INFO - Processing file /home/airflow/.local/lib/python3.9/site-packages/airflow/example_dags/example_branch_labels.py for tasks to queue
[2023-07-23T19:46:01.466+0000] {logging_mixin.py:150} INFO - [2023-07-23T19:46:01.466+0000] {dagbag.py:541} INFO - Filling up the DagBag from /home/airflow/.local/lib/python3.9/site-packages/airflow/example_dags/example_branch_labels.py
[2023-07-23T19:46:01.485+0000] {processor.py:836} INFO - DAG(s) dict_keys(['example_branch_labels']) retrieved from /home/airflow/.local/lib/python3.9/site-packages/airflow/example_dags/example_branch_labels.py
[2023-07-23T19:46:01.552+0000] {logging_mixin.py:150} INFO - [2023-07-23T19:46:01.552+0000] {dag.py:2742} INFO - Sync 1 DAGs
[2023-07-23T19:46:01.606+0000] {logging_mixin.py:150} INFO - [2023-07-23T19:46:01.605+0000] {dag.py:3504} INFO - Setting next_dagrun for example_branch_labels to 2023-07-22T00:00:00+00:00, run_after=2023-07-23T00:00:00+00:00
[2023-07-23T19:46:01.678+0000] {processor.py:179} INFO - Processing /home/airflow/.local/lib/python3.9/site-packages/airflow/example_dags/example_branch_labels.py took 0.223 seconds
[2023-07-23T19:46:32.170+0000] {processor.py:157} INFO - Started process (PID=655) to work on /home/airflow/.local/lib/python3.9/site-packages/airflow/example_dags/example_branch_labels.py
[2023-07-23T19:46:32.175+0000] {processor.py:826} INFO - Processing file /home/airflow/.local/lib/python3.9/site-packages/airflow/example_dags/example_branch_labels.py for tasks to queue
[2023-07-23T19:46:32.176+0000] {logging_mixin.py:150} INFO - [2023-07-23T19:46:32.176+0000] {dagbag.py:541} INFO - Filling up the DagBag from /home/airflow/.local/lib/python3.9/site-packages/airflow/example_dags/example_branch_labels.py
[2023-07-23T19:46:32.185+0000] {processor.py:836} INFO - DAG(s) dict_keys(['example_branch_labels']) retrieved from /home/airflow/.local/lib/python3.9/site-packages/airflow/example_dags/example_branch_labels.py
[2023-07-23T19:46:32.231+0000] {logging_mixin.py:150} INFO - [2023-07-23T19:46:32.231+0000] {dag.py:2742} INFO - Sync 1 DAGs
[2023-07-23T19:46:32.291+0000] {logging_mixin.py:150} INFO - [2023-07-23T19:46:32.291+0000] {dag.py:3504} INFO - Setting next_dagrun for example_branch_labels to 2023-07-22T00:00:00+00:00, run_after=2023-07-23T00:00:00+00:00
[2023-07-23T19:46:32.332+0000] {processor.py:179} INFO - Processing /home/airflow/.local/lib/python3.9/site-packages/airflow/example_dags/example_branch_labels.py took 0.165 seconds
[2023-07-23T19:47:02.384+0000] {processor.py:157} INFO - Started process (PID=715) to work on /home/airflow/.local/lib/python3.9/site-packages/airflow/example_dags/example_branch_labels.py
[2023-07-23T19:47:02.386+0000] {processor.py:826} INFO - Processing file /home/airflow/.local/lib/python3.9/site-packages/airflow/example_dags/example_branch_labels.py for tasks to queue
[2023-07-23T19:47:02.387+0000] {logging_mixin.py:150} INFO - [2023-07-23T19:47:02.386+0000] {dagbag.py:541} INFO - Filling up the DagBag from /home/airflow/.local/lib/python3.9/site-packages/airflow/example_dags/example_branch_labels.py
[2023-07-23T19:47:02.396+0000] {processor.py:836} INFO - DAG(s) dict_keys(['example_branch_labels']) retrieved from /home/airflow/.local/lib/python3.9/site-packages/airflow/example_dags/example_branch_labels.py
[2023-07-23T19:47:02.425+0000] {logging_mixin.py:150} INFO - [2023-07-23T19:47:02.424+0000] {dag.py:2742} INFO - Sync 1 DAGs
[2023-07-23T19:47:02.452+0000] {logging_mixin.py:150} INFO - [2023-07-23T19:47:02.452+0000] {dag.py:3504} INFO - Setting next_dagrun for example_branch_labels to 2023-07-22T00:00:00+00:00, run_after=2023-07-23T00:00:00+00:00
[2023-07-23T19:47:02.473+0000] {processor.py:179} INFO - Processing /home/airflow/.local/lib/python3.9/site-packages/airflow/example_dags/example_branch_labels.py took 0.094 seconds
[2023-07-23T19:47:33.264+0000] {processor.py:157} INFO - Started process (PID=778) to work on /home/airflow/.local/lib/python3.9/site-packages/airflow/example_dags/example_branch_labels.py
[2023-07-23T19:47:33.271+0000] {processor.py:826} INFO - Processing file /home/airflow/.local/lib/python3.9/site-packages/airflow/example_dags/example_branch_labels.py for tasks to queue
[2023-07-23T19:47:33.272+0000] {logging_mixin.py:150} INFO - [2023-07-23T19:47:33.272+0000] {dagbag.py:541} INFO - Filling up the DagBag from /home/airflow/.local/lib/python3.9/site-packages/airflow/example_dags/example_branch_labels.py
[2023-07-23T19:47:33.297+0000] {processor.py:836} INFO - DAG(s) dict_keys(['example_branch_labels']) retrieved from /home/airflow/.local/lib/python3.9/site-packages/airflow/example_dags/example_branch_labels.py
[2023-07-23T19:47:33.376+0000] {logging_mixin.py:150} INFO - [2023-07-23T19:47:33.375+0000] {dag.py:2742} INFO - Sync 1 DAGs
[2023-07-23T19:47:33.448+0000] {logging_mixin.py:150} INFO - [2023-07-23T19:47:33.448+0000] {dag.py:3504} INFO - Setting next_dagrun for example_branch_labels to 2023-07-22T00:00:00+00:00, run_after=2023-07-23T00:00:00+00:00
[2023-07-23T19:47:33.516+0000] {processor.py:179} INFO - Processing /home/airflow/.local/lib/python3.9/site-packages/airflow/example_dags/example_branch_labels.py took 0.257 seconds
[2023-07-23T19:48:07.308+0000] {processor.py:157} INFO - Started process (PID=837) to work on /home/airflow/.local/lib/python3.9/site-packages/airflow/example_dags/example_branch_labels.py
[2023-07-23T19:48:07.343+0000] {processor.py:826} INFO - Processing file /home/airflow/.local/lib/python3.9/site-packages/airflow/example_dags/example_branch_labels.py for tasks to queue
[2023-07-23T19:48:07.344+0000] {logging_mixin.py:150} INFO - [2023-07-23T19:48:07.344+0000] {dagbag.py:541} INFO - Filling up the DagBag from /home/airflow/.local/lib/python3.9/site-packages/airflow/example_dags/example_branch_labels.py
[2023-07-23T19:48:07.353+0000] {processor.py:836} INFO - DAG(s) dict_keys(['example_branch_labels']) retrieved from /home/airflow/.local/lib/python3.9/site-packages/airflow/example_dags/example_branch_labels.py
[2023-07-23T19:48:07.523+0000] {logging_mixin.py:150} INFO - [2023-07-23T19:48:07.523+0000] {dag.py:2742} INFO - Sync 1 DAGs
[2023-07-23T19:48:07.677+0000] {logging_mixin.py:150} INFO - [2023-07-23T19:48:07.676+0000] {dag.py:3504} INFO - Setting next_dagrun for example_branch_labels to 2023-07-22T00:00:00+00:00, run_after=2023-07-23T00:00:00+00:00
[2023-07-23T19:48:07.777+0000] {processor.py:179} INFO - Processing /home/airflow/.local/lib/python3.9/site-packages/airflow/example_dags/example_branch_labels.py took 0.493 seconds
[2023-07-23T19:48:38.057+0000] {processor.py:157} INFO - Started process (PID=899) to work on /home/airflow/.local/lib/python3.9/site-packages/airflow/example_dags/example_branch_labels.py
[2023-07-23T19:48:38.064+0000] {processor.py:826} INFO - Processing file /home/airflow/.local/lib/python3.9/site-packages/airflow/example_dags/example_branch_labels.py for tasks to queue
[2023-07-23T19:48:38.065+0000] {logging_mixin.py:150} INFO - [2023-07-23T19:48:38.065+0000] {dagbag.py:541} INFO - Filling up the DagBag from /home/airflow/.local/lib/python3.9/site-packages/airflow/example_dags/example_branch_labels.py
[2023-07-23T19:48:38.074+0000] {processor.py:836} INFO - DAG(s) dict_keys(['example_branch_labels']) retrieved from /home/airflow/.local/lib/python3.9/site-packages/airflow/example_dags/example_branch_labels.py
[2023-07-23T19:48:38.219+0000] {logging_mixin.py:150} INFO - [2023-07-23T19:48:38.219+0000] {dag.py:2742} INFO - Sync 1 DAGs
[2023-07-23T19:48:38.360+0000] {logging_mixin.py:150} INFO - [2023-07-23T19:48:38.360+0000] {dag.py:3504} INFO - Setting next_dagrun for example_branch_labels to 2023-07-22T00:00:00+00:00, run_after=2023-07-23T00:00:00+00:00
[2023-07-23T19:48:38.469+0000] {processor.py:179} INFO - Processing /home/airflow/.local/lib/python3.9/site-packages/airflow/example_dags/example_branch_labels.py took 0.446 seconds
[2023-07-23T19:49:08.843+0000] {processor.py:157} INFO - Started process (PID=953) to work on /home/airflow/.local/lib/python3.9/site-packages/airflow/example_dags/example_branch_labels.py
[2023-07-23T19:49:08.855+0000] {processor.py:826} INFO - Processing file /home/airflow/.local/lib/python3.9/site-packages/airflow/example_dags/example_branch_labels.py for tasks to queue
[2023-07-23T19:49:08.857+0000] {logging_mixin.py:150} INFO - [2023-07-23T19:49:08.856+0000] {dagbag.py:541} INFO - Filling up the DagBag from /home/airflow/.local/lib/python3.9/site-packages/airflow/example_dags/example_branch_labels.py
[2023-07-23T19:49:08.887+0000] {processor.py:836} INFO - DAG(s) dict_keys(['example_branch_labels']) retrieved from /home/airflow/.local/lib/python3.9/site-packages/airflow/example_dags/example_branch_labels.py
[2023-07-23T19:49:08.971+0000] {logging_mixin.py:150} INFO - [2023-07-23T19:49:08.970+0000] {dag.py:2742} INFO - Sync 1 DAGs
[2023-07-23T19:49:09.063+0000] {logging_mixin.py:150} INFO - [2023-07-23T19:49:09.063+0000] {dag.py:3504} INFO - Setting next_dagrun for example_branch_labels to 2023-07-22T00:00:00+00:00, run_after=2023-07-23T00:00:00+00:00
[2023-07-23T19:49:09.143+0000] {processor.py:179} INFO - Processing /home/airflow/.local/lib/python3.9/site-packages/airflow/example_dags/example_branch_labels.py took 0.304 seconds
[2023-07-23T19:49:41.119+0000] {processor.py:157} INFO - Started process (PID=1015) to work on /home/airflow/.local/lib/python3.9/site-packages/airflow/example_dags/example_branch_labels.py
[2023-07-23T19:49:41.126+0000] {processor.py:826} INFO - Processing file /home/airflow/.local/lib/python3.9/site-packages/airflow/example_dags/example_branch_labels.py for tasks to queue
[2023-07-23T19:49:41.126+0000] {logging_mixin.py:150} INFO - [2023-07-23T19:49:41.126+0000] {dagbag.py:541} INFO - Filling up the DagBag from /home/airflow/.local/lib/python3.9/site-packages/airflow/example_dags/example_branch_labels.py
[2023-07-23T19:49:41.156+0000] {processor.py:836} INFO - DAG(s) dict_keys(['example_branch_labels']) retrieved from /home/airflow/.local/lib/python3.9/site-packages/airflow/example_dags/example_branch_labels.py
[2023-07-23T19:49:41.276+0000] {logging_mixin.py:150} INFO - [2023-07-23T19:49:41.275+0000] {dag.py:2742} INFO - Sync 1 DAGs
[2023-07-23T19:49:41.392+0000] {logging_mixin.py:150} INFO - [2023-07-23T19:49:41.392+0000] {dag.py:3504} INFO - Setting next_dagrun for example_branch_labels to 2023-07-22T00:00:00+00:00, run_after=2023-07-23T00:00:00+00:00
[2023-07-23T19:49:41.481+0000] {processor.py:179} INFO - Processing /home/airflow/.local/lib/python3.9/site-packages/airflow/example_dags/example_branch_labels.py took 0.377 seconds
[2023-07-23T19:50:14.804+0000] {processor.py:157} INFO - Started process (PID=1066) to work on /home/airflow/.local/lib/python3.9/site-packages/airflow/example_dags/example_branch_labels.py
[2023-07-23T19:50:14.805+0000] {processor.py:826} INFO - Processing file /home/airflow/.local/lib/python3.9/site-packages/airflow/example_dags/example_branch_labels.py for tasks to queue
[2023-07-23T19:50:14.806+0000] {logging_mixin.py:150} INFO - [2023-07-23T19:50:14.806+0000] {dagbag.py:541} INFO - Filling up the DagBag from /home/airflow/.local/lib/python3.9/site-packages/airflow/example_dags/example_branch_labels.py
[2023-07-23T19:50:14.827+0000] {processor.py:836} INFO - DAG(s) dict_keys(['example_branch_labels']) retrieved from /home/airflow/.local/lib/python3.9/site-packages/airflow/example_dags/example_branch_labels.py
[2023-07-23T19:50:14.906+0000] {logging_mixin.py:150} INFO - [2023-07-23T19:50:14.906+0000] {dag.py:2742} INFO - Sync 1 DAGs
[2023-07-23T19:50:14.982+0000] {logging_mixin.py:150} INFO - [2023-07-23T19:50:14.981+0000] {dag.py:3504} INFO - Setting next_dagrun for example_branch_labels to 2023-07-22T00:00:00+00:00, run_after=2023-07-23T00:00:00+00:00
[2023-07-23T19:50:15.022+0000] {processor.py:179} INFO - Processing /home/airflow/.local/lib/python3.9/site-packages/airflow/example_dags/example_branch_labels.py took 0.223 seconds
[2023-07-23T19:50:47.514+0000] {processor.py:157} INFO - Started process (PID=1127) to work on /home/airflow/.local/lib/python3.9/site-packages/airflow/example_dags/example_branch_labels.py
[2023-07-23T19:50:47.567+0000] {processor.py:826} INFO - Processing file /home/airflow/.local/lib/python3.9/site-packages/airflow/example_dags/example_branch_labels.py for tasks to queue
[2023-07-23T19:50:47.573+0000] {logging_mixin.py:150} INFO - [2023-07-23T19:50:47.572+0000] {dagbag.py:541} INFO - Filling up the DagBag from /home/airflow/.local/lib/python3.9/site-packages/airflow/example_dags/example_branch_labels.py
[2023-07-23T19:50:47.651+0000] {processor.py:836} INFO - DAG(s) dict_keys(['example_branch_labels']) retrieved from /home/airflow/.local/lib/python3.9/site-packages/airflow/example_dags/example_branch_labels.py
[2023-07-23T19:50:47.816+0000] {logging_mixin.py:150} INFO - [2023-07-23T19:50:47.816+0000] {dag.py:2742} INFO - Sync 1 DAGs
[2023-07-23T19:50:47.988+0000] {logging_mixin.py:150} INFO - [2023-07-23T19:50:47.988+0000] {dag.py:3504} INFO - Setting next_dagrun for example_branch_labels to 2023-07-22T00:00:00+00:00, run_after=2023-07-23T00:00:00+00:00
[2023-07-23T19:50:48.112+0000] {processor.py:179} INFO - Processing /home/airflow/.local/lib/python3.9/site-packages/airflow/example_dags/example_branch_labels.py took 0.602 seconds
[2023-07-23T19:51:18.901+0000] {processor.py:157} INFO - Started process (PID=1182) to work on /home/airflow/.local/lib/python3.9/site-packages/airflow/example_dags/example_branch_labels.py
[2023-07-23T19:51:18.907+0000] {processor.py:826} INFO - Processing file /home/airflow/.local/lib/python3.9/site-packages/airflow/example_dags/example_branch_labels.py for tasks to queue
[2023-07-23T19:51:18.908+0000] {logging_mixin.py:150} INFO - [2023-07-23T19:51:18.908+0000] {dagbag.py:541} INFO - Filling up the DagBag from /home/airflow/.local/lib/python3.9/site-packages/airflow/example_dags/example_branch_labels.py
[2023-07-23T19:51:18.939+0000] {processor.py:836} INFO - DAG(s) dict_keys(['example_branch_labels']) retrieved from /home/airflow/.local/lib/python3.9/site-packages/airflow/example_dags/example_branch_labels.py
[2023-07-23T19:51:19.010+0000] {logging_mixin.py:150} INFO - [2023-07-23T19:51:19.009+0000] {dag.py:2742} INFO - Sync 1 DAGs
[2023-07-23T19:51:19.047+0000] {logging_mixin.py:150} INFO - [2023-07-23T19:51:19.047+0000] {dag.py:3504} INFO - Setting next_dagrun for example_branch_labels to 2023-07-22T00:00:00+00:00, run_after=2023-07-23T00:00:00+00:00
[2023-07-23T19:51:19.086+0000] {processor.py:179} INFO - Processing /home/airflow/.local/lib/python3.9/site-packages/airflow/example_dags/example_branch_labels.py took 0.189 seconds
[2023-07-23T19:51:50.473+0000] {processor.py:157} INFO - Started process (PID=1243) to work on /home/airflow/.local/lib/python3.9/site-packages/airflow/example_dags/example_branch_labels.py
[2023-07-23T19:51:50.476+0000] {processor.py:826} INFO - Processing file /home/airflow/.local/lib/python3.9/site-packages/airflow/example_dags/example_branch_labels.py for tasks to queue
[2023-07-23T19:51:50.481+0000] {logging_mixin.py:150} INFO - [2023-07-23T19:51:50.477+0000] {dagbag.py:541} INFO - Filling up the DagBag from /home/airflow/.local/lib/python3.9/site-packages/airflow/example_dags/example_branch_labels.py
[2023-07-23T19:51:50.525+0000] {processor.py:836} INFO - DAG(s) dict_keys(['example_branch_labels']) retrieved from /home/airflow/.local/lib/python3.9/site-packages/airflow/example_dags/example_branch_labels.py
[2023-07-23T19:51:50.611+0000] {logging_mixin.py:150} INFO - [2023-07-23T19:51:50.611+0000] {dag.py:2742} INFO - Sync 1 DAGs
[2023-07-23T19:51:50.698+0000] {logging_mixin.py:150} INFO - [2023-07-23T19:51:50.698+0000] {dag.py:3504} INFO - Setting next_dagrun for example_branch_labels to 2023-07-22T00:00:00+00:00, run_after=2023-07-23T00:00:00+00:00
[2023-07-23T19:51:50.773+0000] {processor.py:179} INFO - Processing /home/airflow/.local/lib/python3.9/site-packages/airflow/example_dags/example_branch_labels.py took 0.304 seconds
[2023-07-23T19:52:23.364+0000] {processor.py:157} INFO - Started process (PID=1306) to work on /home/airflow/.local/lib/python3.9/site-packages/airflow/example_dags/example_branch_labels.py
[2023-07-23T19:52:23.397+0000] {processor.py:826} INFO - Processing file /home/airflow/.local/lib/python3.9/site-packages/airflow/example_dags/example_branch_labels.py for tasks to queue
[2023-07-23T19:52:23.398+0000] {logging_mixin.py:150} INFO - [2023-07-23T19:52:23.397+0000] {dagbag.py:541} INFO - Filling up the DagBag from /home/airflow/.local/lib/python3.9/site-packages/airflow/example_dags/example_branch_labels.py
[2023-07-23T19:52:23.424+0000] {processor.py:836} INFO - DAG(s) dict_keys(['example_branch_labels']) retrieved from /home/airflow/.local/lib/python3.9/site-packages/airflow/example_dags/example_branch_labels.py
[2023-07-23T19:52:23.590+0000] {logging_mixin.py:150} INFO - [2023-07-23T19:52:23.589+0000] {dag.py:2742} INFO - Sync 1 DAGs
[2023-07-23T19:52:23.713+0000] {logging_mixin.py:150} INFO - [2023-07-23T19:52:23.712+0000] {dag.py:3504} INFO - Setting next_dagrun for example_branch_labels to 2023-07-22T00:00:00+00:00, run_after=2023-07-23T00:00:00+00:00
[2023-07-23T19:52:23.827+0000] {processor.py:179} INFO - Processing /home/airflow/.local/lib/python3.9/site-packages/airflow/example_dags/example_branch_labels.py took 0.467 seconds
[2023-07-23T19:52:56.254+0000] {processor.py:157} INFO - Started process (PID=1364) to work on /home/airflow/.local/lib/python3.9/site-packages/airflow/example_dags/example_branch_labels.py
[2023-07-23T19:52:56.281+0000] {processor.py:826} INFO - Processing file /home/airflow/.local/lib/python3.9/site-packages/airflow/example_dags/example_branch_labels.py for tasks to queue
[2023-07-23T19:52:56.282+0000] {logging_mixin.py:150} INFO - [2023-07-23T19:52:56.281+0000] {dagbag.py:541} INFO - Filling up the DagBag from /home/airflow/.local/lib/python3.9/site-packages/airflow/example_dags/example_branch_labels.py
[2023-07-23T19:52:56.342+0000] {processor.py:836} INFO - DAG(s) dict_keys(['example_branch_labels']) retrieved from /home/airflow/.local/lib/python3.9/site-packages/airflow/example_dags/example_branch_labels.py
[2023-07-23T19:52:56.573+0000] {logging_mixin.py:150} INFO - [2023-07-23T19:52:56.572+0000] {dag.py:2742} INFO - Sync 1 DAGs
[2023-07-23T19:52:56.725+0000] {logging_mixin.py:150} INFO - [2023-07-23T19:52:56.724+0000] {dag.py:3504} INFO - Setting next_dagrun for example_branch_labels to 2023-07-22T00:00:00+00:00, run_after=2023-07-23T00:00:00+00:00
[2023-07-23T19:52:56.901+0000] {processor.py:179} INFO - Processing /home/airflow/.local/lib/python3.9/site-packages/airflow/example_dags/example_branch_labels.py took 0.651 seconds
[2023-07-23T19:53:27.429+0000] {processor.py:157} INFO - Started process (PID=1419) to work on /home/airflow/.local/lib/python3.9/site-packages/airflow/example_dags/example_branch_labels.py
[2023-07-23T19:53:27.431+0000] {processor.py:826} INFO - Processing file /home/airflow/.local/lib/python3.9/site-packages/airflow/example_dags/example_branch_labels.py for tasks to queue
[2023-07-23T19:53:27.432+0000] {logging_mixin.py:150} INFO - [2023-07-23T19:53:27.431+0000] {dagbag.py:541} INFO - Filling up the DagBag from /home/airflow/.local/lib/python3.9/site-packages/airflow/example_dags/example_branch_labels.py
[2023-07-23T19:53:27.451+0000] {processor.py:836} INFO - DAG(s) dict_keys(['example_branch_labels']) retrieved from /home/airflow/.local/lib/python3.9/site-packages/airflow/example_dags/example_branch_labels.py
[2023-07-23T19:53:27.530+0000] {logging_mixin.py:150} INFO - [2023-07-23T19:53:27.530+0000] {dag.py:2742} INFO - Sync 1 DAGs
[2023-07-23T19:53:27.618+0000] {logging_mixin.py:150} INFO - [2023-07-23T19:53:27.618+0000] {dag.py:3504} INFO - Setting next_dagrun for example_branch_labels to 2023-07-22T00:00:00+00:00, run_after=2023-07-23T00:00:00+00:00
[2023-07-23T19:53:27.672+0000] {processor.py:179} INFO - Processing /home/airflow/.local/lib/python3.9/site-packages/airflow/example_dags/example_branch_labels.py took 0.248 seconds
[2023-07-23T19:53:58.583+0000] {processor.py:157} INFO - Started process (PID=1480) to work on /home/airflow/.local/lib/python3.9/site-packages/airflow/example_dags/example_branch_labels.py
[2023-07-23T19:53:58.596+0000] {processor.py:826} INFO - Processing file /home/airflow/.local/lib/python3.9/site-packages/airflow/example_dags/example_branch_labels.py for tasks to queue
[2023-07-23T19:53:58.597+0000] {logging_mixin.py:150} INFO - [2023-07-23T19:53:58.597+0000] {dagbag.py:541} INFO - Filling up the DagBag from /home/airflow/.local/lib/python3.9/site-packages/airflow/example_dags/example_branch_labels.py
[2023-07-23T19:53:58.624+0000] {processor.py:836} INFO - DAG(s) dict_keys(['example_branch_labels']) retrieved from /home/airflow/.local/lib/python3.9/site-packages/airflow/example_dags/example_branch_labels.py
[2023-07-23T19:53:58.746+0000] {logging_mixin.py:150} INFO - [2023-07-23T19:53:58.746+0000] {dag.py:2742} INFO - Sync 1 DAGs
[2023-07-23T19:53:58.868+0000] {logging_mixin.py:150} INFO - [2023-07-23T19:53:58.868+0000] {dag.py:3504} INFO - Setting next_dagrun for example_branch_labels to 2023-07-22T00:00:00+00:00, run_after=2023-07-23T00:00:00+00:00
[2023-07-23T19:53:58.966+0000] {processor.py:179} INFO - Processing /home/airflow/.local/lib/python3.9/site-packages/airflow/example_dags/example_branch_labels.py took 0.405 seconds
[2023-07-23T19:54:29.224+0000] {processor.py:157} INFO - Started process (PID=1540) to work on /home/airflow/.local/lib/python3.9/site-packages/airflow/example_dags/example_branch_labels.py
[2023-07-23T19:54:29.243+0000] {processor.py:826} INFO - Processing file /home/airflow/.local/lib/python3.9/site-packages/airflow/example_dags/example_branch_labels.py for tasks to queue
[2023-07-23T19:54:29.244+0000] {logging_mixin.py:150} INFO - [2023-07-23T19:54:29.244+0000] {dagbag.py:541} INFO - Filling up the DagBag from /home/airflow/.local/lib/python3.9/site-packages/airflow/example_dags/example_branch_labels.py
[2023-07-23T19:54:29.264+0000] {processor.py:836} INFO - DAG(s) dict_keys(['example_branch_labels']) retrieved from /home/airflow/.local/lib/python3.9/site-packages/airflow/example_dags/example_branch_labels.py
[2023-07-23T19:54:29.438+0000] {logging_mixin.py:150} INFO - [2023-07-23T19:54:29.437+0000] {dag.py:2742} INFO - Sync 1 DAGs
[2023-07-23T19:54:29.552+0000] {logging_mixin.py:150} INFO - [2023-07-23T19:54:29.552+0000] {dag.py:3504} INFO - Setting next_dagrun for example_branch_labels to 2023-07-22T00:00:00+00:00, run_after=2023-07-23T00:00:00+00:00
[2023-07-23T19:54:29.645+0000] {processor.py:179} INFO - Processing /home/airflow/.local/lib/python3.9/site-packages/airflow/example_dags/example_branch_labels.py took 0.425 seconds
[2023-07-23T19:54:59.793+0000] {processor.py:157} INFO - Started process (PID=1603) to work on /home/airflow/.local/lib/python3.9/site-packages/airflow/example_dags/example_branch_labels.py
[2023-07-23T19:54:59.815+0000] {processor.py:826} INFO - Processing file /home/airflow/.local/lib/python3.9/site-packages/airflow/example_dags/example_branch_labels.py for tasks to queue
[2023-07-23T19:54:59.817+0000] {logging_mixin.py:150} INFO - [2023-07-23T19:54:59.816+0000] {dagbag.py:541} INFO - Filling up the DagBag from /home/airflow/.local/lib/python3.9/site-packages/airflow/example_dags/example_branch_labels.py
[2023-07-23T19:54:59.848+0000] {processor.py:836} INFO - DAG(s) dict_keys(['example_branch_labels']) retrieved from /home/airflow/.local/lib/python3.9/site-packages/airflow/example_dags/example_branch_labels.py
[2023-07-23T19:54:59.971+0000] {logging_mixin.py:150} INFO - [2023-07-23T19:54:59.970+0000] {dag.py:2742} INFO - Sync 1 DAGs
[2023-07-23T19:55:00.079+0000] {logging_mixin.py:150} INFO - [2023-07-23T19:55:00.079+0000] {dag.py:3504} INFO - Setting next_dagrun for example_branch_labels to 2023-07-22T00:00:00+00:00, run_after=2023-07-23T00:00:00+00:00
[2023-07-23T19:55:00.136+0000] {processor.py:179} INFO - Processing /home/airflow/.local/lib/python3.9/site-packages/airflow/example_dags/example_branch_labels.py took 0.347 seconds
[2023-07-23T19:55:30.689+0000] {processor.py:157} INFO - Started process (PID=1666) to work on /home/airflow/.local/lib/python3.9/site-packages/airflow/example_dags/example_branch_labels.py
[2023-07-23T19:55:30.706+0000] {processor.py:826} INFO - Processing file /home/airflow/.local/lib/python3.9/site-packages/airflow/example_dags/example_branch_labels.py for tasks to queue
[2023-07-23T19:55:30.707+0000] {logging_mixin.py:150} INFO - [2023-07-23T19:55:30.706+0000] {dagbag.py:541} INFO - Filling up the DagBag from /home/airflow/.local/lib/python3.9/site-packages/airflow/example_dags/example_branch_labels.py
[2023-07-23T19:55:30.756+0000] {processor.py:836} INFO - DAG(s) dict_keys(['example_branch_labels']) retrieved from /home/airflow/.local/lib/python3.9/site-packages/airflow/example_dags/example_branch_labels.py
[2023-07-23T19:55:30.876+0000] {logging_mixin.py:150} INFO - [2023-07-23T19:55:30.875+0000] {dag.py:2742} INFO - Sync 1 DAGs
[2023-07-23T19:55:31.045+0000] {logging_mixin.py:150} INFO - [2023-07-23T19:55:31.045+0000] {dag.py:3504} INFO - Setting next_dagrun for example_branch_labels to 2023-07-22T00:00:00+00:00, run_after=2023-07-23T00:00:00+00:00
[2023-07-23T19:55:31.217+0000] {processor.py:179} INFO - Processing /home/airflow/.local/lib/python3.9/site-packages/airflow/example_dags/example_branch_labels.py took 0.548 seconds
[2023-07-23T19:56:02.092+0000] {processor.py:157} INFO - Started process (PID=1721) to work on /home/airflow/.local/lib/python3.9/site-packages/airflow/example_dags/example_branch_labels.py
[2023-07-23T19:56:02.099+0000] {processor.py:826} INFO - Processing file /home/airflow/.local/lib/python3.9/site-packages/airflow/example_dags/example_branch_labels.py for tasks to queue
[2023-07-23T19:56:02.100+0000] {logging_mixin.py:150} INFO - [2023-07-23T19:56:02.100+0000] {dagbag.py:541} INFO - Filling up the DagBag from /home/airflow/.local/lib/python3.9/site-packages/airflow/example_dags/example_branch_labels.py
[2023-07-23T19:56:02.121+0000] {processor.py:836} INFO - DAG(s) dict_keys(['example_branch_labels']) retrieved from /home/airflow/.local/lib/python3.9/site-packages/airflow/example_dags/example_branch_labels.py
[2023-07-23T19:56:02.290+0000] {logging_mixin.py:150} INFO - [2023-07-23T19:56:02.290+0000] {dag.py:2742} INFO - Sync 1 DAGs
[2023-07-23T19:56:02.413+0000] {logging_mixin.py:150} INFO - [2023-07-23T19:56:02.412+0000] {dag.py:3504} INFO - Setting next_dagrun for example_branch_labels to 2023-07-22T00:00:00+00:00, run_after=2023-07-23T00:00:00+00:00
[2023-07-23T19:56:02.499+0000] {processor.py:179} INFO - Processing /home/airflow/.local/lib/python3.9/site-packages/airflow/example_dags/example_branch_labels.py took 0.428 seconds
[2023-07-23T19:56:33.264+0000] {processor.py:157} INFO - Started process (PID=1781) to work on /home/airflow/.local/lib/python3.9/site-packages/airflow/example_dags/example_branch_labels.py
[2023-07-23T19:56:33.295+0000] {processor.py:826} INFO - Processing file /home/airflow/.local/lib/python3.9/site-packages/airflow/example_dags/example_branch_labels.py for tasks to queue
[2023-07-23T19:56:33.297+0000] {logging_mixin.py:150} INFO - [2023-07-23T19:56:33.296+0000] {dagbag.py:541} INFO - Filling up the DagBag from /home/airflow/.local/lib/python3.9/site-packages/airflow/example_dags/example_branch_labels.py
[2023-07-23T19:56:33.322+0000] {processor.py:836} INFO - DAG(s) dict_keys(['example_branch_labels']) retrieved from /home/airflow/.local/lib/python3.9/site-packages/airflow/example_dags/example_branch_labels.py
[2023-07-23T19:56:33.459+0000] {logging_mixin.py:150} INFO - [2023-07-23T19:56:33.459+0000] {dag.py:2742} INFO - Sync 1 DAGs
[2023-07-23T19:56:33.535+0000] {logging_mixin.py:150} INFO - [2023-07-23T19:56:33.534+0000] {dag.py:3504} INFO - Setting next_dagrun for example_branch_labels to 2023-07-22T00:00:00+00:00, run_after=2023-07-23T00:00:00+00:00
[2023-07-23T19:56:33.633+0000] {processor.py:179} INFO - Processing /home/airflow/.local/lib/python3.9/site-packages/airflow/example_dags/example_branch_labels.py took 0.374 seconds
[2023-07-23T19:57:03.892+0000] {processor.py:157} INFO - Started process (PID=1849) to work on /home/airflow/.local/lib/python3.9/site-packages/airflow/example_dags/example_branch_labels.py
[2023-07-23T19:57:03.905+0000] {processor.py:826} INFO - Processing file /home/airflow/.local/lib/python3.9/site-packages/airflow/example_dags/example_branch_labels.py for tasks to queue
[2023-07-23T19:57:03.907+0000] {logging_mixin.py:150} INFO - [2023-07-23T19:57:03.906+0000] {dagbag.py:541} INFO - Filling up the DagBag from /home/airflow/.local/lib/python3.9/site-packages/airflow/example_dags/example_branch_labels.py
[2023-07-23T19:57:04.110+0000] {processor.py:836} INFO - DAG(s) dict_keys(['example_branch_labels']) retrieved from /home/airflow/.local/lib/python3.9/site-packages/airflow/example_dags/example_branch_labels.py
[2023-07-23T19:57:04.382+0000] {logging_mixin.py:150} INFO - [2023-07-23T19:57:04.372+0000] {dag.py:2742} INFO - Sync 1 DAGs
[2023-07-23T19:57:04.576+0000] {logging_mixin.py:150} INFO - [2023-07-23T19:57:04.575+0000] {dag.py:3504} INFO - Setting next_dagrun for example_branch_labels to 2023-07-22T00:00:00+00:00, run_after=2023-07-23T00:00:00+00:00
[2023-07-23T19:57:04.647+0000] {processor.py:179} INFO - Processing /home/airflow/.local/lib/python3.9/site-packages/airflow/example_dags/example_branch_labels.py took 0.759 seconds
[2023-07-23T19:57:58.320+0000] {processor.py:157} INFO - Started process (PID=1903) to work on /home/airflow/.local/lib/python3.9/site-packages/airflow/example_dags/example_branch_labels.py
[2023-07-23T19:57:58.323+0000] {processor.py:826} INFO - Processing file /home/airflow/.local/lib/python3.9/site-packages/airflow/example_dags/example_branch_labels.py for tasks to queue
[2023-07-23T19:57:58.386+0000] {logging_mixin.py:150} INFO - [2023-07-23T19:57:58.385+0000] {dagbag.py:541} INFO - Filling up the DagBag from /home/airflow/.local/lib/python3.9/site-packages/airflow/example_dags/example_branch_labels.py
[2023-07-23T19:57:58.554+0000] {processor.py:836} INFO - DAG(s) dict_keys(['example_branch_labels']) retrieved from /home/airflow/.local/lib/python3.9/site-packages/airflow/example_dags/example_branch_labels.py
[2023-07-23T19:57:59.071+0000] {logging_mixin.py:150} INFO - [2023-07-23T19:57:59.070+0000] {dag.py:2742} INFO - Sync 1 DAGs
[2023-07-23T19:57:59.466+0000] {logging_mixin.py:150} INFO - [2023-07-23T19:57:59.466+0000] {dag.py:3504} INFO - Setting next_dagrun for example_branch_labels to 2023-07-22T00:00:00+00:00, run_after=2023-07-23T00:00:00+00:00
[2023-07-23T19:58:00.135+0000] {processor.py:179} INFO - Processing /home/airflow/.local/lib/python3.9/site-packages/airflow/example_dags/example_branch_labels.py took 2.084 seconds
[2023-07-23T20:00:57.816+0000] {processor.py:157} INFO - Started process (PID=62) to work on /home/airflow/.local/lib/python3.9/site-packages/airflow/example_dags/example_branch_labels.py
[2023-07-23T20:00:57.825+0000] {processor.py:826} INFO - Processing file /home/airflow/.local/lib/python3.9/site-packages/airflow/example_dags/example_branch_labels.py for tasks to queue
[2023-07-23T20:00:57.826+0000] {logging_mixin.py:150} INFO - [2023-07-23T20:00:57.826+0000] {dagbag.py:541} INFO - Filling up the DagBag from /home/airflow/.local/lib/python3.9/site-packages/airflow/example_dags/example_branch_labels.py
[2023-07-23T20:00:57.884+0000] {processor.py:836} INFO - DAG(s) dict_keys(['example_branch_labels']) retrieved from /home/airflow/.local/lib/python3.9/site-packages/airflow/example_dags/example_branch_labels.py
[2023-07-23T20:00:58.070+0000] {logging_mixin.py:150} INFO - [2023-07-23T20:00:58.069+0000] {dag.py:2742} INFO - Sync 1 DAGs
[2023-07-23T20:00:58.148+0000] {logging_mixin.py:150} INFO - [2023-07-23T20:00:58.148+0000] {dag.py:3504} INFO - Setting next_dagrun for example_branch_labels to 2023-07-22T00:00:00+00:00, run_after=2023-07-23T00:00:00+00:00
[2023-07-23T20:00:58.656+0000] {processor.py:179} INFO - Processing /home/airflow/.local/lib/python3.9/site-packages/airflow/example_dags/example_branch_labels.py took 0.854 seconds
[2023-07-23T20:05:32.505+0000] {processor.py:157} INFO - Started process (PID=101) to work on /home/airflow/.local/lib/python3.9/site-packages/airflow/example_dags/example_branch_labels.py
[2023-07-23T20:05:32.566+0000] {processor.py:826} INFO - Processing file /home/airflow/.local/lib/python3.9/site-packages/airflow/example_dags/example_branch_labels.py for tasks to queue
[2023-07-23T20:05:32.567+0000] {logging_mixin.py:150} INFO - [2023-07-23T20:05:32.566+0000] {dagbag.py:541} INFO - Filling up the DagBag from /home/airflow/.local/lib/python3.9/site-packages/airflow/example_dags/example_branch_labels.py
[2023-07-23T20:05:32.640+0000] {processor.py:836} INFO - DAG(s) dict_keys(['example_branch_labels']) retrieved from /home/airflow/.local/lib/python3.9/site-packages/airflow/example_dags/example_branch_labels.py
[2023-07-23T20:05:32.877+0000] {logging_mixin.py:150} INFO - [2023-07-23T20:05:32.877+0000] {dag.py:2742} INFO - Sync 1 DAGs
[2023-07-23T20:05:32.988+0000] {logging_mixin.py:150} INFO - [2023-07-23T20:05:32.988+0000] {dag.py:3504} INFO - Setting next_dagrun for example_branch_labels to 2023-07-22T00:00:00+00:00, run_after=2023-07-23T00:00:00+00:00
[2023-07-23T20:05:33.998+0000] {processor.py:179} INFO - Processing /home/airflow/.local/lib/python3.9/site-packages/airflow/example_dags/example_branch_labels.py took 1.498 seconds
[2023-07-23T20:06:04.498+0000] {processor.py:157} INFO - Started process (PID=156) to work on /home/airflow/.local/lib/python3.9/site-packages/airflow/example_dags/example_branch_labels.py
[2023-07-23T20:06:04.500+0000] {processor.py:826} INFO - Processing file /home/airflow/.local/lib/python3.9/site-packages/airflow/example_dags/example_branch_labels.py for tasks to queue
[2023-07-23T20:06:04.501+0000] {logging_mixin.py:150} INFO - [2023-07-23T20:06:04.501+0000] {dagbag.py:541} INFO - Filling up the DagBag from /home/airflow/.local/lib/python3.9/site-packages/airflow/example_dags/example_branch_labels.py
[2023-07-23T20:06:04.511+0000] {processor.py:836} INFO - DAG(s) dict_keys(['example_branch_labels']) retrieved from /home/airflow/.local/lib/python3.9/site-packages/airflow/example_dags/example_branch_labels.py
[2023-07-23T20:06:04.617+0000] {logging_mixin.py:150} INFO - [2023-07-23T20:06:04.617+0000] {dag.py:2742} INFO - Sync 1 DAGs
[2023-07-23T20:06:04.684+0000] {logging_mixin.py:150} INFO - [2023-07-23T20:06:04.684+0000] {dag.py:3504} INFO - Setting next_dagrun for example_branch_labels to 2023-07-22T00:00:00+00:00, run_after=2023-07-23T00:00:00+00:00
[2023-07-23T20:06:04.709+0000] {processor.py:179} INFO - Processing /home/airflow/.local/lib/python3.9/site-packages/airflow/example_dags/example_branch_labels.py took 0.225 seconds
[2023-07-23T20:06:53.029+0000] {processor.py:157} INFO - Started process (PID=208) to work on /home/airflow/.local/lib/python3.9/site-packages/airflow/example_dags/example_branch_labels.py
[2023-07-23T20:06:53.216+0000] {processor.py:826} INFO - Processing file /home/airflow/.local/lib/python3.9/site-packages/airflow/example_dags/example_branch_labels.py for tasks to queue
[2023-07-23T20:06:53.375+0000] {logging_mixin.py:150} INFO - [2023-07-23T20:06:53.240+0000] {dagbag.py:541} INFO - Filling up the DagBag from /home/airflow/.local/lib/python3.9/site-packages/airflow/example_dags/example_branch_labels.py
[2023-07-23T20:06:54.224+0000] {processor.py:836} INFO - DAG(s) dict_keys(['example_branch_labels']) retrieved from /home/airflow/.local/lib/python3.9/site-packages/airflow/example_dags/example_branch_labels.py
[2023-07-23T20:06:55.070+0000] {logging_mixin.py:150} INFO - [2023-07-23T20:06:55.070+0000] {dag.py:2742} INFO - Sync 1 DAGs
[2023-07-23T20:06:55.905+0000] {logging_mixin.py:150} INFO - [2023-07-23T20:06:55.895+0000] {dag.py:3504} INFO - Setting next_dagrun for example_branch_labels to 2023-07-22T00:00:00+00:00, run_after=2023-07-23T00:00:00+00:00
[2023-07-23T20:06:56.732+0000] {processor.py:179} INFO - Processing /home/airflow/.local/lib/python3.9/site-packages/airflow/example_dags/example_branch_labels.py took 3.980 seconds
[2023-07-23T20:07:59.178+0000] {processor.py:157} INFO - Started process (PID=259) to work on /home/airflow/.local/lib/python3.9/site-packages/airflow/example_dags/example_branch_labels.py
[2023-07-23T20:07:59.201+0000] {processor.py:826} INFO - Processing file /home/airflow/.local/lib/python3.9/site-packages/airflow/example_dags/example_branch_labels.py for tasks to queue
[2023-07-23T20:07:59.202+0000] {logging_mixin.py:150} INFO - [2023-07-23T20:07:59.202+0000] {dagbag.py:541} INFO - Filling up the DagBag from /home/airflow/.local/lib/python3.9/site-packages/airflow/example_dags/example_branch_labels.py
[2023-07-23T20:07:59.515+0000] {processor.py:836} INFO - DAG(s) dict_keys(['example_branch_labels']) retrieved from /home/airflow/.local/lib/python3.9/site-packages/airflow/example_dags/example_branch_labels.py
[2023-07-23T20:08:00.506+0000] {logging_mixin.py:150} INFO - [2023-07-23T20:08:00.505+0000] {dag.py:2742} INFO - Sync 1 DAGs
[2023-07-23T20:08:01.651+0000] {logging_mixin.py:150} INFO - [2023-07-23T20:08:01.650+0000] {dag.py:3504} INFO - Setting next_dagrun for example_branch_labels to 2023-07-22T00:00:00+00:00, run_after=2023-07-23T00:00:00+00:00
[2023-07-23T20:08:02.201+0000] {processor.py:179} INFO - Processing /home/airflow/.local/lib/python3.9/site-packages/airflow/example_dags/example_branch_labels.py took 3.040 seconds
[2023-07-23T20:09:14.866+0000] {processor.py:157} INFO - Started process (PID=315) to work on /home/airflow/.local/lib/python3.9/site-packages/airflow/example_dags/example_branch_labels.py
[2023-07-23T20:09:15.014+0000] {processor.py:826} INFO - Processing file /home/airflow/.local/lib/python3.9/site-packages/airflow/example_dags/example_branch_labels.py for tasks to queue
[2023-07-23T20:09:15.015+0000] {logging_mixin.py:150} INFO - [2023-07-23T20:09:15.014+0000] {dagbag.py:541} INFO - Filling up the DagBag from /home/airflow/.local/lib/python3.9/site-packages/airflow/example_dags/example_branch_labels.py
[2023-07-23T20:09:15.428+0000] {processor.py:836} INFO - DAG(s) dict_keys(['example_branch_labels']) retrieved from /home/airflow/.local/lib/python3.9/site-packages/airflow/example_dags/example_branch_labels.py
[2023-07-23T20:09:16.191+0000] {logging_mixin.py:150} INFO - [2023-07-23T20:09:16.190+0000] {dag.py:2742} INFO - Sync 1 DAGs
[2023-07-23T20:09:16.709+0000] {logging_mixin.py:150} INFO - [2023-07-23T20:09:16.709+0000] {dag.py:3504} INFO - Setting next_dagrun for example_branch_labels to 2023-07-22T00:00:00+00:00, run_after=2023-07-23T00:00:00+00:00
[2023-07-23T20:09:17.470+0000] {processor.py:179} INFO - Processing /home/airflow/.local/lib/python3.9/site-packages/airflow/example_dags/example_branch_labels.py took 2.674 seconds
[2023-07-23T20:10:12.089+0000] {processor.py:157} INFO - Started process (PID=383) to work on /home/airflow/.local/lib/python3.9/site-packages/airflow/example_dags/example_branch_labels.py
[2023-07-23T20:10:12.095+0000] {processor.py:826} INFO - Processing file /home/airflow/.local/lib/python3.9/site-packages/airflow/example_dags/example_branch_labels.py for tasks to queue
[2023-07-23T20:10:12.096+0000] {logging_mixin.py:150} INFO - [2023-07-23T20:10:12.096+0000] {dagbag.py:541} INFO - Filling up the DagBag from /home/airflow/.local/lib/python3.9/site-packages/airflow/example_dags/example_branch_labels.py
[2023-07-23T20:10:12.157+0000] {processor.py:836} INFO - DAG(s) dict_keys(['example_branch_labels']) retrieved from /home/airflow/.local/lib/python3.9/site-packages/airflow/example_dags/example_branch_labels.py
[2023-07-23T20:10:12.266+0000] {logging_mixin.py:150} INFO - [2023-07-23T20:10:12.266+0000] {dag.py:2742} INFO - Sync 1 DAGs
[2023-07-23T20:10:12.354+0000] {logging_mixin.py:150} INFO - [2023-07-23T20:10:12.354+0000] {dag.py:3504} INFO - Setting next_dagrun for example_branch_labels to 2023-07-22T00:00:00+00:00, run_after=2023-07-23T00:00:00+00:00
[2023-07-23T20:10:12.456+0000] {processor.py:179} INFO - Processing /home/airflow/.local/lib/python3.9/site-packages/airflow/example_dags/example_branch_labels.py took 0.406 seconds
[2023-07-23T20:10:43.237+0000] {processor.py:157} INFO - Started process (PID=444) to work on /home/airflow/.local/lib/python3.9/site-packages/airflow/example_dags/example_branch_labels.py
[2023-07-23T20:10:43.246+0000] {processor.py:826} INFO - Processing file /home/airflow/.local/lib/python3.9/site-packages/airflow/example_dags/example_branch_labels.py for tasks to queue
[2023-07-23T20:10:43.247+0000] {logging_mixin.py:150} INFO - [2023-07-23T20:10:43.246+0000] {dagbag.py:541} INFO - Filling up the DagBag from /home/airflow/.local/lib/python3.9/site-packages/airflow/example_dags/example_branch_labels.py
[2023-07-23T20:10:43.297+0000] {processor.py:836} INFO - DAG(s) dict_keys(['example_branch_labels']) retrieved from /home/airflow/.local/lib/python3.9/site-packages/airflow/example_dags/example_branch_labels.py
[2023-07-23T20:10:43.427+0000] {logging_mixin.py:150} INFO - [2023-07-23T20:10:43.427+0000] {dag.py:2742} INFO - Sync 1 DAGs
[2023-07-23T20:10:43.564+0000] {logging_mixin.py:150} INFO - [2023-07-23T20:10:43.564+0000] {dag.py:3504} INFO - Setting next_dagrun for example_branch_labels to 2023-07-22T00:00:00+00:00, run_after=2023-07-23T00:00:00+00:00
[2023-07-23T20:10:43.675+0000] {processor.py:179} INFO - Processing /home/airflow/.local/lib/python3.9/site-packages/airflow/example_dags/example_branch_labels.py took 0.493 seconds
[2023-07-23T20:11:13.748+0000] {processor.py:157} INFO - Started process (PID=497) to work on /home/airflow/.local/lib/python3.9/site-packages/airflow/example_dags/example_branch_labels.py
[2023-07-23T20:11:13.756+0000] {processor.py:826} INFO - Processing file /home/airflow/.local/lib/python3.9/site-packages/airflow/example_dags/example_branch_labels.py for tasks to queue
[2023-07-23T20:11:13.757+0000] {logging_mixin.py:150} INFO - [2023-07-23T20:11:13.756+0000] {dagbag.py:541} INFO - Filling up the DagBag from /home/airflow/.local/lib/python3.9/site-packages/airflow/example_dags/example_branch_labels.py
[2023-07-23T20:11:13.778+0000] {processor.py:836} INFO - DAG(s) dict_keys(['example_branch_labels']) retrieved from /home/airflow/.local/lib/python3.9/site-packages/airflow/example_dags/example_branch_labels.py
[2023-07-23T20:11:13.878+0000] {logging_mixin.py:150} INFO - [2023-07-23T20:11:13.878+0000] {dag.py:2742} INFO - Sync 1 DAGs
[2023-07-23T20:11:13.962+0000] {logging_mixin.py:150} INFO - [2023-07-23T20:11:13.962+0000] {dag.py:3504} INFO - Setting next_dagrun for example_branch_labels to 2023-07-22T00:00:00+00:00, run_after=2023-07-23T00:00:00+00:00
[2023-07-23T20:11:14.043+0000] {processor.py:179} INFO - Processing /home/airflow/.local/lib/python3.9/site-packages/airflow/example_dags/example_branch_labels.py took 0.299 seconds
[2023-07-23T20:11:47.375+0000] {processor.py:157} INFO - Started process (PID=548) to work on /home/airflow/.local/lib/python3.9/site-packages/airflow/example_dags/example_branch_labels.py
[2023-07-23T20:11:47.376+0000] {processor.py:826} INFO - Processing file /home/airflow/.local/lib/python3.9/site-packages/airflow/example_dags/example_branch_labels.py for tasks to queue
[2023-07-23T20:11:47.398+0000] {logging_mixin.py:150} INFO - [2023-07-23T20:11:47.397+0000] {dagbag.py:541} INFO - Filling up the DagBag from /home/airflow/.local/lib/python3.9/site-packages/airflow/example_dags/example_branch_labels.py
[2023-07-23T20:11:47.463+0000] {processor.py:836} INFO - DAG(s) dict_keys(['example_branch_labels']) retrieved from /home/airflow/.local/lib/python3.9/site-packages/airflow/example_dags/example_branch_labels.py
[2023-07-23T20:11:48.126+0000] {logging_mixin.py:150} INFO - [2023-07-23T20:11:48.126+0000] {dag.py:2742} INFO - Sync 1 DAGs
[2023-07-23T20:11:48.597+0000] {logging_mixin.py:150} INFO - [2023-07-23T20:11:48.546+0000] {dag.py:3504} INFO - Setting next_dagrun for example_branch_labels to 2023-07-22T00:00:00+00:00, run_after=2023-07-23T00:00:00+00:00
[2023-07-23T20:11:48.978+0000] {processor.py:179} INFO - Processing /home/airflow/.local/lib/python3.9/site-packages/airflow/example_dags/example_branch_labels.py took 1.633 seconds
[2023-07-23T20:12:45.580+0000] {processor.py:157} INFO - Started process (PID=615) to work on /home/airflow/.local/lib/python3.9/site-packages/airflow/example_dags/example_branch_labels.py
[2023-07-23T20:12:45.581+0000] {processor.py:826} INFO - Processing file /home/airflow/.local/lib/python3.9/site-packages/airflow/example_dags/example_branch_labels.py for tasks to queue
[2023-07-23T20:12:45.582+0000] {logging_mixin.py:150} INFO - [2023-07-23T20:12:45.582+0000] {dagbag.py:541} INFO - Filling up the DagBag from /home/airflow/.local/lib/python3.9/site-packages/airflow/example_dags/example_branch_labels.py
[2023-07-23T20:12:45.783+0000] {processor.py:836} INFO - DAG(s) dict_keys(['example_branch_labels']) retrieved from /home/airflow/.local/lib/python3.9/site-packages/airflow/example_dags/example_branch_labels.py
[2023-07-23T20:12:46.165+0000] {logging_mixin.py:150} INFO - [2023-07-23T20:12:46.165+0000] {dag.py:2742} INFO - Sync 1 DAGs
[2023-07-23T20:12:47.032+0000] {logging_mixin.py:150} INFO - [2023-07-23T20:12:47.032+0000] {dag.py:3504} INFO - Setting next_dagrun for example_branch_labels to 2023-07-22T00:00:00+00:00, run_after=2023-07-23T00:00:00+00:00
[2023-07-23T20:12:47.421+0000] {processor.py:179} INFO - Processing /home/airflow/.local/lib/python3.9/site-packages/airflow/example_dags/example_branch_labels.py took 2.000 seconds
[2023-07-23T20:13:54.613+0000] {processor.py:157} INFO - Started process (PID=666) to work on /home/airflow/.local/lib/python3.9/site-packages/airflow/example_dags/example_branch_labels.py
[2023-07-23T20:13:54.614+0000] {processor.py:826} INFO - Processing file /home/airflow/.local/lib/python3.9/site-packages/airflow/example_dags/example_branch_labels.py for tasks to queue
[2023-07-23T20:13:54.616+0000] {logging_mixin.py:150} INFO - [2023-07-23T20:13:54.615+0000] {dagbag.py:541} INFO - Filling up the DagBag from /home/airflow/.local/lib/python3.9/site-packages/airflow/example_dags/example_branch_labels.py
[2023-07-23T20:13:55.066+0000] {processor.py:836} INFO - DAG(s) dict_keys(['example_branch_labels']) retrieved from /home/airflow/.local/lib/python3.9/site-packages/airflow/example_dags/example_branch_labels.py
[2023-07-23T20:13:56.327+0000] {logging_mixin.py:150} INFO - [2023-07-23T20:13:56.327+0000] {dag.py:2742} INFO - Sync 1 DAGs
[2023-07-23T20:13:57.288+0000] {logging_mixin.py:150} INFO - [2023-07-23T20:13:57.288+0000] {dag.py:3504} INFO - Setting next_dagrun for example_branch_labels to 2023-07-22T00:00:00+00:00, run_after=2023-07-23T00:00:00+00:00
[2023-07-23T20:13:58.103+0000] {processor.py:179} INFO - Processing /home/airflow/.local/lib/python3.9/site-packages/airflow/example_dags/example_branch_labels.py took 3.774 seconds
[2023-07-23T20:15:11.747+0000] {processor.py:157} INFO - Started process (PID=729) to work on /home/airflow/.local/lib/python3.9/site-packages/airflow/example_dags/example_branch_labels.py
[2023-07-23T20:15:11.766+0000] {processor.py:826} INFO - Processing file /home/airflow/.local/lib/python3.9/site-packages/airflow/example_dags/example_branch_labels.py for tasks to queue
[2023-07-23T20:15:11.767+0000] {logging_mixin.py:150} INFO - [2023-07-23T20:15:11.766+0000] {dagbag.py:541} INFO - Filling up the DagBag from /home/airflow/.local/lib/python3.9/site-packages/airflow/example_dags/example_branch_labels.py
[2023-07-23T20:15:11.837+0000] {processor.py:836} INFO - DAG(s) dict_keys(['example_branch_labels']) retrieved from /home/airflow/.local/lib/python3.9/site-packages/airflow/example_dags/example_branch_labels.py
[2023-07-23T20:15:12.039+0000] {logging_mixin.py:150} INFO - [2023-07-23T20:15:12.039+0000] {dag.py:2742} INFO - Sync 1 DAGs
[2023-07-23T20:15:12.299+0000] {logging_mixin.py:150} INFO - [2023-07-23T20:15:12.298+0000] {dag.py:3504} INFO - Setting next_dagrun for example_branch_labels to 2023-07-22T00:00:00+00:00, run_after=2023-07-23T00:00:00+00:00
[2023-07-23T20:15:12.496+0000] {processor.py:179} INFO - Processing /home/airflow/.local/lib/python3.9/site-packages/airflow/example_dags/example_branch_labels.py took 0.787 seconds
[2023-07-23T20:15:42.687+0000] {processor.py:157} INFO - Started process (PID=783) to work on /home/airflow/.local/lib/python3.9/site-packages/airflow/example_dags/example_branch_labels.py
[2023-07-23T20:15:42.695+0000] {processor.py:826} INFO - Processing file /home/airflow/.local/lib/python3.9/site-packages/airflow/example_dags/example_branch_labels.py for tasks to queue
[2023-07-23T20:15:42.696+0000] {logging_mixin.py:150} INFO - [2023-07-23T20:15:42.696+0000] {dagbag.py:541} INFO - Filling up the DagBag from /home/airflow/.local/lib/python3.9/site-packages/airflow/example_dags/example_branch_labels.py
[2023-07-23T20:15:42.726+0000] {processor.py:836} INFO - DAG(s) dict_keys(['example_branch_labels']) retrieved from /home/airflow/.local/lib/python3.9/site-packages/airflow/example_dags/example_branch_labels.py
[2023-07-23T20:15:42.782+0000] {logging_mixin.py:150} INFO - [2023-07-23T20:15:42.782+0000] {dag.py:2742} INFO - Sync 1 DAGs
[2023-07-23T20:15:42.859+0000] {logging_mixin.py:150} INFO - [2023-07-23T20:15:42.858+0000] {dag.py:3504} INFO - Setting next_dagrun for example_branch_labels to 2023-07-22T00:00:00+00:00, run_after=2023-07-23T00:00:00+00:00
[2023-07-23T20:15:42.942+0000] {processor.py:179} INFO - Processing /home/airflow/.local/lib/python3.9/site-packages/airflow/example_dags/example_branch_labels.py took 0.260 seconds
[2023-07-23T20:16:13.533+0000] {processor.py:157} INFO - Started process (PID=841) to work on /home/airflow/.local/lib/python3.9/site-packages/airflow/example_dags/example_branch_labels.py
[2023-07-23T20:16:13.562+0000] {processor.py:826} INFO - Processing file /home/airflow/.local/lib/python3.9/site-packages/airflow/example_dags/example_branch_labels.py for tasks to queue
[2023-07-23T20:16:13.563+0000] {logging_mixin.py:150} INFO - [2023-07-23T20:16:13.562+0000] {dagbag.py:541} INFO - Filling up the DagBag from /home/airflow/.local/lib/python3.9/site-packages/airflow/example_dags/example_branch_labels.py
[2023-07-23T20:16:13.580+0000] {processor.py:836} INFO - DAG(s) dict_keys(['example_branch_labels']) retrieved from /home/airflow/.local/lib/python3.9/site-packages/airflow/example_dags/example_branch_labels.py
[2023-07-23T20:16:13.710+0000] {logging_mixin.py:150} INFO - [2023-07-23T20:16:13.709+0000] {dag.py:2742} INFO - Sync 1 DAGs
[2023-07-23T20:16:13.852+0000] {logging_mixin.py:150} INFO - [2023-07-23T20:16:13.851+0000] {dag.py:3504} INFO - Setting next_dagrun for example_branch_labels to 2023-07-22T00:00:00+00:00, run_after=2023-07-23T00:00:00+00:00
[2023-07-23T20:16:14.012+0000] {processor.py:179} INFO - Processing /home/airflow/.local/lib/python3.9/site-packages/airflow/example_dags/example_branch_labels.py took 0.483 seconds
[2023-07-23T20:17:35.342+0000] {processor.py:157} INFO - Started process (PID=915) to work on /home/airflow/.local/lib/python3.9/site-packages/airflow/example_dags/example_branch_labels.py
[2023-07-23T20:17:35.381+0000] {processor.py:826} INFO - Processing file /home/airflow/.local/lib/python3.9/site-packages/airflow/example_dags/example_branch_labels.py for tasks to queue
[2023-07-23T20:17:35.383+0000] {logging_mixin.py:150} INFO - [2023-07-23T20:17:35.382+0000] {dagbag.py:541} INFO - Filling up the DagBag from /home/airflow/.local/lib/python3.9/site-packages/airflow/example_dags/example_branch_labels.py
[2023-07-23T20:17:35.844+0000] {processor.py:836} INFO - DAG(s) dict_keys(['example_branch_labels']) retrieved from /home/airflow/.local/lib/python3.9/site-packages/airflow/example_dags/example_branch_labels.py
[2023-07-23T20:17:36.882+0000] {logging_mixin.py:150} INFO - [2023-07-23T20:17:36.882+0000] {dag.py:2742} INFO - Sync 1 DAGs
[2023-07-23T20:17:37.784+0000] {logging_mixin.py:150} INFO - [2023-07-23T20:17:37.784+0000] {dag.py:3504} INFO - Setting next_dagrun for example_branch_labels to 2023-07-22T00:00:00+00:00, run_after=2023-07-23T00:00:00+00:00
[2023-07-23T20:17:38.256+0000] {processor.py:179} INFO - Processing /home/airflow/.local/lib/python3.9/site-packages/airflow/example_dags/example_branch_labels.py took 3.036 seconds
[2023-07-23T20:19:26.372+0000] {processor.py:157} INFO - Started process (PID=981) to work on /home/airflow/.local/lib/python3.9/site-packages/airflow/example_dags/example_branch_labels.py
[2023-07-23T20:19:26.384+0000] {processor.py:826} INFO - Processing file /home/airflow/.local/lib/python3.9/site-packages/airflow/example_dags/example_branch_labels.py for tasks to queue
[2023-07-23T20:19:26.494+0000] {logging_mixin.py:150} INFO - [2023-07-23T20:19:26.494+0000] {dagbag.py:541} INFO - Filling up the DagBag from /home/airflow/.local/lib/python3.9/site-packages/airflow/example_dags/example_branch_labels.py
[2023-07-23T20:19:27.459+0000] {processor.py:836} INFO - DAG(s) dict_keys(['example_branch_labels']) retrieved from /home/airflow/.local/lib/python3.9/site-packages/airflow/example_dags/example_branch_labels.py
[2023-07-23T20:19:29.140+0000] {logging_mixin.py:150} INFO - [2023-07-23T20:19:29.140+0000] {dag.py:2742} INFO - Sync 1 DAGs
[2023-07-23T20:19:30.982+0000] {logging_mixin.py:150} INFO - [2023-07-23T20:19:30.981+0000] {dag.py:3504} INFO - Setting next_dagrun for example_branch_labels to 2023-07-22T00:00:00+00:00, run_after=2023-07-23T00:00:00+00:00
[2023-07-23T20:19:32.451+0000] {processor.py:179} INFO - Processing /home/airflow/.local/lib/python3.9/site-packages/airflow/example_dags/example_branch_labels.py took 6.230 seconds
[2023-07-23T20:20:20.899+0000] {processor.py:157} INFO - Started process (PID=1034) to work on /home/airflow/.local/lib/python3.9/site-packages/airflow/example_dags/example_branch_labels.py
[2023-07-23T20:20:20.935+0000] {processor.py:826} INFO - Processing file /home/airflow/.local/lib/python3.9/site-packages/airflow/example_dags/example_branch_labels.py for tasks to queue
[2023-07-23T20:20:20.955+0000] {logging_mixin.py:150} INFO - [2023-07-23T20:20:20.936+0000] {dagbag.py:541} INFO - Filling up the DagBag from /home/airflow/.local/lib/python3.9/site-packages/airflow/example_dags/example_branch_labels.py
[2023-07-23T20:20:20.965+0000] {processor.py:836} INFO - DAG(s) dict_keys(['example_branch_labels']) retrieved from /home/airflow/.local/lib/python3.9/site-packages/airflow/example_dags/example_branch_labels.py
[2023-07-23T20:20:21.152+0000] {logging_mixin.py:150} INFO - [2023-07-23T20:20:21.151+0000] {dag.py:2742} INFO - Sync 1 DAGs
[2023-07-23T20:20:21.282+0000] {logging_mixin.py:150} INFO - [2023-07-23T20:20:21.281+0000] {dag.py:3504} INFO - Setting next_dagrun for example_branch_labels to 2023-07-22T00:00:00+00:00, run_after=2023-07-23T00:00:00+00:00
[2023-07-23T20:20:21.444+0000] {processor.py:179} INFO - Processing /home/airflow/.local/lib/python3.9/site-packages/airflow/example_dags/example_branch_labels.py took 0.550 seconds
[2023-07-23T20:20:52.424+0000] {processor.py:157} INFO - Started process (PID=1091) to work on /home/airflow/.local/lib/python3.9/site-packages/airflow/example_dags/example_branch_labels.py
[2023-07-23T20:20:52.471+0000] {processor.py:826} INFO - Processing file /home/airflow/.local/lib/python3.9/site-packages/airflow/example_dags/example_branch_labels.py for tasks to queue
[2023-07-23T20:20:52.474+0000] {logging_mixin.py:150} INFO - [2023-07-23T20:20:52.473+0000] {dagbag.py:541} INFO - Filling up the DagBag from /home/airflow/.local/lib/python3.9/site-packages/airflow/example_dags/example_branch_labels.py
[2023-07-23T20:20:52.491+0000] {processor.py:836} INFO - DAG(s) dict_keys(['example_branch_labels']) retrieved from /home/airflow/.local/lib/python3.9/site-packages/airflow/example_dags/example_branch_labels.py
[2023-07-23T20:20:52.706+0000] {logging_mixin.py:150} INFO - [2023-07-23T20:20:52.705+0000] {dag.py:2742} INFO - Sync 1 DAGs
[2023-07-23T20:20:52.848+0000] {logging_mixin.py:150} INFO - [2023-07-23T20:20:52.848+0000] {dag.py:3504} INFO - Setting next_dagrun for example_branch_labels to 2023-07-22T00:00:00+00:00, run_after=2023-07-23T00:00:00+00:00
[2023-07-23T20:20:52.988+0000] {processor.py:179} INFO - Processing /home/airflow/.local/lib/python3.9/site-packages/airflow/example_dags/example_branch_labels.py took 0.568 seconds
[2023-07-23T20:21:35.746+0000] {processor.py:157} INFO - Started process (PID=1143) to work on /home/airflow/.local/lib/python3.9/site-packages/airflow/example_dags/example_branch_labels.py
[2023-07-23T20:21:35.748+0000] {processor.py:826} INFO - Processing file /home/airflow/.local/lib/python3.9/site-packages/airflow/example_dags/example_branch_labels.py for tasks to queue
[2023-07-23T20:21:35.816+0000] {logging_mixin.py:150} INFO - [2023-07-23T20:21:35.815+0000] {dagbag.py:541} INFO - Filling up the DagBag from /home/airflow/.local/lib/python3.9/site-packages/airflow/example_dags/example_branch_labels.py
[2023-07-23T20:21:36.259+0000] {processor.py:836} INFO - DAG(s) dict_keys(['example_branch_labels']) retrieved from /home/airflow/.local/lib/python3.9/site-packages/airflow/example_dags/example_branch_labels.py
[2023-07-23T20:21:37.265+0000] {logging_mixin.py:150} INFO - [2023-07-23T20:21:37.228+0000] {dag.py:2742} INFO - Sync 1 DAGs
[2023-07-23T20:21:38.282+0000] {logging_mixin.py:150} INFO - [2023-07-23T20:21:38.281+0000] {dag.py:3504} INFO - Setting next_dagrun for example_branch_labels to 2023-07-22T00:00:00+00:00, run_after=2023-07-23T00:00:00+00:00
[2023-07-23T20:21:38.808+0000] {processor.py:179} INFO - Processing /home/airflow/.local/lib/python3.9/site-packages/airflow/example_dags/example_branch_labels.py took 3.156 seconds
[2023-07-23T20:22:44.831+0000] {processor.py:157} INFO - Started process (PID=1199) to work on /home/airflow/.local/lib/python3.9/site-packages/airflow/example_dags/example_branch_labels.py
[2023-07-23T20:22:44.888+0000] {processor.py:826} INFO - Processing file /home/airflow/.local/lib/python3.9/site-packages/airflow/example_dags/example_branch_labels.py for tasks to queue
[2023-07-23T20:22:44.889+0000] {logging_mixin.py:150} INFO - [2023-07-23T20:22:44.888+0000] {dagbag.py:541} INFO - Filling up the DagBag from /home/airflow/.local/lib/python3.9/site-packages/airflow/example_dags/example_branch_labels.py
[2023-07-23T20:22:45.270+0000] {processor.py:836} INFO - DAG(s) dict_keys(['example_branch_labels']) retrieved from /home/airflow/.local/lib/python3.9/site-packages/airflow/example_dags/example_branch_labels.py
[2023-07-23T20:22:46.701+0000] {logging_mixin.py:150} INFO - [2023-07-23T20:22:46.700+0000] {dag.py:2742} INFO - Sync 1 DAGs
[2023-07-23T20:22:48.093+0000] {logging_mixin.py:150} INFO - [2023-07-23T20:22:48.093+0000] {dag.py:3504} INFO - Setting next_dagrun for example_branch_labels to 2023-07-22T00:00:00+00:00, run_after=2023-07-23T00:00:00+00:00
[2023-07-23T20:22:49.372+0000] {processor.py:179} INFO - Processing /home/airflow/.local/lib/python3.9/site-packages/airflow/example_dags/example_branch_labels.py took 4.936 seconds
[2023-07-23T20:25:06.664+0000] {processor.py:157} INFO - Started process (PID=1278) to work on /home/airflow/.local/lib/python3.9/site-packages/airflow/example_dags/example_branch_labels.py
[2023-07-23T20:25:06.679+0000] {processor.py:826} INFO - Processing file /home/airflow/.local/lib/python3.9/site-packages/airflow/example_dags/example_branch_labels.py for tasks to queue
[2023-07-23T20:25:06.680+0000] {logging_mixin.py:150} INFO - [2023-07-23T20:25:06.679+0000] {dagbag.py:541} INFO - Filling up the DagBag from /home/airflow/.local/lib/python3.9/site-packages/airflow/example_dags/example_branch_labels.py
[2023-07-23T20:25:07.022+0000] {processor.py:836} INFO - DAG(s) dict_keys(['example_branch_labels']) retrieved from /home/airflow/.local/lib/python3.9/site-packages/airflow/example_dags/example_branch_labels.py
[2023-07-23T20:25:08.126+0000] {logging_mixin.py:150} INFO - [2023-07-23T20:25:08.126+0000] {dag.py:2742} INFO - Sync 1 DAGs
[2023-07-23T20:25:09.198+0000] {logging_mixin.py:150} INFO - [2023-07-23T20:25:09.198+0000] {dag.py:3504} INFO - Setting next_dagrun for example_branch_labels to 2023-07-22T00:00:00+00:00, run_after=2023-07-23T00:00:00+00:00
[2023-07-23T20:25:09.389+0000] {processor.py:179} INFO - Processing /home/airflow/.local/lib/python3.9/site-packages/airflow/example_dags/example_branch_labels.py took 3.090 seconds
[2023-07-23T20:25:40.272+0000] {processor.py:157} INFO - Started process (PID=1340) to work on /home/airflow/.local/lib/python3.9/site-packages/airflow/example_dags/example_branch_labels.py
[2023-07-23T20:25:40.306+0000] {processor.py:826} INFO - Processing file /home/airflow/.local/lib/python3.9/site-packages/airflow/example_dags/example_branch_labels.py for tasks to queue
[2023-07-23T20:25:40.307+0000] {logging_mixin.py:150} INFO - [2023-07-23T20:25:40.306+0000] {dagbag.py:541} INFO - Filling up the DagBag from /home/airflow/.local/lib/python3.9/site-packages/airflow/example_dags/example_branch_labels.py
[2023-07-23T20:25:40.350+0000] {processor.py:836} INFO - DAG(s) dict_keys(['example_branch_labels']) retrieved from /home/airflow/.local/lib/python3.9/site-packages/airflow/example_dags/example_branch_labels.py
[2023-07-23T20:25:40.546+0000] {logging_mixin.py:150} INFO - [2023-07-23T20:25:40.546+0000] {dag.py:2742} INFO - Sync 1 DAGs
[2023-07-23T20:25:40.683+0000] {logging_mixin.py:150} INFO - [2023-07-23T20:25:40.683+0000] {dag.py:3504} INFO - Setting next_dagrun for example_branch_labels to 2023-07-22T00:00:00+00:00, run_after=2023-07-23T00:00:00+00:00
[2023-07-23T20:25:40.847+0000] {processor.py:179} INFO - Processing /home/airflow/.local/lib/python3.9/site-packages/airflow/example_dags/example_branch_labels.py took 0.579 seconds
[2023-07-23T20:26:11.291+0000] {processor.py:157} INFO - Started process (PID=1395) to work on /home/airflow/.local/lib/python3.9/site-packages/airflow/example_dags/example_branch_labels.py
[2023-07-23T20:26:11.347+0000] {processor.py:826} INFO - Processing file /home/airflow/.local/lib/python3.9/site-packages/airflow/example_dags/example_branch_labels.py for tasks to queue
[2023-07-23T20:26:11.348+0000] {logging_mixin.py:150} INFO - [2023-07-23T20:26:11.347+0000] {dagbag.py:541} INFO - Filling up the DagBag from /home/airflow/.local/lib/python3.9/site-packages/airflow/example_dags/example_branch_labels.py
[2023-07-23T20:26:11.403+0000] {processor.py:836} INFO - DAG(s) dict_keys(['example_branch_labels']) retrieved from /home/airflow/.local/lib/python3.9/site-packages/airflow/example_dags/example_branch_labels.py
[2023-07-23T20:26:11.647+0000] {logging_mixin.py:150} INFO - [2023-07-23T20:26:11.647+0000] {dag.py:2742} INFO - Sync 1 DAGs
[2023-07-23T20:26:11.731+0000] {logging_mixin.py:150} INFO - [2023-07-23T20:26:11.731+0000] {dag.py:3504} INFO - Setting next_dagrun for example_branch_labels to 2023-07-22T00:00:00+00:00, run_after=2023-07-23T00:00:00+00:00
[2023-07-23T20:26:11.856+0000] {processor.py:179} INFO - Processing /home/airflow/.local/lib/python3.9/site-packages/airflow/example_dags/example_branch_labels.py took 0.569 seconds
[2023-07-23T20:26:55.760+0000] {processor.py:157} INFO - Started process (PID=1437) to work on /home/airflow/.local/lib/python3.9/site-packages/airflow/example_dags/example_branch_labels.py
[2023-07-23T20:26:55.909+0000] {processor.py:826} INFO - Processing file /home/airflow/.local/lib/python3.9/site-packages/airflow/example_dags/example_branch_labels.py for tasks to queue
[2023-07-23T20:26:56.017+0000] {logging_mixin.py:150} INFO - [2023-07-23T20:26:56.016+0000] {dagbag.py:541} INFO - Filling up the DagBag from /home/airflow/.local/lib/python3.9/site-packages/airflow/example_dags/example_branch_labels.py
[2023-07-23T20:26:56.685+0000] {processor.py:836} INFO - DAG(s) dict_keys(['example_branch_labels']) retrieved from /home/airflow/.local/lib/python3.9/site-packages/airflow/example_dags/example_branch_labels.py
[2023-07-23T20:26:58.313+0000] {logging_mixin.py:150} INFO - [2023-07-23T20:26:58.313+0000] {dag.py:2742} INFO - Sync 1 DAGs
[2023-07-23T20:26:59.911+0000] {logging_mixin.py:150} INFO - [2023-07-23T20:26:59.801+0000] {dag.py:3504} INFO - Setting next_dagrun for example_branch_labels to 2023-07-22T00:00:00+00:00, run_after=2023-07-23T00:00:00+00:00
[2023-07-23T20:27:00.556+0000] {processor.py:179} INFO - Processing /home/airflow/.local/lib/python3.9/site-packages/airflow/example_dags/example_branch_labels.py took 4.799 seconds
[2023-07-23T20:28:14.505+0000] {processor.py:157} INFO - Started process (PID=1494) to work on /home/airflow/.local/lib/python3.9/site-packages/airflow/example_dags/example_branch_labels.py
[2023-07-23T20:28:14.595+0000] {processor.py:826} INFO - Processing file /home/airflow/.local/lib/python3.9/site-packages/airflow/example_dags/example_branch_labels.py for tasks to queue
[2023-07-23T20:28:14.596+0000] {logging_mixin.py:150} INFO - [2023-07-23T20:28:14.595+0000] {dagbag.py:541} INFO - Filling up the DagBag from /home/airflow/.local/lib/python3.9/site-packages/airflow/example_dags/example_branch_labels.py
[2023-07-23T20:28:15.230+0000] {processor.py:836} INFO - DAG(s) dict_keys(['example_branch_labels']) retrieved from /home/airflow/.local/lib/python3.9/site-packages/airflow/example_dags/example_branch_labels.py
[2023-07-23T20:28:16.535+0000] {logging_mixin.py:150} INFO - [2023-07-23T20:28:16.535+0000] {dag.py:2742} INFO - Sync 1 DAGs
[2023-07-23T20:28:17.401+0000] {logging_mixin.py:150} INFO - [2023-07-23T20:28:17.401+0000] {dag.py:3504} INFO - Setting next_dagrun for example_branch_labels to 2023-07-22T00:00:00+00:00, run_after=2023-07-23T00:00:00+00:00
[2023-07-23T20:28:17.832+0000] {processor.py:179} INFO - Processing /home/airflow/.local/lib/python3.9/site-packages/airflow/example_dags/example_branch_labels.py took 3.422 seconds
[2023-07-23T20:29:46.418+0000] {processor.py:157} INFO - Started process (PID=1555) to work on /home/airflow/.local/lib/python3.9/site-packages/airflow/example_dags/example_branch_labels.py
[2023-07-23T20:29:46.441+0000] {processor.py:826} INFO - Processing file /home/airflow/.local/lib/python3.9/site-packages/airflow/example_dags/example_branch_labels.py for tasks to queue
[2023-07-23T20:29:46.442+0000] {logging_mixin.py:150} INFO - [2023-07-23T20:29:46.441+0000] {dagbag.py:541} INFO - Filling up the DagBag from /home/airflow/.local/lib/python3.9/site-packages/airflow/example_dags/example_branch_labels.py
[2023-07-23T20:29:47.131+0000] {processor.py:836} INFO - DAG(s) dict_keys(['example_branch_labels']) retrieved from /home/airflow/.local/lib/python3.9/site-packages/airflow/example_dags/example_branch_labels.py
[2023-07-23T20:29:48.660+0000] {logging_mixin.py:150} INFO - [2023-07-23T20:29:48.660+0000] {dag.py:2742} INFO - Sync 1 DAGs
[2023-07-23T20:29:50.003+0000] {logging_mixin.py:150} INFO - [2023-07-23T20:29:50.003+0000] {dag.py:3504} INFO - Setting next_dagrun for example_branch_labels to 2023-07-22T00:00:00+00:00, run_after=2023-07-23T00:00:00+00:00
[2023-07-23T20:29:51.008+0000] {processor.py:179} INFO - Processing /home/airflow/.local/lib/python3.9/site-packages/airflow/example_dags/example_branch_labels.py took 5.091 seconds
[2023-07-23T20:30:27.535+0000] {processor.py:157} INFO - Started process (PID=1605) to work on /home/airflow/.local/lib/python3.9/site-packages/airflow/example_dags/example_branch_labels.py
[2023-07-23T20:30:27.556+0000] {processor.py:826} INFO - Processing file /home/airflow/.local/lib/python3.9/site-packages/airflow/example_dags/example_branch_labels.py for tasks to queue
[2023-07-23T20:30:27.557+0000] {logging_mixin.py:150} INFO - [2023-07-23T20:30:27.556+0000] {dagbag.py:541} INFO - Filling up the DagBag from /home/airflow/.local/lib/python3.9/site-packages/airflow/example_dags/example_branch_labels.py
[2023-07-23T20:30:27.628+0000] {processor.py:836} INFO - DAG(s) dict_keys(['example_branch_labels']) retrieved from /home/airflow/.local/lib/python3.9/site-packages/airflow/example_dags/example_branch_labels.py
[2023-07-23T20:30:27.976+0000] {logging_mixin.py:150} INFO - [2023-07-23T20:30:27.976+0000] {dag.py:2742} INFO - Sync 1 DAGs
[2023-07-23T20:30:28.209+0000] {logging_mixin.py:150} INFO - [2023-07-23T20:30:28.208+0000] {dag.py:3504} INFO - Setting next_dagrun for example_branch_labels to 2023-07-22T00:00:00+00:00, run_after=2023-07-23T00:00:00+00:00
[2023-07-23T20:30:28.417+0000] {processor.py:179} INFO - Processing /home/airflow/.local/lib/python3.9/site-packages/airflow/example_dags/example_branch_labels.py took 0.933 seconds
[2023-07-23T20:30:59.004+0000] {processor.py:157} INFO - Started process (PID=1667) to work on /home/airflow/.local/lib/python3.9/site-packages/airflow/example_dags/example_branch_labels.py
[2023-07-23T20:30:59.016+0000] {processor.py:826} INFO - Processing file /home/airflow/.local/lib/python3.9/site-packages/airflow/example_dags/example_branch_labels.py for tasks to queue
[2023-07-23T20:30:59.017+0000] {logging_mixin.py:150} INFO - [2023-07-23T20:30:59.016+0000] {dagbag.py:541} INFO - Filling up the DagBag from /home/airflow/.local/lib/python3.9/site-packages/airflow/example_dags/example_branch_labels.py
[2023-07-23T20:30:59.047+0000] {processor.py:836} INFO - DAG(s) dict_keys(['example_branch_labels']) retrieved from /home/airflow/.local/lib/python3.9/site-packages/airflow/example_dags/example_branch_labels.py
[2023-07-23T20:30:59.146+0000] {logging_mixin.py:150} INFO - [2023-07-23T20:30:59.145+0000] {dag.py:2742} INFO - Sync 1 DAGs
[2023-07-23T20:30:59.234+0000] {logging_mixin.py:150} INFO - [2023-07-23T20:30:59.233+0000] {dag.py:3504} INFO - Setting next_dagrun for example_branch_labels to 2023-07-22T00:00:00+00:00, run_after=2023-07-23T00:00:00+00:00
[2023-07-23T20:30:59.328+0000] {processor.py:179} INFO - Processing /home/airflow/.local/lib/python3.9/site-packages/airflow/example_dags/example_branch_labels.py took 0.329 seconds
[2023-07-23T20:31:55.129+0000] {processor.py:157} INFO - Started process (PID=1733) to work on /home/airflow/.local/lib/python3.9/site-packages/airflow/example_dags/example_branch_labels.py
[2023-07-23T20:31:55.190+0000] {processor.py:826} INFO - Processing file /home/airflow/.local/lib/python3.9/site-packages/airflow/example_dags/example_branch_labels.py for tasks to queue
[2023-07-23T20:31:55.191+0000] {logging_mixin.py:150} INFO - [2023-07-23T20:31:55.191+0000] {dagbag.py:541} INFO - Filling up the DagBag from /home/airflow/.local/lib/python3.9/site-packages/airflow/example_dags/example_branch_labels.py
[2023-07-23T20:31:55.284+0000] {processor.py:836} INFO - DAG(s) dict_keys(['example_branch_labels']) retrieved from /home/airflow/.local/lib/python3.9/site-packages/airflow/example_dags/example_branch_labels.py
[2023-07-23T20:31:55.827+0000] {logging_mixin.py:150} INFO - [2023-07-23T20:31:55.827+0000] {dag.py:2742} INFO - Sync 1 DAGs
[2023-07-23T20:31:56.480+0000] {logging_mixin.py:150} INFO - [2023-07-23T20:31:56.480+0000] {dag.py:3504} INFO - Setting next_dagrun for example_branch_labels to 2023-07-22T00:00:00+00:00, run_after=2023-07-23T00:00:00+00:00
[2023-07-23T20:31:57.318+0000] {processor.py:179} INFO - Processing /home/airflow/.local/lib/python3.9/site-packages/airflow/example_dags/example_branch_labels.py took 2.231 seconds
[2023-07-23T20:33:15.287+0000] {processor.py:157} INFO - Started process (PID=1789) to work on /home/airflow/.local/lib/python3.9/site-packages/airflow/example_dags/example_branch_labels.py
[2023-07-23T20:33:15.337+0000] {processor.py:826} INFO - Processing file /home/airflow/.local/lib/python3.9/site-packages/airflow/example_dags/example_branch_labels.py for tasks to queue
[2023-07-23T20:33:15.338+0000] {logging_mixin.py:150} INFO - [2023-07-23T20:33:15.338+0000] {dagbag.py:541} INFO - Filling up the DagBag from /home/airflow/.local/lib/python3.9/site-packages/airflow/example_dags/example_branch_labels.py
[2023-07-23T20:33:15.763+0000] {processor.py:836} INFO - DAG(s) dict_keys(['example_branch_labels']) retrieved from /home/airflow/.local/lib/python3.9/site-packages/airflow/example_dags/example_branch_labels.py
[2023-07-23T20:33:16.894+0000] {logging_mixin.py:150} INFO - [2023-07-23T20:33:16.894+0000] {dag.py:2742} INFO - Sync 1 DAGs
[2023-07-23T20:33:18.363+0000] {logging_mixin.py:150} INFO - [2023-07-23T20:33:18.363+0000] {dag.py:3504} INFO - Setting next_dagrun for example_branch_labels to 2023-07-22T00:00:00+00:00, run_after=2023-07-23T00:00:00+00:00
[2023-07-23T20:33:19.144+0000] {processor.py:179} INFO - Processing /home/airflow/.local/lib/python3.9/site-packages/airflow/example_dags/example_branch_labels.py took 3.966 seconds
