[2023-07-23T19:28:12.748+0000] {processor.py:157} INFO - Started process (PID=55) to work on /home/airflow/.local/lib/python3.9/site-packages/airflow/example_dags/example_dynamic_task_mapping.py
[2023-07-23T19:28:12.749+0000] {processor.py:826} INFO - Processing file /home/airflow/.local/lib/python3.9/site-packages/airflow/example_dags/example_dynamic_task_mapping.py for tasks to queue
[2023-07-23T19:28:12.750+0000] {logging_mixin.py:150} INFO - [2023-07-23T19:28:12.749+0000] {dagbag.py:541} INFO - Filling up the DagBag from /home/airflow/.local/lib/python3.9/site-packages/airflow/example_dags/example_dynamic_task_mapping.py
[2023-07-23T19:28:12.803+0000] {processor.py:836} INFO - DAG(s) dict_keys(['example_dynamic_task_mapping']) retrieved from /home/airflow/.local/lib/python3.9/site-packages/airflow/example_dags/example_dynamic_task_mapping.py
[2023-07-23T19:28:12.870+0000] {logging_mixin.py:150} INFO - [2023-07-23T19:28:12.870+0000] {dag.py:2742} INFO - Sync 1 DAGs
[2023-07-23T19:28:13.289+0000] {logging_mixin.py:150} INFO - [2023-07-23T19:28:13.289+0000] {dag.py:3504} INFO - Setting next_dagrun for example_dynamic_task_mapping to 2022-03-04T00:00:00+00:00, run_after=2022-03-05T00:00:00+00:00
[2023-07-23T19:28:13.322+0000] {processor.py:179} INFO - Processing /home/airflow/.local/lib/python3.9/site-packages/airflow/example_dags/example_dynamic_task_mapping.py took 0.579 seconds
[2023-07-23T19:28:43.553+0000] {processor.py:157} INFO - Started process (PID=116) to work on /home/airflow/.local/lib/python3.9/site-packages/airflow/example_dags/example_dynamic_task_mapping.py
[2023-07-23T19:28:43.565+0000] {processor.py:826} INFO - Processing file /home/airflow/.local/lib/python3.9/site-packages/airflow/example_dags/example_dynamic_task_mapping.py for tasks to queue
[2023-07-23T19:28:43.566+0000] {logging_mixin.py:150} INFO - [2023-07-23T19:28:43.566+0000] {dagbag.py:541} INFO - Filling up the DagBag from /home/airflow/.local/lib/python3.9/site-packages/airflow/example_dags/example_dynamic_task_mapping.py
[2023-07-23T19:28:43.587+0000] {processor.py:836} INFO - DAG(s) dict_keys(['example_dynamic_task_mapping']) retrieved from /home/airflow/.local/lib/python3.9/site-packages/airflow/example_dags/example_dynamic_task_mapping.py
[2023-07-23T19:28:43.646+0000] {logging_mixin.py:150} INFO - [2023-07-23T19:28:43.646+0000] {dag.py:2742} INFO - Sync 1 DAGs
[2023-07-23T19:28:43.701+0000] {logging_mixin.py:150} INFO - [2023-07-23T19:28:43.700+0000] {dag.py:3504} INFO - Setting next_dagrun for example_dynamic_task_mapping to 2022-03-04T00:00:00+00:00, run_after=2022-03-05T00:00:00+00:00
[2023-07-23T19:28:43.738+0000] {processor.py:179} INFO - Processing /home/airflow/.local/lib/python3.9/site-packages/airflow/example_dags/example_dynamic_task_mapping.py took 0.188 seconds
[2023-07-23T19:29:14.309+0000] {processor.py:157} INFO - Started process (PID=177) to work on /home/airflow/.local/lib/python3.9/site-packages/airflow/example_dags/example_dynamic_task_mapping.py
[2023-07-23T19:29:14.315+0000] {processor.py:826} INFO - Processing file /home/airflow/.local/lib/python3.9/site-packages/airflow/example_dags/example_dynamic_task_mapping.py for tasks to queue
[2023-07-23T19:29:14.316+0000] {logging_mixin.py:150} INFO - [2023-07-23T19:29:14.316+0000] {dagbag.py:541} INFO - Filling up the DagBag from /home/airflow/.local/lib/python3.9/site-packages/airflow/example_dags/example_dynamic_task_mapping.py
[2023-07-23T19:29:14.325+0000] {processor.py:836} INFO - DAG(s) dict_keys(['example_dynamic_task_mapping']) retrieved from /home/airflow/.local/lib/python3.9/site-packages/airflow/example_dags/example_dynamic_task_mapping.py
[2023-07-23T19:29:14.380+0000] {logging_mixin.py:150} INFO - [2023-07-23T19:29:14.380+0000] {dag.py:2742} INFO - Sync 1 DAGs
[2023-07-23T19:29:14.435+0000] {logging_mixin.py:150} INFO - [2023-07-23T19:29:14.435+0000] {dag.py:3504} INFO - Setting next_dagrun for example_dynamic_task_mapping to 2022-03-04T00:00:00+00:00, run_after=2022-03-05T00:00:00+00:00
[2023-07-23T19:29:14.476+0000] {processor.py:179} INFO - Processing /home/airflow/.local/lib/python3.9/site-packages/airflow/example_dags/example_dynamic_task_mapping.py took 0.171 seconds
[2023-07-23T19:29:45.224+0000] {processor.py:157} INFO - Started process (PID=239) to work on /home/airflow/.local/lib/python3.9/site-packages/airflow/example_dags/example_dynamic_task_mapping.py
[2023-07-23T19:29:45.256+0000] {processor.py:826} INFO - Processing file /home/airflow/.local/lib/python3.9/site-packages/airflow/example_dags/example_dynamic_task_mapping.py for tasks to queue
[2023-07-23T19:29:45.257+0000] {logging_mixin.py:150} INFO - [2023-07-23T19:29:45.256+0000] {dagbag.py:541} INFO - Filling up the DagBag from /home/airflow/.local/lib/python3.9/site-packages/airflow/example_dags/example_dynamic_task_mapping.py
[2023-07-23T19:29:45.279+0000] {processor.py:836} INFO - DAG(s) dict_keys(['example_dynamic_task_mapping']) retrieved from /home/airflow/.local/lib/python3.9/site-packages/airflow/example_dags/example_dynamic_task_mapping.py
[2023-07-23T19:29:45.426+0000] {logging_mixin.py:150} INFO - [2023-07-23T19:29:45.426+0000] {dag.py:2742} INFO - Sync 1 DAGs
[2023-07-23T19:29:45.532+0000] {logging_mixin.py:150} INFO - [2023-07-23T19:29:45.532+0000] {dag.py:3504} INFO - Setting next_dagrun for example_dynamic_task_mapping to 2022-03-04T00:00:00+00:00, run_after=2022-03-05T00:00:00+00:00
[2023-07-23T19:29:45.629+0000] {processor.py:179} INFO - Processing /home/airflow/.local/lib/python3.9/site-packages/airflow/example_dags/example_dynamic_task_mapping.py took 0.409 seconds
[2023-07-23T19:30:15.949+0000] {processor.py:157} INFO - Started process (PID=299) to work on /home/airflow/.local/lib/python3.9/site-packages/airflow/example_dags/example_dynamic_task_mapping.py
[2023-07-23T19:30:15.975+0000] {processor.py:826} INFO - Processing file /home/airflow/.local/lib/python3.9/site-packages/airflow/example_dags/example_dynamic_task_mapping.py for tasks to queue
[2023-07-23T19:30:15.976+0000] {logging_mixin.py:150} INFO - [2023-07-23T19:30:15.976+0000] {dagbag.py:541} INFO - Filling up the DagBag from /home/airflow/.local/lib/python3.9/site-packages/airflow/example_dags/example_dynamic_task_mapping.py
[2023-07-23T19:30:15.985+0000] {processor.py:836} INFO - DAG(s) dict_keys(['example_dynamic_task_mapping']) retrieved from /home/airflow/.local/lib/python3.9/site-packages/airflow/example_dags/example_dynamic_task_mapping.py
[2023-07-23T19:30:16.037+0000] {logging_mixin.py:150} INFO - [2023-07-23T19:30:16.037+0000] {dag.py:2742} INFO - Sync 1 DAGs
[2023-07-23T19:30:16.126+0000] {logging_mixin.py:150} INFO - [2023-07-23T19:30:16.126+0000] {dag.py:3504} INFO - Setting next_dagrun for example_dynamic_task_mapping to 2022-03-04T00:00:00+00:00, run_after=2022-03-05T00:00:00+00:00
[2023-07-23T19:30:16.160+0000] {processor.py:179} INFO - Processing /home/airflow/.local/lib/python3.9/site-packages/airflow/example_dags/example_dynamic_task_mapping.py took 0.215 seconds
[2023-07-23T19:30:47.468+0000] {processor.py:157} INFO - Started process (PID=362) to work on /home/airflow/.local/lib/python3.9/site-packages/airflow/example_dags/example_dynamic_task_mapping.py
[2023-07-23T19:30:47.475+0000] {processor.py:826} INFO - Processing file /home/airflow/.local/lib/python3.9/site-packages/airflow/example_dags/example_dynamic_task_mapping.py for tasks to queue
[2023-07-23T19:30:47.476+0000] {logging_mixin.py:150} INFO - [2023-07-23T19:30:47.476+0000] {dagbag.py:541} INFO - Filling up the DagBag from /home/airflow/.local/lib/python3.9/site-packages/airflow/example_dags/example_dynamic_task_mapping.py
[2023-07-23T19:30:47.485+0000] {processor.py:836} INFO - DAG(s) dict_keys(['example_dynamic_task_mapping']) retrieved from /home/airflow/.local/lib/python3.9/site-packages/airflow/example_dags/example_dynamic_task_mapping.py
[2023-07-23T19:30:47.548+0000] {logging_mixin.py:150} INFO - [2023-07-23T19:30:47.547+0000] {dag.py:2742} INFO - Sync 1 DAGs
[2023-07-23T19:30:47.595+0000] {logging_mixin.py:150} INFO - [2023-07-23T19:30:47.595+0000] {dag.py:3504} INFO - Setting next_dagrun for example_dynamic_task_mapping to 2022-03-04T00:00:00+00:00, run_after=2022-03-05T00:00:00+00:00
[2023-07-23T19:30:47.638+0000] {processor.py:179} INFO - Processing /home/airflow/.local/lib/python3.9/site-packages/airflow/example_dags/example_dynamic_task_mapping.py took 0.179 seconds
[2023-07-23T19:31:17.893+0000] {processor.py:157} INFO - Started process (PID=424) to work on /home/airflow/.local/lib/python3.9/site-packages/airflow/example_dags/example_dynamic_task_mapping.py
[2023-07-23T19:31:17.895+0000] {processor.py:826} INFO - Processing file /home/airflow/.local/lib/python3.9/site-packages/airflow/example_dags/example_dynamic_task_mapping.py for tasks to queue
[2023-07-23T19:31:17.896+0000] {logging_mixin.py:150} INFO - [2023-07-23T19:31:17.896+0000] {dagbag.py:541} INFO - Filling up the DagBag from /home/airflow/.local/lib/python3.9/site-packages/airflow/example_dags/example_dynamic_task_mapping.py
[2023-07-23T19:31:17.904+0000] {processor.py:836} INFO - DAG(s) dict_keys(['example_dynamic_task_mapping']) retrieved from /home/airflow/.local/lib/python3.9/site-packages/airflow/example_dags/example_dynamic_task_mapping.py
[2023-07-23T19:31:17.966+0000] {logging_mixin.py:150} INFO - [2023-07-23T19:31:17.965+0000] {dag.py:2742} INFO - Sync 1 DAGs
[2023-07-23T19:31:18.009+0000] {logging_mixin.py:150} INFO - [2023-07-23T19:31:18.009+0000] {dag.py:3504} INFO - Setting next_dagrun for example_dynamic_task_mapping to 2022-03-04T00:00:00+00:00, run_after=2022-03-05T00:00:00+00:00
[2023-07-23T19:31:18.038+0000] {processor.py:179} INFO - Processing /home/airflow/.local/lib/python3.9/site-packages/airflow/example_dags/example_dynamic_task_mapping.py took 0.149 seconds
[2023-07-23T19:31:48.265+0000] {processor.py:157} INFO - Started process (PID=485) to work on /home/airflow/.local/lib/python3.9/site-packages/airflow/example_dags/example_dynamic_task_mapping.py
[2023-07-23T19:31:48.266+0000] {processor.py:826} INFO - Processing file /home/airflow/.local/lib/python3.9/site-packages/airflow/example_dags/example_dynamic_task_mapping.py for tasks to queue
[2023-07-23T19:31:48.271+0000] {logging_mixin.py:150} INFO - [2023-07-23T19:31:48.266+0000] {dagbag.py:541} INFO - Filling up the DagBag from /home/airflow/.local/lib/python3.9/site-packages/airflow/example_dags/example_dynamic_task_mapping.py
[2023-07-23T19:31:48.284+0000] {processor.py:836} INFO - DAG(s) dict_keys(['example_dynamic_task_mapping']) retrieved from /home/airflow/.local/lib/python3.9/site-packages/airflow/example_dags/example_dynamic_task_mapping.py
[2023-07-23T19:31:48.338+0000] {logging_mixin.py:150} INFO - [2023-07-23T19:31:48.338+0000] {dag.py:2742} INFO - Sync 1 DAGs
[2023-07-23T19:31:48.364+0000] {logging_mixin.py:150} INFO - [2023-07-23T19:31:48.363+0000] {dag.py:3504} INFO - Setting next_dagrun for example_dynamic_task_mapping to 2022-03-04T00:00:00+00:00, run_after=2022-03-05T00:00:00+00:00
[2023-07-23T19:31:48.383+0000] {processor.py:179} INFO - Processing /home/airflow/.local/lib/python3.9/site-packages/airflow/example_dags/example_dynamic_task_mapping.py took 0.123 seconds
[2023-07-23T19:32:18.553+0000] {processor.py:157} INFO - Started process (PID=546) to work on /home/airflow/.local/lib/python3.9/site-packages/airflow/example_dags/example_dynamic_task_mapping.py
[2023-07-23T19:32:18.575+0000] {processor.py:826} INFO - Processing file /home/airflow/.local/lib/python3.9/site-packages/airflow/example_dags/example_dynamic_task_mapping.py for tasks to queue
[2023-07-23T19:32:18.576+0000] {logging_mixin.py:150} INFO - [2023-07-23T19:32:18.576+0000] {dagbag.py:541} INFO - Filling up the DagBag from /home/airflow/.local/lib/python3.9/site-packages/airflow/example_dags/example_dynamic_task_mapping.py
[2023-07-23T19:32:18.585+0000] {processor.py:836} INFO - DAG(s) dict_keys(['example_dynamic_task_mapping']) retrieved from /home/airflow/.local/lib/python3.9/site-packages/airflow/example_dags/example_dynamic_task_mapping.py
[2023-07-23T19:32:18.658+0000] {logging_mixin.py:150} INFO - [2023-07-23T19:32:18.658+0000] {dag.py:2742} INFO - Sync 1 DAGs
[2023-07-23T19:32:18.729+0000] {logging_mixin.py:150} INFO - [2023-07-23T19:32:18.729+0000] {dag.py:3504} INFO - Setting next_dagrun for example_dynamic_task_mapping to 2022-03-04T00:00:00+00:00, run_after=2022-03-05T00:00:00+00:00
[2023-07-23T19:32:18.783+0000] {processor.py:179} INFO - Processing /home/airflow/.local/lib/python3.9/site-packages/airflow/example_dags/example_dynamic_task_mapping.py took 0.234 seconds
[2023-07-23T19:32:49.451+0000] {processor.py:157} INFO - Started process (PID=609) to work on /home/airflow/.local/lib/python3.9/site-packages/airflow/example_dags/example_dynamic_task_mapping.py
[2023-07-23T19:32:49.465+0000] {processor.py:826} INFO - Processing file /home/airflow/.local/lib/python3.9/site-packages/airflow/example_dags/example_dynamic_task_mapping.py for tasks to queue
[2023-07-23T19:32:49.466+0000] {logging_mixin.py:150} INFO - [2023-07-23T19:32:49.466+0000] {dagbag.py:541} INFO - Filling up the DagBag from /home/airflow/.local/lib/python3.9/site-packages/airflow/example_dags/example_dynamic_task_mapping.py
[2023-07-23T19:32:49.474+0000] {processor.py:836} INFO - DAG(s) dict_keys(['example_dynamic_task_mapping']) retrieved from /home/airflow/.local/lib/python3.9/site-packages/airflow/example_dags/example_dynamic_task_mapping.py
[2023-07-23T19:32:49.524+0000] {logging_mixin.py:150} INFO - [2023-07-23T19:32:49.524+0000] {dag.py:2742} INFO - Sync 1 DAGs
[2023-07-23T19:32:49.574+0000] {logging_mixin.py:150} INFO - [2023-07-23T19:32:49.573+0000] {dag.py:3504} INFO - Setting next_dagrun for example_dynamic_task_mapping to 2022-03-04T00:00:00+00:00, run_after=2022-03-05T00:00:00+00:00
[2023-07-23T19:32:49.616+0000] {processor.py:179} INFO - Processing /home/airflow/.local/lib/python3.9/site-packages/airflow/example_dags/example_dynamic_task_mapping.py took 0.169 seconds
[2023-07-23T19:41:26.714+0000] {processor.py:157} INFO - Started process (PID=56) to work on /home/airflow/.local/lib/python3.9/site-packages/airflow/example_dags/example_dynamic_task_mapping.py
[2023-07-23T19:41:26.725+0000] {processor.py:826} INFO - Processing file /home/airflow/.local/lib/python3.9/site-packages/airflow/example_dags/example_dynamic_task_mapping.py for tasks to queue
[2023-07-23T19:41:26.726+0000] {logging_mixin.py:150} INFO - [2023-07-23T19:41:26.726+0000] {dagbag.py:541} INFO - Filling up the DagBag from /home/airflow/.local/lib/python3.9/site-packages/airflow/example_dags/example_dynamic_task_mapping.py
[2023-07-23T19:41:26.738+0000] {processor.py:836} INFO - DAG(s) dict_keys(['example_dynamic_task_mapping']) retrieved from /home/airflow/.local/lib/python3.9/site-packages/airflow/example_dags/example_dynamic_task_mapping.py
[2023-07-23T19:41:26.808+0000] {logging_mixin.py:150} INFO - [2023-07-23T19:41:26.808+0000] {dag.py:2742} INFO - Sync 1 DAGs
[2023-07-23T19:41:27.246+0000] {logging_mixin.py:150} INFO - [2023-07-23T19:41:27.246+0000] {dag.py:3504} INFO - Setting next_dagrun for example_dynamic_task_mapping to 2022-03-04T00:00:00+00:00, run_after=2022-03-05T00:00:00+00:00
[2023-07-23T19:41:27.337+0000] {processor.py:179} INFO - Processing /home/airflow/.local/lib/python3.9/site-packages/airflow/example_dags/example_dynamic_task_mapping.py took 0.634 seconds
[2023-07-23T19:41:57.563+0000] {processor.py:157} INFO - Started process (PID=117) to work on /home/airflow/.local/lib/python3.9/site-packages/airflow/example_dags/example_dynamic_task_mapping.py
[2023-07-23T19:41:57.566+0000] {processor.py:826} INFO - Processing file /home/airflow/.local/lib/python3.9/site-packages/airflow/example_dags/example_dynamic_task_mapping.py for tasks to queue
[2023-07-23T19:41:57.566+0000] {logging_mixin.py:150} INFO - [2023-07-23T19:41:57.566+0000] {dagbag.py:541} INFO - Filling up the DagBag from /home/airflow/.local/lib/python3.9/site-packages/airflow/example_dags/example_dynamic_task_mapping.py
[2023-07-23T19:41:57.574+0000] {processor.py:836} INFO - DAG(s) dict_keys(['example_dynamic_task_mapping']) retrieved from /home/airflow/.local/lib/python3.9/site-packages/airflow/example_dags/example_dynamic_task_mapping.py
[2023-07-23T19:41:57.629+0000] {logging_mixin.py:150} INFO - [2023-07-23T19:41:57.628+0000] {dag.py:2742} INFO - Sync 1 DAGs
[2023-07-23T19:41:57.656+0000] {logging_mixin.py:150} INFO - [2023-07-23T19:41:57.656+0000] {dag.py:3504} INFO - Setting next_dagrun for example_dynamic_task_mapping to 2022-03-04T00:00:00+00:00, run_after=2022-03-05T00:00:00+00:00
[2023-07-23T19:41:57.683+0000] {processor.py:179} INFO - Processing /home/airflow/.local/lib/python3.9/site-packages/airflow/example_dags/example_dynamic_task_mapping.py took 0.125 seconds
[2023-07-23T19:42:27.903+0000] {processor.py:157} INFO - Started process (PID=178) to work on /home/airflow/.local/lib/python3.9/site-packages/airflow/example_dags/example_dynamic_task_mapping.py
[2023-07-23T19:42:27.915+0000] {processor.py:826} INFO - Processing file /home/airflow/.local/lib/python3.9/site-packages/airflow/example_dags/example_dynamic_task_mapping.py for tasks to queue
[2023-07-23T19:42:27.916+0000] {logging_mixin.py:150} INFO - [2023-07-23T19:42:27.916+0000] {dagbag.py:541} INFO - Filling up the DagBag from /home/airflow/.local/lib/python3.9/site-packages/airflow/example_dags/example_dynamic_task_mapping.py
[2023-07-23T19:42:27.934+0000] {processor.py:836} INFO - DAG(s) dict_keys(['example_dynamic_task_mapping']) retrieved from /home/airflow/.local/lib/python3.9/site-packages/airflow/example_dags/example_dynamic_task_mapping.py
[2023-07-23T19:42:27.985+0000] {logging_mixin.py:150} INFO - [2023-07-23T19:42:27.985+0000] {dag.py:2742} INFO - Sync 1 DAGs
[2023-07-23T19:42:28.033+0000] {logging_mixin.py:150} INFO - [2023-07-23T19:42:28.032+0000] {dag.py:3504} INFO - Setting next_dagrun for example_dynamic_task_mapping to 2022-03-04T00:00:00+00:00, run_after=2022-03-05T00:00:00+00:00
[2023-07-23T19:42:28.086+0000] {processor.py:179} INFO - Processing /home/airflow/.local/lib/python3.9/site-packages/airflow/example_dags/example_dynamic_task_mapping.py took 0.187 seconds
[2023-07-23T19:42:58.954+0000] {processor.py:157} INFO - Started process (PID=237) to work on /home/airflow/.local/lib/python3.9/site-packages/airflow/example_dags/example_dynamic_task_mapping.py
[2023-07-23T19:42:58.980+0000] {processor.py:826} INFO - Processing file /home/airflow/.local/lib/python3.9/site-packages/airflow/example_dags/example_dynamic_task_mapping.py for tasks to queue
[2023-07-23T19:42:58.981+0000] {logging_mixin.py:150} INFO - [2023-07-23T19:42:58.980+0000] {dagbag.py:541} INFO - Filling up the DagBag from /home/airflow/.local/lib/python3.9/site-packages/airflow/example_dags/example_dynamic_task_mapping.py
[2023-07-23T19:42:59.022+0000] {processor.py:836} INFO - DAG(s) dict_keys(['example_dynamic_task_mapping']) retrieved from /home/airflow/.local/lib/python3.9/site-packages/airflow/example_dags/example_dynamic_task_mapping.py
[2023-07-23T19:42:59.104+0000] {logging_mixin.py:150} INFO - [2023-07-23T19:42:59.104+0000] {dag.py:2742} INFO - Sync 1 DAGs
[2023-07-23T19:42:59.234+0000] {logging_mixin.py:150} INFO - [2023-07-23T19:42:59.233+0000] {dag.py:3504} INFO - Setting next_dagrun for example_dynamic_task_mapping to 2022-03-04T00:00:00+00:00, run_after=2022-03-05T00:00:00+00:00
[2023-07-23T19:42:59.356+0000] {processor.py:179} INFO - Processing /home/airflow/.local/lib/python3.9/site-packages/airflow/example_dags/example_dynamic_task_mapping.py took 0.407 seconds
[2023-07-23T19:43:30.113+0000] {processor.py:157} INFO - Started process (PID=299) to work on /home/airflow/.local/lib/python3.9/site-packages/airflow/example_dags/example_dynamic_task_mapping.py
[2023-07-23T19:43:30.135+0000] {processor.py:826} INFO - Processing file /home/airflow/.local/lib/python3.9/site-packages/airflow/example_dags/example_dynamic_task_mapping.py for tasks to queue
[2023-07-23T19:43:30.136+0000] {logging_mixin.py:150} INFO - [2023-07-23T19:43:30.136+0000] {dagbag.py:541} INFO - Filling up the DagBag from /home/airflow/.local/lib/python3.9/site-packages/airflow/example_dags/example_dynamic_task_mapping.py
[2023-07-23T19:43:30.144+0000] {processor.py:836} INFO - DAG(s) dict_keys(['example_dynamic_task_mapping']) retrieved from /home/airflow/.local/lib/python3.9/site-packages/airflow/example_dags/example_dynamic_task_mapping.py
[2023-07-23T19:43:30.236+0000] {logging_mixin.py:150} INFO - [2023-07-23T19:43:30.235+0000] {dag.py:2742} INFO - Sync 1 DAGs
[2023-07-23T19:43:30.330+0000] {logging_mixin.py:150} INFO - [2023-07-23T19:43:30.329+0000] {dag.py:3504} INFO - Setting next_dagrun for example_dynamic_task_mapping to 2022-03-04T00:00:00+00:00, run_after=2022-03-05T00:00:00+00:00
[2023-07-23T19:43:30.416+0000] {processor.py:179} INFO - Processing /home/airflow/.local/lib/python3.9/site-packages/airflow/example_dags/example_dynamic_task_mapping.py took 0.307 seconds
[2023-07-23T19:44:00.804+0000] {processor.py:157} INFO - Started process (PID=360) to work on /home/airflow/.local/lib/python3.9/site-packages/airflow/example_dags/example_dynamic_task_mapping.py
[2023-07-23T19:44:00.826+0000] {processor.py:826} INFO - Processing file /home/airflow/.local/lib/python3.9/site-packages/airflow/example_dags/example_dynamic_task_mapping.py for tasks to queue
[2023-07-23T19:44:00.827+0000] {logging_mixin.py:150} INFO - [2023-07-23T19:44:00.827+0000] {dagbag.py:541} INFO - Filling up the DagBag from /home/airflow/.local/lib/python3.9/site-packages/airflow/example_dags/example_dynamic_task_mapping.py
[2023-07-23T19:44:00.857+0000] {processor.py:836} INFO - DAG(s) dict_keys(['example_dynamic_task_mapping']) retrieved from /home/airflow/.local/lib/python3.9/site-packages/airflow/example_dags/example_dynamic_task_mapping.py
[2023-07-23T19:44:00.937+0000] {logging_mixin.py:150} INFO - [2023-07-23T19:44:00.937+0000] {dag.py:2742} INFO - Sync 1 DAGs
[2023-07-23T19:44:01.056+0000] {logging_mixin.py:150} INFO - [2023-07-23T19:44:01.056+0000] {dag.py:3504} INFO - Setting next_dagrun for example_dynamic_task_mapping to 2022-03-04T00:00:00+00:00, run_after=2022-03-05T00:00:00+00:00
[2023-07-23T19:44:01.240+0000] {processor.py:179} INFO - Processing /home/airflow/.local/lib/python3.9/site-packages/airflow/example_dags/example_dynamic_task_mapping.py took 0.441 seconds
[2023-07-23T19:44:31.787+0000] {processor.py:157} INFO - Started process (PID=415) to work on /home/airflow/.local/lib/python3.9/site-packages/airflow/example_dags/example_dynamic_task_mapping.py
[2023-07-23T19:44:31.788+0000] {processor.py:826} INFO - Processing file /home/airflow/.local/lib/python3.9/site-packages/airflow/example_dags/example_dynamic_task_mapping.py for tasks to queue
[2023-07-23T19:44:31.789+0000] {logging_mixin.py:150} INFO - [2023-07-23T19:44:31.789+0000] {dagbag.py:541} INFO - Filling up the DagBag from /home/airflow/.local/lib/python3.9/site-packages/airflow/example_dags/example_dynamic_task_mapping.py
[2023-07-23T19:44:31.818+0000] {processor.py:836} INFO - DAG(s) dict_keys(['example_dynamic_task_mapping']) retrieved from /home/airflow/.local/lib/python3.9/site-packages/airflow/example_dags/example_dynamic_task_mapping.py
[2023-07-23T19:44:31.917+0000] {logging_mixin.py:150} INFO - [2023-07-23T19:44:31.917+0000] {dag.py:2742} INFO - Sync 1 DAGs
[2023-07-23T19:44:32.015+0000] {logging_mixin.py:150} INFO - [2023-07-23T19:44:32.014+0000] {dag.py:3504} INFO - Setting next_dagrun for example_dynamic_task_mapping to 2022-03-04T00:00:00+00:00, run_after=2022-03-05T00:00:00+00:00
[2023-07-23T19:44:32.105+0000] {processor.py:179} INFO - Processing /home/airflow/.local/lib/python3.9/site-packages/airflow/example_dags/example_dynamic_task_mapping.py took 0.333 seconds
[2023-07-23T19:45:02.684+0000] {processor.py:157} INFO - Started process (PID=476) to work on /home/airflow/.local/lib/python3.9/site-packages/airflow/example_dags/example_dynamic_task_mapping.py
[2023-07-23T19:45:02.713+0000] {processor.py:826} INFO - Processing file /home/airflow/.local/lib/python3.9/site-packages/airflow/example_dags/example_dynamic_task_mapping.py for tasks to queue
[2023-07-23T19:45:02.714+0000] {logging_mixin.py:150} INFO - [2023-07-23T19:45:02.713+0000] {dagbag.py:541} INFO - Filling up the DagBag from /home/airflow/.local/lib/python3.9/site-packages/airflow/example_dags/example_dynamic_task_mapping.py
[2023-07-23T19:45:02.722+0000] {processor.py:836} INFO - DAG(s) dict_keys(['example_dynamic_task_mapping']) retrieved from /home/airflow/.local/lib/python3.9/site-packages/airflow/example_dags/example_dynamic_task_mapping.py
[2023-07-23T19:45:02.806+0000] {logging_mixin.py:150} INFO - [2023-07-23T19:45:02.805+0000] {dag.py:2742} INFO - Sync 1 DAGs
[2023-07-23T19:45:02.874+0000] {logging_mixin.py:150} INFO - [2023-07-23T19:45:02.874+0000] {dag.py:3504} INFO - Setting next_dagrun for example_dynamic_task_mapping to 2022-03-04T00:00:00+00:00, run_after=2022-03-05T00:00:00+00:00
[2023-07-23T19:45:02.933+0000] {processor.py:179} INFO - Processing /home/airflow/.local/lib/python3.9/site-packages/airflow/example_dags/example_dynamic_task_mapping.py took 0.254 seconds
[2023-07-23T19:45:33.554+0000] {processor.py:157} INFO - Started process (PID=538) to work on /home/airflow/.local/lib/python3.9/site-packages/airflow/example_dags/example_dynamic_task_mapping.py
[2023-07-23T19:45:33.575+0000] {processor.py:826} INFO - Processing file /home/airflow/.local/lib/python3.9/site-packages/airflow/example_dags/example_dynamic_task_mapping.py for tasks to queue
[2023-07-23T19:45:33.577+0000] {logging_mixin.py:150} INFO - [2023-07-23T19:45:33.576+0000] {dagbag.py:541} INFO - Filling up the DagBag from /home/airflow/.local/lib/python3.9/site-packages/airflow/example_dags/example_dynamic_task_mapping.py
[2023-07-23T19:45:33.585+0000] {processor.py:836} INFO - DAG(s) dict_keys(['example_dynamic_task_mapping']) retrieved from /home/airflow/.local/lib/python3.9/site-packages/airflow/example_dags/example_dynamic_task_mapping.py
[2023-07-23T19:45:33.846+0000] {logging_mixin.py:150} INFO - [2023-07-23T19:45:33.845+0000] {dag.py:2742} INFO - Sync 1 DAGs
[2023-07-23T19:45:34.067+0000] {logging_mixin.py:150} INFO - [2023-07-23T19:45:34.066+0000] {dag.py:3504} INFO - Setting next_dagrun for example_dynamic_task_mapping to 2022-03-04T00:00:00+00:00, run_after=2022-03-05T00:00:00+00:00
[2023-07-23T19:45:34.241+0000] {processor.py:179} INFO - Processing /home/airflow/.local/lib/python3.9/site-packages/airflow/example_dags/example_dynamic_task_mapping.py took 0.688 seconds
[2023-07-23T19:46:04.338+0000] {processor.py:157} INFO - Started process (PID=598) to work on /home/airflow/.local/lib/python3.9/site-packages/airflow/example_dags/example_dynamic_task_mapping.py
[2023-07-23T19:46:04.355+0000] {processor.py:826} INFO - Processing file /home/airflow/.local/lib/python3.9/site-packages/airflow/example_dags/example_dynamic_task_mapping.py for tasks to queue
[2023-07-23T19:46:04.356+0000] {logging_mixin.py:150} INFO - [2023-07-23T19:46:04.356+0000] {dagbag.py:541} INFO - Filling up the DagBag from /home/airflow/.local/lib/python3.9/site-packages/airflow/example_dags/example_dynamic_task_mapping.py
[2023-07-23T19:46:04.381+0000] {processor.py:836} INFO - DAG(s) dict_keys(['example_dynamic_task_mapping']) retrieved from /home/airflow/.local/lib/python3.9/site-packages/airflow/example_dags/example_dynamic_task_mapping.py
[2023-07-23T19:46:04.421+0000] {logging_mixin.py:150} INFO - [2023-07-23T19:46:04.421+0000] {dag.py:2742} INFO - Sync 1 DAGs
[2023-07-23T19:46:04.476+0000] {logging_mixin.py:150} INFO - [2023-07-23T19:46:04.476+0000] {dag.py:3504} INFO - Setting next_dagrun for example_dynamic_task_mapping to 2022-03-04T00:00:00+00:00, run_after=2022-03-05T00:00:00+00:00
[2023-07-23T19:46:04.516+0000] {processor.py:179} INFO - Processing /home/airflow/.local/lib/python3.9/site-packages/airflow/example_dags/example_dynamic_task_mapping.py took 0.209 seconds
[2023-07-23T19:46:34.680+0000] {processor.py:157} INFO - Started process (PID=660) to work on /home/airflow/.local/lib/python3.9/site-packages/airflow/example_dags/example_dynamic_task_mapping.py
[2023-07-23T19:46:34.694+0000] {processor.py:826} INFO - Processing file /home/airflow/.local/lib/python3.9/site-packages/airflow/example_dags/example_dynamic_task_mapping.py for tasks to queue
[2023-07-23T19:46:34.695+0000] {logging_mixin.py:150} INFO - [2023-07-23T19:46:34.695+0000] {dagbag.py:541} INFO - Filling up the DagBag from /home/airflow/.local/lib/python3.9/site-packages/airflow/example_dags/example_dynamic_task_mapping.py
[2023-07-23T19:46:34.703+0000] {processor.py:836} INFO - DAG(s) dict_keys(['example_dynamic_task_mapping']) retrieved from /home/airflow/.local/lib/python3.9/site-packages/airflow/example_dags/example_dynamic_task_mapping.py
[2023-07-23T19:46:34.804+0000] {logging_mixin.py:150} INFO - [2023-07-23T19:46:34.803+0000] {dag.py:2742} INFO - Sync 1 DAGs
[2023-07-23T19:46:34.845+0000] {logging_mixin.py:150} INFO - [2023-07-23T19:46:34.845+0000] {dag.py:3504} INFO - Setting next_dagrun for example_dynamic_task_mapping to 2022-03-04T00:00:00+00:00, run_after=2022-03-05T00:00:00+00:00
[2023-07-23T19:46:34.882+0000] {processor.py:179} INFO - Processing /home/airflow/.local/lib/python3.9/site-packages/airflow/example_dags/example_dynamic_task_mapping.py took 0.206 seconds
[2023-07-23T19:47:05.007+0000] {processor.py:157} INFO - Started process (PID=721) to work on /home/airflow/.local/lib/python3.9/site-packages/airflow/example_dags/example_dynamic_task_mapping.py
[2023-07-23T19:47:05.009+0000] {processor.py:826} INFO - Processing file /home/airflow/.local/lib/python3.9/site-packages/airflow/example_dags/example_dynamic_task_mapping.py for tasks to queue
[2023-07-23T19:47:05.014+0000] {logging_mixin.py:150} INFO - [2023-07-23T19:47:05.014+0000] {dagbag.py:541} INFO - Filling up the DagBag from /home/airflow/.local/lib/python3.9/site-packages/airflow/example_dags/example_dynamic_task_mapping.py
[2023-07-23T19:47:05.022+0000] {processor.py:836} INFO - DAG(s) dict_keys(['example_dynamic_task_mapping']) retrieved from /home/airflow/.local/lib/python3.9/site-packages/airflow/example_dags/example_dynamic_task_mapping.py
[2023-07-23T19:47:05.086+0000] {logging_mixin.py:150} INFO - [2023-07-23T19:47:05.085+0000] {dag.py:2742} INFO - Sync 1 DAGs
[2023-07-23T19:47:05.128+0000] {logging_mixin.py:150} INFO - [2023-07-23T19:47:05.127+0000] {dag.py:3504} INFO - Setting next_dagrun for example_dynamic_task_mapping to 2022-03-04T00:00:00+00:00, run_after=2022-03-05T00:00:00+00:00
[2023-07-23T19:47:05.168+0000] {processor.py:179} INFO - Processing /home/airflow/.local/lib/python3.9/site-packages/airflow/example_dags/example_dynamic_task_mapping.py took 0.164 seconds
[2023-07-23T19:47:35.313+0000] {processor.py:157} INFO - Started process (PID=783) to work on /home/airflow/.local/lib/python3.9/site-packages/airflow/example_dags/example_dynamic_task_mapping.py
[2023-07-23T19:47:35.345+0000] {processor.py:826} INFO - Processing file /home/airflow/.local/lib/python3.9/site-packages/airflow/example_dags/example_dynamic_task_mapping.py for tasks to queue
[2023-07-23T19:47:35.347+0000] {logging_mixin.py:150} INFO - [2023-07-23T19:47:35.346+0000] {dagbag.py:541} INFO - Filling up the DagBag from /home/airflow/.local/lib/python3.9/site-packages/airflow/example_dags/example_dynamic_task_mapping.py
[2023-07-23T19:47:35.385+0000] {processor.py:836} INFO - DAG(s) dict_keys(['example_dynamic_task_mapping']) retrieved from /home/airflow/.local/lib/python3.9/site-packages/airflow/example_dags/example_dynamic_task_mapping.py
[2023-07-23T19:47:35.480+0000] {logging_mixin.py:150} INFO - [2023-07-23T19:47:35.480+0000] {dag.py:2742} INFO - Sync 1 DAGs
[2023-07-23T19:47:35.616+0000] {logging_mixin.py:150} INFO - [2023-07-23T19:47:35.616+0000] {dag.py:3504} INFO - Setting next_dagrun for example_dynamic_task_mapping to 2022-03-04T00:00:00+00:00, run_after=2022-03-05T00:00:00+00:00
[2023-07-23T19:47:35.695+0000] {processor.py:179} INFO - Processing /home/airflow/.local/lib/python3.9/site-packages/airflow/example_dags/example_dynamic_task_mapping.py took 0.387 seconds
[2023-07-23T19:48:08.934+0000] {processor.py:157} INFO - Started process (PID=842) to work on /home/airflow/.local/lib/python3.9/site-packages/airflow/example_dags/example_dynamic_task_mapping.py
[2023-07-23T19:48:08.945+0000] {processor.py:826} INFO - Processing file /home/airflow/.local/lib/python3.9/site-packages/airflow/example_dags/example_dynamic_task_mapping.py for tasks to queue
[2023-07-23T19:48:08.946+0000] {logging_mixin.py:150} INFO - [2023-07-23T19:48:08.946+0000] {dagbag.py:541} INFO - Filling up the DagBag from /home/airflow/.local/lib/python3.9/site-packages/airflow/example_dags/example_dynamic_task_mapping.py
[2023-07-23T19:48:09.050+0000] {processor.py:836} INFO - DAG(s) dict_keys(['example_dynamic_task_mapping']) retrieved from /home/airflow/.local/lib/python3.9/site-packages/airflow/example_dags/example_dynamic_task_mapping.py
[2023-07-23T19:48:09.181+0000] {logging_mixin.py:150} INFO - [2023-07-23T19:48:09.181+0000] {dag.py:2742} INFO - Sync 1 DAGs
[2023-07-23T19:48:09.301+0000] {logging_mixin.py:150} INFO - [2023-07-23T19:48:09.301+0000] {dag.py:3504} INFO - Setting next_dagrun for example_dynamic_task_mapping to 2022-03-04T00:00:00+00:00, run_after=2022-03-05T00:00:00+00:00
[2023-07-23T19:48:09.509+0000] {processor.py:179} INFO - Processing /home/airflow/.local/lib/python3.9/site-packages/airflow/example_dags/example_dynamic_task_mapping.py took 0.606 seconds
[2023-07-23T19:48:40.163+0000] {processor.py:157} INFO - Started process (PID=904) to work on /home/airflow/.local/lib/python3.9/site-packages/airflow/example_dags/example_dynamic_task_mapping.py
[2023-07-23T19:48:40.206+0000] {processor.py:826} INFO - Processing file /home/airflow/.local/lib/python3.9/site-packages/airflow/example_dags/example_dynamic_task_mapping.py for tasks to queue
[2023-07-23T19:48:40.207+0000] {logging_mixin.py:150} INFO - [2023-07-23T19:48:40.206+0000] {dagbag.py:541} INFO - Filling up the DagBag from /home/airflow/.local/lib/python3.9/site-packages/airflow/example_dags/example_dynamic_task_mapping.py
[2023-07-23T19:48:40.215+0000] {processor.py:836} INFO - DAG(s) dict_keys(['example_dynamic_task_mapping']) retrieved from /home/airflow/.local/lib/python3.9/site-packages/airflow/example_dags/example_dynamic_task_mapping.py
[2023-07-23T19:48:40.338+0000] {logging_mixin.py:150} INFO - [2023-07-23T19:48:40.338+0000] {dag.py:2742} INFO - Sync 1 DAGs
[2023-07-23T19:48:40.436+0000] {logging_mixin.py:150} INFO - [2023-07-23T19:48:40.436+0000] {dag.py:3504} INFO - Setting next_dagrun for example_dynamic_task_mapping to 2022-03-04T00:00:00+00:00, run_after=2022-03-05T00:00:00+00:00
[2023-07-23T19:48:40.537+0000] {processor.py:179} INFO - Processing /home/airflow/.local/lib/python3.9/site-packages/airflow/example_dags/example_dynamic_task_mapping.py took 0.377 seconds
[2023-07-23T19:49:10.634+0000] {processor.py:157} INFO - Started process (PID=957) to work on /home/airflow/.local/lib/python3.9/site-packages/airflow/example_dags/example_dynamic_task_mapping.py
[2023-07-23T19:49:10.645+0000] {processor.py:826} INFO - Processing file /home/airflow/.local/lib/python3.9/site-packages/airflow/example_dags/example_dynamic_task_mapping.py for tasks to queue
[2023-07-23T19:49:10.647+0000] {logging_mixin.py:150} INFO - [2023-07-23T19:49:10.646+0000] {dagbag.py:541} INFO - Filling up the DagBag from /home/airflow/.local/lib/python3.9/site-packages/airflow/example_dags/example_dynamic_task_mapping.py
[2023-07-23T19:49:10.670+0000] {processor.py:836} INFO - DAG(s) dict_keys(['example_dynamic_task_mapping']) retrieved from /home/airflow/.local/lib/python3.9/site-packages/airflow/example_dags/example_dynamic_task_mapping.py
[2023-07-23T19:49:10.722+0000] {logging_mixin.py:150} INFO - [2023-07-23T19:49:10.722+0000] {dag.py:2742} INFO - Sync 1 DAGs
[2023-07-23T19:49:10.776+0000] {logging_mixin.py:150} INFO - [2023-07-23T19:49:10.776+0000] {dag.py:3504} INFO - Setting next_dagrun for example_dynamic_task_mapping to 2022-03-04T00:00:00+00:00, run_after=2022-03-05T00:00:00+00:00
[2023-07-23T19:49:10.817+0000] {processor.py:179} INFO - Processing /home/airflow/.local/lib/python3.9/site-packages/airflow/example_dags/example_dynamic_task_mapping.py took 0.187 seconds
[2023-07-23T19:49:42.409+0000] {processor.py:157} INFO - Started process (PID=1021) to work on /home/airflow/.local/lib/python3.9/site-packages/airflow/example_dags/example_dynamic_task_mapping.py
[2023-07-23T19:49:42.414+0000] {processor.py:826} INFO - Processing file /home/airflow/.local/lib/python3.9/site-packages/airflow/example_dags/example_dynamic_task_mapping.py for tasks to queue
[2023-07-23T19:49:42.415+0000] {logging_mixin.py:150} INFO - [2023-07-23T19:49:42.414+0000] {dagbag.py:541} INFO - Filling up the DagBag from /home/airflow/.local/lib/python3.9/site-packages/airflow/example_dags/example_dynamic_task_mapping.py
[2023-07-23T19:49:42.442+0000] {processor.py:836} INFO - DAG(s) dict_keys(['example_dynamic_task_mapping']) retrieved from /home/airflow/.local/lib/python3.9/site-packages/airflow/example_dags/example_dynamic_task_mapping.py
[2023-07-23T19:49:42.526+0000] {logging_mixin.py:150} INFO - [2023-07-23T19:49:42.525+0000] {dag.py:2742} INFO - Sync 1 DAGs
[2023-07-23T19:49:42.647+0000] {logging_mixin.py:150} INFO - [2023-07-23T19:49:42.647+0000] {dag.py:3504} INFO - Setting next_dagrun for example_dynamic_task_mapping to 2022-03-04T00:00:00+00:00, run_after=2022-03-05T00:00:00+00:00
[2023-07-23T19:49:42.708+0000] {processor.py:179} INFO - Processing /home/airflow/.local/lib/python3.9/site-packages/airflow/example_dags/example_dynamic_task_mapping.py took 0.313 seconds
[2023-07-23T19:50:16.240+0000] {processor.py:157} INFO - Started process (PID=1072) to work on /home/airflow/.local/lib/python3.9/site-packages/airflow/example_dags/example_dynamic_task_mapping.py
[2023-07-23T19:50:16.241+0000] {processor.py:826} INFO - Processing file /home/airflow/.local/lib/python3.9/site-packages/airflow/example_dags/example_dynamic_task_mapping.py for tasks to queue
[2023-07-23T19:50:16.242+0000] {logging_mixin.py:150} INFO - [2023-07-23T19:50:16.242+0000] {dagbag.py:541} INFO - Filling up the DagBag from /home/airflow/.local/lib/python3.9/site-packages/airflow/example_dags/example_dynamic_task_mapping.py
[2023-07-23T19:50:16.281+0000] {processor.py:836} INFO - DAG(s) dict_keys(['example_dynamic_task_mapping']) retrieved from /home/airflow/.local/lib/python3.9/site-packages/airflow/example_dags/example_dynamic_task_mapping.py
[2023-07-23T19:50:16.386+0000] {logging_mixin.py:150} INFO - [2023-07-23T19:50:16.385+0000] {dag.py:2742} INFO - Sync 1 DAGs
[2023-07-23T19:50:16.466+0000] {logging_mixin.py:150} INFO - [2023-07-23T19:50:16.466+0000] {dag.py:3504} INFO - Setting next_dagrun for example_dynamic_task_mapping to 2022-03-04T00:00:00+00:00, run_after=2022-03-05T00:00:00+00:00
[2023-07-23T19:50:16.539+0000] {processor.py:179} INFO - Processing /home/airflow/.local/lib/python3.9/site-packages/airflow/example_dags/example_dynamic_task_mapping.py took 0.327 seconds
[2023-07-23T19:50:49.804+0000] {processor.py:157} INFO - Started process (PID=1133) to work on /home/airflow/.local/lib/python3.9/site-packages/airflow/example_dags/example_dynamic_task_mapping.py
[2023-07-23T19:50:49.856+0000] {processor.py:826} INFO - Processing file /home/airflow/.local/lib/python3.9/site-packages/airflow/example_dags/example_dynamic_task_mapping.py for tasks to queue
[2023-07-23T19:50:49.857+0000] {logging_mixin.py:150} INFO - [2023-07-23T19:50:49.856+0000] {dagbag.py:541} INFO - Filling up the DagBag from /home/airflow/.local/lib/python3.9/site-packages/airflow/example_dags/example_dynamic_task_mapping.py
[2023-07-23T19:50:49.899+0000] {processor.py:836} INFO - DAG(s) dict_keys(['example_dynamic_task_mapping']) retrieved from /home/airflow/.local/lib/python3.9/site-packages/airflow/example_dags/example_dynamic_task_mapping.py
[2023-07-23T19:50:50.001+0000] {logging_mixin.py:150} INFO - [2023-07-23T19:50:49.999+0000] {dag.py:2742} INFO - Sync 1 DAGs
[2023-07-23T19:50:50.151+0000] {logging_mixin.py:150} INFO - [2023-07-23T19:50:50.150+0000] {dag.py:3504} INFO - Setting next_dagrun for example_dynamic_task_mapping to 2022-03-04T00:00:00+00:00, run_after=2022-03-05T00:00:00+00:00
[2023-07-23T19:50:50.296+0000] {processor.py:179} INFO - Processing /home/airflow/.local/lib/python3.9/site-packages/airflow/example_dags/example_dynamic_task_mapping.py took 0.497 seconds
[2023-07-23T19:51:21.252+0000] {processor.py:157} INFO - Started process (PID=1188) to work on /home/airflow/.local/lib/python3.9/site-packages/airflow/example_dags/example_dynamic_task_mapping.py
[2023-07-23T19:51:21.266+0000] {processor.py:826} INFO - Processing file /home/airflow/.local/lib/python3.9/site-packages/airflow/example_dags/example_dynamic_task_mapping.py for tasks to queue
[2023-07-23T19:51:21.267+0000] {logging_mixin.py:150} INFO - [2023-07-23T19:51:21.267+0000] {dagbag.py:541} INFO - Filling up the DagBag from /home/airflow/.local/lib/python3.9/site-packages/airflow/example_dags/example_dynamic_task_mapping.py
[2023-07-23T19:51:21.299+0000] {processor.py:836} INFO - DAG(s) dict_keys(['example_dynamic_task_mapping']) retrieved from /home/airflow/.local/lib/python3.9/site-packages/airflow/example_dags/example_dynamic_task_mapping.py
[2023-07-23T19:51:21.379+0000] {logging_mixin.py:150} INFO - [2023-07-23T19:51:21.376+0000] {dag.py:2742} INFO - Sync 1 DAGs
[2023-07-23T19:51:21.506+0000] {logging_mixin.py:150} INFO - [2023-07-23T19:51:21.506+0000] {dag.py:3504} INFO - Setting next_dagrun for example_dynamic_task_mapping to 2022-03-04T00:00:00+00:00, run_after=2022-03-05T00:00:00+00:00
[2023-07-23T19:51:21.590+0000] {processor.py:179} INFO - Processing /home/airflow/.local/lib/python3.9/site-packages/airflow/example_dags/example_dynamic_task_mapping.py took 0.359 seconds
[2023-07-23T19:51:51.938+0000] {processor.py:157} INFO - Started process (PID=1249) to work on /home/airflow/.local/lib/python3.9/site-packages/airflow/example_dags/example_dynamic_task_mapping.py
[2023-07-23T19:51:51.946+0000] {processor.py:826} INFO - Processing file /home/airflow/.local/lib/python3.9/site-packages/airflow/example_dags/example_dynamic_task_mapping.py for tasks to queue
[2023-07-23T19:51:51.947+0000] {logging_mixin.py:150} INFO - [2023-07-23T19:51:51.946+0000] {dagbag.py:541} INFO - Filling up the DagBag from /home/airflow/.local/lib/python3.9/site-packages/airflow/example_dags/example_dynamic_task_mapping.py
[2023-07-23T19:51:51.955+0000] {processor.py:836} INFO - DAG(s) dict_keys(['example_dynamic_task_mapping']) retrieved from /home/airflow/.local/lib/python3.9/site-packages/airflow/example_dags/example_dynamic_task_mapping.py
[2023-07-23T19:51:52.029+0000] {logging_mixin.py:150} INFO - [2023-07-23T19:51:52.029+0000] {dag.py:2742} INFO - Sync 1 DAGs
[2023-07-23T19:51:52.096+0000] {logging_mixin.py:150} INFO - [2023-07-23T19:51:52.096+0000] {dag.py:3504} INFO - Setting next_dagrun for example_dynamic_task_mapping to 2022-03-04T00:00:00+00:00, run_after=2022-03-05T00:00:00+00:00
[2023-07-23T19:51:52.131+0000] {processor.py:179} INFO - Processing /home/airflow/.local/lib/python3.9/site-packages/airflow/example_dags/example_dynamic_task_mapping.py took 0.204 seconds
[2023-07-23T19:52:24.914+0000] {processor.py:157} INFO - Started process (PID=1312) to work on /home/airflow/.local/lib/python3.9/site-packages/airflow/example_dags/example_dynamic_task_mapping.py
[2023-07-23T19:52:24.936+0000] {processor.py:826} INFO - Processing file /home/airflow/.local/lib/python3.9/site-packages/airflow/example_dags/example_dynamic_task_mapping.py for tasks to queue
[2023-07-23T19:52:24.937+0000] {logging_mixin.py:150} INFO - [2023-07-23T19:52:24.936+0000] {dagbag.py:541} INFO - Filling up the DagBag from /home/airflow/.local/lib/python3.9/site-packages/airflow/example_dags/example_dynamic_task_mapping.py
[2023-07-23T19:52:24.955+0000] {processor.py:836} INFO - DAG(s) dict_keys(['example_dynamic_task_mapping']) retrieved from /home/airflow/.local/lib/python3.9/site-packages/airflow/example_dags/example_dynamic_task_mapping.py
[2023-07-23T19:52:25.046+0000] {logging_mixin.py:150} INFO - [2023-07-23T19:52:25.039+0000] {dag.py:2742} INFO - Sync 1 DAGs
[2023-07-23T19:52:25.200+0000] {logging_mixin.py:150} INFO - [2023-07-23T19:52:25.200+0000] {dag.py:3504} INFO - Setting next_dagrun for example_dynamic_task_mapping to 2022-03-04T00:00:00+00:00, run_after=2022-03-05T00:00:00+00:00
[2023-07-23T19:52:25.279+0000] {processor.py:179} INFO - Processing /home/airflow/.local/lib/python3.9/site-packages/airflow/example_dags/example_dynamic_task_mapping.py took 0.370 seconds
[2023-07-23T19:52:58.494+0000] {processor.py:157} INFO - Started process (PID=1370) to work on /home/airflow/.local/lib/python3.9/site-packages/airflow/example_dags/example_dynamic_task_mapping.py
[2023-07-23T19:52:58.509+0000] {processor.py:826} INFO - Processing file /home/airflow/.local/lib/python3.9/site-packages/airflow/example_dags/example_dynamic_task_mapping.py for tasks to queue
[2023-07-23T19:52:58.510+0000] {logging_mixin.py:150} INFO - [2023-07-23T19:52:58.510+0000] {dagbag.py:541} INFO - Filling up the DagBag from /home/airflow/.local/lib/python3.9/site-packages/airflow/example_dags/example_dynamic_task_mapping.py
[2023-07-23T19:52:58.561+0000] {processor.py:836} INFO - DAG(s) dict_keys(['example_dynamic_task_mapping']) retrieved from /home/airflow/.local/lib/python3.9/site-packages/airflow/example_dags/example_dynamic_task_mapping.py
[2023-07-23T19:52:58.705+0000] {logging_mixin.py:150} INFO - [2023-07-23T19:52:58.705+0000] {dag.py:2742} INFO - Sync 1 DAGs
[2023-07-23T19:52:58.854+0000] {logging_mixin.py:150} INFO - [2023-07-23T19:52:58.854+0000] {dag.py:3504} INFO - Setting next_dagrun for example_dynamic_task_mapping to 2022-03-04T00:00:00+00:00, run_after=2022-03-05T00:00:00+00:00
[2023-07-23T19:52:59.008+0000] {processor.py:179} INFO - Processing /home/airflow/.local/lib/python3.9/site-packages/airflow/example_dags/example_dynamic_task_mapping.py took 0.519 seconds
[2023-07-23T19:53:29.166+0000] {processor.py:157} INFO - Started process (PID=1425) to work on /home/airflow/.local/lib/python3.9/site-packages/airflow/example_dags/example_dynamic_task_mapping.py
[2023-07-23T19:53:29.175+0000] {processor.py:826} INFO - Processing file /home/airflow/.local/lib/python3.9/site-packages/airflow/example_dags/example_dynamic_task_mapping.py for tasks to queue
[2023-07-23T19:53:29.177+0000] {logging_mixin.py:150} INFO - [2023-07-23T19:53:29.176+0000] {dagbag.py:541} INFO - Filling up the DagBag from /home/airflow/.local/lib/python3.9/site-packages/airflow/example_dags/example_dynamic_task_mapping.py
[2023-07-23T19:53:29.185+0000] {processor.py:836} INFO - DAG(s) dict_keys(['example_dynamic_task_mapping']) retrieved from /home/airflow/.local/lib/python3.9/site-packages/airflow/example_dags/example_dynamic_task_mapping.py
[2023-07-23T19:53:29.265+0000] {logging_mixin.py:150} INFO - [2023-07-23T19:53:29.264+0000] {dag.py:2742} INFO - Sync 1 DAGs
[2023-07-23T19:53:29.360+0000] {logging_mixin.py:150} INFO - [2023-07-23T19:53:29.359+0000] {dag.py:3504} INFO - Setting next_dagrun for example_dynamic_task_mapping to 2022-03-04T00:00:00+00:00, run_after=2022-03-05T00:00:00+00:00
[2023-07-23T19:53:29.462+0000] {processor.py:179} INFO - Processing /home/airflow/.local/lib/python3.9/site-packages/airflow/example_dags/example_dynamic_task_mapping.py took 0.321 seconds
[2023-07-23T19:54:00.995+0000] {processor.py:157} INFO - Started process (PID=1487) to work on /home/airflow/.local/lib/python3.9/site-packages/airflow/example_dags/example_dynamic_task_mapping.py
[2023-07-23T19:54:00.997+0000] {processor.py:826} INFO - Processing file /home/airflow/.local/lib/python3.9/site-packages/airflow/example_dags/example_dynamic_task_mapping.py for tasks to queue
[2023-07-23T19:54:00.998+0000] {logging_mixin.py:150} INFO - [2023-07-23T19:54:00.997+0000] {dagbag.py:541} INFO - Filling up the DagBag from /home/airflow/.local/lib/python3.9/site-packages/airflow/example_dags/example_dynamic_task_mapping.py
[2023-07-23T19:54:01.006+0000] {processor.py:836} INFO - DAG(s) dict_keys(['example_dynamic_task_mapping']) retrieved from /home/airflow/.local/lib/python3.9/site-packages/airflow/example_dags/example_dynamic_task_mapping.py
[2023-07-23T19:54:01.031+0000] {logging_mixin.py:150} INFO - [2023-07-23T19:54:01.031+0000] {dag.py:2742} INFO - Sync 1 DAGs
[2023-07-23T19:54:01.086+0000] {logging_mixin.py:150} INFO - [2023-07-23T19:54:01.085+0000] {dag.py:3504} INFO - Setting next_dagrun for example_dynamic_task_mapping to 2022-03-04T00:00:00+00:00, run_after=2022-03-05T00:00:00+00:00
[2023-07-23T19:54:01.108+0000] {processor.py:179} INFO - Processing /home/airflow/.local/lib/python3.9/site-packages/airflow/example_dags/example_dynamic_task_mapping.py took 0.117 seconds
[2023-07-23T19:54:32.045+0000] {processor.py:157} INFO - Started process (PID=1547) to work on /home/airflow/.local/lib/python3.9/site-packages/airflow/example_dags/example_dynamic_task_mapping.py
[2023-07-23T19:54:32.061+0000] {processor.py:826} INFO - Processing file /home/airflow/.local/lib/python3.9/site-packages/airflow/example_dags/example_dynamic_task_mapping.py for tasks to queue
[2023-07-23T19:54:32.062+0000] {logging_mixin.py:150} INFO - [2023-07-23T19:54:32.062+0000] {dagbag.py:541} INFO - Filling up the DagBag from /home/airflow/.local/lib/python3.9/site-packages/airflow/example_dags/example_dynamic_task_mapping.py
[2023-07-23T19:54:32.082+0000] {processor.py:836} INFO - DAG(s) dict_keys(['example_dynamic_task_mapping']) retrieved from /home/airflow/.local/lib/python3.9/site-packages/airflow/example_dags/example_dynamic_task_mapping.py
[2023-07-23T19:54:32.207+0000] {logging_mixin.py:150} INFO - [2023-07-23T19:54:32.207+0000] {dag.py:2742} INFO - Sync 1 DAGs
[2023-07-23T19:54:32.334+0000] {logging_mixin.py:150} INFO - [2023-07-23T19:54:32.334+0000] {dag.py:3504} INFO - Setting next_dagrun for example_dynamic_task_mapping to 2022-03-04T00:00:00+00:00, run_after=2022-03-05T00:00:00+00:00
[2023-07-23T19:54:32.391+0000] {processor.py:179} INFO - Processing /home/airflow/.local/lib/python3.9/site-packages/airflow/example_dags/example_dynamic_task_mapping.py took 0.350 seconds
[2023-07-23T19:55:03.111+0000] {processor.py:157} INFO - Started process (PID=1610) to work on /home/airflow/.local/lib/python3.9/site-packages/airflow/example_dags/example_dynamic_task_mapping.py
[2023-07-23T19:55:03.113+0000] {processor.py:826} INFO - Processing file /home/airflow/.local/lib/python3.9/site-packages/airflow/example_dags/example_dynamic_task_mapping.py for tasks to queue
[2023-07-23T19:55:03.114+0000] {logging_mixin.py:150} INFO - [2023-07-23T19:55:03.114+0000] {dagbag.py:541} INFO - Filling up the DagBag from /home/airflow/.local/lib/python3.9/site-packages/airflow/example_dags/example_dynamic_task_mapping.py
[2023-07-23T19:55:03.141+0000] {processor.py:836} INFO - DAG(s) dict_keys(['example_dynamic_task_mapping']) retrieved from /home/airflow/.local/lib/python3.9/site-packages/airflow/example_dags/example_dynamic_task_mapping.py
[2023-07-23T19:55:03.266+0000] {logging_mixin.py:150} INFO - [2023-07-23T19:55:03.266+0000] {dag.py:2742} INFO - Sync 1 DAGs
[2023-07-23T19:55:03.406+0000] {logging_mixin.py:150} INFO - [2023-07-23T19:55:03.406+0000] {dag.py:3504} INFO - Setting next_dagrun for example_dynamic_task_mapping to 2022-03-04T00:00:00+00:00, run_after=2022-03-05T00:00:00+00:00
[2023-07-23T19:55:03.516+0000] {processor.py:179} INFO - Processing /home/airflow/.local/lib/python3.9/site-packages/airflow/example_dags/example_dynamic_task_mapping.py took 0.409 seconds
[2023-07-23T19:55:33.797+0000] {processor.py:157} INFO - Started process (PID=1672) to work on /home/airflow/.local/lib/python3.9/site-packages/airflow/example_dags/example_dynamic_task_mapping.py
[2023-07-23T19:55:33.799+0000] {processor.py:826} INFO - Processing file /home/airflow/.local/lib/python3.9/site-packages/airflow/example_dags/example_dynamic_task_mapping.py for tasks to queue
[2023-07-23T19:55:33.800+0000] {logging_mixin.py:150} INFO - [2023-07-23T19:55:33.799+0000] {dagbag.py:541} INFO - Filling up the DagBag from /home/airflow/.local/lib/python3.9/site-packages/airflow/example_dags/example_dynamic_task_mapping.py
[2023-07-23T19:55:33.858+0000] {processor.py:836} INFO - DAG(s) dict_keys(['example_dynamic_task_mapping']) retrieved from /home/airflow/.local/lib/python3.9/site-packages/airflow/example_dags/example_dynamic_task_mapping.py
[2023-07-23T19:55:33.998+0000] {logging_mixin.py:150} INFO - [2023-07-23T19:55:33.998+0000] {dag.py:2742} INFO - Sync 1 DAGs
[2023-07-23T19:55:34.166+0000] {logging_mixin.py:150} INFO - [2023-07-23T19:55:34.166+0000] {dag.py:3504} INFO - Setting next_dagrun for example_dynamic_task_mapping to 2022-03-04T00:00:00+00:00, run_after=2022-03-05T00:00:00+00:00
[2023-07-23T19:55:34.333+0000] {processor.py:179} INFO - Processing /home/airflow/.local/lib/python3.9/site-packages/airflow/example_dags/example_dynamic_task_mapping.py took 0.573 seconds
[2023-07-23T19:56:04.812+0000] {processor.py:157} INFO - Started process (PID=1733) to work on /home/airflow/.local/lib/python3.9/site-packages/airflow/example_dags/example_dynamic_task_mapping.py
[2023-07-23T19:56:04.826+0000] {processor.py:826} INFO - Processing file /home/airflow/.local/lib/python3.9/site-packages/airflow/example_dags/example_dynamic_task_mapping.py for tasks to queue
[2023-07-23T19:56:04.827+0000] {logging_mixin.py:150} INFO - [2023-07-23T19:56:04.827+0000] {dagbag.py:541} INFO - Filling up the DagBag from /home/airflow/.local/lib/python3.9/site-packages/airflow/example_dags/example_dynamic_task_mapping.py
[2023-07-23T19:56:04.848+0000] {processor.py:836} INFO - DAG(s) dict_keys(['example_dynamic_task_mapping']) retrieved from /home/airflow/.local/lib/python3.9/site-packages/airflow/example_dags/example_dynamic_task_mapping.py
[2023-07-23T19:56:04.939+0000] {logging_mixin.py:150} INFO - [2023-07-23T19:56:04.939+0000] {dag.py:2742} INFO - Sync 1 DAGs
[2023-07-23T19:56:05.024+0000] {logging_mixin.py:150} INFO - [2023-07-23T19:56:05.024+0000] {dag.py:3504} INFO - Setting next_dagrun for example_dynamic_task_mapping to 2022-03-04T00:00:00+00:00, run_after=2022-03-05T00:00:00+00:00
[2023-07-23T19:56:05.079+0000] {processor.py:179} INFO - Processing /home/airflow/.local/lib/python3.9/site-packages/airflow/example_dags/example_dynamic_task_mapping.py took 0.275 seconds
[2023-07-23T19:56:35.492+0000] {processor.py:157} INFO - Started process (PID=1793) to work on /home/airflow/.local/lib/python3.9/site-packages/airflow/example_dags/example_dynamic_task_mapping.py
[2023-07-23T19:56:35.505+0000] {processor.py:826} INFO - Processing file /home/airflow/.local/lib/python3.9/site-packages/airflow/example_dags/example_dynamic_task_mapping.py for tasks to queue
[2023-07-23T19:56:35.506+0000] {logging_mixin.py:150} INFO - [2023-07-23T19:56:35.506+0000] {dagbag.py:541} INFO - Filling up the DagBag from /home/airflow/.local/lib/python3.9/site-packages/airflow/example_dags/example_dynamic_task_mapping.py
[2023-07-23T19:56:35.532+0000] {processor.py:836} INFO - DAG(s) dict_keys(['example_dynamic_task_mapping']) retrieved from /home/airflow/.local/lib/python3.9/site-packages/airflow/example_dags/example_dynamic_task_mapping.py
[2023-07-23T19:56:35.714+0000] {logging_mixin.py:150} INFO - [2023-07-23T19:56:35.714+0000] {dag.py:2742} INFO - Sync 1 DAGs
[2023-07-23T19:56:35.764+0000] {logging_mixin.py:150} INFO - [2023-07-23T19:56:35.763+0000] {dag.py:3504} INFO - Setting next_dagrun for example_dynamic_task_mapping to 2022-03-04T00:00:00+00:00, run_after=2022-03-05T00:00:00+00:00
[2023-07-23T19:56:35.803+0000] {processor.py:179} INFO - Processing /home/airflow/.local/lib/python3.9/site-packages/airflow/example_dags/example_dynamic_task_mapping.py took 0.323 seconds
[2023-07-23T19:57:07.332+0000] {processor.py:157} INFO - Started process (PID=1855) to work on /home/airflow/.local/lib/python3.9/site-packages/airflow/example_dags/example_dynamic_task_mapping.py
[2023-07-23T19:57:07.349+0000] {processor.py:826} INFO - Processing file /home/airflow/.local/lib/python3.9/site-packages/airflow/example_dags/example_dynamic_task_mapping.py for tasks to queue
[2023-07-23T19:57:07.350+0000] {logging_mixin.py:150} INFO - [2023-07-23T19:57:07.349+0000] {dagbag.py:541} INFO - Filling up the DagBag from /home/airflow/.local/lib/python3.9/site-packages/airflow/example_dags/example_dynamic_task_mapping.py
[2023-07-23T19:57:07.368+0000] {processor.py:836} INFO - DAG(s) dict_keys(['example_dynamic_task_mapping']) retrieved from /home/airflow/.local/lib/python3.9/site-packages/airflow/example_dags/example_dynamic_task_mapping.py
[2023-07-23T19:57:07.510+0000] {logging_mixin.py:150} INFO - [2023-07-23T19:57:07.510+0000] {dag.py:2742} INFO - Sync 1 DAGs
[2023-07-23T19:57:07.591+0000] {logging_mixin.py:150} INFO - [2023-07-23T19:57:07.591+0000] {dag.py:3504} INFO - Setting next_dagrun for example_dynamic_task_mapping to 2022-03-04T00:00:00+00:00, run_after=2022-03-05T00:00:00+00:00
[2023-07-23T19:57:07.698+0000] {processor.py:179} INFO - Processing /home/airflow/.local/lib/python3.9/site-packages/airflow/example_dags/example_dynamic_task_mapping.py took 0.394 seconds
[2023-07-23T19:58:09.923+0000] {processor.py:157} INFO - Started process (PID=1915) to work on /home/airflow/.local/lib/python3.9/site-packages/airflow/example_dags/example_dynamic_task_mapping.py
[2023-07-23T19:58:09.924+0000] {processor.py:826} INFO - Processing file /home/airflow/.local/lib/python3.9/site-packages/airflow/example_dags/example_dynamic_task_mapping.py for tasks to queue
[2023-07-23T19:58:09.925+0000] {logging_mixin.py:150} INFO - [2023-07-23T19:58:09.925+0000] {dagbag.py:541} INFO - Filling up the DagBag from /home/airflow/.local/lib/python3.9/site-packages/airflow/example_dags/example_dynamic_task_mapping.py
[2023-07-23T19:58:10.226+0000] {processor.py:836} INFO - DAG(s) dict_keys(['example_dynamic_task_mapping']) retrieved from /home/airflow/.local/lib/python3.9/site-packages/airflow/example_dags/example_dynamic_task_mapping.py
[2023-07-23T19:58:10.641+0000] {logging_mixin.py:150} INFO - [2023-07-23T19:58:10.641+0000] {dag.py:2742} INFO - Sync 1 DAGs
[2023-07-23T19:58:11.622+0000] {logging_mixin.py:150} INFO - [2023-07-23T19:58:11.622+0000] {dag.py:3504} INFO - Setting next_dagrun for example_dynamic_task_mapping to 2022-03-04T00:00:00+00:00, run_after=2022-03-05T00:00:00+00:00
[2023-07-23T19:58:12.050+0000] {processor.py:179} INFO - Processing /home/airflow/.local/lib/python3.9/site-packages/airflow/example_dags/example_dynamic_task_mapping.py took 2.264 seconds
[2023-07-23T20:01:02.794+0000] {processor.py:157} INFO - Started process (PID=76) to work on /home/airflow/.local/lib/python3.9/site-packages/airflow/example_dags/example_dynamic_task_mapping.py
[2023-07-23T20:01:02.821+0000] {processor.py:826} INFO - Processing file /home/airflow/.local/lib/python3.9/site-packages/airflow/example_dags/example_dynamic_task_mapping.py for tasks to queue
[2023-07-23T20:01:02.822+0000] {logging_mixin.py:150} INFO - [2023-07-23T20:01:02.822+0000] {dagbag.py:541} INFO - Filling up the DagBag from /home/airflow/.local/lib/python3.9/site-packages/airflow/example_dags/example_dynamic_task_mapping.py
[2023-07-23T20:01:02.844+0000] {processor.py:836} INFO - DAG(s) dict_keys(['example_dynamic_task_mapping']) retrieved from /home/airflow/.local/lib/python3.9/site-packages/airflow/example_dags/example_dynamic_task_mapping.py
[2023-07-23T20:01:02.936+0000] {logging_mixin.py:150} INFO - [2023-07-23T20:01:02.936+0000] {dag.py:2742} INFO - Sync 1 DAGs
[2023-07-23T20:01:03.761+0000] {logging_mixin.py:150} INFO - [2023-07-23T20:01:03.761+0000] {dag.py:3504} INFO - Setting next_dagrun for example_dynamic_task_mapping to 2022-03-04T00:00:00+00:00, run_after=2022-03-05T00:00:00+00:00
[2023-07-23T20:01:03.846+0000] {processor.py:179} INFO - Processing /home/airflow/.local/lib/python3.9/site-packages/airflow/example_dags/example_dynamic_task_mapping.py took 1.057 seconds
[2023-07-23T20:05:38.814+0000] {processor.py:157} INFO - Started process (PID=108) to work on /home/airflow/.local/lib/python3.9/site-packages/airflow/example_dags/example_dynamic_task_mapping.py
[2023-07-23T20:05:38.826+0000] {processor.py:826} INFO - Processing file /home/airflow/.local/lib/python3.9/site-packages/airflow/example_dags/example_dynamic_task_mapping.py for tasks to queue
[2023-07-23T20:05:38.827+0000] {logging_mixin.py:150} INFO - [2023-07-23T20:05:38.827+0000] {dagbag.py:541} INFO - Filling up the DagBag from /home/airflow/.local/lib/python3.9/site-packages/airflow/example_dags/example_dynamic_task_mapping.py
[2023-07-23T20:05:38.907+0000] {processor.py:836} INFO - DAG(s) dict_keys(['example_dynamic_task_mapping']) retrieved from /home/airflow/.local/lib/python3.9/site-packages/airflow/example_dags/example_dynamic_task_mapping.py
[2023-07-23T20:05:39.136+0000] {logging_mixin.py:150} INFO - [2023-07-23T20:05:39.136+0000] {dag.py:2742} INFO - Sync 1 DAGs
[2023-07-23T20:05:40.155+0000] {logging_mixin.py:150} INFO - [2023-07-23T20:05:40.140+0000] {dag.py:3504} INFO - Setting next_dagrun for example_dynamic_task_mapping to 2022-03-04T00:00:00+00:00, run_after=2022-03-05T00:00:00+00:00
[2023-07-23T20:05:40.251+0000] {processor.py:179} INFO - Processing /home/airflow/.local/lib/python3.9/site-packages/airflow/example_dags/example_dynamic_task_mapping.py took 1.442 seconds
[2023-07-23T20:06:10.399+0000] {processor.py:157} INFO - Started process (PID=163) to work on /home/airflow/.local/lib/python3.9/site-packages/airflow/example_dags/example_dynamic_task_mapping.py
[2023-07-23T20:06:10.400+0000] {processor.py:826} INFO - Processing file /home/airflow/.local/lib/python3.9/site-packages/airflow/example_dags/example_dynamic_task_mapping.py for tasks to queue
[2023-07-23T20:06:10.401+0000] {logging_mixin.py:150} INFO - [2023-07-23T20:06:10.401+0000] {dagbag.py:541} INFO - Filling up the DagBag from /home/airflow/.local/lib/python3.9/site-packages/airflow/example_dags/example_dynamic_task_mapping.py
[2023-07-23T20:06:10.420+0000] {processor.py:836} INFO - DAG(s) dict_keys(['example_dynamic_task_mapping']) retrieved from /home/airflow/.local/lib/python3.9/site-packages/airflow/example_dags/example_dynamic_task_mapping.py
[2023-07-23T20:06:10.494+0000] {logging_mixin.py:150} INFO - [2023-07-23T20:06:10.493+0000] {dag.py:2742} INFO - Sync 1 DAGs
[2023-07-23T20:06:10.541+0000] {logging_mixin.py:150} INFO - [2023-07-23T20:06:10.541+0000] {dag.py:3504} INFO - Setting next_dagrun for example_dynamic_task_mapping to 2022-03-04T00:00:00+00:00, run_after=2022-03-05T00:00:00+00:00
[2023-07-23T20:06:10.573+0000] {processor.py:179} INFO - Processing /home/airflow/.local/lib/python3.9/site-packages/airflow/example_dags/example_dynamic_task_mapping.py took 0.180 seconds
[2023-07-23T20:07:12.747+0000] {processor.py:157} INFO - Started process (PID=221) to work on /home/airflow/.local/lib/python3.9/site-packages/airflow/example_dags/example_dynamic_task_mapping.py
[2023-07-23T20:07:12.771+0000] {processor.py:826} INFO - Processing file /home/airflow/.local/lib/python3.9/site-packages/airflow/example_dags/example_dynamic_task_mapping.py for tasks to queue
[2023-07-23T20:07:12.772+0000] {logging_mixin.py:150} INFO - [2023-07-23T20:07:12.772+0000] {dagbag.py:541} INFO - Filling up the DagBag from /home/airflow/.local/lib/python3.9/site-packages/airflow/example_dags/example_dynamic_task_mapping.py
[2023-07-23T20:07:13.031+0000] {processor.py:836} INFO - DAG(s) dict_keys(['example_dynamic_task_mapping']) retrieved from /home/airflow/.local/lib/python3.9/site-packages/airflow/example_dags/example_dynamic_task_mapping.py
[2023-07-23T20:07:14.169+0000] {logging_mixin.py:150} INFO - [2023-07-23T20:07:14.169+0000] {dag.py:2742} INFO - Sync 1 DAGs
[2023-07-23T20:07:14.794+0000] {logging_mixin.py:150} INFO - [2023-07-23T20:07:14.793+0000] {dag.py:3504} INFO - Setting next_dagrun for example_dynamic_task_mapping to 2022-03-04T00:00:00+00:00, run_after=2022-03-05T00:00:00+00:00
[2023-07-23T20:07:15.239+0000] {processor.py:179} INFO - Processing /home/airflow/.local/lib/python3.9/site-packages/airflow/example_dags/example_dynamic_task_mapping.py took 2.779 seconds
[2023-07-23T20:09:23.940+0000] {processor.py:157} INFO - Started process (PID=322) to work on /home/airflow/.local/lib/python3.9/site-packages/airflow/example_dags/example_dynamic_task_mapping.py
[2023-07-23T20:09:23.969+0000] {processor.py:826} INFO - Processing file /home/airflow/.local/lib/python3.9/site-packages/airflow/example_dags/example_dynamic_task_mapping.py for tasks to queue
[2023-07-23T20:09:23.970+0000] {logging_mixin.py:150} INFO - [2023-07-23T20:09:23.969+0000] {dagbag.py:541} INFO - Filling up the DagBag from /home/airflow/.local/lib/python3.9/site-packages/airflow/example_dags/example_dynamic_task_mapping.py
[2023-07-23T20:09:23.996+0000] {processor.py:836} INFO - DAG(s) dict_keys(['example_dynamic_task_mapping']) retrieved from /home/airflow/.local/lib/python3.9/site-packages/airflow/example_dags/example_dynamic_task_mapping.py
[2023-07-23T20:09:24.617+0000] {logging_mixin.py:150} INFO - [2023-07-23T20:09:24.617+0000] {dag.py:2742} INFO - Sync 1 DAGs
[2023-07-23T20:09:25.306+0000] {logging_mixin.py:150} INFO - [2023-07-23T20:09:25.306+0000] {dag.py:3504} INFO - Setting next_dagrun for example_dynamic_task_mapping to 2022-03-04T00:00:00+00:00, run_after=2022-03-05T00:00:00+00:00
[2023-07-23T20:09:26.235+0000] {processor.py:179} INFO - Processing /home/airflow/.local/lib/python3.9/site-packages/airflow/example_dags/example_dynamic_task_mapping.py took 2.417 seconds
[2023-07-23T20:10:14.357+0000] {processor.py:157} INFO - Started process (PID=390) to work on /home/airflow/.local/lib/python3.9/site-packages/airflow/example_dags/example_dynamic_task_mapping.py
[2023-07-23T20:10:14.365+0000] {processor.py:826} INFO - Processing file /home/airflow/.local/lib/python3.9/site-packages/airflow/example_dags/example_dynamic_task_mapping.py for tasks to queue
[2023-07-23T20:10:14.366+0000] {logging_mixin.py:150} INFO - [2023-07-23T20:10:14.366+0000] {dagbag.py:541} INFO - Filling up the DagBag from /home/airflow/.local/lib/python3.9/site-packages/airflow/example_dags/example_dynamic_task_mapping.py
[2023-07-23T20:10:14.375+0000] {processor.py:836} INFO - DAG(s) dict_keys(['example_dynamic_task_mapping']) retrieved from /home/airflow/.local/lib/python3.9/site-packages/airflow/example_dags/example_dynamic_task_mapping.py
[2023-07-23T20:10:14.414+0000] {logging_mixin.py:150} INFO - [2023-07-23T20:10:14.413+0000] {dag.py:2742} INFO - Sync 1 DAGs
[2023-07-23T20:10:14.441+0000] {logging_mixin.py:150} INFO - [2023-07-23T20:10:14.440+0000] {dag.py:3504} INFO - Setting next_dagrun for example_dynamic_task_mapping to 2022-03-04T00:00:00+00:00, run_after=2022-03-05T00:00:00+00:00
[2023-07-23T20:10:14.466+0000] {processor.py:179} INFO - Processing /home/airflow/.local/lib/python3.9/site-packages/airflow/example_dags/example_dynamic_task_mapping.py took 0.114 seconds
[2023-07-23T20:10:46.601+0000] {processor.py:157} INFO - Started process (PID=452) to work on /home/airflow/.local/lib/python3.9/site-packages/airflow/example_dags/example_dynamic_task_mapping.py
[2023-07-23T20:10:46.625+0000] {processor.py:826} INFO - Processing file /home/airflow/.local/lib/python3.9/site-packages/airflow/example_dags/example_dynamic_task_mapping.py for tasks to queue
[2023-07-23T20:10:46.626+0000] {logging_mixin.py:150} INFO - [2023-07-23T20:10:46.626+0000] {dagbag.py:541} INFO - Filling up the DagBag from /home/airflow/.local/lib/python3.9/site-packages/airflow/example_dags/example_dynamic_task_mapping.py
[2023-07-23T20:10:46.635+0000] {processor.py:836} INFO - DAG(s) dict_keys(['example_dynamic_task_mapping']) retrieved from /home/airflow/.local/lib/python3.9/site-packages/airflow/example_dags/example_dynamic_task_mapping.py
[2023-07-23T20:10:46.736+0000] {logging_mixin.py:150} INFO - [2023-07-23T20:10:46.735+0000] {dag.py:2742} INFO - Sync 1 DAGs
[2023-07-23T20:10:46.816+0000] {logging_mixin.py:150} INFO - [2023-07-23T20:10:46.816+0000] {dag.py:3504} INFO - Setting next_dagrun for example_dynamic_task_mapping to 2022-03-04T00:00:00+00:00, run_after=2022-03-05T00:00:00+00:00
[2023-07-23T20:10:46.881+0000] {processor.py:179} INFO - Processing /home/airflow/.local/lib/python3.9/site-packages/airflow/example_dags/example_dynamic_task_mapping.py took 0.284 seconds
[2023-07-23T20:11:17.519+0000] {processor.py:157} INFO - Started process (PID=514) to work on /home/airflow/.local/lib/python3.9/site-packages/airflow/example_dags/example_dynamic_task_mapping.py
[2023-07-23T20:11:17.525+0000] {processor.py:826} INFO - Processing file /home/airflow/.local/lib/python3.9/site-packages/airflow/example_dags/example_dynamic_task_mapping.py for tasks to queue
[2023-07-23T20:11:17.526+0000] {logging_mixin.py:150} INFO - [2023-07-23T20:11:17.526+0000] {dagbag.py:541} INFO - Filling up the DagBag from /home/airflow/.local/lib/python3.9/site-packages/airflow/example_dags/example_dynamic_task_mapping.py
[2023-07-23T20:11:17.535+0000] {processor.py:836} INFO - DAG(s) dict_keys(['example_dynamic_task_mapping']) retrieved from /home/airflow/.local/lib/python3.9/site-packages/airflow/example_dags/example_dynamic_task_mapping.py
[2023-07-23T20:11:17.636+0000] {logging_mixin.py:150} INFO - [2023-07-23T20:11:17.635+0000] {dag.py:2742} INFO - Sync 1 DAGs
[2023-07-23T20:11:17.716+0000] {logging_mixin.py:150} INFO - [2023-07-23T20:11:17.716+0000] {dag.py:3504} INFO - Setting next_dagrun for example_dynamic_task_mapping to 2022-03-04T00:00:00+00:00, run_after=2022-03-05T00:00:00+00:00
[2023-07-23T20:11:17.779+0000] {processor.py:179} INFO - Processing /home/airflow/.local/lib/python3.9/site-packages/airflow/example_dags/example_dynamic_task_mapping.py took 0.305 seconds
[2023-07-23T20:12:18.231+0000] {processor.py:157} INFO - Started process (PID=585) to work on /home/airflow/.local/lib/python3.9/site-packages/airflow/example_dags/example_dynamic_task_mapping.py
[2023-07-23T20:12:18.242+0000] {processor.py:826} INFO - Processing file /home/airflow/.local/lib/python3.9/site-packages/airflow/example_dags/example_dynamic_task_mapping.py for tasks to queue
[2023-07-23T20:12:18.243+0000] {logging_mixin.py:150} INFO - [2023-07-23T20:12:18.243+0000] {dagbag.py:541} INFO - Filling up the DagBag from /home/airflow/.local/lib/python3.9/site-packages/airflow/example_dags/example_dynamic_task_mapping.py
[2023-07-23T20:12:18.426+0000] {processor.py:836} INFO - DAG(s) dict_keys(['example_dynamic_task_mapping']) retrieved from /home/airflow/.local/lib/python3.9/site-packages/airflow/example_dags/example_dynamic_task_mapping.py
[2023-07-23T20:12:18.819+0000] {logging_mixin.py:150} INFO - [2023-07-23T20:12:18.819+0000] {dag.py:2742} INFO - Sync 1 DAGs
[2023-07-23T20:12:19.847+0000] {logging_mixin.py:150} INFO - [2023-07-23T20:12:19.847+0000] {dag.py:3504} INFO - Setting next_dagrun for example_dynamic_task_mapping to 2022-03-04T00:00:00+00:00, run_after=2022-03-05T00:00:00+00:00
[2023-07-23T20:12:20.421+0000] {processor.py:179} INFO - Processing /home/airflow/.local/lib/python3.9/site-packages/airflow/example_dags/example_dynamic_task_mapping.py took 2.229 seconds
[2023-07-23T20:14:15.251+0000] {processor.py:157} INFO - Started process (PID=680) to work on /home/airflow/.local/lib/python3.9/site-packages/airflow/example_dags/example_dynamic_task_mapping.py
[2023-07-23T20:14:15.279+0000] {processor.py:826} INFO - Processing file /home/airflow/.local/lib/python3.9/site-packages/airflow/example_dags/example_dynamic_task_mapping.py for tasks to queue
[2023-07-23T20:14:15.280+0000] {logging_mixin.py:150} INFO - [2023-07-23T20:14:15.280+0000] {dagbag.py:541} INFO - Filling up the DagBag from /home/airflow/.local/lib/python3.9/site-packages/airflow/example_dags/example_dynamic_task_mapping.py
[2023-07-23T20:14:15.501+0000] {processor.py:836} INFO - DAG(s) dict_keys(['example_dynamic_task_mapping']) retrieved from /home/airflow/.local/lib/python3.9/site-packages/airflow/example_dags/example_dynamic_task_mapping.py
[2023-07-23T20:14:16.475+0000] {logging_mixin.py:150} INFO - [2023-07-23T20:14:16.473+0000] {dag.py:2742} INFO - Sync 1 DAGs
[2023-07-23T20:14:17.367+0000] {logging_mixin.py:150} INFO - [2023-07-23T20:14:17.367+0000] {dag.py:3504} INFO - Setting next_dagrun for example_dynamic_task_mapping to 2022-03-04T00:00:00+00:00, run_after=2022-03-05T00:00:00+00:00
[2023-07-23T20:14:18.212+0000] {processor.py:179} INFO - Processing /home/airflow/.local/lib/python3.9/site-packages/airflow/example_dags/example_dynamic_task_mapping.py took 3.014 seconds
[2023-07-23T20:15:15.341+0000] {processor.py:157} INFO - Started process (PID=736) to work on /home/airflow/.local/lib/python3.9/site-packages/airflow/example_dags/example_dynamic_task_mapping.py
[2023-07-23T20:15:15.365+0000] {processor.py:826} INFO - Processing file /home/airflow/.local/lib/python3.9/site-packages/airflow/example_dags/example_dynamic_task_mapping.py for tasks to queue
[2023-07-23T20:15:15.366+0000] {logging_mixin.py:150} INFO - [2023-07-23T20:15:15.366+0000] {dagbag.py:541} INFO - Filling up the DagBag from /home/airflow/.local/lib/python3.9/site-packages/airflow/example_dags/example_dynamic_task_mapping.py
[2023-07-23T20:15:15.495+0000] {processor.py:836} INFO - DAG(s) dict_keys(['example_dynamic_task_mapping']) retrieved from /home/airflow/.local/lib/python3.9/site-packages/airflow/example_dags/example_dynamic_task_mapping.py
[2023-07-23T20:15:15.620+0000] {logging_mixin.py:150} INFO - [2023-07-23T20:15:15.620+0000] {dag.py:2742} INFO - Sync 1 DAGs
[2023-07-23T20:15:15.750+0000] {logging_mixin.py:150} INFO - [2023-07-23T20:15:15.750+0000] {dag.py:3504} INFO - Setting next_dagrun for example_dynamic_task_mapping to 2022-03-04T00:00:00+00:00, run_after=2022-03-05T00:00:00+00:00
[2023-07-23T20:15:15.850+0000] {processor.py:179} INFO - Processing /home/airflow/.local/lib/python3.9/site-packages/airflow/example_dags/example_dynamic_task_mapping.py took 0.538 seconds
[2023-07-23T20:15:47.184+0000] {processor.py:157} INFO - Started process (PID=797) to work on /home/airflow/.local/lib/python3.9/site-packages/airflow/example_dags/example_dynamic_task_mapping.py
[2023-07-23T20:15:47.206+0000] {processor.py:826} INFO - Processing file /home/airflow/.local/lib/python3.9/site-packages/airflow/example_dags/example_dynamic_task_mapping.py for tasks to queue
[2023-07-23T20:15:47.207+0000] {logging_mixin.py:150} INFO - [2023-07-23T20:15:47.206+0000] {dagbag.py:541} INFO - Filling up the DagBag from /home/airflow/.local/lib/python3.9/site-packages/airflow/example_dags/example_dynamic_task_mapping.py
[2023-07-23T20:15:47.245+0000] {processor.py:836} INFO - DAG(s) dict_keys(['example_dynamic_task_mapping']) retrieved from /home/airflow/.local/lib/python3.9/site-packages/airflow/example_dags/example_dynamic_task_mapping.py
[2023-07-23T20:15:47.402+0000] {logging_mixin.py:150} INFO - [2023-07-23T20:15:47.401+0000] {dag.py:2742} INFO - Sync 1 DAGs
[2023-07-23T20:15:47.571+0000] {logging_mixin.py:150} INFO - [2023-07-23T20:15:47.570+0000] {dag.py:3504} INFO - Setting next_dagrun for example_dynamic_task_mapping to 2022-03-04T00:00:00+00:00, run_after=2022-03-05T00:00:00+00:00
[2023-07-23T20:15:47.711+0000] {processor.py:179} INFO - Processing /home/airflow/.local/lib/python3.9/site-packages/airflow/example_dags/example_dynamic_task_mapping.py took 0.532 seconds
[2023-07-23T20:16:18.784+0000] {processor.py:157} INFO - Started process (PID=851) to work on /home/airflow/.local/lib/python3.9/site-packages/airflow/example_dags/example_dynamic_task_mapping.py
[2023-07-23T20:16:18.797+0000] {processor.py:826} INFO - Processing file /home/airflow/.local/lib/python3.9/site-packages/airflow/example_dags/example_dynamic_task_mapping.py for tasks to queue
[2023-07-23T20:16:18.798+0000] {logging_mixin.py:150} INFO - [2023-07-23T20:16:18.797+0000] {dagbag.py:541} INFO - Filling up the DagBag from /home/airflow/.local/lib/python3.9/site-packages/airflow/example_dags/example_dynamic_task_mapping.py
[2023-07-23T20:16:18.851+0000] {processor.py:836} INFO - DAG(s) dict_keys(['example_dynamic_task_mapping']) retrieved from /home/airflow/.local/lib/python3.9/site-packages/airflow/example_dags/example_dynamic_task_mapping.py
[2023-07-23T20:16:18.944+0000] {logging_mixin.py:150} INFO - [2023-07-23T20:16:18.944+0000] {dag.py:2742} INFO - Sync 1 DAGs
[2023-07-23T20:16:19.104+0000] {logging_mixin.py:150} INFO - [2023-07-23T20:16:19.104+0000] {dag.py:3504} INFO - Setting next_dagrun for example_dynamic_task_mapping to 2022-03-04T00:00:00+00:00, run_after=2022-03-05T00:00:00+00:00
[2023-07-23T20:16:19.486+0000] {processor.py:179} INFO - Processing /home/airflow/.local/lib/python3.9/site-packages/airflow/example_dags/example_dynamic_task_mapping.py took 0.707 seconds
[2023-07-23T20:18:02.048+0000] {processor.py:157} INFO - Started process (PID=929) to work on /home/airflow/.local/lib/python3.9/site-packages/airflow/example_dags/example_dynamic_task_mapping.py
[2023-07-23T20:18:02.185+0000] {processor.py:826} INFO - Processing file /home/airflow/.local/lib/python3.9/site-packages/airflow/example_dags/example_dynamic_task_mapping.py for tasks to queue
[2023-07-23T20:18:02.304+0000] {logging_mixin.py:150} INFO - [2023-07-23T20:18:02.295+0000] {dagbag.py:541} INFO - Filling up the DagBag from /home/airflow/.local/lib/python3.9/site-packages/airflow/example_dags/example_dynamic_task_mapping.py
[2023-07-23T20:18:02.664+0000] {processor.py:836} INFO - DAG(s) dict_keys(['example_dynamic_task_mapping']) retrieved from /home/airflow/.local/lib/python3.9/site-packages/airflow/example_dags/example_dynamic_task_mapping.py
[2023-07-23T20:18:03.671+0000] {logging_mixin.py:150} INFO - [2023-07-23T20:18:03.670+0000] {dag.py:2742} INFO - Sync 1 DAGs
[2023-07-23T20:18:05.606+0000] {logging_mixin.py:150} INFO - [2023-07-23T20:18:05.606+0000] {dag.py:3504} INFO - Setting next_dagrun for example_dynamic_task_mapping to 2022-03-04T00:00:00+00:00, run_after=2022-03-05T00:00:00+00:00
[2023-07-23T20:18:07.535+0000] {processor.py:179} INFO - Processing /home/airflow/.local/lib/python3.9/site-packages/airflow/example_dags/example_dynamic_task_mapping.py took 5.552 seconds
[2023-07-23T20:20:01.917+0000] {processor.py:157} INFO - Started process (PID=1001) to work on /home/airflow/.local/lib/python3.9/site-packages/airflow/example_dags/example_dynamic_task_mapping.py
[2023-07-23T20:20:01.919+0000] {processor.py:826} INFO - Processing file /home/airflow/.local/lib/python3.9/site-packages/airflow/example_dags/example_dynamic_task_mapping.py for tasks to queue
[2023-07-23T20:20:01.920+0000] {logging_mixin.py:150} INFO - [2023-07-23T20:20:01.920+0000] {dagbag.py:541} INFO - Filling up the DagBag from /home/airflow/.local/lib/python3.9/site-packages/airflow/example_dags/example_dynamic_task_mapping.py
[2023-07-23T20:20:02.447+0000] {processor.py:836} INFO - DAG(s) dict_keys(['example_dynamic_task_mapping']) retrieved from /home/airflow/.local/lib/python3.9/site-packages/airflow/example_dags/example_dynamic_task_mapping.py
[2023-07-23T20:20:03.677+0000] {logging_mixin.py:150} INFO - [2023-07-23T20:20:03.677+0000] {dag.py:2742} INFO - Sync 1 DAGs
[2023-07-23T20:20:04.983+0000] {logging_mixin.py:150} INFO - [2023-07-23T20:20:04.982+0000] {dag.py:3504} INFO - Setting next_dagrun for example_dynamic_task_mapping to 2022-03-04T00:00:00+00:00, run_after=2022-03-05T00:00:00+00:00
[2023-07-23T20:20:06.070+0000] {processor.py:179} INFO - Processing /home/airflow/.local/lib/python3.9/site-packages/airflow/example_dags/example_dynamic_task_mapping.py took 4.645 seconds
[2023-07-23T20:20:36.519+0000] {processor.py:157} INFO - Started process (PID=1063) to work on /home/airflow/.local/lib/python3.9/site-packages/airflow/example_dags/example_dynamic_task_mapping.py
[2023-07-23T20:20:36.521+0000] {processor.py:826} INFO - Processing file /home/airflow/.local/lib/python3.9/site-packages/airflow/example_dags/example_dynamic_task_mapping.py for tasks to queue
[2023-07-23T20:20:36.522+0000] {logging_mixin.py:150} INFO - [2023-07-23T20:20:36.522+0000] {dagbag.py:541} INFO - Filling up the DagBag from /home/airflow/.local/lib/python3.9/site-packages/airflow/example_dags/example_dynamic_task_mapping.py
[2023-07-23T20:20:36.538+0000] {processor.py:836} INFO - DAG(s) dict_keys(['example_dynamic_task_mapping']) retrieved from /home/airflow/.local/lib/python3.9/site-packages/airflow/example_dags/example_dynamic_task_mapping.py
[2023-07-23T20:20:36.575+0000] {logging_mixin.py:150} INFO - [2023-07-23T20:20:36.574+0000] {dag.py:2742} INFO - Sync 1 DAGs
[2023-07-23T20:20:36.630+0000] {logging_mixin.py:150} INFO - [2023-07-23T20:20:36.629+0000] {dag.py:3504} INFO - Setting next_dagrun for example_dynamic_task_mapping to 2022-03-04T00:00:00+00:00, run_after=2022-03-05T00:00:00+00:00
[2023-07-23T20:20:36.657+0000] {processor.py:179} INFO - Processing /home/airflow/.local/lib/python3.9/site-packages/airflow/example_dags/example_dynamic_task_mapping.py took 0.141 seconds
[2023-07-23T20:21:06.801+0000] {processor.py:157} INFO - Started process (PID=1124) to work on /home/airflow/.local/lib/python3.9/site-packages/airflow/example_dags/example_dynamic_task_mapping.py
[2023-07-23T20:21:06.822+0000] {processor.py:826} INFO - Processing file /home/airflow/.local/lib/python3.9/site-packages/airflow/example_dags/example_dynamic_task_mapping.py for tasks to queue
[2023-07-23T20:21:06.828+0000] {logging_mixin.py:150} INFO - [2023-07-23T20:21:06.827+0000] {dagbag.py:541} INFO - Filling up the DagBag from /home/airflow/.local/lib/python3.9/site-packages/airflow/example_dags/example_dynamic_task_mapping.py
[2023-07-23T20:21:06.857+0000] {processor.py:836} INFO - DAG(s) dict_keys(['example_dynamic_task_mapping']) retrieved from /home/airflow/.local/lib/python3.9/site-packages/airflow/example_dags/example_dynamic_task_mapping.py
[2023-07-23T20:21:06.898+0000] {logging_mixin.py:150} INFO - [2023-07-23T20:21:06.897+0000] {dag.py:2742} INFO - Sync 1 DAGs
[2023-07-23T20:21:06.963+0000] {logging_mixin.py:150} INFO - [2023-07-23T20:21:06.963+0000] {dag.py:3504} INFO - Setting next_dagrun for example_dynamic_task_mapping to 2022-03-04T00:00:00+00:00, run_after=2022-03-05T00:00:00+00:00
[2023-07-23T20:21:07.013+0000] {processor.py:179} INFO - Processing /home/airflow/.local/lib/python3.9/site-packages/airflow/example_dags/example_dynamic_task_mapping.py took 0.216 seconds
[2023-07-23T20:23:14.811+0000] {processor.py:157} INFO - Started process (PID=1213) to work on /home/airflow/.local/lib/python3.9/site-packages/airflow/example_dags/example_dynamic_task_mapping.py
[2023-07-23T20:23:14.855+0000] {processor.py:826} INFO - Processing file /home/airflow/.local/lib/python3.9/site-packages/airflow/example_dags/example_dynamic_task_mapping.py for tasks to queue
[2023-07-23T20:23:14.857+0000] {logging_mixin.py:150} INFO - [2023-07-23T20:23:14.856+0000] {dagbag.py:541} INFO - Filling up the DagBag from /home/airflow/.local/lib/python3.9/site-packages/airflow/example_dags/example_dynamic_task_mapping.py
[2023-07-23T20:23:15.648+0000] {processor.py:836} INFO - DAG(s) dict_keys(['example_dynamic_task_mapping']) retrieved from /home/airflow/.local/lib/python3.9/site-packages/airflow/example_dags/example_dynamic_task_mapping.py
[2023-07-23T20:23:17.125+0000] {logging_mixin.py:150} INFO - [2023-07-23T20:23:17.125+0000] {dag.py:2742} INFO - Sync 1 DAGs
[2023-07-23T20:23:18.552+0000] {logging_mixin.py:150} INFO - [2023-07-23T20:23:18.552+0000] {dag.py:3504} INFO - Setting next_dagrun for example_dynamic_task_mapping to 2022-03-04T00:00:00+00:00, run_after=2022-03-05T00:00:00+00:00
[2023-07-23T20:23:19.620+0000] {processor.py:179} INFO - Processing /home/airflow/.local/lib/python3.9/site-packages/airflow/example_dags/example_dynamic_task_mapping.py took 5.000 seconds
[2023-07-23T20:25:12.733+0000] {processor.py:157} INFO - Started process (PID=1285) to work on /home/airflow/.local/lib/python3.9/site-packages/airflow/example_dags/example_dynamic_task_mapping.py
[2023-07-23T20:25:12.766+0000] {processor.py:826} INFO - Processing file /home/airflow/.local/lib/python3.9/site-packages/airflow/example_dags/example_dynamic_task_mapping.py for tasks to queue
[2023-07-23T20:25:12.767+0000] {logging_mixin.py:150} INFO - [2023-07-23T20:25:12.767+0000] {dagbag.py:541} INFO - Filling up the DagBag from /home/airflow/.local/lib/python3.9/site-packages/airflow/example_dags/example_dynamic_task_mapping.py
[2023-07-23T20:25:12.865+0000] {processor.py:836} INFO - DAG(s) dict_keys(['example_dynamic_task_mapping']) retrieved from /home/airflow/.local/lib/python3.9/site-packages/airflow/example_dags/example_dynamic_task_mapping.py
[2023-07-23T20:25:13.026+0000] {logging_mixin.py:150} INFO - [2023-07-23T20:25:13.026+0000] {dag.py:2742} INFO - Sync 1 DAGs
[2023-07-23T20:25:13.244+0000] {logging_mixin.py:150} INFO - [2023-07-23T20:25:13.244+0000] {dag.py:3504} INFO - Setting next_dagrun for example_dynamic_task_mapping to 2022-03-04T00:00:00+00:00, run_after=2022-03-05T00:00:00+00:00
[2023-07-23T20:25:13.446+0000] {processor.py:179} INFO - Processing /home/airflow/.local/lib/python3.9/site-packages/airflow/example_dags/example_dynamic_task_mapping.py took 0.716 seconds
[2023-07-23T20:25:43.662+0000] {processor.py:157} INFO - Started process (PID=1347) to work on /home/airflow/.local/lib/python3.9/site-packages/airflow/example_dags/example_dynamic_task_mapping.py
[2023-07-23T20:25:43.686+0000] {processor.py:826} INFO - Processing file /home/airflow/.local/lib/python3.9/site-packages/airflow/example_dags/example_dynamic_task_mapping.py for tasks to queue
[2023-07-23T20:25:43.687+0000] {logging_mixin.py:150} INFO - [2023-07-23T20:25:43.686+0000] {dagbag.py:541} INFO - Filling up the DagBag from /home/airflow/.local/lib/python3.9/site-packages/airflow/example_dags/example_dynamic_task_mapping.py
[2023-07-23T20:25:43.726+0000] {processor.py:836} INFO - DAG(s) dict_keys(['example_dynamic_task_mapping']) retrieved from /home/airflow/.local/lib/python3.9/site-packages/airflow/example_dags/example_dynamic_task_mapping.py
[2023-07-23T20:25:43.826+0000] {logging_mixin.py:150} INFO - [2023-07-23T20:25:43.826+0000] {dag.py:2742} INFO - Sync 1 DAGs
[2023-07-23T20:25:44.007+0000] {logging_mixin.py:150} INFO - [2023-07-23T20:25:44.006+0000] {dag.py:3504} INFO - Setting next_dagrun for example_dynamic_task_mapping to 2022-03-04T00:00:00+00:00, run_after=2022-03-05T00:00:00+00:00
[2023-07-23T20:25:44.101+0000] {processor.py:179} INFO - Processing /home/airflow/.local/lib/python3.9/site-packages/airflow/example_dags/example_dynamic_task_mapping.py took 0.443 seconds
[2023-07-23T20:26:15.383+0000] {processor.py:157} INFO - Started process (PID=1408) to work on /home/airflow/.local/lib/python3.9/site-packages/airflow/example_dags/example_dynamic_task_mapping.py
[2023-07-23T20:26:15.398+0000] {processor.py:826} INFO - Processing file /home/airflow/.local/lib/python3.9/site-packages/airflow/example_dags/example_dynamic_task_mapping.py for tasks to queue
[2023-07-23T20:26:15.399+0000] {logging_mixin.py:150} INFO - [2023-07-23T20:26:15.398+0000] {dagbag.py:541} INFO - Filling up the DagBag from /home/airflow/.local/lib/python3.9/site-packages/airflow/example_dags/example_dynamic_task_mapping.py
[2023-07-23T20:26:15.506+0000] {processor.py:836} INFO - DAG(s) dict_keys(['example_dynamic_task_mapping']) retrieved from /home/airflow/.local/lib/python3.9/site-packages/airflow/example_dags/example_dynamic_task_mapping.py
[2023-07-23T20:26:15.678+0000] {logging_mixin.py:150} INFO - [2023-07-23T20:26:15.678+0000] {dag.py:2742} INFO - Sync 1 DAGs
[2023-07-23T20:26:15.910+0000] {logging_mixin.py:150} INFO - [2023-07-23T20:26:15.910+0000] {dag.py:3504} INFO - Setting next_dagrun for example_dynamic_task_mapping to 2022-03-04T00:00:00+00:00, run_after=2022-03-05T00:00:00+00:00
[2023-07-23T20:26:16.129+0000] {processor.py:179} INFO - Processing /home/airflow/.local/lib/python3.9/site-packages/airflow/example_dags/example_dynamic_task_mapping.py took 0.832 seconds
[2023-07-23T20:27:13.432+0000] {processor.py:157} INFO - Started process (PID=1443) to work on /home/airflow/.local/lib/python3.9/site-packages/airflow/example_dags/example_dynamic_task_mapping.py
[2023-07-23T20:27:13.579+0000] {processor.py:826} INFO - Processing file /home/airflow/.local/lib/python3.9/site-packages/airflow/example_dags/example_dynamic_task_mapping.py for tasks to queue
[2023-07-23T20:27:13.580+0000] {logging_mixin.py:150} INFO - [2023-07-23T20:27:13.580+0000] {dagbag.py:541} INFO - Filling up the DagBag from /home/airflow/.local/lib/python3.9/site-packages/airflow/example_dags/example_dynamic_task_mapping.py
[2023-07-23T20:27:14.406+0000] {processor.py:836} INFO - DAG(s) dict_keys(['example_dynamic_task_mapping']) retrieved from /home/airflow/.local/lib/python3.9/site-packages/airflow/example_dags/example_dynamic_task_mapping.py
[2023-07-23T20:27:15.539+0000] {logging_mixin.py:150} INFO - [2023-07-23T20:27:15.538+0000] {dag.py:2742} INFO - Sync 1 DAGs
[2023-07-23T20:27:17.180+0000] {logging_mixin.py:150} INFO - [2023-07-23T20:27:17.179+0000] {dag.py:3504} INFO - Setting next_dagrun for example_dynamic_task_mapping to 2022-03-04T00:00:00+00:00, run_after=2022-03-05T00:00:00+00:00
[2023-07-23T20:27:17.902+0000] {processor.py:179} INFO - Processing /home/airflow/.local/lib/python3.9/site-packages/airflow/example_dags/example_dynamic_task_mapping.py took 4.474 seconds
[2023-07-23T20:28:33.525+0000] {processor.py:157} INFO - Started process (PID=1508) to work on /home/airflow/.local/lib/python3.9/site-packages/airflow/example_dags/example_dynamic_task_mapping.py
[2023-07-23T20:28:33.527+0000] {processor.py:826} INFO - Processing file /home/airflow/.local/lib/python3.9/site-packages/airflow/example_dags/example_dynamic_task_mapping.py for tasks to queue
[2023-07-23T20:28:33.528+0000] {logging_mixin.py:150} INFO - [2023-07-23T20:28:33.528+0000] {dagbag.py:541} INFO - Filling up the DagBag from /home/airflow/.local/lib/python3.9/site-packages/airflow/example_dags/example_dynamic_task_mapping.py
[2023-07-23T20:28:33.775+0000] {processor.py:836} INFO - DAG(s) dict_keys(['example_dynamic_task_mapping']) retrieved from /home/airflow/.local/lib/python3.9/site-packages/airflow/example_dags/example_dynamic_task_mapping.py
[2023-07-23T20:28:34.689+0000] {logging_mixin.py:150} INFO - [2023-07-23T20:28:34.689+0000] {dag.py:2742} INFO - Sync 1 DAGs
[2023-07-23T20:28:35.621+0000] {logging_mixin.py:150} INFO - [2023-07-23T20:28:35.621+0000] {dag.py:3504} INFO - Setting next_dagrun for example_dynamic_task_mapping to 2022-03-04T00:00:00+00:00, run_after=2022-03-05T00:00:00+00:00
[2023-07-23T20:28:36.711+0000] {processor.py:179} INFO - Processing /home/airflow/.local/lib/python3.9/site-packages/airflow/example_dags/example_dynamic_task_mapping.py took 3.565 seconds
[2023-07-23T20:30:11.322+0000] {processor.py:157} INFO - Started process (PID=1568) to work on /home/airflow/.local/lib/python3.9/site-packages/airflow/example_dags/example_dynamic_task_mapping.py
[2023-07-23T20:30:11.416+0000] {processor.py:826} INFO - Processing file /home/airflow/.local/lib/python3.9/site-packages/airflow/example_dags/example_dynamic_task_mapping.py for tasks to queue
[2023-07-23T20:30:11.417+0000] {logging_mixin.py:150} INFO - [2023-07-23T20:30:11.416+0000] {dagbag.py:541} INFO - Filling up the DagBag from /home/airflow/.local/lib/python3.9/site-packages/airflow/example_dags/example_dynamic_task_mapping.py
[2023-07-23T20:30:11.425+0000] {processor.py:836} INFO - DAG(s) dict_keys(['example_dynamic_task_mapping']) retrieved from /home/airflow/.local/lib/python3.9/site-packages/airflow/example_dags/example_dynamic_task_mapping.py
[2023-07-23T20:30:11.846+0000] {logging_mixin.py:150} INFO - [2023-07-23T20:30:11.846+0000] {dag.py:2742} INFO - Sync 1 DAGs
[2023-07-23T20:30:12.096+0000] {logging_mixin.py:150} INFO - [2023-07-23T20:30:12.096+0000] {dag.py:3504} INFO - Setting next_dagrun for example_dynamic_task_mapping to 2022-03-04T00:00:00+00:00, run_after=2022-03-05T00:00:00+00:00
[2023-07-23T20:30:12.305+0000] {processor.py:179} INFO - Processing /home/airflow/.local/lib/python3.9/site-packages/airflow/example_dags/example_dynamic_task_mapping.py took 0.987 seconds
[2023-07-23T20:30:42.505+0000] {processor.py:157} INFO - Started process (PID=1629) to work on /home/airflow/.local/lib/python3.9/site-packages/airflow/example_dags/example_dynamic_task_mapping.py
[2023-07-23T20:30:42.515+0000] {processor.py:826} INFO - Processing file /home/airflow/.local/lib/python3.9/site-packages/airflow/example_dags/example_dynamic_task_mapping.py for tasks to queue
[2023-07-23T20:30:42.517+0000] {logging_mixin.py:150} INFO - [2023-07-23T20:30:42.516+0000] {dagbag.py:541} INFO - Filling up the DagBag from /home/airflow/.local/lib/python3.9/site-packages/airflow/example_dags/example_dynamic_task_mapping.py
[2023-07-23T20:30:42.545+0000] {processor.py:836} INFO - DAG(s) dict_keys(['example_dynamic_task_mapping']) retrieved from /home/airflow/.local/lib/python3.9/site-packages/airflow/example_dags/example_dynamic_task_mapping.py
[2023-07-23T20:30:42.617+0000] {logging_mixin.py:150} INFO - [2023-07-23T20:30:42.617+0000] {dag.py:2742} INFO - Sync 1 DAGs
[2023-07-23T20:30:42.713+0000] {logging_mixin.py:150} INFO - [2023-07-23T20:30:42.713+0000] {dag.py:3504} INFO - Setting next_dagrun for example_dynamic_task_mapping to 2022-03-04T00:00:00+00:00, run_after=2022-03-05T00:00:00+00:00
[2023-07-23T20:30:42.831+0000] {processor.py:179} INFO - Processing /home/airflow/.local/lib/python3.9/site-packages/airflow/example_dags/example_dynamic_task_mapping.py took 0.340 seconds
[2023-07-23T20:31:13.829+0000] {processor.py:157} INFO - Started process (PID=1692) to work on /home/airflow/.local/lib/python3.9/site-packages/airflow/example_dags/example_dynamic_task_mapping.py
[2023-07-23T20:31:13.840+0000] {processor.py:826} INFO - Processing file /home/airflow/.local/lib/python3.9/site-packages/airflow/example_dags/example_dynamic_task_mapping.py for tasks to queue
[2023-07-23T20:31:13.841+0000] {logging_mixin.py:150} INFO - [2023-07-23T20:31:13.840+0000] {dagbag.py:541} INFO - Filling up the DagBag from /home/airflow/.local/lib/python3.9/site-packages/airflow/example_dags/example_dynamic_task_mapping.py
[2023-07-23T20:31:13.897+0000] {processor.py:836} INFO - DAG(s) dict_keys(['example_dynamic_task_mapping']) retrieved from /home/airflow/.local/lib/python3.9/site-packages/airflow/example_dags/example_dynamic_task_mapping.py
[2023-07-23T20:31:14.171+0000] {logging_mixin.py:150} INFO - [2023-07-23T20:31:14.126+0000] {dag.py:2742} INFO - Sync 1 DAGs
[2023-07-23T20:31:14.553+0000] {logging_mixin.py:150} INFO - [2023-07-23T20:31:14.553+0000] {dag.py:3504} INFO - Setting next_dagrun for example_dynamic_task_mapping to 2022-03-04T00:00:00+00:00, run_after=2022-03-05T00:00:00+00:00
[2023-07-23T20:31:14.889+0000] {processor.py:179} INFO - Processing /home/airflow/.local/lib/python3.9/site-packages/airflow/example_dags/example_dynamic_task_mapping.py took 1.094 seconds
[2023-07-23T20:32:11.645+0000] {processor.py:157} INFO - Started process (PID=1745) to work on /home/airflow/.local/lib/python3.9/site-packages/airflow/example_dags/example_dynamic_task_mapping.py
[2023-07-23T20:32:11.704+0000] {processor.py:826} INFO - Processing file /home/airflow/.local/lib/python3.9/site-packages/airflow/example_dags/example_dynamic_task_mapping.py for tasks to queue
[2023-07-23T20:32:11.706+0000] {logging_mixin.py:150} INFO - [2023-07-23T20:32:11.705+0000] {dagbag.py:541} INFO - Filling up the DagBag from /home/airflow/.local/lib/python3.9/site-packages/airflow/example_dags/example_dynamic_task_mapping.py
[2023-07-23T20:32:12.127+0000] {processor.py:836} INFO - DAG(s) dict_keys(['example_dynamic_task_mapping']) retrieved from /home/airflow/.local/lib/python3.9/site-packages/airflow/example_dags/example_dynamic_task_mapping.py
[2023-07-23T20:32:13.433+0000] {logging_mixin.py:150} INFO - [2023-07-23T20:32:13.432+0000] {dag.py:2742} INFO - Sync 1 DAGs
[2023-07-23T20:32:13.974+0000] {logging_mixin.py:150} INFO - [2023-07-23T20:32:13.974+0000] {dag.py:3504} INFO - Setting next_dagrun for example_dynamic_task_mapping to 2022-03-04T00:00:00+00:00, run_after=2022-03-05T00:00:00+00:00
[2023-07-23T20:32:14.334+0000] {processor.py:179} INFO - Processing /home/airflow/.local/lib/python3.9/site-packages/airflow/example_dags/example_dynamic_task_mapping.py took 2.818 seconds
[2023-07-23T20:33:35.957+0000] {processor.py:157} INFO - Started process (PID=1802) to work on /home/airflow/.local/lib/python3.9/site-packages/airflow/example_dags/example_dynamic_task_mapping.py
[2023-07-23T20:33:36.010+0000] {processor.py:826} INFO - Processing file /home/airflow/.local/lib/python3.9/site-packages/airflow/example_dags/example_dynamic_task_mapping.py for tasks to queue
[2023-07-23T20:33:36.011+0000] {logging_mixin.py:150} INFO - [2023-07-23T20:33:36.011+0000] {dagbag.py:541} INFO - Filling up the DagBag from /home/airflow/.local/lib/python3.9/site-packages/airflow/example_dags/example_dynamic_task_mapping.py
[2023-07-23T20:33:36.228+0000] {processor.py:836} INFO - DAG(s) dict_keys(['example_dynamic_task_mapping']) retrieved from /home/airflow/.local/lib/python3.9/site-packages/airflow/example_dags/example_dynamic_task_mapping.py
[2023-07-23T20:33:36.879+0000] {logging_mixin.py:150} INFO - [2023-07-23T20:33:36.878+0000] {dag.py:2742} INFO - Sync 1 DAGs
[2023-07-23T20:33:37.985+0000] {logging_mixin.py:150} INFO - [2023-07-23T20:33:37.984+0000] {dag.py:3504} INFO - Setting next_dagrun for example_dynamic_task_mapping to 2022-03-04T00:00:00+00:00, run_after=2022-03-05T00:00:00+00:00
[2023-07-23T20:33:38.504+0000] {processor.py:179} INFO - Processing /home/airflow/.local/lib/python3.9/site-packages/airflow/example_dags/example_dynamic_task_mapping.py took 2.667 seconds
