[2023-07-23T19:28:27.434+0000] {processor.py:157} INFO - Started process (PID=88) to work on /home/airflow/.local/lib/python3.9/site-packages/airflow/example_dags/example_xcomargs.py
[2023-07-23T19:28:27.455+0000] {processor.py:826} INFO - Processing file /home/airflow/.local/lib/python3.9/site-packages/airflow/example_dags/example_xcomargs.py for tasks to queue
[2023-07-23T19:28:27.456+0000] {logging_mixin.py:150} INFO - [2023-07-23T19:28:27.456+0000] {dagbag.py:541} INFO - Filling up the DagBag from /home/airflow/.local/lib/python3.9/site-packages/airflow/example_dags/example_xcomargs.py
[2023-07-23T19:28:27.487+0000] {processor.py:836} INFO - DAG(s) dict_keys(['example_xcom_args_with_operators', 'example_xcom_args']) retrieved from /home/airflow/.local/lib/python3.9/site-packages/airflow/example_dags/example_xcomargs.py
[2023-07-23T19:28:27.555+0000] {logging_mixin.py:150} INFO - [2023-07-23T19:28:27.554+0000] {dag.py:2742} INFO - Sync 2 DAGs
[2023-07-23T19:28:27.617+0000] {logging_mixin.py:150} INFO - [2023-07-23T19:28:27.617+0000] {dag.py:3504} INFO - Setting next_dagrun for example_xcom_args to None, run_after=None
[2023-07-23T19:28:27.621+0000] {logging_mixin.py:150} INFO - [2023-07-23T19:28:27.621+0000] {dag.py:3504} INFO - Setting next_dagrun for example_xcom_args_with_operators to None, run_after=None
[2023-07-23T19:28:27.652+0000] {processor.py:179} INFO - Processing /home/airflow/.local/lib/python3.9/site-packages/airflow/example_dags/example_xcomargs.py took 0.222 seconds
[2023-07-23T19:28:58.494+0000] {processor.py:157} INFO - Started process (PID=149) to work on /home/airflow/.local/lib/python3.9/site-packages/airflow/example_dags/example_xcomargs.py
[2023-07-23T19:28:58.497+0000] {processor.py:826} INFO - Processing file /home/airflow/.local/lib/python3.9/site-packages/airflow/example_dags/example_xcomargs.py for tasks to queue
[2023-07-23T19:28:58.497+0000] {logging_mixin.py:150} INFO - [2023-07-23T19:28:58.497+0000] {dagbag.py:541} INFO - Filling up the DagBag from /home/airflow/.local/lib/python3.9/site-packages/airflow/example_dags/example_xcomargs.py
[2023-07-23T19:28:58.520+0000] {processor.py:836} INFO - DAG(s) dict_keys(['example_xcom_args_with_operators', 'example_xcom_args']) retrieved from /home/airflow/.local/lib/python3.9/site-packages/airflow/example_dags/example_xcomargs.py
[2023-07-23T19:28:58.586+0000] {logging_mixin.py:150} INFO - [2023-07-23T19:28:58.585+0000] {dag.py:2742} INFO - Sync 2 DAGs
[2023-07-23T19:28:58.637+0000] {logging_mixin.py:150} INFO - [2023-07-23T19:28:58.636+0000] {dag.py:3504} INFO - Setting next_dagrun for example_xcom_args to None, run_after=None
[2023-07-23T19:28:58.642+0000] {logging_mixin.py:150} INFO - [2023-07-23T19:28:58.642+0000] {dag.py:3504} INFO - Setting next_dagrun for example_xcom_args_with_operators to None, run_after=None
[2023-07-23T19:28:58.692+0000] {processor.py:179} INFO - Processing /home/airflow/.local/lib/python3.9/site-packages/airflow/example_dags/example_xcomargs.py took 0.210 seconds
[2023-07-23T19:29:28.854+0000] {processor.py:157} INFO - Started process (PID=211) to work on /home/airflow/.local/lib/python3.9/site-packages/airflow/example_dags/example_xcomargs.py
[2023-07-23T19:29:28.868+0000] {processor.py:826} INFO - Processing file /home/airflow/.local/lib/python3.9/site-packages/airflow/example_dags/example_xcomargs.py for tasks to queue
[2023-07-23T19:29:28.869+0000] {logging_mixin.py:150} INFO - [2023-07-23T19:29:28.869+0000] {dagbag.py:541} INFO - Filling up the DagBag from /home/airflow/.local/lib/python3.9/site-packages/airflow/example_dags/example_xcomargs.py
[2023-07-23T19:29:28.889+0000] {processor.py:836} INFO - DAG(s) dict_keys(['example_xcom_args', 'example_xcom_args_with_operators']) retrieved from /home/airflow/.local/lib/python3.9/site-packages/airflow/example_dags/example_xcomargs.py
[2023-07-23T19:29:28.939+0000] {logging_mixin.py:150} INFO - [2023-07-23T19:29:28.938+0000] {dag.py:2742} INFO - Sync 2 DAGs
[2023-07-23T19:29:29.001+0000] {logging_mixin.py:150} INFO - [2023-07-23T19:29:29.001+0000] {dag.py:3504} INFO - Setting next_dagrun for example_xcom_args to None, run_after=None
[2023-07-23T19:29:29.007+0000] {logging_mixin.py:150} INFO - [2023-07-23T19:29:29.007+0000] {dag.py:3504} INFO - Setting next_dagrun for example_xcom_args_with_operators to None, run_after=None
[2023-07-23T19:29:29.046+0000] {processor.py:179} INFO - Processing /home/airflow/.local/lib/python3.9/site-packages/airflow/example_dags/example_xcomargs.py took 0.205 seconds
[2023-07-23T19:30:00.037+0000] {processor.py:157} INFO - Started process (PID=272) to work on /home/airflow/.local/lib/python3.9/site-packages/airflow/example_dags/example_xcomargs.py
[2023-07-23T19:30:00.039+0000] {processor.py:826} INFO - Processing file /home/airflow/.local/lib/python3.9/site-packages/airflow/example_dags/example_xcomargs.py for tasks to queue
[2023-07-23T19:30:00.041+0000] {logging_mixin.py:150} INFO - [2023-07-23T19:30:00.040+0000] {dagbag.py:541} INFO - Filling up the DagBag from /home/airflow/.local/lib/python3.9/site-packages/airflow/example_dags/example_xcomargs.py
[2023-07-23T19:30:00.079+0000] {processor.py:836} INFO - DAG(s) dict_keys(['example_xcom_args_with_operators', 'example_xcom_args']) retrieved from /home/airflow/.local/lib/python3.9/site-packages/airflow/example_dags/example_xcomargs.py
[2023-07-23T19:30:00.184+0000] {logging_mixin.py:150} INFO - [2023-07-23T19:30:00.184+0000] {dag.py:2742} INFO - Sync 2 DAGs
[2023-07-23T19:30:00.266+0000] {logging_mixin.py:150} INFO - [2023-07-23T19:30:00.266+0000] {dag.py:3504} INFO - Setting next_dagrun for example_xcom_args to None, run_after=None
[2023-07-23T19:30:00.286+0000] {logging_mixin.py:150} INFO - [2023-07-23T19:30:00.286+0000] {dag.py:3504} INFO - Setting next_dagrun for example_xcom_args_with_operators to None, run_after=None
[2023-07-23T19:30:00.347+0000] {processor.py:179} INFO - Processing /home/airflow/.local/lib/python3.9/site-packages/airflow/example_dags/example_xcomargs.py took 0.335 seconds
[2023-07-23T19:30:31.278+0000] {processor.py:157} INFO - Started process (PID=334) to work on /home/airflow/.local/lib/python3.9/site-packages/airflow/example_dags/example_xcomargs.py
[2023-07-23T19:30:31.279+0000] {processor.py:826} INFO - Processing file /home/airflow/.local/lib/python3.9/site-packages/airflow/example_dags/example_xcomargs.py for tasks to queue
[2023-07-23T19:30:31.280+0000] {logging_mixin.py:150} INFO - [2023-07-23T19:30:31.280+0000] {dagbag.py:541} INFO - Filling up the DagBag from /home/airflow/.local/lib/python3.9/site-packages/airflow/example_dags/example_xcomargs.py
[2023-07-23T19:30:31.301+0000] {processor.py:836} INFO - DAG(s) dict_keys(['example_xcom_args', 'example_xcom_args_with_operators']) retrieved from /home/airflow/.local/lib/python3.9/site-packages/airflow/example_dags/example_xcomargs.py
[2023-07-23T19:30:31.356+0000] {logging_mixin.py:150} INFO - [2023-07-23T19:30:31.355+0000] {dag.py:2742} INFO - Sync 2 DAGs
[2023-07-23T19:30:31.419+0000] {logging_mixin.py:150} INFO - [2023-07-23T19:30:31.418+0000] {dag.py:3504} INFO - Setting next_dagrun for example_xcom_args to None, run_after=None
[2023-07-23T19:30:31.425+0000] {logging_mixin.py:150} INFO - [2023-07-23T19:30:31.424+0000] {dag.py:3504} INFO - Setting next_dagrun for example_xcom_args_with_operators to None, run_after=None
[2023-07-23T19:30:31.454+0000] {processor.py:179} INFO - Processing /home/airflow/.local/lib/python3.9/site-packages/airflow/example_dags/example_xcomargs.py took 0.195 seconds
[2023-07-23T19:31:02.070+0000] {processor.py:157} INFO - Started process (PID=396) to work on /home/airflow/.local/lib/python3.9/site-packages/airflow/example_dags/example_xcomargs.py
[2023-07-23T19:31:02.081+0000] {processor.py:826} INFO - Processing file /home/airflow/.local/lib/python3.9/site-packages/airflow/example_dags/example_xcomargs.py for tasks to queue
[2023-07-23T19:31:02.082+0000] {logging_mixin.py:150} INFO - [2023-07-23T19:31:02.082+0000] {dagbag.py:541} INFO - Filling up the DagBag from /home/airflow/.local/lib/python3.9/site-packages/airflow/example_dags/example_xcomargs.py
[2023-07-23T19:31:02.102+0000] {processor.py:836} INFO - DAG(s) dict_keys(['example_xcom_args_with_operators', 'example_xcom_args']) retrieved from /home/airflow/.local/lib/python3.9/site-packages/airflow/example_dags/example_xcomargs.py
[2023-07-23T19:31:02.140+0000] {logging_mixin.py:150} INFO - [2023-07-23T19:31:02.140+0000] {dag.py:2742} INFO - Sync 2 DAGs
[2023-07-23T19:31:02.176+0000] {logging_mixin.py:150} INFO - [2023-07-23T19:31:02.175+0000] {dag.py:3504} INFO - Setting next_dagrun for example_xcom_args to None, run_after=None
[2023-07-23T19:31:02.179+0000] {logging_mixin.py:150} INFO - [2023-07-23T19:31:02.179+0000] {dag.py:3504} INFO - Setting next_dagrun for example_xcom_args_with_operators to None, run_after=None
[2023-07-23T19:31:02.213+0000] {processor.py:179} INFO - Processing /home/airflow/.local/lib/python3.9/site-packages/airflow/example_dags/example_xcomargs.py took 0.147 seconds
[2023-07-23T19:31:32.445+0000] {processor.py:157} INFO - Started process (PID=458) to work on /home/airflow/.local/lib/python3.9/site-packages/airflow/example_dags/example_xcomargs.py
[2023-07-23T19:31:32.446+0000] {processor.py:826} INFO - Processing file /home/airflow/.local/lib/python3.9/site-packages/airflow/example_dags/example_xcomargs.py for tasks to queue
[2023-07-23T19:31:32.447+0000] {logging_mixin.py:150} INFO - [2023-07-23T19:31:32.447+0000] {dagbag.py:541} INFO - Filling up the DagBag from /home/airflow/.local/lib/python3.9/site-packages/airflow/example_dags/example_xcomargs.py
[2023-07-23T19:31:32.464+0000] {processor.py:836} INFO - DAG(s) dict_keys(['example_xcom_args_with_operators', 'example_xcom_args']) retrieved from /home/airflow/.local/lib/python3.9/site-packages/airflow/example_dags/example_xcomargs.py
[2023-07-23T19:31:32.498+0000] {logging_mixin.py:150} INFO - [2023-07-23T19:31:32.498+0000] {dag.py:2742} INFO - Sync 2 DAGs
[2023-07-23T19:31:32.530+0000] {logging_mixin.py:150} INFO - [2023-07-23T19:31:32.530+0000] {dag.py:3504} INFO - Setting next_dagrun for example_xcom_args to None, run_after=None
[2023-07-23T19:31:32.534+0000] {logging_mixin.py:150} INFO - [2023-07-23T19:31:32.534+0000] {dag.py:3504} INFO - Setting next_dagrun for example_xcom_args_with_operators to None, run_after=None
[2023-07-23T19:31:32.573+0000] {processor.py:179} INFO - Processing /home/airflow/.local/lib/python3.9/site-packages/airflow/example_dags/example_xcomargs.py took 0.141 seconds
[2023-07-23T19:32:04.234+0000] {processor.py:157} INFO - Started process (PID=526) to work on /home/airflow/.local/lib/python3.9/site-packages/airflow/example_dags/example_xcomargs.py
[2023-07-23T19:32:04.245+0000] {processor.py:826} INFO - Processing file /home/airflow/.local/lib/python3.9/site-packages/airflow/example_dags/example_xcomargs.py for tasks to queue
[2023-07-23T19:32:04.249+0000] {logging_mixin.py:150} INFO - [2023-07-23T19:32:04.249+0000] {dagbag.py:541} INFO - Filling up the DagBag from /home/airflow/.local/lib/python3.9/site-packages/airflow/example_dags/example_xcomargs.py
[2023-07-23T19:32:04.264+0000] {processor.py:836} INFO - DAG(s) dict_keys(['example_xcom_args_with_operators', 'example_xcom_args']) retrieved from /home/airflow/.local/lib/python3.9/site-packages/airflow/example_dags/example_xcomargs.py
[2023-07-23T19:32:04.363+0000] {logging_mixin.py:150} INFO - [2023-07-23T19:32:04.362+0000] {dag.py:2742} INFO - Sync 2 DAGs
[2023-07-23T19:32:04.456+0000] {logging_mixin.py:150} INFO - [2023-07-23T19:32:04.456+0000] {dag.py:3504} INFO - Setting next_dagrun for example_xcom_args to None, run_after=None
[2023-07-23T19:32:04.461+0000] {logging_mixin.py:150} INFO - [2023-07-23T19:32:04.461+0000] {dag.py:3504} INFO - Setting next_dagrun for example_xcom_args_with_operators to None, run_after=None
[2023-07-23T19:32:04.533+0000] {processor.py:179} INFO - Processing /home/airflow/.local/lib/python3.9/site-packages/airflow/example_dags/example_xcomargs.py took 0.303 seconds
[2023-07-23T19:32:35.143+0000] {processor.py:157} INFO - Started process (PID=581) to work on /home/airflow/.local/lib/python3.9/site-packages/airflow/example_dags/example_xcomargs.py
[2023-07-23T19:32:35.144+0000] {processor.py:826} INFO - Processing file /home/airflow/.local/lib/python3.9/site-packages/airflow/example_dags/example_xcomargs.py for tasks to queue
[2023-07-23T19:32:35.145+0000] {logging_mixin.py:150} INFO - [2023-07-23T19:32:35.145+0000] {dagbag.py:541} INFO - Filling up the DagBag from /home/airflow/.local/lib/python3.9/site-packages/airflow/example_dags/example_xcomargs.py
[2023-07-23T19:32:35.158+0000] {processor.py:836} INFO - DAG(s) dict_keys(['example_xcom_args_with_operators', 'example_xcom_args']) retrieved from /home/airflow/.local/lib/python3.9/site-packages/airflow/example_dags/example_xcomargs.py
[2023-07-23T19:32:35.187+0000] {logging_mixin.py:150} INFO - [2023-07-23T19:32:35.187+0000] {dag.py:2742} INFO - Sync 2 DAGs
[2023-07-23T19:32:35.233+0000] {logging_mixin.py:150} INFO - [2023-07-23T19:32:35.233+0000] {dag.py:3504} INFO - Setting next_dagrun for example_xcom_args to None, run_after=None
[2023-07-23T19:32:35.241+0000] {logging_mixin.py:150} INFO - [2023-07-23T19:32:35.240+0000] {dag.py:3504} INFO - Setting next_dagrun for example_xcom_args_with_operators to None, run_after=None
[2023-07-23T19:32:35.267+0000] {processor.py:179} INFO - Processing /home/airflow/.local/lib/python3.9/site-packages/airflow/example_dags/example_xcomargs.py took 0.129 seconds
[2023-07-23T19:33:05.427+0000] {processor.py:157} INFO - Started process (PID=644) to work on /home/airflow/.local/lib/python3.9/site-packages/airflow/example_dags/example_xcomargs.py
[2023-07-23T19:33:05.428+0000] {processor.py:826} INFO - Processing file /home/airflow/.local/lib/python3.9/site-packages/airflow/example_dags/example_xcomargs.py for tasks to queue
[2023-07-23T19:33:05.428+0000] {logging_mixin.py:150} INFO - [2023-07-23T19:33:05.428+0000] {dagbag.py:541} INFO - Filling up the DagBag from /home/airflow/.local/lib/python3.9/site-packages/airflow/example_dags/example_xcomargs.py
[2023-07-23T19:33:05.449+0000] {processor.py:836} INFO - DAG(s) dict_keys(['example_xcom_args_with_operators', 'example_xcom_args']) retrieved from /home/airflow/.local/lib/python3.9/site-packages/airflow/example_dags/example_xcomargs.py
[2023-07-23T19:33:05.498+0000] {logging_mixin.py:150} INFO - [2023-07-23T19:33:05.497+0000] {dag.py:2742} INFO - Sync 2 DAGs
[2023-07-23T19:33:05.549+0000] {logging_mixin.py:150} INFO - [2023-07-23T19:33:05.548+0000] {dag.py:3504} INFO - Setting next_dagrun for example_xcom_args to None, run_after=None
[2023-07-23T19:33:05.557+0000] {logging_mixin.py:150} INFO - [2023-07-23T19:33:05.557+0000] {dag.py:3504} INFO - Setting next_dagrun for example_xcom_args_with_operators to None, run_after=None
[2023-07-23T19:33:05.589+0000] {processor.py:179} INFO - Processing /home/airflow/.local/lib/python3.9/site-packages/airflow/example_dags/example_xcomargs.py took 0.175 seconds
[2023-07-23T19:41:41.836+0000] {processor.py:157} INFO - Started process (PID=89) to work on /home/airflow/.local/lib/python3.9/site-packages/airflow/example_dags/example_xcomargs.py
[2023-07-23T19:41:41.842+0000] {processor.py:826} INFO - Processing file /home/airflow/.local/lib/python3.9/site-packages/airflow/example_dags/example_xcomargs.py for tasks to queue
[2023-07-23T19:41:41.843+0000] {logging_mixin.py:150} INFO - [2023-07-23T19:41:41.843+0000] {dagbag.py:541} INFO - Filling up the DagBag from /home/airflow/.local/lib/python3.9/site-packages/airflow/example_dags/example_xcomargs.py
[2023-07-23T19:41:41.876+0000] {processor.py:836} INFO - DAG(s) dict_keys(['example_xcom_args', 'example_xcom_args_with_operators']) retrieved from /home/airflow/.local/lib/python3.9/site-packages/airflow/example_dags/example_xcomargs.py
[2023-07-23T19:41:41.909+0000] {logging_mixin.py:150} INFO - [2023-07-23T19:41:41.909+0000] {dag.py:2742} INFO - Sync 2 DAGs
[2023-07-23T19:41:41.938+0000] {logging_mixin.py:150} INFO - [2023-07-23T19:41:41.938+0000] {dag.py:3504} INFO - Setting next_dagrun for example_xcom_args to None, run_after=None
[2023-07-23T19:41:41.942+0000] {logging_mixin.py:150} INFO - [2023-07-23T19:41:41.942+0000] {dag.py:3504} INFO - Setting next_dagrun for example_xcom_args_with_operators to None, run_after=None
[2023-07-23T19:41:41.991+0000] {processor.py:179} INFO - Processing /home/airflow/.local/lib/python3.9/site-packages/airflow/example_dags/example_xcomargs.py took 0.177 seconds
[2023-07-23T19:42:12.824+0000] {processor.py:157} INFO - Started process (PID=150) to work on /home/airflow/.local/lib/python3.9/site-packages/airflow/example_dags/example_xcomargs.py
[2023-07-23T19:42:12.825+0000] {processor.py:826} INFO - Processing file /home/airflow/.local/lib/python3.9/site-packages/airflow/example_dags/example_xcomargs.py for tasks to queue
[2023-07-23T19:42:12.826+0000] {logging_mixin.py:150} INFO - [2023-07-23T19:42:12.826+0000] {dagbag.py:541} INFO - Filling up the DagBag from /home/airflow/.local/lib/python3.9/site-packages/airflow/example_dags/example_xcomargs.py
[2023-07-23T19:42:12.846+0000] {processor.py:836} INFO - DAG(s) dict_keys(['example_xcom_args_with_operators', 'example_xcom_args']) retrieved from /home/airflow/.local/lib/python3.9/site-packages/airflow/example_dags/example_xcomargs.py
[2023-07-23T19:42:12.918+0000] {logging_mixin.py:150} INFO - [2023-07-23T19:42:12.918+0000] {dag.py:2742} INFO - Sync 2 DAGs
[2023-07-23T19:42:12.971+0000] {logging_mixin.py:150} INFO - [2023-07-23T19:42:12.971+0000] {dag.py:3504} INFO - Setting next_dagrun for example_xcom_args to None, run_after=None
[2023-07-23T19:42:12.975+0000] {logging_mixin.py:150} INFO - [2023-07-23T19:42:12.975+0000] {dag.py:3504} INFO - Setting next_dagrun for example_xcom_args_with_operators to None, run_after=None
[2023-07-23T19:42:13.003+0000] {processor.py:179} INFO - Processing /home/airflow/.local/lib/python3.9/site-packages/airflow/example_dags/example_xcomargs.py took 0.191 seconds
[2023-07-23T19:42:43.813+0000] {processor.py:157} INFO - Started process (PID=211) to work on /home/airflow/.local/lib/python3.9/site-packages/airflow/example_dags/example_xcomargs.py
[2023-07-23T19:42:43.833+0000] {processor.py:826} INFO - Processing file /home/airflow/.local/lib/python3.9/site-packages/airflow/example_dags/example_xcomargs.py for tasks to queue
[2023-07-23T19:42:43.835+0000] {logging_mixin.py:150} INFO - [2023-07-23T19:42:43.834+0000] {dagbag.py:541} INFO - Filling up the DagBag from /home/airflow/.local/lib/python3.9/site-packages/airflow/example_dags/example_xcomargs.py
[2023-07-23T19:42:43.876+0000] {processor.py:836} INFO - DAG(s) dict_keys(['example_xcom_args', 'example_xcom_args_with_operators']) retrieved from /home/airflow/.local/lib/python3.9/site-packages/airflow/example_dags/example_xcomargs.py
[2023-07-23T19:42:43.966+0000] {logging_mixin.py:150} INFO - [2023-07-23T19:42:43.965+0000] {dag.py:2742} INFO - Sync 2 DAGs
[2023-07-23T19:42:44.054+0000] {logging_mixin.py:150} INFO - [2023-07-23T19:42:44.053+0000] {dag.py:3504} INFO - Setting next_dagrun for example_xcom_args to None, run_after=None
[2023-07-23T19:42:44.067+0000] {logging_mixin.py:150} INFO - [2023-07-23T19:42:44.066+0000] {dag.py:3504} INFO - Setting next_dagrun for example_xcom_args_with_operators to None, run_after=None
[2023-07-23T19:42:44.107+0000] {processor.py:179} INFO - Processing /home/airflow/.local/lib/python3.9/site-packages/airflow/example_dags/example_xcomargs.py took 0.298 seconds
[2023-07-23T19:43:15.061+0000] {processor.py:157} INFO - Started process (PID=272) to work on /home/airflow/.local/lib/python3.9/site-packages/airflow/example_dags/example_xcomargs.py
[2023-07-23T19:43:15.076+0000] {processor.py:826} INFO - Processing file /home/airflow/.local/lib/python3.9/site-packages/airflow/example_dags/example_xcomargs.py for tasks to queue
[2023-07-23T19:43:15.077+0000] {logging_mixin.py:150} INFO - [2023-07-23T19:43:15.076+0000] {dagbag.py:541} INFO - Filling up the DagBag from /home/airflow/.local/lib/python3.9/site-packages/airflow/example_dags/example_xcomargs.py
[2023-07-23T19:43:15.136+0000] {processor.py:836} INFO - DAG(s) dict_keys(['example_xcom_args_with_operators', 'example_xcom_args']) retrieved from /home/airflow/.local/lib/python3.9/site-packages/airflow/example_dags/example_xcomargs.py
[2023-07-23T19:43:15.236+0000] {logging_mixin.py:150} INFO - [2023-07-23T19:43:15.235+0000] {dag.py:2742} INFO - Sync 2 DAGs
[2023-07-23T19:43:15.326+0000] {logging_mixin.py:150} INFO - [2023-07-23T19:43:15.326+0000] {dag.py:3504} INFO - Setting next_dagrun for example_xcom_args to None, run_after=None
[2023-07-23T19:43:15.336+0000] {logging_mixin.py:150} INFO - [2023-07-23T19:43:15.336+0000] {dag.py:3504} INFO - Setting next_dagrun for example_xcom_args_with_operators to None, run_after=None
[2023-07-23T19:43:15.433+0000] {processor.py:179} INFO - Processing /home/airflow/.local/lib/python3.9/site-packages/airflow/example_dags/example_xcomargs.py took 0.376 seconds
[2023-07-23T19:43:46.200+0000] {processor.py:157} INFO - Started process (PID=334) to work on /home/airflow/.local/lib/python3.9/site-packages/airflow/example_dags/example_xcomargs.py
[2023-07-23T19:43:46.209+0000] {processor.py:826} INFO - Processing file /home/airflow/.local/lib/python3.9/site-packages/airflow/example_dags/example_xcomargs.py for tasks to queue
[2023-07-23T19:43:46.210+0000] {logging_mixin.py:150} INFO - [2023-07-23T19:43:46.210+0000] {dagbag.py:541} INFO - Filling up the DagBag from /home/airflow/.local/lib/python3.9/site-packages/airflow/example_dags/example_xcomargs.py
[2023-07-23T19:43:46.221+0000] {processor.py:836} INFO - DAG(s) dict_keys(['example_xcom_args', 'example_xcom_args_with_operators']) retrieved from /home/airflow/.local/lib/python3.9/site-packages/airflow/example_dags/example_xcomargs.py
[2023-07-23T19:43:46.252+0000] {logging_mixin.py:150} INFO - [2023-07-23T19:43:46.251+0000] {dag.py:2742} INFO - Sync 2 DAGs
[2023-07-23T19:43:46.281+0000] {logging_mixin.py:150} INFO - [2023-07-23T19:43:46.281+0000] {dag.py:3504} INFO - Setting next_dagrun for example_xcom_args to None, run_after=None
[2023-07-23T19:43:46.285+0000] {logging_mixin.py:150} INFO - [2023-07-23T19:43:46.285+0000] {dag.py:3504} INFO - Setting next_dagrun for example_xcom_args_with_operators to None, run_after=None
[2023-07-23T19:43:46.303+0000] {processor.py:179} INFO - Processing /home/airflow/.local/lib/python3.9/site-packages/airflow/example_dags/example_xcomargs.py took 0.109 seconds
[2023-07-23T19:44:20.165+0000] {processor.py:157} INFO - Started process (PID=395) to work on /home/airflow/.local/lib/python3.9/site-packages/airflow/example_dags/example_xcomargs.py
[2023-07-23T19:44:20.198+0000] {processor.py:826} INFO - Processing file /home/airflow/.local/lib/python3.9/site-packages/airflow/example_dags/example_xcomargs.py for tasks to queue
[2023-07-23T19:44:20.202+0000] {logging_mixin.py:150} INFO - [2023-07-23T19:44:20.201+0000] {dagbag.py:541} INFO - Filling up the DagBag from /home/airflow/.local/lib/python3.9/site-packages/airflow/example_dags/example_xcomargs.py
[2023-07-23T19:44:20.263+0000] {processor.py:836} INFO - DAG(s) dict_keys(['example_xcom_args_with_operators', 'example_xcom_args']) retrieved from /home/airflow/.local/lib/python3.9/site-packages/airflow/example_dags/example_xcomargs.py
[2023-07-23T19:44:20.366+0000] {logging_mixin.py:150} INFO - [2023-07-23T19:44:20.365+0000] {dag.py:2742} INFO - Sync 2 DAGs
[2023-07-23T19:44:20.487+0000] {logging_mixin.py:150} INFO - [2023-07-23T19:44:20.487+0000] {dag.py:3504} INFO - Setting next_dagrun for example_xcom_args to None, run_after=None
[2023-07-23T19:44:20.493+0000] {logging_mixin.py:150} INFO - [2023-07-23T19:44:20.493+0000] {dag.py:3504} INFO - Setting next_dagrun for example_xcom_args_with_operators to None, run_after=None
[2023-07-23T19:44:20.638+0000] {processor.py:179} INFO - Processing /home/airflow/.local/lib/python3.9/site-packages/airflow/example_dags/example_xcomargs.py took 0.478 seconds
[2023-07-23T19:44:51.156+0000] {processor.py:157} INFO - Started process (PID=456) to work on /home/airflow/.local/lib/python3.9/site-packages/airflow/example_dags/example_xcomargs.py
[2023-07-23T19:44:51.176+0000] {processor.py:826} INFO - Processing file /home/airflow/.local/lib/python3.9/site-packages/airflow/example_dags/example_xcomargs.py for tasks to queue
[2023-07-23T19:44:51.177+0000] {logging_mixin.py:150} INFO - [2023-07-23T19:44:51.176+0000] {dagbag.py:541} INFO - Filling up the DagBag from /home/airflow/.local/lib/python3.9/site-packages/airflow/example_dags/example_xcomargs.py
[2023-07-23T19:44:51.212+0000] {processor.py:836} INFO - DAG(s) dict_keys(['example_xcom_args', 'example_xcom_args_with_operators']) retrieved from /home/airflow/.local/lib/python3.9/site-packages/airflow/example_dags/example_xcomargs.py
[2023-07-23T19:44:51.406+0000] {logging_mixin.py:150} INFO - [2023-07-23T19:44:51.405+0000] {dag.py:2742} INFO - Sync 2 DAGs
[2023-07-23T19:44:51.542+0000] {logging_mixin.py:150} INFO - [2023-07-23T19:44:51.542+0000] {dag.py:3504} INFO - Setting next_dagrun for example_xcom_args to None, run_after=None
[2023-07-23T19:44:51.557+0000] {logging_mixin.py:150} INFO - [2023-07-23T19:44:51.557+0000] {dag.py:3504} INFO - Setting next_dagrun for example_xcom_args_with_operators to None, run_after=None
[2023-07-23T19:44:51.632+0000] {processor.py:179} INFO - Processing /home/airflow/.local/lib/python3.9/site-packages/airflow/example_dags/example_xcomargs.py took 0.501 seconds
[2023-07-23T19:45:23.509+0000] {processor.py:157} INFO - Started process (PID=518) to work on /home/airflow/.local/lib/python3.9/site-packages/airflow/example_dags/example_xcomargs.py
[2023-07-23T19:45:23.536+0000] {processor.py:826} INFO - Processing file /home/airflow/.local/lib/python3.9/site-packages/airflow/example_dags/example_xcomargs.py for tasks to queue
[2023-07-23T19:45:23.537+0000] {logging_mixin.py:150} INFO - [2023-07-23T19:45:23.537+0000] {dagbag.py:541} INFO - Filling up the DagBag from /home/airflow/.local/lib/python3.9/site-packages/airflow/example_dags/example_xcomargs.py
[2023-07-23T19:45:23.609+0000] {processor.py:836} INFO - DAG(s) dict_keys(['example_xcom_args_with_operators', 'example_xcom_args']) retrieved from /home/airflow/.local/lib/python3.9/site-packages/airflow/example_dags/example_xcomargs.py
[2023-07-23T19:45:23.826+0000] {logging_mixin.py:150} INFO - [2023-07-23T19:45:23.825+0000] {dag.py:2742} INFO - Sync 2 DAGs
[2023-07-23T19:45:23.996+0000] {logging_mixin.py:150} INFO - [2023-07-23T19:45:23.996+0000] {dag.py:3504} INFO - Setting next_dagrun for example_xcom_args to None, run_after=None
[2023-07-23T19:45:24.026+0000] {logging_mixin.py:150} INFO - [2023-07-23T19:45:24.026+0000] {dag.py:3504} INFO - Setting next_dagrun for example_xcom_args_with_operators to None, run_after=None
[2023-07-23T19:45:24.136+0000] {processor.py:179} INFO - Processing /home/airflow/.local/lib/python3.9/site-packages/airflow/example_dags/example_xcomargs.py took 0.662 seconds
[2023-07-23T19:45:56.586+0000] {processor.py:157} INFO - Started process (PID=572) to work on /home/airflow/.local/lib/python3.9/site-packages/airflow/example_dags/example_xcomargs.py
[2023-07-23T19:45:56.595+0000] {processor.py:826} INFO - Processing file /home/airflow/.local/lib/python3.9/site-packages/airflow/example_dags/example_xcomargs.py for tasks to queue
[2023-07-23T19:45:56.596+0000] {logging_mixin.py:150} INFO - [2023-07-23T19:45:56.596+0000] {dagbag.py:541} INFO - Filling up the DagBag from /home/airflow/.local/lib/python3.9/site-packages/airflow/example_dags/example_xcomargs.py
[2023-07-23T19:45:56.650+0000] {processor.py:836} INFO - DAG(s) dict_keys(['example_xcom_args_with_operators', 'example_xcom_args']) retrieved from /home/airflow/.local/lib/python3.9/site-packages/airflow/example_dags/example_xcomargs.py
[2023-07-23T19:45:56.856+0000] {logging_mixin.py:150} INFO - [2023-07-23T19:45:56.855+0000] {dag.py:2742} INFO - Sync 2 DAGs
[2023-07-23T19:45:57.009+0000] {logging_mixin.py:150} INFO - [2023-07-23T19:45:57.009+0000] {dag.py:3504} INFO - Setting next_dagrun for example_xcom_args to None, run_after=None
[2023-07-23T19:45:57.038+0000] {logging_mixin.py:150} INFO - [2023-07-23T19:45:57.038+0000] {dag.py:3504} INFO - Setting next_dagrun for example_xcom_args_with_operators to None, run_after=None
[2023-07-23T19:45:57.105+0000] {processor.py:179} INFO - Processing /home/airflow/.local/lib/python3.9/site-packages/airflow/example_dags/example_xcomargs.py took 0.584 seconds
[2023-07-23T19:46:27.292+0000] {processor.py:157} INFO - Started process (PID=634) to work on /home/airflow/.local/lib/python3.9/site-packages/airflow/example_dags/example_xcomargs.py
[2023-07-23T19:46:27.311+0000] {processor.py:826} INFO - Processing file /home/airflow/.local/lib/python3.9/site-packages/airflow/example_dags/example_xcomargs.py for tasks to queue
[2023-07-23T19:46:27.312+0000] {logging_mixin.py:150} INFO - [2023-07-23T19:46:27.311+0000] {dagbag.py:541} INFO - Filling up the DagBag from /home/airflow/.local/lib/python3.9/site-packages/airflow/example_dags/example_xcomargs.py
[2023-07-23T19:46:27.334+0000] {processor.py:836} INFO - DAG(s) dict_keys(['example_xcom_args_with_operators', 'example_xcom_args']) retrieved from /home/airflow/.local/lib/python3.9/site-packages/airflow/example_dags/example_xcomargs.py
[2023-07-23T19:46:27.401+0000] {logging_mixin.py:150} INFO - [2023-07-23T19:46:27.400+0000] {dag.py:2742} INFO - Sync 2 DAGs
[2023-07-23T19:46:27.428+0000] {logging_mixin.py:150} INFO - [2023-07-23T19:46:27.428+0000] {dag.py:3504} INFO - Setting next_dagrun for example_xcom_args to None, run_after=None
[2023-07-23T19:46:27.432+0000] {logging_mixin.py:150} INFO - [2023-07-23T19:46:27.432+0000] {dag.py:3504} INFO - Setting next_dagrun for example_xcom_args_with_operators to None, run_after=None
[2023-07-23T19:46:27.455+0000] {processor.py:179} INFO - Processing /home/airflow/.local/lib/python3.9/site-packages/airflow/example_dags/example_xcomargs.py took 0.167 seconds
[2023-07-23T19:46:58.513+0000] {processor.py:157} INFO - Started process (PID=702) to work on /home/airflow/.local/lib/python3.9/site-packages/airflow/example_dags/example_xcomargs.py
[2023-07-23T19:46:58.545+0000] {processor.py:826} INFO - Processing file /home/airflow/.local/lib/python3.9/site-packages/airflow/example_dags/example_xcomargs.py for tasks to queue
[2023-07-23T19:46:58.546+0000] {logging_mixin.py:150} INFO - [2023-07-23T19:46:58.546+0000] {dagbag.py:541} INFO - Filling up the DagBag from /home/airflow/.local/lib/python3.9/site-packages/airflow/example_dags/example_xcomargs.py
[2023-07-23T19:46:58.588+0000] {processor.py:836} INFO - DAG(s) dict_keys(['example_xcom_args', 'example_xcom_args_with_operators']) retrieved from /home/airflow/.local/lib/python3.9/site-packages/airflow/example_dags/example_xcomargs.py
[2023-07-23T19:46:58.756+0000] {logging_mixin.py:150} INFO - [2023-07-23T19:46:58.755+0000] {dag.py:2742} INFO - Sync 2 DAGs
[2023-07-23T19:46:58.876+0000] {logging_mixin.py:150} INFO - [2023-07-23T19:46:58.876+0000] {dag.py:3504} INFO - Setting next_dagrun for example_xcom_args to None, run_after=None
[2023-07-23T19:46:58.886+0000] {logging_mixin.py:150} INFO - [2023-07-23T19:46:58.886+0000] {dag.py:3504} INFO - Setting next_dagrun for example_xcom_args_with_operators to None, run_after=None
[2023-07-23T19:46:58.974+0000] {processor.py:179} INFO - Processing /home/airflow/.local/lib/python3.9/site-packages/airflow/example_dags/example_xcomargs.py took 0.465 seconds
[2023-07-23T19:47:30.211+0000] {processor.py:157} INFO - Started process (PID=765) to work on /home/airflow/.local/lib/python3.9/site-packages/airflow/example_dags/example_xcomargs.py
[2023-07-23T19:47:30.228+0000] {processor.py:826} INFO - Processing file /home/airflow/.local/lib/python3.9/site-packages/airflow/example_dags/example_xcomargs.py for tasks to queue
[2023-07-23T19:47:30.229+0000] {logging_mixin.py:150} INFO - [2023-07-23T19:47:30.228+0000] {dagbag.py:541} INFO - Filling up the DagBag from /home/airflow/.local/lib/python3.9/site-packages/airflow/example_dags/example_xcomargs.py
[2023-07-23T19:47:30.250+0000] {processor.py:836} INFO - DAG(s) dict_keys(['example_xcom_args_with_operators', 'example_xcom_args']) retrieved from /home/airflow/.local/lib/python3.9/site-packages/airflow/example_dags/example_xcomargs.py
[2023-07-23T19:47:30.338+0000] {logging_mixin.py:150} INFO - [2023-07-23T19:47:30.338+0000] {dag.py:2742} INFO - Sync 2 DAGs
[2023-07-23T19:47:30.396+0000] {logging_mixin.py:150} INFO - [2023-07-23T19:47:30.394+0000] {dag.py:3504} INFO - Setting next_dagrun for example_xcom_args to None, run_after=None
[2023-07-23T19:47:30.413+0000] {logging_mixin.py:150} INFO - [2023-07-23T19:47:30.412+0000] {dag.py:3504} INFO - Setting next_dagrun for example_xcom_args_with_operators to None, run_after=None
[2023-07-23T19:47:30.513+0000] {processor.py:179} INFO - Processing /home/airflow/.local/lib/python3.9/site-packages/airflow/example_dags/example_xcomargs.py took 0.307 seconds
[2023-07-23T19:48:04.277+0000] {processor.py:157} INFO - Started process (PID=827) to work on /home/airflow/.local/lib/python3.9/site-packages/airflow/example_dags/example_xcomargs.py
[2023-07-23T19:48:04.283+0000] {processor.py:826} INFO - Processing file /home/airflow/.local/lib/python3.9/site-packages/airflow/example_dags/example_xcomargs.py for tasks to queue
[2023-07-23T19:48:04.284+0000] {logging_mixin.py:150} INFO - [2023-07-23T19:48:04.283+0000] {dagbag.py:541} INFO - Filling up the DagBag from /home/airflow/.local/lib/python3.9/site-packages/airflow/example_dags/example_xcomargs.py
[2023-07-23T19:48:04.360+0000] {processor.py:836} INFO - DAG(s) dict_keys(['example_xcom_args', 'example_xcom_args_with_operators']) retrieved from /home/airflow/.local/lib/python3.9/site-packages/airflow/example_dags/example_xcomargs.py
[2023-07-23T19:48:04.547+0000] {logging_mixin.py:150} INFO - [2023-07-23T19:48:04.547+0000] {dag.py:2742} INFO - Sync 2 DAGs
[2023-07-23T19:48:04.723+0000] {logging_mixin.py:150} INFO - [2023-07-23T19:48:04.723+0000] {dag.py:3504} INFO - Setting next_dagrun for example_xcom_args to None, run_after=None
[2023-07-23T19:48:04.743+0000] {logging_mixin.py:150} INFO - [2023-07-23T19:48:04.742+0000] {dag.py:3504} INFO - Setting next_dagrun for example_xcom_args_with_operators to None, run_after=None
[2023-07-23T19:48:04.857+0000] {processor.py:179} INFO - Processing /home/airflow/.local/lib/python3.9/site-packages/airflow/example_dags/example_xcomargs.py took 0.609 seconds
[2023-07-23T19:48:35.164+0000] {processor.py:157} INFO - Started process (PID=889) to work on /home/airflow/.local/lib/python3.9/site-packages/airflow/example_dags/example_xcomargs.py
[2023-07-23T19:48:35.195+0000] {processor.py:826} INFO - Processing file /home/airflow/.local/lib/python3.9/site-packages/airflow/example_dags/example_xcomargs.py for tasks to queue
[2023-07-23T19:48:35.197+0000] {logging_mixin.py:150} INFO - [2023-07-23T19:48:35.196+0000] {dagbag.py:541} INFO - Filling up the DagBag from /home/airflow/.local/lib/python3.9/site-packages/airflow/example_dags/example_xcomargs.py
[2023-07-23T19:48:35.228+0000] {processor.py:836} INFO - DAG(s) dict_keys(['example_xcom_args', 'example_xcom_args_with_operators']) retrieved from /home/airflow/.local/lib/python3.9/site-packages/airflow/example_dags/example_xcomargs.py
[2023-07-23T19:48:35.346+0000] {logging_mixin.py:150} INFO - [2023-07-23T19:48:35.345+0000] {dag.py:2742} INFO - Sync 2 DAGs
[2023-07-23T19:48:35.413+0000] {logging_mixin.py:150} INFO - [2023-07-23T19:48:35.413+0000] {dag.py:3504} INFO - Setting next_dagrun for example_xcom_args to None, run_after=None
[2023-07-23T19:48:35.427+0000] {logging_mixin.py:150} INFO - [2023-07-23T19:48:35.427+0000] {dag.py:3504} INFO - Setting next_dagrun for example_xcom_args_with_operators to None, run_after=None
[2023-07-23T19:48:35.473+0000] {processor.py:179} INFO - Processing /home/airflow/.local/lib/python3.9/site-packages/airflow/example_dags/example_xcomargs.py took 0.313 seconds
[2023-07-23T19:49:06.357+0000] {processor.py:157} INFO - Started process (PID=943) to work on /home/airflow/.local/lib/python3.9/site-packages/airflow/example_dags/example_xcomargs.py
[2023-07-23T19:49:06.364+0000] {processor.py:826} INFO - Processing file /home/airflow/.local/lib/python3.9/site-packages/airflow/example_dags/example_xcomargs.py for tasks to queue
[2023-07-23T19:49:06.365+0000] {logging_mixin.py:150} INFO - [2023-07-23T19:49:06.365+0000] {dagbag.py:541} INFO - Filling up the DagBag from /home/airflow/.local/lib/python3.9/site-packages/airflow/example_dags/example_xcomargs.py
[2023-07-23T19:49:06.397+0000] {processor.py:836} INFO - DAG(s) dict_keys(['example_xcom_args', 'example_xcom_args_with_operators']) retrieved from /home/airflow/.local/lib/python3.9/site-packages/airflow/example_dags/example_xcomargs.py
[2023-07-23T19:49:06.496+0000] {logging_mixin.py:150} INFO - [2023-07-23T19:49:06.496+0000] {dag.py:2742} INFO - Sync 2 DAGs
[2023-07-23T19:49:06.596+0000] {logging_mixin.py:150} INFO - [2023-07-23T19:49:06.596+0000] {dag.py:3504} INFO - Setting next_dagrun for example_xcom_args to None, run_after=None
[2023-07-23T19:49:06.616+0000] {logging_mixin.py:150} INFO - [2023-07-23T19:49:06.616+0000] {dag.py:3504} INFO - Setting next_dagrun for example_xcom_args_with_operators to None, run_after=None
[2023-07-23T19:49:06.680+0000] {processor.py:179} INFO - Processing /home/airflow/.local/lib/python3.9/site-packages/airflow/example_dags/example_xcomargs.py took 0.338 seconds
[2023-07-23T19:49:39.382+0000] {processor.py:157} INFO - Started process (PID=1005) to work on /home/airflow/.local/lib/python3.9/site-packages/airflow/example_dags/example_xcomargs.py
[2023-07-23T19:49:39.395+0000] {processor.py:826} INFO - Processing file /home/airflow/.local/lib/python3.9/site-packages/airflow/example_dags/example_xcomargs.py for tasks to queue
[2023-07-23T19:49:39.396+0000] {logging_mixin.py:150} INFO - [2023-07-23T19:49:39.396+0000] {dagbag.py:541} INFO - Filling up the DagBag from /home/airflow/.local/lib/python3.9/site-packages/airflow/example_dags/example_xcomargs.py
[2023-07-23T19:49:39.418+0000] {processor.py:836} INFO - DAG(s) dict_keys(['example_xcom_args', 'example_xcom_args_with_operators']) retrieved from /home/airflow/.local/lib/python3.9/site-packages/airflow/example_dags/example_xcomargs.py
[2023-07-23T19:49:39.507+0000] {logging_mixin.py:150} INFO - [2023-07-23T19:49:39.507+0000] {dag.py:2742} INFO - Sync 2 DAGs
[2023-07-23T19:49:39.607+0000] {logging_mixin.py:150} INFO - [2023-07-23T19:49:39.607+0000] {dag.py:3504} INFO - Setting next_dagrun for example_xcom_args to None, run_after=None
[2023-07-23T19:49:39.636+0000] {logging_mixin.py:150} INFO - [2023-07-23T19:49:39.636+0000] {dag.py:3504} INFO - Setting next_dagrun for example_xcom_args_with_operators to None, run_after=None
[2023-07-23T19:49:39.682+0000] {processor.py:179} INFO - Processing /home/airflow/.local/lib/python3.9/site-packages/airflow/example_dags/example_xcomargs.py took 0.304 seconds
[2023-07-23T19:50:17.502+0000] {processor.py:157} INFO - Started process (PID=1077) to work on /home/airflow/.local/lib/python3.9/site-packages/airflow/example_dags/example_xcomargs.py
[2023-07-23T19:50:17.535+0000] {processor.py:826} INFO - Processing file /home/airflow/.local/lib/python3.9/site-packages/airflow/example_dags/example_xcomargs.py for tasks to queue
[2023-07-23T19:50:17.536+0000] {logging_mixin.py:150} INFO - [2023-07-23T19:50:17.536+0000] {dagbag.py:541} INFO - Filling up the DagBag from /home/airflow/.local/lib/python3.9/site-packages/airflow/example_dags/example_xcomargs.py
[2023-07-23T19:50:17.574+0000] {processor.py:836} INFO - DAG(s) dict_keys(['example_xcom_args_with_operators', 'example_xcom_args']) retrieved from /home/airflow/.local/lib/python3.9/site-packages/airflow/example_dags/example_xcomargs.py
[2023-07-23T19:50:17.701+0000] {logging_mixin.py:150} INFO - [2023-07-23T19:50:17.701+0000] {dag.py:2742} INFO - Sync 2 DAGs
[2023-07-23T19:50:17.796+0000] {logging_mixin.py:150} INFO - [2023-07-23T19:50:17.796+0000] {dag.py:3504} INFO - Setting next_dagrun for example_xcom_args to None, run_after=None
[2023-07-23T19:50:17.825+0000] {logging_mixin.py:150} INFO - [2023-07-23T19:50:17.812+0000] {dag.py:3504} INFO - Setting next_dagrun for example_xcom_args_with_operators to None, run_after=None
[2023-07-23T19:50:17.891+0000] {processor.py:179} INFO - Processing /home/airflow/.local/lib/python3.9/site-packages/airflow/example_dags/example_xcomargs.py took 0.393 seconds
[2023-07-23T19:50:51.962+0000] {processor.py:157} INFO - Started process (PID=1139) to work on /home/airflow/.local/lib/python3.9/site-packages/airflow/example_dags/example_xcomargs.py
[2023-07-23T19:50:52.026+0000] {processor.py:826} INFO - Processing file /home/airflow/.local/lib/python3.9/site-packages/airflow/example_dags/example_xcomargs.py for tasks to queue
[2023-07-23T19:50:52.027+0000] {logging_mixin.py:150} INFO - [2023-07-23T19:50:52.026+0000] {dagbag.py:541} INFO - Filling up the DagBag from /home/airflow/.local/lib/python3.9/site-packages/airflow/example_dags/example_xcomargs.py
[2023-07-23T19:50:52.092+0000] {processor.py:836} INFO - DAG(s) dict_keys(['example_xcom_args_with_operators', 'example_xcom_args']) retrieved from /home/airflow/.local/lib/python3.9/site-packages/airflow/example_dags/example_xcomargs.py
[2023-07-23T19:50:52.310+0000] {logging_mixin.py:150} INFO - [2023-07-23T19:50:52.310+0000] {dag.py:2742} INFO - Sync 2 DAGs
[2023-07-23T19:50:52.468+0000] {logging_mixin.py:150} INFO - [2023-07-23T19:50:52.468+0000] {dag.py:3504} INFO - Setting next_dagrun for example_xcom_args to None, run_after=None
[2023-07-23T19:50:52.491+0000] {logging_mixin.py:150} INFO - [2023-07-23T19:50:52.491+0000] {dag.py:3504} INFO - Setting next_dagrun for example_xcom_args_with_operators to None, run_after=None
[2023-07-23T19:50:52.606+0000] {processor.py:179} INFO - Processing /home/airflow/.local/lib/python3.9/site-packages/airflow/example_dags/example_xcomargs.py took 0.648 seconds
[2023-07-23T19:51:23.414+0000] {processor.py:157} INFO - Started process (PID=1200) to work on /home/airflow/.local/lib/python3.9/site-packages/airflow/example_dags/example_xcomargs.py
[2023-07-23T19:51:23.445+0000] {processor.py:826} INFO - Processing file /home/airflow/.local/lib/python3.9/site-packages/airflow/example_dags/example_xcomargs.py for tasks to queue
[2023-07-23T19:51:23.446+0000] {logging_mixin.py:150} INFO - [2023-07-23T19:51:23.446+0000] {dagbag.py:541} INFO - Filling up the DagBag from /home/airflow/.local/lib/python3.9/site-packages/airflow/example_dags/example_xcomargs.py
[2023-07-23T19:51:23.474+0000] {processor.py:836} INFO - DAG(s) dict_keys(['example_xcom_args_with_operators', 'example_xcom_args']) retrieved from /home/airflow/.local/lib/python3.9/site-packages/airflow/example_dags/example_xcomargs.py
[2023-07-23T19:51:23.670+0000] {logging_mixin.py:150} INFO - [2023-07-23T19:51:23.669+0000] {dag.py:2742} INFO - Sync 2 DAGs
[2023-07-23T19:51:23.836+0000] {logging_mixin.py:150} INFO - [2023-07-23T19:51:23.836+0000] {dag.py:3504} INFO - Setting next_dagrun for example_xcom_args to None, run_after=None
[2023-07-23T19:51:23.858+0000] {logging_mixin.py:150} INFO - [2023-07-23T19:51:23.857+0000] {dag.py:3504} INFO - Setting next_dagrun for example_xcom_args_with_operators to None, run_after=None
[2023-07-23T19:51:23.959+0000] {processor.py:179} INFO - Processing /home/airflow/.local/lib/python3.9/site-packages/airflow/example_dags/example_xcomargs.py took 0.549 seconds
[2023-07-23T19:51:54.187+0000] {processor.py:157} INFO - Started process (PID=1255) to work on /home/airflow/.local/lib/python3.9/site-packages/airflow/example_dags/example_xcomargs.py
[2023-07-23T19:51:54.195+0000] {processor.py:826} INFO - Processing file /home/airflow/.local/lib/python3.9/site-packages/airflow/example_dags/example_xcomargs.py for tasks to queue
[2023-07-23T19:51:54.196+0000] {logging_mixin.py:150} INFO - [2023-07-23T19:51:54.196+0000] {dagbag.py:541} INFO - Filling up the DagBag from /home/airflow/.local/lib/python3.9/site-packages/airflow/example_dags/example_xcomargs.py
[2023-07-23T19:51:54.214+0000] {processor.py:836} INFO - DAG(s) dict_keys(['example_xcom_args_with_operators', 'example_xcom_args']) retrieved from /home/airflow/.local/lib/python3.9/site-packages/airflow/example_dags/example_xcomargs.py
[2023-07-23T19:51:54.286+0000] {logging_mixin.py:150} INFO - [2023-07-23T19:51:54.286+0000] {dag.py:2742} INFO - Sync 2 DAGs
[2023-07-23T19:51:54.346+0000] {logging_mixin.py:150} INFO - [2023-07-23T19:51:54.346+0000] {dag.py:3504} INFO - Setting next_dagrun for example_xcom_args to None, run_after=None
[2023-07-23T19:51:54.350+0000] {logging_mixin.py:150} INFO - [2023-07-23T19:51:54.350+0000] {dag.py:3504} INFO - Setting next_dagrun for example_xcom_args_with_operators to None, run_after=None
[2023-07-23T19:51:54.381+0000] {processor.py:179} INFO - Processing /home/airflow/.local/lib/python3.9/site-packages/airflow/example_dags/example_xcomargs.py took 0.203 seconds
[2023-07-23T19:52:26.139+0000] {processor.py:157} INFO - Started process (PID=1318) to work on /home/airflow/.local/lib/python3.9/site-packages/airflow/example_dags/example_xcomargs.py
[2023-07-23T19:52:26.155+0000] {processor.py:826} INFO - Processing file /home/airflow/.local/lib/python3.9/site-packages/airflow/example_dags/example_xcomargs.py for tasks to queue
[2023-07-23T19:52:26.156+0000] {logging_mixin.py:150} INFO - [2023-07-23T19:52:26.156+0000] {dagbag.py:541} INFO - Filling up the DagBag from /home/airflow/.local/lib/python3.9/site-packages/airflow/example_dags/example_xcomargs.py
[2023-07-23T19:52:26.189+0000] {processor.py:836} INFO - DAG(s) dict_keys(['example_xcom_args_with_operators', 'example_xcom_args']) retrieved from /home/airflow/.local/lib/python3.9/site-packages/airflow/example_dags/example_xcomargs.py
[2023-07-23T19:52:26.306+0000] {logging_mixin.py:150} INFO - [2023-07-23T19:52:26.305+0000] {dag.py:2742} INFO - Sync 2 DAGs
[2023-07-23T19:52:26.396+0000] {logging_mixin.py:150} INFO - [2023-07-23T19:52:26.396+0000] {dag.py:3504} INFO - Setting next_dagrun for example_xcom_args to None, run_after=None
[2023-07-23T19:52:26.416+0000] {logging_mixin.py:150} INFO - [2023-07-23T19:52:26.416+0000] {dag.py:3504} INFO - Setting next_dagrun for example_xcom_args_with_operators to None, run_after=None
[2023-07-23T19:52:26.455+0000] {processor.py:179} INFO - Processing /home/airflow/.local/lib/python3.9/site-packages/airflow/example_dags/example_xcomargs.py took 0.330 seconds
[2023-07-23T19:53:03.474+0000] {processor.py:157} INFO - Started process (PID=1382) to work on /home/airflow/.local/lib/python3.9/site-packages/airflow/example_dags/example_xcomargs.py
[2023-07-23T19:53:03.605+0000] {processor.py:826} INFO - Processing file /home/airflow/.local/lib/python3.9/site-packages/airflow/example_dags/example_xcomargs.py for tasks to queue
[2023-07-23T19:53:03.607+0000] {logging_mixin.py:150} INFO - [2023-07-23T19:53:03.606+0000] {dagbag.py:541} INFO - Filling up the DagBag from /home/airflow/.local/lib/python3.9/site-packages/airflow/example_dags/example_xcomargs.py
[2023-07-23T19:53:03.659+0000] {processor.py:836} INFO - DAG(s) dict_keys(['example_xcom_args_with_operators', 'example_xcom_args']) retrieved from /home/airflow/.local/lib/python3.9/site-packages/airflow/example_dags/example_xcomargs.py
[2023-07-23T19:53:03.996+0000] {logging_mixin.py:150} INFO - [2023-07-23T19:53:03.995+0000] {dag.py:2742} INFO - Sync 2 DAGs
[2023-07-23T19:53:04.186+0000] {logging_mixin.py:150} INFO - [2023-07-23T19:53:04.186+0000] {dag.py:3504} INFO - Setting next_dagrun for example_xcom_args to None, run_after=None
[2023-07-23T19:53:04.246+0000] {logging_mixin.py:150} INFO - [2023-07-23T19:53:04.246+0000] {dag.py:3504} INFO - Setting next_dagrun for example_xcom_args_with_operators to None, run_after=None
[2023-07-23T19:53:04.366+0000] {processor.py:179} INFO - Processing /home/airflow/.local/lib/python3.9/site-packages/airflow/example_dags/example_xcomargs.py took 0.896 seconds
[2023-07-23T19:53:34.512+0000] {processor.py:157} INFO - Started process (PID=1444) to work on /home/airflow/.local/lib/python3.9/site-packages/airflow/example_dags/example_xcomargs.py
[2023-07-23T19:53:34.535+0000] {processor.py:826} INFO - Processing file /home/airflow/.local/lib/python3.9/site-packages/airflow/example_dags/example_xcomargs.py for tasks to queue
[2023-07-23T19:53:34.537+0000] {logging_mixin.py:150} INFO - [2023-07-23T19:53:34.536+0000] {dagbag.py:541} INFO - Filling up the DagBag from /home/airflow/.local/lib/python3.9/site-packages/airflow/example_dags/example_xcomargs.py
[2023-07-23T19:53:34.564+0000] {processor.py:836} INFO - DAG(s) dict_keys(['example_xcom_args', 'example_xcom_args_with_operators']) retrieved from /home/airflow/.local/lib/python3.9/site-packages/airflow/example_dags/example_xcomargs.py
[2023-07-23T19:53:34.679+0000] {logging_mixin.py:150} INFO - [2023-07-23T19:53:34.678+0000] {dag.py:2742} INFO - Sync 2 DAGs
[2023-07-23T19:53:34.776+0000] {logging_mixin.py:150} INFO - [2023-07-23T19:53:34.776+0000] {dag.py:3504} INFO - Setting next_dagrun for example_xcom_args to None, run_after=None
[2023-07-23T19:53:34.781+0000] {logging_mixin.py:150} INFO - [2023-07-23T19:53:34.781+0000] {dag.py:3504} INFO - Setting next_dagrun for example_xcom_args_with_operators to None, run_after=None
[2023-07-23T19:53:34.845+0000] {processor.py:179} INFO - Processing /home/airflow/.local/lib/python3.9/site-packages/airflow/example_dags/example_xcomargs.py took 0.337 seconds
[2023-07-23T19:54:05.336+0000] {processor.py:157} INFO - Started process (PID=1506) to work on /home/airflow/.local/lib/python3.9/site-packages/airflow/example_dags/example_xcomargs.py
[2023-07-23T19:54:05.365+0000] {processor.py:826} INFO - Processing file /home/airflow/.local/lib/python3.9/site-packages/airflow/example_dags/example_xcomargs.py for tasks to queue
[2023-07-23T19:54:05.366+0000] {logging_mixin.py:150} INFO - [2023-07-23T19:54:05.366+0000] {dagbag.py:541} INFO - Filling up the DagBag from /home/airflow/.local/lib/python3.9/site-packages/airflow/example_dags/example_xcomargs.py
[2023-07-23T19:54:05.410+0000] {processor.py:836} INFO - DAG(s) dict_keys(['example_xcom_args', 'example_xcom_args_with_operators']) retrieved from /home/airflow/.local/lib/python3.9/site-packages/airflow/example_dags/example_xcomargs.py
[2023-07-23T19:54:05.576+0000] {logging_mixin.py:150} INFO - [2023-07-23T19:54:05.575+0000] {dag.py:2742} INFO - Sync 2 DAGs
[2023-07-23T19:54:05.736+0000] {logging_mixin.py:150} INFO - [2023-07-23T19:54:05.736+0000] {dag.py:3504} INFO - Setting next_dagrun for example_xcom_args to None, run_after=None
[2023-07-23T19:54:05.742+0000] {logging_mixin.py:150} INFO - [2023-07-23T19:54:05.742+0000] {dag.py:3504} INFO - Setting next_dagrun for example_xcom_args_with_operators to None, run_after=None
[2023-07-23T19:54:05.818+0000] {processor.py:179} INFO - Processing /home/airflow/.local/lib/python3.9/site-packages/airflow/example_dags/example_xcomargs.py took 0.515 seconds
[2023-07-23T19:54:36.093+0000] {processor.py:157} INFO - Started process (PID=1567) to work on /home/airflow/.local/lib/python3.9/site-packages/airflow/example_dags/example_xcomargs.py
[2023-07-23T19:54:36.105+0000] {processor.py:826} INFO - Processing file /home/airflow/.local/lib/python3.9/site-packages/airflow/example_dags/example_xcomargs.py for tasks to queue
[2023-07-23T19:54:36.106+0000] {logging_mixin.py:150} INFO - [2023-07-23T19:54:36.106+0000] {dagbag.py:541} INFO - Filling up the DagBag from /home/airflow/.local/lib/python3.9/site-packages/airflow/example_dags/example_xcomargs.py
[2023-07-23T19:54:36.143+0000] {processor.py:836} INFO - DAG(s) dict_keys(['example_xcom_args', 'example_xcom_args_with_operators']) retrieved from /home/airflow/.local/lib/python3.9/site-packages/airflow/example_dags/example_xcomargs.py
[2023-07-23T19:54:36.256+0000] {logging_mixin.py:150} INFO - [2023-07-23T19:54:36.255+0000] {dag.py:2742} INFO - Sync 2 DAGs
[2023-07-23T19:54:36.346+0000] {logging_mixin.py:150} INFO - [2023-07-23T19:54:36.346+0000] {dag.py:3504} INFO - Setting next_dagrun for example_xcom_args to None, run_after=None
[2023-07-23T19:54:36.351+0000] {logging_mixin.py:150} INFO - [2023-07-23T19:54:36.351+0000] {dag.py:3504} INFO - Setting next_dagrun for example_xcom_args_with_operators to None, run_after=None
[2023-07-23T19:54:36.399+0000] {processor.py:179} INFO - Processing /home/airflow/.local/lib/python3.9/site-packages/airflow/example_dags/example_xcomargs.py took 0.310 seconds
[2023-07-23T19:55:10.304+0000] {processor.py:157} INFO - Started process (PID=1630) to work on /home/airflow/.local/lib/python3.9/site-packages/airflow/example_dags/example_xcomargs.py
[2023-07-23T19:55:10.356+0000] {processor.py:826} INFO - Processing file /home/airflow/.local/lib/python3.9/site-packages/airflow/example_dags/example_xcomargs.py for tasks to queue
[2023-07-23T19:55:10.357+0000] {logging_mixin.py:150} INFO - [2023-07-23T19:55:10.356+0000] {dagbag.py:541} INFO - Filling up the DagBag from /home/airflow/.local/lib/python3.9/site-packages/airflow/example_dags/example_xcomargs.py
[2023-07-23T19:55:10.434+0000] {processor.py:836} INFO - DAG(s) dict_keys(['example_xcom_args_with_operators', 'example_xcom_args']) retrieved from /home/airflow/.local/lib/python3.9/site-packages/airflow/example_dags/example_xcomargs.py
[2023-07-23T19:55:10.671+0000] {logging_mixin.py:150} INFO - [2023-07-23T19:55:10.671+0000] {dag.py:2742} INFO - Sync 2 DAGs
[2023-07-23T19:55:10.856+0000] {logging_mixin.py:150} INFO - [2023-07-23T19:55:10.856+0000] {dag.py:3504} INFO - Setting next_dagrun for example_xcom_args to None, run_after=None
[2023-07-23T19:55:10.876+0000] {logging_mixin.py:150} INFO - [2023-07-23T19:55:10.876+0000] {dag.py:3504} INFO - Setting next_dagrun for example_xcom_args_with_operators to None, run_after=None
[2023-07-23T19:55:10.993+0000] {processor.py:179} INFO - Processing /home/airflow/.local/lib/python3.9/site-packages/airflow/example_dags/example_xcomargs.py took 0.693 seconds
[2023-07-23T19:55:42.942+0000] {processor.py:157} INFO - Started process (PID=1686) to work on /home/airflow/.local/lib/python3.9/site-packages/airflow/example_dags/example_xcomargs.py
[2023-07-23T19:55:42.956+0000] {processor.py:826} INFO - Processing file /home/airflow/.local/lib/python3.9/site-packages/airflow/example_dags/example_xcomargs.py for tasks to queue
[2023-07-23T19:55:42.957+0000] {logging_mixin.py:150} INFO - [2023-07-23T19:55:42.956+0000] {dagbag.py:541} INFO - Filling up the DagBag from /home/airflow/.local/lib/python3.9/site-packages/airflow/example_dags/example_xcomargs.py
[2023-07-23T19:55:43.019+0000] {processor.py:836} INFO - DAG(s) dict_keys(['example_xcom_args_with_operators', 'example_xcom_args']) retrieved from /home/airflow/.local/lib/python3.9/site-packages/airflow/example_dags/example_xcomargs.py
[2023-07-23T19:55:43.264+0000] {logging_mixin.py:150} INFO - [2023-07-23T19:55:43.263+0000] {dag.py:2742} INFO - Sync 2 DAGs
[2023-07-23T19:55:43.456+0000] {logging_mixin.py:150} INFO - [2023-07-23T19:55:43.456+0000] {dag.py:3504} INFO - Setting next_dagrun for example_xcom_args to None, run_after=None
[2023-07-23T19:55:43.486+0000] {logging_mixin.py:150} INFO - [2023-07-23T19:55:43.486+0000] {dag.py:3504} INFO - Setting next_dagrun for example_xcom_args_with_operators to None, run_after=None
[2023-07-23T19:55:43.616+0000] {processor.py:179} INFO - Processing /home/airflow/.local/lib/python3.9/site-packages/airflow/example_dags/example_xcomargs.py took 0.679 seconds
[2023-07-23T19:56:14.293+0000] {processor.py:157} INFO - Started process (PID=1747) to work on /home/airflow/.local/lib/python3.9/site-packages/airflow/example_dags/example_xcomargs.py
[2023-07-23T19:56:14.299+0000] {processor.py:826} INFO - Processing file /home/airflow/.local/lib/python3.9/site-packages/airflow/example_dags/example_xcomargs.py for tasks to queue
[2023-07-23T19:56:14.300+0000] {logging_mixin.py:150} INFO - [2023-07-23T19:56:14.299+0000] {dagbag.py:541} INFO - Filling up the DagBag from /home/airflow/.local/lib/python3.9/site-packages/airflow/example_dags/example_xcomargs.py
[2023-07-23T19:56:14.324+0000] {processor.py:836} INFO - DAG(s) dict_keys(['example_xcom_args_with_operators', 'example_xcom_args']) retrieved from /home/airflow/.local/lib/python3.9/site-packages/airflow/example_dags/example_xcomargs.py
[2023-07-23T19:56:14.406+0000] {logging_mixin.py:150} INFO - [2023-07-23T19:56:14.405+0000] {dag.py:2742} INFO - Sync 2 DAGs
[2023-07-23T19:56:14.516+0000] {logging_mixin.py:150} INFO - [2023-07-23T19:56:14.515+0000] {dag.py:3504} INFO - Setting next_dagrun for example_xcom_args to None, run_after=None
[2023-07-23T19:56:14.567+0000] {logging_mixin.py:150} INFO - [2023-07-23T19:56:14.567+0000] {dag.py:3504} INFO - Setting next_dagrun for example_xcom_args_with_operators to None, run_after=None
[2023-07-23T19:56:14.682+0000] {processor.py:179} INFO - Processing /home/airflow/.local/lib/python3.9/site-packages/airflow/example_dags/example_xcomargs.py took 0.399 seconds
[2023-07-23T19:56:45.387+0000] {processor.py:157} INFO - Started process (PID=1807) to work on /home/airflow/.local/lib/python3.9/site-packages/airflow/example_dags/example_xcomargs.py
[2023-07-23T19:56:45.389+0000] {processor.py:826} INFO - Processing file /home/airflow/.local/lib/python3.9/site-packages/airflow/example_dags/example_xcomargs.py for tasks to queue
[2023-07-23T19:56:45.390+0000] {logging_mixin.py:150} INFO - [2023-07-23T19:56:45.389+0000] {dagbag.py:541} INFO - Filling up the DagBag from /home/airflow/.local/lib/python3.9/site-packages/airflow/example_dags/example_xcomargs.py
[2023-07-23T19:56:45.409+0000] {processor.py:836} INFO - DAG(s) dict_keys(['example_xcom_args', 'example_xcom_args_with_operators']) retrieved from /home/airflow/.local/lib/python3.9/site-packages/airflow/example_dags/example_xcomargs.py
[2023-07-23T19:56:45.536+0000] {logging_mixin.py:150} INFO - [2023-07-23T19:56:45.535+0000] {dag.py:2742} INFO - Sync 2 DAGs
[2023-07-23T19:56:45.676+0000] {logging_mixin.py:150} INFO - [2023-07-23T19:56:45.676+0000] {dag.py:3504} INFO - Setting next_dagrun for example_xcom_args to None, run_after=None
[2023-07-23T19:56:45.696+0000] {logging_mixin.py:150} INFO - [2023-07-23T19:56:45.687+0000] {dag.py:3504} INFO - Setting next_dagrun for example_xcom_args_with_operators to None, run_after=None
[2023-07-23T19:56:45.783+0000] {processor.py:179} INFO - Processing /home/airflow/.local/lib/python3.9/site-packages/airflow/example_dags/example_xcomargs.py took 0.421 seconds
[2023-07-23T19:57:21.522+0000] {processor.py:157} INFO - Started process (PID=1868) to work on /home/airflow/.local/lib/python3.9/site-packages/airflow/example_dags/example_xcomargs.py
[2023-07-23T19:57:21.637+0000] {processor.py:826} INFO - Processing file /home/airflow/.local/lib/python3.9/site-packages/airflow/example_dags/example_xcomargs.py for tasks to queue
[2023-07-23T19:57:21.638+0000] {logging_mixin.py:150} INFO - [2023-07-23T19:57:21.637+0000] {dagbag.py:541} INFO - Filling up the DagBag from /home/airflow/.local/lib/python3.9/site-packages/airflow/example_dags/example_xcomargs.py
[2023-07-23T19:57:21.972+0000] {processor.py:836} INFO - DAG(s) dict_keys(['example_xcom_args_with_operators', 'example_xcom_args']) retrieved from /home/airflow/.local/lib/python3.9/site-packages/airflow/example_dags/example_xcomargs.py
[2023-07-23T19:57:22.557+0000] {logging_mixin.py:150} INFO - [2023-07-23T19:57:22.556+0000] {dag.py:2742} INFO - Sync 2 DAGs
[2023-07-23T19:57:23.052+0000] {logging_mixin.py:150} INFO - [2023-07-23T19:57:23.052+0000] {dag.py:3504} INFO - Setting next_dagrun for example_xcom_args to None, run_after=None
[2023-07-23T19:57:23.125+0000] {logging_mixin.py:150} INFO - [2023-07-23T19:57:23.125+0000] {dag.py:3504} INFO - Setting next_dagrun for example_xcom_args_with_operators to None, run_after=None
[2023-07-23T19:57:24.136+0000] {processor.py:179} INFO - Processing /home/airflow/.local/lib/python3.9/site-packages/airflow/example_dags/example_xcomargs.py took 2.728 seconds
[2023-07-23T19:58:47.288+0000] {processor.py:157} INFO - Started process (PID=1948) to work on /home/airflow/.local/lib/python3.9/site-packages/airflow/example_dags/example_xcomargs.py
[2023-07-23T19:58:47.330+0000] {processor.py:826} INFO - Processing file /home/airflow/.local/lib/python3.9/site-packages/airflow/example_dags/example_xcomargs.py for tasks to queue
[2023-07-23T19:58:47.331+0000] {logging_mixin.py:150} INFO - [2023-07-23T19:58:47.331+0000] {dagbag.py:541} INFO - Filling up the DagBag from /home/airflow/.local/lib/python3.9/site-packages/airflow/example_dags/example_xcomargs.py
[2023-07-23T19:58:47.644+0000] {processor.py:836} INFO - DAG(s) dict_keys(['example_xcom_args', 'example_xcom_args_with_operators']) retrieved from /home/airflow/.local/lib/python3.9/site-packages/airflow/example_dags/example_xcomargs.py
[2023-07-23T19:58:48.374+0000] {logging_mixin.py:150} INFO - [2023-07-23T19:58:48.374+0000] {dag.py:2742} INFO - Sync 2 DAGs
[2023-07-23T19:58:49.781+0000] {logging_mixin.py:150} INFO - [2023-07-23T19:58:49.780+0000] {dag.py:3504} INFO - Setting next_dagrun for example_xcom_args to None, run_after=None
[2023-07-23T19:58:49.834+0000] {logging_mixin.py:150} INFO - [2023-07-23T19:58:49.811+0000] {dag.py:3504} INFO - Setting next_dagrun for example_xcom_args_with_operators to None, run_after=None
[2023-07-23T19:58:51.073+0000] {processor.py:179} INFO - Processing /home/airflow/.local/lib/python3.9/site-packages/airflow/example_dags/example_xcomargs.py took 3.826 seconds
[2023-07-23T20:05:59.076+0000] {processor.py:157} INFO - Started process (PID=142) to work on /home/airflow/.local/lib/python3.9/site-packages/airflow/example_dags/example_xcomargs.py
[2023-07-23T20:05:59.082+0000] {processor.py:826} INFO - Processing file /home/airflow/.local/lib/python3.9/site-packages/airflow/example_dags/example_xcomargs.py for tasks to queue
[2023-07-23T20:05:59.083+0000] {logging_mixin.py:150} INFO - [2023-07-23T20:05:59.083+0000] {dagbag.py:541} INFO - Filling up the DagBag from /home/airflow/.local/lib/python3.9/site-packages/airflow/example_dags/example_xcomargs.py
[2023-07-23T20:05:59.108+0000] {processor.py:836} INFO - DAG(s) dict_keys(['example_xcom_args_with_operators', 'example_xcom_args']) retrieved from /home/airflow/.local/lib/python3.9/site-packages/airflow/example_dags/example_xcomargs.py
[2023-07-23T20:05:59.164+0000] {logging_mixin.py:150} INFO - [2023-07-23T20:05:59.164+0000] {dag.py:2742} INFO - Sync 2 DAGs
[2023-07-23T20:05:59.233+0000] {logging_mixin.py:150} INFO - [2023-07-23T20:05:59.233+0000] {dag.py:3504} INFO - Setting next_dagrun for example_xcom_args to None, run_after=None
[2023-07-23T20:05:59.270+0000] {logging_mixin.py:150} INFO - [2023-07-23T20:05:59.269+0000] {dag.py:3504} INFO - Setting next_dagrun for example_xcom_args_with_operators to None, run_after=None
[2023-07-23T20:05:59.345+0000] {processor.py:179} INFO - Processing /home/airflow/.local/lib/python3.9/site-packages/airflow/example_dags/example_xcomargs.py took 0.294 seconds
[2023-07-23T20:07:32.139+0000] {processor.py:157} INFO - Started process (PID=238) to work on /home/airflow/.local/lib/python3.9/site-packages/airflow/example_dags/example_xcomargs.py
[2023-07-23T20:07:32.191+0000] {processor.py:826} INFO - Processing file /home/airflow/.local/lib/python3.9/site-packages/airflow/example_dags/example_xcomargs.py for tasks to queue
[2023-07-23T20:07:32.192+0000] {logging_mixin.py:150} INFO - [2023-07-23T20:07:32.191+0000] {dagbag.py:541} INFO - Filling up the DagBag from /home/airflow/.local/lib/python3.9/site-packages/airflow/example_dags/example_xcomargs.py
[2023-07-23T20:07:32.565+0000] {processor.py:836} INFO - DAG(s) dict_keys(['example_xcom_args_with_operators', 'example_xcom_args']) retrieved from /home/airflow/.local/lib/python3.9/site-packages/airflow/example_dags/example_xcomargs.py
[2023-07-23T20:07:33.529+0000] {logging_mixin.py:150} INFO - [2023-07-23T20:07:33.529+0000] {dag.py:2742} INFO - Sync 2 DAGs
[2023-07-23T20:07:34.105+0000] {logging_mixin.py:150} INFO - [2023-07-23T20:07:34.105+0000] {dag.py:3504} INFO - Setting next_dagrun for example_xcom_args to None, run_after=None
[2023-07-23T20:07:34.354+0000] {logging_mixin.py:150} INFO - [2023-07-23T20:07:34.353+0000] {dag.py:3504} INFO - Setting next_dagrun for example_xcom_args_with_operators to None, run_after=None
[2023-07-23T20:07:34.613+0000] {processor.py:179} INFO - Processing /home/airflow/.local/lib/python3.9/site-packages/airflow/example_dags/example_xcomargs.py took 2.717 seconds
[2023-07-23T20:09:40.228+0000] {processor.py:157} INFO - Started process (PID=340) to work on /home/airflow/.local/lib/python3.9/site-packages/airflow/example_dags/example_xcomargs.py
[2023-07-23T20:09:40.238+0000] {processor.py:826} INFO - Processing file /home/airflow/.local/lib/python3.9/site-packages/airflow/example_dags/example_xcomargs.py for tasks to queue
[2023-07-23T20:09:40.239+0000] {logging_mixin.py:150} INFO - [2023-07-23T20:09:40.239+0000] {dagbag.py:541} INFO - Filling up the DagBag from /home/airflow/.local/lib/python3.9/site-packages/airflow/example_dags/example_xcomargs.py
[2023-07-23T20:09:40.389+0000] {processor.py:836} INFO - DAG(s) dict_keys(['example_xcom_args_with_operators', 'example_xcom_args']) retrieved from /home/airflow/.local/lib/python3.9/site-packages/airflow/example_dags/example_xcomargs.py
[2023-07-23T20:09:40.748+0000] {logging_mixin.py:150} INFO - [2023-07-23T20:09:40.747+0000] {dag.py:2742} INFO - Sync 2 DAGs
[2023-07-23T20:09:41.086+0000] {logging_mixin.py:150} INFO - [2023-07-23T20:09:41.086+0000] {dag.py:3504} INFO - Setting next_dagrun for example_xcom_args to None, run_after=None
[2023-07-23T20:09:41.196+0000] {logging_mixin.py:150} INFO - [2023-07-23T20:09:41.196+0000] {dag.py:3504} INFO - Setting next_dagrun for example_xcom_args_with_operators to None, run_after=None
[2023-07-23T20:09:41.427+0000] {processor.py:179} INFO - Processing /home/airflow/.local/lib/python3.9/site-packages/airflow/example_dags/example_xcomargs.py took 1.350 seconds
[2023-07-23T20:10:16.006+0000] {processor.py:157} INFO - Started process (PID=401) to work on /home/airflow/.local/lib/python3.9/site-packages/airflow/example_dags/example_xcomargs.py
[2023-07-23T20:10:16.013+0000] {processor.py:826} INFO - Processing file /home/airflow/.local/lib/python3.9/site-packages/airflow/example_dags/example_xcomargs.py for tasks to queue
[2023-07-23T20:10:16.014+0000] {logging_mixin.py:150} INFO - [2023-07-23T20:10:16.014+0000] {dagbag.py:541} INFO - Filling up the DagBag from /home/airflow/.local/lib/python3.9/site-packages/airflow/example_dags/example_xcomargs.py
[2023-07-23T20:10:16.066+0000] {processor.py:836} INFO - DAG(s) dict_keys(['example_xcom_args', 'example_xcom_args_with_operators']) retrieved from /home/airflow/.local/lib/python3.9/site-packages/airflow/example_dags/example_xcomargs.py
[2023-07-23T20:10:16.132+0000] {logging_mixin.py:150} INFO - [2023-07-23T20:10:16.132+0000] {dag.py:2742} INFO - Sync 2 DAGs
[2023-07-23T20:10:16.159+0000] {logging_mixin.py:150} INFO - [2023-07-23T20:10:16.159+0000] {dag.py:3504} INFO - Setting next_dagrun for example_xcom_args to None, run_after=None
[2023-07-23T20:10:16.175+0000] {logging_mixin.py:150} INFO - [2023-07-23T20:10:16.165+0000] {dag.py:3504} INFO - Setting next_dagrun for example_xcom_args_with_operators to None, run_after=None
[2023-07-23T20:10:16.207+0000] {processor.py:179} INFO - Processing /home/airflow/.local/lib/python3.9/site-packages/airflow/example_dags/example_xcomargs.py took 0.225 seconds
[2023-07-23T20:10:49.944+0000] {processor.py:157} INFO - Started process (PID=463) to work on /home/airflow/.local/lib/python3.9/site-packages/airflow/example_dags/example_xcomargs.py
[2023-07-23T20:10:50.006+0000] {processor.py:826} INFO - Processing file /home/airflow/.local/lib/python3.9/site-packages/airflow/example_dags/example_xcomargs.py for tasks to queue
[2023-07-23T20:10:50.009+0000] {logging_mixin.py:150} INFO - [2023-07-23T20:10:50.009+0000] {dagbag.py:541} INFO - Filling up the DagBag from /home/airflow/.local/lib/python3.9/site-packages/airflow/example_dags/example_xcomargs.py
[2023-07-23T20:10:50.055+0000] {processor.py:836} INFO - DAG(s) dict_keys(['example_xcom_args_with_operators', 'example_xcom_args']) retrieved from /home/airflow/.local/lib/python3.9/site-packages/airflow/example_dags/example_xcomargs.py
[2023-07-23T20:10:50.166+0000] {logging_mixin.py:150} INFO - [2023-07-23T20:10:50.165+0000] {dag.py:2742} INFO - Sync 2 DAGs
[2023-07-23T20:10:50.266+0000] {logging_mixin.py:150} INFO - [2023-07-23T20:10:50.266+0000] {dag.py:3504} INFO - Setting next_dagrun for example_xcom_args to None, run_after=None
[2023-07-23T20:10:50.286+0000] {logging_mixin.py:150} INFO - [2023-07-23T20:10:50.286+0000] {dag.py:3504} INFO - Setting next_dagrun for example_xcom_args_with_operators to None, run_after=None
[2023-07-23T20:10:50.391+0000] {processor.py:179} INFO - Processing /home/airflow/.local/lib/python3.9/site-packages/airflow/example_dags/example_xcomargs.py took 0.451 seconds
[2023-07-23T20:11:20.534+0000] {processor.py:157} INFO - Started process (PID=525) to work on /home/airflow/.local/lib/python3.9/site-packages/airflow/example_dags/example_xcomargs.py
[2023-07-23T20:11:20.554+0000] {processor.py:826} INFO - Processing file /home/airflow/.local/lib/python3.9/site-packages/airflow/example_dags/example_xcomargs.py for tasks to queue
[2023-07-23T20:11:20.555+0000] {logging_mixin.py:150} INFO - [2023-07-23T20:11:20.554+0000] {dagbag.py:541} INFO - Filling up the DagBag from /home/airflow/.local/lib/python3.9/site-packages/airflow/example_dags/example_xcomargs.py
[2023-07-23T20:11:20.566+0000] {processor.py:836} INFO - DAG(s) dict_keys(['example_xcom_args', 'example_xcom_args_with_operators']) retrieved from /home/airflow/.local/lib/python3.9/site-packages/airflow/example_dags/example_xcomargs.py
[2023-07-23T20:11:20.656+0000] {logging_mixin.py:150} INFO - [2023-07-23T20:11:20.655+0000] {dag.py:2742} INFO - Sync 2 DAGs
[2023-07-23T20:11:20.692+0000] {logging_mixin.py:150} INFO - [2023-07-23T20:11:20.692+0000] {dag.py:3504} INFO - Setting next_dagrun for example_xcom_args to None, run_after=None
[2023-07-23T20:11:20.712+0000] {logging_mixin.py:150} INFO - [2023-07-23T20:11:20.712+0000] {dag.py:3504} INFO - Setting next_dagrun for example_xcom_args_with_operators to None, run_after=None
[2023-07-23T20:11:20.761+0000] {processor.py:179} INFO - Processing /home/airflow/.local/lib/python3.9/site-packages/airflow/example_dags/example_xcomargs.py took 0.236 seconds
[2023-07-23T20:12:28.739+0000] {processor.py:157} INFO - Started process (PID=596) to work on /home/airflow/.local/lib/python3.9/site-packages/airflow/example_dags/example_xcomargs.py
[2023-07-23T20:12:28.779+0000] {processor.py:826} INFO - Processing file /home/airflow/.local/lib/python3.9/site-packages/airflow/example_dags/example_xcomargs.py for tasks to queue
[2023-07-23T20:12:28.780+0000] {logging_mixin.py:150} INFO - [2023-07-23T20:12:28.780+0000] {dagbag.py:541} INFO - Filling up the DagBag from /home/airflow/.local/lib/python3.9/site-packages/airflow/example_dags/example_xcomargs.py
[2023-07-23T20:12:28.982+0000] {processor.py:836} INFO - DAG(s) dict_keys(['example_xcom_args', 'example_xcom_args_with_operators']) retrieved from /home/airflow/.local/lib/python3.9/site-packages/airflow/example_dags/example_xcomargs.py
[2023-07-23T20:12:29.578+0000] {logging_mixin.py:150} INFO - [2023-07-23T20:12:29.578+0000] {dag.py:2742} INFO - Sync 2 DAGs
[2023-07-23T20:12:30.366+0000] {logging_mixin.py:150} INFO - [2023-07-23T20:12:30.260+0000] {dag.py:3504} INFO - Setting next_dagrun for example_xcom_args to None, run_after=None
[2023-07-23T20:12:30.597+0000] {logging_mixin.py:150} INFO - [2023-07-23T20:12:30.479+0000] {dag.py:3504} INFO - Setting next_dagrun for example_xcom_args_with_operators to None, run_after=None
[2023-07-23T20:12:31.549+0000] {processor.py:179} INFO - Processing /home/airflow/.local/lib/python3.9/site-packages/airflow/example_dags/example_xcomargs.py took 2.904 seconds
[2023-07-23T20:14:54.577+0000] {processor.py:157} INFO - Started process (PID=708) to work on /home/airflow/.local/lib/python3.9/site-packages/airflow/example_dags/example_xcomargs.py
[2023-07-23T20:14:54.635+0000] {processor.py:826} INFO - Processing file /home/airflow/.local/lib/python3.9/site-packages/airflow/example_dags/example_xcomargs.py for tasks to queue
[2023-07-23T20:14:54.896+0000] {logging_mixin.py:150} INFO - [2023-07-23T20:14:54.636+0000] {dagbag.py:541} INFO - Filling up the DagBag from /home/airflow/.local/lib/python3.9/site-packages/airflow/example_dags/example_xcomargs.py
[2023-07-23T20:14:55.184+0000] {processor.py:836} INFO - DAG(s) dict_keys(['example_xcom_args', 'example_xcom_args_with_operators']) retrieved from /home/airflow/.local/lib/python3.9/site-packages/airflow/example_dags/example_xcomargs.py
[2023-07-23T20:14:56.161+0000] {logging_mixin.py:150} INFO - [2023-07-23T20:14:56.161+0000] {dag.py:2742} INFO - Sync 2 DAGs
[2023-07-23T20:14:56.693+0000] {logging_mixin.py:150} INFO - [2023-07-23T20:14:56.692+0000] {dag.py:3504} INFO - Setting next_dagrun for example_xcom_args to None, run_after=None
[2023-07-23T20:14:56.762+0000] {logging_mixin.py:150} INFO - [2023-07-23T20:14:56.762+0000] {dag.py:3504} INFO - Setting next_dagrun for example_xcom_args_with_operators to None, run_after=None
[2023-07-23T20:14:57.277+0000] {processor.py:179} INFO - Processing /home/airflow/.local/lib/python3.9/site-packages/airflow/example_dags/example_xcomargs.py took 3.038 seconds
[2023-07-23T20:15:27.869+0000] {processor.py:157} INFO - Started process (PID=762) to work on /home/airflow/.local/lib/python3.9/site-packages/airflow/example_dags/example_xcomargs.py
[2023-07-23T20:15:27.871+0000] {processor.py:826} INFO - Processing file /home/airflow/.local/lib/python3.9/site-packages/airflow/example_dags/example_xcomargs.py for tasks to queue
[2023-07-23T20:15:27.872+0000] {logging_mixin.py:150} INFO - [2023-07-23T20:15:27.871+0000] {dagbag.py:541} INFO - Filling up the DagBag from /home/airflow/.local/lib/python3.9/site-packages/airflow/example_dags/example_xcomargs.py
[2023-07-23T20:15:27.889+0000] {processor.py:836} INFO - DAG(s) dict_keys(['example_xcom_args_with_operators', 'example_xcom_args']) retrieved from /home/airflow/.local/lib/python3.9/site-packages/airflow/example_dags/example_xcomargs.py
[2023-07-23T20:15:27.966+0000] {logging_mixin.py:150} INFO - [2023-07-23T20:15:27.965+0000] {dag.py:2742} INFO - Sync 2 DAGs
[2023-07-23T20:15:28.026+0000] {logging_mixin.py:150} INFO - [2023-07-23T20:15:28.026+0000] {dag.py:3504} INFO - Setting next_dagrun for example_xcom_args to None, run_after=None
[2023-07-23T20:15:28.036+0000] {logging_mixin.py:150} INFO - [2023-07-23T20:15:28.036+0000] {dag.py:3504} INFO - Setting next_dagrun for example_xcom_args_with_operators to None, run_after=None
[2023-07-23T20:15:28.086+0000] {processor.py:179} INFO - Processing /home/airflow/.local/lib/python3.9/site-packages/airflow/example_dags/example_xcomargs.py took 0.231 seconds
[2023-07-23T20:15:58.215+0000] {processor.py:157} INFO - Started process (PID=823) to work on /home/airflow/.local/lib/python3.9/site-packages/airflow/example_dags/example_xcomargs.py
[2023-07-23T20:15:58.225+0000] {processor.py:826} INFO - Processing file /home/airflow/.local/lib/python3.9/site-packages/airflow/example_dags/example_xcomargs.py for tasks to queue
[2023-07-23T20:15:58.227+0000] {logging_mixin.py:150} INFO - [2023-07-23T20:15:58.226+0000] {dagbag.py:541} INFO - Filling up the DagBag from /home/airflow/.local/lib/python3.9/site-packages/airflow/example_dags/example_xcomargs.py
[2023-07-23T20:15:58.238+0000] {processor.py:836} INFO - DAG(s) dict_keys(['example_xcom_args_with_operators', 'example_xcom_args']) retrieved from /home/airflow/.local/lib/python3.9/site-packages/airflow/example_dags/example_xcomargs.py
[2023-07-23T20:15:58.301+0000] {logging_mixin.py:150} INFO - [2023-07-23T20:15:58.301+0000] {dag.py:2742} INFO - Sync 2 DAGs
[2023-07-23T20:15:58.341+0000] {logging_mixin.py:150} INFO - [2023-07-23T20:15:58.341+0000] {dag.py:3504} INFO - Setting next_dagrun for example_xcom_args to None, run_after=None
[2023-07-23T20:15:58.356+0000] {logging_mixin.py:150} INFO - [2023-07-23T20:15:58.356+0000] {dag.py:3504} INFO - Setting next_dagrun for example_xcom_args_with_operators to None, run_after=None
[2023-07-23T20:15:58.398+0000] {processor.py:179} INFO - Processing /home/airflow/.local/lib/python3.9/site-packages/airflow/example_dags/example_xcomargs.py took 0.197 seconds
[2023-07-23T20:17:13.478+0000] {processor.py:157} INFO - Started process (PID=898) to work on /home/airflow/.local/lib/python3.9/site-packages/airflow/example_dags/example_xcomargs.py
[2023-07-23T20:17:13.501+0000] {processor.py:826} INFO - Processing file /home/airflow/.local/lib/python3.9/site-packages/airflow/example_dags/example_xcomargs.py for tasks to queue
[2023-07-23T20:17:13.502+0000] {logging_mixin.py:150} INFO - [2023-07-23T20:17:13.502+0000] {dagbag.py:541} INFO - Filling up the DagBag from /home/airflow/.local/lib/python3.9/site-packages/airflow/example_dags/example_xcomargs.py
[2023-07-23T20:17:13.968+0000] {processor.py:836} INFO - DAG(s) dict_keys(['example_xcom_args', 'example_xcom_args_with_operators']) retrieved from /home/airflow/.local/lib/python3.9/site-packages/airflow/example_dags/example_xcomargs.py
[2023-07-23T20:17:14.403+0000] {logging_mixin.py:150} INFO - [2023-07-23T20:17:14.402+0000] {dag.py:2742} INFO - Sync 2 DAGs
[2023-07-23T20:17:15.472+0000] {logging_mixin.py:150} INFO - [2023-07-23T20:17:15.472+0000] {dag.py:3504} INFO - Setting next_dagrun for example_xcom_args to None, run_after=None
[2023-07-23T20:17:15.509+0000] {logging_mixin.py:150} INFO - [2023-07-23T20:17:15.509+0000] {dag.py:3504} INFO - Setting next_dagrun for example_xcom_args_with_operators to None, run_after=None
[2023-07-23T20:17:15.897+0000] {processor.py:179} INFO - Processing /home/airflow/.local/lib/python3.9/site-packages/airflow/example_dags/example_xcomargs.py took 2.465 seconds
[2023-07-23T20:20:18.177+0000] {processor.py:157} INFO - Started process (PID=1024) to work on /home/airflow/.local/lib/python3.9/site-packages/airflow/example_dags/example_xcomargs.py
[2023-07-23T20:20:18.195+0000] {processor.py:826} INFO - Processing file /home/airflow/.local/lib/python3.9/site-packages/airflow/example_dags/example_xcomargs.py for tasks to queue
[2023-07-23T20:20:18.196+0000] {logging_mixin.py:150} INFO - [2023-07-23T20:20:18.196+0000] {dagbag.py:541} INFO - Filling up the DagBag from /home/airflow/.local/lib/python3.9/site-packages/airflow/example_dags/example_xcomargs.py
[2023-07-23T20:20:18.218+0000] {processor.py:836} INFO - DAG(s) dict_keys(['example_xcom_args_with_operators', 'example_xcom_args']) retrieved from /home/airflow/.local/lib/python3.9/site-packages/airflow/example_dags/example_xcomargs.py
[2023-07-23T20:20:18.333+0000] {logging_mixin.py:150} INFO - [2023-07-23T20:20:18.333+0000] {dag.py:2742} INFO - Sync 2 DAGs
[2023-07-23T20:20:18.446+0000] {logging_mixin.py:150} INFO - [2023-07-23T20:20:18.446+0000] {dag.py:3504} INFO - Setting next_dagrun for example_xcom_args to None, run_after=None
[2023-07-23T20:20:18.526+0000] {logging_mixin.py:150} INFO - [2023-07-23T20:20:18.526+0000] {dag.py:3504} INFO - Setting next_dagrun for example_xcom_args_with_operators to None, run_after=None
[2023-07-23T20:20:18.626+0000] {processor.py:179} INFO - Processing /home/airflow/.local/lib/python3.9/site-packages/airflow/example_dags/example_xcomargs.py took 0.473 seconds
[2023-07-23T20:20:50.630+0000] {processor.py:157} INFO - Started process (PID=1085) to work on /home/airflow/.local/lib/python3.9/site-packages/airflow/example_dags/example_xcomargs.py
[2023-07-23T20:20:50.635+0000] {processor.py:826} INFO - Processing file /home/airflow/.local/lib/python3.9/site-packages/airflow/example_dags/example_xcomargs.py for tasks to queue
[2023-07-23T20:20:50.636+0000] {logging_mixin.py:150} INFO - [2023-07-23T20:20:50.636+0000] {dagbag.py:541} INFO - Filling up the DagBag from /home/airflow/.local/lib/python3.9/site-packages/airflow/example_dags/example_xcomargs.py
[2023-07-23T20:20:50.667+0000] {processor.py:836} INFO - DAG(s) dict_keys(['example_xcom_args_with_operators', 'example_xcom_args']) retrieved from /home/airflow/.local/lib/python3.9/site-packages/airflow/example_dags/example_xcomargs.py
[2023-07-23T20:20:50.776+0000] {logging_mixin.py:150} INFO - [2023-07-23T20:20:50.775+0000] {dag.py:2742} INFO - Sync 2 DAGs
[2023-07-23T20:20:50.896+0000] {logging_mixin.py:150} INFO - [2023-07-23T20:20:50.896+0000] {dag.py:3504} INFO - Setting next_dagrun for example_xcom_args to None, run_after=None
[2023-07-23T20:20:50.927+0000] {logging_mixin.py:150} INFO - [2023-07-23T20:20:50.927+0000] {dag.py:3504} INFO - Setting next_dagrun for example_xcom_args_with_operators to None, run_after=None
[2023-07-23T20:20:50.994+0000] {processor.py:179} INFO - Processing /home/airflow/.local/lib/python3.9/site-packages/airflow/example_dags/example_xcomargs.py took 0.410 seconds
[2023-07-23T20:22:19.064+0000] {processor.py:157} INFO - Started process (PID=1176) to work on /home/airflow/.local/lib/python3.9/site-packages/airflow/example_dags/example_xcomargs.py
[2023-07-23T20:22:19.222+0000] {processor.py:826} INFO - Processing file /home/airflow/.local/lib/python3.9/site-packages/airflow/example_dags/example_xcomargs.py for tasks to queue
[2023-07-23T20:22:19.223+0000] {logging_mixin.py:150} INFO - [2023-07-23T20:22:19.222+0000] {dagbag.py:541} INFO - Filling up the DagBag from /home/airflow/.local/lib/python3.9/site-packages/airflow/example_dags/example_xcomargs.py
[2023-07-23T20:22:19.790+0000] {processor.py:836} INFO - DAG(s) dict_keys(['example_xcom_args_with_operators', 'example_xcom_args']) retrieved from /home/airflow/.local/lib/python3.9/site-packages/airflow/example_dags/example_xcomargs.py
[2023-07-23T20:22:20.863+0000] {logging_mixin.py:150} INFO - [2023-07-23T20:22:20.863+0000] {dag.py:2742} INFO - Sync 2 DAGs
[2023-07-23T20:22:22.233+0000] {logging_mixin.py:150} INFO - [2023-07-23T20:22:22.233+0000] {dag.py:3504} INFO - Setting next_dagrun for example_xcom_args to None, run_after=None
[2023-07-23T20:22:22.510+0000] {logging_mixin.py:150} INFO - [2023-07-23T20:22:22.509+0000] {dag.py:3504} INFO - Setting next_dagrun for example_xcom_args_with_operators to None, run_after=None
[2023-07-23T20:22:23.012+0000] {processor.py:179} INFO - Processing /home/airflow/.local/lib/python3.9/site-packages/airflow/example_dags/example_xcomargs.py took 4.000 seconds
[2023-07-23T20:25:19.723+0000] {processor.py:157} INFO - Started process (PID=1302) to work on /home/airflow/.local/lib/python3.9/site-packages/airflow/example_dags/example_xcomargs.py
[2023-07-23T20:25:19.728+0000] {processor.py:826} INFO - Processing file /home/airflow/.local/lib/python3.9/site-packages/airflow/example_dags/example_xcomargs.py for tasks to queue
[2023-07-23T20:25:19.729+0000] {logging_mixin.py:150} INFO - [2023-07-23T20:25:19.729+0000] {dagbag.py:541} INFO - Filling up the DagBag from /home/airflow/.local/lib/python3.9/site-packages/airflow/example_dags/example_xcomargs.py
[2023-07-23T20:25:19.771+0000] {processor.py:836} INFO - DAG(s) dict_keys(['example_xcom_args_with_operators', 'example_xcom_args']) retrieved from /home/airflow/.local/lib/python3.9/site-packages/airflow/example_dags/example_xcomargs.py
[2023-07-23T20:25:19.957+0000] {logging_mixin.py:150} INFO - [2023-07-23T20:25:19.957+0000] {dag.py:2742} INFO - Sync 2 DAGs
[2023-07-23T20:25:20.156+0000] {logging_mixin.py:150} INFO - [2023-07-23T20:25:20.156+0000] {dag.py:3504} INFO - Setting next_dagrun for example_xcom_args to None, run_after=None
[2023-07-23T20:25:20.206+0000] {logging_mixin.py:150} INFO - [2023-07-23T20:25:20.206+0000] {dag.py:3504} INFO - Setting next_dagrun for example_xcom_args_with_operators to None, run_after=None
[2023-07-23T20:25:20.309+0000] {processor.py:179} INFO - Processing /home/airflow/.local/lib/python3.9/site-packages/airflow/example_dags/example_xcomargs.py took 0.589 seconds
[2023-07-23T20:25:52.011+0000] {processor.py:157} INFO - Started process (PID=1363) to work on /home/airflow/.local/lib/python3.9/site-packages/airflow/example_dags/example_xcomargs.py
[2023-07-23T20:25:52.025+0000] {processor.py:826} INFO - Processing file /home/airflow/.local/lib/python3.9/site-packages/airflow/example_dags/example_xcomargs.py for tasks to queue
[2023-07-23T20:25:52.026+0000] {logging_mixin.py:150} INFO - [2023-07-23T20:25:52.026+0000] {dagbag.py:541} INFO - Filling up the DagBag from /home/airflow/.local/lib/python3.9/site-packages/airflow/example_dags/example_xcomargs.py
[2023-07-23T20:25:52.046+0000] {processor.py:836} INFO - DAG(s) dict_keys(['example_xcom_args', 'example_xcom_args_with_operators']) retrieved from /home/airflow/.local/lib/python3.9/site-packages/airflow/example_dags/example_xcomargs.py
[2023-07-23T20:25:52.146+0000] {logging_mixin.py:150} INFO - [2023-07-23T20:25:52.145+0000] {dag.py:2742} INFO - Sync 2 DAGs
[2023-07-23T20:25:52.266+0000] {logging_mixin.py:150} INFO - [2023-07-23T20:25:52.266+0000] {dag.py:3504} INFO - Setting next_dagrun for example_xcom_args to None, run_after=None
[2023-07-23T20:25:52.286+0000] {logging_mixin.py:150} INFO - [2023-07-23T20:25:52.286+0000] {dag.py:3504} INFO - Setting next_dagrun for example_xcom_args_with_operators to None, run_after=None
[2023-07-23T20:25:52.385+0000] {processor.py:179} INFO - Processing /home/airflow/.local/lib/python3.9/site-packages/airflow/example_dags/example_xcomargs.py took 0.379 seconds
[2023-07-23T20:27:47.169+0000] {processor.py:157} INFO - Started process (PID=1473) to work on /home/airflow/.local/lib/python3.9/site-packages/airflow/example_dags/example_xcomargs.py
[2023-07-23T20:27:47.179+0000] {processor.py:826} INFO - Processing file /home/airflow/.local/lib/python3.9/site-packages/airflow/example_dags/example_xcomargs.py for tasks to queue
[2023-07-23T20:27:47.180+0000] {logging_mixin.py:150} INFO - [2023-07-23T20:27:47.179+0000] {dagbag.py:541} INFO - Filling up the DagBag from /home/airflow/.local/lib/python3.9/site-packages/airflow/example_dags/example_xcomargs.py
[2023-07-23T20:27:47.411+0000] {processor.py:836} INFO - DAG(s) dict_keys(['example_xcom_args', 'example_xcom_args_with_operators']) retrieved from /home/airflow/.local/lib/python3.9/site-packages/airflow/example_dags/example_xcomargs.py
[2023-07-23T20:27:48.493+0000] {logging_mixin.py:150} INFO - [2023-07-23T20:27:48.492+0000] {dag.py:2742} INFO - Sync 2 DAGs
[2023-07-23T20:27:49.920+0000] {logging_mixin.py:150} INFO - [2023-07-23T20:27:49.920+0000] {dag.py:3504} INFO - Setting next_dagrun for example_xcom_args to None, run_after=None
[2023-07-23T20:27:50.262+0000] {logging_mixin.py:150} INFO - [2023-07-23T20:27:50.262+0000] {dag.py:3504} INFO - Setting next_dagrun for example_xcom_args_with_operators to None, run_after=None
[2023-07-23T20:27:50.637+0000] {processor.py:179} INFO - Processing /home/airflow/.local/lib/python3.9/site-packages/airflow/example_dags/example_xcomargs.py took 3.788 seconds
[2023-07-23T20:30:21.800+0000] {processor.py:157} INFO - Started process (PID=1591) to work on /home/airflow/.local/lib/python3.9/site-packages/airflow/example_dags/example_xcomargs.py
[2023-07-23T20:30:21.836+0000] {processor.py:826} INFO - Processing file /home/airflow/.local/lib/python3.9/site-packages/airflow/example_dags/example_xcomargs.py for tasks to queue
[2023-07-23T20:30:21.837+0000] {logging_mixin.py:150} INFO - [2023-07-23T20:30:21.836+0000] {dagbag.py:541} INFO - Filling up the DagBag from /home/airflow/.local/lib/python3.9/site-packages/airflow/example_dags/example_xcomargs.py
[2023-07-23T20:30:21.899+0000] {processor.py:836} INFO - DAG(s) dict_keys(['example_xcom_args', 'example_xcom_args_with_operators']) retrieved from /home/airflow/.local/lib/python3.9/site-packages/airflow/example_dags/example_xcomargs.py
[2023-07-23T20:30:22.057+0000] {logging_mixin.py:150} INFO - [2023-07-23T20:30:22.056+0000] {dag.py:2742} INFO - Sync 2 DAGs
[2023-07-23T20:30:22.263+0000] {logging_mixin.py:150} INFO - [2023-07-23T20:30:22.262+0000] {dag.py:3504} INFO - Setting next_dagrun for example_xcom_args to None, run_after=None
[2023-07-23T20:30:22.293+0000] {logging_mixin.py:150} INFO - [2023-07-23T20:30:22.293+0000] {dag.py:3504} INFO - Setting next_dagrun for example_xcom_args_with_operators to None, run_after=None
[2023-07-23T20:30:22.437+0000] {processor.py:179} INFO - Processing /home/airflow/.local/lib/python3.9/site-packages/airflow/example_dags/example_xcomargs.py took 0.641 seconds
[2023-07-23T20:30:53.044+0000] {processor.py:157} INFO - Started process (PID=1653) to work on /home/airflow/.local/lib/python3.9/site-packages/airflow/example_dags/example_xcomargs.py
[2023-07-23T20:30:53.066+0000] {processor.py:826} INFO - Processing file /home/airflow/.local/lib/python3.9/site-packages/airflow/example_dags/example_xcomargs.py for tasks to queue
[2023-07-23T20:30:53.067+0000] {logging_mixin.py:150} INFO - [2023-07-23T20:30:53.067+0000] {dagbag.py:541} INFO - Filling up the DagBag from /home/airflow/.local/lib/python3.9/site-packages/airflow/example_dags/example_xcomargs.py
[2023-07-23T20:30:53.100+0000] {processor.py:836} INFO - DAG(s) dict_keys(['example_xcom_args_with_operators', 'example_xcom_args']) retrieved from /home/airflow/.local/lib/python3.9/site-packages/airflow/example_dags/example_xcomargs.py
[2023-07-23T20:30:53.289+0000] {logging_mixin.py:150} INFO - [2023-07-23T20:30:53.289+0000] {dag.py:2742} INFO - Sync 2 DAGs
[2023-07-23T20:30:53.426+0000] {logging_mixin.py:150} INFO - [2023-07-23T20:30:53.426+0000] {dag.py:3504} INFO - Setting next_dagrun for example_xcom_args to None, run_after=None
[2023-07-23T20:30:53.466+0000] {logging_mixin.py:150} INFO - [2023-07-23T20:30:53.466+0000] {dag.py:3504} INFO - Setting next_dagrun for example_xcom_args_with_operators to None, run_after=None
[2023-07-23T20:30:53.544+0000] {processor.py:179} INFO - Processing /home/airflow/.local/lib/python3.9/site-packages/airflow/example_dags/example_xcomargs.py took 0.504 seconds
[2023-07-23T20:31:40.760+0000] {processor.py:157} INFO - Started process (PID=1715) to work on /home/airflow/.local/lib/python3.9/site-packages/airflow/example_dags/example_xcomargs.py
[2023-07-23T20:31:40.800+0000] {processor.py:826} INFO - Processing file /home/airflow/.local/lib/python3.9/site-packages/airflow/example_dags/example_xcomargs.py for tasks to queue
[2023-07-23T20:31:40.801+0000] {logging_mixin.py:150} INFO - [2023-07-23T20:31:40.800+0000] {dagbag.py:541} INFO - Filling up the DagBag from /home/airflow/.local/lib/python3.9/site-packages/airflow/example_dags/example_xcomargs.py
[2023-07-23T20:31:40.895+0000] {processor.py:836} INFO - DAG(s) dict_keys(['example_xcom_args_with_operators', 'example_xcom_args']) retrieved from /home/airflow/.local/lib/python3.9/site-packages/airflow/example_dags/example_xcomargs.py
[2023-07-23T20:31:41.405+0000] {logging_mixin.py:150} INFO - [2023-07-23T20:31:41.405+0000] {dag.py:2742} INFO - Sync 2 DAGs
[2023-07-23T20:31:42.392+0000] {logging_mixin.py:150} INFO - [2023-07-23T20:31:42.392+0000] {dag.py:3504} INFO - Setting next_dagrun for example_xcom_args to None, run_after=None
[2023-07-23T20:31:42.421+0000] {logging_mixin.py:150} INFO - [2023-07-23T20:31:42.421+0000] {dag.py:3504} INFO - Setting next_dagrun for example_xcom_args_with_operators to None, run_after=None
[2023-07-23T20:31:42.594+0000] {processor.py:179} INFO - Processing /home/airflow/.local/lib/python3.9/site-packages/airflow/example_dags/example_xcomargs.py took 1.929 seconds
