[2023-07-23T19:28:18.674+0000] {processor.py:157} INFO - Started process (PID=68) to work on /home/airflow/.local/lib/python3.9/site-packages/airflow/example_dags/example_nested_branch_dag.py
[2023-07-23T19:28:18.675+0000] {processor.py:826} INFO - Processing file /home/airflow/.local/lib/python3.9/site-packages/airflow/example_dags/example_nested_branch_dag.py for tasks to queue
[2023-07-23T19:28:18.766+0000] {logging_mixin.py:150} INFO - [2023-07-23T19:28:18.765+0000] {dagbag.py:541} INFO - Filling up the DagBag from /home/airflow/.local/lib/python3.9/site-packages/airflow/example_dags/example_nested_branch_dag.py
[2023-07-23T19:28:18.794+0000] {processor.py:836} INFO - DAG(s) dict_keys(['example_nested_branch_dag']) retrieved from /home/airflow/.local/lib/python3.9/site-packages/airflow/example_dags/example_nested_branch_dag.py
[2023-07-23T19:28:19.080+0000] {logging_mixin.py:150} INFO - [2023-07-23T19:28:19.080+0000] {dag.py:2742} INFO - Sync 1 DAGs
[2023-07-23T19:28:20.058+0000] {logging_mixin.py:150} INFO - [2023-07-23T19:28:20.058+0000] {dag.py:3504} INFO - Setting next_dagrun for example_nested_branch_dag to 2023-07-22T00:00:00+00:00, run_after=2023-07-23T00:00:00+00:00
[2023-07-23T19:28:20.157+0000] {processor.py:179} INFO - Processing /home/airflow/.local/lib/python3.9/site-packages/airflow/example_dags/example_nested_branch_dag.py took 1.487 seconds
[2023-07-23T19:28:50.585+0000] {processor.py:157} INFO - Started process (PID=129) to work on /home/airflow/.local/lib/python3.9/site-packages/airflow/example_dags/example_nested_branch_dag.py
[2023-07-23T19:28:50.590+0000] {processor.py:826} INFO - Processing file /home/airflow/.local/lib/python3.9/site-packages/airflow/example_dags/example_nested_branch_dag.py for tasks to queue
[2023-07-23T19:28:50.590+0000] {logging_mixin.py:150} INFO - [2023-07-23T19:28:50.590+0000] {dagbag.py:541} INFO - Filling up the DagBag from /home/airflow/.local/lib/python3.9/site-packages/airflow/example_dags/example_nested_branch_dag.py
[2023-07-23T19:28:50.623+0000] {processor.py:836} INFO - DAG(s) dict_keys(['example_nested_branch_dag']) retrieved from /home/airflow/.local/lib/python3.9/site-packages/airflow/example_dags/example_nested_branch_dag.py
[2023-07-23T19:28:50.694+0000] {logging_mixin.py:150} INFO - [2023-07-23T19:28:50.694+0000] {dag.py:2742} INFO - Sync 1 DAGs
[2023-07-23T19:28:50.764+0000] {logging_mixin.py:150} INFO - [2023-07-23T19:28:50.764+0000] {dag.py:3504} INFO - Setting next_dagrun for example_nested_branch_dag to 2023-07-22T00:00:00+00:00, run_after=2023-07-23T00:00:00+00:00
[2023-07-23T19:28:50.803+0000] {processor.py:179} INFO - Processing /home/airflow/.local/lib/python3.9/site-packages/airflow/example_dags/example_nested_branch_dag.py took 0.245 seconds
[2023-07-23T19:29:21.870+0000] {processor.py:157} INFO - Started process (PID=191) to work on /home/airflow/.local/lib/python3.9/site-packages/airflow/example_dags/example_nested_branch_dag.py
[2023-07-23T19:29:21.872+0000] {processor.py:826} INFO - Processing file /home/airflow/.local/lib/python3.9/site-packages/airflow/example_dags/example_nested_branch_dag.py for tasks to queue
[2023-07-23T19:29:21.873+0000] {logging_mixin.py:150} INFO - [2023-07-23T19:29:21.873+0000] {dagbag.py:541} INFO - Filling up the DagBag from /home/airflow/.local/lib/python3.9/site-packages/airflow/example_dags/example_nested_branch_dag.py
[2023-07-23T19:29:21.885+0000] {processor.py:836} INFO - DAG(s) dict_keys(['example_nested_branch_dag']) retrieved from /home/airflow/.local/lib/python3.9/site-packages/airflow/example_dags/example_nested_branch_dag.py
[2023-07-23T19:29:21.919+0000] {logging_mixin.py:150} INFO - [2023-07-23T19:29:21.918+0000] {dag.py:2742} INFO - Sync 1 DAGs
[2023-07-23T19:29:21.951+0000] {logging_mixin.py:150} INFO - [2023-07-23T19:29:21.950+0000] {dag.py:3504} INFO - Setting next_dagrun for example_nested_branch_dag to 2023-07-22T00:00:00+00:00, run_after=2023-07-23T00:00:00+00:00
[2023-07-23T19:29:21.974+0000] {processor.py:179} INFO - Processing /home/airflow/.local/lib/python3.9/site-packages/airflow/example_dags/example_nested_branch_dag.py took 0.110 seconds
[2023-07-23T19:29:53.684+0000] {processor.py:157} INFO - Started process (PID=252) to work on /home/airflow/.local/lib/python3.9/site-packages/airflow/example_dags/example_nested_branch_dag.py
[2023-07-23T19:29:53.695+0000] {processor.py:826} INFO - Processing file /home/airflow/.local/lib/python3.9/site-packages/airflow/example_dags/example_nested_branch_dag.py for tasks to queue
[2023-07-23T19:29:53.696+0000] {logging_mixin.py:150} INFO - [2023-07-23T19:29:53.696+0000] {dagbag.py:541} INFO - Filling up the DagBag from /home/airflow/.local/lib/python3.9/site-packages/airflow/example_dags/example_nested_branch_dag.py
[2023-07-23T19:29:53.730+0000] {processor.py:836} INFO - DAG(s) dict_keys(['example_nested_branch_dag']) retrieved from /home/airflow/.local/lib/python3.9/site-packages/airflow/example_dags/example_nested_branch_dag.py
[2023-07-23T19:29:53.846+0000] {logging_mixin.py:150} INFO - [2023-07-23T19:29:53.845+0000] {dag.py:2742} INFO - Sync 1 DAGs
[2023-07-23T19:29:53.921+0000] {logging_mixin.py:150} INFO - [2023-07-23T19:29:53.921+0000] {dag.py:3504} INFO - Setting next_dagrun for example_nested_branch_dag to 2023-07-22T00:00:00+00:00, run_after=2023-07-23T00:00:00+00:00
[2023-07-23T19:29:53.988+0000] {processor.py:179} INFO - Processing /home/airflow/.local/lib/python3.9/site-packages/airflow/example_dags/example_nested_branch_dag.py took 0.308 seconds
[2023-07-23T19:30:24.119+0000] {processor.py:157} INFO - Started process (PID=313) to work on /home/airflow/.local/lib/python3.9/site-packages/airflow/example_dags/example_nested_branch_dag.py
[2023-07-23T19:30:24.124+0000] {processor.py:826} INFO - Processing file /home/airflow/.local/lib/python3.9/site-packages/airflow/example_dags/example_nested_branch_dag.py for tasks to queue
[2023-07-23T19:30:24.125+0000] {logging_mixin.py:150} INFO - [2023-07-23T19:30:24.125+0000] {dagbag.py:541} INFO - Filling up the DagBag from /home/airflow/.local/lib/python3.9/site-packages/airflow/example_dags/example_nested_branch_dag.py
[2023-07-23T19:30:24.180+0000] {processor.py:836} INFO - DAG(s) dict_keys(['example_nested_branch_dag']) retrieved from /home/airflow/.local/lib/python3.9/site-packages/airflow/example_dags/example_nested_branch_dag.py
[2023-07-23T19:30:24.318+0000] {logging_mixin.py:150} INFO - [2023-07-23T19:30:24.317+0000] {dag.py:2742} INFO - Sync 1 DAGs
[2023-07-23T19:30:24.448+0000] {logging_mixin.py:150} INFO - [2023-07-23T19:30:24.448+0000] {dag.py:3504} INFO - Setting next_dagrun for example_nested_branch_dag to 2023-07-22T00:00:00+00:00, run_after=2023-07-23T00:00:00+00:00
[2023-07-23T19:30:24.538+0000] {processor.py:179} INFO - Processing /home/airflow/.local/lib/python3.9/site-packages/airflow/example_dags/example_nested_branch_dag.py took 0.439 seconds
[2023-07-23T19:30:55.090+0000] {processor.py:157} INFO - Started process (PID=374) to work on /home/airflow/.local/lib/python3.9/site-packages/airflow/example_dags/example_nested_branch_dag.py
[2023-07-23T19:30:55.092+0000] {processor.py:826} INFO - Processing file /home/airflow/.local/lib/python3.9/site-packages/airflow/example_dags/example_nested_branch_dag.py for tasks to queue
[2023-07-23T19:30:55.092+0000] {logging_mixin.py:150} INFO - [2023-07-23T19:30:55.092+0000] {dagbag.py:541} INFO - Filling up the DagBag from /home/airflow/.local/lib/python3.9/site-packages/airflow/example_dags/example_nested_branch_dag.py
[2023-07-23T19:30:55.104+0000] {processor.py:836} INFO - DAG(s) dict_keys(['example_nested_branch_dag']) retrieved from /home/airflow/.local/lib/python3.9/site-packages/airflow/example_dags/example_nested_branch_dag.py
[2023-07-23T19:30:55.131+0000] {logging_mixin.py:150} INFO - [2023-07-23T19:30:55.131+0000] {dag.py:2742} INFO - Sync 1 DAGs
[2023-07-23T19:30:55.160+0000] {logging_mixin.py:150} INFO - [2023-07-23T19:30:55.159+0000] {dag.py:3504} INFO - Setting next_dagrun for example_nested_branch_dag to 2023-07-22T00:00:00+00:00, run_after=2023-07-23T00:00:00+00:00
[2023-07-23T19:30:55.179+0000] {processor.py:179} INFO - Processing /home/airflow/.local/lib/python3.9/site-packages/airflow/example_dags/example_nested_branch_dag.py took 0.093 seconds
[2023-07-23T19:31:25.375+0000] {processor.py:157} INFO - Started process (PID=436) to work on /home/airflow/.local/lib/python3.9/site-packages/airflow/example_dags/example_nested_branch_dag.py
[2023-07-23T19:31:25.376+0000] {processor.py:826} INFO - Processing file /home/airflow/.local/lib/python3.9/site-packages/airflow/example_dags/example_nested_branch_dag.py for tasks to queue
[2023-07-23T19:31:25.377+0000] {logging_mixin.py:150} INFO - [2023-07-23T19:31:25.377+0000] {dagbag.py:541} INFO - Filling up the DagBag from /home/airflow/.local/lib/python3.9/site-packages/airflow/example_dags/example_nested_branch_dag.py
[2023-07-23T19:31:25.406+0000] {processor.py:836} INFO - DAG(s) dict_keys(['example_nested_branch_dag']) retrieved from /home/airflow/.local/lib/python3.9/site-packages/airflow/example_dags/example_nested_branch_dag.py
[2023-07-23T19:31:25.466+0000] {logging_mixin.py:150} INFO - [2023-07-23T19:31:25.466+0000] {dag.py:2742} INFO - Sync 1 DAGs
[2023-07-23T19:31:25.518+0000] {logging_mixin.py:150} INFO - [2023-07-23T19:31:25.518+0000] {dag.py:3504} INFO - Setting next_dagrun for example_nested_branch_dag to 2023-07-22T00:00:00+00:00, run_after=2023-07-23T00:00:00+00:00
[2023-07-23T19:31:25.573+0000] {processor.py:179} INFO - Processing /home/airflow/.local/lib/python3.9/site-packages/airflow/example_dags/example_nested_branch_dag.py took 0.202 seconds
[2023-07-23T19:31:56.154+0000] {processor.py:157} INFO - Started process (PID=497) to work on /home/airflow/.local/lib/python3.9/site-packages/airflow/example_dags/example_nested_branch_dag.py
[2023-07-23T19:31:56.156+0000] {processor.py:826} INFO - Processing file /home/airflow/.local/lib/python3.9/site-packages/airflow/example_dags/example_nested_branch_dag.py for tasks to queue
[2023-07-23T19:31:56.157+0000] {logging_mixin.py:150} INFO - [2023-07-23T19:31:56.156+0000] {dagbag.py:541} INFO - Filling up the DagBag from /home/airflow/.local/lib/python3.9/site-packages/airflow/example_dags/example_nested_branch_dag.py
[2023-07-23T19:31:56.169+0000] {processor.py:836} INFO - DAG(s) dict_keys(['example_nested_branch_dag']) retrieved from /home/airflow/.local/lib/python3.9/site-packages/airflow/example_dags/example_nested_branch_dag.py
[2023-07-23T19:31:56.203+0000] {logging_mixin.py:150} INFO - [2023-07-23T19:31:56.203+0000] {dag.py:2742} INFO - Sync 1 DAGs
[2023-07-23T19:31:56.234+0000] {logging_mixin.py:150} INFO - [2023-07-23T19:31:56.233+0000] {dag.py:3504} INFO - Setting next_dagrun for example_nested_branch_dag to 2023-07-22T00:00:00+00:00, run_after=2023-07-23T00:00:00+00:00
[2023-07-23T19:31:56.255+0000] {processor.py:179} INFO - Processing /home/airflow/.local/lib/python3.9/site-packages/airflow/example_dags/example_nested_branch_dag.py took 0.105 seconds
[2023-07-23T19:32:26.737+0000] {processor.py:157} INFO - Started process (PID=559) to work on /home/airflow/.local/lib/python3.9/site-packages/airflow/example_dags/example_nested_branch_dag.py
[2023-07-23T19:32:26.749+0000] {processor.py:826} INFO - Processing file /home/airflow/.local/lib/python3.9/site-packages/airflow/example_dags/example_nested_branch_dag.py for tasks to queue
[2023-07-23T19:32:26.756+0000] {logging_mixin.py:150} INFO - [2023-07-23T19:32:26.756+0000] {dagbag.py:541} INFO - Filling up the DagBag from /home/airflow/.local/lib/python3.9/site-packages/airflow/example_dags/example_nested_branch_dag.py
[2023-07-23T19:32:26.838+0000] {processor.py:836} INFO - DAG(s) dict_keys(['example_nested_branch_dag']) retrieved from /home/airflow/.local/lib/python3.9/site-packages/airflow/example_dags/example_nested_branch_dag.py
[2023-07-23T19:32:26.936+0000] {logging_mixin.py:150} INFO - [2023-07-23T19:32:26.936+0000] {dag.py:2742} INFO - Sync 1 DAGs
[2023-07-23T19:32:27.002+0000] {logging_mixin.py:150} INFO - [2023-07-23T19:32:27.001+0000] {dag.py:3504} INFO - Setting next_dagrun for example_nested_branch_dag to 2023-07-22T00:00:00+00:00, run_after=2023-07-23T00:00:00+00:00
[2023-07-23T19:32:27.095+0000] {processor.py:179} INFO - Processing /home/airflow/.local/lib/python3.9/site-packages/airflow/example_dags/example_nested_branch_dag.py took 0.400 seconds
[2023-07-23T19:32:57.152+0000] {processor.py:157} INFO - Started process (PID=622) to work on /home/airflow/.local/lib/python3.9/site-packages/airflow/example_dags/example_nested_branch_dag.py
[2023-07-23T19:32:57.160+0000] {processor.py:826} INFO - Processing file /home/airflow/.local/lib/python3.9/site-packages/airflow/example_dags/example_nested_branch_dag.py for tasks to queue
[2023-07-23T19:32:57.161+0000] {logging_mixin.py:150} INFO - [2023-07-23T19:32:57.161+0000] {dagbag.py:541} INFO - Filling up the DagBag from /home/airflow/.local/lib/python3.9/site-packages/airflow/example_dags/example_nested_branch_dag.py
[2023-07-23T19:32:57.172+0000] {processor.py:836} INFO - DAG(s) dict_keys(['example_nested_branch_dag']) retrieved from /home/airflow/.local/lib/python3.9/site-packages/airflow/example_dags/example_nested_branch_dag.py
[2023-07-23T19:32:57.244+0000] {logging_mixin.py:150} INFO - [2023-07-23T19:32:57.243+0000] {dag.py:2742} INFO - Sync 1 DAGs
[2023-07-23T19:32:57.301+0000] {logging_mixin.py:150} INFO - [2023-07-23T19:32:57.301+0000] {dag.py:3504} INFO - Setting next_dagrun for example_nested_branch_dag to 2023-07-22T00:00:00+00:00, run_after=2023-07-23T00:00:00+00:00
[2023-07-23T19:32:57.343+0000] {processor.py:179} INFO - Processing /home/airflow/.local/lib/python3.9/site-packages/airflow/example_dags/example_nested_branch_dag.py took 0.195 seconds
[2023-07-23T19:41:34.113+0000] {processor.py:157} INFO - Started process (PID=69) to work on /home/airflow/.local/lib/python3.9/site-packages/airflow/example_dags/example_nested_branch_dag.py
[2023-07-23T19:41:34.156+0000] {processor.py:826} INFO - Processing file /home/airflow/.local/lib/python3.9/site-packages/airflow/example_dags/example_nested_branch_dag.py for tasks to queue
[2023-07-23T19:41:34.157+0000] {logging_mixin.py:150} INFO - [2023-07-23T19:41:34.156+0000] {dagbag.py:541} INFO - Filling up the DagBag from /home/airflow/.local/lib/python3.9/site-packages/airflow/example_dags/example_nested_branch_dag.py
[2023-07-23T19:41:34.214+0000] {processor.py:836} INFO - DAG(s) dict_keys(['example_nested_branch_dag']) retrieved from /home/airflow/.local/lib/python3.9/site-packages/airflow/example_dags/example_nested_branch_dag.py
[2023-07-23T19:41:35.152+0000] {logging_mixin.py:150} INFO - [2023-07-23T19:41:35.152+0000] {dag.py:2742} INFO - Sync 1 DAGs
[2023-07-23T19:41:35.271+0000] {logging_mixin.py:150} INFO - [2023-07-23T19:41:35.271+0000] {dag.py:3504} INFO - Setting next_dagrun for example_nested_branch_dag to 2023-07-22T00:00:00+00:00, run_after=2023-07-23T00:00:00+00:00
[2023-07-23T19:41:35.351+0000] {processor.py:179} INFO - Processing /home/airflow/.local/lib/python3.9/site-packages/airflow/example_dags/example_nested_branch_dag.py took 1.242 seconds
[2023-07-23T19:42:06.340+0000] {processor.py:157} INFO - Started process (PID=130) to work on /home/airflow/.local/lib/python3.9/site-packages/airflow/example_dags/example_nested_branch_dag.py
[2023-07-23T19:42:06.345+0000] {processor.py:826} INFO - Processing file /home/airflow/.local/lib/python3.9/site-packages/airflow/example_dags/example_nested_branch_dag.py for tasks to queue
[2023-07-23T19:42:06.346+0000] {logging_mixin.py:150} INFO - [2023-07-23T19:42:06.346+0000] {dagbag.py:541} INFO - Filling up the DagBag from /home/airflow/.local/lib/python3.9/site-packages/airflow/example_dags/example_nested_branch_dag.py
[2023-07-23T19:42:06.369+0000] {processor.py:836} INFO - DAG(s) dict_keys(['example_nested_branch_dag']) retrieved from /home/airflow/.local/lib/python3.9/site-packages/airflow/example_dags/example_nested_branch_dag.py
[2023-07-23T19:42:06.425+0000] {logging_mixin.py:150} INFO - [2023-07-23T19:42:06.425+0000] {dag.py:2742} INFO - Sync 1 DAGs
[2023-07-23T19:42:06.492+0000] {logging_mixin.py:150} INFO - [2023-07-23T19:42:06.492+0000] {dag.py:3504} INFO - Setting next_dagrun for example_nested_branch_dag to 2023-07-22T00:00:00+00:00, run_after=2023-07-23T00:00:00+00:00
[2023-07-23T19:42:06.524+0000] {processor.py:179} INFO - Processing /home/airflow/.local/lib/python3.9/site-packages/airflow/example_dags/example_nested_branch_dag.py took 0.189 seconds
[2023-07-23T19:42:37.811+0000] {processor.py:157} INFO - Started process (PID=191) to work on /home/airflow/.local/lib/python3.9/site-packages/airflow/example_dags/example_nested_branch_dag.py
[2023-07-23T19:42:37.822+0000] {processor.py:826} INFO - Processing file /home/airflow/.local/lib/python3.9/site-packages/airflow/example_dags/example_nested_branch_dag.py for tasks to queue
[2023-07-23T19:42:37.824+0000] {logging_mixin.py:150} INFO - [2023-07-23T19:42:37.824+0000] {dagbag.py:541} INFO - Filling up the DagBag from /home/airflow/.local/lib/python3.9/site-packages/airflow/example_dags/example_nested_branch_dag.py
[2023-07-23T19:42:37.859+0000] {processor.py:836} INFO - DAG(s) dict_keys(['example_nested_branch_dag']) retrieved from /home/airflow/.local/lib/python3.9/site-packages/airflow/example_dags/example_nested_branch_dag.py
[2023-07-23T19:42:37.907+0000] {logging_mixin.py:150} INFO - [2023-07-23T19:42:37.903+0000] {dag.py:2742} INFO - Sync 1 DAGs
[2023-07-23T19:42:37.972+0000] {logging_mixin.py:150} INFO - [2023-07-23T19:42:37.971+0000] {dag.py:3504} INFO - Setting next_dagrun for example_nested_branch_dag to 2023-07-22T00:00:00+00:00, run_after=2023-07-23T00:00:00+00:00
[2023-07-23T19:42:38.004+0000] {processor.py:179} INFO - Processing /home/airflow/.local/lib/python3.9/site-packages/airflow/example_dags/example_nested_branch_dag.py took 0.197 seconds
[2023-07-23T19:43:08.627+0000] {processor.py:157} INFO - Started process (PID=252) to work on /home/airflow/.local/lib/python3.9/site-packages/airflow/example_dags/example_nested_branch_dag.py
[2023-07-23T19:43:08.635+0000] {processor.py:826} INFO - Processing file /home/airflow/.local/lib/python3.9/site-packages/airflow/example_dags/example_nested_branch_dag.py for tasks to queue
[2023-07-23T19:43:08.636+0000] {logging_mixin.py:150} INFO - [2023-07-23T19:43:08.636+0000] {dagbag.py:541} INFO - Filling up the DagBag from /home/airflow/.local/lib/python3.9/site-packages/airflow/example_dags/example_nested_branch_dag.py
[2023-07-23T19:43:08.669+0000] {processor.py:836} INFO - DAG(s) dict_keys(['example_nested_branch_dag']) retrieved from /home/airflow/.local/lib/python3.9/site-packages/airflow/example_dags/example_nested_branch_dag.py
[2023-07-23T19:43:08.755+0000] {logging_mixin.py:150} INFO - [2023-07-23T19:43:08.755+0000] {dag.py:2742} INFO - Sync 1 DAGs
[2023-07-23T19:43:08.805+0000] {logging_mixin.py:150} INFO - [2023-07-23T19:43:08.804+0000] {dag.py:3504} INFO - Setting next_dagrun for example_nested_branch_dag to 2023-07-22T00:00:00+00:00, run_after=2023-07-23T00:00:00+00:00
[2023-07-23T19:43:08.875+0000] {processor.py:179} INFO - Processing /home/airflow/.local/lib/python3.9/site-packages/airflow/example_dags/example_nested_branch_dag.py took 0.263 seconds
[2023-07-23T19:43:39.354+0000] {processor.py:157} INFO - Started process (PID=313) to work on /home/airflow/.local/lib/python3.9/site-packages/airflow/example_dags/example_nested_branch_dag.py
[2023-07-23T19:43:39.408+0000] {processor.py:826} INFO - Processing file /home/airflow/.local/lib/python3.9/site-packages/airflow/example_dags/example_nested_branch_dag.py for tasks to queue
[2023-07-23T19:43:39.409+0000] {logging_mixin.py:150} INFO - [2023-07-23T19:43:39.409+0000] {dagbag.py:541} INFO - Filling up the DagBag from /home/airflow/.local/lib/python3.9/site-packages/airflow/example_dags/example_nested_branch_dag.py
[2023-07-23T19:43:39.477+0000] {processor.py:836} INFO - DAG(s) dict_keys(['example_nested_branch_dag']) retrieved from /home/airflow/.local/lib/python3.9/site-packages/airflow/example_dags/example_nested_branch_dag.py
[2023-07-23T19:43:39.656+0000] {logging_mixin.py:150} INFO - [2023-07-23T19:43:39.656+0000] {dag.py:2742} INFO - Sync 1 DAGs
[2023-07-23T19:43:39.828+0000] {logging_mixin.py:150} INFO - [2023-07-23T19:43:39.828+0000] {dag.py:3504} INFO - Setting next_dagrun for example_nested_branch_dag to 2023-07-22T00:00:00+00:00, run_after=2023-07-23T00:00:00+00:00
[2023-07-23T19:43:39.951+0000] {processor.py:179} INFO - Processing /home/airflow/.local/lib/python3.9/site-packages/airflow/example_dags/example_nested_branch_dag.py took 0.602 seconds
[2023-07-23T19:44:10.752+0000] {processor.py:157} INFO - Started process (PID=366) to work on /home/airflow/.local/lib/python3.9/site-packages/airflow/example_dags/example_nested_branch_dag.py
[2023-07-23T19:44:10.776+0000] {processor.py:826} INFO - Processing file /home/airflow/.local/lib/python3.9/site-packages/airflow/example_dags/example_nested_branch_dag.py for tasks to queue
[2023-07-23T19:44:10.777+0000] {logging_mixin.py:150} INFO - [2023-07-23T19:44:10.777+0000] {dagbag.py:541} INFO - Filling up the DagBag from /home/airflow/.local/lib/python3.9/site-packages/airflow/example_dags/example_nested_branch_dag.py
[2023-07-23T19:44:10.807+0000] {processor.py:836} INFO - DAG(s) dict_keys(['example_nested_branch_dag']) retrieved from /home/airflow/.local/lib/python3.9/site-packages/airflow/example_dags/example_nested_branch_dag.py
[2023-07-23T19:44:10.875+0000] {logging_mixin.py:150} INFO - [2023-07-23T19:44:10.875+0000] {dag.py:2742} INFO - Sync 1 DAGs
[2023-07-23T19:44:10.941+0000] {logging_mixin.py:150} INFO - [2023-07-23T19:44:10.941+0000] {dag.py:3504} INFO - Setting next_dagrun for example_nested_branch_dag to 2023-07-22T00:00:00+00:00, run_after=2023-07-23T00:00:00+00:00
[2023-07-23T19:44:10.981+0000] {processor.py:179} INFO - Processing /home/airflow/.local/lib/python3.9/site-packages/airflow/example_dags/example_nested_branch_dag.py took 0.233 seconds
[2023-07-23T19:44:41.072+0000] {processor.py:157} INFO - Started process (PID=428) to work on /home/airflow/.local/lib/python3.9/site-packages/airflow/example_dags/example_nested_branch_dag.py
[2023-07-23T19:44:41.073+0000] {processor.py:826} INFO - Processing file /home/airflow/.local/lib/python3.9/site-packages/airflow/example_dags/example_nested_branch_dag.py for tasks to queue
[2023-07-23T19:44:41.074+0000] {logging_mixin.py:150} INFO - [2023-07-23T19:44:41.074+0000] {dagbag.py:541} INFO - Filling up the DagBag from /home/airflow/.local/lib/python3.9/site-packages/airflow/example_dags/example_nested_branch_dag.py
[2023-07-23T19:44:41.096+0000] {processor.py:836} INFO - DAG(s) dict_keys(['example_nested_branch_dag']) retrieved from /home/airflow/.local/lib/python3.9/site-packages/airflow/example_dags/example_nested_branch_dag.py
[2023-07-23T19:44:41.149+0000] {logging_mixin.py:150} INFO - [2023-07-23T19:44:41.149+0000] {dag.py:2742} INFO - Sync 1 DAGs
[2023-07-23T19:44:41.238+0000] {logging_mixin.py:150} INFO - [2023-07-23T19:44:41.238+0000] {dag.py:3504} INFO - Setting next_dagrun for example_nested_branch_dag to 2023-07-22T00:00:00+00:00, run_after=2023-07-23T00:00:00+00:00
[2023-07-23T19:44:41.276+0000] {processor.py:179} INFO - Processing /home/airflow/.local/lib/python3.9/site-packages/airflow/example_dags/example_nested_branch_dag.py took 0.209 seconds
[2023-07-23T19:45:11.792+0000] {processor.py:157} INFO - Started process (PID=489) to work on /home/airflow/.local/lib/python3.9/site-packages/airflow/example_dags/example_nested_branch_dag.py
[2023-07-23T19:45:11.793+0000] {processor.py:826} INFO - Processing file /home/airflow/.local/lib/python3.9/site-packages/airflow/example_dags/example_nested_branch_dag.py for tasks to queue
[2023-07-23T19:45:11.794+0000] {logging_mixin.py:150} INFO - [2023-07-23T19:45:11.794+0000] {dagbag.py:541} INFO - Filling up the DagBag from /home/airflow/.local/lib/python3.9/site-packages/airflow/example_dags/example_nested_branch_dag.py
[2023-07-23T19:45:11.821+0000] {processor.py:836} INFO - DAG(s) dict_keys(['example_nested_branch_dag']) retrieved from /home/airflow/.local/lib/python3.9/site-packages/airflow/example_dags/example_nested_branch_dag.py
[2023-07-23T19:45:11.917+0000] {logging_mixin.py:150} INFO - [2023-07-23T19:45:11.916+0000] {dag.py:2742} INFO - Sync 1 DAGs
[2023-07-23T19:45:11.988+0000] {logging_mixin.py:150} INFO - [2023-07-23T19:45:11.988+0000] {dag.py:3504} INFO - Setting next_dagrun for example_nested_branch_dag to 2023-07-22T00:00:00+00:00, run_after=2023-07-23T00:00:00+00:00
[2023-07-23T19:45:12.070+0000] {processor.py:179} INFO - Processing /home/airflow/.local/lib/python3.9/site-packages/airflow/example_dags/example_nested_branch_dag.py took 0.282 seconds
[2023-07-23T19:45:42.831+0000] {processor.py:157} INFO - Started process (PID=550) to work on /home/airflow/.local/lib/python3.9/site-packages/airflow/example_dags/example_nested_branch_dag.py
[2023-07-23T19:45:42.832+0000] {processor.py:826} INFO - Processing file /home/airflow/.local/lib/python3.9/site-packages/airflow/example_dags/example_nested_branch_dag.py for tasks to queue
[2023-07-23T19:45:42.833+0000] {logging_mixin.py:150} INFO - [2023-07-23T19:45:42.833+0000] {dagbag.py:541} INFO - Filling up the DagBag from /home/airflow/.local/lib/python3.9/site-packages/airflow/example_dags/example_nested_branch_dag.py
[2023-07-23T19:45:42.906+0000] {processor.py:836} INFO - DAG(s) dict_keys(['example_nested_branch_dag']) retrieved from /home/airflow/.local/lib/python3.9/site-packages/airflow/example_dags/example_nested_branch_dag.py
[2023-07-23T19:45:43.000+0000] {logging_mixin.py:150} INFO - [2023-07-23T19:45:43.000+0000] {dag.py:2742} INFO - Sync 1 DAGs
[2023-07-23T19:45:43.157+0000] {logging_mixin.py:150} INFO - [2023-07-23T19:45:43.157+0000] {dag.py:3504} INFO - Setting next_dagrun for example_nested_branch_dag to 2023-07-22T00:00:00+00:00, run_after=2023-07-23T00:00:00+00:00
[2023-07-23T19:45:43.315+0000] {processor.py:179} INFO - Processing /home/airflow/.local/lib/python3.9/site-packages/airflow/example_dags/example_nested_branch_dag.py took 0.489 seconds
[2023-07-23T19:46:13.437+0000] {processor.py:157} INFO - Started process (PID=605) to work on /home/airflow/.local/lib/python3.9/site-packages/airflow/example_dags/example_nested_branch_dag.py
[2023-07-23T19:46:13.441+0000] {processor.py:826} INFO - Processing file /home/airflow/.local/lib/python3.9/site-packages/airflow/example_dags/example_nested_branch_dag.py for tasks to queue
[2023-07-23T19:46:13.444+0000] {logging_mixin.py:150} INFO - [2023-07-23T19:46:13.444+0000] {dagbag.py:541} INFO - Filling up the DagBag from /home/airflow/.local/lib/python3.9/site-packages/airflow/example_dags/example_nested_branch_dag.py
[2023-07-23T19:46:13.473+0000] {processor.py:836} INFO - DAG(s) dict_keys(['example_nested_branch_dag']) retrieved from /home/airflow/.local/lib/python3.9/site-packages/airflow/example_dags/example_nested_branch_dag.py
[2023-07-23T19:46:13.527+0000] {logging_mixin.py:150} INFO - [2023-07-23T19:46:13.526+0000] {dag.py:2742} INFO - Sync 1 DAGs
[2023-07-23T19:46:13.563+0000] {logging_mixin.py:150} INFO - [2023-07-23T19:46:13.562+0000] {dag.py:3504} INFO - Setting next_dagrun for example_nested_branch_dag to 2023-07-22T00:00:00+00:00, run_after=2023-07-23T00:00:00+00:00
[2023-07-23T19:46:13.585+0000] {processor.py:179} INFO - Processing /home/airflow/.local/lib/python3.9/site-packages/airflow/example_dags/example_nested_branch_dag.py took 0.153 seconds
[2023-07-23T19:46:44.150+0000] {processor.py:157} INFO - Started process (PID=673) to work on /home/airflow/.local/lib/python3.9/site-packages/airflow/example_dags/example_nested_branch_dag.py
[2023-07-23T19:46:44.155+0000] {processor.py:826} INFO - Processing file /home/airflow/.local/lib/python3.9/site-packages/airflow/example_dags/example_nested_branch_dag.py for tasks to queue
[2023-07-23T19:46:44.156+0000] {logging_mixin.py:150} INFO - [2023-07-23T19:46:44.156+0000] {dagbag.py:541} INFO - Filling up the DagBag from /home/airflow/.local/lib/python3.9/site-packages/airflow/example_dags/example_nested_branch_dag.py
[2023-07-23T19:46:44.179+0000] {processor.py:836} INFO - DAG(s) dict_keys(['example_nested_branch_dag']) retrieved from /home/airflow/.local/lib/python3.9/site-packages/airflow/example_dags/example_nested_branch_dag.py
[2023-07-23T19:46:44.240+0000] {logging_mixin.py:150} INFO - [2023-07-23T19:46:44.240+0000] {dag.py:2742} INFO - Sync 1 DAGs
[2023-07-23T19:46:44.300+0000] {logging_mixin.py:150} INFO - [2023-07-23T19:46:44.300+0000] {dag.py:3504} INFO - Setting next_dagrun for example_nested_branch_dag to 2023-07-22T00:00:00+00:00, run_after=2023-07-23T00:00:00+00:00
[2023-07-23T19:46:44.372+0000] {processor.py:179} INFO - Processing /home/airflow/.local/lib/python3.9/site-packages/airflow/example_dags/example_nested_branch_dag.py took 0.226 seconds
[2023-07-23T19:47:15.090+0000] {processor.py:157} INFO - Started process (PID=735) to work on /home/airflow/.local/lib/python3.9/site-packages/airflow/example_dags/example_nested_branch_dag.py
[2023-07-23T19:47:15.091+0000] {processor.py:826} INFO - Processing file /home/airflow/.local/lib/python3.9/site-packages/airflow/example_dags/example_nested_branch_dag.py for tasks to queue
[2023-07-23T19:47:15.092+0000] {logging_mixin.py:150} INFO - [2023-07-23T19:47:15.092+0000] {dagbag.py:541} INFO - Filling up the DagBag from /home/airflow/.local/lib/python3.9/site-packages/airflow/example_dags/example_nested_branch_dag.py
[2023-07-23T19:47:15.105+0000] {processor.py:836} INFO - DAG(s) dict_keys(['example_nested_branch_dag']) retrieved from /home/airflow/.local/lib/python3.9/site-packages/airflow/example_dags/example_nested_branch_dag.py
[2023-07-23T19:47:15.133+0000] {logging_mixin.py:150} INFO - [2023-07-23T19:47:15.133+0000] {dag.py:2742} INFO - Sync 1 DAGs
[2023-07-23T19:47:15.162+0000] {logging_mixin.py:150} INFO - [2023-07-23T19:47:15.162+0000] {dag.py:3504} INFO - Setting next_dagrun for example_nested_branch_dag to 2023-07-22T00:00:00+00:00, run_after=2023-07-23T00:00:00+00:00
[2023-07-23T19:47:15.183+0000] {processor.py:179} INFO - Processing /home/airflow/.local/lib/python3.9/site-packages/airflow/example_dags/example_nested_branch_dag.py took 0.097 seconds
[2023-07-23T19:47:45.729+0000] {processor.py:157} INFO - Started process (PID=797) to work on /home/airflow/.local/lib/python3.9/site-packages/airflow/example_dags/example_nested_branch_dag.py
[2023-07-23T19:47:45.735+0000] {processor.py:826} INFO - Processing file /home/airflow/.local/lib/python3.9/site-packages/airflow/example_dags/example_nested_branch_dag.py for tasks to queue
[2023-07-23T19:47:45.746+0000] {logging_mixin.py:150} INFO - [2023-07-23T19:47:45.745+0000] {dagbag.py:541} INFO - Filling up the DagBag from /home/airflow/.local/lib/python3.9/site-packages/airflow/example_dags/example_nested_branch_dag.py
[2023-07-23T19:47:45.765+0000] {processor.py:836} INFO - DAG(s) dict_keys(['example_nested_branch_dag']) retrieved from /home/airflow/.local/lib/python3.9/site-packages/airflow/example_dags/example_nested_branch_dag.py
[2023-07-23T19:47:45.834+0000] {logging_mixin.py:150} INFO - [2023-07-23T19:47:45.833+0000] {dag.py:2742} INFO - Sync 1 DAGs
[2023-07-23T19:47:45.898+0000] {logging_mixin.py:150} INFO - [2023-07-23T19:47:45.898+0000] {dag.py:3504} INFO - Setting next_dagrun for example_nested_branch_dag to 2023-07-22T00:00:00+00:00, run_after=2023-07-23T00:00:00+00:00
[2023-07-23T19:47:45.947+0000] {processor.py:179} INFO - Processing /home/airflow/.local/lib/python3.9/site-packages/airflow/example_dags/example_nested_branch_dag.py took 0.222 seconds
[2023-07-23T19:48:16.376+0000] {processor.py:157} INFO - Started process (PID=852) to work on /home/airflow/.local/lib/python3.9/site-packages/airflow/example_dags/example_nested_branch_dag.py
[2023-07-23T19:48:16.377+0000] {processor.py:826} INFO - Processing file /home/airflow/.local/lib/python3.9/site-packages/airflow/example_dags/example_nested_branch_dag.py for tasks to queue
[2023-07-23T19:48:16.378+0000] {logging_mixin.py:150} INFO - [2023-07-23T19:48:16.378+0000] {dagbag.py:541} INFO - Filling up the DagBag from /home/airflow/.local/lib/python3.9/site-packages/airflow/example_dags/example_nested_branch_dag.py
[2023-07-23T19:48:16.401+0000] {processor.py:836} INFO - DAG(s) dict_keys(['example_nested_branch_dag']) retrieved from /home/airflow/.local/lib/python3.9/site-packages/airflow/example_dags/example_nested_branch_dag.py
[2023-07-23T19:48:16.466+0000] {logging_mixin.py:150} INFO - [2023-07-23T19:48:16.465+0000] {dag.py:2742} INFO - Sync 1 DAGs
[2023-07-23T19:48:16.548+0000] {logging_mixin.py:150} INFO - [2023-07-23T19:48:16.548+0000] {dag.py:3504} INFO - Setting next_dagrun for example_nested_branch_dag to 2023-07-22T00:00:00+00:00, run_after=2023-07-23T00:00:00+00:00
[2023-07-23T19:48:16.609+0000] {processor.py:179} INFO - Processing /home/airflow/.local/lib/python3.9/site-packages/airflow/example_dags/example_nested_branch_dag.py took 0.248 seconds
[2023-07-23T19:48:46.744+0000] {processor.py:157} INFO - Started process (PID=914) to work on /home/airflow/.local/lib/python3.9/site-packages/airflow/example_dags/example_nested_branch_dag.py
[2023-07-23T19:48:46.755+0000] {processor.py:826} INFO - Processing file /home/airflow/.local/lib/python3.9/site-packages/airflow/example_dags/example_nested_branch_dag.py for tasks to queue
[2023-07-23T19:48:46.756+0000] {logging_mixin.py:150} INFO - [2023-07-23T19:48:46.756+0000] {dagbag.py:541} INFO - Filling up the DagBag from /home/airflow/.local/lib/python3.9/site-packages/airflow/example_dags/example_nested_branch_dag.py
[2023-07-23T19:48:46.779+0000] {processor.py:836} INFO - DAG(s) dict_keys(['example_nested_branch_dag']) retrieved from /home/airflow/.local/lib/python3.9/site-packages/airflow/example_dags/example_nested_branch_dag.py
[2023-07-23T19:48:46.836+0000] {logging_mixin.py:150} INFO - [2023-07-23T19:48:46.835+0000] {dag.py:2742} INFO - Sync 1 DAGs
[2023-07-23T19:48:46.874+0000] {logging_mixin.py:150} INFO - [2023-07-23T19:48:46.874+0000] {dag.py:3504} INFO - Setting next_dagrun for example_nested_branch_dag to 2023-07-22T00:00:00+00:00, run_after=2023-07-23T00:00:00+00:00
[2023-07-23T19:48:46.916+0000] {processor.py:179} INFO - Processing /home/airflow/.local/lib/python3.9/site-packages/airflow/example_dags/example_nested_branch_dag.py took 0.176 seconds
[2023-07-23T19:49:17.318+0000] {processor.py:157} INFO - Started process (PID=975) to work on /home/airflow/.local/lib/python3.9/site-packages/airflow/example_dags/example_nested_branch_dag.py
[2023-07-23T19:49:17.321+0000] {processor.py:826} INFO - Processing file /home/airflow/.local/lib/python3.9/site-packages/airflow/example_dags/example_nested_branch_dag.py for tasks to queue
[2023-07-23T19:49:17.322+0000] {logging_mixin.py:150} INFO - [2023-07-23T19:49:17.321+0000] {dagbag.py:541} INFO - Filling up the DagBag from /home/airflow/.local/lib/python3.9/site-packages/airflow/example_dags/example_nested_branch_dag.py
[2023-07-23T19:49:17.354+0000] {processor.py:836} INFO - DAG(s) dict_keys(['example_nested_branch_dag']) retrieved from /home/airflow/.local/lib/python3.9/site-packages/airflow/example_dags/example_nested_branch_dag.py
[2023-07-23T19:49:17.458+0000] {logging_mixin.py:150} INFO - [2023-07-23T19:49:17.457+0000] {dag.py:2742} INFO - Sync 1 DAGs
[2023-07-23T19:49:17.578+0000] {logging_mixin.py:150} INFO - [2023-07-23T19:49:17.578+0000] {dag.py:3504} INFO - Setting next_dagrun for example_nested_branch_dag to 2023-07-22T00:00:00+00:00, run_after=2023-07-23T00:00:00+00:00
[2023-07-23T19:49:17.675+0000] {processor.py:179} INFO - Processing /home/airflow/.local/lib/python3.9/site-packages/airflow/example_dags/example_nested_branch_dag.py took 0.394 seconds
[2023-07-23T19:49:49.084+0000] {processor.py:157} INFO - Started process (PID=1037) to work on /home/airflow/.local/lib/python3.9/site-packages/airflow/example_dags/example_nested_branch_dag.py
[2023-07-23T19:49:49.116+0000] {processor.py:826} INFO - Processing file /home/airflow/.local/lib/python3.9/site-packages/airflow/example_dags/example_nested_branch_dag.py for tasks to queue
[2023-07-23T19:49:49.117+0000] {logging_mixin.py:150} INFO - [2023-07-23T19:49:49.116+0000] {dagbag.py:541} INFO - Filling up the DagBag from /home/airflow/.local/lib/python3.9/site-packages/airflow/example_dags/example_nested_branch_dag.py
[2023-07-23T19:49:49.190+0000] {processor.py:836} INFO - DAG(s) dict_keys(['example_nested_branch_dag']) retrieved from /home/airflow/.local/lib/python3.9/site-packages/airflow/example_dags/example_nested_branch_dag.py
[2023-07-23T19:49:49.296+0000] {logging_mixin.py:150} INFO - [2023-07-23T19:49:49.295+0000] {dag.py:2742} INFO - Sync 1 DAGs
[2023-07-23T19:49:49.398+0000] {logging_mixin.py:150} INFO - [2023-07-23T19:49:49.398+0000] {dag.py:3504} INFO - Setting next_dagrun for example_nested_branch_dag to 2023-07-22T00:00:00+00:00, run_after=2023-07-23T00:00:00+00:00
[2023-07-23T19:49:49.476+0000] {processor.py:179} INFO - Processing /home/airflow/.local/lib/python3.9/site-packages/airflow/example_dags/example_nested_branch_dag.py took 0.397 seconds
[2023-07-23T19:50:20.528+0000] {processor.py:157} INFO - Started process (PID=1089) to work on /home/airflow/.local/lib/python3.9/site-packages/airflow/example_dags/example_nested_branch_dag.py
[2023-07-23T19:50:20.535+0000] {processor.py:826} INFO - Processing file /home/airflow/.local/lib/python3.9/site-packages/airflow/example_dags/example_nested_branch_dag.py for tasks to queue
[2023-07-23T19:50:20.537+0000] {logging_mixin.py:150} INFO - [2023-07-23T19:50:20.536+0000] {dagbag.py:541} INFO - Filling up the DagBag from /home/airflow/.local/lib/python3.9/site-packages/airflow/example_dags/example_nested_branch_dag.py
[2023-07-23T19:50:20.582+0000] {processor.py:836} INFO - DAG(s) dict_keys(['example_nested_branch_dag']) retrieved from /home/airflow/.local/lib/python3.9/site-packages/airflow/example_dags/example_nested_branch_dag.py
[2023-07-23T19:50:20.704+0000] {logging_mixin.py:150} INFO - [2023-07-23T19:50:20.704+0000] {dag.py:2742} INFO - Sync 1 DAGs
[2023-07-23T19:50:20.768+0000] {logging_mixin.py:150} INFO - [2023-07-23T19:50:20.768+0000] {dag.py:3504} INFO - Setting next_dagrun for example_nested_branch_dag to 2023-07-22T00:00:00+00:00, run_after=2023-07-23T00:00:00+00:00
[2023-07-23T19:50:20.839+0000] {processor.py:179} INFO - Processing /home/airflow/.local/lib/python3.9/site-packages/airflow/example_dags/example_nested_branch_dag.py took 0.346 seconds
[2023-07-23T19:50:55.294+0000] {processor.py:157} INFO - Started process (PID=1150) to work on /home/airflow/.local/lib/python3.9/site-packages/airflow/example_dags/example_nested_branch_dag.py
[2023-07-23T19:50:55.316+0000] {processor.py:826} INFO - Processing file /home/airflow/.local/lib/python3.9/site-packages/airflow/example_dags/example_nested_branch_dag.py for tasks to queue
[2023-07-23T19:50:55.317+0000] {logging_mixin.py:150} INFO - [2023-07-23T19:50:55.316+0000] {dagbag.py:541} INFO - Filling up the DagBag from /home/airflow/.local/lib/python3.9/site-packages/airflow/example_dags/example_nested_branch_dag.py
[2023-07-23T19:50:55.344+0000] {processor.py:836} INFO - DAG(s) dict_keys(['example_nested_branch_dag']) retrieved from /home/airflow/.local/lib/python3.9/site-packages/airflow/example_dags/example_nested_branch_dag.py
[2023-07-23T19:50:55.446+0000] {logging_mixin.py:150} INFO - [2023-07-23T19:50:55.446+0000] {dag.py:2742} INFO - Sync 1 DAGs
[2023-07-23T19:50:55.604+0000] {logging_mixin.py:150} INFO - [2023-07-23T19:50:55.604+0000] {dag.py:3504} INFO - Setting next_dagrun for example_nested_branch_dag to 2023-07-22T00:00:00+00:00, run_after=2023-07-23T00:00:00+00:00
[2023-07-23T19:50:55.739+0000] {processor.py:179} INFO - Processing /home/airflow/.local/lib/python3.9/site-packages/airflow/example_dags/example_nested_branch_dag.py took 0.450 seconds
[2023-07-23T19:51:27.243+0000] {processor.py:157} INFO - Started process (PID=1211) to work on /home/airflow/.local/lib/python3.9/site-packages/airflow/example_dags/example_nested_branch_dag.py
[2023-07-23T19:51:27.275+0000] {processor.py:826} INFO - Processing file /home/airflow/.local/lib/python3.9/site-packages/airflow/example_dags/example_nested_branch_dag.py for tasks to queue
[2023-07-23T19:51:27.296+0000] {logging_mixin.py:150} INFO - [2023-07-23T19:51:27.295+0000] {dagbag.py:541} INFO - Filling up the DagBag from /home/airflow/.local/lib/python3.9/site-packages/airflow/example_dags/example_nested_branch_dag.py
[2023-07-23T19:51:27.399+0000] {processor.py:836} INFO - DAG(s) dict_keys(['example_nested_branch_dag']) retrieved from /home/airflow/.local/lib/python3.9/site-packages/airflow/example_dags/example_nested_branch_dag.py
[2023-07-23T19:51:27.526+0000] {logging_mixin.py:150} INFO - [2023-07-23T19:51:27.525+0000] {dag.py:2742} INFO - Sync 1 DAGs
[2023-07-23T19:51:27.652+0000] {logging_mixin.py:150} INFO - [2023-07-23T19:51:27.652+0000] {dag.py:3504} INFO - Setting next_dagrun for example_nested_branch_dag to 2023-07-22T00:00:00+00:00, run_after=2023-07-23T00:00:00+00:00
[2023-07-23T19:51:27.804+0000] {processor.py:179} INFO - Processing /home/airflow/.local/lib/python3.9/site-packages/airflow/example_dags/example_nested_branch_dag.py took 0.565 seconds
[2023-07-23T19:51:58.357+0000] {processor.py:157} INFO - Started process (PID=1274) to work on /home/airflow/.local/lib/python3.9/site-packages/airflow/example_dags/example_nested_branch_dag.py
[2023-07-23T19:51:58.372+0000] {processor.py:826} INFO - Processing file /home/airflow/.local/lib/python3.9/site-packages/airflow/example_dags/example_nested_branch_dag.py for tasks to queue
[2023-07-23T19:51:58.373+0000] {logging_mixin.py:150} INFO - [2023-07-23T19:51:58.373+0000] {dagbag.py:541} INFO - Filling up the DagBag from /home/airflow/.local/lib/python3.9/site-packages/airflow/example_dags/example_nested_branch_dag.py
[2023-07-23T19:51:58.396+0000] {processor.py:836} INFO - DAG(s) dict_keys(['example_nested_branch_dag']) retrieved from /home/airflow/.local/lib/python3.9/site-packages/airflow/example_dags/example_nested_branch_dag.py
[2023-07-23T19:51:58.454+0000] {logging_mixin.py:150} INFO - [2023-07-23T19:51:58.454+0000] {dag.py:2742} INFO - Sync 1 DAGs
[2023-07-23T19:51:58.519+0000] {logging_mixin.py:150} INFO - [2023-07-23T19:51:58.519+0000] {dag.py:3504} INFO - Setting next_dagrun for example_nested_branch_dag to 2023-07-22T00:00:00+00:00, run_after=2023-07-23T00:00:00+00:00
[2023-07-23T19:51:58.576+0000] {processor.py:179} INFO - Processing /home/airflow/.local/lib/python3.9/site-packages/airflow/example_dags/example_nested_branch_dag.py took 0.224 seconds
[2023-07-23T19:52:28.651+0000] {processor.py:157} INFO - Started process (PID=1328) to work on /home/airflow/.local/lib/python3.9/site-packages/airflow/example_dags/example_nested_branch_dag.py
[2023-07-23T19:52:28.654+0000] {processor.py:826} INFO - Processing file /home/airflow/.local/lib/python3.9/site-packages/airflow/example_dags/example_nested_branch_dag.py for tasks to queue
[2023-07-23T19:52:28.654+0000] {logging_mixin.py:150} INFO - [2023-07-23T19:52:28.654+0000] {dagbag.py:541} INFO - Filling up the DagBag from /home/airflow/.local/lib/python3.9/site-packages/airflow/example_dags/example_nested_branch_dag.py
[2023-07-23T19:52:28.687+0000] {processor.py:836} INFO - DAG(s) dict_keys(['example_nested_branch_dag']) retrieved from /home/airflow/.local/lib/python3.9/site-packages/airflow/example_dags/example_nested_branch_dag.py
[2023-07-23T19:52:28.747+0000] {logging_mixin.py:150} INFO - [2023-07-23T19:52:28.746+0000] {dag.py:2742} INFO - Sync 1 DAGs
[2023-07-23T19:52:28.823+0000] {logging_mixin.py:150} INFO - [2023-07-23T19:52:28.823+0000] {dag.py:3504} INFO - Setting next_dagrun for example_nested_branch_dag to 2023-07-22T00:00:00+00:00, run_after=2023-07-23T00:00:00+00:00
[2023-07-23T19:52:28.877+0000] {processor.py:179} INFO - Processing /home/airflow/.local/lib/python3.9/site-packages/airflow/example_dags/example_nested_branch_dag.py took 0.231 seconds
[2023-07-23T19:53:01.264+0000] {processor.py:157} INFO - Started process (PID=1377) to work on /home/airflow/.local/lib/python3.9/site-packages/airflow/example_dags/example_nested_branch_dag.py
[2023-07-23T19:53:01.291+0000] {processor.py:826} INFO - Processing file /home/airflow/.local/lib/python3.9/site-packages/airflow/example_dags/example_nested_branch_dag.py for tasks to queue
[2023-07-23T19:53:01.292+0000] {logging_mixin.py:150} INFO - [2023-07-23T19:53:01.292+0000] {dagbag.py:541} INFO - Filling up the DagBag from /home/airflow/.local/lib/python3.9/site-packages/airflow/example_dags/example_nested_branch_dag.py
[2023-07-23T19:53:01.378+0000] {processor.py:836} INFO - DAG(s) dict_keys(['example_nested_branch_dag']) retrieved from /home/airflow/.local/lib/python3.9/site-packages/airflow/example_dags/example_nested_branch_dag.py
[2023-07-23T19:53:01.589+0000] {logging_mixin.py:150} INFO - [2023-07-23T19:53:01.589+0000] {dag.py:2742} INFO - Sync 1 DAGs
[2023-07-23T19:53:01.765+0000] {logging_mixin.py:150} INFO - [2023-07-23T19:53:01.755+0000] {dag.py:3504} INFO - Setting next_dagrun for example_nested_branch_dag to 2023-07-22T00:00:00+00:00, run_after=2023-07-23T00:00:00+00:00
[2023-07-23T19:53:01.848+0000] {processor.py:179} INFO - Processing /home/airflow/.local/lib/python3.9/site-packages/airflow/example_dags/example_nested_branch_dag.py took 0.609 seconds
[2023-07-23T19:53:31.968+0000] {processor.py:157} INFO - Started process (PID=1439) to work on /home/airflow/.local/lib/python3.9/site-packages/airflow/example_dags/example_nested_branch_dag.py
[2023-07-23T19:53:31.970+0000] {processor.py:826} INFO - Processing file /home/airflow/.local/lib/python3.9/site-packages/airflow/example_dags/example_nested_branch_dag.py for tasks to queue
[2023-07-23T19:53:31.971+0000] {logging_mixin.py:150} INFO - [2023-07-23T19:53:31.970+0000] {dagbag.py:541} INFO - Filling up the DagBag from /home/airflow/.local/lib/python3.9/site-packages/airflow/example_dags/example_nested_branch_dag.py
[2023-07-23T19:53:32.003+0000] {processor.py:836} INFO - DAG(s) dict_keys(['example_nested_branch_dag']) retrieved from /home/airflow/.local/lib/python3.9/site-packages/airflow/example_dags/example_nested_branch_dag.py
[2023-07-23T19:53:32.115+0000] {logging_mixin.py:150} INFO - [2023-07-23T19:53:32.114+0000] {dag.py:2742} INFO - Sync 1 DAGs
[2023-07-23T19:53:32.258+0000] {logging_mixin.py:150} INFO - [2023-07-23T19:53:32.258+0000] {dag.py:3504} INFO - Setting next_dagrun for example_nested_branch_dag to 2023-07-22T00:00:00+00:00, run_after=2023-07-23T00:00:00+00:00
[2023-07-23T19:53:32.386+0000] {processor.py:179} INFO - Processing /home/airflow/.local/lib/python3.9/site-packages/airflow/example_dags/example_nested_branch_dag.py took 0.442 seconds
[2023-07-23T19:54:03.454+0000] {processor.py:157} INFO - Started process (PID=1501) to work on /home/airflow/.local/lib/python3.9/site-packages/airflow/example_dags/example_nested_branch_dag.py
[2023-07-23T19:54:03.526+0000] {processor.py:826} INFO - Processing file /home/airflow/.local/lib/python3.9/site-packages/airflow/example_dags/example_nested_branch_dag.py for tasks to queue
[2023-07-23T19:54:03.527+0000] {logging_mixin.py:150} INFO - [2023-07-23T19:54:03.526+0000] {dagbag.py:541} INFO - Filling up the DagBag from /home/airflow/.local/lib/python3.9/site-packages/airflow/example_dags/example_nested_branch_dag.py
[2023-07-23T19:54:03.598+0000] {processor.py:836} INFO - DAG(s) dict_keys(['example_nested_branch_dag']) retrieved from /home/airflow/.local/lib/python3.9/site-packages/airflow/example_dags/example_nested_branch_dag.py
[2023-07-23T19:54:03.676+0000] {logging_mixin.py:150} INFO - [2023-07-23T19:54:03.676+0000] {dag.py:2742} INFO - Sync 1 DAGs
[2023-07-23T19:54:03.792+0000] {logging_mixin.py:150} INFO - [2023-07-23T19:54:03.791+0000] {dag.py:3504} INFO - Setting next_dagrun for example_nested_branch_dag to 2023-07-22T00:00:00+00:00, run_after=2023-07-23T00:00:00+00:00
[2023-07-23T19:54:03.866+0000] {processor.py:179} INFO - Processing /home/airflow/.local/lib/python3.9/site-packages/airflow/example_dags/example_nested_branch_dag.py took 0.417 seconds
[2023-07-23T19:54:34.454+0000] {processor.py:157} INFO - Started process (PID=1555) to work on /home/airflow/.local/lib/python3.9/site-packages/airflow/example_dags/example_nested_branch_dag.py
[2023-07-23T19:54:34.460+0000] {processor.py:826} INFO - Processing file /home/airflow/.local/lib/python3.9/site-packages/airflow/example_dags/example_nested_branch_dag.py for tasks to queue
[2023-07-23T19:54:34.461+0000] {logging_mixin.py:150} INFO - [2023-07-23T19:54:34.461+0000] {dagbag.py:541} INFO - Filling up the DagBag from /home/airflow/.local/lib/python3.9/site-packages/airflow/example_dags/example_nested_branch_dag.py
[2023-07-23T19:54:34.514+0000] {processor.py:836} INFO - DAG(s) dict_keys(['example_nested_branch_dag']) retrieved from /home/airflow/.local/lib/python3.9/site-packages/airflow/example_dags/example_nested_branch_dag.py
[2023-07-23T19:54:34.656+0000] {logging_mixin.py:150} INFO - [2023-07-23T19:54:34.656+0000] {dag.py:2742} INFO - Sync 1 DAGs
[2023-07-23T19:54:34.738+0000] {logging_mixin.py:150} INFO - [2023-07-23T19:54:34.738+0000] {dag.py:3504} INFO - Setting next_dagrun for example_nested_branch_dag to 2023-07-22T00:00:00+00:00, run_after=2023-07-23T00:00:00+00:00
[2023-07-23T19:54:34.801+0000] {processor.py:179} INFO - Processing /home/airflow/.local/lib/python3.9/site-packages/airflow/example_dags/example_nested_branch_dag.py took 0.358 seconds
[2023-07-23T19:55:07.724+0000] {processor.py:157} INFO - Started process (PID=1625) to work on /home/airflow/.local/lib/python3.9/site-packages/airflow/example_dags/example_nested_branch_dag.py
[2023-07-23T19:55:07.776+0000] {processor.py:826} INFO - Processing file /home/airflow/.local/lib/python3.9/site-packages/airflow/example_dags/example_nested_branch_dag.py for tasks to queue
[2023-07-23T19:55:07.777+0000] {logging_mixin.py:150} INFO - [2023-07-23T19:55:07.776+0000] {dagbag.py:541} INFO - Filling up the DagBag from /home/airflow/.local/lib/python3.9/site-packages/airflow/example_dags/example_nested_branch_dag.py
[2023-07-23T19:55:07.830+0000] {processor.py:836} INFO - DAG(s) dict_keys(['example_nested_branch_dag']) retrieved from /home/airflow/.local/lib/python3.9/site-packages/airflow/example_dags/example_nested_branch_dag.py
[2023-07-23T19:55:08.046+0000] {logging_mixin.py:150} INFO - [2023-07-23T19:55:08.045+0000] {dag.py:2742} INFO - Sync 1 DAGs
[2023-07-23T19:55:08.278+0000] {logging_mixin.py:150} INFO - [2023-07-23T19:55:08.278+0000] {dag.py:3504} INFO - Setting next_dagrun for example_nested_branch_dag to 2023-07-22T00:00:00+00:00, run_after=2023-07-23T00:00:00+00:00
[2023-07-23T19:55:08.518+0000] {processor.py:179} INFO - Processing /home/airflow/.local/lib/python3.9/site-packages/airflow/example_dags/example_nested_branch_dag.py took 0.799 seconds
[2023-07-23T19:55:39.338+0000] {processor.py:157} INFO - Started process (PID=1681) to work on /home/airflow/.local/lib/python3.9/site-packages/airflow/example_dags/example_nested_branch_dag.py
[2023-07-23T19:55:39.385+0000] {processor.py:826} INFO - Processing file /home/airflow/.local/lib/python3.9/site-packages/airflow/example_dags/example_nested_branch_dag.py for tasks to queue
[2023-07-23T19:55:39.387+0000] {logging_mixin.py:150} INFO - [2023-07-23T19:55:39.386+0000] {dagbag.py:541} INFO - Filling up the DagBag from /home/airflow/.local/lib/python3.9/site-packages/airflow/example_dags/example_nested_branch_dag.py
[2023-07-23T19:55:39.440+0000] {processor.py:836} INFO - DAG(s) dict_keys(['example_nested_branch_dag']) retrieved from /home/airflow/.local/lib/python3.9/site-packages/airflow/example_dags/example_nested_branch_dag.py
[2023-07-23T19:55:39.756+0000] {logging_mixin.py:150} INFO - [2023-07-23T19:55:39.756+0000] {dag.py:2742} INFO - Sync 1 DAGs
[2023-07-23T19:55:39.898+0000] {logging_mixin.py:150} INFO - [2023-07-23T19:55:39.898+0000] {dag.py:3504} INFO - Setting next_dagrun for example_nested_branch_dag to 2023-07-22T00:00:00+00:00, run_after=2023-07-23T00:00:00+00:00
[2023-07-23T19:55:39.977+0000] {processor.py:179} INFO - Processing /home/airflow/.local/lib/python3.9/site-packages/airflow/example_dags/example_nested_branch_dag.py took 0.676 seconds
[2023-07-23T19:56:10.094+0000] {processor.py:157} INFO - Started process (PID=1741) to work on /home/airflow/.local/lib/python3.9/site-packages/airflow/example_dags/example_nested_branch_dag.py
[2023-07-23T19:56:10.097+0000] {processor.py:826} INFO - Processing file /home/airflow/.local/lib/python3.9/site-packages/airflow/example_dags/example_nested_branch_dag.py for tasks to queue
[2023-07-23T19:56:10.098+0000] {logging_mixin.py:150} INFO - [2023-07-23T19:56:10.097+0000] {dagbag.py:541} INFO - Filling up the DagBag from /home/airflow/.local/lib/python3.9/site-packages/airflow/example_dags/example_nested_branch_dag.py
[2023-07-23T19:56:10.110+0000] {processor.py:836} INFO - DAG(s) dict_keys(['example_nested_branch_dag']) retrieved from /home/airflow/.local/lib/python3.9/site-packages/airflow/example_dags/example_nested_branch_dag.py
[2023-07-23T19:56:10.171+0000] {logging_mixin.py:150} INFO - [2023-07-23T19:56:10.170+0000] {dag.py:2742} INFO - Sync 1 DAGs
[2023-07-23T19:56:10.238+0000] {logging_mixin.py:150} INFO - [2023-07-23T19:56:10.237+0000] {dag.py:3504} INFO - Setting next_dagrun for example_nested_branch_dag to 2023-07-22T00:00:00+00:00, run_after=2023-07-23T00:00:00+00:00
[2023-07-23T19:56:10.269+0000] {processor.py:179} INFO - Processing /home/airflow/.local/lib/python3.9/site-packages/airflow/example_dags/example_nested_branch_dag.py took 0.185 seconds
[2023-07-23T19:56:41.059+0000] {processor.py:157} INFO - Started process (PID=1801) to work on /home/airflow/.local/lib/python3.9/site-packages/airflow/example_dags/example_nested_branch_dag.py
[2023-07-23T19:56:41.061+0000] {processor.py:826} INFO - Processing file /home/airflow/.local/lib/python3.9/site-packages/airflow/example_dags/example_nested_branch_dag.py for tasks to queue
[2023-07-23T19:56:41.062+0000] {logging_mixin.py:150} INFO - [2023-07-23T19:56:41.061+0000] {dagbag.py:541} INFO - Filling up the DagBag from /home/airflow/.local/lib/python3.9/site-packages/airflow/example_dags/example_nested_branch_dag.py
[2023-07-23T19:56:41.074+0000] {processor.py:836} INFO - DAG(s) dict_keys(['example_nested_branch_dag']) retrieved from /home/airflow/.local/lib/python3.9/site-packages/airflow/example_dags/example_nested_branch_dag.py
[2023-07-23T19:56:41.107+0000] {logging_mixin.py:150} INFO - [2023-07-23T19:56:41.107+0000] {dag.py:2742} INFO - Sync 1 DAGs
[2023-07-23T19:56:41.135+0000] {logging_mixin.py:150} INFO - [2023-07-23T19:56:41.135+0000] {dag.py:3504} INFO - Setting next_dagrun for example_nested_branch_dag to 2023-07-22T00:00:00+00:00, run_after=2023-07-23T00:00:00+00:00
[2023-07-23T19:56:41.155+0000] {processor.py:179} INFO - Processing /home/airflow/.local/lib/python3.9/site-packages/airflow/example_dags/example_nested_branch_dag.py took 0.100 seconds
[2023-07-23T19:57:13.987+0000] {processor.py:157} INFO - Started process (PID=1863) to work on /home/airflow/.local/lib/python3.9/site-packages/airflow/example_dags/example_nested_branch_dag.py
[2023-07-23T19:57:14.014+0000] {processor.py:826} INFO - Processing file /home/airflow/.local/lib/python3.9/site-packages/airflow/example_dags/example_nested_branch_dag.py for tasks to queue
[2023-07-23T19:57:14.015+0000] {logging_mixin.py:150} INFO - [2023-07-23T19:57:14.015+0000] {dagbag.py:541} INFO - Filling up the DagBag from /home/airflow/.local/lib/python3.9/site-packages/airflow/example_dags/example_nested_branch_dag.py
[2023-07-23T19:57:14.152+0000] {processor.py:836} INFO - DAG(s) dict_keys(['example_nested_branch_dag']) retrieved from /home/airflow/.local/lib/python3.9/site-packages/airflow/example_dags/example_nested_branch_dag.py
[2023-07-23T19:57:14.440+0000] {logging_mixin.py:150} INFO - [2023-07-23T19:57:14.440+0000] {dag.py:2742} INFO - Sync 1 DAGs
[2023-07-23T19:57:14.816+0000] {logging_mixin.py:150} INFO - [2023-07-23T19:57:14.815+0000] {dag.py:3504} INFO - Setting next_dagrun for example_nested_branch_dag to 2023-07-22T00:00:00+00:00, run_after=2023-07-23T00:00:00+00:00
[2023-07-23T19:57:15.149+0000] {processor.py:179} INFO - Processing /home/airflow/.local/lib/python3.9/site-packages/airflow/example_dags/example_nested_branch_dag.py took 1.203 seconds
[2023-07-23T19:58:20.919+0000] {processor.py:157} INFO - Started process (PID=1921) to work on /home/airflow/.local/lib/python3.9/site-packages/airflow/example_dags/example_nested_branch_dag.py
[2023-07-23T19:58:20.934+0000] {processor.py:826} INFO - Processing file /home/airflow/.local/lib/python3.9/site-packages/airflow/example_dags/example_nested_branch_dag.py for tasks to queue
[2023-07-23T19:58:20.934+0000] {logging_mixin.py:150} INFO - [2023-07-23T19:58:20.934+0000] {dagbag.py:541} INFO - Filling up the DagBag from /home/airflow/.local/lib/python3.9/site-packages/airflow/example_dags/example_nested_branch_dag.py
[2023-07-23T19:58:21.397+0000] {processor.py:836} INFO - DAG(s) dict_keys(['example_nested_branch_dag']) retrieved from /home/airflow/.local/lib/python3.9/site-packages/airflow/example_dags/example_nested_branch_dag.py
[2023-07-23T19:58:21.983+0000] {logging_mixin.py:150} INFO - [2023-07-23T19:58:21.983+0000] {dag.py:2742} INFO - Sync 1 DAGs
[2023-07-23T19:58:22.292+0000] {logging_mixin.py:150} INFO - [2023-07-23T19:58:22.291+0000] {dag.py:3504} INFO - Setting next_dagrun for example_nested_branch_dag to 2023-07-22T00:00:00+00:00, run_after=2023-07-23T00:00:00+00:00
[2023-07-23T19:58:22.795+0000] {processor.py:179} INFO - Processing /home/airflow/.local/lib/python3.9/site-packages/airflow/example_dags/example_nested_branch_dag.py took 1.892 seconds
[2023-07-23T20:01:13.263+0000] {processor.py:157} INFO - Started process (PID=83) to work on /home/airflow/.local/lib/python3.9/site-packages/airflow/example_dags/example_nested_branch_dag.py
[2023-07-23T20:01:13.282+0000] {processor.py:826} INFO - Processing file /home/airflow/.local/lib/python3.9/site-packages/airflow/example_dags/example_nested_branch_dag.py for tasks to queue
[2023-07-23T20:01:13.283+0000] {logging_mixin.py:150} INFO - [2023-07-23T20:01:13.282+0000] {dagbag.py:541} INFO - Filling up the DagBag from /home/airflow/.local/lib/python3.9/site-packages/airflow/example_dags/example_nested_branch_dag.py
[2023-07-23T20:01:13.316+0000] {processor.py:836} INFO - DAG(s) dict_keys(['example_nested_branch_dag']) retrieved from /home/airflow/.local/lib/python3.9/site-packages/airflow/example_dags/example_nested_branch_dag.py
[2023-07-23T20:01:13.399+0000] {logging_mixin.py:150} INFO - [2023-07-23T20:01:13.399+0000] {dag.py:2742} INFO - Sync 1 DAGs
[2023-07-23T20:01:13.912+0000] {logging_mixin.py:150} INFO - [2023-07-23T20:01:13.912+0000] {dag.py:3504} INFO - Setting next_dagrun for example_nested_branch_dag to 2023-07-22T00:00:00+00:00, run_after=2023-07-23T00:00:00+00:00
[2023-07-23T20:01:14.051+0000] {processor.py:179} INFO - Processing /home/airflow/.local/lib/python3.9/site-packages/airflow/example_dags/example_nested_branch_dag.py took 0.792 seconds
[2023-07-23T20:05:49.864+0000] {processor.py:157} INFO - Started process (PID=115) to work on /home/airflow/.local/lib/python3.9/site-packages/airflow/example_dags/example_nested_branch_dag.py
[2023-07-23T20:05:49.886+0000] {processor.py:826} INFO - Processing file /home/airflow/.local/lib/python3.9/site-packages/airflow/example_dags/example_nested_branch_dag.py for tasks to queue
[2023-07-23T20:05:49.887+0000] {logging_mixin.py:150} INFO - [2023-07-23T20:05:49.887+0000] {dagbag.py:541} INFO - Filling up the DagBag from /home/airflow/.local/lib/python3.9/site-packages/airflow/example_dags/example_nested_branch_dag.py
[2023-07-23T20:05:49.936+0000] {processor.py:836} INFO - DAG(s) dict_keys(['example_nested_branch_dag']) retrieved from /home/airflow/.local/lib/python3.9/site-packages/airflow/example_dags/example_nested_branch_dag.py
[2023-07-23T20:05:50.628+0000] {logging_mixin.py:150} INFO - [2023-07-23T20:05:50.628+0000] {dag.py:2742} INFO - Sync 1 DAGs
[2023-07-23T20:05:50.702+0000] {logging_mixin.py:150} INFO - [2023-07-23T20:05:50.702+0000] {dag.py:3504} INFO - Setting next_dagrun for example_nested_branch_dag to 2023-07-22T00:00:00+00:00, run_after=2023-07-23T00:00:00+00:00
[2023-07-23T20:05:50.774+0000] {processor.py:179} INFO - Processing /home/airflow/.local/lib/python3.9/site-packages/airflow/example_dags/example_nested_branch_dag.py took 0.914 seconds
[2023-07-23T20:06:26.471+0000] {processor.py:157} INFO - Started process (PID=177) to work on /home/airflow/.local/lib/python3.9/site-packages/airflow/example_dags/example_nested_branch_dag.py
[2023-07-23T20:06:26.501+0000] {processor.py:826} INFO - Processing file /home/airflow/.local/lib/python3.9/site-packages/airflow/example_dags/example_nested_branch_dag.py for tasks to queue
[2023-07-23T20:06:26.502+0000] {logging_mixin.py:150} INFO - [2023-07-23T20:06:26.502+0000] {dagbag.py:541} INFO - Filling up the DagBag from /home/airflow/.local/lib/python3.9/site-packages/airflow/example_dags/example_nested_branch_dag.py
[2023-07-23T20:06:26.744+0000] {processor.py:836} INFO - DAG(s) dict_keys(['example_nested_branch_dag']) retrieved from /home/airflow/.local/lib/python3.9/site-packages/airflow/example_dags/example_nested_branch_dag.py
[2023-07-23T20:06:27.436+0000] {logging_mixin.py:150} INFO - [2023-07-23T20:06:27.436+0000] {dag.py:2742} INFO - Sync 1 DAGs
[2023-07-23T20:06:27.876+0000] {logging_mixin.py:150} INFO - [2023-07-23T20:06:27.876+0000] {dag.py:3504} INFO - Setting next_dagrun for example_nested_branch_dag to 2023-07-22T00:00:00+00:00, run_after=2023-07-23T00:00:00+00:00
[2023-07-23T20:06:28.283+0000] {processor.py:179} INFO - Processing /home/airflow/.local/lib/python3.9/site-packages/airflow/example_dags/example_nested_branch_dag.py took 1.960 seconds
[2023-07-23T20:08:37.885+0000] {processor.py:157} INFO - Started process (PID=284) to work on /home/airflow/.local/lib/python3.9/site-packages/airflow/example_dags/example_nested_branch_dag.py
[2023-07-23T20:08:37.935+0000] {processor.py:826} INFO - Processing file /home/airflow/.local/lib/python3.9/site-packages/airflow/example_dags/example_nested_branch_dag.py for tasks to queue
[2023-07-23T20:08:37.936+0000] {logging_mixin.py:150} INFO - [2023-07-23T20:08:37.936+0000] {dagbag.py:541} INFO - Filling up the DagBag from /home/airflow/.local/lib/python3.9/site-packages/airflow/example_dags/example_nested_branch_dag.py
[2023-07-23T20:08:38.432+0000] {processor.py:836} INFO - DAG(s) dict_keys(['example_nested_branch_dag']) retrieved from /home/airflow/.local/lib/python3.9/site-packages/airflow/example_dags/example_nested_branch_dag.py
[2023-07-23T20:08:39.179+0000] {logging_mixin.py:150} INFO - [2023-07-23T20:08:39.179+0000] {dag.py:2742} INFO - Sync 1 DAGs
[2023-07-23T20:08:40.103+0000] {logging_mixin.py:150} INFO - [2023-07-23T20:08:40.063+0000] {dag.py:3504} INFO - Setting next_dagrun for example_nested_branch_dag to 2023-07-22T00:00:00+00:00, run_after=2023-07-23T00:00:00+00:00
[2023-07-23T20:08:40.663+0000] {processor.py:179} INFO - Processing /home/airflow/.local/lib/python3.9/site-packages/airflow/example_dags/example_nested_branch_dag.py took 2.807 seconds
[2023-07-23T20:10:04.555+0000] {processor.py:157} INFO - Started process (PID=363) to work on /home/airflow/.local/lib/python3.9/site-packages/airflow/example_dags/example_nested_branch_dag.py
[2023-07-23T20:10:04.567+0000] {processor.py:826} INFO - Processing file /home/airflow/.local/lib/python3.9/site-packages/airflow/example_dags/example_nested_branch_dag.py for tasks to queue
[2023-07-23T20:10:04.633+0000] {logging_mixin.py:150} INFO - [2023-07-23T20:10:04.568+0000] {dagbag.py:541} INFO - Filling up the DagBag from /home/airflow/.local/lib/python3.9/site-packages/airflow/example_dags/example_nested_branch_dag.py
[2023-07-23T20:10:04.830+0000] {processor.py:836} INFO - DAG(s) dict_keys(['example_nested_branch_dag']) retrieved from /home/airflow/.local/lib/python3.9/site-packages/airflow/example_dags/example_nested_branch_dag.py
[2023-07-23T20:10:05.672+0000] {logging_mixin.py:150} INFO - [2023-07-23T20:10:05.671+0000] {dag.py:2742} INFO - Sync 1 DAGs
[2023-07-23T20:10:06.199+0000] {logging_mixin.py:150} INFO - [2023-07-23T20:10:06.199+0000] {dag.py:3504} INFO - Setting next_dagrun for example_nested_branch_dag to 2023-07-22T00:00:00+00:00, run_after=2023-07-23T00:00:00+00:00
[2023-07-23T20:10:06.814+0000] {processor.py:179} INFO - Processing /home/airflow/.local/lib/python3.9/site-packages/airflow/example_dags/example_nested_branch_dag.py took 2.313 seconds
[2023-07-23T20:10:37.048+0000] {processor.py:157} INFO - Started process (PID=424) to work on /home/airflow/.local/lib/python3.9/site-packages/airflow/example_dags/example_nested_branch_dag.py
[2023-07-23T20:10:37.049+0000] {processor.py:826} INFO - Processing file /home/airflow/.local/lib/python3.9/site-packages/airflow/example_dags/example_nested_branch_dag.py for tasks to queue
[2023-07-23T20:10:37.050+0000] {logging_mixin.py:150} INFO - [2023-07-23T20:10:37.050+0000] {dagbag.py:541} INFO - Filling up the DagBag from /home/airflow/.local/lib/python3.9/site-packages/airflow/example_dags/example_nested_branch_dag.py
[2023-07-23T20:10:37.079+0000] {processor.py:836} INFO - DAG(s) dict_keys(['example_nested_branch_dag']) retrieved from /home/airflow/.local/lib/python3.9/site-packages/airflow/example_dags/example_nested_branch_dag.py
[2023-07-23T20:10:37.146+0000] {logging_mixin.py:150} INFO - [2023-07-23T20:10:37.145+0000] {dag.py:2742} INFO - Sync 1 DAGs
[2023-07-23T20:10:37.192+0000] {logging_mixin.py:150} INFO - [2023-07-23T20:10:37.191+0000] {dag.py:3504} INFO - Setting next_dagrun for example_nested_branch_dag to 2023-07-22T00:00:00+00:00, run_after=2023-07-23T00:00:00+00:00
[2023-07-23T20:10:37.256+0000] {processor.py:179} INFO - Processing /home/airflow/.local/lib/python3.9/site-packages/airflow/example_dags/example_nested_branch_dag.py took 0.222 seconds
[2023-07-23T20:11:07.570+0000] {processor.py:157} INFO - Started process (PID=486) to work on /home/airflow/.local/lib/python3.9/site-packages/airflow/example_dags/example_nested_branch_dag.py
[2023-07-23T20:11:07.581+0000] {processor.py:826} INFO - Processing file /home/airflow/.local/lib/python3.9/site-packages/airflow/example_dags/example_nested_branch_dag.py for tasks to queue
[2023-07-23T20:11:07.583+0000] {logging_mixin.py:150} INFO - [2023-07-23T20:11:07.582+0000] {dagbag.py:541} INFO - Filling up the DagBag from /home/airflow/.local/lib/python3.9/site-packages/airflow/example_dags/example_nested_branch_dag.py
[2023-07-23T20:11:07.604+0000] {processor.py:836} INFO - DAG(s) dict_keys(['example_nested_branch_dag']) retrieved from /home/airflow/.local/lib/python3.9/site-packages/airflow/example_dags/example_nested_branch_dag.py
[2023-07-23T20:11:07.662+0000] {logging_mixin.py:150} INFO - [2023-07-23T20:11:07.662+0000] {dag.py:2742} INFO - Sync 1 DAGs
[2023-07-23T20:11:07.691+0000] {logging_mixin.py:150} INFO - [2023-07-23T20:11:07.691+0000] {dag.py:3504} INFO - Setting next_dagrun for example_nested_branch_dag to 2023-07-22T00:00:00+00:00, run_after=2023-07-23T00:00:00+00:00
[2023-07-23T20:11:07.713+0000] {processor.py:179} INFO - Processing /home/airflow/.local/lib/python3.9/site-packages/airflow/example_dags/example_nested_branch_dag.py took 0.147 seconds
[2023-07-23T20:11:46.732+0000] {processor.py:157} INFO - Started process (PID=547) to work on /home/airflow/.local/lib/python3.9/site-packages/airflow/example_dags/example_nested_branch_dag.py
[2023-07-23T20:11:46.770+0000] {processor.py:826} INFO - Processing file /home/airflow/.local/lib/python3.9/site-packages/airflow/example_dags/example_nested_branch_dag.py for tasks to queue
[2023-07-23T20:11:46.771+0000] {logging_mixin.py:150} INFO - [2023-07-23T20:11:46.771+0000] {dagbag.py:541} INFO - Filling up the DagBag from /home/airflow/.local/lib/python3.9/site-packages/airflow/example_dags/example_nested_branch_dag.py
[2023-07-23T20:11:47.059+0000] {processor.py:836} INFO - DAG(s) dict_keys(['example_nested_branch_dag']) retrieved from /home/airflow/.local/lib/python3.9/site-packages/airflow/example_dags/example_nested_branch_dag.py
[2023-07-23T20:11:47.415+0000] {logging_mixin.py:150} INFO - [2023-07-23T20:11:47.415+0000] {dag.py:2742} INFO - Sync 1 DAGs
[2023-07-23T20:11:47.894+0000] {logging_mixin.py:150} INFO - [2023-07-23T20:11:47.894+0000] {dag.py:3504} INFO - Setting next_dagrun for example_nested_branch_dag to 2023-07-22T00:00:00+00:00, run_after=2023-07-23T00:00:00+00:00
[2023-07-23T20:11:48.462+0000] {processor.py:179} INFO - Processing /home/airflow/.local/lib/python3.9/site-packages/airflow/example_dags/example_nested_branch_dag.py took 1.769 seconds
[2023-07-23T20:13:08.594+0000] {processor.py:157} INFO - Started process (PID=629) to work on /home/airflow/.local/lib/python3.9/site-packages/airflow/example_dags/example_nested_branch_dag.py
[2023-07-23T20:13:08.606+0000] {processor.py:826} INFO - Processing file /home/airflow/.local/lib/python3.9/site-packages/airflow/example_dags/example_nested_branch_dag.py for tasks to queue
[2023-07-23T20:13:08.607+0000] {logging_mixin.py:150} INFO - [2023-07-23T20:13:08.607+0000] {dagbag.py:541} INFO - Filling up the DagBag from /home/airflow/.local/lib/python3.9/site-packages/airflow/example_dags/example_nested_branch_dag.py
[2023-07-23T20:13:08.853+0000] {processor.py:836} INFO - DAG(s) dict_keys(['example_nested_branch_dag']) retrieved from /home/airflow/.local/lib/python3.9/site-packages/airflow/example_dags/example_nested_branch_dag.py
[2023-07-23T20:13:09.910+0000] {logging_mixin.py:150} INFO - [2023-07-23T20:13:09.910+0000] {dag.py:2742} INFO - Sync 1 DAGs
[2023-07-23T20:13:10.840+0000] {logging_mixin.py:150} INFO - [2023-07-23T20:13:10.840+0000] {dag.py:3504} INFO - Setting next_dagrun for example_nested_branch_dag to 2023-07-22T00:00:00+00:00, run_after=2023-07-23T00:00:00+00:00
[2023-07-23T20:13:13.218+0000] {processor.py:179} INFO - Processing /home/airflow/.local/lib/python3.9/site-packages/airflow/example_dags/example_nested_branch_dag.py took 4.706 seconds
[2023-07-23T20:14:38.446+0000] {processor.py:157} INFO - Started process (PID=694) to work on /home/airflow/.local/lib/python3.9/site-packages/airflow/example_dags/example_nested_branch_dag.py
[2023-07-23T20:14:38.598+0000] {processor.py:826} INFO - Processing file /home/airflow/.local/lib/python3.9/site-packages/airflow/example_dags/example_nested_branch_dag.py for tasks to queue
[2023-07-23T20:14:38.599+0000] {logging_mixin.py:150} INFO - [2023-07-23T20:14:38.599+0000] {dagbag.py:541} INFO - Filling up the DagBag from /home/airflow/.local/lib/python3.9/site-packages/airflow/example_dags/example_nested_branch_dag.py
[2023-07-23T20:14:38.886+0000] {processor.py:836} INFO - DAG(s) dict_keys(['example_nested_branch_dag']) retrieved from /home/airflow/.local/lib/python3.9/site-packages/airflow/example_dags/example_nested_branch_dag.py
[2023-07-23T20:14:39.689+0000] {logging_mixin.py:150} INFO - [2023-07-23T20:14:39.688+0000] {dag.py:2742} INFO - Sync 1 DAGs
[2023-07-23T20:14:40.797+0000] {logging_mixin.py:150} INFO - [2023-07-23T20:14:40.794+0000] {dag.py:3504} INFO - Setting next_dagrun for example_nested_branch_dag to 2023-07-22T00:00:00+00:00, run_after=2023-07-23T00:00:00+00:00
[2023-07-23T20:14:41.913+0000] {processor.py:179} INFO - Processing /home/airflow/.local/lib/python3.9/site-packages/airflow/example_dags/example_nested_branch_dag.py took 3.547 seconds
[2023-07-23T20:15:22.318+0000] {processor.py:157} INFO - Started process (PID=756) to work on /home/airflow/.local/lib/python3.9/site-packages/airflow/example_dags/example_nested_branch_dag.py
[2023-07-23T20:15:22.336+0000] {processor.py:826} INFO - Processing file /home/airflow/.local/lib/python3.9/site-packages/airflow/example_dags/example_nested_branch_dag.py for tasks to queue
[2023-07-23T20:15:22.355+0000] {logging_mixin.py:150} INFO - [2023-07-23T20:15:22.341+0000] {dagbag.py:541} INFO - Filling up the DagBag from /home/airflow/.local/lib/python3.9/site-packages/airflow/example_dags/example_nested_branch_dag.py
[2023-07-23T20:15:22.405+0000] {processor.py:836} INFO - DAG(s) dict_keys(['example_nested_branch_dag']) retrieved from /home/airflow/.local/lib/python3.9/site-packages/airflow/example_dags/example_nested_branch_dag.py
[2023-07-23T20:15:22.566+0000] {logging_mixin.py:150} INFO - [2023-07-23T20:15:22.566+0000] {dag.py:2742} INFO - Sync 1 DAGs
[2023-07-23T20:15:22.702+0000] {logging_mixin.py:150} INFO - [2023-07-23T20:15:22.702+0000] {dag.py:3504} INFO - Setting next_dagrun for example_nested_branch_dag to 2023-07-22T00:00:00+00:00, run_after=2023-07-23T00:00:00+00:00
[2023-07-23T20:15:22.795+0000] {processor.py:179} INFO - Processing /home/airflow/.local/lib/python3.9/site-packages/airflow/example_dags/example_nested_branch_dag.py took 0.521 seconds
[2023-07-23T20:15:54.772+0000] {processor.py:157} INFO - Started process (PID=817) to work on /home/airflow/.local/lib/python3.9/site-packages/airflow/example_dags/example_nested_branch_dag.py
[2023-07-23T20:15:54.806+0000] {processor.py:826} INFO - Processing file /home/airflow/.local/lib/python3.9/site-packages/airflow/example_dags/example_nested_branch_dag.py for tasks to queue
[2023-07-23T20:15:54.807+0000] {logging_mixin.py:150} INFO - [2023-07-23T20:15:54.806+0000] {dagbag.py:541} INFO - Filling up the DagBag from /home/airflow/.local/lib/python3.9/site-packages/airflow/example_dags/example_nested_branch_dag.py
[2023-07-23T20:15:54.870+0000] {processor.py:836} INFO - DAG(s) dict_keys(['example_nested_branch_dag']) retrieved from /home/airflow/.local/lib/python3.9/site-packages/airflow/example_dags/example_nested_branch_dag.py
[2023-07-23T20:15:54.966+0000] {logging_mixin.py:150} INFO - [2023-07-23T20:15:54.966+0000] {dag.py:2742} INFO - Sync 1 DAGs
[2023-07-23T20:15:55.102+0000] {logging_mixin.py:150} INFO - [2023-07-23T20:15:55.102+0000] {dag.py:3504} INFO - Setting next_dagrun for example_nested_branch_dag to 2023-07-22T00:00:00+00:00, run_after=2023-07-23T00:00:00+00:00
[2023-07-23T20:15:55.229+0000] {processor.py:179} INFO - Processing /home/airflow/.local/lib/python3.9/site-packages/airflow/example_dags/example_nested_branch_dag.py took 0.461 seconds
[2023-07-23T20:16:57.853+0000] {processor.py:157} INFO - Started process (PID=884) to work on /home/airflow/.local/lib/python3.9/site-packages/airflow/example_dags/example_nested_branch_dag.py
[2023-07-23T20:16:57.918+0000] {processor.py:826} INFO - Processing file /home/airflow/.local/lib/python3.9/site-packages/airflow/example_dags/example_nested_branch_dag.py for tasks to queue
[2023-07-23T20:16:57.919+0000] {logging_mixin.py:150} INFO - [2023-07-23T20:16:57.919+0000] {dagbag.py:541} INFO - Filling up the DagBag from /home/airflow/.local/lib/python3.9/site-packages/airflow/example_dags/example_nested_branch_dag.py
[2023-07-23T20:16:58.696+0000] {processor.py:836} INFO - DAG(s) dict_keys(['example_nested_branch_dag']) retrieved from /home/airflow/.local/lib/python3.9/site-packages/airflow/example_dags/example_nested_branch_dag.py
[2023-07-23T20:17:00.029+0000] {logging_mixin.py:150} INFO - [2023-07-23T20:17:00.028+0000] {dag.py:2742} INFO - Sync 1 DAGs
[2023-07-23T20:17:00.972+0000] {logging_mixin.py:150} INFO - [2023-07-23T20:17:00.958+0000] {dag.py:3504} INFO - Setting next_dagrun for example_nested_branch_dag to 2023-07-22T00:00:00+00:00, run_after=2023-07-23T00:00:00+00:00
[2023-07-23T20:17:01.860+0000] {processor.py:179} INFO - Processing /home/airflow/.local/lib/python3.9/site-packages/airflow/example_dags/example_nested_branch_dag.py took 4.154 seconds
[2023-07-23T20:20:14.644+0000] {processor.py:157} INFO - Started process (PID=1015) to work on /home/airflow/.local/lib/python3.9/site-packages/airflow/example_dags/example_nested_branch_dag.py
[2023-07-23T20:20:14.700+0000] {processor.py:826} INFO - Processing file /home/airflow/.local/lib/python3.9/site-packages/airflow/example_dags/example_nested_branch_dag.py for tasks to queue
[2023-07-23T20:20:14.702+0000] {logging_mixin.py:150} INFO - [2023-07-23T20:20:14.701+0000] {dagbag.py:541} INFO - Filling up the DagBag from /home/airflow/.local/lib/python3.9/site-packages/airflow/example_dags/example_nested_branch_dag.py
[2023-07-23T20:20:14.754+0000] {processor.py:836} INFO - DAG(s) dict_keys(['example_nested_branch_dag']) retrieved from /home/airflow/.local/lib/python3.9/site-packages/airflow/example_dags/example_nested_branch_dag.py
[2023-07-23T20:20:14.986+0000] {logging_mixin.py:150} INFO - [2023-07-23T20:20:14.985+0000] {dag.py:2742} INFO - Sync 1 DAGs
[2023-07-23T20:20:15.178+0000] {logging_mixin.py:150} INFO - [2023-07-23T20:20:15.178+0000] {dag.py:3504} INFO - Setting next_dagrun for example_nested_branch_dag to 2023-07-22T00:00:00+00:00, run_after=2023-07-23T00:00:00+00:00
[2023-07-23T20:20:15.356+0000] {processor.py:179} INFO - Processing /home/airflow/.local/lib/python3.9/site-packages/airflow/example_dags/example_nested_branch_dag.py took 0.716 seconds
[2023-07-23T20:20:47.115+0000] {processor.py:157} INFO - Started process (PID=1076) to work on /home/airflow/.local/lib/python3.9/site-packages/airflow/example_dags/example_nested_branch_dag.py
[2023-07-23T20:20:47.117+0000] {processor.py:826} INFO - Processing file /home/airflow/.local/lib/python3.9/site-packages/airflow/example_dags/example_nested_branch_dag.py for tasks to queue
[2023-07-23T20:20:47.118+0000] {logging_mixin.py:150} INFO - [2023-07-23T20:20:47.118+0000] {dagbag.py:541} INFO - Filling up the DagBag from /home/airflow/.local/lib/python3.9/site-packages/airflow/example_dags/example_nested_branch_dag.py
[2023-07-23T20:20:47.181+0000] {processor.py:836} INFO - DAG(s) dict_keys(['example_nested_branch_dag']) retrieved from /home/airflow/.local/lib/python3.9/site-packages/airflow/example_dags/example_nested_branch_dag.py
[2023-07-23T20:20:47.336+0000] {logging_mixin.py:150} INFO - [2023-07-23T20:20:47.335+0000] {dag.py:2742} INFO - Sync 1 DAGs
[2023-07-23T20:20:47.498+0000] {logging_mixin.py:150} INFO - [2023-07-23T20:20:47.498+0000] {dag.py:3504} INFO - Setting next_dagrun for example_nested_branch_dag to 2023-07-22T00:00:00+00:00, run_after=2023-07-23T00:00:00+00:00
[2023-07-23T20:20:47.605+0000] {processor.py:179} INFO - Processing /home/airflow/.local/lib/python3.9/site-packages/airflow/example_dags/example_nested_branch_dag.py took 0.534 seconds
[2023-07-23T20:21:17.979+0000] {processor.py:157} INFO - Started process (PID=1130) to work on /home/airflow/.local/lib/python3.9/site-packages/airflow/example_dags/example_nested_branch_dag.py
[2023-07-23T20:21:17.986+0000] {processor.py:826} INFO - Processing file /home/airflow/.local/lib/python3.9/site-packages/airflow/example_dags/example_nested_branch_dag.py for tasks to queue
[2023-07-23T20:21:17.987+0000] {logging_mixin.py:150} INFO - [2023-07-23T20:21:17.986+0000] {dagbag.py:541} INFO - Filling up the DagBag from /home/airflow/.local/lib/python3.9/site-packages/airflow/example_dags/example_nested_branch_dag.py
[2023-07-23T20:21:18.158+0000] {processor.py:836} INFO - DAG(s) dict_keys(['example_nested_branch_dag']) retrieved from /home/airflow/.local/lib/python3.9/site-packages/airflow/example_dags/example_nested_branch_dag.py
[2023-07-23T20:21:18.382+0000] {logging_mixin.py:150} INFO - [2023-07-23T20:21:18.382+0000] {dag.py:2742} INFO - Sync 1 DAGs
[2023-07-23T20:21:18.580+0000] {logging_mixin.py:150} INFO - [2023-07-23T20:21:18.580+0000] {dag.py:3504} INFO - Setting next_dagrun for example_nested_branch_dag to 2023-07-22T00:00:00+00:00, run_after=2023-07-23T00:00:00+00:00
[2023-07-23T20:21:18.745+0000] {processor.py:179} INFO - Processing /home/airflow/.local/lib/python3.9/site-packages/airflow/example_dags/example_nested_branch_dag.py took 0.855 seconds
[2023-07-23T20:23:57.848+0000] {processor.py:157} INFO - Started process (PID=1232) to work on /home/airflow/.local/lib/python3.9/site-packages/airflow/example_dags/example_nested_branch_dag.py
[2023-07-23T20:23:58.088+0000] {processor.py:826} INFO - Processing file /home/airflow/.local/lib/python3.9/site-packages/airflow/example_dags/example_nested_branch_dag.py for tasks to queue
[2023-07-23T20:23:58.089+0000] {logging_mixin.py:150} INFO - [2023-07-23T20:23:58.089+0000] {dagbag.py:541} INFO - Filling up the DagBag from /home/airflow/.local/lib/python3.9/site-packages/airflow/example_dags/example_nested_branch_dag.py
[2023-07-23T20:23:58.667+0000] {processor.py:836} INFO - DAG(s) dict_keys(['example_nested_branch_dag']) retrieved from /home/airflow/.local/lib/python3.9/site-packages/airflow/example_dags/example_nested_branch_dag.py
[2023-07-23T20:23:59.823+0000] {logging_mixin.py:150} INFO - [2023-07-23T20:23:59.823+0000] {dag.py:2742} INFO - Sync 1 DAGs
[2023-07-23T20:24:01.534+0000] {logging_mixin.py:150} INFO - [2023-07-23T20:24:01.534+0000] {dag.py:3504} INFO - Setting next_dagrun for example_nested_branch_dag to 2023-07-22T00:00:00+00:00, run_after=2023-07-23T00:00:00+00:00
[2023-07-23T20:24:02.268+0000] {processor.py:179} INFO - Processing /home/airflow/.local/lib/python3.9/site-packages/airflow/example_dags/example_nested_branch_dag.py took 4.544 seconds
[2023-07-23T20:25:16.860+0000] {processor.py:157} INFO - Started process (PID=1292) to work on /home/airflow/.local/lib/python3.9/site-packages/airflow/example_dags/example_nested_branch_dag.py
[2023-07-23T20:25:16.870+0000] {processor.py:826} INFO - Processing file /home/airflow/.local/lib/python3.9/site-packages/airflow/example_dags/example_nested_branch_dag.py for tasks to queue
[2023-07-23T20:25:16.872+0000] {logging_mixin.py:150} INFO - [2023-07-23T20:25:16.871+0000] {dagbag.py:541} INFO - Filling up the DagBag from /home/airflow/.local/lib/python3.9/site-packages/airflow/example_dags/example_nested_branch_dag.py
[2023-07-23T20:25:16.920+0000] {processor.py:836} INFO - DAG(s) dict_keys(['example_nested_branch_dag']) retrieved from /home/airflow/.local/lib/python3.9/site-packages/airflow/example_dags/example_nested_branch_dag.py
[2023-07-23T20:25:17.033+0000] {logging_mixin.py:150} INFO - [2023-07-23T20:25:17.033+0000] {dag.py:2742} INFO - Sync 1 DAGs
[2023-07-23T20:25:17.148+0000] {logging_mixin.py:150} INFO - [2023-07-23T20:25:17.148+0000] {dag.py:3504} INFO - Setting next_dagrun for example_nested_branch_dag to 2023-07-22T00:00:00+00:00, run_after=2023-07-23T00:00:00+00:00
[2023-07-23T20:25:17.258+0000] {processor.py:179} INFO - Processing /home/airflow/.local/lib/python3.9/site-packages/airflow/example_dags/example_nested_branch_dag.py took 0.402 seconds
[2023-07-23T20:25:47.739+0000] {processor.py:157} INFO - Started process (PID=1353) to work on /home/airflow/.local/lib/python3.9/site-packages/airflow/example_dags/example_nested_branch_dag.py
[2023-07-23T20:25:47.741+0000] {processor.py:826} INFO - Processing file /home/airflow/.local/lib/python3.9/site-packages/airflow/example_dags/example_nested_branch_dag.py for tasks to queue
[2023-07-23T20:25:47.742+0000] {logging_mixin.py:150} INFO - [2023-07-23T20:25:47.742+0000] {dagbag.py:541} INFO - Filling up the DagBag from /home/airflow/.local/lib/python3.9/site-packages/airflow/example_dags/example_nested_branch_dag.py
[2023-07-23T20:25:47.784+0000] {processor.py:836} INFO - DAG(s) dict_keys(['example_nested_branch_dag']) retrieved from /home/airflow/.local/lib/python3.9/site-packages/airflow/example_dags/example_nested_branch_dag.py
[2023-07-23T20:25:47.920+0000] {logging_mixin.py:150} INFO - [2023-07-23T20:25:47.919+0000] {dag.py:2742} INFO - Sync 1 DAGs
[2023-07-23T20:25:48.078+0000] {logging_mixin.py:150} INFO - [2023-07-23T20:25:48.078+0000] {dag.py:3504} INFO - Setting next_dagrun for example_nested_branch_dag to 2023-07-22T00:00:00+00:00, run_after=2023-07-23T00:00:00+00:00
[2023-07-23T20:25:48.206+0000] {processor.py:179} INFO - Processing /home/airflow/.local/lib/python3.9/site-packages/airflow/example_dags/example_nested_branch_dag.py took 0.505 seconds
[2023-07-23T20:26:20.143+0000] {processor.py:157} INFO - Started process (PID=1413) to work on /home/airflow/.local/lib/python3.9/site-packages/airflow/example_dags/example_nested_branch_dag.py
[2023-07-23T20:26:20.144+0000] {processor.py:826} INFO - Processing file /home/airflow/.local/lib/python3.9/site-packages/airflow/example_dags/example_nested_branch_dag.py for tasks to queue
[2023-07-23T20:26:20.145+0000] {logging_mixin.py:150} INFO - [2023-07-23T20:26:20.144+0000] {dagbag.py:541} INFO - Filling up the DagBag from /home/airflow/.local/lib/python3.9/site-packages/airflow/example_dags/example_nested_branch_dag.py
[2023-07-23T20:26:20.433+0000] {processor.py:836} INFO - DAG(s) dict_keys(['example_nested_branch_dag']) retrieved from /home/airflow/.local/lib/python3.9/site-packages/airflow/example_dags/example_nested_branch_dag.py
[2023-07-23T20:26:21.254+0000] {logging_mixin.py:150} INFO - [2023-07-23T20:26:21.253+0000] {dag.py:2742} INFO - Sync 1 DAGs
[2023-07-23T20:26:22.023+0000] {logging_mixin.py:150} INFO - [2023-07-23T20:26:22.022+0000] {dag.py:3504} INFO - Setting next_dagrun for example_nested_branch_dag to 2023-07-22T00:00:00+00:00, run_after=2023-07-23T00:00:00+00:00
[2023-07-23T20:26:22.743+0000] {processor.py:179} INFO - Processing /home/airflow/.local/lib/python3.9/site-packages/airflow/example_dags/example_nested_branch_dag.py took 2.759 seconds
[2023-07-23T20:29:02.704+0000] {processor.py:157} INFO - Started process (PID=1529) to work on /home/airflow/.local/lib/python3.9/site-packages/airflow/example_dags/example_nested_branch_dag.py
[2023-07-23T20:29:02.716+0000] {processor.py:826} INFO - Processing file /home/airflow/.local/lib/python3.9/site-packages/airflow/example_dags/example_nested_branch_dag.py for tasks to queue
[2023-07-23T20:29:02.813+0000] {logging_mixin.py:150} INFO - [2023-07-23T20:29:02.812+0000] {dagbag.py:541} INFO - Filling up the DagBag from /home/airflow/.local/lib/python3.9/site-packages/airflow/example_dags/example_nested_branch_dag.py
[2023-07-23T20:29:03.197+0000] {processor.py:836} INFO - DAG(s) dict_keys(['example_nested_branch_dag']) retrieved from /home/airflow/.local/lib/python3.9/site-packages/airflow/example_dags/example_nested_branch_dag.py
[2023-07-23T20:29:03.988+0000] {logging_mixin.py:150} INFO - [2023-07-23T20:29:03.988+0000] {dag.py:2742} INFO - Sync 1 DAGs
[2023-07-23T20:29:04.973+0000] {logging_mixin.py:150} INFO - [2023-07-23T20:29:04.798+0000] {dag.py:3504} INFO - Setting next_dagrun for example_nested_branch_dag to 2023-07-22T00:00:00+00:00, run_after=2023-07-23T00:00:00+00:00
[2023-07-23T20:29:05.410+0000] {processor.py:179} INFO - Processing /home/airflow/.local/lib/python3.9/site-packages/airflow/example_dags/example_nested_branch_dag.py took 2.791 seconds
[2023-07-23T20:30:28.896+0000] {processor.py:157} INFO - Started process (PID=1608) to work on /home/airflow/.local/lib/python3.9/site-packages/airflow/example_dags/example_nested_branch_dag.py
[2023-07-23T20:30:28.906+0000] {processor.py:826} INFO - Processing file /home/airflow/.local/lib/python3.9/site-packages/airflow/example_dags/example_nested_branch_dag.py for tasks to queue
[2023-07-23T20:30:28.907+0000] {logging_mixin.py:150} INFO - [2023-07-23T20:30:28.907+0000] {dagbag.py:541} INFO - Filling up the DagBag from /home/airflow/.local/lib/python3.9/site-packages/airflow/example_dags/example_nested_branch_dag.py
[2023-07-23T20:30:28.951+0000] {processor.py:836} INFO - DAG(s) dict_keys(['example_nested_branch_dag']) retrieved from /home/airflow/.local/lib/python3.9/site-packages/airflow/example_dags/example_nested_branch_dag.py
[2023-07-23T20:30:29.166+0000] {logging_mixin.py:150} INFO - [2023-07-23T20:30:29.166+0000] {dag.py:2742} INFO - Sync 1 DAGs
[2023-07-23T20:30:29.338+0000] {logging_mixin.py:150} INFO - [2023-07-23T20:30:29.338+0000] {dag.py:3504} INFO - Setting next_dagrun for example_nested_branch_dag to 2023-07-22T00:00:00+00:00, run_after=2023-07-23T00:00:00+00:00
[2023-07-23T20:30:29.465+0000] {processor.py:179} INFO - Processing /home/airflow/.local/lib/python3.9/site-packages/airflow/example_dags/example_nested_branch_dag.py took 0.624 seconds
[2023-07-23T20:30:59.544+0000] {processor.py:157} INFO - Started process (PID=1669) to work on /home/airflow/.local/lib/python3.9/site-packages/airflow/example_dags/example_nested_branch_dag.py
[2023-07-23T20:30:59.566+0000] {processor.py:826} INFO - Processing file /home/airflow/.local/lib/python3.9/site-packages/airflow/example_dags/example_nested_branch_dag.py for tasks to queue
[2023-07-23T20:30:59.567+0000] {logging_mixin.py:150} INFO - [2023-07-23T20:30:59.566+0000] {dagbag.py:541} INFO - Filling up the DagBag from /home/airflow/.local/lib/python3.9/site-packages/airflow/example_dags/example_nested_branch_dag.py
[2023-07-23T20:30:59.608+0000] {processor.py:836} INFO - DAG(s) dict_keys(['example_nested_branch_dag']) retrieved from /home/airflow/.local/lib/python3.9/site-packages/airflow/example_dags/example_nested_branch_dag.py
[2023-07-23T20:30:59.726+0000] {logging_mixin.py:150} INFO - [2023-07-23T20:30:59.725+0000] {dag.py:2742} INFO - Sync 1 DAGs
[2023-07-23T20:30:59.828+0000] {logging_mixin.py:150} INFO - [2023-07-23T20:30:59.828+0000] {dag.py:3504} INFO - Setting next_dagrun for example_nested_branch_dag to 2023-07-22T00:00:00+00:00, run_after=2023-07-23T00:00:00+00:00
[2023-07-23T20:30:59.885+0000] {processor.py:179} INFO - Processing /home/airflow/.local/lib/python3.9/site-packages/airflow/example_dags/example_nested_branch_dag.py took 0.346 seconds
[2023-07-23T20:32:22.505+0000] {processor.py:157} INFO - Started process (PID=1752) to work on /home/airflow/.local/lib/python3.9/site-packages/airflow/example_dags/example_nested_branch_dag.py
[2023-07-23T20:32:22.521+0000] {processor.py:826} INFO - Processing file /home/airflow/.local/lib/python3.9/site-packages/airflow/example_dags/example_nested_branch_dag.py for tasks to queue
[2023-07-23T20:32:22.522+0000] {logging_mixin.py:150} INFO - [2023-07-23T20:32:22.521+0000] {dagbag.py:541} INFO - Filling up the DagBag from /home/airflow/.local/lib/python3.9/site-packages/airflow/example_dags/example_nested_branch_dag.py
[2023-07-23T20:32:22.684+0000] {processor.py:836} INFO - DAG(s) dict_keys(['example_nested_branch_dag']) retrieved from /home/airflow/.local/lib/python3.9/site-packages/airflow/example_dags/example_nested_branch_dag.py
[2023-07-23T20:32:23.603+0000] {logging_mixin.py:150} INFO - [2023-07-23T20:32:23.603+0000] {dag.py:2742} INFO - Sync 1 DAGs
[2023-07-23T20:32:24.683+0000] {logging_mixin.py:150} INFO - [2023-07-23T20:32:24.682+0000] {dag.py:3504} INFO - Setting next_dagrun for example_nested_branch_dag to 2023-07-22T00:00:00+00:00, run_after=2023-07-23T00:00:00+00:00
[2023-07-23T20:32:25.563+0000] {processor.py:179} INFO - Processing /home/airflow/.local/lib/python3.9/site-packages/airflow/example_dags/example_nested_branch_dag.py took 3.218 seconds
