[2023-07-23T19:28:13.403+0000] {processor.py:157} INFO - Started process (PID=58) to work on /home/airflow/.local/lib/python3.9/site-packages/airflow/example_dags/example_kubernetes_executor.py
[2023-07-23T19:28:13.404+0000] {processor.py:826} INFO - Processing file /home/airflow/.local/lib/python3.9/site-packages/airflow/example_dags/example_kubernetes_executor.py for tasks to queue
[2023-07-23T19:28:13.404+0000] {logging_mixin.py:150} INFO - [2023-07-23T19:28:13.404+0000] {dagbag.py:541} INFO - Filling up the DagBag from /home/airflow/.local/lib/python3.9/site-packages/airflow/example_dags/example_kubernetes_executor.py
[2023-07-23T19:28:18.030+0000] {processor.py:836} INFO - DAG(s) dict_keys(['example_kubernetes_executor']) retrieved from /home/airflow/.local/lib/python3.9/site-packages/airflow/example_dags/example_kubernetes_executor.py
[2023-07-23T19:28:18.259+0000] {logging_mixin.py:150} INFO - [2023-07-23T19:28:18.258+0000] {dag.py:2742} INFO - Sync 1 DAGs
[2023-07-23T19:28:18.400+0000] {logging_mixin.py:150} INFO - [2023-07-23T19:28:18.400+0000] {dag.py:3504} INFO - Setting next_dagrun for example_kubernetes_executor to None, run_after=None
[2023-07-23T19:28:18.579+0000] {processor.py:179} INFO - Processing /home/airflow/.local/lib/python3.9/site-packages/airflow/example_dags/example_kubernetes_executor.py took 5.180 seconds
[2023-07-23T19:28:49.017+0000] {processor.py:157} INFO - Started process (PID=121) to work on /home/airflow/.local/lib/python3.9/site-packages/airflow/example_dags/example_kubernetes_executor.py
[2023-07-23T19:28:49.025+0000] {processor.py:826} INFO - Processing file /home/airflow/.local/lib/python3.9/site-packages/airflow/example_dags/example_kubernetes_executor.py for tasks to queue
[2023-07-23T19:28:49.026+0000] {logging_mixin.py:150} INFO - [2023-07-23T19:28:49.026+0000] {dagbag.py:541} INFO - Filling up the DagBag from /home/airflow/.local/lib/python3.9/site-packages/airflow/example_dags/example_kubernetes_executor.py
[2023-07-23T19:28:50.371+0000] {processor.py:836} INFO - DAG(s) dict_keys(['example_kubernetes_executor']) retrieved from /home/airflow/.local/lib/python3.9/site-packages/airflow/example_dags/example_kubernetes_executor.py
[2023-07-23T19:28:50.563+0000] {logging_mixin.py:150} INFO - [2023-07-23T19:28:50.563+0000] {dag.py:2742} INFO - Sync 1 DAGs
[2023-07-23T19:28:50.636+0000] {logging_mixin.py:150} INFO - [2023-07-23T19:28:50.636+0000] {dag.py:3504} INFO - Setting next_dagrun for example_kubernetes_executor to None, run_after=None
[2023-07-23T19:28:50.695+0000] {processor.py:179} INFO - Processing /home/airflow/.local/lib/python3.9/site-packages/airflow/example_dags/example_kubernetes_executor.py took 1.682 seconds
[2023-07-23T19:29:20.909+0000] {processor.py:157} INFO - Started process (PID=189) to work on /home/airflow/.local/lib/python3.9/site-packages/airflow/example_dags/example_kubernetes_executor.py
[2023-07-23T19:29:20.915+0000] {processor.py:826} INFO - Processing file /home/airflow/.local/lib/python3.9/site-packages/airflow/example_dags/example_kubernetes_executor.py for tasks to queue
[2023-07-23T19:29:20.916+0000] {logging_mixin.py:150} INFO - [2023-07-23T19:29:20.916+0000] {dagbag.py:541} INFO - Filling up the DagBag from /home/airflow/.local/lib/python3.9/site-packages/airflow/example_dags/example_kubernetes_executor.py
[2023-07-23T19:29:21.708+0000] {processor.py:836} INFO - DAG(s) dict_keys(['example_kubernetes_executor']) retrieved from /home/airflow/.local/lib/python3.9/site-packages/airflow/example_dags/example_kubernetes_executor.py
[2023-07-23T19:29:21.766+0000] {logging_mixin.py:150} INFO - [2023-07-23T19:29:21.764+0000] {dag.py:2742} INFO - Sync 1 DAGs
[2023-07-23T19:29:21.794+0000] {logging_mixin.py:150} INFO - [2023-07-23T19:29:21.794+0000] {dag.py:3504} INFO - Setting next_dagrun for example_kubernetes_executor to None, run_after=None
[2023-07-23T19:29:21.836+0000] {processor.py:179} INFO - Processing /home/airflow/.local/lib/python3.9/site-packages/airflow/example_dags/example_kubernetes_executor.py took 0.941 seconds
[2023-07-23T19:29:51.951+0000] {processor.py:157} INFO - Started process (PID=250) to work on /home/airflow/.local/lib/python3.9/site-packages/airflow/example_dags/example_kubernetes_executor.py
[2023-07-23T19:29:51.964+0000] {processor.py:826} INFO - Processing file /home/airflow/.local/lib/python3.9/site-packages/airflow/example_dags/example_kubernetes_executor.py for tasks to queue
[2023-07-23T19:29:51.966+0000] {logging_mixin.py:150} INFO - [2023-07-23T19:29:51.966+0000] {dagbag.py:541} INFO - Filling up the DagBag from /home/airflow/.local/lib/python3.9/site-packages/airflow/example_dags/example_kubernetes_executor.py
[2023-07-23T19:29:53.142+0000] {processor.py:836} INFO - DAG(s) dict_keys(['example_kubernetes_executor']) retrieved from /home/airflow/.local/lib/python3.9/site-packages/airflow/example_dags/example_kubernetes_executor.py
[2023-07-23T19:29:53.379+0000] {logging_mixin.py:150} INFO - [2023-07-23T19:29:53.378+0000] {dag.py:2742} INFO - Sync 1 DAGs
[2023-07-23T19:29:53.466+0000] {logging_mixin.py:150} INFO - [2023-07-23T19:29:53.466+0000] {dag.py:3504} INFO - Setting next_dagrun for example_kubernetes_executor to None, run_after=None
[2023-07-23T19:29:53.568+0000] {processor.py:179} INFO - Processing /home/airflow/.local/lib/python3.9/site-packages/airflow/example_dags/example_kubernetes_executor.py took 1.634 seconds
[2023-07-23T19:30:23.798+0000] {processor.py:157} INFO - Started process (PID=312) to work on /home/airflow/.local/lib/python3.9/site-packages/airflow/example_dags/example_kubernetes_executor.py
[2023-07-23T19:30:23.805+0000] {processor.py:826} INFO - Processing file /home/airflow/.local/lib/python3.9/site-packages/airflow/example_dags/example_kubernetes_executor.py for tasks to queue
[2023-07-23T19:30:23.806+0000] {logging_mixin.py:150} INFO - [2023-07-23T19:30:23.806+0000] {dagbag.py:541} INFO - Filling up the DagBag from /home/airflow/.local/lib/python3.9/site-packages/airflow/example_dags/example_kubernetes_executor.py
[2023-07-23T19:30:24.979+0000] {processor.py:836} INFO - DAG(s) dict_keys(['example_kubernetes_executor']) retrieved from /home/airflow/.local/lib/python3.9/site-packages/airflow/example_dags/example_kubernetes_executor.py
[2023-07-23T19:30:25.096+0000] {logging_mixin.py:150} INFO - [2023-07-23T19:30:25.096+0000] {dag.py:2742} INFO - Sync 1 DAGs
[2023-07-23T19:30:25.173+0000] {logging_mixin.py:150} INFO - [2023-07-23T19:30:25.172+0000] {dag.py:3504} INFO - Setting next_dagrun for example_kubernetes_executor to None, run_after=None
[2023-07-23T19:30:25.210+0000] {processor.py:179} INFO - Processing /home/airflow/.local/lib/python3.9/site-packages/airflow/example_dags/example_kubernetes_executor.py took 1.437 seconds
[2023-07-23T19:30:56.213+0000] {processor.py:157} INFO - Started process (PID=375) to work on /home/airflow/.local/lib/python3.9/site-packages/airflow/example_dags/example_kubernetes_executor.py
[2023-07-23T19:30:56.225+0000] {processor.py:826} INFO - Processing file /home/airflow/.local/lib/python3.9/site-packages/airflow/example_dags/example_kubernetes_executor.py for tasks to queue
[2023-07-23T19:30:56.226+0000] {logging_mixin.py:150} INFO - [2023-07-23T19:30:56.225+0000] {dagbag.py:541} INFO - Filling up the DagBag from /home/airflow/.local/lib/python3.9/site-packages/airflow/example_dags/example_kubernetes_executor.py
[2023-07-23T19:30:56.968+0000] {processor.py:836} INFO - DAG(s) dict_keys(['example_kubernetes_executor']) retrieved from /home/airflow/.local/lib/python3.9/site-packages/airflow/example_dags/example_kubernetes_executor.py
[2023-07-23T19:30:57.076+0000] {logging_mixin.py:150} INFO - [2023-07-23T19:30:57.075+0000] {dag.py:2742} INFO - Sync 1 DAGs
[2023-07-23T19:30:57.118+0000] {logging_mixin.py:150} INFO - [2023-07-23T19:30:57.117+0000] {dag.py:3504} INFO - Setting next_dagrun for example_kubernetes_executor to None, run_after=None
[2023-07-23T19:30:57.162+0000] {processor.py:179} INFO - Processing /home/airflow/.local/lib/python3.9/site-packages/airflow/example_dags/example_kubernetes_executor.py took 0.954 seconds
[2023-07-23T19:31:27.570+0000] {processor.py:157} INFO - Started process (PID=437) to work on /home/airflow/.local/lib/python3.9/site-packages/airflow/example_dags/example_kubernetes_executor.py
[2023-07-23T19:31:27.575+0000] {processor.py:826} INFO - Processing file /home/airflow/.local/lib/python3.9/site-packages/airflow/example_dags/example_kubernetes_executor.py for tasks to queue
[2023-07-23T19:31:27.585+0000] {logging_mixin.py:150} INFO - [2023-07-23T19:31:27.581+0000] {dagbag.py:541} INFO - Filling up the DagBag from /home/airflow/.local/lib/python3.9/site-packages/airflow/example_dags/example_kubernetes_executor.py
[2023-07-23T19:31:28.392+0000] {processor.py:836} INFO - DAG(s) dict_keys(['example_kubernetes_executor']) retrieved from /home/airflow/.local/lib/python3.9/site-packages/airflow/example_dags/example_kubernetes_executor.py
[2023-07-23T19:31:28.496+0000] {logging_mixin.py:150} INFO - [2023-07-23T19:31:28.496+0000] {dag.py:2742} INFO - Sync 1 DAGs
[2023-07-23T19:31:28.555+0000] {logging_mixin.py:150} INFO - [2023-07-23T19:31:28.555+0000] {dag.py:3504} INFO - Setting next_dagrun for example_kubernetes_executor to None, run_after=None
[2023-07-23T19:31:28.616+0000] {processor.py:179} INFO - Processing /home/airflow/.local/lib/python3.9/site-packages/airflow/example_dags/example_kubernetes_executor.py took 1.051 seconds
[2023-07-23T19:31:59.229+0000] {processor.py:157} INFO - Started process (PID=498) to work on /home/airflow/.local/lib/python3.9/site-packages/airflow/example_dags/example_kubernetes_executor.py
[2023-07-23T19:31:59.239+0000] {processor.py:826} INFO - Processing file /home/airflow/.local/lib/python3.9/site-packages/airflow/example_dags/example_kubernetes_executor.py for tasks to queue
[2023-07-23T19:31:59.240+0000] {logging_mixin.py:150} INFO - [2023-07-23T19:31:59.240+0000] {dagbag.py:541} INFO - Filling up the DagBag from /home/airflow/.local/lib/python3.9/site-packages/airflow/example_dags/example_kubernetes_executor.py
[2023-07-23T19:32:00.291+0000] {processor.py:836} INFO - DAG(s) dict_keys(['example_kubernetes_executor']) retrieved from /home/airflow/.local/lib/python3.9/site-packages/airflow/example_dags/example_kubernetes_executor.py
[2023-07-23T19:32:00.420+0000] {logging_mixin.py:150} INFO - [2023-07-23T19:32:00.419+0000] {dag.py:2742} INFO - Sync 1 DAGs
[2023-07-23T19:32:00.472+0000] {logging_mixin.py:150} INFO - [2023-07-23T19:32:00.471+0000] {dag.py:3504} INFO - Setting next_dagrun for example_kubernetes_executor to None, run_after=None
[2023-07-23T19:32:00.537+0000] {processor.py:179} INFO - Processing /home/airflow/.local/lib/python3.9/site-packages/airflow/example_dags/example_kubernetes_executor.py took 1.312 seconds
[2023-07-23T19:32:30.958+0000] {processor.py:157} INFO - Started process (PID=560) to work on /home/airflow/.local/lib/python3.9/site-packages/airflow/example_dags/example_kubernetes_executor.py
[2023-07-23T19:32:30.965+0000] {processor.py:826} INFO - Processing file /home/airflow/.local/lib/python3.9/site-packages/airflow/example_dags/example_kubernetes_executor.py for tasks to queue
[2023-07-23T19:32:30.966+0000] {logging_mixin.py:150} INFO - [2023-07-23T19:32:30.966+0000] {dagbag.py:541} INFO - Filling up the DagBag from /home/airflow/.local/lib/python3.9/site-packages/airflow/example_dags/example_kubernetes_executor.py
[2023-07-23T19:32:31.762+0000] {processor.py:836} INFO - DAG(s) dict_keys(['example_kubernetes_executor']) retrieved from /home/airflow/.local/lib/python3.9/site-packages/airflow/example_dags/example_kubernetes_executor.py
[2023-07-23T19:32:31.867+0000] {logging_mixin.py:150} INFO - [2023-07-23T19:32:31.867+0000] {dag.py:2742} INFO - Sync 1 DAGs
[2023-07-23T19:32:31.932+0000] {logging_mixin.py:150} INFO - [2023-07-23T19:32:31.932+0000] {dag.py:3504} INFO - Setting next_dagrun for example_kubernetes_executor to None, run_after=None
[2023-07-23T19:32:31.978+0000] {processor.py:179} INFO - Processing /home/airflow/.local/lib/python3.9/site-packages/airflow/example_dags/example_kubernetes_executor.py took 1.026 seconds
[2023-07-23T19:33:02.302+0000] {processor.py:157} INFO - Started process (PID=623) to work on /home/airflow/.local/lib/python3.9/site-packages/airflow/example_dags/example_kubernetes_executor.py
[2023-07-23T19:33:02.311+0000] {processor.py:826} INFO - Processing file /home/airflow/.local/lib/python3.9/site-packages/airflow/example_dags/example_kubernetes_executor.py for tasks to queue
[2023-07-23T19:33:02.312+0000] {logging_mixin.py:150} INFO - [2023-07-23T19:33:02.312+0000] {dagbag.py:541} INFO - Filling up the DagBag from /home/airflow/.local/lib/python3.9/site-packages/airflow/example_dags/example_kubernetes_executor.py
[2023-07-23T19:33:02.858+0000] {processor.py:836} INFO - DAG(s) dict_keys(['example_kubernetes_executor']) retrieved from /home/airflow/.local/lib/python3.9/site-packages/airflow/example_dags/example_kubernetes_executor.py
[2023-07-23T19:33:02.936+0000] {logging_mixin.py:150} INFO - [2023-07-23T19:33:02.935+0000] {dag.py:2742} INFO - Sync 1 DAGs
[2023-07-23T19:33:03.002+0000] {logging_mixin.py:150} INFO - [2023-07-23T19:33:02.999+0000] {dag.py:3504} INFO - Setting next_dagrun for example_kubernetes_executor to None, run_after=None
[2023-07-23T19:33:03.048+0000] {processor.py:179} INFO - Processing /home/airflow/.local/lib/python3.9/site-packages/airflow/example_dags/example_kubernetes_executor.py took 0.750 seconds
[2023-07-23T19:41:27.522+0000] {processor.py:157} INFO - Started process (PID=59) to work on /home/airflow/.local/lib/python3.9/site-packages/airflow/example_dags/example_kubernetes_executor.py
[2023-07-23T19:41:27.545+0000] {processor.py:826} INFO - Processing file /home/airflow/.local/lib/python3.9/site-packages/airflow/example_dags/example_kubernetes_executor.py for tasks to queue
[2023-07-23T19:41:27.546+0000] {logging_mixin.py:150} INFO - [2023-07-23T19:41:27.546+0000] {dagbag.py:541} INFO - Filling up the DagBag from /home/airflow/.local/lib/python3.9/site-packages/airflow/example_dags/example_kubernetes_executor.py
[2023-07-23T19:41:33.530+0000] {processor.py:836} INFO - DAG(s) dict_keys(['example_kubernetes_executor']) retrieved from /home/airflow/.local/lib/python3.9/site-packages/airflow/example_dags/example_kubernetes_executor.py
[2023-07-23T19:41:33.801+0000] {logging_mixin.py:150} INFO - [2023-07-23T19:41:33.800+0000] {dag.py:2742} INFO - Sync 1 DAGs
[2023-07-23T19:41:33.923+0000] {logging_mixin.py:150} INFO - [2023-07-23T19:41:33.922+0000] {dag.py:3504} INFO - Setting next_dagrun for example_kubernetes_executor to None, run_after=None
[2023-07-23T19:41:34.075+0000] {processor.py:179} INFO - Processing /home/airflow/.local/lib/python3.9/site-packages/airflow/example_dags/example_kubernetes_executor.py took 6.557 seconds
[2023-07-23T19:42:04.760+0000] {processor.py:157} INFO - Started process (PID=128) to work on /home/airflow/.local/lib/python3.9/site-packages/airflow/example_dags/example_kubernetes_executor.py
[2023-07-23T19:42:04.775+0000] {processor.py:826} INFO - Processing file /home/airflow/.local/lib/python3.9/site-packages/airflow/example_dags/example_kubernetes_executor.py for tasks to queue
[2023-07-23T19:42:04.786+0000] {logging_mixin.py:150} INFO - [2023-07-23T19:42:04.786+0000] {dagbag.py:541} INFO - Filling up the DagBag from /home/airflow/.local/lib/python3.9/site-packages/airflow/example_dags/example_kubernetes_executor.py
[2023-07-23T19:42:05.932+0000] {processor.py:836} INFO - DAG(s) dict_keys(['example_kubernetes_executor']) retrieved from /home/airflow/.local/lib/python3.9/site-packages/airflow/example_dags/example_kubernetes_executor.py
[2023-07-23T19:42:06.131+0000] {logging_mixin.py:150} INFO - [2023-07-23T19:42:06.130+0000] {dag.py:2742} INFO - Sync 1 DAGs
[2023-07-23T19:42:06.214+0000] {logging_mixin.py:150} INFO - [2023-07-23T19:42:06.213+0000] {dag.py:3504} INFO - Setting next_dagrun for example_kubernetes_executor to None, run_after=None
[2023-07-23T19:42:06.297+0000] {processor.py:179} INFO - Processing /home/airflow/.local/lib/python3.9/site-packages/airflow/example_dags/example_kubernetes_executor.py took 1.541 seconds
[2023-07-23T19:42:36.868+0000] {processor.py:157} INFO - Started process (PID=189) to work on /home/airflow/.local/lib/python3.9/site-packages/airflow/example_dags/example_kubernetes_executor.py
[2023-07-23T19:42:36.875+0000] {processor.py:826} INFO - Processing file /home/airflow/.local/lib/python3.9/site-packages/airflow/example_dags/example_kubernetes_executor.py for tasks to queue
[2023-07-23T19:42:36.876+0000] {logging_mixin.py:150} INFO - [2023-07-23T19:42:36.876+0000] {dagbag.py:541} INFO - Filling up the DagBag from /home/airflow/.local/lib/python3.9/site-packages/airflow/example_dags/example_kubernetes_executor.py
[2023-07-23T19:42:37.510+0000] {processor.py:836} INFO - DAG(s) dict_keys(['example_kubernetes_executor']) retrieved from /home/airflow/.local/lib/python3.9/site-packages/airflow/example_dags/example_kubernetes_executor.py
[2023-07-23T19:42:37.622+0000] {logging_mixin.py:150} INFO - [2023-07-23T19:42:37.621+0000] {dag.py:2742} INFO - Sync 1 DAGs
[2023-07-23T19:42:37.686+0000] {logging_mixin.py:150} INFO - [2023-07-23T19:42:37.686+0000] {dag.py:3504} INFO - Setting next_dagrun for example_kubernetes_executor to None, run_after=None
[2023-07-23T19:42:37.726+0000] {processor.py:179} INFO - Processing /home/airflow/.local/lib/python3.9/site-packages/airflow/example_dags/example_kubernetes_executor.py took 0.863 seconds
[2023-07-23T19:43:07.821+0000] {processor.py:157} INFO - Started process (PID=250) to work on /home/airflow/.local/lib/python3.9/site-packages/airflow/example_dags/example_kubernetes_executor.py
[2023-07-23T19:43:07.828+0000] {processor.py:826} INFO - Processing file /home/airflow/.local/lib/python3.9/site-packages/airflow/example_dags/example_kubernetes_executor.py for tasks to queue
[2023-07-23T19:43:07.830+0000] {logging_mixin.py:150} INFO - [2023-07-23T19:43:07.829+0000] {dagbag.py:541} INFO - Filling up the DagBag from /home/airflow/.local/lib/python3.9/site-packages/airflow/example_dags/example_kubernetes_executor.py
[2023-07-23T19:43:08.389+0000] {processor.py:836} INFO - DAG(s) dict_keys(['example_kubernetes_executor']) retrieved from /home/airflow/.local/lib/python3.9/site-packages/airflow/example_dags/example_kubernetes_executor.py
[2023-07-23T19:43:08.432+0000] {logging_mixin.py:150} INFO - [2023-07-23T19:43:08.432+0000] {dag.py:2742} INFO - Sync 1 DAGs
[2023-07-23T19:43:08.458+0000] {logging_mixin.py:150} INFO - [2023-07-23T19:43:08.458+0000] {dag.py:3504} INFO - Setting next_dagrun for example_kubernetes_executor to None, run_after=None
[2023-07-23T19:43:08.538+0000] {processor.py:179} INFO - Processing /home/airflow/.local/lib/python3.9/site-packages/airflow/example_dags/example_kubernetes_executor.py took 0.722 seconds
[2023-07-23T19:43:39.329+0000] {processor.py:157} INFO - Started process (PID=312) to work on /home/airflow/.local/lib/python3.9/site-packages/airflow/example_dags/example_kubernetes_executor.py
[2023-07-23T19:43:39.376+0000] {processor.py:826} INFO - Processing file /home/airflow/.local/lib/python3.9/site-packages/airflow/example_dags/example_kubernetes_executor.py for tasks to queue
[2023-07-23T19:43:39.377+0000] {logging_mixin.py:150} INFO - [2023-07-23T19:43:39.376+0000] {dagbag.py:541} INFO - Filling up the DagBag from /home/airflow/.local/lib/python3.9/site-packages/airflow/example_dags/example_kubernetes_executor.py
[2023-07-23T19:43:41.662+0000] {processor.py:836} INFO - DAG(s) dict_keys(['example_kubernetes_executor']) retrieved from /home/airflow/.local/lib/python3.9/site-packages/airflow/example_dags/example_kubernetes_executor.py
[2023-07-23T19:43:41.856+0000] {logging_mixin.py:150} INFO - [2023-07-23T19:43:41.856+0000] {dag.py:2742} INFO - Sync 1 DAGs
[2023-07-23T19:43:41.976+0000] {logging_mixin.py:150} INFO - [2023-07-23T19:43:41.976+0000] {dag.py:3504} INFO - Setting next_dagrun for example_kubernetes_executor to None, run_after=None
[2023-07-23T19:43:42.089+0000] {processor.py:179} INFO - Processing /home/airflow/.local/lib/python3.9/site-packages/airflow/example_dags/example_kubernetes_executor.py took 2.780 seconds
[2023-07-23T19:44:12.411+0000] {processor.py:157} INFO - Started process (PID=368) to work on /home/airflow/.local/lib/python3.9/site-packages/airflow/example_dags/example_kubernetes_executor.py
[2023-07-23T19:44:12.412+0000] {processor.py:826} INFO - Processing file /home/airflow/.local/lib/python3.9/site-packages/airflow/example_dags/example_kubernetes_executor.py for tasks to queue
[2023-07-23T19:44:12.413+0000] {logging_mixin.py:150} INFO - [2023-07-23T19:44:12.413+0000] {dagbag.py:541} INFO - Filling up the DagBag from /home/airflow/.local/lib/python3.9/site-packages/airflow/example_dags/example_kubernetes_executor.py
[2023-07-23T19:44:14.361+0000] {processor.py:836} INFO - DAG(s) dict_keys(['example_kubernetes_executor']) retrieved from /home/airflow/.local/lib/python3.9/site-packages/airflow/example_dags/example_kubernetes_executor.py
[2023-07-23T19:44:14.536+0000] {logging_mixin.py:150} INFO - [2023-07-23T19:44:14.536+0000] {dag.py:2742} INFO - Sync 1 DAGs
[2023-07-23T19:44:14.648+0000] {logging_mixin.py:150} INFO - [2023-07-23T19:44:14.648+0000] {dag.py:3504} INFO - Setting next_dagrun for example_kubernetes_executor to None, run_after=None
[2023-07-23T19:44:14.726+0000] {processor.py:179} INFO - Processing /home/airflow/.local/lib/python3.9/site-packages/airflow/example_dags/example_kubernetes_executor.py took 2.320 seconds
[2023-07-23T19:44:45.361+0000] {processor.py:157} INFO - Started process (PID=431) to work on /home/airflow/.local/lib/python3.9/site-packages/airflow/example_dags/example_kubernetes_executor.py
[2023-07-23T19:44:45.365+0000] {processor.py:826} INFO - Processing file /home/airflow/.local/lib/python3.9/site-packages/airflow/example_dags/example_kubernetes_executor.py for tasks to queue
[2023-07-23T19:44:45.373+0000] {logging_mixin.py:150} INFO - [2023-07-23T19:44:45.366+0000] {dagbag.py:541} INFO - Filling up the DagBag from /home/airflow/.local/lib/python3.9/site-packages/airflow/example_dags/example_kubernetes_executor.py
[2023-07-23T19:44:46.387+0000] {processor.py:836} INFO - DAG(s) dict_keys(['example_kubernetes_executor']) retrieved from /home/airflow/.local/lib/python3.9/site-packages/airflow/example_dags/example_kubernetes_executor.py
[2023-07-23T19:44:46.429+0000] {logging_mixin.py:150} INFO - [2023-07-23T19:44:46.429+0000] {dag.py:2742} INFO - Sync 1 DAGs
[2023-07-23T19:44:46.458+0000] {logging_mixin.py:150} INFO - [2023-07-23T19:44:46.458+0000] {dag.py:3504} INFO - Setting next_dagrun for example_kubernetes_executor to None, run_after=None
[2023-07-23T19:44:46.493+0000] {processor.py:179} INFO - Processing /home/airflow/.local/lib/python3.9/site-packages/airflow/example_dags/example_kubernetes_executor.py took 1.141 seconds
[2023-07-23T19:45:17.063+0000] {processor.py:157} INFO - Started process (PID=494) to work on /home/airflow/.local/lib/python3.9/site-packages/airflow/example_dags/example_kubernetes_executor.py
[2023-07-23T19:45:17.095+0000] {processor.py:826} INFO - Processing file /home/airflow/.local/lib/python3.9/site-packages/airflow/example_dags/example_kubernetes_executor.py for tasks to queue
[2023-07-23T19:45:17.097+0000] {logging_mixin.py:150} INFO - [2023-07-23T19:45:17.096+0000] {dagbag.py:541} INFO - Filling up the DagBag from /home/airflow/.local/lib/python3.9/site-packages/airflow/example_dags/example_kubernetes_executor.py
[2023-07-23T19:45:18.902+0000] {processor.py:836} INFO - DAG(s) dict_keys(['example_kubernetes_executor']) retrieved from /home/airflow/.local/lib/python3.9/site-packages/airflow/example_dags/example_kubernetes_executor.py
[2023-07-23T19:45:19.106+0000] {logging_mixin.py:150} INFO - [2023-07-23T19:45:19.106+0000] {dag.py:2742} INFO - Sync 1 DAGs
[2023-07-23T19:45:19.226+0000] {logging_mixin.py:150} INFO - [2023-07-23T19:45:19.226+0000] {dag.py:3504} INFO - Setting next_dagrun for example_kubernetes_executor to None, run_after=None
[2023-07-23T19:45:19.345+0000] {processor.py:179} INFO - Processing /home/airflow/.local/lib/python3.9/site-packages/airflow/example_dags/example_kubernetes_executor.py took 2.286 seconds
[2023-07-23T19:45:50.348+0000] {processor.py:157} INFO - Started process (PID=559) to work on /home/airflow/.local/lib/python3.9/site-packages/airflow/example_dags/example_kubernetes_executor.py
[2023-07-23T19:45:50.349+0000] {processor.py:826} INFO - Processing file /home/airflow/.local/lib/python3.9/site-packages/airflow/example_dags/example_kubernetes_executor.py for tasks to queue
[2023-07-23T19:45:50.350+0000] {logging_mixin.py:150} INFO - [2023-07-23T19:45:50.349+0000] {dagbag.py:541} INFO - Filling up the DagBag from /home/airflow/.local/lib/python3.9/site-packages/airflow/example_dags/example_kubernetes_executor.py
[2023-07-23T19:45:53.412+0000] {processor.py:836} INFO - DAG(s) dict_keys(['example_kubernetes_executor']) retrieved from /home/airflow/.local/lib/python3.9/site-packages/airflow/example_dags/example_kubernetes_executor.py
[2023-07-23T19:45:53.726+0000] {logging_mixin.py:150} INFO - [2023-07-23T19:45:53.726+0000] {dag.py:2742} INFO - Sync 1 DAGs
[2023-07-23T19:45:53.826+0000] {logging_mixin.py:150} INFO - [2023-07-23T19:45:53.826+0000] {dag.py:3504} INFO - Setting next_dagrun for example_kubernetes_executor to None, run_after=None
[2023-07-23T19:45:53.969+0000] {processor.py:179} INFO - Processing /home/airflow/.local/lib/python3.9/site-packages/airflow/example_dags/example_kubernetes_executor.py took 3.630 seconds
[2023-07-23T19:46:24.692+0000] {processor.py:157} INFO - Started process (PID=623) to work on /home/airflow/.local/lib/python3.9/site-packages/airflow/example_dags/example_kubernetes_executor.py
[2023-07-23T19:46:24.695+0000] {processor.py:826} INFO - Processing file /home/airflow/.local/lib/python3.9/site-packages/airflow/example_dags/example_kubernetes_executor.py for tasks to queue
[2023-07-23T19:46:24.696+0000] {logging_mixin.py:150} INFO - [2023-07-23T19:46:24.696+0000] {dagbag.py:541} INFO - Filling up the DagBag from /home/airflow/.local/lib/python3.9/site-packages/airflow/example_dags/example_kubernetes_executor.py
[2023-07-23T19:46:25.861+0000] {processor.py:836} INFO - DAG(s) dict_keys(['example_kubernetes_executor']) retrieved from /home/airflow/.local/lib/python3.9/site-packages/airflow/example_dags/example_kubernetes_executor.py
[2023-07-23T19:46:25.993+0000] {logging_mixin.py:150} INFO - [2023-07-23T19:46:25.993+0000] {dag.py:2742} INFO - Sync 1 DAGs
[2023-07-23T19:46:26.086+0000] {logging_mixin.py:150} INFO - [2023-07-23T19:46:26.086+0000] {dag.py:3504} INFO - Setting next_dagrun for example_kubernetes_executor to None, run_after=None
[2023-07-23T19:46:26.144+0000] {processor.py:179} INFO - Processing /home/airflow/.local/lib/python3.9/site-packages/airflow/example_dags/example_kubernetes_executor.py took 1.455 seconds
[2023-07-23T19:46:56.320+0000] {processor.py:157} INFO - Started process (PID=685) to work on /home/airflow/.local/lib/python3.9/site-packages/airflow/example_dags/example_kubernetes_executor.py
[2023-07-23T19:46:56.321+0000] {processor.py:826} INFO - Processing file /home/airflow/.local/lib/python3.9/site-packages/airflow/example_dags/example_kubernetes_executor.py for tasks to queue
[2023-07-23T19:46:56.322+0000] {logging_mixin.py:150} INFO - [2023-07-23T19:46:56.321+0000] {dagbag.py:541} INFO - Filling up the DagBag from /home/airflow/.local/lib/python3.9/site-packages/airflow/example_dags/example_kubernetes_executor.py
[2023-07-23T19:46:56.889+0000] {processor.py:836} INFO - DAG(s) dict_keys(['example_kubernetes_executor']) retrieved from /home/airflow/.local/lib/python3.9/site-packages/airflow/example_dags/example_kubernetes_executor.py
[2023-07-23T19:46:56.989+0000] {logging_mixin.py:150} INFO - [2023-07-23T19:46:56.985+0000] {dag.py:2742} INFO - Sync 1 DAGs
[2023-07-23T19:46:57.064+0000] {logging_mixin.py:150} INFO - [2023-07-23T19:46:57.064+0000] {dag.py:3504} INFO - Setting next_dagrun for example_kubernetes_executor to None, run_after=None
[2023-07-23T19:46:57.115+0000] {processor.py:179} INFO - Processing /home/airflow/.local/lib/python3.9/site-packages/airflow/example_dags/example_kubernetes_executor.py took 0.807 seconds
[2023-07-23T19:47:27.644+0000] {processor.py:157} INFO - Started process (PID=755) to work on /home/airflow/.local/lib/python3.9/site-packages/airflow/example_dags/example_kubernetes_executor.py
[2023-07-23T19:47:27.672+0000] {processor.py:826} INFO - Processing file /home/airflow/.local/lib/python3.9/site-packages/airflow/example_dags/example_kubernetes_executor.py for tasks to queue
[2023-07-23T19:47:27.673+0000] {logging_mixin.py:150} INFO - [2023-07-23T19:47:27.673+0000] {dagbag.py:541} INFO - Filling up the DagBag from /home/airflow/.local/lib/python3.9/site-packages/airflow/example_dags/example_kubernetes_executor.py
[2023-07-23T19:47:28.718+0000] {processor.py:836} INFO - DAG(s) dict_keys(['example_kubernetes_executor']) retrieved from /home/airflow/.local/lib/python3.9/site-packages/airflow/example_dags/example_kubernetes_executor.py
[2023-07-23T19:47:28.846+0000] {logging_mixin.py:150} INFO - [2023-07-23T19:47:28.846+0000] {dag.py:2742} INFO - Sync 1 DAGs
[2023-07-23T19:47:28.916+0000] {logging_mixin.py:150} INFO - [2023-07-23T19:47:28.916+0000] {dag.py:3504} INFO - Setting next_dagrun for example_kubernetes_executor to None, run_after=None
[2023-07-23T19:47:28.980+0000] {processor.py:179} INFO - Processing /home/airflow/.local/lib/python3.9/site-packages/airflow/example_dags/example_kubernetes_executor.py took 1.376 seconds
[2023-07-23T19:47:59.176+0000] {processor.py:157} INFO - Started process (PID=819) to work on /home/airflow/.local/lib/python3.9/site-packages/airflow/example_dags/example_kubernetes_executor.py
[2023-07-23T19:47:59.177+0000] {processor.py:826} INFO - Processing file /home/airflow/.local/lib/python3.9/site-packages/airflow/example_dags/example_kubernetes_executor.py for tasks to queue
[2023-07-23T19:47:59.178+0000] {logging_mixin.py:150} INFO - [2023-07-23T19:47:59.178+0000] {dagbag.py:541} INFO - Filling up the DagBag from /home/airflow/.local/lib/python3.9/site-packages/airflow/example_dags/example_kubernetes_executor.py
[2023-07-23T19:48:01.174+0000] {processor.py:836} INFO - DAG(s) dict_keys(['example_kubernetes_executor']) retrieved from /home/airflow/.local/lib/python3.9/site-packages/airflow/example_dags/example_kubernetes_executor.py
[2023-07-23T19:48:01.479+0000] {logging_mixin.py:150} INFO - [2023-07-23T19:48:01.478+0000] {dag.py:2742} INFO - Sync 1 DAGs
[2023-07-23T19:48:01.678+0000] {logging_mixin.py:150} INFO - [2023-07-23T19:48:01.678+0000] {dag.py:3504} INFO - Setting next_dagrun for example_kubernetes_executor to None, run_after=None
[2023-07-23T19:48:01.807+0000] {processor.py:179} INFO - Processing /home/airflow/.local/lib/python3.9/site-packages/airflow/example_dags/example_kubernetes_executor.py took 2.673 seconds
[2023-07-23T19:48:32.170+0000] {processor.py:157} INFO - Started process (PID=874) to work on /home/airflow/.local/lib/python3.9/site-packages/airflow/example_dags/example_kubernetes_executor.py
[2023-07-23T19:48:32.203+0000] {processor.py:826} INFO - Processing file /home/airflow/.local/lib/python3.9/site-packages/airflow/example_dags/example_kubernetes_executor.py for tasks to queue
[2023-07-23T19:48:32.204+0000] {logging_mixin.py:150} INFO - [2023-07-23T19:48:32.203+0000] {dagbag.py:541} INFO - Filling up the DagBag from /home/airflow/.local/lib/python3.9/site-packages/airflow/example_dags/example_kubernetes_executor.py
[2023-07-23T19:48:32.560+0000] {processor.py:836} INFO - DAG(s) dict_keys(['example_kubernetes_executor']) retrieved from /home/airflow/.local/lib/python3.9/site-packages/airflow/example_dags/example_kubernetes_executor.py
[2023-07-23T19:48:32.605+0000] {logging_mixin.py:150} INFO - [2023-07-23T19:48:32.604+0000] {dag.py:2742} INFO - Sync 1 DAGs
[2023-07-23T19:48:32.633+0000] {logging_mixin.py:150} INFO - [2023-07-23T19:48:32.633+0000] {dag.py:3504} INFO - Setting next_dagrun for example_kubernetes_executor to None, run_after=None
[2023-07-23T19:48:32.667+0000] {processor.py:179} INFO - Processing /home/airflow/.local/lib/python3.9/site-packages/airflow/example_dags/example_kubernetes_executor.py took 0.503 seconds
[2023-07-23T19:49:03.451+0000] {processor.py:157} INFO - Started process (PID=935) to work on /home/airflow/.local/lib/python3.9/site-packages/airflow/example_dags/example_kubernetes_executor.py
[2023-07-23T19:49:03.461+0000] {processor.py:826} INFO - Processing file /home/airflow/.local/lib/python3.9/site-packages/airflow/example_dags/example_kubernetes_executor.py for tasks to queue
[2023-07-23T19:49:03.462+0000] {logging_mixin.py:150} INFO - [2023-07-23T19:49:03.461+0000] {dagbag.py:541} INFO - Filling up the DagBag from /home/airflow/.local/lib/python3.9/site-packages/airflow/example_dags/example_kubernetes_executor.py
[2023-07-23T19:49:04.775+0000] {processor.py:836} INFO - DAG(s) dict_keys(['example_kubernetes_executor']) retrieved from /home/airflow/.local/lib/python3.9/site-packages/airflow/example_dags/example_kubernetes_executor.py
[2023-07-23T19:49:04.956+0000] {logging_mixin.py:150} INFO - [2023-07-23T19:49:04.956+0000] {dag.py:2742} INFO - Sync 1 DAGs
[2023-07-23T19:49:05.026+0000] {logging_mixin.py:150} INFO - [2023-07-23T19:49:05.026+0000] {dag.py:3504} INFO - Setting next_dagrun for example_kubernetes_executor to None, run_after=None
[2023-07-23T19:49:05.117+0000] {processor.py:179} INFO - Processing /home/airflow/.local/lib/python3.9/site-packages/airflow/example_dags/example_kubernetes_executor.py took 1.671 seconds
[2023-07-23T19:49:35.948+0000] {processor.py:157} INFO - Started process (PID=998) to work on /home/airflow/.local/lib/python3.9/site-packages/airflow/example_dags/example_kubernetes_executor.py
[2023-07-23T19:49:35.974+0000] {processor.py:826} INFO - Processing file /home/airflow/.local/lib/python3.9/site-packages/airflow/example_dags/example_kubernetes_executor.py for tasks to queue
[2023-07-23T19:49:35.975+0000] {logging_mixin.py:150} INFO - [2023-07-23T19:49:35.974+0000] {dagbag.py:541} INFO - Filling up the DagBag from /home/airflow/.local/lib/python3.9/site-packages/airflow/example_dags/example_kubernetes_executor.py
[2023-07-23T19:49:37.728+0000] {processor.py:836} INFO - DAG(s) dict_keys(['example_kubernetes_executor']) retrieved from /home/airflow/.local/lib/python3.9/site-packages/airflow/example_dags/example_kubernetes_executor.py
[2023-07-23T19:49:37.938+0000] {logging_mixin.py:150} INFO - [2023-07-23T19:49:37.937+0000] {dag.py:2742} INFO - Sync 1 DAGs
[2023-07-23T19:49:38.036+0000] {logging_mixin.py:150} INFO - [2023-07-23T19:49:38.036+0000] {dag.py:3504} INFO - Setting next_dagrun for example_kubernetes_executor to None, run_after=None
[2023-07-23T19:49:38.149+0000] {processor.py:179} INFO - Processing /home/airflow/.local/lib/python3.9/site-packages/airflow/example_dags/example_kubernetes_executor.py took 2.215 seconds
[2023-07-23T19:50:08.638+0000] {processor.py:157} INFO - Started process (PID=1060) to work on /home/airflow/.local/lib/python3.9/site-packages/airflow/example_dags/example_kubernetes_executor.py
[2023-07-23T19:50:08.686+0000] {processor.py:826} INFO - Processing file /home/airflow/.local/lib/python3.9/site-packages/airflow/example_dags/example_kubernetes_executor.py for tasks to queue
[2023-07-23T19:50:08.687+0000] {logging_mixin.py:150} INFO - [2023-07-23T19:50:08.686+0000] {dagbag.py:541} INFO - Filling up the DagBag from /home/airflow/.local/lib/python3.9/site-packages/airflow/example_dags/example_kubernetes_executor.py
[2023-07-23T19:50:11.564+0000] {processor.py:836} INFO - DAG(s) dict_keys(['example_kubernetes_executor']) retrieved from /home/airflow/.local/lib/python3.9/site-packages/airflow/example_dags/example_kubernetes_executor.py
[2023-07-23T19:50:12.003+0000] {logging_mixin.py:150} INFO - [2023-07-23T19:50:12.002+0000] {dag.py:2742} INFO - Sync 1 DAGs
[2023-07-23T19:50:12.268+0000] {logging_mixin.py:150} INFO - [2023-07-23T19:50:12.267+0000] {dag.py:3504} INFO - Setting next_dagrun for example_kubernetes_executor to None, run_after=None
[2023-07-23T19:50:12.470+0000] {processor.py:179} INFO - Processing /home/airflow/.local/lib/python3.9/site-packages/airflow/example_dags/example_kubernetes_executor.py took 3.836 seconds
[2023-07-23T19:50:43.339+0000] {processor.py:157} INFO - Started process (PID=1114) to work on /home/airflow/.local/lib/python3.9/site-packages/airflow/example_dags/example_kubernetes_executor.py
[2023-07-23T19:50:43.355+0000] {processor.py:826} INFO - Processing file /home/airflow/.local/lib/python3.9/site-packages/airflow/example_dags/example_kubernetes_executor.py for tasks to queue
[2023-07-23T19:50:43.357+0000] {logging_mixin.py:150} INFO - [2023-07-23T19:50:43.357+0000] {dagbag.py:541} INFO - Filling up the DagBag from /home/airflow/.local/lib/python3.9/site-packages/airflow/example_dags/example_kubernetes_executor.py
[2023-07-23T19:50:45.433+0000] {processor.py:836} INFO - DAG(s) dict_keys(['example_kubernetes_executor']) retrieved from /home/airflow/.local/lib/python3.9/site-packages/airflow/example_dags/example_kubernetes_executor.py
[2023-07-23T19:50:45.845+0000] {logging_mixin.py:150} INFO - [2023-07-23T19:50:45.844+0000] {dag.py:2742} INFO - Sync 1 DAGs
[2023-07-23T19:50:45.956+0000] {logging_mixin.py:150} INFO - [2023-07-23T19:50:45.956+0000] {dag.py:3504} INFO - Setting next_dagrun for example_kubernetes_executor to None, run_after=None
[2023-07-23T19:50:45.992+0000] {processor.py:179} INFO - Processing /home/airflow/.local/lib/python3.9/site-packages/airflow/example_dags/example_kubernetes_executor.py took 2.668 seconds
[2023-07-23T19:51:16.432+0000] {processor.py:157} INFO - Started process (PID=1176) to work on /home/airflow/.local/lib/python3.9/site-packages/airflow/example_dags/example_kubernetes_executor.py
[2023-07-23T19:51:16.436+0000] {processor.py:826} INFO - Processing file /home/airflow/.local/lib/python3.9/site-packages/airflow/example_dags/example_kubernetes_executor.py for tasks to queue
[2023-07-23T19:51:16.437+0000] {logging_mixin.py:150} INFO - [2023-07-23T19:51:16.437+0000] {dagbag.py:541} INFO - Filling up the DagBag from /home/airflow/.local/lib/python3.9/site-packages/airflow/example_dags/example_kubernetes_executor.py
[2023-07-23T19:51:17.589+0000] {processor.py:836} INFO - DAG(s) dict_keys(['example_kubernetes_executor']) retrieved from /home/airflow/.local/lib/python3.9/site-packages/airflow/example_dags/example_kubernetes_executor.py
[2023-07-23T19:51:17.709+0000] {logging_mixin.py:150} INFO - [2023-07-23T19:51:17.709+0000] {dag.py:2742} INFO - Sync 1 DAGs
[2023-07-23T19:51:17.827+0000] {logging_mixin.py:150} INFO - [2023-07-23T19:51:17.826+0000] {dag.py:3504} INFO - Setting next_dagrun for example_kubernetes_executor to None, run_after=None
[2023-07-23T19:51:17.937+0000] {processor.py:179} INFO - Processing /home/airflow/.local/lib/python3.9/site-packages/airflow/example_dags/example_kubernetes_executor.py took 1.509 seconds
[2023-07-23T19:51:48.273+0000] {processor.py:157} INFO - Started process (PID=1237) to work on /home/airflow/.local/lib/python3.9/site-packages/airflow/example_dags/example_kubernetes_executor.py
[2023-07-23T19:51:48.285+0000] {processor.py:826} INFO - Processing file /home/airflow/.local/lib/python3.9/site-packages/airflow/example_dags/example_kubernetes_executor.py for tasks to queue
[2023-07-23T19:51:48.286+0000] {logging_mixin.py:150} INFO - [2023-07-23T19:51:48.286+0000] {dagbag.py:541} INFO - Filling up the DagBag from /home/airflow/.local/lib/python3.9/site-packages/airflow/example_dags/example_kubernetes_executor.py
[2023-07-23T19:51:49.490+0000] {processor.py:836} INFO - DAG(s) dict_keys(['example_kubernetes_executor']) retrieved from /home/airflow/.local/lib/python3.9/site-packages/airflow/example_dags/example_kubernetes_executor.py
[2023-07-23T19:51:49.630+0000] {logging_mixin.py:150} INFO - [2023-07-23T19:51:49.629+0000] {dag.py:2742} INFO - Sync 1 DAGs
[2023-07-23T19:51:49.727+0000] {logging_mixin.py:150} INFO - [2023-07-23T19:51:49.726+0000] {dag.py:3504} INFO - Setting next_dagrun for example_kubernetes_executor to None, run_after=None
[2023-07-23T19:51:49.798+0000] {processor.py:179} INFO - Processing /home/airflow/.local/lib/python3.9/site-packages/airflow/example_dags/example_kubernetes_executor.py took 1.530 seconds
[2023-07-23T19:52:19.957+0000] {processor.py:157} INFO - Started process (PID=1300) to work on /home/airflow/.local/lib/python3.9/site-packages/airflow/example_dags/example_kubernetes_executor.py
[2023-07-23T19:52:19.965+0000] {processor.py:826} INFO - Processing file /home/airflow/.local/lib/python3.9/site-packages/airflow/example_dags/example_kubernetes_executor.py for tasks to queue
[2023-07-23T19:52:19.966+0000] {logging_mixin.py:150} INFO - [2023-07-23T19:52:19.966+0000] {dagbag.py:541} INFO - Filling up the DagBag from /home/airflow/.local/lib/python3.9/site-packages/airflow/example_dags/example_kubernetes_executor.py
[2023-07-23T19:52:21.510+0000] {processor.py:836} INFO - DAG(s) dict_keys(['example_kubernetes_executor']) retrieved from /home/airflow/.local/lib/python3.9/site-packages/airflow/example_dags/example_kubernetes_executor.py
[2023-07-23T19:52:21.703+0000] {logging_mixin.py:150} INFO - [2023-07-23T19:52:21.701+0000] {dag.py:2742} INFO - Sync 1 DAGs
[2023-07-23T19:52:21.870+0000] {logging_mixin.py:150} INFO - [2023-07-23T19:52:21.869+0000] {dag.py:3504} INFO - Setting next_dagrun for example_kubernetes_executor to None, run_after=None
[2023-07-23T19:52:22.032+0000] {processor.py:179} INFO - Processing /home/airflow/.local/lib/python3.9/site-packages/airflow/example_dags/example_kubernetes_executor.py took 2.079 seconds
[2023-07-23T19:52:52.529+0000] {processor.py:157} INFO - Started process (PID=1360) to work on /home/airflow/.local/lib/python3.9/site-packages/airflow/example_dags/example_kubernetes_executor.py
[2023-07-23T19:52:52.545+0000] {processor.py:826} INFO - Processing file /home/airflow/.local/lib/python3.9/site-packages/airflow/example_dags/example_kubernetes_executor.py for tasks to queue
[2023-07-23T19:52:52.546+0000] {logging_mixin.py:150} INFO - [2023-07-23T19:52:52.546+0000] {dagbag.py:541} INFO - Filling up the DagBag from /home/airflow/.local/lib/python3.9/site-packages/airflow/example_dags/example_kubernetes_executor.py
[2023-07-23T19:52:54.770+0000] {processor.py:836} INFO - DAG(s) dict_keys(['example_kubernetes_executor']) retrieved from /home/airflow/.local/lib/python3.9/site-packages/airflow/example_dags/example_kubernetes_executor.py
[2023-07-23T19:52:55.086+0000] {logging_mixin.py:150} INFO - [2023-07-23T19:52:55.086+0000] {dag.py:2742} INFO - Sync 1 DAGs
[2023-07-23T19:52:55.196+0000] {logging_mixin.py:150} INFO - [2023-07-23T19:52:55.196+0000] {dag.py:3504} INFO - Setting next_dagrun for example_kubernetes_executor to None, run_after=None
[2023-07-23T19:52:55.296+0000] {processor.py:179} INFO - Processing /home/airflow/.local/lib/python3.9/site-packages/airflow/example_dags/example_kubernetes_executor.py took 2.782 seconds
[2023-07-23T19:53:25.506+0000] {processor.py:157} INFO - Started process (PID=1415) to work on /home/airflow/.local/lib/python3.9/site-packages/airflow/example_dags/example_kubernetes_executor.py
[2023-07-23T19:53:25.515+0000] {processor.py:826} INFO - Processing file /home/airflow/.local/lib/python3.9/site-packages/airflow/example_dags/example_kubernetes_executor.py for tasks to queue
[2023-07-23T19:53:25.516+0000] {logging_mixin.py:150} INFO - [2023-07-23T19:53:25.516+0000] {dagbag.py:541} INFO - Filling up the DagBag from /home/airflow/.local/lib/python3.9/site-packages/airflow/example_dags/example_kubernetes_executor.py
[2023-07-23T19:53:26.439+0000] {processor.py:836} INFO - DAG(s) dict_keys(['example_kubernetes_executor']) retrieved from /home/airflow/.local/lib/python3.9/site-packages/airflow/example_dags/example_kubernetes_executor.py
[2023-07-23T19:53:26.623+0000] {logging_mixin.py:150} INFO - [2023-07-23T19:53:26.622+0000] {dag.py:2742} INFO - Sync 1 DAGs
[2023-07-23T19:53:26.736+0000] {logging_mixin.py:150} INFO - [2023-07-23T19:53:26.736+0000] {dag.py:3504} INFO - Setting next_dagrun for example_kubernetes_executor to None, run_after=None
[2023-07-23T19:53:26.852+0000] {processor.py:179} INFO - Processing /home/airflow/.local/lib/python3.9/site-packages/airflow/example_dags/example_kubernetes_executor.py took 1.360 seconds
[2023-07-23T19:53:57.184+0000] {processor.py:157} INFO - Started process (PID=1478) to work on /home/airflow/.local/lib/python3.9/site-packages/airflow/example_dags/example_kubernetes_executor.py
[2023-07-23T19:53:57.196+0000] {processor.py:826} INFO - Processing file /home/airflow/.local/lib/python3.9/site-packages/airflow/example_dags/example_kubernetes_executor.py for tasks to queue
[2023-07-23T19:53:57.196+0000] {logging_mixin.py:150} INFO - [2023-07-23T19:53:57.196+0000] {dagbag.py:541} INFO - Filling up the DagBag from /home/airflow/.local/lib/python3.9/site-packages/airflow/example_dags/example_kubernetes_executor.py
[2023-07-23T19:53:58.224+0000] {processor.py:836} INFO - DAG(s) dict_keys(['example_kubernetes_executor']) retrieved from /home/airflow/.local/lib/python3.9/site-packages/airflow/example_dags/example_kubernetes_executor.py
[2023-07-23T19:53:58.434+0000] {logging_mixin.py:150} INFO - [2023-07-23T19:53:58.433+0000] {dag.py:2742} INFO - Sync 1 DAGs
[2023-07-23T19:53:58.576+0000] {logging_mixin.py:150} INFO - [2023-07-23T19:53:58.576+0000] {dag.py:3504} INFO - Setting next_dagrun for example_kubernetes_executor to None, run_after=None
[2023-07-23T19:53:58.655+0000] {processor.py:179} INFO - Processing /home/airflow/.local/lib/python3.9/site-packages/airflow/example_dags/example_kubernetes_executor.py took 1.476 seconds
[2023-07-23T19:54:29.897+0000] {processor.py:157} INFO - Started process (PID=1542) to work on /home/airflow/.local/lib/python3.9/site-packages/airflow/example_dags/example_kubernetes_executor.py
[2023-07-23T19:54:29.916+0000] {processor.py:826} INFO - Processing file /home/airflow/.local/lib/python3.9/site-packages/airflow/example_dags/example_kubernetes_executor.py for tasks to queue
[2023-07-23T19:54:29.917+0000] {logging_mixin.py:150} INFO - [2023-07-23T19:54:29.916+0000] {dagbag.py:541} INFO - Filling up the DagBag from /home/airflow/.local/lib/python3.9/site-packages/airflow/example_dags/example_kubernetes_executor.py
[2023-07-23T19:54:31.589+0000] {processor.py:836} INFO - DAG(s) dict_keys(['example_kubernetes_executor']) retrieved from /home/airflow/.local/lib/python3.9/site-packages/airflow/example_dags/example_kubernetes_executor.py
[2023-07-23T19:54:31.723+0000] {logging_mixin.py:150} INFO - [2023-07-23T19:54:31.723+0000] {dag.py:2742} INFO - Sync 1 DAGs
[2023-07-23T19:54:31.846+0000] {logging_mixin.py:150} INFO - [2023-07-23T19:54:31.846+0000] {dag.py:3504} INFO - Setting next_dagrun for example_kubernetes_executor to None, run_after=None
[2023-07-23T19:54:31.915+0000] {processor.py:179} INFO - Processing /home/airflow/.local/lib/python3.9/site-packages/airflow/example_dags/example_kubernetes_executor.py took 2.062 seconds
[2023-07-23T19:55:02.538+0000] {processor.py:157} INFO - Started process (PID=1609) to work on /home/airflow/.local/lib/python3.9/site-packages/airflow/example_dags/example_kubernetes_executor.py
[2023-07-23T19:55:02.555+0000] {processor.py:826} INFO - Processing file /home/airflow/.local/lib/python3.9/site-packages/airflow/example_dags/example_kubernetes_executor.py for tasks to queue
[2023-07-23T19:55:02.556+0000] {logging_mixin.py:150} INFO - [2023-07-23T19:55:02.556+0000] {dagbag.py:541} INFO - Filling up the DagBag from /home/airflow/.local/lib/python3.9/site-packages/airflow/example_dags/example_kubernetes_executor.py
[2023-07-23T19:55:04.079+0000] {processor.py:836} INFO - DAG(s) dict_keys(['example_kubernetes_executor']) retrieved from /home/airflow/.local/lib/python3.9/site-packages/airflow/example_dags/example_kubernetes_executor.py
[2023-07-23T19:55:04.275+0000] {logging_mixin.py:150} INFO - [2023-07-23T19:55:04.274+0000] {dag.py:2742} INFO - Sync 1 DAGs
[2023-07-23T19:55:04.372+0000] {logging_mixin.py:150} INFO - [2023-07-23T19:55:04.372+0000] {dag.py:3504} INFO - Setting next_dagrun for example_kubernetes_executor to None, run_after=None
[2023-07-23T19:55:04.461+0000] {processor.py:179} INFO - Processing /home/airflow/.local/lib/python3.9/site-packages/airflow/example_dags/example_kubernetes_executor.py took 1.972 seconds
[2023-07-23T19:55:35.894+0000] {processor.py:157} INFO - Started process (PID=1675) to work on /home/airflow/.local/lib/python3.9/site-packages/airflow/example_dags/example_kubernetes_executor.py
[2023-07-23T19:55:35.905+0000] {processor.py:826} INFO - Processing file /home/airflow/.local/lib/python3.9/site-packages/airflow/example_dags/example_kubernetes_executor.py for tasks to queue
[2023-07-23T19:55:35.908+0000] {logging_mixin.py:150} INFO - [2023-07-23T19:55:35.906+0000] {dagbag.py:541} INFO - Filling up the DagBag from /home/airflow/.local/lib/python3.9/site-packages/airflow/example_dags/example_kubernetes_executor.py
[2023-07-23T19:55:36.892+0000] {processor.py:836} INFO - DAG(s) dict_keys(['example_kubernetes_executor']) retrieved from /home/airflow/.local/lib/python3.9/site-packages/airflow/example_dags/example_kubernetes_executor.py
[2023-07-23T19:55:37.136+0000] {logging_mixin.py:150} INFO - [2023-07-23T19:55:37.135+0000] {dag.py:2742} INFO - Sync 1 DAGs
[2023-07-23T19:55:37.229+0000] {logging_mixin.py:150} INFO - [2023-07-23T19:55:37.229+0000] {dag.py:3504} INFO - Setting next_dagrun for example_kubernetes_executor to None, run_after=None
[2023-07-23T19:55:38.024+0000] {processor.py:179} INFO - Processing /home/airflow/.local/lib/python3.9/site-packages/airflow/example_dags/example_kubernetes_executor.py took 2.134 seconds
[2023-07-23T19:56:08.125+0000] {processor.py:157} INFO - Started process (PID=1738) to work on /home/airflow/.local/lib/python3.9/site-packages/airflow/example_dags/example_kubernetes_executor.py
[2023-07-23T19:56:08.175+0000] {processor.py:826} INFO - Processing file /home/airflow/.local/lib/python3.9/site-packages/airflow/example_dags/example_kubernetes_executor.py for tasks to queue
[2023-07-23T19:56:08.177+0000] {logging_mixin.py:150} INFO - [2023-07-23T19:56:08.176+0000] {dagbag.py:541} INFO - Filling up the DagBag from /home/airflow/.local/lib/python3.9/site-packages/airflow/example_dags/example_kubernetes_executor.py
[2023-07-23T19:56:08.696+0000] {processor.py:836} INFO - DAG(s) dict_keys(['example_kubernetes_executor']) retrieved from /home/airflow/.local/lib/python3.9/site-packages/airflow/example_dags/example_kubernetes_executor.py
[2023-07-23T19:56:08.775+0000] {logging_mixin.py:150} INFO - [2023-07-23T19:56:08.774+0000] {dag.py:2742} INFO - Sync 1 DAGs
[2023-07-23T19:56:08.872+0000] {logging_mixin.py:150} INFO - [2023-07-23T19:56:08.872+0000] {dag.py:3504} INFO - Setting next_dagrun for example_kubernetes_executor to None, run_after=None
[2023-07-23T19:56:08.930+0000] {processor.py:179} INFO - Processing /home/airflow/.local/lib/python3.9/site-packages/airflow/example_dags/example_kubernetes_executor.py took 0.810 seconds
[2023-07-23T19:56:39.313+0000] {processor.py:157} INFO - Started process (PID=1797) to work on /home/airflow/.local/lib/python3.9/site-packages/airflow/example_dags/example_kubernetes_executor.py
[2023-07-23T19:56:39.333+0000] {processor.py:826} INFO - Processing file /home/airflow/.local/lib/python3.9/site-packages/airflow/example_dags/example_kubernetes_executor.py for tasks to queue
[2023-07-23T19:56:39.335+0000] {logging_mixin.py:150} INFO - [2023-07-23T19:56:39.333+0000] {dagbag.py:541} INFO - Filling up the DagBag from /home/airflow/.local/lib/python3.9/site-packages/airflow/example_dags/example_kubernetes_executor.py
[2023-07-23T19:56:39.880+0000] {processor.py:836} INFO - DAG(s) dict_keys(['example_kubernetes_executor']) retrieved from /home/airflow/.local/lib/python3.9/site-packages/airflow/example_dags/example_kubernetes_executor.py
[2023-07-23T19:56:39.936+0000] {logging_mixin.py:150} INFO - [2023-07-23T19:56:39.935+0000] {dag.py:2742} INFO - Sync 1 DAGs
[2023-07-23T19:56:39.963+0000] {logging_mixin.py:150} INFO - [2023-07-23T19:56:39.963+0000] {dag.py:3504} INFO - Setting next_dagrun for example_kubernetes_executor to None, run_after=None
[2023-07-23T19:56:40.002+0000] {processor.py:179} INFO - Processing /home/airflow/.local/lib/python3.9/site-packages/airflow/example_dags/example_kubernetes_executor.py took 0.693 seconds
[2023-07-23T19:57:11.842+0000] {processor.py:157} INFO - Started process (PID=1861) to work on /home/airflow/.local/lib/python3.9/site-packages/airflow/example_dags/example_kubernetes_executor.py
[2023-07-23T19:57:11.881+0000] {processor.py:826} INFO - Processing file /home/airflow/.local/lib/python3.9/site-packages/airflow/example_dags/example_kubernetes_executor.py for tasks to queue
[2023-07-23T19:57:11.882+0000] {logging_mixin.py:150} INFO - [2023-07-23T19:57:11.881+0000] {dagbag.py:541} INFO - Filling up the DagBag from /home/airflow/.local/lib/python3.9/site-packages/airflow/example_dags/example_kubernetes_executor.py
[2023-07-23T19:57:16.464+0000] {processor.py:836} INFO - DAG(s) dict_keys(['example_kubernetes_executor']) retrieved from /home/airflow/.local/lib/python3.9/site-packages/airflow/example_dags/example_kubernetes_executor.py
[2023-07-23T19:57:17.588+0000] {logging_mixin.py:150} INFO - [2023-07-23T19:57:17.578+0000] {dag.py:2742} INFO - Sync 1 DAGs
[2023-07-23T19:57:18.217+0000] {logging_mixin.py:150} INFO - [2023-07-23T19:57:18.217+0000] {dag.py:3504} INFO - Setting next_dagrun for example_kubernetes_executor to None, run_after=None
[2023-07-23T19:57:18.855+0000] {processor.py:179} INFO - Processing /home/airflow/.local/lib/python3.9/site-packages/airflow/example_dags/example_kubernetes_executor.py took 7.112 seconds
[2023-07-23T19:58:15.956+0000] {processor.py:157} INFO - Started process (PID=1918) to work on /home/airflow/.local/lib/python3.9/site-packages/airflow/example_dags/example_kubernetes_executor.py
[2023-07-23T19:58:16.079+0000] {processor.py:826} INFO - Processing file /home/airflow/.local/lib/python3.9/site-packages/airflow/example_dags/example_kubernetes_executor.py for tasks to queue
[2023-07-23T19:58:16.080+0000] {logging_mixin.py:150} INFO - [2023-07-23T19:58:16.080+0000] {dagbag.py:541} INFO - Filling up the DagBag from /home/airflow/.local/lib/python3.9/site-packages/airflow/example_dags/example_kubernetes_executor.py
[2023-07-23T19:58:25.217+0000] {processor.py:836} INFO - DAG(s) dict_keys(['example_kubernetes_executor']) retrieved from /home/airflow/.local/lib/python3.9/site-packages/airflow/example_dags/example_kubernetes_executor.py
[2023-07-23T19:58:26.320+0000] {logging_mixin.py:150} INFO - [2023-07-23T19:58:26.319+0000] {dag.py:2742} INFO - Sync 1 DAGs
[2023-07-23T19:58:27.321+0000] {logging_mixin.py:150} INFO - [2023-07-23T19:58:27.320+0000] {dag.py:3504} INFO - Setting next_dagrun for example_kubernetes_executor to None, run_after=None
[2023-07-23T19:58:28.187+0000] {processor.py:179} INFO - Processing /home/airflow/.local/lib/python3.9/site-packages/airflow/example_dags/example_kubernetes_executor.py took 12.284 seconds
[2023-07-23T20:01:04.937+0000] {processor.py:157} INFO - Started process (PID=79) to work on /home/airflow/.local/lib/python3.9/site-packages/airflow/example_dags/example_kubernetes_executor.py
[2023-07-23T20:01:04.945+0000] {processor.py:826} INFO - Processing file /home/airflow/.local/lib/python3.9/site-packages/airflow/example_dags/example_kubernetes_executor.py for tasks to queue
[2023-07-23T20:01:04.947+0000] {logging_mixin.py:150} INFO - [2023-07-23T20:01:04.946+0000] {dagbag.py:541} INFO - Filling up the DagBag from /home/airflow/.local/lib/python3.9/site-packages/airflow/example_dags/example_kubernetes_executor.py
[2023-07-23T20:01:13.019+0000] {processor.py:836} INFO - DAG(s) dict_keys(['example_kubernetes_executor']) retrieved from /home/airflow/.local/lib/python3.9/site-packages/airflow/example_dags/example_kubernetes_executor.py
[2023-07-23T20:01:13.177+0000] {logging_mixin.py:150} INFO - [2023-07-23T20:01:13.176+0000] {dag.py:2742} INFO - Sync 1 DAGs
[2023-07-23T20:01:13.265+0000] {logging_mixin.py:150} INFO - [2023-07-23T20:01:13.264+0000] {dag.py:3504} INFO - Setting next_dagrun for example_kubernetes_executor to None, run_after=None
[2023-07-23T20:01:13.353+0000] {processor.py:179} INFO - Processing /home/airflow/.local/lib/python3.9/site-packages/airflow/example_dags/example_kubernetes_executor.py took 8.441 seconds
[2023-07-23T20:05:40.830+0000] {processor.py:157} INFO - Started process (PID=111) to work on /home/airflow/.local/lib/python3.9/site-packages/airflow/example_dags/example_kubernetes_executor.py
[2023-07-23T20:05:40.876+0000] {processor.py:826} INFO - Processing file /home/airflow/.local/lib/python3.9/site-packages/airflow/example_dags/example_kubernetes_executor.py for tasks to queue
[2023-07-23T20:05:40.877+0000] {logging_mixin.py:150} INFO - [2023-07-23T20:05:40.876+0000] {dagbag.py:541} INFO - Filling up the DagBag from /home/airflow/.local/lib/python3.9/site-packages/airflow/example_dags/example_kubernetes_executor.py
[2023-07-23T20:05:49.547+0000] {processor.py:836} INFO - DAG(s) dict_keys(['example_kubernetes_executor']) retrieved from /home/airflow/.local/lib/python3.9/site-packages/airflow/example_dags/example_kubernetes_executor.py
[2023-07-23T20:05:49.658+0000] {logging_mixin.py:150} INFO - [2023-07-23T20:05:49.657+0000] {dag.py:2742} INFO - Sync 1 DAGs
[2023-07-23T20:05:49.709+0000] {logging_mixin.py:150} INFO - [2023-07-23T20:05:49.709+0000] {dag.py:3504} INFO - Setting next_dagrun for example_kubernetes_executor to None, run_after=None
[2023-07-23T20:05:49.768+0000] {processor.py:179} INFO - Processing /home/airflow/.local/lib/python3.9/site-packages/airflow/example_dags/example_kubernetes_executor.py took 8.942 seconds
[2023-07-23T20:06:20.399+0000] {processor.py:157} INFO - Started process (PID=175) to work on /home/airflow/.local/lib/python3.9/site-packages/airflow/example_dags/example_kubernetes_executor.py
[2023-07-23T20:06:20.401+0000] {processor.py:826} INFO - Processing file /home/airflow/.local/lib/python3.9/site-packages/airflow/example_dags/example_kubernetes_executor.py for tasks to queue
[2023-07-23T20:06:20.402+0000] {logging_mixin.py:150} INFO - [2023-07-23T20:06:20.401+0000] {dagbag.py:541} INFO - Filling up the DagBag from /home/airflow/.local/lib/python3.9/site-packages/airflow/example_dags/example_kubernetes_executor.py
[2023-07-23T20:06:24.503+0000] {processor.py:836} INFO - DAG(s) dict_keys(['example_kubernetes_executor']) retrieved from /home/airflow/.local/lib/python3.9/site-packages/airflow/example_dags/example_kubernetes_executor.py
[2023-07-23T20:06:24.984+0000] {logging_mixin.py:150} INFO - [2023-07-23T20:06:24.984+0000] {dag.py:2742} INFO - Sync 1 DAGs
[2023-07-23T20:06:25.539+0000] {logging_mixin.py:150} INFO - [2023-07-23T20:06:25.539+0000] {dag.py:3504} INFO - Setting next_dagrun for example_kubernetes_executor to None, run_after=None
[2023-07-23T20:06:26.001+0000] {processor.py:179} INFO - Processing /home/airflow/.local/lib/python3.9/site-packages/airflow/example_dags/example_kubernetes_executor.py took 5.619 seconds
[2023-07-23T20:08:19.166+0000] {processor.py:157} INFO - Started process (PID=273) to work on /home/airflow/.local/lib/python3.9/site-packages/airflow/example_dags/example_kubernetes_executor.py
[2023-07-23T20:08:19.168+0000] {processor.py:826} INFO - Processing file /home/airflow/.local/lib/python3.9/site-packages/airflow/example_dags/example_kubernetes_executor.py for tasks to queue
[2023-07-23T20:08:19.259+0000] {logging_mixin.py:150} INFO - [2023-07-23T20:08:19.258+0000] {dagbag.py:541} INFO - Filling up the DagBag from /home/airflow/.local/lib/python3.9/site-packages/airflow/example_dags/example_kubernetes_executor.py
[2023-07-23T20:08:33.450+0000] {processor.py:836} INFO - DAG(s) dict_keys(['example_kubernetes_executor']) retrieved from /home/airflow/.local/lib/python3.9/site-packages/airflow/example_dags/example_kubernetes_executor.py
[2023-07-23T20:08:34.656+0000] {logging_mixin.py:150} INFO - [2023-07-23T20:08:34.656+0000] {dag.py:2742} INFO - Sync 1 DAGs
[2023-07-23T20:08:35.737+0000] {logging_mixin.py:150} INFO - [2023-07-23T20:08:35.737+0000] {dag.py:3504} INFO - Setting next_dagrun for example_kubernetes_executor to None, run_after=None
[2023-07-23T20:08:36.583+0000] {processor.py:179} INFO - Processing /home/airflow/.local/lib/python3.9/site-packages/airflow/example_dags/example_kubernetes_executor.py took 17.649 seconds
[2023-07-23T20:09:55.718+0000] {processor.py:157} INFO - Started process (PID=361) to work on /home/airflow/.local/lib/python3.9/site-packages/airflow/example_dags/example_kubernetes_executor.py
[2023-07-23T20:09:55.812+0000] {processor.py:826} INFO - Processing file /home/airflow/.local/lib/python3.9/site-packages/airflow/example_dags/example_kubernetes_executor.py for tasks to queue
[2023-07-23T20:09:55.813+0000] {logging_mixin.py:150} INFO - [2023-07-23T20:09:55.813+0000] {dagbag.py:541} INFO - Filling up the DagBag from /home/airflow/.local/lib/python3.9/site-packages/airflow/example_dags/example_kubernetes_executor.py
[2023-07-23T20:10:02.409+0000] {processor.py:836} INFO - DAG(s) dict_keys(['example_kubernetes_executor']) retrieved from /home/airflow/.local/lib/python3.9/site-packages/airflow/example_dags/example_kubernetes_executor.py
[2023-07-23T20:10:03.064+0000] {logging_mixin.py:150} INFO - [2023-07-23T20:10:02.901+0000] {dag.py:2742} INFO - Sync 1 DAGs
[2023-07-23T20:10:03.706+0000] {logging_mixin.py:150} INFO - [2023-07-23T20:10:03.706+0000] {dag.py:3504} INFO - Setting next_dagrun for example_kubernetes_executor to None, run_after=None
[2023-07-23T20:10:04.086+0000] {processor.py:179} INFO - Processing /home/airflow/.local/lib/python3.9/site-packages/airflow/example_dags/example_kubernetes_executor.py took 8.381 seconds
[2023-07-23T20:10:34.419+0000] {processor.py:157} INFO - Started process (PID=422) to work on /home/airflow/.local/lib/python3.9/site-packages/airflow/example_dags/example_kubernetes_executor.py
[2023-07-23T20:10:34.438+0000] {processor.py:826} INFO - Processing file /home/airflow/.local/lib/python3.9/site-packages/airflow/example_dags/example_kubernetes_executor.py for tasks to queue
[2023-07-23T20:10:34.439+0000] {logging_mixin.py:150} INFO - [2023-07-23T20:10:34.438+0000] {dagbag.py:541} INFO - Filling up the DagBag from /home/airflow/.local/lib/python3.9/site-packages/airflow/example_dags/example_kubernetes_executor.py
[2023-07-23T20:10:35.688+0000] {processor.py:836} INFO - DAG(s) dict_keys(['example_kubernetes_executor']) retrieved from /home/airflow/.local/lib/python3.9/site-packages/airflow/example_dags/example_kubernetes_executor.py
[2023-07-23T20:10:35.827+0000] {logging_mixin.py:150} INFO - [2023-07-23T20:10:35.826+0000] {dag.py:2742} INFO - Sync 1 DAGs
[2023-07-23T20:10:35.906+0000] {logging_mixin.py:150} INFO - [2023-07-23T20:10:35.906+0000] {dag.py:3504} INFO - Setting next_dagrun for example_kubernetes_executor to None, run_after=None
[2023-07-23T20:10:35.976+0000] {processor.py:179} INFO - Processing /home/airflow/.local/lib/python3.9/site-packages/airflow/example_dags/example_kubernetes_executor.py took 1.573 seconds
[2023-07-23T20:11:06.675+0000] {processor.py:157} INFO - Started process (PID=484) to work on /home/airflow/.local/lib/python3.9/site-packages/airflow/example_dags/example_kubernetes_executor.py
[2023-07-23T20:11:06.678+0000] {processor.py:826} INFO - Processing file /home/airflow/.local/lib/python3.9/site-packages/airflow/example_dags/example_kubernetes_executor.py for tasks to queue
[2023-07-23T20:11:06.679+0000] {logging_mixin.py:150} INFO - [2023-07-23T20:11:06.678+0000] {dagbag.py:541} INFO - Filling up the DagBag from /home/airflow/.local/lib/python3.9/site-packages/airflow/example_dags/example_kubernetes_executor.py
[2023-07-23T20:11:07.399+0000] {processor.py:836} INFO - DAG(s) dict_keys(['example_kubernetes_executor']) retrieved from /home/airflow/.local/lib/python3.9/site-packages/airflow/example_dags/example_kubernetes_executor.py
[2023-07-23T20:11:07.519+0000] {logging_mixin.py:150} INFO - [2023-07-23T20:11:07.518+0000] {dag.py:2742} INFO - Sync 1 DAGs
[2023-07-23T20:11:07.575+0000] {logging_mixin.py:150} INFO - [2023-07-23T20:11:07.575+0000] {dag.py:3504} INFO - Setting next_dagrun for example_kubernetes_executor to None, run_after=None
[2023-07-23T20:11:07.620+0000] {processor.py:179} INFO - Processing /home/airflow/.local/lib/python3.9/site-packages/airflow/example_dags/example_kubernetes_executor.py took 0.956 seconds
[2023-07-23T20:11:38.416+0000] {processor.py:157} INFO - Started process (PID=546) to work on /home/airflow/.local/lib/python3.9/site-packages/airflow/example_dags/example_kubernetes_executor.py
[2023-07-23T20:11:38.464+0000] {processor.py:826} INFO - Processing file /home/airflow/.local/lib/python3.9/site-packages/airflow/example_dags/example_kubernetes_executor.py for tasks to queue
[2023-07-23T20:11:38.465+0000] {logging_mixin.py:150} INFO - [2023-07-23T20:11:38.465+0000] {dagbag.py:541} INFO - Filling up the DagBag from /home/airflow/.local/lib/python3.9/site-packages/airflow/example_dags/example_kubernetes_executor.py
[2023-07-23T20:11:45.777+0000] {processor.py:836} INFO - DAG(s) dict_keys(['example_kubernetes_executor']) retrieved from /home/airflow/.local/lib/python3.9/site-packages/airflow/example_dags/example_kubernetes_executor.py
[2023-07-23T20:11:46.291+0000] {logging_mixin.py:150} INFO - [2023-07-23T20:11:46.291+0000] {dag.py:2742} INFO - Sync 1 DAGs
[2023-07-23T20:11:46.579+0000] {logging_mixin.py:150} INFO - [2023-07-23T20:11:46.578+0000] {dag.py:3504} INFO - Setting next_dagrun for example_kubernetes_executor to None, run_after=None
[2023-07-23T20:11:46.960+0000] {processor.py:179} INFO - Processing /home/airflow/.local/lib/python3.9/site-packages/airflow/example_dags/example_kubernetes_executor.py took 8.823 seconds
[2023-07-23T20:12:55.487+0000] {processor.py:157} INFO - Started process (PID=627) to work on /home/airflow/.local/lib/python3.9/site-packages/airflow/example_dags/example_kubernetes_executor.py
[2023-07-23T20:12:55.490+0000] {processor.py:826} INFO - Processing file /home/airflow/.local/lib/python3.9/site-packages/airflow/example_dags/example_kubernetes_executor.py for tasks to queue
[2023-07-23T20:12:55.491+0000] {logging_mixin.py:150} INFO - [2023-07-23T20:12:55.491+0000] {dagbag.py:541} INFO - Filling up the DagBag from /home/airflow/.local/lib/python3.9/site-packages/airflow/example_dags/example_kubernetes_executor.py
[2023-07-23T20:13:05.619+0000] {processor.py:836} INFO - DAG(s) dict_keys(['example_kubernetes_executor']) retrieved from /home/airflow/.local/lib/python3.9/site-packages/airflow/example_dags/example_kubernetes_executor.py
[2023-07-23T20:13:07.094+0000] {logging_mixin.py:150} INFO - [2023-07-23T20:13:07.094+0000] {dag.py:2742} INFO - Sync 1 DAGs
[2023-07-23T20:13:07.560+0000] {logging_mixin.py:150} INFO - [2023-07-23T20:13:07.560+0000] {dag.py:3504} INFO - Setting next_dagrun for example_kubernetes_executor to None, run_after=None
[2023-07-23T20:13:07.805+0000] {processor.py:179} INFO - Processing /home/airflow/.local/lib/python3.9/site-packages/airflow/example_dags/example_kubernetes_executor.py took 12.613 seconds
[2023-07-23T20:14:20.123+0000] {processor.py:157} INFO - Started process (PID=683) to work on /home/airflow/.local/lib/python3.9/site-packages/airflow/example_dags/example_kubernetes_executor.py
[2023-07-23T20:14:20.134+0000] {processor.py:826} INFO - Processing file /home/airflow/.local/lib/python3.9/site-packages/airflow/example_dags/example_kubernetes_executor.py for tasks to queue
[2023-07-23T20:14:20.135+0000] {logging_mixin.py:150} INFO - [2023-07-23T20:14:20.135+0000] {dagbag.py:541} INFO - Filling up the DagBag from /home/airflow/.local/lib/python3.9/site-packages/airflow/example_dags/example_kubernetes_executor.py
[2023-07-23T20:14:33.535+0000] {processor.py:836} INFO - DAG(s) dict_keys(['example_kubernetes_executor']) retrieved from /home/airflow/.local/lib/python3.9/site-packages/airflow/example_dags/example_kubernetes_executor.py
[2023-07-23T20:14:36.503+0000] {logging_mixin.py:150} INFO - [2023-07-23T20:14:36.503+0000] {dag.py:2742} INFO - Sync 1 DAGs
[2023-07-23T20:14:37.148+0000] {logging_mixin.py:150} INFO - [2023-07-23T20:14:37.147+0000] {dag.py:3504} INFO - Setting next_dagrun for example_kubernetes_executor to None, run_after=None
[2023-07-23T20:14:37.759+0000] {processor.py:179} INFO - Processing /home/airflow/.local/lib/python3.9/site-packages/airflow/example_dags/example_kubernetes_executor.py took 17.764 seconds
[2023-07-23T20:15:20.021+0000] {processor.py:157} INFO - Started process (PID=754) to work on /home/airflow/.local/lib/python3.9/site-packages/airflow/example_dags/example_kubernetes_executor.py
[2023-07-23T20:15:20.026+0000] {processor.py:826} INFO - Processing file /home/airflow/.local/lib/python3.9/site-packages/airflow/example_dags/example_kubernetes_executor.py for tasks to queue
[2023-07-23T20:15:20.028+0000] {logging_mixin.py:150} INFO - [2023-07-23T20:15:20.027+0000] {dagbag.py:541} INFO - Filling up the DagBag from /home/airflow/.local/lib/python3.9/site-packages/airflow/example_dags/example_kubernetes_executor.py
[2023-07-23T20:15:21.647+0000] {processor.py:836} INFO - DAG(s) dict_keys(['example_kubernetes_executor']) retrieved from /home/airflow/.local/lib/python3.9/site-packages/airflow/example_dags/example_kubernetes_executor.py
[2023-07-23T20:15:21.866+0000] {logging_mixin.py:150} INFO - [2023-07-23T20:15:21.866+0000] {dag.py:2742} INFO - Sync 1 DAGs
[2023-07-23T20:15:22.026+0000] {logging_mixin.py:150} INFO - [2023-07-23T20:15:22.026+0000] {dag.py:3504} INFO - Setting next_dagrun for example_kubernetes_executor to None, run_after=None
[2023-07-23T20:15:22.186+0000] {processor.py:179} INFO - Processing /home/airflow/.local/lib/python3.9/site-packages/airflow/example_dags/example_kubernetes_executor.py took 2.194 seconds
[2023-07-23T20:15:52.481+0000] {processor.py:157} INFO - Started process (PID=814) to work on /home/airflow/.local/lib/python3.9/site-packages/airflow/example_dags/example_kubernetes_executor.py
[2023-07-23T20:15:52.507+0000] {processor.py:826} INFO - Processing file /home/airflow/.local/lib/python3.9/site-packages/airflow/example_dags/example_kubernetes_executor.py for tasks to queue
[2023-07-23T20:15:52.517+0000] {logging_mixin.py:150} INFO - [2023-07-23T20:15:52.516+0000] {dagbag.py:541} INFO - Filling up the DagBag from /home/airflow/.local/lib/python3.9/site-packages/airflow/example_dags/example_kubernetes_executor.py
[2023-07-23T20:15:54.238+0000] {processor.py:836} INFO - DAG(s) dict_keys(['example_kubernetes_executor']) retrieved from /home/airflow/.local/lib/python3.9/site-packages/airflow/example_dags/example_kubernetes_executor.py
[2023-07-23T20:15:54.407+0000] {logging_mixin.py:150} INFO - [2023-07-23T20:15:54.406+0000] {dag.py:2742} INFO - Sync 1 DAGs
[2023-07-23T20:15:54.526+0000] {logging_mixin.py:150} INFO - [2023-07-23T20:15:54.526+0000] {dag.py:3504} INFO - Setting next_dagrun for example_kubernetes_executor to None, run_after=None
[2023-07-23T20:15:54.652+0000] {processor.py:179} INFO - Processing /home/airflow/.local/lib/python3.9/site-packages/airflow/example_dags/example_kubernetes_executor.py took 2.175 seconds
[2023-07-23T20:16:40.924+0000] {processor.py:157} INFO - Started process (PID=876) to work on /home/airflow/.local/lib/python3.9/site-packages/airflow/example_dags/example_kubernetes_executor.py
[2023-07-23T20:16:40.943+0000] {processor.py:826} INFO - Processing file /home/airflow/.local/lib/python3.9/site-packages/airflow/example_dags/example_kubernetes_executor.py for tasks to queue
[2023-07-23T20:16:40.944+0000] {logging_mixin.py:150} INFO - [2023-07-23T20:16:40.944+0000] {dagbag.py:541} INFO - Filling up the DagBag from /home/airflow/.local/lib/python3.9/site-packages/airflow/example_dags/example_kubernetes_executor.py
[2023-07-23T20:16:54.103+0000] {processor.py:836} INFO - DAG(s) dict_keys(['example_kubernetes_executor']) retrieved from /home/airflow/.local/lib/python3.9/site-packages/airflow/example_dags/example_kubernetes_executor.py
[2023-07-23T20:16:55.519+0000] {logging_mixin.py:150} INFO - [2023-07-23T20:16:55.518+0000] {dag.py:2742} INFO - Sync 1 DAGs
[2023-07-23T20:16:56.220+0000] {logging_mixin.py:150} INFO - [2023-07-23T20:16:56.219+0000] {dag.py:3504} INFO - Setting next_dagrun for example_kubernetes_executor to None, run_after=None
[2023-07-23T20:16:57.002+0000] {processor.py:179} INFO - Processing /home/airflow/.local/lib/python3.9/site-packages/airflow/example_dags/example_kubernetes_executor.py took 16.206 seconds
[2023-07-23T20:20:08.883+0000] {processor.py:157} INFO - Started process (PID=1004) to work on /home/airflow/.local/lib/python3.9/site-packages/airflow/example_dags/example_kubernetes_executor.py
[2023-07-23T20:20:08.940+0000] {processor.py:826} INFO - Processing file /home/airflow/.local/lib/python3.9/site-packages/airflow/example_dags/example_kubernetes_executor.py for tasks to queue
[2023-07-23T20:20:09.197+0000] {logging_mixin.py:150} INFO - [2023-07-23T20:20:09.196+0000] {dagbag.py:541} INFO - Filling up the DagBag from /home/airflow/.local/lib/python3.9/site-packages/airflow/example_dags/example_kubernetes_executor.py
[2023-07-23T20:20:13.737+0000] {processor.py:836} INFO - DAG(s) dict_keys(['example_kubernetes_executor']) retrieved from /home/airflow/.local/lib/python3.9/site-packages/airflow/example_dags/example_kubernetes_executor.py
[2023-07-23T20:20:14.136+0000] {logging_mixin.py:150} INFO - [2023-07-23T20:20:14.136+0000] {dag.py:2742} INFO - Sync 1 DAGs
[2023-07-23T20:20:14.297+0000] {logging_mixin.py:150} INFO - [2023-07-23T20:20:14.297+0000] {dag.py:3504} INFO - Setting next_dagrun for example_kubernetes_executor to None, run_after=None
[2023-07-23T20:20:14.511+0000] {processor.py:179} INFO - Processing /home/airflow/.local/lib/python3.9/site-packages/airflow/example_dags/example_kubernetes_executor.py took 5.738 seconds
[2023-07-23T20:20:45.204+0000] {processor.py:157} INFO - Started process (PID=1074) to work on /home/airflow/.local/lib/python3.9/site-packages/airflow/example_dags/example_kubernetes_executor.py
[2023-07-23T20:20:45.215+0000] {processor.py:826} INFO - Processing file /home/airflow/.local/lib/python3.9/site-packages/airflow/example_dags/example_kubernetes_executor.py for tasks to queue
[2023-07-23T20:20:45.216+0000] {logging_mixin.py:150} INFO - [2023-07-23T20:20:45.216+0000] {dagbag.py:541} INFO - Filling up the DagBag from /home/airflow/.local/lib/python3.9/site-packages/airflow/example_dags/example_kubernetes_executor.py
[2023-07-23T20:20:46.454+0000] {processor.py:836} INFO - DAG(s) dict_keys(['example_kubernetes_executor']) retrieved from /home/airflow/.local/lib/python3.9/site-packages/airflow/example_dags/example_kubernetes_executor.py
[2023-07-23T20:20:46.676+0000] {logging_mixin.py:150} INFO - [2023-07-23T20:20:46.676+0000] {dag.py:2742} INFO - Sync 1 DAGs
[2023-07-23T20:20:46.836+0000] {logging_mixin.py:150} INFO - [2023-07-23T20:20:46.836+0000] {dag.py:3504} INFO - Setting next_dagrun for example_kubernetes_executor to None, run_after=None
[2023-07-23T20:20:46.942+0000] {processor.py:179} INFO - Processing /home/airflow/.local/lib/python3.9/site-packages/airflow/example_dags/example_kubernetes_executor.py took 1.742 seconds
[2023-07-23T20:21:17.846+0000] {processor.py:157} INFO - Started process (PID=1129) to work on /home/airflow/.local/lib/python3.9/site-packages/airflow/example_dags/example_kubernetes_executor.py
[2023-07-23T20:21:17.857+0000] {processor.py:826} INFO - Processing file /home/airflow/.local/lib/python3.9/site-packages/airflow/example_dags/example_kubernetes_executor.py for tasks to queue
[2023-07-23T20:21:17.858+0000] {logging_mixin.py:150} INFO - [2023-07-23T20:21:17.858+0000] {dagbag.py:541} INFO - Filling up the DagBag from /home/airflow/.local/lib/python3.9/site-packages/airflow/example_dags/example_kubernetes_executor.py
[2023-07-23T20:21:24.817+0000] {processor.py:836} INFO - DAG(s) dict_keys(['example_kubernetes_executor']) retrieved from /home/airflow/.local/lib/python3.9/site-packages/airflow/example_dags/example_kubernetes_executor.py
[2023-07-23T20:21:25.619+0000] {logging_mixin.py:150} INFO - [2023-07-23T20:21:25.565+0000] {dag.py:2742} INFO - Sync 1 DAGs
[2023-07-23T20:21:26.104+0000] {logging_mixin.py:150} INFO - [2023-07-23T20:21:26.103+0000] {dag.py:3504} INFO - Setting next_dagrun for example_kubernetes_executor to None, run_after=None
[2023-07-23T20:21:26.702+0000] {processor.py:179} INFO - Processing /home/airflow/.local/lib/python3.9/site-packages/airflow/example_dags/example_kubernetes_executor.py took 8.860 seconds
[2023-07-23T20:23:27.014+0000] {processor.py:157} INFO - Started process (PID=1222) to work on /home/airflow/.local/lib/python3.9/site-packages/airflow/example_dags/example_kubernetes_executor.py
[2023-07-23T20:23:27.030+0000] {processor.py:826} INFO - Processing file /home/airflow/.local/lib/python3.9/site-packages/airflow/example_dags/example_kubernetes_executor.py for tasks to queue
[2023-07-23T20:23:27.031+0000] {logging_mixin.py:150} INFO - [2023-07-23T20:23:27.031+0000] {dagbag.py:541} INFO - Filling up the DagBag from /home/airflow/.local/lib/python3.9/site-packages/airflow/example_dags/example_kubernetes_executor.py
[2023-07-23T20:23:49.912+0000] {processor.py:836} INFO - DAG(s) dict_keys(['example_kubernetes_executor']) retrieved from /home/airflow/.local/lib/python3.9/site-packages/airflow/example_dags/example_kubernetes_executor.py
[2023-07-23T20:23:53.790+0000] {logging_mixin.py:150} INFO - [2023-07-23T20:23:53.790+0000] {dag.py:2742} INFO - Sync 1 DAGs
[2023-07-23T20:23:55.219+0000] {logging_mixin.py:150} INFO - [2023-07-23T20:23:55.218+0000] {dag.py:3504} INFO - Setting next_dagrun for example_kubernetes_executor to None, run_after=None
[2023-07-23T20:23:56.017+0000] {processor.py:179} INFO - Processing /home/airflow/.local/lib/python3.9/site-packages/airflow/example_dags/example_kubernetes_executor.py took 29.545 seconds
[2023-07-23T20:25:13.774+0000] {processor.py:157} INFO - Started process (PID=1288) to work on /home/airflow/.local/lib/python3.9/site-packages/airflow/example_dags/example_kubernetes_executor.py
[2023-07-23T20:25:13.801+0000] {processor.py:826} INFO - Processing file /home/airflow/.local/lib/python3.9/site-packages/airflow/example_dags/example_kubernetes_executor.py for tasks to queue
[2023-07-23T20:25:13.803+0000] {logging_mixin.py:150} INFO - [2023-07-23T20:25:13.802+0000] {dagbag.py:541} INFO - Filling up the DagBag from /home/airflow/.local/lib/python3.9/site-packages/airflow/example_dags/example_kubernetes_executor.py
[2023-07-23T20:25:16.230+0000] {processor.py:836} INFO - DAG(s) dict_keys(['example_kubernetes_executor']) retrieved from /home/airflow/.local/lib/python3.9/site-packages/airflow/example_dags/example_kubernetes_executor.py
[2023-07-23T20:25:16.416+0000] {logging_mixin.py:150} INFO - [2023-07-23T20:25:16.415+0000] {dag.py:2742} INFO - Sync 1 DAGs
[2023-07-23T20:25:16.587+0000] {logging_mixin.py:150} INFO - [2023-07-23T20:25:16.587+0000] {dag.py:3504} INFO - Setting next_dagrun for example_kubernetes_executor to None, run_after=None
[2023-07-23T20:25:16.695+0000] {processor.py:179} INFO - Processing /home/airflow/.local/lib/python3.9/site-packages/airflow/example_dags/example_kubernetes_executor.py took 2.925 seconds
[2023-07-23T20:25:47.663+0000] {processor.py:157} INFO - Started process (PID=1352) to work on /home/airflow/.local/lib/python3.9/site-packages/airflow/example_dags/example_kubernetes_executor.py
[2023-07-23T20:25:47.715+0000] {processor.py:826} INFO - Processing file /home/airflow/.local/lib/python3.9/site-packages/airflow/example_dags/example_kubernetes_executor.py for tasks to queue
[2023-07-23T20:25:47.717+0000] {logging_mixin.py:150} INFO - [2023-07-23T20:25:47.716+0000] {dagbag.py:541} INFO - Filling up the DagBag from /home/airflow/.local/lib/python3.9/site-packages/airflow/example_dags/example_kubernetes_executor.py
[2023-07-23T20:25:49.309+0000] {processor.py:836} INFO - DAG(s) dict_keys(['example_kubernetes_executor']) retrieved from /home/airflow/.local/lib/python3.9/site-packages/airflow/example_dags/example_kubernetes_executor.py
[2023-07-23T20:25:49.486+0000] {logging_mixin.py:150} INFO - [2023-07-23T20:25:49.485+0000] {dag.py:2742} INFO - Sync 1 DAGs
[2023-07-23T20:25:49.604+0000] {logging_mixin.py:150} INFO - [2023-07-23T20:25:49.603+0000] {dag.py:3504} INFO - Setting next_dagrun for example_kubernetes_executor to None, run_after=None
[2023-07-23T20:25:49.687+0000] {processor.py:179} INFO - Processing /home/airflow/.local/lib/python3.9/site-packages/airflow/example_dags/example_kubernetes_executor.py took 2.028 seconds
[2023-07-23T20:26:21.251+0000] {processor.py:157} INFO - Started process (PID=1414) to work on /home/airflow/.local/lib/python3.9/site-packages/airflow/example_dags/example_kubernetes_executor.py
[2023-07-23T20:26:21.265+0000] {processor.py:826} INFO - Processing file /home/airflow/.local/lib/python3.9/site-packages/airflow/example_dags/example_kubernetes_executor.py for tasks to queue
[2023-07-23T20:26:21.266+0000] {logging_mixin.py:150} INFO - [2023-07-23T20:26:21.266+0000] {dagbag.py:541} INFO - Filling up the DagBag from /home/airflow/.local/lib/python3.9/site-packages/airflow/example_dags/example_kubernetes_executor.py
[2023-07-23T20:26:34.725+0000] {processor.py:836} INFO - DAG(s) dict_keys(['example_kubernetes_executor']) retrieved from /home/airflow/.local/lib/python3.9/site-packages/airflow/example_dags/example_kubernetes_executor.py
[2023-07-23T20:26:36.287+0000] {logging_mixin.py:150} INFO - [2023-07-23T20:26:36.286+0000] {dag.py:2742} INFO - Sync 1 DAGs
[2023-07-23T20:26:37.813+0000] {logging_mixin.py:150} INFO - [2023-07-23T20:26:37.812+0000] {dag.py:3504} INFO - Setting next_dagrun for example_kubernetes_executor to None, run_after=None
[2023-07-23T20:26:39.145+0000] {processor.py:179} INFO - Processing /home/airflow/.local/lib/python3.9/site-packages/airflow/example_dags/example_kubernetes_executor.py took 17.949 seconds
[2023-07-23T20:28:40.056+0000] {processor.py:157} INFO - Started process (PID=1518) to work on /home/airflow/.local/lib/python3.9/site-packages/airflow/example_dags/example_kubernetes_executor.py
[2023-07-23T20:28:40.163+0000] {processor.py:826} INFO - Processing file /home/airflow/.local/lib/python3.9/site-packages/airflow/example_dags/example_kubernetes_executor.py for tasks to queue
[2023-07-23T20:28:40.164+0000] {logging_mixin.py:150} INFO - [2023-07-23T20:28:40.164+0000] {dagbag.py:541} INFO - Filling up the DagBag from /home/airflow/.local/lib/python3.9/site-packages/airflow/example_dags/example_kubernetes_executor.py
[2023-07-23T20:28:58.194+0000] {processor.py:836} INFO - DAG(s) dict_keys(['example_kubernetes_executor']) retrieved from /home/airflow/.local/lib/python3.9/site-packages/airflow/example_dags/example_kubernetes_executor.py
[2023-07-23T20:29:00.568+0000] {logging_mixin.py:150} INFO - [2023-07-23T20:29:00.566+0000] {dag.py:2742} INFO - Sync 1 DAGs
[2023-07-23T20:29:01.563+0000] {logging_mixin.py:150} INFO - [2023-07-23T20:29:01.563+0000] {dag.py:3504} INFO - Setting next_dagrun for example_kubernetes_executor to None, run_after=None
[2023-07-23T20:29:02.073+0000] {processor.py:179} INFO - Processing /home/airflow/.local/lib/python3.9/site-packages/airflow/example_dags/example_kubernetes_executor.py took 22.112 seconds
[2023-07-23T20:30:12.958+0000] {processor.py:157} INFO - Started process (PID=1571) to work on /home/airflow/.local/lib/python3.9/site-packages/airflow/example_dags/example_kubernetes_executor.py
[2023-07-23T20:30:12.965+0000] {processor.py:826} INFO - Processing file /home/airflow/.local/lib/python3.9/site-packages/airflow/example_dags/example_kubernetes_executor.py for tasks to queue
[2023-07-23T20:30:12.967+0000] {logging_mixin.py:150} INFO - [2023-07-23T20:30:12.966+0000] {dagbag.py:541} INFO - Filling up the DagBag from /home/airflow/.local/lib/python3.9/site-packages/airflow/example_dags/example_kubernetes_executor.py
[2023-07-23T20:30:17.404+0000] {processor.py:836} INFO - DAG(s) dict_keys(['example_kubernetes_executor']) retrieved from /home/airflow/.local/lib/python3.9/site-packages/airflow/example_dags/example_kubernetes_executor.py
[2023-07-23T20:30:17.816+0000] {logging_mixin.py:150} INFO - [2023-07-23T20:30:17.816+0000] {dag.py:2742} INFO - Sync 1 DAGs
[2023-07-23T20:30:18.071+0000] {logging_mixin.py:150} INFO - [2023-07-23T20:30:18.071+0000] {dag.py:3504} INFO - Setting next_dagrun for example_kubernetes_executor to None, run_after=None
[2023-07-23T20:30:18.426+0000] {processor.py:179} INFO - Processing /home/airflow/.local/lib/python3.9/site-packages/airflow/example_dags/example_kubernetes_executor.py took 5.596 seconds
[2023-07-23T20:30:48.912+0000] {processor.py:157} INFO - Started process (PID=1636) to work on /home/airflow/.local/lib/python3.9/site-packages/airflow/example_dags/example_kubernetes_executor.py
[2023-07-23T20:30:48.922+0000] {processor.py:826} INFO - Processing file /home/airflow/.local/lib/python3.9/site-packages/airflow/example_dags/example_kubernetes_executor.py for tasks to queue
[2023-07-23T20:30:48.925+0000] {logging_mixin.py:150} INFO - [2023-07-23T20:30:48.924+0000] {dagbag.py:541} INFO - Filling up the DagBag from /home/airflow/.local/lib/python3.9/site-packages/airflow/example_dags/example_kubernetes_executor.py
[2023-07-23T20:30:49.964+0000] {processor.py:836} INFO - DAG(s) dict_keys(['example_kubernetes_executor']) retrieved from /home/airflow/.local/lib/python3.9/site-packages/airflow/example_dags/example_kubernetes_executor.py
[2023-07-23T20:30:50.108+0000] {logging_mixin.py:150} INFO - [2023-07-23T20:30:50.107+0000] {dag.py:2742} INFO - Sync 1 DAGs
[2023-07-23T20:30:50.201+0000] {logging_mixin.py:150} INFO - [2023-07-23T20:30:50.201+0000] {dag.py:3504} INFO - Setting next_dagrun for example_kubernetes_executor to None, run_after=None
[2023-07-23T20:30:50.320+0000] {processor.py:179} INFO - Processing /home/airflow/.local/lib/python3.9/site-packages/airflow/example_dags/example_kubernetes_executor.py took 1.413 seconds
[2023-07-23T20:31:21.920+0000] {processor.py:157} INFO - Started process (PID=1700) to work on /home/airflow/.local/lib/python3.9/site-packages/airflow/example_dags/example_kubernetes_executor.py
[2023-07-23T20:31:22.017+0000] {processor.py:826} INFO - Processing file /home/airflow/.local/lib/python3.9/site-packages/airflow/example_dags/example_kubernetes_executor.py for tasks to queue
[2023-07-23T20:31:22.018+0000] {logging_mixin.py:150} INFO - [2023-07-23T20:31:22.018+0000] {dagbag.py:541} INFO - Filling up the DagBag from /home/airflow/.local/lib/python3.9/site-packages/airflow/example_dags/example_kubernetes_executor.py
[2023-07-23T20:31:32.204+0000] {processor.py:836} INFO - DAG(s) dict_keys(['example_kubernetes_executor']) retrieved from /home/airflow/.local/lib/python3.9/site-packages/airflow/example_dags/example_kubernetes_executor.py
[2023-07-23T20:31:33.341+0000] {logging_mixin.py:150} INFO - [2023-07-23T20:31:33.315+0000] {dag.py:2742} INFO - Sync 1 DAGs
[2023-07-23T20:31:34.123+0000] {logging_mixin.py:150} INFO - [2023-07-23T20:31:34.122+0000] {dag.py:3504} INFO - Setting next_dagrun for example_kubernetes_executor to None, run_after=None
[2023-07-23T20:31:34.547+0000] {processor.py:179} INFO - Processing /home/airflow/.local/lib/python3.9/site-packages/airflow/example_dags/example_kubernetes_executor.py took 12.826 seconds
