[2023-07-23T19:28:27.269+0000] {processor.py:157} INFO - Started process (PID=86) to work on /home/airflow/.local/lib/python3.9/site-packages/airflow/example_dags/example_trigger_target_dag.py
[2023-07-23T19:28:27.270+0000] {processor.py:826} INFO - Processing file /home/airflow/.local/lib/python3.9/site-packages/airflow/example_dags/example_trigger_target_dag.py for tasks to queue
[2023-07-23T19:28:27.271+0000] {logging_mixin.py:150} INFO - [2023-07-23T19:28:27.270+0000] {dagbag.py:541} INFO - Filling up the DagBag from /home/airflow/.local/lib/python3.9/site-packages/airflow/example_dags/example_trigger_target_dag.py
[2023-07-23T19:28:27.299+0000] {processor.py:836} INFO - DAG(s) dict_keys(['example_trigger_target_dag']) retrieved from /home/airflow/.local/lib/python3.9/site-packages/airflow/example_dags/example_trigger_target_dag.py
[2023-07-23T19:28:27.334+0000] {logging_mixin.py:150} INFO - [2023-07-23T19:28:27.333+0000] {dag.py:2742} INFO - Sync 1 DAGs
[2023-07-23T19:28:27.361+0000] {logging_mixin.py:150} INFO - [2023-07-23T19:28:27.361+0000] {dag.py:3504} INFO - Setting next_dagrun for example_trigger_target_dag to None, run_after=None
[2023-07-23T19:28:27.391+0000] {processor.py:179} INFO - Processing /home/airflow/.local/lib/python3.9/site-packages/airflow/example_dags/example_trigger_target_dag.py took 0.127 seconds
[2023-07-23T19:28:58.299+0000] {processor.py:157} INFO - Started process (PID=147) to work on /home/airflow/.local/lib/python3.9/site-packages/airflow/example_dags/example_trigger_target_dag.py
[2023-07-23T19:28:58.301+0000] {processor.py:826} INFO - Processing file /home/airflow/.local/lib/python3.9/site-packages/airflow/example_dags/example_trigger_target_dag.py for tasks to queue
[2023-07-23T19:28:58.302+0000] {logging_mixin.py:150} INFO - [2023-07-23T19:28:58.302+0000] {dagbag.py:541} INFO - Filling up the DagBag from /home/airflow/.local/lib/python3.9/site-packages/airflow/example_dags/example_trigger_target_dag.py
[2023-07-23T19:28:58.310+0000] {processor.py:836} INFO - DAG(s) dict_keys(['example_trigger_target_dag']) retrieved from /home/airflow/.local/lib/python3.9/site-packages/airflow/example_dags/example_trigger_target_dag.py
[2023-07-23T19:28:58.358+0000] {logging_mixin.py:150} INFO - [2023-07-23T19:28:58.358+0000] {dag.py:2742} INFO - Sync 1 DAGs
[2023-07-23T19:28:58.424+0000] {logging_mixin.py:150} INFO - [2023-07-23T19:28:58.424+0000] {dag.py:3504} INFO - Setting next_dagrun for example_trigger_target_dag to None, run_after=None
[2023-07-23T19:28:58.453+0000] {processor.py:179} INFO - Processing /home/airflow/.local/lib/python3.9/site-packages/airflow/example_dags/example_trigger_target_dag.py took 0.164 seconds
[2023-07-23T19:29:28.656+0000] {processor.py:157} INFO - Started process (PID=209) to work on /home/airflow/.local/lib/python3.9/site-packages/airflow/example_dags/example_trigger_target_dag.py
[2023-07-23T19:29:28.657+0000] {processor.py:826} INFO - Processing file /home/airflow/.local/lib/python3.9/site-packages/airflow/example_dags/example_trigger_target_dag.py for tasks to queue
[2023-07-23T19:29:28.657+0000] {logging_mixin.py:150} INFO - [2023-07-23T19:29:28.657+0000] {dagbag.py:541} INFO - Filling up the DagBag from /home/airflow/.local/lib/python3.9/site-packages/airflow/example_dags/example_trigger_target_dag.py
[2023-07-23T19:29:28.672+0000] {processor.py:836} INFO - DAG(s) dict_keys(['example_trigger_target_dag']) retrieved from /home/airflow/.local/lib/python3.9/site-packages/airflow/example_dags/example_trigger_target_dag.py
[2023-07-23T19:29:28.712+0000] {logging_mixin.py:150} INFO - [2023-07-23T19:29:28.712+0000] {dag.py:2742} INFO - Sync 1 DAGs
[2023-07-23T19:29:28.766+0000] {logging_mixin.py:150} INFO - [2023-07-23T19:29:28.765+0000] {dag.py:3504} INFO - Setting next_dagrun for example_trigger_target_dag to None, run_after=None
[2023-07-23T19:29:28.803+0000] {processor.py:179} INFO - Processing /home/airflow/.local/lib/python3.9/site-packages/airflow/example_dags/example_trigger_target_dag.py took 0.162 seconds
[2023-07-23T19:29:59.614+0000] {processor.py:157} INFO - Started process (PID=270) to work on /home/airflow/.local/lib/python3.9/site-packages/airflow/example_dags/example_trigger_target_dag.py
[2023-07-23T19:29:59.651+0000] {processor.py:826} INFO - Processing file /home/airflow/.local/lib/python3.9/site-packages/airflow/example_dags/example_trigger_target_dag.py for tasks to queue
[2023-07-23T19:29:59.652+0000] {logging_mixin.py:150} INFO - [2023-07-23T19:29:59.652+0000] {dagbag.py:541} INFO - Filling up the DagBag from /home/airflow/.local/lib/python3.9/site-packages/airflow/example_dags/example_trigger_target_dag.py
[2023-07-23T19:29:59.672+0000] {processor.py:836} INFO - DAG(s) dict_keys(['example_trigger_target_dag']) retrieved from /home/airflow/.local/lib/python3.9/site-packages/airflow/example_dags/example_trigger_target_dag.py
[2023-07-23T19:29:59.816+0000] {logging_mixin.py:150} INFO - [2023-07-23T19:29:59.796+0000] {dag.py:2742} INFO - Sync 1 DAGs
[2023-07-23T19:29:59.889+0000] {logging_mixin.py:150} INFO - [2023-07-23T19:29:59.889+0000] {dag.py:3504} INFO - Setting next_dagrun for example_trigger_target_dag to None, run_after=None
[2023-07-23T19:29:59.954+0000] {processor.py:179} INFO - Processing /home/airflow/.local/lib/python3.9/site-packages/airflow/example_dags/example_trigger_target_dag.py took 0.344 seconds
[2023-07-23T19:30:30.106+0000] {processor.py:157} INFO - Started process (PID=332) to work on /home/airflow/.local/lib/python3.9/site-packages/airflow/example_dags/example_trigger_target_dag.py
[2023-07-23T19:30:30.107+0000] {processor.py:826} INFO - Processing file /home/airflow/.local/lib/python3.9/site-packages/airflow/example_dags/example_trigger_target_dag.py for tasks to queue
[2023-07-23T19:30:30.108+0000] {logging_mixin.py:150} INFO - [2023-07-23T19:30:30.107+0000] {dagbag.py:541} INFO - Filling up the DagBag from /home/airflow/.local/lib/python3.9/site-packages/airflow/example_dags/example_trigger_target_dag.py
[2023-07-23T19:30:30.116+0000] {processor.py:836} INFO - DAG(s) dict_keys(['example_trigger_target_dag']) retrieved from /home/airflow/.local/lib/python3.9/site-packages/airflow/example_dags/example_trigger_target_dag.py
[2023-07-23T19:30:30.158+0000] {logging_mixin.py:150} INFO - [2023-07-23T19:30:30.155+0000] {dag.py:2742} INFO - Sync 1 DAGs
[2023-07-23T19:30:30.190+0000] {logging_mixin.py:150} INFO - [2023-07-23T19:30:30.190+0000] {dag.py:3504} INFO - Setting next_dagrun for example_trigger_target_dag to None, run_after=None
[2023-07-23T19:30:30.210+0000] {processor.py:179} INFO - Processing /home/airflow/.local/lib/python3.9/site-packages/airflow/example_dags/example_trigger_target_dag.py took 0.108 seconds
[2023-07-23T19:31:01.013+0000] {processor.py:157} INFO - Started process (PID=394) to work on /home/airflow/.local/lib/python3.9/site-packages/airflow/example_dags/example_trigger_target_dag.py
[2023-07-23T19:31:01.021+0000] {processor.py:826} INFO - Processing file /home/airflow/.local/lib/python3.9/site-packages/airflow/example_dags/example_trigger_target_dag.py for tasks to queue
[2023-07-23T19:31:01.022+0000] {logging_mixin.py:150} INFO - [2023-07-23T19:31:01.021+0000] {dagbag.py:541} INFO - Filling up the DagBag from /home/airflow/.local/lib/python3.9/site-packages/airflow/example_dags/example_trigger_target_dag.py
[2023-07-23T19:31:01.032+0000] {processor.py:836} INFO - DAG(s) dict_keys(['example_trigger_target_dag']) retrieved from /home/airflow/.local/lib/python3.9/site-packages/airflow/example_dags/example_trigger_target_dag.py
[2023-07-23T19:31:01.102+0000] {logging_mixin.py:150} INFO - [2023-07-23T19:31:01.102+0000] {dag.py:2742} INFO - Sync 1 DAGs
[2023-07-23T19:31:01.178+0000] {logging_mixin.py:150} INFO - [2023-07-23T19:31:01.177+0000] {dag.py:3504} INFO - Setting next_dagrun for example_trigger_target_dag to None, run_after=None
[2023-07-23T19:31:01.219+0000] {processor.py:179} INFO - Processing /home/airflow/.local/lib/python3.9/site-packages/airflow/example_dags/example_trigger_target_dag.py took 0.210 seconds
[2023-07-23T19:31:31.313+0000] {processor.py:157} INFO - Started process (PID=456) to work on /home/airflow/.local/lib/python3.9/site-packages/airflow/example_dags/example_trigger_target_dag.py
[2023-07-23T19:31:31.320+0000] {processor.py:826} INFO - Processing file /home/airflow/.local/lib/python3.9/site-packages/airflow/example_dags/example_trigger_target_dag.py for tasks to queue
[2023-07-23T19:31:31.321+0000] {logging_mixin.py:150} INFO - [2023-07-23T19:31:31.321+0000] {dagbag.py:541} INFO - Filling up the DagBag from /home/airflow/.local/lib/python3.9/site-packages/airflow/example_dags/example_trigger_target_dag.py
[2023-07-23T19:31:31.336+0000] {processor.py:836} INFO - DAG(s) dict_keys(['example_trigger_target_dag']) retrieved from /home/airflow/.local/lib/python3.9/site-packages/airflow/example_dags/example_trigger_target_dag.py
[2023-07-23T19:31:31.396+0000] {logging_mixin.py:150} INFO - [2023-07-23T19:31:31.396+0000] {dag.py:2742} INFO - Sync 1 DAGs
[2023-07-23T19:31:31.453+0000] {logging_mixin.py:150} INFO - [2023-07-23T19:31:31.453+0000] {dag.py:3504} INFO - Setting next_dagrun for example_trigger_target_dag to None, run_after=None
[2023-07-23T19:31:31.491+0000] {processor.py:179} INFO - Processing /home/airflow/.local/lib/python3.9/site-packages/airflow/example_dags/example_trigger_target_dag.py took 0.182 seconds
[2023-07-23T19:32:03.707+0000] {processor.py:157} INFO - Started process (PID=517) to work on /home/airflow/.local/lib/python3.9/site-packages/airflow/example_dags/example_trigger_target_dag.py
[2023-07-23T19:32:03.727+0000] {processor.py:826} INFO - Processing file /home/airflow/.local/lib/python3.9/site-packages/airflow/example_dags/example_trigger_target_dag.py for tasks to queue
[2023-07-23T19:32:03.728+0000] {logging_mixin.py:150} INFO - [2023-07-23T19:32:03.727+0000] {dagbag.py:541} INFO - Filling up the DagBag from /home/airflow/.local/lib/python3.9/site-packages/airflow/example_dags/example_trigger_target_dag.py
[2023-07-23T19:32:03.768+0000] {processor.py:836} INFO - DAG(s) dict_keys(['example_trigger_target_dag']) retrieved from /home/airflow/.local/lib/python3.9/site-packages/airflow/example_dags/example_trigger_target_dag.py
[2023-07-23T19:32:03.918+0000] {logging_mixin.py:150} INFO - [2023-07-23T19:32:03.918+0000] {dag.py:2742} INFO - Sync 1 DAGs
[2023-07-23T19:32:04.049+0000] {logging_mixin.py:150} INFO - [2023-07-23T19:32:04.048+0000] {dag.py:3504} INFO - Setting next_dagrun for example_trigger_target_dag to None, run_after=None
[2023-07-23T19:32:04.150+0000] {processor.py:179} INFO - Processing /home/airflow/.local/lib/python3.9/site-packages/airflow/example_dags/example_trigger_target_dag.py took 0.477 seconds
[2023-07-23T19:32:34.904+0000] {processor.py:157} INFO - Started process (PID=579) to work on /home/airflow/.local/lib/python3.9/site-packages/airflow/example_dags/example_trigger_target_dag.py
[2023-07-23T19:32:34.912+0000] {processor.py:826} INFO - Processing file /home/airflow/.local/lib/python3.9/site-packages/airflow/example_dags/example_trigger_target_dag.py for tasks to queue
[2023-07-23T19:32:34.913+0000] {logging_mixin.py:150} INFO - [2023-07-23T19:32:34.913+0000] {dagbag.py:541} INFO - Filling up the DagBag from /home/airflow/.local/lib/python3.9/site-packages/airflow/example_dags/example_trigger_target_dag.py
[2023-07-23T19:32:34.921+0000] {processor.py:836} INFO - DAG(s) dict_keys(['example_trigger_target_dag']) retrieved from /home/airflow/.local/lib/python3.9/site-packages/airflow/example_dags/example_trigger_target_dag.py
[2023-07-23T19:32:34.998+0000] {logging_mixin.py:150} INFO - [2023-07-23T19:32:34.995+0000] {dag.py:2742} INFO - Sync 1 DAGs
[2023-07-23T19:32:35.072+0000] {logging_mixin.py:150} INFO - [2023-07-23T19:32:35.072+0000] {dag.py:3504} INFO - Setting next_dagrun for example_trigger_target_dag to None, run_after=None
[2023-07-23T19:32:35.104+0000] {processor.py:179} INFO - Processing /home/airflow/.local/lib/python3.9/site-packages/airflow/example_dags/example_trigger_target_dag.py took 0.205 seconds
[2023-07-23T19:33:05.180+0000] {processor.py:157} INFO - Started process (PID=642) to work on /home/airflow/.local/lib/python3.9/site-packages/airflow/example_dags/example_trigger_target_dag.py
[2023-07-23T19:33:05.181+0000] {processor.py:826} INFO - Processing file /home/airflow/.local/lib/python3.9/site-packages/airflow/example_dags/example_trigger_target_dag.py for tasks to queue
[2023-07-23T19:33:05.182+0000] {logging_mixin.py:150} INFO - [2023-07-23T19:33:05.182+0000] {dagbag.py:541} INFO - Filling up the DagBag from /home/airflow/.local/lib/python3.9/site-packages/airflow/example_dags/example_trigger_target_dag.py
[2023-07-23T19:33:05.190+0000] {processor.py:836} INFO - DAG(s) dict_keys(['example_trigger_target_dag']) retrieved from /home/airflow/.local/lib/python3.9/site-packages/airflow/example_dags/example_trigger_target_dag.py
[2023-07-23T19:33:05.215+0000] {logging_mixin.py:150} INFO - [2023-07-23T19:33:05.215+0000] {dag.py:2742} INFO - Sync 1 DAGs
[2023-07-23T19:33:05.242+0000] {logging_mixin.py:150} INFO - [2023-07-23T19:33:05.241+0000] {dag.py:3504} INFO - Setting next_dagrun for example_trigger_target_dag to None, run_after=None
[2023-07-23T19:33:05.263+0000] {processor.py:179} INFO - Processing /home/airflow/.local/lib/python3.9/site-packages/airflow/example_dags/example_trigger_target_dag.py took 0.087 seconds
[2023-07-23T19:41:41.505+0000] {processor.py:157} INFO - Started process (PID=87) to work on /home/airflow/.local/lib/python3.9/site-packages/airflow/example_dags/example_trigger_target_dag.py
[2023-07-23T19:41:41.514+0000] {processor.py:826} INFO - Processing file /home/airflow/.local/lib/python3.9/site-packages/airflow/example_dags/example_trigger_target_dag.py for tasks to queue
[2023-07-23T19:41:41.515+0000] {logging_mixin.py:150} INFO - [2023-07-23T19:41:41.515+0000] {dagbag.py:541} INFO - Filling up the DagBag from /home/airflow/.local/lib/python3.9/site-packages/airflow/example_dags/example_trigger_target_dag.py
[2023-07-23T19:41:41.523+0000] {processor.py:836} INFO - DAG(s) dict_keys(['example_trigger_target_dag']) retrieved from /home/airflow/.local/lib/python3.9/site-packages/airflow/example_dags/example_trigger_target_dag.py
[2023-07-23T19:41:41.606+0000] {logging_mixin.py:150} INFO - [2023-07-23T19:41:41.606+0000] {dag.py:2742} INFO - Sync 1 DAGs
[2023-07-23T19:41:41.691+0000] {logging_mixin.py:150} INFO - [2023-07-23T19:41:41.691+0000] {dag.py:3504} INFO - Setting next_dagrun for example_trigger_target_dag to None, run_after=None
[2023-07-23T19:41:41.740+0000] {processor.py:179} INFO - Processing /home/airflow/.local/lib/python3.9/site-packages/airflow/example_dags/example_trigger_target_dag.py took 0.240 seconds
[2023-07-23T19:42:12.509+0000] {processor.py:157} INFO - Started process (PID=148) to work on /home/airflow/.local/lib/python3.9/site-packages/airflow/example_dags/example_trigger_target_dag.py
[2023-07-23T19:42:12.515+0000] {processor.py:826} INFO - Processing file /home/airflow/.local/lib/python3.9/site-packages/airflow/example_dags/example_trigger_target_dag.py for tasks to queue
[2023-07-23T19:42:12.516+0000] {logging_mixin.py:150} INFO - [2023-07-23T19:42:12.516+0000] {dagbag.py:541} INFO - Filling up the DagBag from /home/airflow/.local/lib/python3.9/site-packages/airflow/example_dags/example_trigger_target_dag.py
[2023-07-23T19:42:12.530+0000] {processor.py:836} INFO - DAG(s) dict_keys(['example_trigger_target_dag']) retrieved from /home/airflow/.local/lib/python3.9/site-packages/airflow/example_dags/example_trigger_target_dag.py
[2023-07-23T19:42:12.586+0000] {logging_mixin.py:150} INFO - [2023-07-23T19:42:12.585+0000] {dag.py:2742} INFO - Sync 1 DAGs
[2023-07-23T19:42:12.638+0000] {logging_mixin.py:150} INFO - [2023-07-23T19:42:12.637+0000] {dag.py:3504} INFO - Setting next_dagrun for example_trigger_target_dag to None, run_after=None
[2023-07-23T19:42:12.678+0000] {processor.py:179} INFO - Processing /home/airflow/.local/lib/python3.9/site-packages/airflow/example_dags/example_trigger_target_dag.py took 0.173 seconds
[2023-07-23T19:42:43.443+0000] {processor.py:157} INFO - Started process (PID=209) to work on /home/airflow/.local/lib/python3.9/site-packages/airflow/example_dags/example_trigger_target_dag.py
[2023-07-23T19:42:43.468+0000] {processor.py:826} INFO - Processing file /home/airflow/.local/lib/python3.9/site-packages/airflow/example_dags/example_trigger_target_dag.py for tasks to queue
[2023-07-23T19:42:43.469+0000] {logging_mixin.py:150} INFO - [2023-07-23T19:42:43.468+0000] {dagbag.py:541} INFO - Filling up the DagBag from /home/airflow/.local/lib/python3.9/site-packages/airflow/example_dags/example_trigger_target_dag.py
[2023-07-23T19:42:43.496+0000] {processor.py:836} INFO - DAG(s) dict_keys(['example_trigger_target_dag']) retrieved from /home/airflow/.local/lib/python3.9/site-packages/airflow/example_dags/example_trigger_target_dag.py
[2023-07-23T19:42:43.578+0000] {logging_mixin.py:150} INFO - [2023-07-23T19:42:43.578+0000] {dag.py:2742} INFO - Sync 1 DAGs
[2023-07-23T19:42:43.664+0000] {logging_mixin.py:150} INFO - [2023-07-23T19:42:43.664+0000] {dag.py:3504} INFO - Setting next_dagrun for example_trigger_target_dag to None, run_after=None
[2023-07-23T19:42:43.748+0000] {processor.py:179} INFO - Processing /home/airflow/.local/lib/python3.9/site-packages/airflow/example_dags/example_trigger_target_dag.py took 0.309 seconds
[2023-07-23T19:43:14.634+0000] {processor.py:157} INFO - Started process (PID=270) to work on /home/airflow/.local/lib/python3.9/site-packages/airflow/example_dags/example_trigger_target_dag.py
[2023-07-23T19:43:14.667+0000] {processor.py:826} INFO - Processing file /home/airflow/.local/lib/python3.9/site-packages/airflow/example_dags/example_trigger_target_dag.py for tasks to queue
[2023-07-23T19:43:14.668+0000] {logging_mixin.py:150} INFO - [2023-07-23T19:43:14.668+0000] {dagbag.py:541} INFO - Filling up the DagBag from /home/airflow/.local/lib/python3.9/site-packages/airflow/example_dags/example_trigger_target_dag.py
[2023-07-23T19:43:14.698+0000] {processor.py:836} INFO - DAG(s) dict_keys(['example_trigger_target_dag']) retrieved from /home/airflow/.local/lib/python3.9/site-packages/airflow/example_dags/example_trigger_target_dag.py
[2023-07-23T19:43:14.746+0000] {logging_mixin.py:150} INFO - [2023-07-23T19:43:14.746+0000] {dag.py:2742} INFO - Sync 1 DAGs
[2023-07-23T19:43:14.838+0000] {logging_mixin.py:150} INFO - [2023-07-23T19:43:14.838+0000] {dag.py:3504} INFO - Setting next_dagrun for example_trigger_target_dag to None, run_after=None
[2023-07-23T19:43:14.906+0000] {processor.py:179} INFO - Processing /home/airflow/.local/lib/python3.9/site-packages/airflow/example_dags/example_trigger_target_dag.py took 0.276 seconds
[2023-07-23T19:43:45.623+0000] {processor.py:157} INFO - Started process (PID=332) to work on /home/airflow/.local/lib/python3.9/site-packages/airflow/example_dags/example_trigger_target_dag.py
[2023-07-23T19:43:45.656+0000] {processor.py:826} INFO - Processing file /home/airflow/.local/lib/python3.9/site-packages/airflow/example_dags/example_trigger_target_dag.py for tasks to queue
[2023-07-23T19:43:45.657+0000] {logging_mixin.py:150} INFO - [2023-07-23T19:43:45.657+0000] {dagbag.py:541} INFO - Filling up the DagBag from /home/airflow/.local/lib/python3.9/site-packages/airflow/example_dags/example_trigger_target_dag.py
[2023-07-23T19:43:45.676+0000] {processor.py:836} INFO - DAG(s) dict_keys(['example_trigger_target_dag']) retrieved from /home/airflow/.local/lib/python3.9/site-packages/airflow/example_dags/example_trigger_target_dag.py
[2023-07-23T19:43:45.746+0000] {logging_mixin.py:150} INFO - [2023-07-23T19:43:45.746+0000] {dag.py:2742} INFO - Sync 1 DAGs
[2023-07-23T19:43:45.846+0000] {logging_mixin.py:150} INFO - [2023-07-23T19:43:45.846+0000] {dag.py:3504} INFO - Setting next_dagrun for example_trigger_target_dag to None, run_after=None
[2023-07-23T19:43:45.909+0000] {processor.py:179} INFO - Processing /home/airflow/.local/lib/python3.9/site-packages/airflow/example_dags/example_trigger_target_dag.py took 0.291 seconds
[2023-07-23T19:44:19.585+0000] {processor.py:157} INFO - Started process (PID=393) to work on /home/airflow/.local/lib/python3.9/site-packages/airflow/example_dags/example_trigger_target_dag.py
[2023-07-23T19:44:19.595+0000] {processor.py:826} INFO - Processing file /home/airflow/.local/lib/python3.9/site-packages/airflow/example_dags/example_trigger_target_dag.py for tasks to queue
[2023-07-23T19:44:19.597+0000] {logging_mixin.py:150} INFO - [2023-07-23T19:44:19.596+0000] {dagbag.py:541} INFO - Filling up the DagBag from /home/airflow/.local/lib/python3.9/site-packages/airflow/example_dags/example_trigger_target_dag.py
[2023-07-23T19:44:19.621+0000] {processor.py:836} INFO - DAG(s) dict_keys(['example_trigger_target_dag']) retrieved from /home/airflow/.local/lib/python3.9/site-packages/airflow/example_dags/example_trigger_target_dag.py
[2023-07-23T19:44:19.835+0000] {logging_mixin.py:150} INFO - [2023-07-23T19:44:19.816+0000] {dag.py:2742} INFO - Sync 1 DAGs
[2023-07-23T19:44:19.996+0000] {logging_mixin.py:150} INFO - [2023-07-23T19:44:19.996+0000] {dag.py:3504} INFO - Setting next_dagrun for example_trigger_target_dag to None, run_after=None
[2023-07-23T19:44:20.085+0000] {processor.py:179} INFO - Processing /home/airflow/.local/lib/python3.9/site-packages/airflow/example_dags/example_trigger_target_dag.py took 0.536 seconds
[2023-07-23T19:44:50.728+0000] {processor.py:157} INFO - Started process (PID=454) to work on /home/airflow/.local/lib/python3.9/site-packages/airflow/example_dags/example_trigger_target_dag.py
[2023-07-23T19:44:50.745+0000] {processor.py:826} INFO - Processing file /home/airflow/.local/lib/python3.9/site-packages/airflow/example_dags/example_trigger_target_dag.py for tasks to queue
[2023-07-23T19:44:50.746+0000] {logging_mixin.py:150} INFO - [2023-07-23T19:44:50.746+0000] {dagbag.py:541} INFO - Filling up the DagBag from /home/airflow/.local/lib/python3.9/site-packages/airflow/example_dags/example_trigger_target_dag.py
[2023-07-23T19:44:50.765+0000] {processor.py:836} INFO - DAG(s) dict_keys(['example_trigger_target_dag']) retrieved from /home/airflow/.local/lib/python3.9/site-packages/airflow/example_dags/example_trigger_target_dag.py
[2023-07-23T19:44:50.876+0000] {logging_mixin.py:150} INFO - [2023-07-23T19:44:50.875+0000] {dag.py:2742} INFO - Sync 1 DAGs
[2023-07-23T19:44:50.989+0000] {logging_mixin.py:150} INFO - [2023-07-23T19:44:50.989+0000] {dag.py:3504} INFO - Setting next_dagrun for example_trigger_target_dag to None, run_after=None
[2023-07-23T19:44:51.076+0000] {processor.py:179} INFO - Processing /home/airflow/.local/lib/python3.9/site-packages/airflow/example_dags/example_trigger_target_dag.py took 0.369 seconds
[2023-07-23T19:45:22.913+0000] {processor.py:157} INFO - Started process (PID=516) to work on /home/airflow/.local/lib/python3.9/site-packages/airflow/example_dags/example_trigger_target_dag.py
[2023-07-23T19:45:22.971+0000] {processor.py:826} INFO - Processing file /home/airflow/.local/lib/python3.9/site-packages/airflow/example_dags/example_trigger_target_dag.py for tasks to queue
[2023-07-23T19:45:22.972+0000] {logging_mixin.py:150} INFO - [2023-07-23T19:45:22.972+0000] {dagbag.py:541} INFO - Filling up the DagBag from /home/airflow/.local/lib/python3.9/site-packages/airflow/example_dags/example_trigger_target_dag.py
[2023-07-23T19:45:22.992+0000] {processor.py:836} INFO - DAG(s) dict_keys(['example_trigger_target_dag']) retrieved from /home/airflow/.local/lib/python3.9/site-packages/airflow/example_dags/example_trigger_target_dag.py
[2023-07-23T19:45:23.126+0000] {logging_mixin.py:150} INFO - [2023-07-23T19:45:23.125+0000] {dag.py:2742} INFO - Sync 1 DAGs
[2023-07-23T19:45:23.246+0000] {logging_mixin.py:150} INFO - [2023-07-23T19:45:23.246+0000] {dag.py:3504} INFO - Setting next_dagrun for example_trigger_target_dag to None, run_after=None
[2023-07-23T19:45:23.379+0000] {processor.py:179} INFO - Processing /home/airflow/.local/lib/python3.9/site-packages/airflow/example_dags/example_trigger_target_dag.py took 0.470 seconds
[2023-07-23T19:45:56.144+0000] {processor.py:157} INFO - Started process (PID=570) to work on /home/airflow/.local/lib/python3.9/site-packages/airflow/example_dags/example_trigger_target_dag.py
[2023-07-23T19:45:56.154+0000] {processor.py:826} INFO - Processing file /home/airflow/.local/lib/python3.9/site-packages/airflow/example_dags/example_trigger_target_dag.py for tasks to queue
[2023-07-23T19:45:56.155+0000] {logging_mixin.py:150} INFO - [2023-07-23T19:45:56.154+0000] {dagbag.py:541} INFO - Filling up the DagBag from /home/airflow/.local/lib/python3.9/site-packages/airflow/example_dags/example_trigger_target_dag.py
[2023-07-23T19:45:56.163+0000] {processor.py:836} INFO - DAG(s) dict_keys(['example_trigger_target_dag']) retrieved from /home/airflow/.local/lib/python3.9/site-packages/airflow/example_dags/example_trigger_target_dag.py
[2023-07-23T19:45:56.296+0000] {logging_mixin.py:150} INFO - [2023-07-23T19:45:56.296+0000] {dag.py:2742} INFO - Sync 1 DAGs
[2023-07-23T19:45:56.356+0000] {logging_mixin.py:150} INFO - [2023-07-23T19:45:56.356+0000] {dag.py:3504} INFO - Setting next_dagrun for example_trigger_target_dag to None, run_after=None
[2023-07-23T19:45:56.433+0000] {processor.py:179} INFO - Processing /home/airflow/.local/lib/python3.9/site-packages/airflow/example_dags/example_trigger_target_dag.py took 0.294 seconds
[2023-07-23T19:46:27.068+0000] {processor.py:157} INFO - Started process (PID=632) to work on /home/airflow/.local/lib/python3.9/site-packages/airflow/example_dags/example_trigger_target_dag.py
[2023-07-23T19:46:27.075+0000] {processor.py:826} INFO - Processing file /home/airflow/.local/lib/python3.9/site-packages/airflow/example_dags/example_trigger_target_dag.py for tasks to queue
[2023-07-23T19:46:27.076+0000] {logging_mixin.py:150} INFO - [2023-07-23T19:46:27.076+0000] {dagbag.py:541} INFO - Filling up the DagBag from /home/airflow/.local/lib/python3.9/site-packages/airflow/example_dags/example_trigger_target_dag.py
[2023-07-23T19:46:27.085+0000] {processor.py:836} INFO - DAG(s) dict_keys(['example_trigger_target_dag']) retrieved from /home/airflow/.local/lib/python3.9/site-packages/airflow/example_dags/example_trigger_target_dag.py
[2023-07-23T19:46:27.153+0000] {logging_mixin.py:150} INFO - [2023-07-23T19:46:27.153+0000] {dag.py:2742} INFO - Sync 1 DAGs
[2023-07-23T19:46:27.200+0000] {logging_mixin.py:150} INFO - [2023-07-23T19:46:27.200+0000] {dag.py:3504} INFO - Setting next_dagrun for example_trigger_target_dag to None, run_after=None
[2023-07-23T19:46:27.251+0000] {processor.py:179} INFO - Processing /home/airflow/.local/lib/python3.9/site-packages/airflow/example_dags/example_trigger_target_dag.py took 0.189 seconds
[2023-07-23T19:46:58.197+0000] {processor.py:157} INFO - Started process (PID=700) to work on /home/airflow/.local/lib/python3.9/site-packages/airflow/example_dags/example_trigger_target_dag.py
[2023-07-23T19:46:58.205+0000] {processor.py:826} INFO - Processing file /home/airflow/.local/lib/python3.9/site-packages/airflow/example_dags/example_trigger_target_dag.py for tasks to queue
[2023-07-23T19:46:58.206+0000] {logging_mixin.py:150} INFO - [2023-07-23T19:46:58.206+0000] {dagbag.py:541} INFO - Filling up the DagBag from /home/airflow/.local/lib/python3.9/site-packages/airflow/example_dags/example_trigger_target_dag.py
[2023-07-23T19:46:58.215+0000] {processor.py:836} INFO - DAG(s) dict_keys(['example_trigger_target_dag']) retrieved from /home/airflow/.local/lib/python3.9/site-packages/airflow/example_dags/example_trigger_target_dag.py
[2023-07-23T19:46:58.295+0000] {logging_mixin.py:150} INFO - [2023-07-23T19:46:58.290+0000] {dag.py:2742} INFO - Sync 1 DAGs
[2023-07-23T19:46:58.396+0000] {logging_mixin.py:150} INFO - [2023-07-23T19:46:58.396+0000] {dag.py:3504} INFO - Setting next_dagrun for example_trigger_target_dag to None, run_after=None
[2023-07-23T19:46:58.466+0000] {processor.py:179} INFO - Processing /home/airflow/.local/lib/python3.9/site-packages/airflow/example_dags/example_trigger_target_dag.py took 0.297 seconds
[2023-07-23T19:47:30.042+0000] {processor.py:157} INFO - Started process (PID=763) to work on /home/airflow/.local/lib/python3.9/site-packages/airflow/example_dags/example_trigger_target_dag.py
[2023-07-23T19:47:30.050+0000] {processor.py:826} INFO - Processing file /home/airflow/.local/lib/python3.9/site-packages/airflow/example_dags/example_trigger_target_dag.py for tasks to queue
[2023-07-23T19:47:30.051+0000] {logging_mixin.py:150} INFO - [2023-07-23T19:47:30.050+0000] {dagbag.py:541} INFO - Filling up the DagBag from /home/airflow/.local/lib/python3.9/site-packages/airflow/example_dags/example_trigger_target_dag.py
[2023-07-23T19:47:30.059+0000] {processor.py:836} INFO - DAG(s) dict_keys(['example_trigger_target_dag']) retrieved from /home/airflow/.local/lib/python3.9/site-packages/airflow/example_dags/example_trigger_target_dag.py
[2023-07-23T19:47:30.098+0000] {logging_mixin.py:150} INFO - [2023-07-23T19:47:30.097+0000] {dag.py:2742} INFO - Sync 1 DAGs
[2023-07-23T19:47:30.143+0000] {logging_mixin.py:150} INFO - [2023-07-23T19:47:30.143+0000] {dag.py:3504} INFO - Setting next_dagrun for example_trigger_target_dag to None, run_after=None
[2023-07-23T19:47:30.164+0000] {processor.py:179} INFO - Processing /home/airflow/.local/lib/python3.9/site-packages/airflow/example_dags/example_trigger_target_dag.py took 0.127 seconds
[2023-07-23T19:48:03.528+0000] {processor.py:157} INFO - Started process (PID=825) to work on /home/airflow/.local/lib/python3.9/site-packages/airflow/example_dags/example_trigger_target_dag.py
[2023-07-23T19:48:03.535+0000] {processor.py:826} INFO - Processing file /home/airflow/.local/lib/python3.9/site-packages/airflow/example_dags/example_trigger_target_dag.py for tasks to queue
[2023-07-23T19:48:03.536+0000] {logging_mixin.py:150} INFO - [2023-07-23T19:48:03.536+0000] {dagbag.py:541} INFO - Filling up the DagBag from /home/airflow/.local/lib/python3.9/site-packages/airflow/example_dags/example_trigger_target_dag.py
[2023-07-23T19:48:03.545+0000] {processor.py:836} INFO - DAG(s) dict_keys(['example_trigger_target_dag']) retrieved from /home/airflow/.local/lib/python3.9/site-packages/airflow/example_dags/example_trigger_target_dag.py
[2023-07-23T19:48:03.813+0000] {logging_mixin.py:150} INFO - [2023-07-23T19:48:03.812+0000] {dag.py:2742} INFO - Sync 1 DAGs
[2023-07-23T19:48:04.023+0000] {logging_mixin.py:150} INFO - [2023-07-23T19:48:04.022+0000] {dag.py:3504} INFO - Setting next_dagrun for example_trigger_target_dag to None, run_after=None
[2023-07-23T19:48:04.151+0000] {processor.py:179} INFO - Processing /home/airflow/.local/lib/python3.9/site-packages/airflow/example_dags/example_trigger_target_dag.py took 0.721 seconds
[2023-07-23T19:48:34.681+0000] {processor.py:157} INFO - Started process (PID=887) to work on /home/airflow/.local/lib/python3.9/site-packages/airflow/example_dags/example_trigger_target_dag.py
[2023-07-23T19:48:34.685+0000] {processor.py:826} INFO - Processing file /home/airflow/.local/lib/python3.9/site-packages/airflow/example_dags/example_trigger_target_dag.py for tasks to queue
[2023-07-23T19:48:34.686+0000] {logging_mixin.py:150} INFO - [2023-07-23T19:48:34.686+0000] {dagbag.py:541} INFO - Filling up the DagBag from /home/airflow/.local/lib/python3.9/site-packages/airflow/example_dags/example_trigger_target_dag.py
[2023-07-23T19:48:34.694+0000] {processor.py:836} INFO - DAG(s) dict_keys(['example_trigger_target_dag']) retrieved from /home/airflow/.local/lib/python3.9/site-packages/airflow/example_dags/example_trigger_target_dag.py
[2023-07-23T19:48:34.839+0000] {logging_mixin.py:150} INFO - [2023-07-23T19:48:34.818+0000] {dag.py:2742} INFO - Sync 1 DAGs
[2023-07-23T19:48:34.957+0000] {logging_mixin.py:150} INFO - [2023-07-23T19:48:34.956+0000] {dag.py:3504} INFO - Setting next_dagrun for example_trigger_target_dag to None, run_after=None
[2023-07-23T19:48:35.056+0000] {processor.py:179} INFO - Processing /home/airflow/.local/lib/python3.9/site-packages/airflow/example_dags/example_trigger_target_dag.py took 0.402 seconds
[2023-07-23T19:49:05.937+0000] {processor.py:157} INFO - Started process (PID=941) to work on /home/airflow/.local/lib/python3.9/site-packages/airflow/example_dags/example_trigger_target_dag.py
[2023-07-23T19:49:05.956+0000] {processor.py:826} INFO - Processing file /home/airflow/.local/lib/python3.9/site-packages/airflow/example_dags/example_trigger_target_dag.py for tasks to queue
[2023-07-23T19:49:05.957+0000] {logging_mixin.py:150} INFO - [2023-07-23T19:49:05.957+0000] {dagbag.py:541} INFO - Filling up the DagBag from /home/airflow/.local/lib/python3.9/site-packages/airflow/example_dags/example_trigger_target_dag.py
[2023-07-23T19:49:05.985+0000] {processor.py:836} INFO - DAG(s) dict_keys(['example_trigger_target_dag']) retrieved from /home/airflow/.local/lib/python3.9/site-packages/airflow/example_dags/example_trigger_target_dag.py
[2023-07-23T19:49:06.062+0000] {logging_mixin.py:150} INFO - [2023-07-23T19:49:06.061+0000] {dag.py:2742} INFO - Sync 1 DAGs
[2023-07-23T19:49:06.158+0000] {logging_mixin.py:150} INFO - [2023-07-23T19:49:06.158+0000] {dag.py:3504} INFO - Setting next_dagrun for example_trigger_target_dag to None, run_after=None
[2023-07-23T19:49:06.267+0000] {processor.py:179} INFO - Processing /home/airflow/.local/lib/python3.9/site-packages/airflow/example_dags/example_trigger_target_dag.py took 0.344 seconds
[2023-07-23T19:49:39.014+0000] {processor.py:157} INFO - Started process (PID=1003) to work on /home/airflow/.local/lib/python3.9/site-packages/airflow/example_dags/example_trigger_target_dag.py
[2023-07-23T19:49:39.017+0000] {processor.py:826} INFO - Processing file /home/airflow/.local/lib/python3.9/site-packages/airflow/example_dags/example_trigger_target_dag.py for tasks to queue
[2023-07-23T19:49:39.018+0000] {logging_mixin.py:150} INFO - [2023-07-23T19:49:39.018+0000] {dagbag.py:541} INFO - Filling up the DagBag from /home/airflow/.local/lib/python3.9/site-packages/airflow/example_dags/example_trigger_target_dag.py
[2023-07-23T19:49:39.046+0000] {processor.py:836} INFO - DAG(s) dict_keys(['example_trigger_target_dag']) retrieved from /home/airflow/.local/lib/python3.9/site-packages/airflow/example_dags/example_trigger_target_dag.py
[2023-07-23T19:49:39.116+0000] {logging_mixin.py:150} INFO - [2023-07-23T19:49:39.115+0000] {dag.py:2742} INFO - Sync 1 DAGs
[2023-07-23T19:49:39.196+0000] {logging_mixin.py:150} INFO - [2023-07-23T19:49:39.196+0000] {dag.py:3504} INFO - Setting next_dagrun for example_trigger_target_dag to None, run_after=None
[2023-07-23T19:49:39.288+0000] {processor.py:179} INFO - Processing /home/airflow/.local/lib/python3.9/site-packages/airflow/example_dags/example_trigger_target_dag.py took 0.279 seconds
[2023-07-23T19:50:17.094+0000] {processor.py:157} INFO - Started process (PID=1075) to work on /home/airflow/.local/lib/python3.9/site-packages/airflow/example_dags/example_trigger_target_dag.py
[2023-07-23T19:50:17.107+0000] {processor.py:826} INFO - Processing file /home/airflow/.local/lib/python3.9/site-packages/airflow/example_dags/example_trigger_target_dag.py for tasks to queue
[2023-07-23T19:50:17.130+0000] {logging_mixin.py:150} INFO - [2023-07-23T19:50:17.130+0000] {dagbag.py:541} INFO - Filling up the DagBag from /home/airflow/.local/lib/python3.9/site-packages/airflow/example_dags/example_trigger_target_dag.py
[2023-07-23T19:50:17.153+0000] {processor.py:836} INFO - DAG(s) dict_keys(['example_trigger_target_dag']) retrieved from /home/airflow/.local/lib/python3.9/site-packages/airflow/example_dags/example_trigger_target_dag.py
[2023-07-23T19:50:17.276+0000] {logging_mixin.py:150} INFO - [2023-07-23T19:50:17.276+0000] {dag.py:2742} INFO - Sync 1 DAGs
[2023-07-23T19:50:17.347+0000] {logging_mixin.py:150} INFO - [2023-07-23T19:50:17.347+0000] {dag.py:3504} INFO - Setting next_dagrun for example_trigger_target_dag to None, run_after=None
[2023-07-23T19:50:17.432+0000] {processor.py:179} INFO - Processing /home/airflow/.local/lib/python3.9/site-packages/airflow/example_dags/example_trigger_target_dag.py took 0.343 seconds
[2023-07-23T19:50:51.221+0000] {processor.py:157} INFO - Started process (PID=1137) to work on /home/airflow/.local/lib/python3.9/site-packages/airflow/example_dags/example_trigger_target_dag.py
[2023-07-23T19:50:51.239+0000] {processor.py:826} INFO - Processing file /home/airflow/.local/lib/python3.9/site-packages/airflow/example_dags/example_trigger_target_dag.py for tasks to queue
[2023-07-23T19:50:51.240+0000] {logging_mixin.py:150} INFO - [2023-07-23T19:50:51.240+0000] {dagbag.py:541} INFO - Filling up the DagBag from /home/airflow/.local/lib/python3.9/site-packages/airflow/example_dags/example_trigger_target_dag.py
[2023-07-23T19:50:51.309+0000] {processor.py:836} INFO - DAG(s) dict_keys(['example_trigger_target_dag']) retrieved from /home/airflow/.local/lib/python3.9/site-packages/airflow/example_dags/example_trigger_target_dag.py
[2023-07-23T19:50:51.436+0000] {logging_mixin.py:150} INFO - [2023-07-23T19:50:51.435+0000] {dag.py:2742} INFO - Sync 1 DAGs
[2023-07-23T19:50:51.696+0000] {logging_mixin.py:150} INFO - [2023-07-23T19:50:51.696+0000] {dag.py:3504} INFO - Setting next_dagrun for example_trigger_target_dag to None, run_after=None
[2023-07-23T19:50:51.839+0000] {processor.py:179} INFO - Processing /home/airflow/.local/lib/python3.9/site-packages/airflow/example_dags/example_trigger_target_dag.py took 0.622 seconds
[2023-07-23T19:51:22.754+0000] {processor.py:157} INFO - Started process (PID=1198) to work on /home/airflow/.local/lib/python3.9/site-packages/airflow/example_dags/example_trigger_target_dag.py
[2023-07-23T19:51:22.775+0000] {processor.py:826} INFO - Processing file /home/airflow/.local/lib/python3.9/site-packages/airflow/example_dags/example_trigger_target_dag.py for tasks to queue
[2023-07-23T19:51:22.776+0000] {logging_mixin.py:150} INFO - [2023-07-23T19:51:22.776+0000] {dagbag.py:541} INFO - Filling up the DagBag from /home/airflow/.local/lib/python3.9/site-packages/airflow/example_dags/example_trigger_target_dag.py
[2023-07-23T19:51:22.785+0000] {processor.py:836} INFO - DAG(s) dict_keys(['example_trigger_target_dag']) retrieved from /home/airflow/.local/lib/python3.9/site-packages/airflow/example_dags/example_trigger_target_dag.py
[2023-07-23T19:51:22.876+0000] {logging_mixin.py:150} INFO - [2023-07-23T19:51:22.876+0000] {dag.py:2742} INFO - Sync 1 DAGs
[2023-07-23T19:51:23.064+0000] {logging_mixin.py:150} INFO - [2023-07-23T19:51:23.063+0000] {dag.py:3504} INFO - Setting next_dagrun for example_trigger_target_dag to None, run_after=None
[2023-07-23T19:51:23.227+0000] {processor.py:179} INFO - Processing /home/airflow/.local/lib/python3.9/site-packages/airflow/example_dags/example_trigger_target_dag.py took 0.477 seconds
[2023-07-23T19:51:53.690+0000] {processor.py:157} INFO - Started process (PID=1253) to work on /home/airflow/.local/lib/python3.9/site-packages/airflow/example_dags/example_trigger_target_dag.py
[2023-07-23T19:51:53.703+0000] {processor.py:826} INFO - Processing file /home/airflow/.local/lib/python3.9/site-packages/airflow/example_dags/example_trigger_target_dag.py for tasks to queue
[2023-07-23T19:51:53.705+0000] {logging_mixin.py:150} INFO - [2023-07-23T19:51:53.704+0000] {dagbag.py:541} INFO - Filling up the DagBag from /home/airflow/.local/lib/python3.9/site-packages/airflow/example_dags/example_trigger_target_dag.py
[2023-07-23T19:51:53.713+0000] {processor.py:836} INFO - DAG(s) dict_keys(['example_trigger_target_dag']) retrieved from /home/airflow/.local/lib/python3.9/site-packages/airflow/example_dags/example_trigger_target_dag.py
[2023-07-23T19:51:53.776+0000] {logging_mixin.py:150} INFO - [2023-07-23T19:51:53.775+0000] {dag.py:2742} INFO - Sync 1 DAGs
[2023-07-23T19:51:53.836+0000] {logging_mixin.py:150} INFO - [2023-07-23T19:51:53.836+0000] {dag.py:3504} INFO - Setting next_dagrun for example_trigger_target_dag to None, run_after=None
[2023-07-23T19:51:53.889+0000] {processor.py:179} INFO - Processing /home/airflow/.local/lib/python3.9/site-packages/airflow/example_dags/example_trigger_target_dag.py took 0.207 seconds
[2023-07-23T19:52:25.788+0000] {processor.py:157} INFO - Started process (PID=1316) to work on /home/airflow/.local/lib/python3.9/site-packages/airflow/example_dags/example_trigger_target_dag.py
[2023-07-23T19:52:25.798+0000] {processor.py:826} INFO - Processing file /home/airflow/.local/lib/python3.9/site-packages/airflow/example_dags/example_trigger_target_dag.py for tasks to queue
[2023-07-23T19:52:25.799+0000] {logging_mixin.py:150} INFO - [2023-07-23T19:52:25.799+0000] {dagbag.py:541} INFO - Filling up the DagBag from /home/airflow/.local/lib/python3.9/site-packages/airflow/example_dags/example_trigger_target_dag.py
[2023-07-23T19:52:25.827+0000] {processor.py:836} INFO - DAG(s) dict_keys(['example_trigger_target_dag']) retrieved from /home/airflow/.local/lib/python3.9/site-packages/airflow/example_dags/example_trigger_target_dag.py
[2023-07-23T19:52:25.916+0000] {logging_mixin.py:150} INFO - [2023-07-23T19:52:25.915+0000] {dag.py:2742} INFO - Sync 1 DAGs
[2023-07-23T19:52:25.986+0000] {logging_mixin.py:150} INFO - [2023-07-23T19:52:25.986+0000] {dag.py:3504} INFO - Setting next_dagrun for example_trigger_target_dag to None, run_after=None
[2023-07-23T19:52:26.055+0000] {processor.py:179} INFO - Processing /home/airflow/.local/lib/python3.9/site-packages/airflow/example_dags/example_trigger_target_dag.py took 0.292 seconds
[2023-07-23T19:53:02.655+0000] {processor.py:157} INFO - Started process (PID=1380) to work on /home/airflow/.local/lib/python3.9/site-packages/airflow/example_dags/example_trigger_target_dag.py
[2023-07-23T19:53:02.717+0000] {processor.py:826} INFO - Processing file /home/airflow/.local/lib/python3.9/site-packages/airflow/example_dags/example_trigger_target_dag.py for tasks to queue
[2023-07-23T19:53:02.718+0000] {logging_mixin.py:150} INFO - [2023-07-23T19:53:02.717+0000] {dagbag.py:541} INFO - Filling up the DagBag from /home/airflow/.local/lib/python3.9/site-packages/airflow/example_dags/example_trigger_target_dag.py
[2023-07-23T19:53:02.776+0000] {processor.py:836} INFO - DAG(s) dict_keys(['example_trigger_target_dag']) retrieved from /home/airflow/.local/lib/python3.9/site-packages/airflow/example_dags/example_trigger_target_dag.py
[2023-07-23T19:53:02.999+0000] {logging_mixin.py:150} INFO - [2023-07-23T19:53:02.998+0000] {dag.py:2742} INFO - Sync 1 DAGs
[2023-07-23T19:53:03.161+0000] {logging_mixin.py:150} INFO - [2023-07-23T19:53:03.161+0000] {dag.py:3504} INFO - Setting next_dagrun for example_trigger_target_dag to None, run_after=None
[2023-07-23T19:53:03.349+0000] {processor.py:179} INFO - Processing /home/airflow/.local/lib/python3.9/site-packages/airflow/example_dags/example_trigger_target_dag.py took 0.698 seconds
[2023-07-23T19:53:33.898+0000] {processor.py:157} INFO - Started process (PID=1442) to work on /home/airflow/.local/lib/python3.9/site-packages/airflow/example_dags/example_trigger_target_dag.py
[2023-07-23T19:53:33.917+0000] {processor.py:826} INFO - Processing file /home/airflow/.local/lib/python3.9/site-packages/airflow/example_dags/example_trigger_target_dag.py for tasks to queue
[2023-07-23T19:53:33.918+0000] {logging_mixin.py:150} INFO - [2023-07-23T19:53:33.918+0000] {dagbag.py:541} INFO - Filling up the DagBag from /home/airflow/.local/lib/python3.9/site-packages/airflow/example_dags/example_trigger_target_dag.py
[2023-07-23T19:53:33.951+0000] {processor.py:836} INFO - DAG(s) dict_keys(['example_trigger_target_dag']) retrieved from /home/airflow/.local/lib/python3.9/site-packages/airflow/example_dags/example_trigger_target_dag.py
[2023-07-23T19:53:34.169+0000] {logging_mixin.py:150} INFO - [2023-07-23T19:53:34.168+0000] {dag.py:2742} INFO - Sync 1 DAGs
[2023-07-23T19:53:34.306+0000] {logging_mixin.py:150} INFO - [2023-07-23T19:53:34.306+0000] {dag.py:3504} INFO - Setting next_dagrun for example_trigger_target_dag to None, run_after=None
[2023-07-23T19:53:34.450+0000] {processor.py:179} INFO - Processing /home/airflow/.local/lib/python3.9/site-packages/airflow/example_dags/example_trigger_target_dag.py took 0.569 seconds
[2023-07-23T19:54:04.803+0000] {processor.py:157} INFO - Started process (PID=1504) to work on /home/airflow/.local/lib/python3.9/site-packages/airflow/example_dags/example_trigger_target_dag.py
[2023-07-23T19:54:04.846+0000] {processor.py:826} INFO - Processing file /home/airflow/.local/lib/python3.9/site-packages/airflow/example_dags/example_trigger_target_dag.py for tasks to queue
[2023-07-23T19:54:04.847+0000] {logging_mixin.py:150} INFO - [2023-07-23T19:54:04.846+0000] {dagbag.py:541} INFO - Filling up the DagBag from /home/airflow/.local/lib/python3.9/site-packages/airflow/example_dags/example_trigger_target_dag.py
[2023-07-23T19:54:04.854+0000] {processor.py:836} INFO - DAG(s) dict_keys(['example_trigger_target_dag']) retrieved from /home/airflow/.local/lib/python3.9/site-packages/airflow/example_dags/example_trigger_target_dag.py
[2023-07-23T19:54:04.962+0000] {logging_mixin.py:150} INFO - [2023-07-23T19:54:04.962+0000] {dag.py:2742} INFO - Sync 1 DAGs
[2023-07-23T19:54:05.116+0000] {logging_mixin.py:150} INFO - [2023-07-23T19:54:05.116+0000] {dag.py:3504} INFO - Setting next_dagrun for example_trigger_target_dag to None, run_after=None
[2023-07-23T19:54:05.218+0000] {processor.py:179} INFO - Processing /home/airflow/.local/lib/python3.9/site-packages/airflow/example_dags/example_trigger_target_dag.py took 0.419 seconds
[2023-07-23T19:54:35.632+0000] {processor.py:157} INFO - Started process (PID=1565) to work on /home/airflow/.local/lib/python3.9/site-packages/airflow/example_dags/example_trigger_target_dag.py
[2023-07-23T19:54:35.645+0000] {processor.py:826} INFO - Processing file /home/airflow/.local/lib/python3.9/site-packages/airflow/example_dags/example_trigger_target_dag.py for tasks to queue
[2023-07-23T19:54:35.646+0000] {logging_mixin.py:150} INFO - [2023-07-23T19:54:35.646+0000] {dagbag.py:541} INFO - Filling up the DagBag from /home/airflow/.local/lib/python3.9/site-packages/airflow/example_dags/example_trigger_target_dag.py
[2023-07-23T19:54:35.654+0000] {processor.py:836} INFO - DAG(s) dict_keys(['example_trigger_target_dag']) retrieved from /home/airflow/.local/lib/python3.9/site-packages/airflow/example_dags/example_trigger_target_dag.py
[2023-07-23T19:54:35.796+0000] {logging_mixin.py:150} INFO - [2023-07-23T19:54:35.796+0000] {dag.py:2742} INFO - Sync 1 DAGs
[2023-07-23T19:54:35.936+0000] {logging_mixin.py:150} INFO - [2023-07-23T19:54:35.936+0000] {dag.py:3504} INFO - Setting next_dagrun for example_trigger_target_dag to None, run_after=None
[2023-07-23T19:54:36.029+0000] {processor.py:179} INFO - Processing /home/airflow/.local/lib/python3.9/site-packages/airflow/example_dags/example_trigger_target_dag.py took 0.414 seconds
[2023-07-23T19:55:09.524+0000] {processor.py:157} INFO - Started process (PID=1628) to work on /home/airflow/.local/lib/python3.9/site-packages/airflow/example_dags/example_trigger_target_dag.py
[2023-07-23T19:55:09.566+0000] {processor.py:826} INFO - Processing file /home/airflow/.local/lib/python3.9/site-packages/airflow/example_dags/example_trigger_target_dag.py for tasks to queue
[2023-07-23T19:55:09.567+0000] {logging_mixin.py:150} INFO - [2023-07-23T19:55:09.566+0000] {dagbag.py:541} INFO - Filling up the DagBag from /home/airflow/.local/lib/python3.9/site-packages/airflow/example_dags/example_trigger_target_dag.py
[2023-07-23T19:55:09.575+0000] {processor.py:836} INFO - DAG(s) dict_keys(['example_trigger_target_dag']) retrieved from /home/airflow/.local/lib/python3.9/site-packages/airflow/example_dags/example_trigger_target_dag.py
[2023-07-23T19:55:09.876+0000] {logging_mixin.py:150} INFO - [2023-07-23T19:55:09.876+0000] {dag.py:2742} INFO - Sync 1 DAGs
[2023-07-23T19:55:10.036+0000] {logging_mixin.py:150} INFO - [2023-07-23T19:55:10.036+0000] {dag.py:3504} INFO - Setting next_dagrun for example_trigger_target_dag to None, run_after=None
[2023-07-23T19:55:10.169+0000] {processor.py:179} INFO - Processing /home/airflow/.local/lib/python3.9/site-packages/airflow/example_dags/example_trigger_target_dag.py took 0.649 seconds
[2023-07-23T19:55:41.900+0000] {processor.py:157} INFO - Started process (PID=1684) to work on /home/airflow/.local/lib/python3.9/site-packages/airflow/example_dags/example_trigger_target_dag.py
[2023-07-23T19:55:41.916+0000] {processor.py:826} INFO - Processing file /home/airflow/.local/lib/python3.9/site-packages/airflow/example_dags/example_trigger_target_dag.py for tasks to queue
[2023-07-23T19:55:41.917+0000] {logging_mixin.py:150} INFO - [2023-07-23T19:55:41.917+0000] {dagbag.py:541} INFO - Filling up the DagBag from /home/airflow/.local/lib/python3.9/site-packages/airflow/example_dags/example_trigger_target_dag.py
[2023-07-23T19:55:41.976+0000] {processor.py:836} INFO - DAG(s) dict_keys(['example_trigger_target_dag']) retrieved from /home/airflow/.local/lib/python3.9/site-packages/airflow/example_dags/example_trigger_target_dag.py
[2023-07-23T19:55:42.112+0000] {logging_mixin.py:150} INFO - [2023-07-23T19:55:42.112+0000] {dag.py:2742} INFO - Sync 1 DAGs
[2023-07-23T19:55:42.318+0000] {logging_mixin.py:150} INFO - [2023-07-23T19:55:42.318+0000] {dag.py:3504} INFO - Setting next_dagrun for example_trigger_target_dag to None, run_after=None
[2023-07-23T19:55:42.447+0000] {processor.py:179} INFO - Processing /home/airflow/.local/lib/python3.9/site-packages/airflow/example_dags/example_trigger_target_dag.py took 0.551 seconds
[2023-07-23T19:56:13.479+0000] {processor.py:157} INFO - Started process (PID=1745) to work on /home/airflow/.local/lib/python3.9/site-packages/airflow/example_dags/example_trigger_target_dag.py
[2023-07-23T19:56:13.486+0000] {processor.py:826} INFO - Processing file /home/airflow/.local/lib/python3.9/site-packages/airflow/example_dags/example_trigger_target_dag.py for tasks to queue
[2023-07-23T19:56:13.491+0000] {logging_mixin.py:150} INFO - [2023-07-23T19:56:13.489+0000] {dagbag.py:541} INFO - Filling up the DagBag from /home/airflow/.local/lib/python3.9/site-packages/airflow/example_dags/example_trigger_target_dag.py
[2023-07-23T19:56:13.531+0000] {processor.py:836} INFO - DAG(s) dict_keys(['example_trigger_target_dag']) retrieved from /home/airflow/.local/lib/python3.9/site-packages/airflow/example_dags/example_trigger_target_dag.py
[2023-07-23T19:56:13.587+0000] {logging_mixin.py:150} INFO - [2023-07-23T19:56:13.587+0000] {dag.py:2742} INFO - Sync 1 DAGs
[2023-07-23T19:56:13.670+0000] {logging_mixin.py:150} INFO - [2023-07-23T19:56:13.670+0000] {dag.py:3504} INFO - Setting next_dagrun for example_trigger_target_dag to None, run_after=None
[2023-07-23T19:56:13.780+0000] {processor.py:179} INFO - Processing /home/airflow/.local/lib/python3.9/site-packages/airflow/example_dags/example_trigger_target_dag.py took 0.305 seconds
[2023-07-23T19:56:44.305+0000] {processor.py:157} INFO - Started process (PID=1804) to work on /home/airflow/.local/lib/python3.9/site-packages/airflow/example_dags/example_trigger_target_dag.py
[2023-07-23T19:56:44.318+0000] {processor.py:826} INFO - Processing file /home/airflow/.local/lib/python3.9/site-packages/airflow/example_dags/example_trigger_target_dag.py for tasks to queue
[2023-07-23T19:56:44.319+0000] {logging_mixin.py:150} INFO - [2023-07-23T19:56:44.319+0000] {dagbag.py:541} INFO - Filling up the DagBag from /home/airflow/.local/lib/python3.9/site-packages/airflow/example_dags/example_trigger_target_dag.py
[2023-07-23T19:56:44.331+0000] {processor.py:836} INFO - DAG(s) dict_keys(['example_trigger_target_dag']) retrieved from /home/airflow/.local/lib/python3.9/site-packages/airflow/example_dags/example_trigger_target_dag.py
[2023-07-23T19:56:44.387+0000] {logging_mixin.py:150} INFO - [2023-07-23T19:56:44.387+0000] {dag.py:2742} INFO - Sync 1 DAGs
[2023-07-23T19:56:44.435+0000] {logging_mixin.py:150} INFO - [2023-07-23T19:56:44.435+0000] {dag.py:3504} INFO - Setting next_dagrun for example_trigger_target_dag to None, run_after=None
[2023-07-23T19:56:44.472+0000] {processor.py:179} INFO - Processing /home/airflow/.local/lib/python3.9/site-packages/airflow/example_dags/example_trigger_target_dag.py took 0.170 seconds
[2023-07-23T19:57:19.373+0000] {processor.py:157} INFO - Started process (PID=1866) to work on /home/airflow/.local/lib/python3.9/site-packages/airflow/example_dags/example_trigger_target_dag.py
[2023-07-23T19:57:19.392+0000] {processor.py:826} INFO - Processing file /home/airflow/.local/lib/python3.9/site-packages/airflow/example_dags/example_trigger_target_dag.py for tasks to queue
[2023-07-23T19:57:19.393+0000] {logging_mixin.py:150} INFO - [2023-07-23T19:57:19.392+0000] {dagbag.py:541} INFO - Filling up the DagBag from /home/airflow/.local/lib/python3.9/site-packages/airflow/example_dags/example_trigger_target_dag.py
[2023-07-23T19:57:19.556+0000] {processor.py:836} INFO - DAG(s) dict_keys(['example_trigger_target_dag']) retrieved from /home/airflow/.local/lib/python3.9/site-packages/airflow/example_dags/example_trigger_target_dag.py
[2023-07-23T19:57:20.200+0000] {logging_mixin.py:150} INFO - [2023-07-23T19:57:20.199+0000] {dag.py:2742} INFO - Sync 1 DAGs
[2023-07-23T19:57:20.624+0000] {logging_mixin.py:150} INFO - [2023-07-23T19:57:20.624+0000] {dag.py:3504} INFO - Setting next_dagrun for example_trigger_target_dag to None, run_after=None
[2023-07-23T19:57:20.901+0000] {processor.py:179} INFO - Processing /home/airflow/.local/lib/python3.9/site-packages/airflow/example_dags/example_trigger_target_dag.py took 1.558 seconds
[2023-07-23T19:58:43.828+0000] {processor.py:157} INFO - Started process (PID=1939) to work on /home/airflow/.local/lib/python3.9/site-packages/airflow/example_dags/example_trigger_target_dag.py
[2023-07-23T19:58:43.845+0000] {processor.py:826} INFO - Processing file /home/airflow/.local/lib/python3.9/site-packages/airflow/example_dags/example_trigger_target_dag.py for tasks to queue
[2023-07-23T19:58:43.846+0000] {logging_mixin.py:150} INFO - [2023-07-23T19:58:43.845+0000] {dagbag.py:541} INFO - Filling up the DagBag from /home/airflow/.local/lib/python3.9/site-packages/airflow/example_dags/example_trigger_target_dag.py
[2023-07-23T19:58:43.899+0000] {processor.py:836} INFO - DAG(s) dict_keys(['example_trigger_target_dag']) retrieved from /home/airflow/.local/lib/python3.9/site-packages/airflow/example_dags/example_trigger_target_dag.py
[2023-07-23T19:58:44.478+0000] {logging_mixin.py:150} INFO - [2023-07-23T19:58:44.477+0000] {dag.py:2742} INFO - Sync 1 DAGs
[2023-07-23T19:58:44.963+0000] {logging_mixin.py:150} INFO - [2023-07-23T19:58:44.963+0000] {dag.py:3504} INFO - Setting next_dagrun for example_trigger_target_dag to None, run_after=None
[2023-07-23T19:58:46.084+0000] {processor.py:179} INFO - Processing /home/airflow/.local/lib/python3.9/site-packages/airflow/example_dags/example_trigger_target_dag.py took 2.503 seconds
[2023-07-23T20:05:58.628+0000] {processor.py:157} INFO - Started process (PID=140) to work on /home/airflow/.local/lib/python3.9/site-packages/airflow/example_dags/example_trigger_target_dag.py
[2023-07-23T20:05:58.635+0000] {processor.py:826} INFO - Processing file /home/airflow/.local/lib/python3.9/site-packages/airflow/example_dags/example_trigger_target_dag.py for tasks to queue
[2023-07-23T20:05:58.636+0000] {logging_mixin.py:150} INFO - [2023-07-23T20:05:58.636+0000] {dagbag.py:541} INFO - Filling up the DagBag from /home/airflow/.local/lib/python3.9/site-packages/airflow/example_dags/example_trigger_target_dag.py
[2023-07-23T20:05:58.645+0000] {processor.py:836} INFO - DAG(s) dict_keys(['example_trigger_target_dag']) retrieved from /home/airflow/.local/lib/python3.9/site-packages/airflow/example_dags/example_trigger_target_dag.py
[2023-07-23T20:05:58.819+0000] {logging_mixin.py:150} INFO - [2023-07-23T20:05:58.818+0000] {dag.py:2742} INFO - Sync 1 DAGs
[2023-07-23T20:05:58.933+0000] {logging_mixin.py:150} INFO - [2023-07-23T20:05:58.932+0000] {dag.py:3504} INFO - Setting next_dagrun for example_trigger_target_dag to None, run_after=None
[2023-07-23T20:05:59.000+0000] {processor.py:179} INFO - Processing /home/airflow/.local/lib/python3.9/site-packages/airflow/example_dags/example_trigger_target_dag.py took 0.395 seconds
[2023-07-23T20:07:27.281+0000] {processor.py:157} INFO - Started process (PID=229) to work on /home/airflow/.local/lib/python3.9/site-packages/airflow/example_dags/example_trigger_target_dag.py
[2023-07-23T20:07:27.307+0000] {processor.py:826} INFO - Processing file /home/airflow/.local/lib/python3.9/site-packages/airflow/example_dags/example_trigger_target_dag.py for tasks to queue
[2023-07-23T20:07:27.308+0000] {logging_mixin.py:150} INFO - [2023-07-23T20:07:27.308+0000] {dagbag.py:541} INFO - Filling up the DagBag from /home/airflow/.local/lib/python3.9/site-packages/airflow/example_dags/example_trigger_target_dag.py
[2023-07-23T20:07:27.570+0000] {processor.py:836} INFO - DAG(s) dict_keys(['example_trigger_target_dag']) retrieved from /home/airflow/.local/lib/python3.9/site-packages/airflow/example_dags/example_trigger_target_dag.py
[2023-07-23T20:07:28.661+0000] {logging_mixin.py:150} INFO - [2023-07-23T20:07:28.660+0000] {dag.py:2742} INFO - Sync 1 DAGs
[2023-07-23T20:07:29.362+0000] {logging_mixin.py:150} INFO - [2023-07-23T20:07:29.361+0000] {dag.py:3504} INFO - Setting next_dagrun for example_trigger_target_dag to None, run_after=None
[2023-07-23T20:07:29.636+0000] {processor.py:179} INFO - Processing /home/airflow/.local/lib/python3.9/site-packages/airflow/example_dags/example_trigger_target_dag.py took 2.413 seconds
[2023-07-23T20:09:38.731+0000] {processor.py:157} INFO - Started process (PID=338) to work on /home/airflow/.local/lib/python3.9/site-packages/airflow/example_dags/example_trigger_target_dag.py
[2023-07-23T20:09:38.743+0000] {processor.py:826} INFO - Processing file /home/airflow/.local/lib/python3.9/site-packages/airflow/example_dags/example_trigger_target_dag.py for tasks to queue
[2023-07-23T20:09:38.744+0000] {logging_mixin.py:150} INFO - [2023-07-23T20:09:38.743+0000] {dagbag.py:541} INFO - Filling up the DagBag from /home/airflow/.local/lib/python3.9/site-packages/airflow/example_dags/example_trigger_target_dag.py
[2023-07-23T20:09:38.814+0000] {processor.py:836} INFO - DAG(s) dict_keys(['example_trigger_target_dag']) retrieved from /home/airflow/.local/lib/python3.9/site-packages/airflow/example_dags/example_trigger_target_dag.py
[2023-07-23T20:09:39.123+0000] {logging_mixin.py:150} INFO - [2023-07-23T20:09:39.103+0000] {dag.py:2742} INFO - Sync 1 DAGs
[2023-07-23T20:09:39.363+0000] {logging_mixin.py:150} INFO - [2023-07-23T20:09:39.363+0000] {dag.py:3504} INFO - Setting next_dagrun for example_trigger_target_dag to None, run_after=None
[2023-07-23T20:09:39.844+0000] {processor.py:179} INFO - Processing /home/airflow/.local/lib/python3.9/site-packages/airflow/example_dags/example_trigger_target_dag.py took 1.137 seconds
[2023-07-23T20:10:15.654+0000] {processor.py:157} INFO - Started process (PID=399) to work on /home/airflow/.local/lib/python3.9/site-packages/airflow/example_dags/example_trigger_target_dag.py
[2023-07-23T20:10:15.658+0000] {processor.py:826} INFO - Processing file /home/airflow/.local/lib/python3.9/site-packages/airflow/example_dags/example_trigger_target_dag.py for tasks to queue
[2023-07-23T20:10:15.661+0000] {logging_mixin.py:150} INFO - [2023-07-23T20:10:15.659+0000] {dagbag.py:541} INFO - Filling up the DagBag from /home/airflow/.local/lib/python3.9/site-packages/airflow/example_dags/example_trigger_target_dag.py
[2023-07-23T20:10:15.673+0000] {processor.py:836} INFO - DAG(s) dict_keys(['example_trigger_target_dag']) retrieved from /home/airflow/.local/lib/python3.9/site-packages/airflow/example_dags/example_trigger_target_dag.py
[2023-07-23T20:10:15.754+0000] {logging_mixin.py:150} INFO - [2023-07-23T20:10:15.754+0000] {dag.py:2742} INFO - Sync 1 DAGs
[2023-07-23T20:10:15.831+0000] {logging_mixin.py:150} INFO - [2023-07-23T20:10:15.831+0000] {dag.py:3504} INFO - Setting next_dagrun for example_trigger_target_dag to None, run_after=None
[2023-07-23T20:10:15.916+0000] {processor.py:179} INFO - Processing /home/airflow/.local/lib/python3.9/site-packages/airflow/example_dags/example_trigger_target_dag.py took 0.266 seconds
[2023-07-23T20:10:49.504+0000] {processor.py:157} INFO - Started process (PID=461) to work on /home/airflow/.local/lib/python3.9/site-packages/airflow/example_dags/example_trigger_target_dag.py
[2023-07-23T20:10:49.535+0000] {processor.py:826} INFO - Processing file /home/airflow/.local/lib/python3.9/site-packages/airflow/example_dags/example_trigger_target_dag.py for tasks to queue
[2023-07-23T20:10:49.537+0000] {logging_mixin.py:150} INFO - [2023-07-23T20:10:49.536+0000] {dagbag.py:541} INFO - Filling up the DagBag from /home/airflow/.local/lib/python3.9/site-packages/airflow/example_dags/example_trigger_target_dag.py
[2023-07-23T20:10:49.565+0000] {processor.py:836} INFO - DAG(s) dict_keys(['example_trigger_target_dag']) retrieved from /home/airflow/.local/lib/python3.9/site-packages/airflow/example_dags/example_trigger_target_dag.py
[2023-07-23T20:10:49.656+0000] {logging_mixin.py:150} INFO - [2023-07-23T20:10:49.656+0000] {dag.py:2742} INFO - Sync 1 DAGs
[2023-07-23T20:10:49.756+0000] {logging_mixin.py:150} INFO - [2023-07-23T20:10:49.756+0000] {dag.py:3504} INFO - Setting next_dagrun for example_trigger_target_dag to None, run_after=None
[2023-07-23T20:10:49.823+0000] {processor.py:179} INFO - Processing /home/airflow/.local/lib/python3.9/site-packages/airflow/example_dags/example_trigger_target_dag.py took 0.324 seconds
[2023-07-23T20:11:20.252+0000] {processor.py:157} INFO - Started process (PID=523) to work on /home/airflow/.local/lib/python3.9/site-packages/airflow/example_dags/example_trigger_target_dag.py
[2023-07-23T20:11:20.273+0000] {processor.py:826} INFO - Processing file /home/airflow/.local/lib/python3.9/site-packages/airflow/example_dags/example_trigger_target_dag.py for tasks to queue
[2023-07-23T20:11:20.316+0000] {logging_mixin.py:150} INFO - [2023-07-23T20:11:20.316+0000] {dagbag.py:541} INFO - Filling up the DagBag from /home/airflow/.local/lib/python3.9/site-packages/airflow/example_dags/example_trigger_target_dag.py
[2023-07-23T20:11:20.325+0000] {processor.py:836} INFO - DAG(s) dict_keys(['example_trigger_target_dag']) retrieved from /home/airflow/.local/lib/python3.9/site-packages/airflow/example_dags/example_trigger_target_dag.py
[2023-07-23T20:11:20.414+0000] {logging_mixin.py:150} INFO - [2023-07-23T20:11:20.413+0000] {dag.py:2742} INFO - Sync 1 DAGs
[2023-07-23T20:11:20.452+0000] {logging_mixin.py:150} INFO - [2023-07-23T20:11:20.452+0000] {dag.py:3504} INFO - Setting next_dagrun for example_trigger_target_dag to None, run_after=None
[2023-07-23T20:11:20.483+0000] {processor.py:179} INFO - Processing /home/airflow/.local/lib/python3.9/site-packages/airflow/example_dags/example_trigger_target_dag.py took 0.236 seconds
[2023-07-23T20:12:27.309+0000] {processor.py:157} INFO - Started process (PID=594) to work on /home/airflow/.local/lib/python3.9/site-packages/airflow/example_dags/example_trigger_target_dag.py
[2023-07-23T20:12:27.311+0000] {processor.py:826} INFO - Processing file /home/airflow/.local/lib/python3.9/site-packages/airflow/example_dags/example_trigger_target_dag.py for tasks to queue
[2023-07-23T20:12:27.311+0000] {logging_mixin.py:150} INFO - [2023-07-23T20:12:27.311+0000] {dagbag.py:541} INFO - Filling up the DagBag from /home/airflow/.local/lib/python3.9/site-packages/airflow/example_dags/example_trigger_target_dag.py
[2023-07-23T20:12:27.374+0000] {processor.py:836} INFO - DAG(s) dict_keys(['example_trigger_target_dag']) retrieved from /home/airflow/.local/lib/python3.9/site-packages/airflow/example_dags/example_trigger_target_dag.py
[2023-07-23T20:12:27.521+0000] {logging_mixin.py:150} INFO - [2023-07-23T20:12:27.504+0000] {dag.py:2742} INFO - Sync 1 DAGs
[2023-07-23T20:12:27.696+0000] {logging_mixin.py:150} INFO - [2023-07-23T20:12:27.696+0000] {dag.py:3504} INFO - Setting next_dagrun for example_trigger_target_dag to None, run_after=None
[2023-07-23T20:12:27.925+0000] {processor.py:179} INFO - Processing /home/airflow/.local/lib/python3.9/site-packages/airflow/example_dags/example_trigger_target_dag.py took 0.668 seconds
[2023-07-23T20:14:50.006+0000] {processor.py:157} INFO - Started process (PID=699) to work on /home/airflow/.local/lib/python3.9/site-packages/airflow/example_dags/example_trigger_target_dag.py
[2023-07-23T20:14:50.016+0000] {processor.py:826} INFO - Processing file /home/airflow/.local/lib/python3.9/site-packages/airflow/example_dags/example_trigger_target_dag.py for tasks to queue
[2023-07-23T20:14:50.017+0000] {logging_mixin.py:150} INFO - [2023-07-23T20:14:50.016+0000] {dagbag.py:541} INFO - Filling up the DagBag from /home/airflow/.local/lib/python3.9/site-packages/airflow/example_dags/example_trigger_target_dag.py
[2023-07-23T20:14:50.212+0000] {processor.py:836} INFO - DAG(s) dict_keys(['example_trigger_target_dag']) retrieved from /home/airflow/.local/lib/python3.9/site-packages/airflow/example_dags/example_trigger_target_dag.py
[2023-07-23T20:14:51.033+0000] {logging_mixin.py:150} INFO - [2023-07-23T20:14:51.033+0000] {dag.py:2742} INFO - Sync 1 DAGs
[2023-07-23T20:14:51.979+0000] {logging_mixin.py:150} INFO - [2023-07-23T20:14:51.978+0000] {dag.py:3504} INFO - Setting next_dagrun for example_trigger_target_dag to None, run_after=None
[2023-07-23T20:14:53.236+0000] {processor.py:179} INFO - Processing /home/airflow/.local/lib/python3.9/site-packages/airflow/example_dags/example_trigger_target_dag.py took 3.301 seconds
[2023-07-23T20:15:23.570+0000] {processor.py:157} INFO - Started process (PID=760) to work on /home/airflow/.local/lib/python3.9/site-packages/airflow/example_dags/example_trigger_target_dag.py
[2023-07-23T20:15:23.575+0000] {processor.py:826} INFO - Processing file /home/airflow/.local/lib/python3.9/site-packages/airflow/example_dags/example_trigger_target_dag.py for tasks to queue
[2023-07-23T20:15:23.576+0000] {logging_mixin.py:150} INFO - [2023-07-23T20:15:23.576+0000] {dagbag.py:541} INFO - Filling up the DagBag from /home/airflow/.local/lib/python3.9/site-packages/airflow/example_dags/example_trigger_target_dag.py
[2023-07-23T20:15:23.584+0000] {processor.py:836} INFO - DAG(s) dict_keys(['example_trigger_target_dag']) retrieved from /home/airflow/.local/lib/python3.9/site-packages/airflow/example_dags/example_trigger_target_dag.py
[2023-07-23T20:15:23.656+0000] {logging_mixin.py:150} INFO - [2023-07-23T20:15:23.656+0000] {dag.py:2742} INFO - Sync 1 DAGs
[2023-07-23T20:15:23.707+0000] {logging_mixin.py:150} INFO - [2023-07-23T20:15:23.706+0000] {dag.py:3504} INFO - Setting next_dagrun for example_trigger_target_dag to None, run_after=None
[2023-07-23T20:15:23.772+0000] {processor.py:179} INFO - Processing /home/airflow/.local/lib/python3.9/site-packages/airflow/example_dags/example_trigger_target_dag.py took 0.233 seconds
[2023-07-23T20:15:56.777+0000] {processor.py:157} INFO - Started process (PID=822) to work on /home/airflow/.local/lib/python3.9/site-packages/airflow/example_dags/example_trigger_target_dag.py
[2023-07-23T20:15:56.785+0000] {processor.py:826} INFO - Processing file /home/airflow/.local/lib/python3.9/site-packages/airflow/example_dags/example_trigger_target_dag.py for tasks to queue
[2023-07-23T20:15:56.786+0000] {logging_mixin.py:150} INFO - [2023-07-23T20:15:56.786+0000] {dagbag.py:541} INFO - Filling up the DagBag from /home/airflow/.local/lib/python3.9/site-packages/airflow/example_dags/example_trigger_target_dag.py
[2023-07-23T20:15:56.828+0000] {processor.py:836} INFO - DAG(s) dict_keys(['example_trigger_target_dag']) retrieved from /home/airflow/.local/lib/python3.9/site-packages/airflow/example_dags/example_trigger_target_dag.py
[2023-07-23T20:15:56.947+0000] {logging_mixin.py:150} INFO - [2023-07-23T20:15:56.946+0000] {dag.py:2742} INFO - Sync 1 DAGs
[2023-07-23T20:15:57.040+0000] {logging_mixin.py:150} INFO - [2023-07-23T20:15:57.040+0000] {dag.py:3504} INFO - Setting next_dagrun for example_trigger_target_dag to None, run_after=None
[2023-07-23T20:15:57.146+0000] {processor.py:179} INFO - Processing /home/airflow/.local/lib/python3.9/site-packages/airflow/example_dags/example_trigger_target_dag.py took 0.434 seconds
[2023-07-23T20:17:09.264+0000] {processor.py:157} INFO - Started process (PID=896) to work on /home/airflow/.local/lib/python3.9/site-packages/airflow/example_dags/example_trigger_target_dag.py
[2023-07-23T20:17:09.492+0000] {processor.py:826} INFO - Processing file /home/airflow/.local/lib/python3.9/site-packages/airflow/example_dags/example_trigger_target_dag.py for tasks to queue
[2023-07-23T20:17:09.493+0000] {logging_mixin.py:150} INFO - [2023-07-23T20:17:09.493+0000] {dagbag.py:541} INFO - Filling up the DagBag from /home/airflow/.local/lib/python3.9/site-packages/airflow/example_dags/example_trigger_target_dag.py
[2023-07-23T20:17:09.997+0000] {processor.py:836} INFO - DAG(s) dict_keys(['example_trigger_target_dag']) retrieved from /home/airflow/.local/lib/python3.9/site-packages/airflow/example_dags/example_trigger_target_dag.py
[2023-07-23T20:17:11.109+0000] {logging_mixin.py:150} INFO - [2023-07-23T20:17:11.109+0000] {dag.py:2742} INFO - Sync 1 DAGs
[2023-07-23T20:17:11.738+0000] {logging_mixin.py:150} INFO - [2023-07-23T20:17:11.738+0000] {dag.py:3504} INFO - Setting next_dagrun for example_trigger_target_dag to None, run_after=None
[2023-07-23T20:17:12.415+0000] {processor.py:179} INFO - Processing /home/airflow/.local/lib/python3.9/site-packages/airflow/example_dags/example_trigger_target_dag.py took 3.354 seconds
[2023-07-23T20:20:17.654+0000] {processor.py:157} INFO - Started process (PID=1022) to work on /home/airflow/.local/lib/python3.9/site-packages/airflow/example_dags/example_trigger_target_dag.py
[2023-07-23T20:20:17.698+0000] {processor.py:826} INFO - Processing file /home/airflow/.local/lib/python3.9/site-packages/airflow/example_dags/example_trigger_target_dag.py for tasks to queue
[2023-07-23T20:20:17.699+0000] {logging_mixin.py:150} INFO - [2023-07-23T20:20:17.699+0000] {dagbag.py:541} INFO - Filling up the DagBag from /home/airflow/.local/lib/python3.9/site-packages/airflow/example_dags/example_trigger_target_dag.py
[2023-07-23T20:20:17.739+0000] {processor.py:836} INFO - DAG(s) dict_keys(['example_trigger_target_dag']) retrieved from /home/airflow/.local/lib/python3.9/site-packages/airflow/example_dags/example_trigger_target_dag.py
[2023-07-23T20:20:17.856+0000] {logging_mixin.py:150} INFO - [2023-07-23T20:20:17.855+0000] {dag.py:2742} INFO - Sync 1 DAGs
[2023-07-23T20:20:18.006+0000] {logging_mixin.py:150} INFO - [2023-07-23T20:20:18.006+0000] {dag.py:3504} INFO - Setting next_dagrun for example_trigger_target_dag to None, run_after=None
[2023-07-23T20:20:18.064+0000] {processor.py:179} INFO - Processing /home/airflow/.local/lib/python3.9/site-packages/airflow/example_dags/example_trigger_target_dag.py took 0.415 seconds
[2023-07-23T20:20:50.031+0000] {processor.py:157} INFO - Started process (PID=1083) to work on /home/airflow/.local/lib/python3.9/site-packages/airflow/example_dags/example_trigger_target_dag.py
[2023-07-23T20:20:50.035+0000] {processor.py:826} INFO - Processing file /home/airflow/.local/lib/python3.9/site-packages/airflow/example_dags/example_trigger_target_dag.py for tasks to queue
[2023-07-23T20:20:50.036+0000] {logging_mixin.py:150} INFO - [2023-07-23T20:20:50.036+0000] {dagbag.py:541} INFO - Filling up the DagBag from /home/airflow/.local/lib/python3.9/site-packages/airflow/example_dags/example_trigger_target_dag.py
[2023-07-23T20:20:50.045+0000] {processor.py:836} INFO - DAG(s) dict_keys(['example_trigger_target_dag']) retrieved from /home/airflow/.local/lib/python3.9/site-packages/airflow/example_dags/example_trigger_target_dag.py
[2023-07-23T20:20:50.236+0000] {logging_mixin.py:150} INFO - [2023-07-23T20:20:50.235+0000] {dag.py:2742} INFO - Sync 1 DAGs
[2023-07-23T20:20:50.366+0000] {logging_mixin.py:150} INFO - [2023-07-23T20:20:50.366+0000] {dag.py:3504} INFO - Setting next_dagrun for example_trigger_target_dag to None, run_after=None
[2023-07-23T20:20:50.476+0000] {processor.py:179} INFO - Processing /home/airflow/.local/lib/python3.9/site-packages/airflow/example_dags/example_trigger_target_dag.py took 0.484 seconds
[2023-07-23T20:22:15.071+0000] {processor.py:157} INFO - Started process (PID=1174) to work on /home/airflow/.local/lib/python3.9/site-packages/airflow/example_dags/example_trigger_target_dag.py
[2023-07-23T20:22:15.107+0000] {processor.py:826} INFO - Processing file /home/airflow/.local/lib/python3.9/site-packages/airflow/example_dags/example_trigger_target_dag.py for tasks to queue
[2023-07-23T20:22:15.108+0000] {logging_mixin.py:150} INFO - [2023-07-23T20:22:15.108+0000] {dagbag.py:541} INFO - Filling up the DagBag from /home/airflow/.local/lib/python3.9/site-packages/airflow/example_dags/example_trigger_target_dag.py
[2023-07-23T20:22:15.503+0000] {processor.py:836} INFO - DAG(s) dict_keys(['example_trigger_target_dag']) retrieved from /home/airflow/.local/lib/python3.9/site-packages/airflow/example_dags/example_trigger_target_dag.py
[2023-07-23T20:22:16.787+0000] {logging_mixin.py:150} INFO - [2023-07-23T20:22:16.787+0000] {dag.py:2742} INFO - Sync 1 DAGs
[2023-07-23T20:22:17.472+0000] {logging_mixin.py:150} INFO - [2023-07-23T20:22:17.472+0000] {dag.py:3504} INFO - Setting next_dagrun for example_trigger_target_dag to None, run_after=None
[2023-07-23T20:22:18.018+0000] {processor.py:179} INFO - Processing /home/airflow/.local/lib/python3.9/site-packages/airflow/example_dags/example_trigger_target_dag.py took 2.951 seconds
[2023-07-23T20:25:19.194+0000] {processor.py:157} INFO - Started process (PID=1299) to work on /home/airflow/.local/lib/python3.9/site-packages/airflow/example_dags/example_trigger_target_dag.py
[2023-07-23T20:25:19.197+0000] {processor.py:826} INFO - Processing file /home/airflow/.local/lib/python3.9/site-packages/airflow/example_dags/example_trigger_target_dag.py for tasks to queue
[2023-07-23T20:25:19.225+0000] {logging_mixin.py:150} INFO - [2023-07-23T20:25:19.198+0000] {dagbag.py:541} INFO - Filling up the DagBag from /home/airflow/.local/lib/python3.9/site-packages/airflow/example_dags/example_trigger_target_dag.py
[2023-07-23T20:25:19.234+0000] {processor.py:836} INFO - DAG(s) dict_keys(['example_trigger_target_dag']) retrieved from /home/airflow/.local/lib/python3.9/site-packages/airflow/example_dags/example_trigger_target_dag.py
[2023-07-23T20:25:19.357+0000] {logging_mixin.py:150} INFO - [2023-07-23T20:25:19.356+0000] {dag.py:2742} INFO - Sync 1 DAGs
[2023-07-23T20:25:19.513+0000] {logging_mixin.py:150} INFO - [2023-07-23T20:25:19.513+0000] {dag.py:3504} INFO - Setting next_dagrun for example_trigger_target_dag to None, run_after=None
[2023-07-23T20:25:19.645+0000] {processor.py:179} INFO - Processing /home/airflow/.local/lib/python3.9/site-packages/airflow/example_dags/example_trigger_target_dag.py took 0.456 seconds
[2023-07-23T20:25:51.555+0000] {processor.py:157} INFO - Started process (PID=1361) to work on /home/airflow/.local/lib/python3.9/site-packages/airflow/example_dags/example_trigger_target_dag.py
[2023-07-23T20:25:51.557+0000] {processor.py:826} INFO - Processing file /home/airflow/.local/lib/python3.9/site-packages/airflow/example_dags/example_trigger_target_dag.py for tasks to queue
[2023-07-23T20:25:51.559+0000] {logging_mixin.py:150} INFO - [2023-07-23T20:25:51.558+0000] {dagbag.py:541} INFO - Filling up the DagBag from /home/airflow/.local/lib/python3.9/site-packages/airflow/example_dags/example_trigger_target_dag.py
[2023-07-23T20:25:51.573+0000] {processor.py:836} INFO - DAG(s) dict_keys(['example_trigger_target_dag']) retrieved from /home/airflow/.local/lib/python3.9/site-packages/airflow/example_dags/example_trigger_target_dag.py
[2023-07-23T20:25:51.632+0000] {logging_mixin.py:150} INFO - [2023-07-23T20:25:51.632+0000] {dag.py:2742} INFO - Sync 1 DAGs
[2023-07-23T20:25:51.679+0000] {logging_mixin.py:150} INFO - [2023-07-23T20:25:51.679+0000] {dag.py:3504} INFO - Setting next_dagrun for example_trigger_target_dag to None, run_after=None
[2023-07-23T20:25:51.727+0000] {processor.py:179} INFO - Processing /home/airflow/.local/lib/python3.9/site-packages/airflow/example_dags/example_trigger_target_dag.py took 0.194 seconds
[2023-07-23T20:27:44.432+0000] {processor.py:157} INFO - Started process (PID=1471) to work on /home/airflow/.local/lib/python3.9/site-packages/airflow/example_dags/example_trigger_target_dag.py
[2023-07-23T20:27:44.480+0000] {processor.py:826} INFO - Processing file /home/airflow/.local/lib/python3.9/site-packages/airflow/example_dags/example_trigger_target_dag.py for tasks to queue
[2023-07-23T20:27:44.481+0000] {logging_mixin.py:150} INFO - [2023-07-23T20:27:44.481+0000] {dagbag.py:541} INFO - Filling up the DagBag from /home/airflow/.local/lib/python3.9/site-packages/airflow/example_dags/example_trigger_target_dag.py
[2023-07-23T20:27:44.628+0000] {processor.py:836} INFO - DAG(s) dict_keys(['example_trigger_target_dag']) retrieved from /home/airflow/.local/lib/python3.9/site-packages/airflow/example_dags/example_trigger_target_dag.py
[2023-07-23T20:27:45.493+0000] {logging_mixin.py:150} INFO - [2023-07-23T20:27:45.459+0000] {dag.py:2742} INFO - Sync 1 DAGs
[2023-07-23T20:27:45.877+0000] {logging_mixin.py:150} INFO - [2023-07-23T20:27:45.876+0000] {dag.py:3504} INFO - Setting next_dagrun for example_trigger_target_dag to None, run_after=None
[2023-07-23T20:27:46.491+0000] {processor.py:179} INFO - Processing /home/airflow/.local/lib/python3.9/site-packages/airflow/example_dags/example_trigger_target_dag.py took 2.253 seconds
[2023-07-23T20:30:21.103+0000] {processor.py:157} INFO - Started process (PID=1589) to work on /home/airflow/.local/lib/python3.9/site-packages/airflow/example_dags/example_trigger_target_dag.py
[2023-07-23T20:30:21.122+0000] {processor.py:826} INFO - Processing file /home/airflow/.local/lib/python3.9/site-packages/airflow/example_dags/example_trigger_target_dag.py for tasks to queue
[2023-07-23T20:30:21.123+0000] {logging_mixin.py:150} INFO - [2023-07-23T20:30:21.123+0000] {dagbag.py:541} INFO - Filling up the DagBag from /home/airflow/.local/lib/python3.9/site-packages/airflow/example_dags/example_trigger_target_dag.py
[2023-07-23T20:30:21.162+0000] {processor.py:836} INFO - DAG(s) dict_keys(['example_trigger_target_dag']) retrieved from /home/airflow/.local/lib/python3.9/site-packages/airflow/example_dags/example_trigger_target_dag.py
[2023-07-23T20:30:21.380+0000] {logging_mixin.py:150} INFO - [2023-07-23T20:30:21.380+0000] {dag.py:2742} INFO - Sync 1 DAGs
[2023-07-23T20:30:21.513+0000] {logging_mixin.py:150} INFO - [2023-07-23T20:30:21.513+0000] {dag.py:3504} INFO - Setting next_dagrun for example_trigger_target_dag to None, run_after=None
[2023-07-23T20:30:21.636+0000] {processor.py:179} INFO - Processing /home/airflow/.local/lib/python3.9/site-packages/airflow/example_dags/example_trigger_target_dag.py took 0.582 seconds
[2023-07-23T20:30:52.484+0000] {processor.py:157} INFO - Started process (PID=1651) to work on /home/airflow/.local/lib/python3.9/site-packages/airflow/example_dags/example_trigger_target_dag.py
[2023-07-23T20:30:52.495+0000] {processor.py:826} INFO - Processing file /home/airflow/.local/lib/python3.9/site-packages/airflow/example_dags/example_trigger_target_dag.py for tasks to queue
[2023-07-23T20:30:52.496+0000] {logging_mixin.py:150} INFO - [2023-07-23T20:30:52.496+0000] {dagbag.py:541} INFO - Filling up the DagBag from /home/airflow/.local/lib/python3.9/site-packages/airflow/example_dags/example_trigger_target_dag.py
[2023-07-23T20:30:52.505+0000] {processor.py:836} INFO - DAG(s) dict_keys(['example_trigger_target_dag']) retrieved from /home/airflow/.local/lib/python3.9/site-packages/airflow/example_dags/example_trigger_target_dag.py
[2023-07-23T20:30:52.656+0000] {logging_mixin.py:150} INFO - [2023-07-23T20:30:52.656+0000] {dag.py:2742} INFO - Sync 1 DAGs
[2023-07-23T20:30:52.806+0000] {logging_mixin.py:150} INFO - [2023-07-23T20:30:52.806+0000] {dag.py:3504} INFO - Setting next_dagrun for example_trigger_target_dag to None, run_after=None
[2023-07-23T20:30:52.974+0000] {processor.py:179} INFO - Processing /home/airflow/.local/lib/python3.9/site-packages/airflow/example_dags/example_trigger_target_dag.py took 0.495 seconds
[2023-07-23T20:31:36.159+0000] {processor.py:157} INFO - Started process (PID=1713) to work on /home/airflow/.local/lib/python3.9/site-packages/airflow/example_dags/example_trigger_target_dag.py
[2023-07-23T20:31:36.201+0000] {processor.py:826} INFO - Processing file /home/airflow/.local/lib/python3.9/site-packages/airflow/example_dags/example_trigger_target_dag.py for tasks to queue
[2023-07-23T20:31:36.203+0000] {logging_mixin.py:150} INFO - [2023-07-23T20:31:36.202+0000] {dagbag.py:541} INFO - Filling up the DagBag from /home/airflow/.local/lib/python3.9/site-packages/airflow/example_dags/example_trigger_target_dag.py
[2023-07-23T20:31:36.526+0000] {processor.py:836} INFO - DAG(s) dict_keys(['example_trigger_target_dag']) retrieved from /home/airflow/.local/lib/python3.9/site-packages/airflow/example_dags/example_trigger_target_dag.py
[2023-07-23T20:31:37.441+0000] {logging_mixin.py:150} INFO - [2023-07-23T20:31:37.441+0000] {dag.py:2742} INFO - Sync 1 DAGs
[2023-07-23T20:31:38.091+0000] {logging_mixin.py:150} INFO - [2023-07-23T20:31:38.091+0000] {dag.py:3504} INFO - Setting next_dagrun for example_trigger_target_dag to None, run_after=None
[2023-07-23T20:31:39.361+0000] {processor.py:179} INFO - Processing /home/airflow/.local/lib/python3.9/site-packages/airflow/example_dags/example_trigger_target_dag.py took 3.255 seconds
