[2023-07-23T19:28:21.571+0000] {processor.py:157} INFO - Started process (PID=72) to work on /home/airflow/.local/lib/python3.9/site-packages/airflow/example_dags/example_python_operator.py
[2023-07-23T19:28:21.572+0000] {processor.py:826} INFO - Processing file /home/airflow/.local/lib/python3.9/site-packages/airflow/example_dags/example_python_operator.py for tasks to queue
[2023-07-23T19:28:21.573+0000] {logging_mixin.py:150} INFO - [2023-07-23T19:28:21.573+0000] {dagbag.py:541} INFO - Filling up the DagBag from /home/airflow/.local/lib/python3.9/site-packages/airflow/example_dags/example_python_operator.py
[2023-07-23T19:28:21.707+0000] {processor.py:836} INFO - DAG(s) dict_keys(['example_python_operator']) retrieved from /home/airflow/.local/lib/python3.9/site-packages/airflow/example_dags/example_python_operator.py
[2023-07-23T19:28:22.753+0000] {logging_mixin.py:150} INFO - [2023-07-23T19:28:22.753+0000] {dag.py:2742} INFO - Sync 1 DAGs
[2023-07-23T19:28:22.826+0000] {logging_mixin.py:150} INFO - [2023-07-23T19:28:22.826+0000] {dag.py:3504} INFO - Setting next_dagrun for example_python_operator to None, run_after=None
[2023-07-23T19:28:22.887+0000] {processor.py:179} INFO - Processing /home/airflow/.local/lib/python3.9/site-packages/airflow/example_dags/example_python_operator.py took 1.320 seconds
[2023-07-23T19:28:53.234+0000] {processor.py:157} INFO - Started process (PID=133) to work on /home/airflow/.local/lib/python3.9/site-packages/airflow/example_dags/example_python_operator.py
[2023-07-23T19:28:53.243+0000] {processor.py:826} INFO - Processing file /home/airflow/.local/lib/python3.9/site-packages/airflow/example_dags/example_python_operator.py for tasks to queue
[2023-07-23T19:28:53.244+0000] {logging_mixin.py:150} INFO - [2023-07-23T19:28:53.244+0000] {dagbag.py:541} INFO - Filling up the DagBag from /home/airflow/.local/lib/python3.9/site-packages/airflow/example_dags/example_python_operator.py
[2023-07-23T19:28:53.316+0000] {processor.py:836} INFO - DAG(s) dict_keys(['example_python_operator']) retrieved from /home/airflow/.local/lib/python3.9/site-packages/airflow/example_dags/example_python_operator.py
[2023-07-23T19:28:53.438+0000] {logging_mixin.py:150} INFO - [2023-07-23T19:28:53.437+0000] {dag.py:2742} INFO - Sync 1 DAGs
[2023-07-23T19:28:53.586+0000] {logging_mixin.py:150} INFO - [2023-07-23T19:28:53.586+0000] {dag.py:3504} INFO - Setting next_dagrun for example_python_operator to None, run_after=None
[2023-07-23T19:28:53.683+0000] {processor.py:179} INFO - Processing /home/airflow/.local/lib/python3.9/site-packages/airflow/example_dags/example_python_operator.py took 0.453 seconds
[2023-07-23T19:29:24.274+0000] {processor.py:157} INFO - Started process (PID=195) to work on /home/airflow/.local/lib/python3.9/site-packages/airflow/example_dags/example_python_operator.py
[2023-07-23T19:29:24.287+0000] {processor.py:826} INFO - Processing file /home/airflow/.local/lib/python3.9/site-packages/airflow/example_dags/example_python_operator.py for tasks to queue
[2023-07-23T19:29:24.288+0000] {logging_mixin.py:150} INFO - [2023-07-23T19:29:24.287+0000] {dagbag.py:541} INFO - Filling up the DagBag from /home/airflow/.local/lib/python3.9/site-packages/airflow/example_dags/example_python_operator.py
[2023-07-23T19:29:24.309+0000] {processor.py:836} INFO - DAG(s) dict_keys(['example_python_operator']) retrieved from /home/airflow/.local/lib/python3.9/site-packages/airflow/example_dags/example_python_operator.py
[2023-07-23T19:29:24.376+0000] {logging_mixin.py:150} INFO - [2023-07-23T19:29:24.375+0000] {dag.py:2742} INFO - Sync 1 DAGs
[2023-07-23T19:29:24.427+0000] {logging_mixin.py:150} INFO - [2023-07-23T19:29:24.427+0000] {dag.py:3504} INFO - Setting next_dagrun for example_python_operator to None, run_after=None
[2023-07-23T19:29:24.485+0000] {processor.py:179} INFO - Processing /home/airflow/.local/lib/python3.9/site-packages/airflow/example_dags/example_python_operator.py took 0.214 seconds
[2023-07-23T19:29:54.924+0000] {processor.py:157} INFO - Started process (PID=256) to work on /home/airflow/.local/lib/python3.9/site-packages/airflow/example_dags/example_python_operator.py
[2023-07-23T19:29:54.935+0000] {processor.py:826} INFO - Processing file /home/airflow/.local/lib/python3.9/site-packages/airflow/example_dags/example_python_operator.py for tasks to queue
[2023-07-23T19:29:54.937+0000] {logging_mixin.py:150} INFO - [2023-07-23T19:29:54.936+0000] {dagbag.py:541} INFO - Filling up the DagBag from /home/airflow/.local/lib/python3.9/site-packages/airflow/example_dags/example_python_operator.py
[2023-07-23T19:29:54.978+0000] {processor.py:836} INFO - DAG(s) dict_keys(['example_python_operator']) retrieved from /home/airflow/.local/lib/python3.9/site-packages/airflow/example_dags/example_python_operator.py
[2023-07-23T19:29:55.076+0000] {logging_mixin.py:150} INFO - [2023-07-23T19:29:55.075+0000] {dag.py:2742} INFO - Sync 1 DAGs
[2023-07-23T19:29:55.155+0000] {logging_mixin.py:150} INFO - [2023-07-23T19:29:55.146+0000] {dag.py:3504} INFO - Setting next_dagrun for example_python_operator to None, run_after=None
[2023-07-23T19:29:55.236+0000] {processor.py:179} INFO - Processing /home/airflow/.local/lib/python3.9/site-packages/airflow/example_dags/example_python_operator.py took 0.316 seconds
[2023-07-23T19:30:25.756+0000] {processor.py:157} INFO - Started process (PID=318) to work on /home/airflow/.local/lib/python3.9/site-packages/airflow/example_dags/example_python_operator.py
[2023-07-23T19:30:25.759+0000] {processor.py:826} INFO - Processing file /home/airflow/.local/lib/python3.9/site-packages/airflow/example_dags/example_python_operator.py for tasks to queue
[2023-07-23T19:30:25.760+0000] {logging_mixin.py:150} INFO - [2023-07-23T19:30:25.760+0000] {dagbag.py:541} INFO - Filling up the DagBag from /home/airflow/.local/lib/python3.9/site-packages/airflow/example_dags/example_python_operator.py
[2023-07-23T19:30:25.785+0000] {processor.py:836} INFO - DAG(s) dict_keys(['example_python_operator']) retrieved from /home/airflow/.local/lib/python3.9/site-packages/airflow/example_dags/example_python_operator.py
[2023-07-23T19:30:25.836+0000] {logging_mixin.py:150} INFO - [2023-07-23T19:30:25.836+0000] {dag.py:2742} INFO - Sync 1 DAGs
[2023-07-23T19:30:25.869+0000] {logging_mixin.py:150} INFO - [2023-07-23T19:30:25.869+0000] {dag.py:3504} INFO - Setting next_dagrun for example_python_operator to None, run_after=None
[2023-07-23T19:30:25.914+0000] {processor.py:179} INFO - Processing /home/airflow/.local/lib/python3.9/site-packages/airflow/example_dags/example_python_operator.py took 0.163 seconds
[2023-07-23T19:30:57.583+0000] {processor.py:157} INFO - Started process (PID=380) to work on /home/airflow/.local/lib/python3.9/site-packages/airflow/example_dags/example_python_operator.py
[2023-07-23T19:30:57.600+0000] {processor.py:826} INFO - Processing file /home/airflow/.local/lib/python3.9/site-packages/airflow/example_dags/example_python_operator.py for tasks to queue
[2023-07-23T19:30:57.601+0000] {logging_mixin.py:150} INFO - [2023-07-23T19:30:57.600+0000] {dagbag.py:541} INFO - Filling up the DagBag from /home/airflow/.local/lib/python3.9/site-packages/airflow/example_dags/example_python_operator.py
[2023-07-23T19:30:57.625+0000] {processor.py:836} INFO - DAG(s) dict_keys(['example_python_operator']) retrieved from /home/airflow/.local/lib/python3.9/site-packages/airflow/example_dags/example_python_operator.py
[2023-07-23T19:30:57.655+0000] {logging_mixin.py:150} INFO - [2023-07-23T19:30:57.655+0000] {dag.py:2742} INFO - Sync 1 DAGs
[2023-07-23T19:30:57.683+0000] {logging_mixin.py:150} INFO - [2023-07-23T19:30:57.682+0000] {dag.py:3504} INFO - Setting next_dagrun for example_python_operator to None, run_after=None
[2023-07-23T19:30:57.763+0000] {processor.py:179} INFO - Processing /home/airflow/.local/lib/python3.9/site-packages/airflow/example_dags/example_python_operator.py took 0.185 seconds
[2023-07-23T19:31:29.111+0000] {processor.py:157} INFO - Started process (PID=442) to work on /home/airflow/.local/lib/python3.9/site-packages/airflow/example_dags/example_python_operator.py
[2023-07-23T19:31:29.114+0000] {processor.py:826} INFO - Processing file /home/airflow/.local/lib/python3.9/site-packages/airflow/example_dags/example_python_operator.py for tasks to queue
[2023-07-23T19:31:29.115+0000] {logging_mixin.py:150} INFO - [2023-07-23T19:31:29.115+0000] {dagbag.py:541} INFO - Filling up the DagBag from /home/airflow/.local/lib/python3.9/site-packages/airflow/example_dags/example_python_operator.py
[2023-07-23T19:31:29.145+0000] {processor.py:836} INFO - DAG(s) dict_keys(['example_python_operator']) retrieved from /home/airflow/.local/lib/python3.9/site-packages/airflow/example_dags/example_python_operator.py
[2023-07-23T19:31:29.187+0000] {logging_mixin.py:150} INFO - [2023-07-23T19:31:29.187+0000] {dag.py:2742} INFO - Sync 1 DAGs
[2023-07-23T19:31:29.230+0000] {logging_mixin.py:150} INFO - [2023-07-23T19:31:29.230+0000] {dag.py:3504} INFO - Setting next_dagrun for example_python_operator to None, run_after=None
[2023-07-23T19:31:29.257+0000] {processor.py:179} INFO - Processing /home/airflow/.local/lib/python3.9/site-packages/airflow/example_dags/example_python_operator.py took 0.150 seconds
[2023-07-23T19:32:01.265+0000] {processor.py:157} INFO - Started process (PID=503) to work on /home/airflow/.local/lib/python3.9/site-packages/airflow/example_dags/example_python_operator.py
[2023-07-23T19:32:01.271+0000] {processor.py:826} INFO - Processing file /home/airflow/.local/lib/python3.9/site-packages/airflow/example_dags/example_python_operator.py for tasks to queue
[2023-07-23T19:32:01.272+0000] {logging_mixin.py:150} INFO - [2023-07-23T19:32:01.271+0000] {dagbag.py:541} INFO - Filling up the DagBag from /home/airflow/.local/lib/python3.9/site-packages/airflow/example_dags/example_python_operator.py
[2023-07-23T19:32:01.295+0000] {processor.py:836} INFO - DAG(s) dict_keys(['example_python_operator']) retrieved from /home/airflow/.local/lib/python3.9/site-packages/airflow/example_dags/example_python_operator.py
[2023-07-23T19:32:01.402+0000] {logging_mixin.py:150} INFO - [2023-07-23T19:32:01.402+0000] {dag.py:2742} INFO - Sync 1 DAGs
[2023-07-23T19:32:01.470+0000] {logging_mixin.py:150} INFO - [2023-07-23T19:32:01.470+0000] {dag.py:3504} INFO - Setting next_dagrun for example_python_operator to None, run_after=None
[2023-07-23T19:32:01.528+0000] {processor.py:179} INFO - Processing /home/airflow/.local/lib/python3.9/site-packages/airflow/example_dags/example_python_operator.py took 0.275 seconds
[2023-07-23T19:32:32.393+0000] {processor.py:157} INFO - Started process (PID=565) to work on /home/airflow/.local/lib/python3.9/site-packages/airflow/example_dags/example_python_operator.py
[2023-07-23T19:32:32.405+0000] {processor.py:826} INFO - Processing file /home/airflow/.local/lib/python3.9/site-packages/airflow/example_dags/example_python_operator.py for tasks to queue
[2023-07-23T19:32:32.406+0000] {logging_mixin.py:150} INFO - [2023-07-23T19:32:32.406+0000] {dagbag.py:541} INFO - Filling up the DagBag from /home/airflow/.local/lib/python3.9/site-packages/airflow/example_dags/example_python_operator.py
[2023-07-23T19:32:32.429+0000] {processor.py:836} INFO - DAG(s) dict_keys(['example_python_operator']) retrieved from /home/airflow/.local/lib/python3.9/site-packages/airflow/example_dags/example_python_operator.py
[2023-07-23T19:32:32.532+0000] {logging_mixin.py:150} INFO - [2023-07-23T19:32:32.532+0000] {dag.py:2742} INFO - Sync 1 DAGs
[2023-07-23T19:32:32.600+0000] {logging_mixin.py:150} INFO - [2023-07-23T19:32:32.599+0000] {dag.py:3504} INFO - Setting next_dagrun for example_python_operator to None, run_after=None
[2023-07-23T19:32:32.637+0000] {processor.py:179} INFO - Processing /home/airflow/.local/lib/python3.9/site-packages/airflow/example_dags/example_python_operator.py took 0.248 seconds
[2023-07-23T19:33:03.677+0000] {processor.py:157} INFO - Started process (PID=628) to work on /home/airflow/.local/lib/python3.9/site-packages/airflow/example_dags/example_python_operator.py
[2023-07-23T19:33:03.682+0000] {processor.py:826} INFO - Processing file /home/airflow/.local/lib/python3.9/site-packages/airflow/example_dags/example_python_operator.py for tasks to queue
[2023-07-23T19:33:03.683+0000] {logging_mixin.py:150} INFO - [2023-07-23T19:33:03.682+0000] {dagbag.py:541} INFO - Filling up the DagBag from /home/airflow/.local/lib/python3.9/site-packages/airflow/example_dags/example_python_operator.py
[2023-07-23T19:33:03.712+0000] {processor.py:836} INFO - DAG(s) dict_keys(['example_python_operator']) retrieved from /home/airflow/.local/lib/python3.9/site-packages/airflow/example_dags/example_python_operator.py
[2023-07-23T19:33:03.786+0000] {logging_mixin.py:150} INFO - [2023-07-23T19:33:03.786+0000] {dag.py:2742} INFO - Sync 1 DAGs
[2023-07-23T19:33:03.839+0000] {logging_mixin.py:150} INFO - [2023-07-23T19:33:03.839+0000] {dag.py:3504} INFO - Setting next_dagrun for example_python_operator to None, run_after=None
[2023-07-23T19:33:03.880+0000] {processor.py:179} INFO - Processing /home/airflow/.local/lib/python3.9/site-packages/airflow/example_dags/example_python_operator.py took 0.208 seconds
[2023-07-23T19:41:36.540+0000] {processor.py:157} INFO - Started process (PID=73) to work on /home/airflow/.local/lib/python3.9/site-packages/airflow/example_dags/example_python_operator.py
[2023-07-23T19:41:36.542+0000] {processor.py:826} INFO - Processing file /home/airflow/.local/lib/python3.9/site-packages/airflow/example_dags/example_python_operator.py for tasks to queue
[2023-07-23T19:41:36.545+0000] {logging_mixin.py:150} INFO - [2023-07-23T19:41:36.543+0000] {dagbag.py:541} INFO - Filling up the DagBag from /home/airflow/.local/lib/python3.9/site-packages/airflow/example_dags/example_python_operator.py
[2023-07-23T19:41:36.605+0000] {processor.py:836} INFO - DAG(s) dict_keys(['example_python_operator']) retrieved from /home/airflow/.local/lib/python3.9/site-packages/airflow/example_dags/example_python_operator.py
[2023-07-23T19:41:37.448+0000] {logging_mixin.py:150} INFO - [2023-07-23T19:41:37.447+0000] {dag.py:2742} INFO - Sync 1 DAGs
[2023-07-23T19:41:37.554+0000] {logging_mixin.py:150} INFO - [2023-07-23T19:41:37.553+0000] {dag.py:3504} INFO - Setting next_dagrun for example_python_operator to None, run_after=None
[2023-07-23T19:41:37.635+0000] {processor.py:179} INFO - Processing /home/airflow/.local/lib/python3.9/site-packages/airflow/example_dags/example_python_operator.py took 1.099 seconds
[2023-07-23T19:42:08.221+0000] {processor.py:157} INFO - Started process (PID=134) to work on /home/airflow/.local/lib/python3.9/site-packages/airflow/example_dags/example_python_operator.py
[2023-07-23T19:42:08.226+0000] {processor.py:826} INFO - Processing file /home/airflow/.local/lib/python3.9/site-packages/airflow/example_dags/example_python_operator.py for tasks to queue
[2023-07-23T19:42:08.226+0000] {logging_mixin.py:150} INFO - [2023-07-23T19:42:08.226+0000] {dagbag.py:541} INFO - Filling up the DagBag from /home/airflow/.local/lib/python3.9/site-packages/airflow/example_dags/example_python_operator.py
[2023-07-23T19:42:08.251+0000] {processor.py:836} INFO - DAG(s) dict_keys(['example_python_operator']) retrieved from /home/airflow/.local/lib/python3.9/site-packages/airflow/example_dags/example_python_operator.py
[2023-07-23T19:42:08.318+0000] {logging_mixin.py:150} INFO - [2023-07-23T19:42:08.317+0000] {dag.py:2742} INFO - Sync 1 DAGs
[2023-07-23T19:42:08.356+0000] {logging_mixin.py:150} INFO - [2023-07-23T19:42:08.356+0000] {dag.py:3504} INFO - Setting next_dagrun for example_python_operator to None, run_after=None
[2023-07-23T19:42:08.385+0000] {processor.py:179} INFO - Processing /home/airflow/.local/lib/python3.9/site-packages/airflow/example_dags/example_python_operator.py took 0.172 seconds
[2023-07-23T19:42:39.322+0000] {processor.py:157} INFO - Started process (PID=195) to work on /home/airflow/.local/lib/python3.9/site-packages/airflow/example_dags/example_python_operator.py
[2023-07-23T19:42:39.334+0000] {processor.py:826} INFO - Processing file /home/airflow/.local/lib/python3.9/site-packages/airflow/example_dags/example_python_operator.py for tasks to queue
[2023-07-23T19:42:39.334+0000] {logging_mixin.py:150} INFO - [2023-07-23T19:42:39.334+0000] {dagbag.py:541} INFO - Filling up the DagBag from /home/airflow/.local/lib/python3.9/site-packages/airflow/example_dags/example_python_operator.py
[2023-07-23T19:42:39.362+0000] {processor.py:836} INFO - DAG(s) dict_keys(['example_python_operator']) retrieved from /home/airflow/.local/lib/python3.9/site-packages/airflow/example_dags/example_python_operator.py
[2023-07-23T19:42:39.410+0000] {logging_mixin.py:150} INFO - [2023-07-23T19:42:39.410+0000] {dag.py:2742} INFO - Sync 1 DAGs
[2023-07-23T19:42:39.460+0000] {logging_mixin.py:150} INFO - [2023-07-23T19:42:39.460+0000] {dag.py:3504} INFO - Setting next_dagrun for example_python_operator to None, run_after=None
[2023-07-23T19:42:39.496+0000] {processor.py:179} INFO - Processing /home/airflow/.local/lib/python3.9/site-packages/airflow/example_dags/example_python_operator.py took 0.177 seconds
[2023-07-23T19:43:10.234+0000] {processor.py:157} INFO - Started process (PID=256) to work on /home/airflow/.local/lib/python3.9/site-packages/airflow/example_dags/example_python_operator.py
[2023-07-23T19:43:10.245+0000] {processor.py:826} INFO - Processing file /home/airflow/.local/lib/python3.9/site-packages/airflow/example_dags/example_python_operator.py for tasks to queue
[2023-07-23T19:43:10.246+0000] {logging_mixin.py:150} INFO - [2023-07-23T19:43:10.246+0000] {dagbag.py:541} INFO - Filling up the DagBag from /home/airflow/.local/lib/python3.9/site-packages/airflow/example_dags/example_python_operator.py
[2023-07-23T19:43:10.280+0000] {processor.py:836} INFO - DAG(s) dict_keys(['example_python_operator']) retrieved from /home/airflow/.local/lib/python3.9/site-packages/airflow/example_dags/example_python_operator.py
[2023-07-23T19:43:10.354+0000] {logging_mixin.py:150} INFO - [2023-07-23T19:43:10.353+0000] {dag.py:2742} INFO - Sync 1 DAGs
[2023-07-23T19:43:10.426+0000] {logging_mixin.py:150} INFO - [2023-07-23T19:43:10.426+0000] {dag.py:3504} INFO - Setting next_dagrun for example_python_operator to None, run_after=None
[2023-07-23T19:43:10.476+0000] {processor.py:179} INFO - Processing /home/airflow/.local/lib/python3.9/site-packages/airflow/example_dags/example_python_operator.py took 0.246 seconds
[2023-07-23T19:43:43.152+0000] {processor.py:157} INFO - Started process (PID=318) to work on /home/airflow/.local/lib/python3.9/site-packages/airflow/example_dags/example_python_operator.py
[2023-07-23T19:43:43.155+0000] {processor.py:826} INFO - Processing file /home/airflow/.local/lib/python3.9/site-packages/airflow/example_dags/example_python_operator.py for tasks to queue
[2023-07-23T19:43:43.157+0000] {logging_mixin.py:150} INFO - [2023-07-23T19:43:43.156+0000] {dagbag.py:541} INFO - Filling up the DagBag from /home/airflow/.local/lib/python3.9/site-packages/airflow/example_dags/example_python_operator.py
[2023-07-23T19:43:43.193+0000] {processor.py:836} INFO - DAG(s) dict_keys(['example_python_operator']) retrieved from /home/airflow/.local/lib/python3.9/site-packages/airflow/example_dags/example_python_operator.py
[2023-07-23T19:43:43.278+0000] {logging_mixin.py:150} INFO - [2023-07-23T19:43:43.277+0000] {dag.py:2742} INFO - Sync 1 DAGs
[2023-07-23T19:43:43.363+0000] {logging_mixin.py:150} INFO - [2023-07-23T19:43:43.363+0000] {dag.py:3504} INFO - Setting next_dagrun for example_python_operator to None, run_after=None
[2023-07-23T19:43:43.429+0000] {processor.py:179} INFO - Processing /home/airflow/.local/lib/python3.9/site-packages/airflow/example_dags/example_python_operator.py took 0.287 seconds
[2023-07-23T19:44:15.384+0000] {processor.py:157} INFO - Started process (PID=379) to work on /home/airflow/.local/lib/python3.9/site-packages/airflow/example_dags/example_python_operator.py
[2023-07-23T19:44:15.395+0000] {processor.py:826} INFO - Processing file /home/airflow/.local/lib/python3.9/site-packages/airflow/example_dags/example_python_operator.py for tasks to queue
[2023-07-23T19:44:15.396+0000] {logging_mixin.py:150} INFO - [2023-07-23T19:44:15.396+0000] {dagbag.py:541} INFO - Filling up the DagBag from /home/airflow/.local/lib/python3.9/site-packages/airflow/example_dags/example_python_operator.py
[2023-07-23T19:44:15.441+0000] {processor.py:836} INFO - DAG(s) dict_keys(['example_python_operator']) retrieved from /home/airflow/.local/lib/python3.9/site-packages/airflow/example_dags/example_python_operator.py
[2023-07-23T19:44:15.522+0000] {logging_mixin.py:150} INFO - [2023-07-23T19:44:15.521+0000] {dag.py:2742} INFO - Sync 1 DAGs
[2023-07-23T19:44:15.637+0000] {logging_mixin.py:150} INFO - [2023-07-23T19:44:15.637+0000] {dag.py:3504} INFO - Setting next_dagrun for example_python_operator to None, run_after=None
[2023-07-23T19:44:15.693+0000] {processor.py:179} INFO - Processing /home/airflow/.local/lib/python3.9/site-packages/airflow/example_dags/example_python_operator.py took 0.313 seconds
[2023-07-23T19:44:45.768+0000] {processor.py:157} INFO - Started process (PID=433) to work on /home/airflow/.local/lib/python3.9/site-packages/airflow/example_dags/example_python_operator.py
[2023-07-23T19:44:45.771+0000] {processor.py:826} INFO - Processing file /home/airflow/.local/lib/python3.9/site-packages/airflow/example_dags/example_python_operator.py for tasks to queue
[2023-07-23T19:44:45.786+0000] {logging_mixin.py:150} INFO - [2023-07-23T19:44:45.786+0000] {dagbag.py:541} INFO - Filling up the DagBag from /home/airflow/.local/lib/python3.9/site-packages/airflow/example_dags/example_python_operator.py
[2023-07-23T19:44:45.810+0000] {processor.py:836} INFO - DAG(s) dict_keys(['example_python_operator']) retrieved from /home/airflow/.local/lib/python3.9/site-packages/airflow/example_dags/example_python_operator.py
[2023-07-23T19:44:45.896+0000] {logging_mixin.py:150} INFO - [2023-07-23T19:44:45.896+0000] {dag.py:2742} INFO - Sync 1 DAGs
[2023-07-23T19:44:45.986+0000] {logging_mixin.py:150} INFO - [2023-07-23T19:44:45.986+0000] {dag.py:3504} INFO - Setting next_dagrun for example_python_operator to None, run_after=None
[2023-07-23T19:44:46.042+0000] {processor.py:179} INFO - Processing /home/airflow/.local/lib/python3.9/site-packages/airflow/example_dags/example_python_operator.py took 0.278 seconds
[2023-07-23T19:45:16.504+0000] {processor.py:157} INFO - Started process (PID=493) to work on /home/airflow/.local/lib/python3.9/site-packages/airflow/example_dags/example_python_operator.py
[2023-07-23T19:45:16.545+0000] {processor.py:826} INFO - Processing file /home/airflow/.local/lib/python3.9/site-packages/airflow/example_dags/example_python_operator.py for tasks to queue
[2023-07-23T19:45:16.546+0000] {logging_mixin.py:150} INFO - [2023-07-23T19:45:16.546+0000] {dagbag.py:541} INFO - Filling up the DagBag from /home/airflow/.local/lib/python3.9/site-packages/airflow/example_dags/example_python_operator.py
[2023-07-23T19:45:16.601+0000] {processor.py:836} INFO - DAG(s) dict_keys(['example_python_operator']) retrieved from /home/airflow/.local/lib/python3.9/site-packages/airflow/example_dags/example_python_operator.py
[2023-07-23T19:45:16.766+0000] {logging_mixin.py:150} INFO - [2023-07-23T19:45:16.765+0000] {dag.py:2742} INFO - Sync 1 DAGs
[2023-07-23T19:45:16.891+0000] {logging_mixin.py:150} INFO - [2023-07-23T19:45:16.891+0000] {dag.py:3504} INFO - Setting next_dagrun for example_python_operator to None, run_after=None
[2023-07-23T19:45:17.006+0000] {processor.py:179} INFO - Processing /home/airflow/.local/lib/python3.9/site-packages/airflow/example_dags/example_python_operator.py took 0.506 seconds
[2023-07-23T19:45:47.430+0000] {processor.py:157} INFO - Started process (PID=554) to work on /home/airflow/.local/lib/python3.9/site-packages/airflow/example_dags/example_python_operator.py
[2023-07-23T19:45:47.431+0000] {processor.py:826} INFO - Processing file /home/airflow/.local/lib/python3.9/site-packages/airflow/example_dags/example_python_operator.py for tasks to queue
[2023-07-23T19:45:47.432+0000] {logging_mixin.py:150} INFO - [2023-07-23T19:45:47.432+0000] {dagbag.py:541} INFO - Filling up the DagBag from /home/airflow/.local/lib/python3.9/site-packages/airflow/example_dags/example_python_operator.py
[2023-07-23T19:45:47.551+0000] {processor.py:836} INFO - DAG(s) dict_keys(['example_python_operator']) retrieved from /home/airflow/.local/lib/python3.9/site-packages/airflow/example_dags/example_python_operator.py
[2023-07-23T19:45:47.736+0000] {logging_mixin.py:150} INFO - [2023-07-23T19:45:47.735+0000] {dag.py:2742} INFO - Sync 1 DAGs
[2023-07-23T19:45:47.916+0000] {logging_mixin.py:150} INFO - [2023-07-23T19:45:47.916+0000] {dag.py:3504} INFO - Setting next_dagrun for example_python_operator to None, run_after=None
[2023-07-23T19:45:48.073+0000] {processor.py:179} INFO - Processing /home/airflow/.local/lib/python3.9/site-packages/airflow/example_dags/example_python_operator.py took 0.647 seconds
[2023-07-23T19:46:18.673+0000] {processor.py:157} INFO - Started process (PID=616) to work on /home/airflow/.local/lib/python3.9/site-packages/airflow/example_dags/example_python_operator.py
[2023-07-23T19:46:18.691+0000] {processor.py:826} INFO - Processing file /home/airflow/.local/lib/python3.9/site-packages/airflow/example_dags/example_python_operator.py for tasks to queue
[2023-07-23T19:46:18.691+0000] {logging_mixin.py:150} INFO - [2023-07-23T19:46:18.691+0000] {dagbag.py:541} INFO - Filling up the DagBag from /home/airflow/.local/lib/python3.9/site-packages/airflow/example_dags/example_python_operator.py
[2023-07-23T19:46:18.747+0000] {processor.py:836} INFO - DAG(s) dict_keys(['example_python_operator']) retrieved from /home/airflow/.local/lib/python3.9/site-packages/airflow/example_dags/example_python_operator.py
[2023-07-23T19:46:18.886+0000] {logging_mixin.py:150} INFO - [2023-07-23T19:46:18.885+0000] {dag.py:2742} INFO - Sync 1 DAGs
[2023-07-23T19:46:18.976+0000] {logging_mixin.py:150} INFO - [2023-07-23T19:46:18.976+0000] {dag.py:3504} INFO - Setting next_dagrun for example_python_operator to None, run_after=None
[2023-07-23T19:46:19.069+0000] {processor.py:179} INFO - Processing /home/airflow/.local/lib/python3.9/site-packages/airflow/example_dags/example_python_operator.py took 0.400 seconds
[2023-07-23T19:46:49.548+0000] {processor.py:157} INFO - Started process (PID=677) to work on /home/airflow/.local/lib/python3.9/site-packages/airflow/example_dags/example_python_operator.py
[2023-07-23T19:46:49.555+0000] {processor.py:826} INFO - Processing file /home/airflow/.local/lib/python3.9/site-packages/airflow/example_dags/example_python_operator.py for tasks to queue
[2023-07-23T19:46:49.556+0000] {logging_mixin.py:150} INFO - [2023-07-23T19:46:49.556+0000] {dagbag.py:541} INFO - Filling up the DagBag from /home/airflow/.local/lib/python3.9/site-packages/airflow/example_dags/example_python_operator.py
[2023-07-23T19:46:49.587+0000] {processor.py:836} INFO - DAG(s) dict_keys(['example_python_operator']) retrieved from /home/airflow/.local/lib/python3.9/site-packages/airflow/example_dags/example_python_operator.py
[2023-07-23T19:46:49.662+0000] {logging_mixin.py:150} INFO - [2023-07-23T19:46:49.661+0000] {dag.py:2742} INFO - Sync 1 DAGs
[2023-07-23T19:46:49.710+0000] {logging_mixin.py:150} INFO - [2023-07-23T19:46:49.710+0000] {dag.py:3504} INFO - Setting next_dagrun for example_python_operator to None, run_after=None
[2023-07-23T19:46:49.778+0000] {processor.py:179} INFO - Processing /home/airflow/.local/lib/python3.9/site-packages/airflow/example_dags/example_python_operator.py took 0.233 seconds
[2023-07-23T19:47:20.414+0000] {processor.py:157} INFO - Started process (PID=739) to work on /home/airflow/.local/lib/python3.9/site-packages/airflow/example_dags/example_python_operator.py
[2023-07-23T19:47:20.425+0000] {processor.py:826} INFO - Processing file /home/airflow/.local/lib/python3.9/site-packages/airflow/example_dags/example_python_operator.py for tasks to queue
[2023-07-23T19:47:20.426+0000] {logging_mixin.py:150} INFO - [2023-07-23T19:47:20.426+0000] {dagbag.py:541} INFO - Filling up the DagBag from /home/airflow/.local/lib/python3.9/site-packages/airflow/example_dags/example_python_operator.py
[2023-07-23T19:47:20.472+0000] {processor.py:836} INFO - DAG(s) dict_keys(['example_python_operator']) retrieved from /home/airflow/.local/lib/python3.9/site-packages/airflow/example_dags/example_python_operator.py
[2023-07-23T19:47:20.600+0000] {logging_mixin.py:150} INFO - [2023-07-23T19:47:20.599+0000] {dag.py:2742} INFO - Sync 1 DAGs
[2023-07-23T19:47:20.719+0000] {logging_mixin.py:150} INFO - [2023-07-23T19:47:20.718+0000] {dag.py:3504} INFO - Setting next_dagrun for example_python_operator to None, run_after=None
[2023-07-23T19:47:20.804+0000] {processor.py:179} INFO - Processing /home/airflow/.local/lib/python3.9/site-packages/airflow/example_dags/example_python_operator.py took 0.395 seconds
[2023-07-23T19:47:51.154+0000] {processor.py:157} INFO - Started process (PID=801) to work on /home/airflow/.local/lib/python3.9/site-packages/airflow/example_dags/example_python_operator.py
[2023-07-23T19:47:51.165+0000] {processor.py:826} INFO - Processing file /home/airflow/.local/lib/python3.9/site-packages/airflow/example_dags/example_python_operator.py for tasks to queue
[2023-07-23T19:47:51.166+0000] {logging_mixin.py:150} INFO - [2023-07-23T19:47:51.166+0000] {dagbag.py:541} INFO - Filling up the DagBag from /home/airflow/.local/lib/python3.9/site-packages/airflow/example_dags/example_python_operator.py
[2023-07-23T19:47:51.233+0000] {processor.py:836} INFO - DAG(s) dict_keys(['example_python_operator']) retrieved from /home/airflow/.local/lib/python3.9/site-packages/airflow/example_dags/example_python_operator.py
[2023-07-23T19:47:51.481+0000] {logging_mixin.py:150} INFO - [2023-07-23T19:47:51.481+0000] {dag.py:2742} INFO - Sync 1 DAGs
[2023-07-23T19:47:51.640+0000] {logging_mixin.py:150} INFO - [2023-07-23T19:47:51.639+0000] {dag.py:3504} INFO - Setting next_dagrun for example_python_operator to None, run_after=None
[2023-07-23T19:47:51.710+0000] {processor.py:179} INFO - Processing /home/airflow/.local/lib/python3.9/site-packages/airflow/example_dags/example_python_operator.py took 0.587 seconds
[2023-07-23T19:48:22.303+0000] {processor.py:157} INFO - Started process (PID=863) to work on /home/airflow/.local/lib/python3.9/site-packages/airflow/example_dags/example_python_operator.py
[2023-07-23T19:48:22.315+0000] {processor.py:826} INFO - Processing file /home/airflow/.local/lib/python3.9/site-packages/airflow/example_dags/example_python_operator.py for tasks to queue
[2023-07-23T19:48:22.316+0000] {logging_mixin.py:150} INFO - [2023-07-23T19:48:22.316+0000] {dagbag.py:541} INFO - Filling up the DagBag from /home/airflow/.local/lib/python3.9/site-packages/airflow/example_dags/example_python_operator.py
[2023-07-23T19:48:22.370+0000] {processor.py:836} INFO - DAG(s) dict_keys(['example_python_operator']) retrieved from /home/airflow/.local/lib/python3.9/site-packages/airflow/example_dags/example_python_operator.py
[2023-07-23T19:48:22.542+0000] {logging_mixin.py:150} INFO - [2023-07-23T19:48:22.542+0000] {dag.py:2742} INFO - Sync 1 DAGs
[2023-07-23T19:48:22.698+0000] {logging_mixin.py:150} INFO - [2023-07-23T19:48:22.698+0000] {dag.py:3504} INFO - Setting next_dagrun for example_python_operator to None, run_after=None
[2023-07-23T19:48:22.766+0000] {processor.py:179} INFO - Processing /home/airflow/.local/lib/python3.9/site-packages/airflow/example_dags/example_python_operator.py took 0.506 seconds
[2023-07-23T19:48:53.105+0000] {processor.py:157} INFO - Started process (PID=918) to work on /home/airflow/.local/lib/python3.9/site-packages/airflow/example_dags/example_python_operator.py
[2023-07-23T19:48:53.126+0000] {processor.py:826} INFO - Processing file /home/airflow/.local/lib/python3.9/site-packages/airflow/example_dags/example_python_operator.py for tasks to queue
[2023-07-23T19:48:53.127+0000] {logging_mixin.py:150} INFO - [2023-07-23T19:48:53.127+0000] {dagbag.py:541} INFO - Filling up the DagBag from /home/airflow/.local/lib/python3.9/site-packages/airflow/example_dags/example_python_operator.py
[2023-07-23T19:48:53.171+0000] {processor.py:836} INFO - DAG(s) dict_keys(['example_python_operator']) retrieved from /home/airflow/.local/lib/python3.9/site-packages/airflow/example_dags/example_python_operator.py
[2023-07-23T19:48:53.308+0000] {logging_mixin.py:150} INFO - [2023-07-23T19:48:53.307+0000] {dag.py:2742} INFO - Sync 1 DAGs
[2023-07-23T19:48:53.456+0000] {logging_mixin.py:150} INFO - [2023-07-23T19:48:53.456+0000] {dag.py:3504} INFO - Setting next_dagrun for example_python_operator to None, run_after=None
[2023-07-23T19:48:53.512+0000] {processor.py:179} INFO - Processing /home/airflow/.local/lib/python3.9/site-packages/airflow/example_dags/example_python_operator.py took 0.412 seconds
[2023-07-23T19:49:23.864+0000] {processor.py:157} INFO - Started process (PID=979) to work on /home/airflow/.local/lib/python3.9/site-packages/airflow/example_dags/example_python_operator.py
[2023-07-23T19:49:23.873+0000] {processor.py:826} INFO - Processing file /home/airflow/.local/lib/python3.9/site-packages/airflow/example_dags/example_python_operator.py for tasks to queue
[2023-07-23T19:49:23.874+0000] {logging_mixin.py:150} INFO - [2023-07-23T19:49:23.874+0000] {dagbag.py:541} INFO - Filling up the DagBag from /home/airflow/.local/lib/python3.9/site-packages/airflow/example_dags/example_python_operator.py
[2023-07-23T19:49:23.905+0000] {processor.py:836} INFO - DAG(s) dict_keys(['example_python_operator']) retrieved from /home/airflow/.local/lib/python3.9/site-packages/airflow/example_dags/example_python_operator.py
[2023-07-23T19:49:23.996+0000] {logging_mixin.py:150} INFO - [2023-07-23T19:49:23.996+0000] {dag.py:2742} INFO - Sync 1 DAGs
[2023-07-23T19:49:24.070+0000] {logging_mixin.py:150} INFO - [2023-07-23T19:49:24.070+0000] {dag.py:3504} INFO - Setting next_dagrun for example_python_operator to None, run_after=None
[2023-07-23T19:49:24.144+0000] {processor.py:179} INFO - Processing /home/airflow/.local/lib/python3.9/site-packages/airflow/example_dags/example_python_operator.py took 0.284 seconds
[2023-07-23T19:49:54.343+0000] {processor.py:157} INFO - Started process (PID=1041) to work on /home/airflow/.local/lib/python3.9/site-packages/airflow/example_dags/example_python_operator.py
[2023-07-23T19:49:54.365+0000] {processor.py:826} INFO - Processing file /home/airflow/.local/lib/python3.9/site-packages/airflow/example_dags/example_python_operator.py for tasks to queue
[2023-07-23T19:49:54.366+0000] {logging_mixin.py:150} INFO - [2023-07-23T19:49:54.366+0000] {dagbag.py:541} INFO - Filling up the DagBag from /home/airflow/.local/lib/python3.9/site-packages/airflow/example_dags/example_python_operator.py
[2023-07-23T19:49:54.437+0000] {processor.py:836} INFO - DAG(s) dict_keys(['example_python_operator']) retrieved from /home/airflow/.local/lib/python3.9/site-packages/airflow/example_dags/example_python_operator.py
[2023-07-23T19:49:54.529+0000] {logging_mixin.py:150} INFO - [2023-07-23T19:49:54.529+0000] {dag.py:2742} INFO - Sync 1 DAGs
[2023-07-23T19:49:54.626+0000] {logging_mixin.py:150} INFO - [2023-07-23T19:49:54.626+0000] {dag.py:3504} INFO - Setting next_dagrun for example_python_operator to None, run_after=None
[2023-07-23T19:49:54.733+0000] {processor.py:179} INFO - Processing /home/airflow/.local/lib/python3.9/site-packages/airflow/example_dags/example_python_operator.py took 0.421 seconds
[2023-07-23T19:50:24.999+0000] {processor.py:157} INFO - Started process (PID=1102) to work on /home/airflow/.local/lib/python3.9/site-packages/airflow/example_dags/example_python_operator.py
[2023-07-23T19:50:25.015+0000] {processor.py:826} INFO - Processing file /home/airflow/.local/lib/python3.9/site-packages/airflow/example_dags/example_python_operator.py for tasks to queue
[2023-07-23T19:50:25.016+0000] {logging_mixin.py:150} INFO - [2023-07-23T19:50:25.016+0000] {dagbag.py:541} INFO - Filling up the DagBag from /home/airflow/.local/lib/python3.9/site-packages/airflow/example_dags/example_python_operator.py
[2023-07-23T19:50:25.136+0000] {processor.py:836} INFO - DAG(s) dict_keys(['example_python_operator']) retrieved from /home/airflow/.local/lib/python3.9/site-packages/airflow/example_dags/example_python_operator.py
[2023-07-23T19:50:25.296+0000] {logging_mixin.py:150} INFO - [2023-07-23T19:50:25.296+0000] {dag.py:2742} INFO - Sync 1 DAGs
[2023-07-23T19:50:25.486+0000] {logging_mixin.py:150} INFO - [2023-07-23T19:50:25.486+0000] {dag.py:3504} INFO - Setting next_dagrun for example_python_operator to None, run_after=None
[2023-07-23T19:50:25.765+0000] {processor.py:179} INFO - Processing /home/airflow/.local/lib/python3.9/site-packages/airflow/example_dags/example_python_operator.py took 0.781 seconds
[2023-07-23T19:50:57.771+0000] {processor.py:157} INFO - Started process (PID=1157) to work on /home/airflow/.local/lib/python3.9/site-packages/airflow/example_dags/example_python_operator.py
[2023-07-23T19:50:57.826+0000] {processor.py:826} INFO - Processing file /home/airflow/.local/lib/python3.9/site-packages/airflow/example_dags/example_python_operator.py for tasks to queue
[2023-07-23T19:50:57.827+0000] {logging_mixin.py:150} INFO - [2023-07-23T19:50:57.826+0000] {dagbag.py:541} INFO - Filling up the DagBag from /home/airflow/.local/lib/python3.9/site-packages/airflow/example_dags/example_python_operator.py
[2023-07-23T19:50:57.861+0000] {processor.py:836} INFO - DAG(s) dict_keys(['example_python_operator']) retrieved from /home/airflow/.local/lib/python3.9/site-packages/airflow/example_dags/example_python_operator.py
[2023-07-23T19:50:58.066+0000] {logging_mixin.py:150} INFO - [2023-07-23T19:50:58.066+0000] {dag.py:2742} INFO - Sync 1 DAGs
[2023-07-23T19:50:58.186+0000] {logging_mixin.py:150} INFO - [2023-07-23T19:50:58.186+0000] {dag.py:3504} INFO - Setting next_dagrun for example_python_operator to None, run_after=None
[2023-07-23T19:50:58.333+0000] {processor.py:179} INFO - Processing /home/airflow/.local/lib/python3.9/site-packages/airflow/example_dags/example_python_operator.py took 0.566 seconds
[2023-07-23T19:51:29.710+0000] {processor.py:157} INFO - Started process (PID=1217) to work on /home/airflow/.local/lib/python3.9/site-packages/airflow/example_dags/example_python_operator.py
[2023-07-23T19:51:29.725+0000] {processor.py:826} INFO - Processing file /home/airflow/.local/lib/python3.9/site-packages/airflow/example_dags/example_python_operator.py for tasks to queue
[2023-07-23T19:51:29.726+0000] {logging_mixin.py:150} INFO - [2023-07-23T19:51:29.726+0000] {dagbag.py:541} INFO - Filling up the DagBag from /home/airflow/.local/lib/python3.9/site-packages/airflow/example_dags/example_python_operator.py
[2023-07-23T19:51:29.761+0000] {processor.py:836} INFO - DAG(s) dict_keys(['example_python_operator']) retrieved from /home/airflow/.local/lib/python3.9/site-packages/airflow/example_dags/example_python_operator.py
[2023-07-23T19:51:29.946+0000] {logging_mixin.py:150} INFO - [2023-07-23T19:51:29.945+0000] {dag.py:2742} INFO - Sync 1 DAGs
[2023-07-23T19:51:30.066+0000] {logging_mixin.py:150} INFO - [2023-07-23T19:51:30.066+0000] {dag.py:3504} INFO - Setting next_dagrun for example_python_operator to None, run_after=None
[2023-07-23T19:51:30.189+0000] {processor.py:179} INFO - Processing /home/airflow/.local/lib/python3.9/site-packages/airflow/example_dags/example_python_operator.py took 0.484 seconds
[2023-07-23T19:52:00.374+0000] {processor.py:157} INFO - Started process (PID=1278) to work on /home/airflow/.local/lib/python3.9/site-packages/airflow/example_dags/example_python_operator.py
[2023-07-23T19:52:00.407+0000] {processor.py:826} INFO - Processing file /home/airflow/.local/lib/python3.9/site-packages/airflow/example_dags/example_python_operator.py for tasks to queue
[2023-07-23T19:52:00.409+0000] {logging_mixin.py:150} INFO - [2023-07-23T19:52:00.408+0000] {dagbag.py:541} INFO - Filling up the DagBag from /home/airflow/.local/lib/python3.9/site-packages/airflow/example_dags/example_python_operator.py
[2023-07-23T19:52:00.453+0000] {processor.py:836} INFO - DAG(s) dict_keys(['example_python_operator']) retrieved from /home/airflow/.local/lib/python3.9/site-packages/airflow/example_dags/example_python_operator.py
[2023-07-23T19:52:00.656+0000] {logging_mixin.py:150} INFO - [2023-07-23T19:52:00.656+0000] {dag.py:2742} INFO - Sync 1 DAGs
[2023-07-23T19:52:00.701+0000] {logging_mixin.py:150} INFO - [2023-07-23T19:52:00.700+0000] {dag.py:3504} INFO - Setting next_dagrun for example_python_operator to None, run_after=None
[2023-07-23T19:52:00.751+0000] {processor.py:179} INFO - Processing /home/airflow/.local/lib/python3.9/site-packages/airflow/example_dags/example_python_operator.py took 0.395 seconds
[2023-07-23T19:52:31.223+0000] {processor.py:157} INFO - Started process (PID=1333) to work on /home/airflow/.local/lib/python3.9/site-packages/airflow/example_dags/example_python_operator.py
[2023-07-23T19:52:31.235+0000] {processor.py:826} INFO - Processing file /home/airflow/.local/lib/python3.9/site-packages/airflow/example_dags/example_python_operator.py for tasks to queue
[2023-07-23T19:52:31.236+0000] {logging_mixin.py:150} INFO - [2023-07-23T19:52:31.236+0000] {dagbag.py:541} INFO - Filling up the DagBag from /home/airflow/.local/lib/python3.9/site-packages/airflow/example_dags/example_python_operator.py
[2023-07-23T19:52:31.265+0000] {processor.py:836} INFO - DAG(s) dict_keys(['example_python_operator']) retrieved from /home/airflow/.local/lib/python3.9/site-packages/airflow/example_dags/example_python_operator.py
[2023-07-23T19:52:31.336+0000] {logging_mixin.py:150} INFO - [2023-07-23T19:52:31.335+0000] {dag.py:2742} INFO - Sync 1 DAGs
[2023-07-23T19:52:31.387+0000] {logging_mixin.py:150} INFO - [2023-07-23T19:52:31.387+0000] {dag.py:3504} INFO - Setting next_dagrun for example_python_operator to None, run_after=None
[2023-07-23T19:52:31.437+0000] {processor.py:179} INFO - Processing /home/airflow/.local/lib/python3.9/site-packages/airflow/example_dags/example_python_operator.py took 0.218 seconds
[2023-07-23T19:53:08.524+0000] {processor.py:157} INFO - Started process (PID=1393) to work on /home/airflow/.local/lib/python3.9/site-packages/airflow/example_dags/example_python_operator.py
[2023-07-23T19:53:08.555+0000] {processor.py:826} INFO - Processing file /home/airflow/.local/lib/python3.9/site-packages/airflow/example_dags/example_python_operator.py for tasks to queue
[2023-07-23T19:53:08.557+0000] {logging_mixin.py:150} INFO - [2023-07-23T19:53:08.556+0000] {dagbag.py:541} INFO - Filling up the DagBag from /home/airflow/.local/lib/python3.9/site-packages/airflow/example_dags/example_python_operator.py
[2023-07-23T19:53:08.818+0000] {processor.py:836} INFO - DAG(s) dict_keys(['example_python_operator']) retrieved from /home/airflow/.local/lib/python3.9/site-packages/airflow/example_dags/example_python_operator.py
[2023-07-23T19:53:09.007+0000] {logging_mixin.py:150} INFO - [2023-07-23T19:53:09.007+0000] {dag.py:2742} INFO - Sync 1 DAGs
[2023-07-23T19:53:09.226+0000] {logging_mixin.py:150} INFO - [2023-07-23T19:53:09.226+0000] {dag.py:3504} INFO - Setting next_dagrun for example_python_operator to None, run_after=None
[2023-07-23T19:53:09.417+0000] {processor.py:179} INFO - Processing /home/airflow/.local/lib/python3.9/site-packages/airflow/example_dags/example_python_operator.py took 0.897 seconds
[2023-07-23T19:53:40.208+0000] {processor.py:157} INFO - Started process (PID=1455) to work on /home/airflow/.local/lib/python3.9/site-packages/airflow/example_dags/example_python_operator.py
[2023-07-23T19:53:40.214+0000] {processor.py:826} INFO - Processing file /home/airflow/.local/lib/python3.9/site-packages/airflow/example_dags/example_python_operator.py for tasks to queue
[2023-07-23T19:53:40.215+0000] {logging_mixin.py:150} INFO - [2023-07-23T19:53:40.214+0000] {dagbag.py:541} INFO - Filling up the DagBag from /home/airflow/.local/lib/python3.9/site-packages/airflow/example_dags/example_python_operator.py
[2023-07-23T19:53:40.270+0000] {processor.py:836} INFO - DAG(s) dict_keys(['example_python_operator']) retrieved from /home/airflow/.local/lib/python3.9/site-packages/airflow/example_dags/example_python_operator.py
[2023-07-23T19:53:40.416+0000] {logging_mixin.py:150} INFO - [2023-07-23T19:53:40.416+0000] {dag.py:2742} INFO - Sync 1 DAGs
[2023-07-23T19:53:40.522+0000] {logging_mixin.py:150} INFO - [2023-07-23T19:53:40.522+0000] {dag.py:3504} INFO - Setting next_dagrun for example_python_operator to None, run_after=None
[2023-07-23T19:53:40.655+0000] {processor.py:179} INFO - Processing /home/airflow/.local/lib/python3.9/site-packages/airflow/example_dags/example_python_operator.py took 0.475 seconds
[2023-07-23T19:54:11.314+0000] {processor.py:157} INFO - Started process (PID=1517) to work on /home/airflow/.local/lib/python3.9/site-packages/airflow/example_dags/example_python_operator.py
[2023-07-23T19:54:11.345+0000] {processor.py:826} INFO - Processing file /home/airflow/.local/lib/python3.9/site-packages/airflow/example_dags/example_python_operator.py for tasks to queue
[2023-07-23T19:54:11.346+0000] {logging_mixin.py:150} INFO - [2023-07-23T19:54:11.346+0000] {dagbag.py:541} INFO - Filling up the DagBag from /home/airflow/.local/lib/python3.9/site-packages/airflow/example_dags/example_python_operator.py
[2023-07-23T19:54:11.370+0000] {processor.py:836} INFO - DAG(s) dict_keys(['example_python_operator']) retrieved from /home/airflow/.local/lib/python3.9/site-packages/airflow/example_dags/example_python_operator.py
[2023-07-23T19:54:11.474+0000] {logging_mixin.py:150} INFO - [2023-07-23T19:54:11.474+0000] {dag.py:2742} INFO - Sync 1 DAGs
[2023-07-23T19:54:11.570+0000] {logging_mixin.py:150} INFO - [2023-07-23T19:54:11.570+0000] {dag.py:3504} INFO - Setting next_dagrun for example_python_operator to None, run_after=None
[2023-07-23T19:54:11.639+0000] {processor.py:179} INFO - Processing /home/airflow/.local/lib/python3.9/site-packages/airflow/example_dags/example_python_operator.py took 0.329 seconds
[2023-07-23T19:54:41.983+0000] {processor.py:157} INFO - Started process (PID=1578) to work on /home/airflow/.local/lib/python3.9/site-packages/airflow/example_dags/example_python_operator.py
[2023-07-23T19:54:42.000+0000] {processor.py:826} INFO - Processing file /home/airflow/.local/lib/python3.9/site-packages/airflow/example_dags/example_python_operator.py for tasks to queue
[2023-07-23T19:54:42.001+0000] {logging_mixin.py:150} INFO - [2023-07-23T19:54:42.000+0000] {dagbag.py:541} INFO - Filling up the DagBag from /home/airflow/.local/lib/python3.9/site-packages/airflow/example_dags/example_python_operator.py
[2023-07-23T19:54:42.034+0000] {processor.py:836} INFO - DAG(s) dict_keys(['example_python_operator']) retrieved from /home/airflow/.local/lib/python3.9/site-packages/airflow/example_dags/example_python_operator.py
[2023-07-23T19:54:42.117+0000] {logging_mixin.py:150} INFO - [2023-07-23T19:54:42.116+0000] {dag.py:2742} INFO - Sync 1 DAGs
[2023-07-23T19:54:42.246+0000] {logging_mixin.py:150} INFO - [2023-07-23T19:54:42.246+0000] {dag.py:3504} INFO - Setting next_dagrun for example_python_operator to None, run_after=None
[2023-07-23T19:54:42.316+0000] {processor.py:179} INFO - Processing /home/airflow/.local/lib/python3.9/site-packages/airflow/example_dags/example_python_operator.py took 0.338 seconds
[2023-07-23T19:55:14.589+0000] {processor.py:157} INFO - Started process (PID=1641) to work on /home/airflow/.local/lib/python3.9/site-packages/airflow/example_dags/example_python_operator.py
[2023-07-23T19:55:14.605+0000] {processor.py:826} INFO - Processing file /home/airflow/.local/lib/python3.9/site-packages/airflow/example_dags/example_python_operator.py for tasks to queue
[2023-07-23T19:55:14.606+0000] {logging_mixin.py:150} INFO - [2023-07-23T19:55:14.606+0000] {dagbag.py:541} INFO - Filling up the DagBag from /home/airflow/.local/lib/python3.9/site-packages/airflow/example_dags/example_python_operator.py
[2023-07-23T19:55:14.671+0000] {processor.py:836} INFO - DAG(s) dict_keys(['example_python_operator']) retrieved from /home/airflow/.local/lib/python3.9/site-packages/airflow/example_dags/example_python_operator.py
[2023-07-23T19:55:14.856+0000] {logging_mixin.py:150} INFO - [2023-07-23T19:55:14.856+0000] {dag.py:2742} INFO - Sync 1 DAGs
[2023-07-23T19:55:15.070+0000] {logging_mixin.py:150} INFO - [2023-07-23T19:55:15.068+0000] {dag.py:3504} INFO - Setting next_dagrun for example_python_operator to None, run_after=None
[2023-07-23T19:55:15.215+0000] {processor.py:179} INFO - Processing /home/airflow/.local/lib/python3.9/site-packages/airflow/example_dags/example_python_operator.py took 0.672 seconds
[2023-07-23T19:55:46.620+0000] {processor.py:157} INFO - Started process (PID=1704) to work on /home/airflow/.local/lib/python3.9/site-packages/airflow/example_dags/example_python_operator.py
[2023-07-23T19:55:46.656+0000] {processor.py:826} INFO - Processing file /home/airflow/.local/lib/python3.9/site-packages/airflow/example_dags/example_python_operator.py for tasks to queue
[2023-07-23T19:55:46.657+0000] {logging_mixin.py:150} INFO - [2023-07-23T19:55:46.657+0000] {dagbag.py:541} INFO - Filling up the DagBag from /home/airflow/.local/lib/python3.9/site-packages/airflow/example_dags/example_python_operator.py
[2023-07-23T19:55:46.725+0000] {processor.py:836} INFO - DAG(s) dict_keys(['example_python_operator']) retrieved from /home/airflow/.local/lib/python3.9/site-packages/airflow/example_dags/example_python_operator.py
[2023-07-23T19:55:46.936+0000] {logging_mixin.py:150} INFO - [2023-07-23T19:55:46.936+0000] {dag.py:2742} INFO - Sync 1 DAGs
[2023-07-23T19:55:47.096+0000] {logging_mixin.py:150} INFO - [2023-07-23T19:55:47.096+0000] {dag.py:3504} INFO - Setting next_dagrun for example_python_operator to None, run_after=None
[2023-07-23T19:55:47.297+0000] {processor.py:179} INFO - Processing /home/airflow/.local/lib/python3.9/site-packages/airflow/example_dags/example_python_operator.py took 0.695 seconds
[2023-07-23T19:56:18.253+0000] {processor.py:157} INFO - Started process (PID=1758) to work on /home/airflow/.local/lib/python3.9/site-packages/airflow/example_dags/example_python_operator.py
[2023-07-23T19:56:18.265+0000] {processor.py:826} INFO - Processing file /home/airflow/.local/lib/python3.9/site-packages/airflow/example_dags/example_python_operator.py for tasks to queue
[2023-07-23T19:56:18.273+0000] {logging_mixin.py:150} INFO - [2023-07-23T19:56:18.273+0000] {dagbag.py:541} INFO - Filling up the DagBag from /home/airflow/.local/lib/python3.9/site-packages/airflow/example_dags/example_python_operator.py
[2023-07-23T19:56:18.311+0000] {processor.py:836} INFO - DAG(s) dict_keys(['example_python_operator']) retrieved from /home/airflow/.local/lib/python3.9/site-packages/airflow/example_dags/example_python_operator.py
[2023-07-23T19:56:18.400+0000] {logging_mixin.py:150} INFO - [2023-07-23T19:56:18.400+0000] {dag.py:2742} INFO - Sync 1 DAGs
[2023-07-23T19:56:18.578+0000] {logging_mixin.py:150} INFO - [2023-07-23T19:56:18.578+0000] {dag.py:3504} INFO - Setting next_dagrun for example_python_operator to None, run_after=None
[2023-07-23T19:56:18.666+0000] {processor.py:179} INFO - Processing /home/airflow/.local/lib/python3.9/site-packages/airflow/example_dags/example_python_operator.py took 0.418 seconds
[2023-07-23T19:56:48.991+0000] {processor.py:157} INFO - Started process (PID=1825) to work on /home/airflow/.local/lib/python3.9/site-packages/airflow/example_dags/example_python_operator.py
[2023-07-23T19:56:49.016+0000] {processor.py:826} INFO - Processing file /home/airflow/.local/lib/python3.9/site-packages/airflow/example_dags/example_python_operator.py for tasks to queue
[2023-07-23T19:56:49.017+0000] {logging_mixin.py:150} INFO - [2023-07-23T19:56:49.016+0000] {dagbag.py:541} INFO - Filling up the DagBag from /home/airflow/.local/lib/python3.9/site-packages/airflow/example_dags/example_python_operator.py
[2023-07-23T19:56:49.078+0000] {processor.py:836} INFO - DAG(s) dict_keys(['example_python_operator']) retrieved from /home/airflow/.local/lib/python3.9/site-packages/airflow/example_dags/example_python_operator.py
[2023-07-23T19:56:49.216+0000] {logging_mixin.py:150} INFO - [2023-07-23T19:56:49.215+0000] {dag.py:2742} INFO - Sync 1 DAGs
[2023-07-23T19:56:49.340+0000] {logging_mixin.py:150} INFO - [2023-07-23T19:56:49.340+0000] {dag.py:3504} INFO - Setting next_dagrun for example_python_operator to None, run_after=None
[2023-07-23T19:56:49.509+0000] {processor.py:179} INFO - Processing /home/airflow/.local/lib/python3.9/site-packages/airflow/example_dags/example_python_operator.py took 0.523 seconds
[2023-07-23T19:57:39.680+0000] {processor.py:157} INFO - Started process (PID=1881) to work on /home/airflow/.local/lib/python3.9/site-packages/airflow/example_dags/example_python_operator.py
[2023-07-23T19:57:39.695+0000] {processor.py:826} INFO - Processing file /home/airflow/.local/lib/python3.9/site-packages/airflow/example_dags/example_python_operator.py for tasks to queue
[2023-07-23T19:57:39.696+0000] {logging_mixin.py:150} INFO - [2023-07-23T19:57:39.696+0000] {dagbag.py:541} INFO - Filling up the DagBag from /home/airflow/.local/lib/python3.9/site-packages/airflow/example_dags/example_python_operator.py
[2023-07-23T19:57:40.144+0000] {processor.py:836} INFO - DAG(s) dict_keys(['example_python_operator']) retrieved from /home/airflow/.local/lib/python3.9/site-packages/airflow/example_dags/example_python_operator.py
[2023-07-23T19:57:41.297+0000] {logging_mixin.py:150} INFO - [2023-07-23T19:57:41.296+0000] {dag.py:2742} INFO - Sync 1 DAGs
[2023-07-23T19:57:41.868+0000] {logging_mixin.py:150} INFO - [2023-07-23T19:57:41.867+0000] {dag.py:3504} INFO - Setting next_dagrun for example_python_operator to None, run_after=None
[2023-07-23T19:57:42.377+0000] {processor.py:179} INFO - Processing /home/airflow/.local/lib/python3.9/site-packages/airflow/example_dags/example_python_operator.py took 2.748 seconds
[2023-07-23T20:01:15.479+0000] {processor.py:157} INFO - Started process (PID=87) to work on /home/airflow/.local/lib/python3.9/site-packages/airflow/example_dags/example_python_operator.py
[2023-07-23T20:01:15.480+0000] {processor.py:826} INFO - Processing file /home/airflow/.local/lib/python3.9/site-packages/airflow/example_dags/example_python_operator.py for tasks to queue
[2023-07-23T20:01:15.481+0000] {logging_mixin.py:150} INFO - [2023-07-23T20:01:15.481+0000] {dagbag.py:541} INFO - Filling up the DagBag from /home/airflow/.local/lib/python3.9/site-packages/airflow/example_dags/example_python_operator.py
[2023-07-23T20:01:15.563+0000] {processor.py:836} INFO - DAG(s) dict_keys(['example_python_operator']) retrieved from /home/airflow/.local/lib/python3.9/site-packages/airflow/example_dags/example_python_operator.py
[2023-07-23T20:01:16.881+0000] {logging_mixin.py:150} INFO - [2023-07-23T20:01:16.827+0000] {dagbag.py:649} ERROR - Failed to write serialized DAG: /home/airflow/.local/lib/python3.9/site-packages/airflow/example_dags/example_python_operator.py
Traceback (most recent call last):
  File "/home/airflow/.local/lib/python3.9/site-packages/airflow/models/dagbag.py", line 644, in _serialize_dag_capturing_errors
    DagBag._sync_perm_for_dag(dag, session=session)
  File "/home/airflow/.local/lib/python3.9/site-packages/airflow/utils/session.py", line 73, in wrapper
    return func(*args, **kwargs)
  File "/home/airflow/.local/lib/python3.9/site-packages/airflow/models/dagbag.py", line 698, in _sync_perm_for_dag
    security_manager.sync_perm_for_dag(root_dag_id, dag.access_control)
  File "/home/airflow/.local/lib/python3.9/site-packages/airflow/www/security.py", line 656, in sync_perm_for_dag
    self.create_permission(dag_action_name, dag_resource_name)
  File "/home/airflow/.local/lib/python3.9/site-packages/airflow/www/fab_security/sqla/manager.py", line 494, in create_permission
    perm = self.get_permission(action_name, resource_name)
  File "/home/airflow/.local/lib/python3.9/site-packages/airflow/www/fab_security/sqla/manager.py", line 464, in get_permission
    action = self.get_action(action_name)
  File "/home/airflow/.local/lib/python3.9/site-packages/airflow/www/fab_security/sqla/manager.py", line 281, in get_action
    return self.get_session.query(self.action_model).filter_by(name=name).one_or_none()
  File "/home/airflow/.local/lib/python3.9/site-packages/sqlalchemy/orm/session.py", line 2046, in query
    return self._query_cls(entities, self, **kwargs)
  File "/home/airflow/.local/lib/python3.9/site-packages/sqlalchemy/orm/query.py", line 173, in __init__
    self._set_entities(entities)
  File "/home/airflow/.local/lib/python3.9/site-packages/sqlalchemy/orm/query.py", line 180, in _set_entities
    self._raw_columns = [
  File "/home/airflow/.local/lib/python3.9/site-packages/sqlalchemy/orm/query.py", line 181, in <listcomp>
    coercions.expect(
  File "/home/airflow/.local/lib/python3.9/site-packages/sqlalchemy/sql/coercions.py", line 160, in expect
    insp._post_inspect
  File "/home/airflow/.local/lib/python3.9/site-packages/sqlalchemy/util/langhelpers.py", line 1162, in __get__
    obj.__dict__[self.__name__] = result = self.fget(obj)
  File "/home/airflow/.local/lib/python3.9/site-packages/sqlalchemy/orm/mapper.py", line 2097, in _post_inspect
    self._check_configure()
  File "/home/airflow/.local/lib/python3.9/site-packages/sqlalchemy/orm/mapper.py", line 1874, in _check_configure
    _configure_registries({self.registry}, cascade=True)
  File "/home/airflow/.local/lib/python3.9/site-packages/sqlalchemy/orm/mapper.py", line 3381, in _configure_registries
    _do_configure_registries(registries, cascade)
  File "/home/airflow/.local/lib/python3.9/site-packages/sqlalchemy/orm/mapper.py", line 3420, in _do_configure_registries
    mapper._post_configure_properties()
  File "/home/airflow/.local/lib/python3.9/site-packages/sqlalchemy/orm/mapper.py", line 1891, in _post_configure_properties
    prop.init()
  File "/home/airflow/.local/lib/python3.9/site-packages/sqlalchemy/orm/interfaces.py", line 227, in init
    self.do_init()
  File "/home/airflow/.local/lib/python3.9/site-packages/sqlalchemy/orm/relationships.py", line 2133, in do_init
    self._setup_join_conditions()
  File "/home/airflow/.local/lib/python3.9/site-packages/sqlalchemy/orm/relationships.py", line 2229, in _setup_join_conditions
    self._join_condition = jc = JoinCondition(
  File "/home/airflow/.local/lib/python3.9/site-packages/sqlalchemy/orm/relationships.py", line 2624, in __init__
    self._determine_joins()
  File "/home/airflow/.local/lib/python3.9/site-packages/sqlalchemy/orm/relationships.py", line 2720, in _determine_joins
    self.secondaryjoin = join_condition(
  File "<string>", line 2, in join_condition
  File "/home/airflow/.local/lib/python3.9/site-packages/sqlalchemy/sql/selectable.py", line 1186, in _join_condition
    constraints = cls._joincond_scan_left_right(
  File "/home/airflow/.local/lib/python3.9/site-packages/sqlalchemy/sql/selectable.py", line 1255, in _joincond_scan_left_right
    col = fk.get_referent(left)
  File "/home/airflow/.local/lib/python3.9/site-packages/sqlalchemy/sql/schema.py", line 2232, in get_referent
    return table.corresponding_column(self.column)
  File "/home/airflow/.local/lib/python3.9/site-packages/sqlalchemy/util/langhelpers.py", line 1095, in __get__
    obj.__dict__[self.__name__] = result = self.fget(obj)
  File "/home/airflow/.local/lib/python3.9/site-packages/sqlalchemy/sql/schema.py", line 2373, in column
    raise exc.NoReferencedTableError(
sqlalchemy.exc.NoReferencedTableError: Foreign key associated with column 'ab_permission_view_role.permission_view_id' could not find table 'ab_permission_view' with which to generate a foreign key to target column 'id'
[2023-07-23T20:01:16.882+0000] {logging_mixin.py:150} INFO - [2023-07-23T20:01:16.881+0000] {dag.py:2742} INFO - Sync 1 DAGs
[2023-07-23T20:01:16.998+0000] {logging_mixin.py:150} INFO - [2023-07-23T20:01:16.998+0000] {dag.py:3504} INFO - Setting next_dagrun for example_python_operator to None, run_after=None
[2023-07-23T20:01:17.264+0000] {processor.py:179} INFO - Processing /home/airflow/.local/lib/python3.9/site-packages/airflow/example_dags/example_python_operator.py took 1.790 seconds
[2023-07-23T20:05:52.234+0000] {processor.py:157} INFO - Started process (PID=126) to work on /home/airflow/.local/lib/python3.9/site-packages/airflow/example_dags/example_python_operator.py
[2023-07-23T20:05:52.256+0000] {processor.py:826} INFO - Processing file /home/airflow/.local/lib/python3.9/site-packages/airflow/example_dags/example_python_operator.py for tasks to queue
[2023-07-23T20:05:52.257+0000] {logging_mixin.py:150} INFO - [2023-07-23T20:05:52.256+0000] {dagbag.py:541} INFO - Filling up the DagBag from /home/airflow/.local/lib/python3.9/site-packages/airflow/example_dags/example_python_operator.py
[2023-07-23T20:05:52.343+0000] {processor.py:836} INFO - DAG(s) dict_keys(['example_python_operator']) retrieved from /home/airflow/.local/lib/python3.9/site-packages/airflow/example_dags/example_python_operator.py
[2023-07-23T20:05:53.642+0000] {logging_mixin.py:150} INFO - [2023-07-23T20:05:53.594+0000] {dagbag.py:649} ERROR - Failed to write serialized DAG: /home/airflow/.local/lib/python3.9/site-packages/airflow/example_dags/example_python_operator.py
Traceback (most recent call last):
  File "/home/airflow/.local/lib/python3.9/site-packages/airflow/models/dagbag.py", line 644, in _serialize_dag_capturing_errors
    DagBag._sync_perm_for_dag(dag, session=session)
  File "/home/airflow/.local/lib/python3.9/site-packages/airflow/utils/session.py", line 73, in wrapper
    return func(*args, **kwargs)
  File "/home/airflow/.local/lib/python3.9/site-packages/airflow/models/dagbag.py", line 698, in _sync_perm_for_dag
    security_manager.sync_perm_for_dag(root_dag_id, dag.access_control)
  File "/home/airflow/.local/lib/python3.9/site-packages/airflow/www/security.py", line 656, in sync_perm_for_dag
    self.create_permission(dag_action_name, dag_resource_name)
  File "/home/airflow/.local/lib/python3.9/site-packages/airflow/www/fab_security/sqla/manager.py", line 494, in create_permission
    perm = self.get_permission(action_name, resource_name)
  File "/home/airflow/.local/lib/python3.9/site-packages/airflow/www/fab_security/sqla/manager.py", line 464, in get_permission
    action = self.get_action(action_name)
  File "/home/airflow/.local/lib/python3.9/site-packages/airflow/www/fab_security/sqla/manager.py", line 281, in get_action
    return self.get_session.query(self.action_model).filter_by(name=name).one_or_none()
  File "/home/airflow/.local/lib/python3.9/site-packages/sqlalchemy/orm/session.py", line 2046, in query
    return self._query_cls(entities, self, **kwargs)
  File "/home/airflow/.local/lib/python3.9/site-packages/sqlalchemy/orm/query.py", line 173, in __init__
    self._set_entities(entities)
  File "/home/airflow/.local/lib/python3.9/site-packages/sqlalchemy/orm/query.py", line 180, in _set_entities
    self._raw_columns = [
  File "/home/airflow/.local/lib/python3.9/site-packages/sqlalchemy/orm/query.py", line 181, in <listcomp>
    coercions.expect(
  File "/home/airflow/.local/lib/python3.9/site-packages/sqlalchemy/sql/coercions.py", line 160, in expect
    insp._post_inspect
  File "/home/airflow/.local/lib/python3.9/site-packages/sqlalchemy/util/langhelpers.py", line 1162, in __get__
    obj.__dict__[self.__name__] = result = self.fget(obj)
  File "/home/airflow/.local/lib/python3.9/site-packages/sqlalchemy/orm/mapper.py", line 2097, in _post_inspect
    self._check_configure()
  File "/home/airflow/.local/lib/python3.9/site-packages/sqlalchemy/orm/mapper.py", line 1874, in _check_configure
    _configure_registries({self.registry}, cascade=True)
  File "/home/airflow/.local/lib/python3.9/site-packages/sqlalchemy/orm/mapper.py", line 3381, in _configure_registries
    _do_configure_registries(registries, cascade)
  File "/home/airflow/.local/lib/python3.9/site-packages/sqlalchemy/orm/mapper.py", line 3420, in _do_configure_registries
    mapper._post_configure_properties()
  File "/home/airflow/.local/lib/python3.9/site-packages/sqlalchemy/orm/mapper.py", line 1891, in _post_configure_properties
    prop.init()
  File "/home/airflow/.local/lib/python3.9/site-packages/sqlalchemy/orm/interfaces.py", line 227, in init
    self.do_init()
  File "/home/airflow/.local/lib/python3.9/site-packages/sqlalchemy/orm/relationships.py", line 2133, in do_init
    self._setup_join_conditions()
  File "/home/airflow/.local/lib/python3.9/site-packages/sqlalchemy/orm/relationships.py", line 2229, in _setup_join_conditions
    self._join_condition = jc = JoinCondition(
  File "/home/airflow/.local/lib/python3.9/site-packages/sqlalchemy/orm/relationships.py", line 2624, in __init__
    self._determine_joins()
  File "/home/airflow/.local/lib/python3.9/site-packages/sqlalchemy/orm/relationships.py", line 2720, in _determine_joins
    self.secondaryjoin = join_condition(
  File "<string>", line 2, in join_condition
  File "/home/airflow/.local/lib/python3.9/site-packages/sqlalchemy/sql/selectable.py", line 1186, in _join_condition
    constraints = cls._joincond_scan_left_right(
  File "/home/airflow/.local/lib/python3.9/site-packages/sqlalchemy/sql/selectable.py", line 1255, in _joincond_scan_left_right
    col = fk.get_referent(left)
  File "/home/airflow/.local/lib/python3.9/site-packages/sqlalchemy/sql/schema.py", line 2232, in get_referent
    return table.corresponding_column(self.column)
  File "/home/airflow/.local/lib/python3.9/site-packages/sqlalchemy/util/langhelpers.py", line 1095, in __get__
    obj.__dict__[self.__name__] = result = self.fget(obj)
  File "/home/airflow/.local/lib/python3.9/site-packages/sqlalchemy/sql/schema.py", line 2373, in column
    raise exc.NoReferencedTableError(
sqlalchemy.exc.NoReferencedTableError: Foreign key associated with column 'ab_permission_view_role.permission_view_id' could not find table 'ab_permission_view' with which to generate a foreign key to target column 'id'
[2023-07-23T20:05:53.676+0000] {logging_mixin.py:150} INFO - [2023-07-23T20:05:53.676+0000] {dag.py:2742} INFO - Sync 1 DAGs
[2023-07-23T20:05:53.796+0000] {logging_mixin.py:150} INFO - [2023-07-23T20:05:53.796+0000] {dag.py:3504} INFO - Setting next_dagrun for example_python_operator to None, run_after=None
[2023-07-23T20:05:53.943+0000] {processor.py:179} INFO - Processing /home/airflow/.local/lib/python3.9/site-packages/airflow/example_dags/example_python_operator.py took 1.713 seconds
[2023-07-23T20:06:32.714+0000] {processor.py:157} INFO - Started process (PID=188) to work on /home/airflow/.local/lib/python3.9/site-packages/airflow/example_dags/example_python_operator.py
[2023-07-23T20:06:32.807+0000] {processor.py:826} INFO - Processing file /home/airflow/.local/lib/python3.9/site-packages/airflow/example_dags/example_python_operator.py for tasks to queue
[2023-07-23T20:06:32.808+0000] {logging_mixin.py:150} INFO - [2023-07-23T20:06:32.808+0000] {dagbag.py:541} INFO - Filling up the DagBag from /home/airflow/.local/lib/python3.9/site-packages/airflow/example_dags/example_python_operator.py
[2023-07-23T20:06:33.169+0000] {processor.py:836} INFO - DAG(s) dict_keys(['example_python_operator']) retrieved from /home/airflow/.local/lib/python3.9/site-packages/airflow/example_dags/example_python_operator.py
[2023-07-23T20:06:34.076+0000] {logging_mixin.py:150} INFO - [2023-07-23T20:06:34.076+0000] {dag.py:2742} INFO - Sync 1 DAGs
[2023-07-23T20:06:34.788+0000] {logging_mixin.py:150} INFO - [2023-07-23T20:06:34.787+0000] {dag.py:3504} INFO - Setting next_dagrun for example_python_operator to None, run_after=None
[2023-07-23T20:06:35.298+0000] {processor.py:179} INFO - Processing /home/airflow/.local/lib/python3.9/site-packages/airflow/example_dags/example_python_operator.py took 2.745 seconds
[2023-07-23T20:08:48.598+0000] {processor.py:157} INFO - Started process (PID=288) to work on /home/airflow/.local/lib/python3.9/site-packages/airflow/example_dags/example_python_operator.py
[2023-07-23T20:08:48.747+0000] {processor.py:826} INFO - Processing file /home/airflow/.local/lib/python3.9/site-packages/airflow/example_dags/example_python_operator.py for tasks to queue
[2023-07-23T20:08:48.748+0000] {logging_mixin.py:150} INFO - [2023-07-23T20:08:48.747+0000] {dagbag.py:541} INFO - Filling up the DagBag from /home/airflow/.local/lib/python3.9/site-packages/airflow/example_dags/example_python_operator.py
[2023-07-23T20:08:49.604+0000] {processor.py:836} INFO - DAG(s) dict_keys(['example_python_operator']) retrieved from /home/airflow/.local/lib/python3.9/site-packages/airflow/example_dags/example_python_operator.py
[2023-07-23T20:08:50.238+0000] {logging_mixin.py:150} INFO - [2023-07-23T20:08:50.238+0000] {dag.py:2742} INFO - Sync 1 DAGs
[2023-07-23T20:08:51.553+0000] {logging_mixin.py:150} INFO - [2023-07-23T20:08:51.552+0000] {dag.py:3504} INFO - Setting next_dagrun for example_python_operator to None, run_after=None
[2023-07-23T20:08:52.369+0000] {processor.py:179} INFO - Processing /home/airflow/.local/lib/python3.9/site-packages/airflow/example_dags/example_python_operator.py took 3.975 seconds
[2023-07-23T20:10:09.667+0000] {processor.py:157} INFO - Started process (PID=367) to work on /home/airflow/.local/lib/python3.9/site-packages/airflow/example_dags/example_python_operator.py
[2023-07-23T20:10:09.686+0000] {processor.py:826} INFO - Processing file /home/airflow/.local/lib/python3.9/site-packages/airflow/example_dags/example_python_operator.py for tasks to queue
[2023-07-23T20:10:09.687+0000] {logging_mixin.py:150} INFO - [2023-07-23T20:10:09.686+0000] {dagbag.py:541} INFO - Filling up the DagBag from /home/airflow/.local/lib/python3.9/site-packages/airflow/example_dags/example_python_operator.py
[2023-07-23T20:10:09.741+0000] {processor.py:836} INFO - DAG(s) dict_keys(['example_python_operator']) retrieved from /home/airflow/.local/lib/python3.9/site-packages/airflow/example_dags/example_python_operator.py
[2023-07-23T20:10:09.856+0000] {logging_mixin.py:150} INFO - [2023-07-23T20:10:09.856+0000] {dag.py:2742} INFO - Sync 1 DAGs
[2023-07-23T20:10:09.936+0000] {logging_mixin.py:150} INFO - [2023-07-23T20:10:09.936+0000] {dag.py:3504} INFO - Setting next_dagrun for example_python_operator to None, run_after=None
[2023-07-23T20:10:10.001+0000] {processor.py:179} INFO - Processing /home/airflow/.local/lib/python3.9/site-packages/airflow/example_dags/example_python_operator.py took 0.389 seconds
[2023-07-23T20:10:40.321+0000] {processor.py:157} INFO - Started process (PID=428) to work on /home/airflow/.local/lib/python3.9/site-packages/airflow/example_dags/example_python_operator.py
[2023-07-23T20:10:40.337+0000] {processor.py:826} INFO - Processing file /home/airflow/.local/lib/python3.9/site-packages/airflow/example_dags/example_python_operator.py for tasks to queue
[2023-07-23T20:10:40.338+0000] {logging_mixin.py:150} INFO - [2023-07-23T20:10:40.337+0000] {dagbag.py:541} INFO - Filling up the DagBag from /home/airflow/.local/lib/python3.9/site-packages/airflow/example_dags/example_python_operator.py
[2023-07-23T20:10:40.387+0000] {processor.py:836} INFO - DAG(s) dict_keys(['example_python_operator']) retrieved from /home/airflow/.local/lib/python3.9/site-packages/airflow/example_dags/example_python_operator.py
[2023-07-23T20:10:40.556+0000] {logging_mixin.py:150} INFO - [2023-07-23T20:10:40.556+0000] {dag.py:2742} INFO - Sync 1 DAGs
[2023-07-23T20:10:40.652+0000] {logging_mixin.py:150} INFO - [2023-07-23T20:10:40.651+0000] {dag.py:3504} INFO - Setting next_dagrun for example_python_operator to None, run_after=None
[2023-07-23T20:10:40.774+0000] {processor.py:179} INFO - Processing /home/airflow/.local/lib/python3.9/site-packages/airflow/example_dags/example_python_operator.py took 0.458 seconds
[2023-07-23T20:11:11.284+0000] {processor.py:157} INFO - Started process (PID=490) to work on /home/airflow/.local/lib/python3.9/site-packages/airflow/example_dags/example_python_operator.py
[2023-07-23T20:11:11.304+0000] {processor.py:826} INFO - Processing file /home/airflow/.local/lib/python3.9/site-packages/airflow/example_dags/example_python_operator.py for tasks to queue
[2023-07-23T20:11:11.305+0000] {logging_mixin.py:150} INFO - [2023-07-23T20:11:11.305+0000] {dagbag.py:541} INFO - Filling up the DagBag from /home/airflow/.local/lib/python3.9/site-packages/airflow/example_dags/example_python_operator.py
[2023-07-23T20:11:11.373+0000] {processor.py:836} INFO - DAG(s) dict_keys(['example_python_operator']) retrieved from /home/airflow/.local/lib/python3.9/site-packages/airflow/example_dags/example_python_operator.py
[2023-07-23T20:11:11.636+0000] {logging_mixin.py:150} INFO - [2023-07-23T20:11:11.636+0000] {dag.py:2742} INFO - Sync 1 DAGs
[2023-07-23T20:11:11.814+0000] {logging_mixin.py:150} INFO - [2023-07-23T20:11:11.814+0000] {dag.py:3504} INFO - Setting next_dagrun for example_python_operator to None, run_after=None
[2023-07-23T20:11:11.882+0000] {processor.py:179} INFO - Processing /home/airflow/.local/lib/python3.9/site-packages/airflow/example_dags/example_python_operator.py took 0.602 seconds
[2023-07-23T20:11:58.329+0000] {processor.py:157} INFO - Started process (PID=563) to work on /home/airflow/.local/lib/python3.9/site-packages/airflow/example_dags/example_python_operator.py
[2023-07-23T20:11:58.335+0000] {processor.py:826} INFO - Processing file /home/airflow/.local/lib/python3.9/site-packages/airflow/example_dags/example_python_operator.py for tasks to queue
[2023-07-23T20:11:58.718+0000] {logging_mixin.py:150} INFO - [2023-07-23T20:11:58.636+0000] {dagbag.py:541} INFO - Filling up the DagBag from /home/airflow/.local/lib/python3.9/site-packages/airflow/example_dags/example_python_operator.py
[2023-07-23T20:11:59.009+0000] {processor.py:836} INFO - DAG(s) dict_keys(['example_python_operator']) retrieved from /home/airflow/.local/lib/python3.9/site-packages/airflow/example_dags/example_python_operator.py
[2023-07-23T20:12:00.372+0000] {logging_mixin.py:150} INFO - [2023-07-23T20:12:00.372+0000] {dag.py:2742} INFO - Sync 1 DAGs
[2023-07-23T20:12:00.921+0000] {logging_mixin.py:150} INFO - [2023-07-23T20:12:00.921+0000] {dag.py:3504} INFO - Setting next_dagrun for example_python_operator to None, run_after=None
[2023-07-23T20:12:01.190+0000] {processor.py:179} INFO - Processing /home/airflow/.local/lib/python3.9/site-packages/airflow/example_dags/example_python_operator.py took 3.154 seconds
[2023-07-23T20:13:25.549+0000] {processor.py:157} INFO - Started process (PID=639) to work on /home/airflow/.local/lib/python3.9/site-packages/airflow/example_dags/example_python_operator.py
[2023-07-23T20:13:25.934+0000] {processor.py:826} INFO - Processing file /home/airflow/.local/lib/python3.9/site-packages/airflow/example_dags/example_python_operator.py for tasks to queue
[2023-07-23T20:13:26.199+0000] {logging_mixin.py:150} INFO - [2023-07-23T20:13:26.199+0000] {dagbag.py:541} INFO - Filling up the DagBag from /home/airflow/.local/lib/python3.9/site-packages/airflow/example_dags/example_python_operator.py
[2023-07-23T20:13:26.866+0000] {processor.py:836} INFO - DAG(s) dict_keys(['example_python_operator']) retrieved from /home/airflow/.local/lib/python3.9/site-packages/airflow/example_dags/example_python_operator.py
[2023-07-23T20:13:28.701+0000] {logging_mixin.py:150} INFO - [2023-07-23T20:13:28.700+0000] {dag.py:2742} INFO - Sync 1 DAGs
[2023-07-23T20:13:30.800+0000] {logging_mixin.py:150} INFO - [2023-07-23T20:13:30.799+0000] {dag.py:3504} INFO - Setting next_dagrun for example_python_operator to None, run_after=None
[2023-07-23T20:13:31.894+0000] {processor.py:179} INFO - Processing /home/airflow/.local/lib/python3.9/site-packages/airflow/example_dags/example_python_operator.py took 6.684 seconds
[2023-07-23T20:15:17.613+0000] {processor.py:157} INFO - Started process (PID=744) to work on /home/airflow/.local/lib/python3.9/site-packages/airflow/example_dags/example_python_operator.py
[2023-07-23T20:15:17.686+0000] {processor.py:826} INFO - Processing file /home/airflow/.local/lib/python3.9/site-packages/airflow/example_dags/example_python_operator.py for tasks to queue
[2023-07-23T20:15:17.687+0000] {logging_mixin.py:150} INFO - [2023-07-23T20:15:17.686+0000] {dagbag.py:541} INFO - Filling up the DagBag from /home/airflow/.local/lib/python3.9/site-packages/airflow/example_dags/example_python_operator.py
[2023-07-23T20:15:17.768+0000] {processor.py:836} INFO - DAG(s) dict_keys(['example_python_operator']) retrieved from /home/airflow/.local/lib/python3.9/site-packages/airflow/example_dags/example_python_operator.py
[2023-07-23T20:15:17.940+0000] {logging_mixin.py:150} INFO - [2023-07-23T20:15:17.940+0000] {dag.py:2742} INFO - Sync 1 DAGs
[2023-07-23T20:15:18.005+0000] {logging_mixin.py:150} INFO - [2023-07-23T20:15:18.005+0000] {dag.py:3504} INFO - Setting next_dagrun for example_python_operator to None, run_after=None
[2023-07-23T20:15:18.080+0000] {processor.py:179} INFO - Processing /home/airflow/.local/lib/python3.9/site-packages/airflow/example_dags/example_python_operator.py took 0.472 seconds
[2023-07-23T20:15:50.309+0000] {processor.py:157} INFO - Started process (PID=805) to work on /home/airflow/.local/lib/python3.9/site-packages/airflow/example_dags/example_python_operator.py
[2023-07-23T20:15:50.325+0000] {processor.py:826} INFO - Processing file /home/airflow/.local/lib/python3.9/site-packages/airflow/example_dags/example_python_operator.py for tasks to queue
[2023-07-23T20:15:50.326+0000] {logging_mixin.py:150} INFO - [2023-07-23T20:15:50.326+0000] {dagbag.py:541} INFO - Filling up the DagBag from /home/airflow/.local/lib/python3.9/site-packages/airflow/example_dags/example_python_operator.py
[2023-07-23T20:15:50.386+0000] {processor.py:836} INFO - DAG(s) dict_keys(['example_python_operator']) retrieved from /home/airflow/.local/lib/python3.9/site-packages/airflow/example_dags/example_python_operator.py
[2023-07-23T20:15:50.546+0000] {logging_mixin.py:150} INFO - [2023-07-23T20:15:50.546+0000] {dag.py:2742} INFO - Sync 1 DAGs
[2023-07-23T20:15:50.701+0000] {logging_mixin.py:150} INFO - [2023-07-23T20:15:50.701+0000] {dag.py:3504} INFO - Setting next_dagrun for example_python_operator to None, run_after=None
[2023-07-23T20:15:50.828+0000] {processor.py:179} INFO - Processing /home/airflow/.local/lib/python3.9/site-packages/airflow/example_dags/example_python_operator.py took 0.534 seconds
[2023-07-23T20:16:29.825+0000] {processor.py:157} INFO - Started process (PID=866) to work on /home/airflow/.local/lib/python3.9/site-packages/airflow/example_dags/example_python_operator.py
[2023-07-23T20:16:29.828+0000] {processor.py:826} INFO - Processing file /home/airflow/.local/lib/python3.9/site-packages/airflow/example_dags/example_python_operator.py for tasks to queue
[2023-07-23T20:16:29.874+0000] {logging_mixin.py:150} INFO - [2023-07-23T20:16:29.874+0000] {dagbag.py:541} INFO - Filling up the DagBag from /home/airflow/.local/lib/python3.9/site-packages/airflow/example_dags/example_python_operator.py
[2023-07-23T20:16:30.125+0000] {processor.py:836} INFO - DAG(s) dict_keys(['example_python_operator']) retrieved from /home/airflow/.local/lib/python3.9/site-packages/airflow/example_dags/example_python_operator.py
[2023-07-23T20:16:30.584+0000] {logging_mixin.py:150} INFO - [2023-07-23T20:16:30.583+0000] {dag.py:2742} INFO - Sync 1 DAGs
[2023-07-23T20:16:30.941+0000] {logging_mixin.py:150} INFO - [2023-07-23T20:16:30.927+0000] {dag.py:3504} INFO - Setting next_dagrun for example_python_operator to None, run_after=None
[2023-07-23T20:16:31.285+0000] {processor.py:179} INFO - Processing /home/airflow/.local/lib/python3.9/site-packages/airflow/example_dags/example_python_operator.py took 1.596 seconds
[2023-07-23T20:18:28.570+0000] {processor.py:157} INFO - Started process (PID=949) to work on /home/airflow/.local/lib/python3.9/site-packages/airflow/example_dags/example_python_operator.py
[2023-07-23T20:18:28.812+0000] {processor.py:826} INFO - Processing file /home/airflow/.local/lib/python3.9/site-packages/airflow/example_dags/example_python_operator.py for tasks to queue
[2023-07-23T20:18:28.963+0000] {logging_mixin.py:150} INFO - [2023-07-23T20:18:28.813+0000] {dagbag.py:541} INFO - Filling up the DagBag from /home/airflow/.local/lib/python3.9/site-packages/airflow/example_dags/example_python_operator.py
[2023-07-23T20:18:29.635+0000] {processor.py:836} INFO - DAG(s) dict_keys(['example_python_operator']) retrieved from /home/airflow/.local/lib/python3.9/site-packages/airflow/example_dags/example_python_operator.py
[2023-07-23T20:18:31.614+0000] {logging_mixin.py:150} INFO - [2023-07-23T20:18:31.614+0000] {dag.py:2742} INFO - Sync 1 DAGs
[2023-07-23T20:18:32.984+0000] {logging_mixin.py:150} INFO - [2023-07-23T20:18:32.983+0000] {dag.py:3504} INFO - Setting next_dagrun for example_python_operator to None, run_after=None
[2023-07-23T20:18:34.458+0000] {processor.py:179} INFO - Processing /home/airflow/.local/lib/python3.9/site-packages/airflow/example_dags/example_python_operator.py took 6.374 seconds
[2023-07-23T20:20:23.414+0000] {processor.py:157} INFO - Started process (PID=1040) to work on /home/airflow/.local/lib/python3.9/site-packages/airflow/example_dags/example_python_operator.py
[2023-07-23T20:20:23.448+0000] {processor.py:826} INFO - Processing file /home/airflow/.local/lib/python3.9/site-packages/airflow/example_dags/example_python_operator.py for tasks to queue
[2023-07-23T20:20:23.449+0000] {logging_mixin.py:150} INFO - [2023-07-23T20:20:23.448+0000] {dagbag.py:541} INFO - Filling up the DagBag from /home/airflow/.local/lib/python3.9/site-packages/airflow/example_dags/example_python_operator.py
[2023-07-23T20:20:23.487+0000] {processor.py:836} INFO - DAG(s) dict_keys(['example_python_operator']) retrieved from /home/airflow/.local/lib/python3.9/site-packages/airflow/example_dags/example_python_operator.py
[2023-07-23T20:20:23.736+0000] {logging_mixin.py:150} INFO - [2023-07-23T20:20:23.736+0000] {dag.py:2742} INFO - Sync 1 DAGs
[2023-07-23T20:20:23.886+0000] {logging_mixin.py:150} INFO - [2023-07-23T20:20:23.886+0000] {dag.py:3504} INFO - Setting next_dagrun for example_python_operator to None, run_after=None
[2023-07-23T20:20:23.997+0000] {processor.py:179} INFO - Processing /home/airflow/.local/lib/python3.9/site-packages/airflow/example_dags/example_python_operator.py took 0.587 seconds
[2023-07-23T20:20:56.043+0000] {processor.py:157} INFO - Started process (PID=1101) to work on /home/airflow/.local/lib/python3.9/site-packages/airflow/example_dags/example_python_operator.py
[2023-07-23T20:20:56.101+0000] {processor.py:826} INFO - Processing file /home/airflow/.local/lib/python3.9/site-packages/airflow/example_dags/example_python_operator.py for tasks to queue
[2023-07-23T20:20:56.102+0000] {logging_mixin.py:150} INFO - [2023-07-23T20:20:56.102+0000] {dagbag.py:541} INFO - Filling up the DagBag from /home/airflow/.local/lib/python3.9/site-packages/airflow/example_dags/example_python_operator.py
[2023-07-23T20:20:56.192+0000] {processor.py:836} INFO - DAG(s) dict_keys(['example_python_operator']) retrieved from /home/airflow/.local/lib/python3.9/site-packages/airflow/example_dags/example_python_operator.py
[2023-07-23T20:20:56.406+0000] {logging_mixin.py:150} INFO - [2023-07-23T20:20:56.405+0000] {dag.py:2742} INFO - Sync 1 DAGs
[2023-07-23T20:20:56.502+0000] {logging_mixin.py:150} INFO - [2023-07-23T20:20:56.501+0000] {dag.py:3504} INFO - Setting next_dagrun for example_python_operator to None, run_after=None
[2023-07-23T20:20:56.576+0000] {processor.py:179} INFO - Processing /home/airflow/.local/lib/python3.9/site-packages/airflow/example_dags/example_python_operator.py took 0.537 seconds
[2023-07-23T20:21:54.420+0000] {processor.py:157} INFO - Started process (PID=1157) to work on /home/airflow/.local/lib/python3.9/site-packages/airflow/example_dags/example_python_operator.py
[2023-07-23T20:21:54.422+0000] {processor.py:826} INFO - Processing file /home/airflow/.local/lib/python3.9/site-packages/airflow/example_dags/example_python_operator.py for tasks to queue
[2023-07-23T20:21:54.423+0000] {logging_mixin.py:150} INFO - [2023-07-23T20:21:54.423+0000] {dagbag.py:541} INFO - Filling up the DagBag from /home/airflow/.local/lib/python3.9/site-packages/airflow/example_dags/example_python_operator.py
[2023-07-23T20:21:55.353+0000] {processor.py:836} INFO - DAG(s) dict_keys(['example_python_operator']) retrieved from /home/airflow/.local/lib/python3.9/site-packages/airflow/example_dags/example_python_operator.py
[2023-07-23T20:21:56.136+0000] {logging_mixin.py:150} INFO - [2023-07-23T20:21:56.136+0000] {dag.py:2742} INFO - Sync 1 DAGs
[2023-07-23T20:21:57.221+0000] {logging_mixin.py:150} INFO - [2023-07-23T20:21:57.026+0000] {dag.py:3504} INFO - Setting next_dagrun for example_python_operator to None, run_after=None
[2023-07-23T20:21:57.696+0000] {processor.py:179} INFO - Processing /home/airflow/.local/lib/python3.9/site-packages/airflow/example_dags/example_python_operator.py took 3.279 seconds
[2023-07-23T20:24:23.463+0000] {processor.py:157} INFO - Started process (PID=1249) to work on /home/airflow/.local/lib/python3.9/site-packages/airflow/example_dags/example_python_operator.py
[2023-07-23T20:24:23.466+0000] {processor.py:826} INFO - Processing file /home/airflow/.local/lib/python3.9/site-packages/airflow/example_dags/example_python_operator.py for tasks to queue
[2023-07-23T20:24:23.815+0000] {logging_mixin.py:150} INFO - [2023-07-23T20:24:23.475+0000] {dagbag.py:541} INFO - Filling up the DagBag from /home/airflow/.local/lib/python3.9/site-packages/airflow/example_dags/example_python_operator.py
[2023-07-23T20:24:24.612+0000] {processor.py:836} INFO - DAG(s) dict_keys(['example_python_operator']) retrieved from /home/airflow/.local/lib/python3.9/site-packages/airflow/example_dags/example_python_operator.py
[2023-07-23T20:24:26.076+0000] {logging_mixin.py:150} INFO - [2023-07-23T20:24:26.076+0000] {dag.py:2742} INFO - Sync 1 DAGs
[2023-07-23T20:24:28.230+0000] {logging_mixin.py:150} INFO - [2023-07-23T20:24:28.229+0000] {dag.py:3504} INFO - Setting next_dagrun for example_python_operator to None, run_after=None
[2023-07-23T20:24:29.292+0000] {processor.py:179} INFO - Processing /home/airflow/.local/lib/python3.9/site-packages/airflow/example_dags/example_python_operator.py took 6.058 seconds
[2023-07-23T20:25:22.476+0000] {processor.py:157} INFO - Started process (PID=1317) to work on /home/airflow/.local/lib/python3.9/site-packages/airflow/example_dags/example_python_operator.py
[2023-07-23T20:25:22.485+0000] {processor.py:826} INFO - Processing file /home/airflow/.local/lib/python3.9/site-packages/airflow/example_dags/example_python_operator.py for tasks to queue
[2023-07-23T20:25:22.487+0000] {logging_mixin.py:150} INFO - [2023-07-23T20:25:22.486+0000] {dagbag.py:541} INFO - Filling up the DagBag from /home/airflow/.local/lib/python3.9/site-packages/airflow/example_dags/example_python_operator.py
[2023-07-23T20:25:22.551+0000] {processor.py:836} INFO - DAG(s) dict_keys(['example_python_operator']) retrieved from /home/airflow/.local/lib/python3.9/site-packages/airflow/example_dags/example_python_operator.py
[2023-07-23T20:25:22.676+0000] {logging_mixin.py:150} INFO - [2023-07-23T20:25:22.676+0000] {dag.py:2742} INFO - Sync 1 DAGs
[2023-07-23T20:25:22.839+0000] {logging_mixin.py:150} INFO - [2023-07-23T20:25:22.839+0000] {dag.py:3504} INFO - Setting next_dagrun for example_python_operator to None, run_after=None
[2023-07-23T20:25:22.943+0000] {processor.py:179} INFO - Processing /home/airflow/.local/lib/python3.9/site-packages/airflow/example_dags/example_python_operator.py took 0.524 seconds
[2023-07-23T20:25:53.913+0000] {processor.py:157} INFO - Started process (PID=1372) to work on /home/airflow/.local/lib/python3.9/site-packages/airflow/example_dags/example_python_operator.py
[2023-07-23T20:25:53.925+0000] {processor.py:826} INFO - Processing file /home/airflow/.local/lib/python3.9/site-packages/airflow/example_dags/example_python_operator.py for tasks to queue
[2023-07-23T20:25:53.927+0000] {logging_mixin.py:150} INFO - [2023-07-23T20:25:53.926+0000] {dagbag.py:541} INFO - Filling up the DagBag from /home/airflow/.local/lib/python3.9/site-packages/airflow/example_dags/example_python_operator.py
[2023-07-23T20:25:53.962+0000] {processor.py:836} INFO - DAG(s) dict_keys(['example_python_operator']) retrieved from /home/airflow/.local/lib/python3.9/site-packages/airflow/example_dags/example_python_operator.py
[2023-07-23T20:25:54.026+0000] {logging_mixin.py:150} INFO - [2023-07-23T20:25:54.025+0000] {dag.py:2742} INFO - Sync 1 DAGs
[2023-07-23T20:25:54.069+0000] {logging_mixin.py:150} INFO - [2023-07-23T20:25:54.069+0000] {dag.py:3504} INFO - Setting next_dagrun for example_python_operator to None, run_after=None
[2023-07-23T20:25:54.116+0000] {processor.py:179} INFO - Processing /home/airflow/.local/lib/python3.9/site-packages/airflow/example_dags/example_python_operator.py took 0.207 seconds
[2023-07-23T20:27:22.925+0000] {processor.py:157} INFO - Started process (PID=1453) to work on /home/airflow/.local/lib/python3.9/site-packages/airflow/example_dags/example_python_operator.py
[2023-07-23T20:27:22.945+0000] {processor.py:826} INFO - Processing file /home/airflow/.local/lib/python3.9/site-packages/airflow/example_dags/example_python_operator.py for tasks to queue
[2023-07-23T20:27:22.945+0000] {logging_mixin.py:150} INFO - [2023-07-23T20:27:22.945+0000] {dagbag.py:541} INFO - Filling up the DagBag from /home/airflow/.local/lib/python3.9/site-packages/airflow/example_dags/example_python_operator.py
[2023-07-23T20:27:23.535+0000] {processor.py:836} INFO - DAG(s) dict_keys(['example_python_operator']) retrieved from /home/airflow/.local/lib/python3.9/site-packages/airflow/example_dags/example_python_operator.py
[2023-07-23T20:27:24.978+0000] {logging_mixin.py:150} INFO - [2023-07-23T20:27:24.978+0000] {dag.py:2742} INFO - Sync 1 DAGs
[2023-07-23T20:27:25.817+0000] {logging_mixin.py:150} INFO - [2023-07-23T20:27:25.817+0000] {dag.py:3504} INFO - Setting next_dagrun for example_python_operator to None, run_after=None
[2023-07-23T20:27:26.539+0000] {processor.py:179} INFO - Processing /home/airflow/.local/lib/python3.9/site-packages/airflow/example_dags/example_python_operator.py took 3.618 seconds
[2023-07-23T20:29:19.572+0000] {processor.py:157} INFO - Started process (PID=1539) to work on /home/airflow/.local/lib/python3.9/site-packages/airflow/example_dags/example_python_operator.py
[2023-07-23T20:29:19.573+0000] {processor.py:826} INFO - Processing file /home/airflow/.local/lib/python3.9/site-packages/airflow/example_dags/example_python_operator.py for tasks to queue
[2023-07-23T20:29:19.574+0000] {logging_mixin.py:150} INFO - [2023-07-23T20:29:19.574+0000] {dagbag.py:541} INFO - Filling up the DagBag from /home/airflow/.local/lib/python3.9/site-packages/airflow/example_dags/example_python_operator.py
[2023-07-23T20:29:20.073+0000] {processor.py:836} INFO - DAG(s) dict_keys(['example_python_operator']) retrieved from /home/airflow/.local/lib/python3.9/site-packages/airflow/example_dags/example_python_operator.py
[2023-07-23T20:29:21.447+0000] {logging_mixin.py:150} INFO - [2023-07-23T20:29:21.447+0000] {dag.py:2742} INFO - Sync 1 DAGs
[2023-07-23T20:29:22.633+0000] {logging_mixin.py:150} INFO - [2023-07-23T20:29:22.633+0000] {dag.py:3504} INFO - Setting next_dagrun for example_python_operator to None, run_after=None
[2023-07-23T20:29:23.354+0000] {processor.py:179} INFO - Processing /home/airflow/.local/lib/python3.9/site-packages/airflow/example_dags/example_python_operator.py took 4.301 seconds
[2023-07-23T20:30:31.544+0000] {processor.py:157} INFO - Started process (PID=1612) to work on /home/airflow/.local/lib/python3.9/site-packages/airflow/example_dags/example_python_operator.py
[2023-07-23T20:30:31.566+0000] {processor.py:826} INFO - Processing file /home/airflow/.local/lib/python3.9/site-packages/airflow/example_dags/example_python_operator.py for tasks to queue
[2023-07-23T20:30:31.567+0000] {logging_mixin.py:150} INFO - [2023-07-23T20:30:31.566+0000] {dagbag.py:541} INFO - Filling up the DagBag from /home/airflow/.local/lib/python3.9/site-packages/airflow/example_dags/example_python_operator.py
[2023-07-23T20:30:31.603+0000] {processor.py:836} INFO - DAG(s) dict_keys(['example_python_operator']) retrieved from /home/airflow/.local/lib/python3.9/site-packages/airflow/example_dags/example_python_operator.py
[2023-07-23T20:30:31.776+0000] {logging_mixin.py:150} INFO - [2023-07-23T20:30:31.776+0000] {dag.py:2742} INFO - Sync 1 DAGs
[2023-07-23T20:30:31.906+0000] {logging_mixin.py:150} INFO - [2023-07-23T20:30:31.906+0000] {dag.py:3504} INFO - Setting next_dagrun for example_python_operator to None, run_after=None
[2023-07-23T20:30:32.089+0000] {processor.py:179} INFO - Processing /home/airflow/.local/lib/python3.9/site-packages/airflow/example_dags/example_python_operator.py took 0.549 seconds
[2023-07-23T20:31:03.124+0000] {processor.py:157} INFO - Started process (PID=1674) to work on /home/airflow/.local/lib/python3.9/site-packages/airflow/example_dags/example_python_operator.py
[2023-07-23T20:31:03.146+0000] {processor.py:826} INFO - Processing file /home/airflow/.local/lib/python3.9/site-packages/airflow/example_dags/example_python_operator.py for tasks to queue
[2023-07-23T20:31:03.147+0000] {logging_mixin.py:150} INFO - [2023-07-23T20:31:03.146+0000] {dagbag.py:541} INFO - Filling up the DagBag from /home/airflow/.local/lib/python3.9/site-packages/airflow/example_dags/example_python_operator.py
[2023-07-23T20:31:03.220+0000] {processor.py:836} INFO - DAG(s) dict_keys(['example_python_operator']) retrieved from /home/airflow/.local/lib/python3.9/site-packages/airflow/example_dags/example_python_operator.py
[2023-07-23T20:31:03.383+0000] {logging_mixin.py:150} INFO - [2023-07-23T20:31:03.382+0000] {dag.py:2742} INFO - Sync 1 DAGs
[2023-07-23T20:31:03.578+0000] {logging_mixin.py:150} INFO - [2023-07-23T20:31:03.578+0000] {dag.py:3504} INFO - Setting next_dagrun for example_python_operator to None, run_after=None
[2023-07-23T20:31:03.703+0000] {processor.py:179} INFO - Processing /home/airflow/.local/lib/python3.9/site-packages/airflow/example_dags/example_python_operator.py took 0.583 seconds
[2023-07-23T20:32:39.648+0000] {processor.py:157} INFO - Started process (PID=1763) to work on /home/airflow/.local/lib/python3.9/site-packages/airflow/example_dags/example_python_operator.py
[2023-07-23T20:32:39.836+0000] {processor.py:826} INFO - Processing file /home/airflow/.local/lib/python3.9/site-packages/airflow/example_dags/example_python_operator.py for tasks to queue
[2023-07-23T20:32:39.957+0000] {logging_mixin.py:150} INFO - [2023-07-23T20:32:39.838+0000] {dagbag.py:541} INFO - Filling up the DagBag from /home/airflow/.local/lib/python3.9/site-packages/airflow/example_dags/example_python_operator.py
[2023-07-23T20:32:40.554+0000] {processor.py:836} INFO - DAG(s) dict_keys(['example_python_operator']) retrieved from /home/airflow/.local/lib/python3.9/site-packages/airflow/example_dags/example_python_operator.py
[2023-07-23T20:32:41.704+0000] {logging_mixin.py:150} INFO - [2023-07-23T20:32:41.703+0000] {dag.py:2742} INFO - Sync 1 DAGs
[2023-07-23T20:32:42.988+0000] {logging_mixin.py:150} INFO - [2023-07-23T20:32:42.988+0000] {dag.py:3504} INFO - Setting next_dagrun for example_python_operator to None, run_after=None
[2023-07-23T20:32:43.736+0000] {processor.py:179} INFO - Processing /home/airflow/.local/lib/python3.9/site-packages/airflow/example_dags/example_python_operator.py took 4.279 seconds
