[2023-07-23T19:28:24.641+0000] {processor.py:157} INFO - Started process (PID=80) to work on /home/airflow/.local/lib/python3.9/site-packages/airflow/example_dags/example_sla_dag.py
[2023-07-23T19:28:24.642+0000] {processor.py:826} INFO - Processing file /home/airflow/.local/lib/python3.9/site-packages/airflow/example_dags/example_sla_dag.py for tasks to queue
[2023-07-23T19:28:24.643+0000] {logging_mixin.py:150} INFO - [2023-07-23T19:28:24.642+0000] {dagbag.py:541} INFO - Filling up the DagBag from /home/airflow/.local/lib/python3.9/site-packages/airflow/example_dags/example_sla_dag.py
[2023-07-23T19:28:24.688+0000] {processor.py:836} INFO - DAG(s) dict_keys(['example_sla_dag']) retrieved from /home/airflow/.local/lib/python3.9/site-packages/airflow/example_dags/example_sla_dag.py
[2023-07-23T19:28:25.406+0000] {logging_mixin.py:150} INFO - [2023-07-23T19:28:25.406+0000] {dag.py:2742} INFO - Sync 1 DAGs
[2023-07-23T19:28:25.449+0000] {logging_mixin.py:150} INFO - [2023-07-23T19:28:25.449+0000] {dag.py:3504} INFO - Setting next_dagrun for example_sla_dag to 2023-07-23T19:26:00+00:00, run_after=2023-07-23T19:28:00+00:00
[2023-07-23T19:28:25.533+0000] {processor.py:179} INFO - Processing /home/airflow/.local/lib/python3.9/site-packages/airflow/example_dags/example_sla_dag.py took 0.896 seconds
[2023-07-23T19:28:56.608+0000] {processor.py:157} INFO - Started process (PID=141) to work on /home/airflow/.local/lib/python3.9/site-packages/airflow/example_dags/example_sla_dag.py
[2023-07-23T19:28:56.615+0000] {processor.py:826} INFO - Processing file /home/airflow/.local/lib/python3.9/site-packages/airflow/example_dags/example_sla_dag.py for tasks to queue
[2023-07-23T19:28:56.617+0000] {logging_mixin.py:150} INFO - [2023-07-23T19:28:56.617+0000] {dagbag.py:541} INFO - Filling up the DagBag from /home/airflow/.local/lib/python3.9/site-packages/airflow/example_dags/example_sla_dag.py
[2023-07-23T19:28:56.658+0000] {processor.py:836} INFO - DAG(s) dict_keys(['example_sla_dag']) retrieved from /home/airflow/.local/lib/python3.9/site-packages/airflow/example_dags/example_sla_dag.py
[2023-07-23T19:28:56.726+0000] {logging_mixin.py:150} INFO - [2023-07-23T19:28:56.726+0000] {dag.py:2742} INFO - Sync 1 DAGs
[2023-07-23T19:28:56.756+0000] {logging_mixin.py:150} INFO - [2023-07-23T19:28:56.756+0000] {dag.py:3504} INFO - Setting next_dagrun for example_sla_dag to 2023-07-23T19:26:00+00:00, run_after=2023-07-23T19:28:00+00:00
[2023-07-23T19:28:56.775+0000] {processor.py:179} INFO - Processing /home/airflow/.local/lib/python3.9/site-packages/airflow/example_dags/example_sla_dag.py took 0.181 seconds
[2023-07-23T19:29:26.899+0000] {processor.py:157} INFO - Started process (PID=203) to work on /home/airflow/.local/lib/python3.9/site-packages/airflow/example_dags/example_sla_dag.py
[2023-07-23T19:29:26.900+0000] {processor.py:826} INFO - Processing file /home/airflow/.local/lib/python3.9/site-packages/airflow/example_dags/example_sla_dag.py for tasks to queue
[2023-07-23T19:29:26.901+0000] {logging_mixin.py:150} INFO - [2023-07-23T19:29:26.901+0000] {dagbag.py:541} INFO - Filling up the DagBag from /home/airflow/.local/lib/python3.9/site-packages/airflow/example_dags/example_sla_dag.py
[2023-07-23T19:29:26.912+0000] {processor.py:836} INFO - DAG(s) dict_keys(['example_sla_dag']) retrieved from /home/airflow/.local/lib/python3.9/site-packages/airflow/example_dags/example_sla_dag.py
[2023-07-23T19:29:26.984+0000] {logging_mixin.py:150} INFO - [2023-07-23T19:29:26.984+0000] {dag.py:2742} INFO - Sync 1 DAGs
[2023-07-23T19:29:27.064+0000] {logging_mixin.py:150} INFO - [2023-07-23T19:29:27.064+0000] {dag.py:3504} INFO - Setting next_dagrun for example_sla_dag to 2023-07-23T19:26:00+00:00, run_after=2023-07-23T19:28:00+00:00
[2023-07-23T19:29:27.131+0000] {processor.py:179} INFO - Processing /home/airflow/.local/lib/python3.9/site-packages/airflow/example_dags/example_sla_dag.py took 0.249 seconds
[2023-07-23T19:29:57.383+0000] {processor.py:157} INFO - Started process (PID=264) to work on /home/airflow/.local/lib/python3.9/site-packages/airflow/example_dags/example_sla_dag.py
[2023-07-23T19:29:57.395+0000] {processor.py:826} INFO - Processing file /home/airflow/.local/lib/python3.9/site-packages/airflow/example_dags/example_sla_dag.py for tasks to queue
[2023-07-23T19:29:57.396+0000] {logging_mixin.py:150} INFO - [2023-07-23T19:29:57.396+0000] {dagbag.py:541} INFO - Filling up the DagBag from /home/airflow/.local/lib/python3.9/site-packages/airflow/example_dags/example_sla_dag.py
[2023-07-23T19:29:57.420+0000] {processor.py:836} INFO - DAG(s) dict_keys(['example_sla_dag']) retrieved from /home/airflow/.local/lib/python3.9/site-packages/airflow/example_dags/example_sla_dag.py
[2023-07-23T19:29:57.566+0000] {logging_mixin.py:150} INFO - [2023-07-23T19:29:57.566+0000] {dag.py:2742} INFO - Sync 1 DAGs
[2023-07-23T19:29:57.645+0000] {logging_mixin.py:150} INFO - [2023-07-23T19:29:57.644+0000] {dag.py:3504} INFO - Setting next_dagrun for example_sla_dag to 2023-07-23T19:26:00+00:00, run_after=2023-07-23T19:28:00+00:00
[2023-07-23T19:29:57.737+0000] {processor.py:179} INFO - Processing /home/airflow/.local/lib/python3.9/site-packages/airflow/example_dags/example_sla_dag.py took 0.358 seconds
[2023-07-23T19:30:28.502+0000] {processor.py:157} INFO - Started process (PID=326) to work on /home/airflow/.local/lib/python3.9/site-packages/airflow/example_dags/example_sla_dag.py
[2023-07-23T19:30:28.512+0000] {processor.py:826} INFO - Processing file /home/airflow/.local/lib/python3.9/site-packages/airflow/example_dags/example_sla_dag.py for tasks to queue
[2023-07-23T19:30:28.512+0000] {logging_mixin.py:150} INFO - [2023-07-23T19:30:28.512+0000] {dagbag.py:541} INFO - Filling up the DagBag from /home/airflow/.local/lib/python3.9/site-packages/airflow/example_dags/example_sla_dag.py
[2023-07-23T19:30:28.533+0000] {processor.py:836} INFO - DAG(s) dict_keys(['example_sla_dag']) retrieved from /home/airflow/.local/lib/python3.9/site-packages/airflow/example_dags/example_sla_dag.py
[2023-07-23T19:30:28.585+0000] {logging_mixin.py:150} INFO - [2023-07-23T19:30:28.585+0000] {dag.py:2742} INFO - Sync 1 DAGs
[2023-07-23T19:30:28.640+0000] {logging_mixin.py:150} INFO - [2023-07-23T19:30:28.640+0000] {dag.py:3504} INFO - Setting next_dagrun for example_sla_dag to 2023-07-23T19:28:00+00:00, run_after=2023-07-23T19:30:00+00:00
[2023-07-23T19:30:28.684+0000] {processor.py:179} INFO - Processing /home/airflow/.local/lib/python3.9/site-packages/airflow/example_dags/example_sla_dag.py took 0.186 seconds
[2023-07-23T19:30:59.316+0000] {processor.py:157} INFO - Started process (PID=388) to work on /home/airflow/.local/lib/python3.9/site-packages/airflow/example_dags/example_sla_dag.py
[2023-07-23T19:30:59.325+0000] {processor.py:826} INFO - Processing file /home/airflow/.local/lib/python3.9/site-packages/airflow/example_dags/example_sla_dag.py for tasks to queue
[2023-07-23T19:30:59.326+0000] {logging_mixin.py:150} INFO - [2023-07-23T19:30:59.326+0000] {dagbag.py:541} INFO - Filling up the DagBag from /home/airflow/.local/lib/python3.9/site-packages/airflow/example_dags/example_sla_dag.py
[2023-07-23T19:30:59.347+0000] {processor.py:836} INFO - DAG(s) dict_keys(['example_sla_dag']) retrieved from /home/airflow/.local/lib/python3.9/site-packages/airflow/example_dags/example_sla_dag.py
[2023-07-23T19:30:59.397+0000] {logging_mixin.py:150} INFO - [2023-07-23T19:30:59.396+0000] {dag.py:2742} INFO - Sync 1 DAGs
[2023-07-23T19:30:59.453+0000] {logging_mixin.py:150} INFO - [2023-07-23T19:30:59.453+0000] {dag.py:3504} INFO - Setting next_dagrun for example_sla_dag to 2023-07-23T19:28:00+00:00, run_after=2023-07-23T19:30:00+00:00
[2023-07-23T19:30:59.492+0000] {processor.py:179} INFO - Processing /home/airflow/.local/lib/python3.9/site-packages/airflow/example_dags/example_sla_dag.py took 0.180 seconds
[2023-07-23T19:31:29.759+0000] {processor.py:157} INFO - Started process (PID=450) to work on /home/airflow/.local/lib/python3.9/site-packages/airflow/example_dags/example_sla_dag.py
[2023-07-23T19:31:29.760+0000] {processor.py:826} INFO - Processing file /home/airflow/.local/lib/python3.9/site-packages/airflow/example_dags/example_sla_dag.py for tasks to queue
[2023-07-23T19:31:29.761+0000] {logging_mixin.py:150} INFO - [2023-07-23T19:31:29.761+0000] {dagbag.py:541} INFO - Filling up the DagBag from /home/airflow/.local/lib/python3.9/site-packages/airflow/example_dags/example_sla_dag.py
[2023-07-23T19:31:29.776+0000] {processor.py:836} INFO - DAG(s) dict_keys(['example_sla_dag']) retrieved from /home/airflow/.local/lib/python3.9/site-packages/airflow/example_dags/example_sla_dag.py
[2023-07-23T19:31:29.815+0000] {logging_mixin.py:150} INFO - [2023-07-23T19:31:29.814+0000] {dag.py:2742} INFO - Sync 1 DAGs
[2023-07-23T19:31:29.847+0000] {logging_mixin.py:150} INFO - [2023-07-23T19:31:29.846+0000] {dag.py:3504} INFO - Setting next_dagrun for example_sla_dag to 2023-07-23T19:28:00+00:00, run_after=2023-07-23T19:30:00+00:00
[2023-07-23T19:31:29.867+0000] {processor.py:179} INFO - Processing /home/airflow/.local/lib/python3.9/site-packages/airflow/example_dags/example_sla_dag.py took 0.118 seconds
[2023-07-23T19:32:02.314+0000] {processor.py:157} INFO - Started process (PID=511) to work on /home/airflow/.local/lib/python3.9/site-packages/airflow/example_dags/example_sla_dag.py
[2023-07-23T19:32:02.335+0000] {processor.py:826} INFO - Processing file /home/airflow/.local/lib/python3.9/site-packages/airflow/example_dags/example_sla_dag.py for tasks to queue
[2023-07-23T19:32:02.336+0000] {logging_mixin.py:150} INFO - [2023-07-23T19:32:02.336+0000] {dagbag.py:541} INFO - Filling up the DagBag from /home/airflow/.local/lib/python3.9/site-packages/airflow/example_dags/example_sla_dag.py
[2023-07-23T19:32:02.367+0000] {processor.py:836} INFO - DAG(s) dict_keys(['example_sla_dag']) retrieved from /home/airflow/.local/lib/python3.9/site-packages/airflow/example_dags/example_sla_dag.py
[2023-07-23T19:32:02.458+0000] {logging_mixin.py:150} INFO - [2023-07-23T19:32:02.458+0000] {dag.py:2742} INFO - Sync 1 DAGs
[2023-07-23T19:32:02.573+0000] {logging_mixin.py:150} INFO - [2023-07-23T19:32:02.572+0000] {dag.py:3504} INFO - Setting next_dagrun for example_sla_dag to 2023-07-23T19:30:00+00:00, run_after=2023-07-23T19:32:00+00:00
[2023-07-23T19:32:02.679+0000] {processor.py:179} INFO - Processing /home/airflow/.local/lib/python3.9/site-packages/airflow/example_dags/example_sla_dag.py took 0.369 seconds
[2023-07-23T19:32:33.203+0000] {processor.py:157} INFO - Started process (PID=573) to work on /home/airflow/.local/lib/python3.9/site-packages/airflow/example_dags/example_sla_dag.py
[2023-07-23T19:32:33.205+0000] {processor.py:826} INFO - Processing file /home/airflow/.local/lib/python3.9/site-packages/airflow/example_dags/example_sla_dag.py for tasks to queue
[2023-07-23T19:32:33.206+0000] {logging_mixin.py:150} INFO - [2023-07-23T19:32:33.206+0000] {dagbag.py:541} INFO - Filling up the DagBag from /home/airflow/.local/lib/python3.9/site-packages/airflow/example_dags/example_sla_dag.py
[2023-07-23T19:32:33.217+0000] {processor.py:836} INFO - DAG(s) dict_keys(['example_sla_dag']) retrieved from /home/airflow/.local/lib/python3.9/site-packages/airflow/example_dags/example_sla_dag.py
[2023-07-23T19:32:33.288+0000] {logging_mixin.py:150} INFO - [2023-07-23T19:32:33.288+0000] {dag.py:2742} INFO - Sync 1 DAGs
[2023-07-23T19:32:33.339+0000] {logging_mixin.py:150} INFO - [2023-07-23T19:32:33.339+0000] {dag.py:3504} INFO - Setting next_dagrun for example_sla_dag to 2023-07-23T19:30:00+00:00, run_after=2023-07-23T19:32:00+00:00
[2023-07-23T19:32:33.392+0000] {processor.py:179} INFO - Processing /home/airflow/.local/lib/python3.9/site-packages/airflow/example_dags/example_sla_dag.py took 0.194 seconds
[2023-07-23T19:33:04.388+0000] {processor.py:157} INFO - Started process (PID=636) to work on /home/airflow/.local/lib/python3.9/site-packages/airflow/example_dags/example_sla_dag.py
[2023-07-23T19:33:04.395+0000] {processor.py:826} INFO - Processing file /home/airflow/.local/lib/python3.9/site-packages/airflow/example_dags/example_sla_dag.py for tasks to queue
[2023-07-23T19:33:04.396+0000] {logging_mixin.py:150} INFO - [2023-07-23T19:33:04.396+0000] {dagbag.py:541} INFO - Filling up the DagBag from /home/airflow/.local/lib/python3.9/site-packages/airflow/example_dags/example_sla_dag.py
[2023-07-23T19:33:04.416+0000] {processor.py:836} INFO - DAG(s) dict_keys(['example_sla_dag']) retrieved from /home/airflow/.local/lib/python3.9/site-packages/airflow/example_dags/example_sla_dag.py
[2023-07-23T19:33:04.466+0000] {logging_mixin.py:150} INFO - [2023-07-23T19:33:04.466+0000] {dag.py:2742} INFO - Sync 1 DAGs
[2023-07-23T19:33:04.501+0000] {logging_mixin.py:150} INFO - [2023-07-23T19:33:04.501+0000] {dag.py:3504} INFO - Setting next_dagrun for example_sla_dag to 2023-07-23T19:30:00+00:00, run_after=2023-07-23T19:32:00+00:00
[2023-07-23T19:33:04.532+0000] {processor.py:179} INFO - Processing /home/airflow/.local/lib/python3.9/site-packages/airflow/example_dags/example_sla_dag.py took 0.148 seconds
[2023-07-23T19:41:39.051+0000] {processor.py:157} INFO - Started process (PID=81) to work on /home/airflow/.local/lib/python3.9/site-packages/airflow/example_dags/example_sla_dag.py
[2023-07-23T19:41:39.062+0000] {processor.py:826} INFO - Processing file /home/airflow/.local/lib/python3.9/site-packages/airflow/example_dags/example_sla_dag.py for tasks to queue
[2023-07-23T19:41:39.063+0000] {logging_mixin.py:150} INFO - [2023-07-23T19:41:39.062+0000] {dagbag.py:541} INFO - Filling up the DagBag from /home/airflow/.local/lib/python3.9/site-packages/airflow/example_dags/example_sla_dag.py
[2023-07-23T19:41:39.097+0000] {processor.py:836} INFO - DAG(s) dict_keys(['example_sla_dag']) retrieved from /home/airflow/.local/lib/python3.9/site-packages/airflow/example_dags/example_sla_dag.py
[2023-07-23T19:41:39.546+0000] {logging_mixin.py:150} INFO - [2023-07-23T19:41:39.545+0000] {dag.py:2742} INFO - Sync 1 DAGs
[2023-07-23T19:41:39.619+0000] {logging_mixin.py:150} INFO - [2023-07-23T19:41:39.618+0000] {dag.py:3504} INFO - Setting next_dagrun for example_sla_dag to 2023-07-23T19:38:00+00:00, run_after=2023-07-23T19:40:00+00:00
[2023-07-23T19:41:39.718+0000] {processor.py:179} INFO - Processing /home/airflow/.local/lib/python3.9/site-packages/airflow/example_dags/example_sla_dag.py took 0.671 seconds
[2023-07-23T19:42:09.915+0000] {processor.py:157} INFO - Started process (PID=142) to work on /home/airflow/.local/lib/python3.9/site-packages/airflow/example_dags/example_sla_dag.py
[2023-07-23T19:42:09.917+0000] {processor.py:826} INFO - Processing file /home/airflow/.local/lib/python3.9/site-packages/airflow/example_dags/example_sla_dag.py for tasks to queue
[2023-07-23T19:42:09.918+0000] {logging_mixin.py:150} INFO - [2023-07-23T19:42:09.917+0000] {dagbag.py:541} INFO - Filling up the DagBag from /home/airflow/.local/lib/python3.9/site-packages/airflow/example_dags/example_sla_dag.py
[2023-07-23T19:42:09.928+0000] {processor.py:836} INFO - DAG(s) dict_keys(['example_sla_dag']) retrieved from /home/airflow/.local/lib/python3.9/site-packages/airflow/example_dags/example_sla_dag.py
[2023-07-23T19:42:09.954+0000] {logging_mixin.py:150} INFO - [2023-07-23T19:42:09.953+0000] {dag.py:2742} INFO - Sync 1 DAGs
[2023-07-23T19:42:09.983+0000] {logging_mixin.py:150} INFO - [2023-07-23T19:42:09.983+0000] {dag.py:3504} INFO - Setting next_dagrun for example_sla_dag to 2023-07-23T19:40:00+00:00, run_after=2023-07-23T19:42:00+00:00
[2023-07-23T19:42:10.002+0000] {processor.py:179} INFO - Processing /home/airflow/.local/lib/python3.9/site-packages/airflow/example_dags/example_sla_dag.py took 0.091 seconds
[2023-07-23T19:42:40.930+0000] {processor.py:157} INFO - Started process (PID=203) to work on /home/airflow/.local/lib/python3.9/site-packages/airflow/example_dags/example_sla_dag.py
[2023-07-23T19:42:40.935+0000] {processor.py:826} INFO - Processing file /home/airflow/.local/lib/python3.9/site-packages/airflow/example_dags/example_sla_dag.py for tasks to queue
[2023-07-23T19:42:40.936+0000] {logging_mixin.py:150} INFO - [2023-07-23T19:42:40.935+0000] {dagbag.py:541} INFO - Filling up the DagBag from /home/airflow/.local/lib/python3.9/site-packages/airflow/example_dags/example_sla_dag.py
[2023-07-23T19:42:40.957+0000] {processor.py:836} INFO - DAG(s) dict_keys(['example_sla_dag']) retrieved from /home/airflow/.local/lib/python3.9/site-packages/airflow/example_dags/example_sla_dag.py
[2023-07-23T19:42:41.009+0000] {logging_mixin.py:150} INFO - [2023-07-23T19:42:41.009+0000] {dag.py:2742} INFO - Sync 1 DAGs
[2023-07-23T19:42:41.051+0000] {logging_mixin.py:150} INFO - [2023-07-23T19:42:41.050+0000] {dag.py:3504} INFO - Setting next_dagrun for example_sla_dag to 2023-07-23T19:40:00+00:00, run_after=2023-07-23T19:42:00+00:00
[2023-07-23T19:42:41.087+0000] {processor.py:179} INFO - Processing /home/airflow/.local/lib/python3.9/site-packages/airflow/example_dags/example_sla_dag.py took 0.164 seconds
[2023-07-23T19:43:11.588+0000] {processor.py:157} INFO - Started process (PID=264) to work on /home/airflow/.local/lib/python3.9/site-packages/airflow/example_dags/example_sla_dag.py
[2023-07-23T19:43:11.595+0000] {processor.py:826} INFO - Processing file /home/airflow/.local/lib/python3.9/site-packages/airflow/example_dags/example_sla_dag.py for tasks to queue
[2023-07-23T19:43:11.596+0000] {logging_mixin.py:150} INFO - [2023-07-23T19:43:11.596+0000] {dagbag.py:541} INFO - Filling up the DagBag from /home/airflow/.local/lib/python3.9/site-packages/airflow/example_dags/example_sla_dag.py
[2023-07-23T19:43:11.637+0000] {processor.py:836} INFO - DAG(s) dict_keys(['example_sla_dag']) retrieved from /home/airflow/.local/lib/python3.9/site-packages/airflow/example_dags/example_sla_dag.py
[2023-07-23T19:43:11.710+0000] {logging_mixin.py:150} INFO - [2023-07-23T19:43:11.710+0000] {dag.py:2742} INFO - Sync 1 DAGs
[2023-07-23T19:43:11.814+0000] {logging_mixin.py:150} INFO - [2023-07-23T19:43:11.814+0000] {dag.py:3504} INFO - Setting next_dagrun for example_sla_dag to 2023-07-23T19:40:00+00:00, run_after=2023-07-23T19:42:00+00:00
[2023-07-23T19:43:11.863+0000] {processor.py:179} INFO - Processing /home/airflow/.local/lib/python3.9/site-packages/airflow/example_dags/example_sla_dag.py took 0.311 seconds
[2023-07-23T19:43:44.418+0000] {processor.py:157} INFO - Started process (PID=326) to work on /home/airflow/.local/lib/python3.9/site-packages/airflow/example_dags/example_sla_dag.py
[2023-07-23T19:43:44.436+0000] {processor.py:826} INFO - Processing file /home/airflow/.local/lib/python3.9/site-packages/airflow/example_dags/example_sla_dag.py for tasks to queue
[2023-07-23T19:43:44.437+0000] {logging_mixin.py:150} INFO - [2023-07-23T19:43:44.436+0000] {dagbag.py:541} INFO - Filling up the DagBag from /home/airflow/.local/lib/python3.9/site-packages/airflow/example_dags/example_sla_dag.py
[2023-07-23T19:43:44.459+0000] {processor.py:836} INFO - DAG(s) dict_keys(['example_sla_dag']) retrieved from /home/airflow/.local/lib/python3.9/site-packages/airflow/example_dags/example_sla_dag.py
[2023-07-23T19:43:44.556+0000] {logging_mixin.py:150} INFO - [2023-07-23T19:43:44.556+0000] {dag.py:2742} INFO - Sync 1 DAGs
[2023-07-23T19:43:44.667+0000] {logging_mixin.py:150} INFO - [2023-07-23T19:43:44.667+0000] {dag.py:3504} INFO - Setting next_dagrun for example_sla_dag to 2023-07-23T19:40:00+00:00, run_after=2023-07-23T19:42:00+00:00
[2023-07-23T19:43:44.738+0000] {processor.py:179} INFO - Processing /home/airflow/.local/lib/python3.9/site-packages/airflow/example_dags/example_sla_dag.py took 0.324 seconds
[2023-07-23T19:44:17.642+0000] {processor.py:157} INFO - Started process (PID=387) to work on /home/airflow/.local/lib/python3.9/site-packages/airflow/example_dags/example_sla_dag.py
[2023-07-23T19:44:17.665+0000] {processor.py:826} INFO - Processing file /home/airflow/.local/lib/python3.9/site-packages/airflow/example_dags/example_sla_dag.py for tasks to queue
[2023-07-23T19:44:17.666+0000] {logging_mixin.py:150} INFO - [2023-07-23T19:44:17.666+0000] {dagbag.py:541} INFO - Filling up the DagBag from /home/airflow/.local/lib/python3.9/site-packages/airflow/example_dags/example_sla_dag.py
[2023-07-23T19:44:17.718+0000] {processor.py:836} INFO - DAG(s) dict_keys(['example_sla_dag']) retrieved from /home/airflow/.local/lib/python3.9/site-packages/airflow/example_dags/example_sla_dag.py
[2023-07-23T19:44:17.804+0000] {logging_mixin.py:150} INFO - [2023-07-23T19:44:17.803+0000] {dag.py:2742} INFO - Sync 1 DAGs
[2023-07-23T19:44:17.924+0000] {logging_mixin.py:150} INFO - [2023-07-23T19:44:17.924+0000] {dag.py:3504} INFO - Setting next_dagrun for example_sla_dag to 2023-07-23T19:42:00+00:00, run_after=2023-07-23T19:44:00+00:00
[2023-07-23T19:44:18.018+0000] {processor.py:179} INFO - Processing /home/airflow/.local/lib/python3.9/site-packages/airflow/example_dags/example_sla_dag.py took 0.380 seconds
[2023-07-23T19:44:48.703+0000] {processor.py:157} INFO - Started process (PID=448) to work on /home/airflow/.local/lib/python3.9/site-packages/airflow/example_dags/example_sla_dag.py
[2023-07-23T19:44:48.740+0000] {processor.py:826} INFO - Processing file /home/airflow/.local/lib/python3.9/site-packages/airflow/example_dags/example_sla_dag.py for tasks to queue
[2023-07-23T19:44:48.748+0000] {logging_mixin.py:150} INFO - [2023-07-23T19:44:48.747+0000] {dagbag.py:541} INFO - Filling up the DagBag from /home/airflow/.local/lib/python3.9/site-packages/airflow/example_dags/example_sla_dag.py
[2023-07-23T19:44:48.826+0000] {processor.py:836} INFO - DAG(s) dict_keys(['example_sla_dag']) retrieved from /home/airflow/.local/lib/python3.9/site-packages/airflow/example_dags/example_sla_dag.py
[2023-07-23T19:44:49.055+0000] {logging_mixin.py:150} INFO - [2023-07-23T19:44:49.045+0000] {dag.py:2742} INFO - Sync 1 DAGs
[2023-07-23T19:44:49.182+0000] {logging_mixin.py:150} INFO - [2023-07-23T19:44:49.182+0000] {dag.py:3504} INFO - Setting next_dagrun for example_sla_dag to 2023-07-23T19:42:00+00:00, run_after=2023-07-23T19:44:00+00:00
[2023-07-23T19:44:49.291+0000] {processor.py:179} INFO - Processing /home/airflow/.local/lib/python3.9/site-packages/airflow/example_dags/example_sla_dag.py took 0.626 seconds
[2023-07-23T19:45:21.217+0000] {processor.py:157} INFO - Started process (PID=503) to work on /home/airflow/.local/lib/python3.9/site-packages/airflow/example_dags/example_sla_dag.py
[2023-07-23T19:45:21.218+0000] {processor.py:826} INFO - Processing file /home/airflow/.local/lib/python3.9/site-packages/airflow/example_dags/example_sla_dag.py for tasks to queue
[2023-07-23T19:45:21.219+0000] {logging_mixin.py:150} INFO - [2023-07-23T19:45:21.219+0000] {dagbag.py:541} INFO - Filling up the DagBag from /home/airflow/.local/lib/python3.9/site-packages/airflow/example_dags/example_sla_dag.py
[2023-07-23T19:45:21.240+0000] {processor.py:836} INFO - DAG(s) dict_keys(['example_sla_dag']) retrieved from /home/airflow/.local/lib/python3.9/site-packages/airflow/example_dags/example_sla_dag.py
[2023-07-23T19:45:21.286+0000] {logging_mixin.py:150} INFO - [2023-07-23T19:45:21.285+0000] {dag.py:2742} INFO - Sync 1 DAGs
[2023-07-23T19:45:21.338+0000] {logging_mixin.py:150} INFO - [2023-07-23T19:45:21.338+0000] {dag.py:3504} INFO - Setting next_dagrun for example_sla_dag to 2023-07-23T19:42:00+00:00, run_after=2023-07-23T19:44:00+00:00
[2023-07-23T19:45:21.386+0000] {processor.py:179} INFO - Processing /home/airflow/.local/lib/python3.9/site-packages/airflow/example_dags/example_sla_dag.py took 0.184 seconds
[2023-07-23T19:45:54.504+0000] {processor.py:157} INFO - Started process (PID=564) to work on /home/airflow/.local/lib/python3.9/site-packages/airflow/example_dags/example_sla_dag.py
[2023-07-23T19:45:54.535+0000] {processor.py:826} INFO - Processing file /home/airflow/.local/lib/python3.9/site-packages/airflow/example_dags/example_sla_dag.py for tasks to queue
[2023-07-23T19:45:54.537+0000] {logging_mixin.py:150} INFO - [2023-07-23T19:45:54.536+0000] {dagbag.py:541} INFO - Filling up the DagBag from /home/airflow/.local/lib/python3.9/site-packages/airflow/example_dags/example_sla_dag.py
[2023-07-23T19:45:54.565+0000] {processor.py:836} INFO - DAG(s) dict_keys(['example_sla_dag']) retrieved from /home/airflow/.local/lib/python3.9/site-packages/airflow/example_dags/example_sla_dag.py
[2023-07-23T19:45:54.636+0000] {logging_mixin.py:150} INFO - [2023-07-23T19:45:54.636+0000] {dag.py:2742} INFO - Sync 1 DAGs
[2023-07-23T19:45:54.762+0000] {logging_mixin.py:150} INFO - [2023-07-23T19:45:54.762+0000] {dag.py:3504} INFO - Setting next_dagrun for example_sla_dag to 2023-07-23T19:42:00+00:00, run_after=2023-07-23T19:44:00+00:00
[2023-07-23T19:45:54.849+0000] {processor.py:179} INFO - Processing /home/airflow/.local/lib/python3.9/site-packages/airflow/example_dags/example_sla_dag.py took 0.349 seconds
[2023-07-23T19:46:25.053+0000] {processor.py:157} INFO - Started process (PID=625) to work on /home/airflow/.local/lib/python3.9/site-packages/airflow/example_dags/example_sla_dag.py
[2023-07-23T19:46:25.075+0000] {processor.py:826} INFO - Processing file /home/airflow/.local/lib/python3.9/site-packages/airflow/example_dags/example_sla_dag.py for tasks to queue
[2023-07-23T19:46:25.076+0000] {logging_mixin.py:150} INFO - [2023-07-23T19:46:25.076+0000] {dagbag.py:541} INFO - Filling up the DagBag from /home/airflow/.local/lib/python3.9/site-packages/airflow/example_dags/example_sla_dag.py
[2023-07-23T19:46:25.097+0000] {processor.py:836} INFO - DAG(s) dict_keys(['example_sla_dag']) retrieved from /home/airflow/.local/lib/python3.9/site-packages/airflow/example_dags/example_sla_dag.py
[2023-07-23T19:46:25.182+0000] {logging_mixin.py:150} INFO - [2023-07-23T19:46:25.182+0000] {dag.py:2742} INFO - Sync 1 DAGs
[2023-07-23T19:46:25.294+0000] {logging_mixin.py:150} INFO - [2023-07-23T19:46:25.294+0000] {dag.py:3504} INFO - Setting next_dagrun for example_sla_dag to 2023-07-23T19:44:00+00:00, run_after=2023-07-23T19:46:00+00:00
[2023-07-23T19:46:25.378+0000] {processor.py:179} INFO - Processing /home/airflow/.local/lib/python3.9/site-packages/airflow/example_dags/example_sla_dag.py took 0.329 seconds
[2023-07-23T19:46:56.319+0000] {processor.py:157} INFO - Started process (PID=686) to work on /home/airflow/.local/lib/python3.9/site-packages/airflow/example_dags/example_sla_dag.py
[2023-07-23T19:46:56.321+0000] {processor.py:826} INFO - Processing file /home/airflow/.local/lib/python3.9/site-packages/airflow/example_dags/example_sla_dag.py for tasks to queue
[2023-07-23T19:46:56.326+0000] {logging_mixin.py:150} INFO - [2023-07-23T19:46:56.326+0000] {dagbag.py:541} INFO - Filling up the DagBag from /home/airflow/.local/lib/python3.9/site-packages/airflow/example_dags/example_sla_dag.py
[2023-07-23T19:46:56.353+0000] {processor.py:836} INFO - DAG(s) dict_keys(['example_sla_dag']) retrieved from /home/airflow/.local/lib/python3.9/site-packages/airflow/example_dags/example_sla_dag.py
[2023-07-23T19:46:56.396+0000] {logging_mixin.py:150} INFO - [2023-07-23T19:46:56.396+0000] {dag.py:2742} INFO - Sync 1 DAGs
[2023-07-23T19:46:56.426+0000] {logging_mixin.py:150} INFO - [2023-07-23T19:46:56.426+0000] {dag.py:3504} INFO - Setting next_dagrun for example_sla_dag to 2023-07-23T19:44:00+00:00, run_after=2023-07-23T19:46:00+00:00
[2023-07-23T19:46:56.445+0000] {processor.py:179} INFO - Processing /home/airflow/.local/lib/python3.9/site-packages/airflow/example_dags/example_sla_dag.py took 0.130 seconds
[2023-07-23T19:47:26.508+0000] {processor.py:157} INFO - Started process (PID=754) to work on /home/airflow/.local/lib/python3.9/site-packages/airflow/example_dags/example_sla_dag.py
[2023-07-23T19:47:26.509+0000] {processor.py:826} INFO - Processing file /home/airflow/.local/lib/python3.9/site-packages/airflow/example_dags/example_sla_dag.py for tasks to queue
[2023-07-23T19:47:26.510+0000] {logging_mixin.py:150} INFO - [2023-07-23T19:47:26.510+0000] {dagbag.py:541} INFO - Filling up the DagBag from /home/airflow/.local/lib/python3.9/site-packages/airflow/example_dags/example_sla_dag.py
[2023-07-23T19:47:26.532+0000] {processor.py:836} INFO - DAG(s) dict_keys(['example_sla_dag']) retrieved from /home/airflow/.local/lib/python3.9/site-packages/airflow/example_dags/example_sla_dag.py
[2023-07-23T19:47:26.574+0000] {logging_mixin.py:150} INFO - [2023-07-23T19:47:26.573+0000] {dag.py:2742} INFO - Sync 1 DAGs
[2023-07-23T19:47:26.604+0000] {logging_mixin.py:150} INFO - [2023-07-23T19:47:26.603+0000] {dag.py:3504} INFO - Setting next_dagrun for example_sla_dag to 2023-07-23T19:44:00+00:00, run_after=2023-07-23T19:46:00+00:00
[2023-07-23T19:47:26.623+0000] {processor.py:179} INFO - Processing /home/airflow/.local/lib/python3.9/site-packages/airflow/example_dags/example_sla_dag.py took 0.128 seconds
[2023-07-23T19:47:56.823+0000] {processor.py:157} INFO - Started process (PID=816) to work on /home/airflow/.local/lib/python3.9/site-packages/airflow/example_dags/example_sla_dag.py
[2023-07-23T19:47:56.863+0000] {processor.py:826} INFO - Processing file /home/airflow/.local/lib/python3.9/site-packages/airflow/example_dags/example_sla_dag.py for tasks to queue
[2023-07-23T19:47:56.864+0000] {logging_mixin.py:150} INFO - [2023-07-23T19:47:56.864+0000] {dagbag.py:541} INFO - Filling up the DagBag from /home/airflow/.local/lib/python3.9/site-packages/airflow/example_dags/example_sla_dag.py
[2023-07-23T19:47:56.900+0000] {processor.py:836} INFO - DAG(s) dict_keys(['example_sla_dag']) retrieved from /home/airflow/.local/lib/python3.9/site-packages/airflow/example_dags/example_sla_dag.py
[2023-07-23T19:47:57.070+0000] {logging_mixin.py:150} INFO - [2023-07-23T19:47:57.070+0000] {dag.py:2742} INFO - Sync 1 DAGs
[2023-07-23T19:47:57.190+0000] {logging_mixin.py:150} INFO - [2023-07-23T19:47:57.190+0000] {dag.py:3504} INFO - Setting next_dagrun for example_sla_dag to 2023-07-23T19:44:00+00:00, run_after=2023-07-23T19:46:00+00:00
[2023-07-23T19:47:57.305+0000] {processor.py:179} INFO - Processing /home/airflow/.local/lib/python3.9/site-packages/airflow/example_dags/example_sla_dag.py took 0.486 seconds
[2023-07-23T19:48:27.448+0000] {processor.py:157} INFO - Started process (PID=871) to work on /home/airflow/.local/lib/python3.9/site-packages/airflow/example_dags/example_sla_dag.py
[2023-07-23T19:48:27.476+0000] {processor.py:826} INFO - Processing file /home/airflow/.local/lib/python3.9/site-packages/airflow/example_dags/example_sla_dag.py for tasks to queue
[2023-07-23T19:48:27.478+0000] {logging_mixin.py:150} INFO - [2023-07-23T19:48:27.477+0000] {dagbag.py:541} INFO - Filling up the DagBag from /home/airflow/.local/lib/python3.9/site-packages/airflow/example_dags/example_sla_dag.py
[2023-07-23T19:48:27.539+0000] {processor.py:836} INFO - DAG(s) dict_keys(['example_sla_dag']) retrieved from /home/airflow/.local/lib/python3.9/site-packages/airflow/example_dags/example_sla_dag.py
[2023-07-23T19:48:27.616+0000] {logging_mixin.py:150} INFO - [2023-07-23T19:48:27.615+0000] {dag.py:2742} INFO - Sync 1 DAGs
[2023-07-23T19:48:27.772+0000] {logging_mixin.py:150} INFO - [2023-07-23T19:48:27.771+0000] {dag.py:3504} INFO - Setting next_dagrun for example_sla_dag to 2023-07-23T19:46:00+00:00, run_after=2023-07-23T19:48:00+00:00
[2023-07-23T19:48:27.856+0000] {processor.py:179} INFO - Processing /home/airflow/.local/lib/python3.9/site-packages/airflow/example_dags/example_sla_dag.py took 0.412 seconds
[2023-07-23T19:48:58.663+0000] {processor.py:157} INFO - Started process (PID=932) to work on /home/airflow/.local/lib/python3.9/site-packages/airflow/example_dags/example_sla_dag.py
[2023-07-23T19:48:58.711+0000] {processor.py:826} INFO - Processing file /home/airflow/.local/lib/python3.9/site-packages/airflow/example_dags/example_sla_dag.py for tasks to queue
[2023-07-23T19:48:58.712+0000] {logging_mixin.py:150} INFO - [2023-07-23T19:48:58.712+0000] {dagbag.py:541} INFO - Filling up the DagBag from /home/airflow/.local/lib/python3.9/site-packages/airflow/example_dags/example_sla_dag.py
[2023-07-23T19:48:58.763+0000] {processor.py:836} INFO - DAG(s) dict_keys(['example_sla_dag']) retrieved from /home/airflow/.local/lib/python3.9/site-packages/airflow/example_dags/example_sla_dag.py
[2023-07-23T19:48:58.896+0000] {logging_mixin.py:150} INFO - [2023-07-23T19:48:58.896+0000] {dag.py:2742} INFO - Sync 1 DAGs
[2023-07-23T19:48:59.080+0000] {logging_mixin.py:150} INFO - [2023-07-23T19:48:59.080+0000] {dag.py:3504} INFO - Setting next_dagrun for example_sla_dag to 2023-07-23T19:46:00+00:00, run_after=2023-07-23T19:48:00+00:00
[2023-07-23T19:48:59.177+0000] {processor.py:179} INFO - Processing /home/airflow/.local/lib/python3.9/site-packages/airflow/example_dags/example_sla_dag.py took 0.518 seconds
[2023-07-23T19:49:30.082+0000] {processor.py:157} INFO - Started process (PID=994) to work on /home/airflow/.local/lib/python3.9/site-packages/airflow/example_dags/example_sla_dag.py
[2023-07-23T19:49:30.105+0000] {processor.py:826} INFO - Processing file /home/airflow/.local/lib/python3.9/site-packages/airflow/example_dags/example_sla_dag.py for tasks to queue
[2023-07-23T19:49:30.106+0000] {logging_mixin.py:150} INFO - [2023-07-23T19:49:30.106+0000] {dagbag.py:541} INFO - Filling up the DagBag from /home/airflow/.local/lib/python3.9/site-packages/airflow/example_dags/example_sla_dag.py
[2023-07-23T19:49:30.139+0000] {processor.py:836} INFO - DAG(s) dict_keys(['example_sla_dag']) retrieved from /home/airflow/.local/lib/python3.9/site-packages/airflow/example_dags/example_sla_dag.py
[2023-07-23T19:49:30.262+0000] {logging_mixin.py:150} INFO - [2023-07-23T19:49:30.261+0000] {dag.py:2742} INFO - Sync 1 DAGs
[2023-07-23T19:49:30.377+0000] {logging_mixin.py:150} INFO - [2023-07-23T19:49:30.377+0000] {dag.py:3504} INFO - Setting next_dagrun for example_sla_dag to 2023-07-23T19:46:00+00:00, run_after=2023-07-23T19:48:00+00:00
[2023-07-23T19:49:30.466+0000] {processor.py:179} INFO - Processing /home/airflow/.local/lib/python3.9/site-packages/airflow/example_dags/example_sla_dag.py took 0.389 seconds
[2023-07-23T19:50:00.733+0000] {processor.py:157} INFO - Started process (PID=1049) to work on /home/airflow/.local/lib/python3.9/site-packages/airflow/example_dags/example_sla_dag.py
[2023-07-23T19:50:00.755+0000] {processor.py:826} INFO - Processing file /home/airflow/.local/lib/python3.9/site-packages/airflow/example_dags/example_sla_dag.py for tasks to queue
[2023-07-23T19:50:00.756+0000] {logging_mixin.py:150} INFO - [2023-07-23T19:50:00.756+0000] {dagbag.py:541} INFO - Filling up the DagBag from /home/airflow/.local/lib/python3.9/site-packages/airflow/example_dags/example_sla_dag.py
[2023-07-23T19:50:00.780+0000] {processor.py:836} INFO - DAG(s) dict_keys(['example_sla_dag']) retrieved from /home/airflow/.local/lib/python3.9/site-packages/airflow/example_dags/example_sla_dag.py
[2023-07-23T19:50:00.875+0000] {logging_mixin.py:150} INFO - [2023-07-23T19:50:00.875+0000] {dag.py:2742} INFO - Sync 1 DAGs
[2023-07-23T19:50:00.919+0000] {logging_mixin.py:150} INFO - [2023-07-23T19:50:00.918+0000] {dag.py:3504} INFO - Setting next_dagrun for example_sla_dag to 2023-07-23T19:48:00+00:00, run_after=2023-07-23T19:50:00+00:00
[2023-07-23T19:50:00.965+0000] {processor.py:179} INFO - Processing /home/airflow/.local/lib/python3.9/site-packages/airflow/example_dags/example_sla_dag.py took 0.236 seconds
[2023-07-23T19:50:31.164+0000] {processor.py:157} INFO - Started process (PID=1110) to work on /home/airflow/.local/lib/python3.9/site-packages/airflow/example_dags/example_sla_dag.py
[2023-07-23T19:50:31.206+0000] {processor.py:826} INFO - Processing file /home/airflow/.local/lib/python3.9/site-packages/airflow/example_dags/example_sla_dag.py for tasks to queue
[2023-07-23T19:50:31.207+0000] {logging_mixin.py:150} INFO - [2023-07-23T19:50:31.207+0000] {dagbag.py:541} INFO - Filling up the DagBag from /home/airflow/.local/lib/python3.9/site-packages/airflow/example_dags/example_sla_dag.py
[2023-07-23T19:50:31.319+0000] {processor.py:836} INFO - DAG(s) dict_keys(['example_sla_dag']) retrieved from /home/airflow/.local/lib/python3.9/site-packages/airflow/example_dags/example_sla_dag.py
[2023-07-23T19:50:31.477+0000] {logging_mixin.py:150} INFO - [2023-07-23T19:50:31.477+0000] {dag.py:2742} INFO - Sync 1 DAGs
[2023-07-23T19:50:31.722+0000] {logging_mixin.py:150} INFO - [2023-07-23T19:50:31.721+0000] {dag.py:3504} INFO - Setting next_dagrun for example_sla_dag to 2023-07-23T19:48:00+00:00, run_after=2023-07-23T19:50:00+00:00
[2023-07-23T19:50:32.047+0000] {processor.py:179} INFO - Processing /home/airflow/.local/lib/python3.9/site-packages/airflow/example_dags/example_sla_dag.py took 0.887 seconds
[2023-07-23T19:51:02.447+0000] {processor.py:157} INFO - Started process (PID=1165) to work on /home/airflow/.local/lib/python3.9/site-packages/airflow/example_dags/example_sla_dag.py
[2023-07-23T19:51:02.449+0000] {processor.py:826} INFO - Processing file /home/airflow/.local/lib/python3.9/site-packages/airflow/example_dags/example_sla_dag.py for tasks to queue
[2023-07-23T19:51:02.450+0000] {logging_mixin.py:150} INFO - [2023-07-23T19:51:02.449+0000] {dagbag.py:541} INFO - Filling up the DagBag from /home/airflow/.local/lib/python3.9/site-packages/airflow/example_dags/example_sla_dag.py
[2023-07-23T19:51:02.471+0000] {processor.py:836} INFO - DAG(s) dict_keys(['example_sla_dag']) retrieved from /home/airflow/.local/lib/python3.9/site-packages/airflow/example_dags/example_sla_dag.py
[2023-07-23T19:51:02.580+0000] {logging_mixin.py:150} INFO - [2023-07-23T19:51:02.580+0000] {dag.py:2742} INFO - Sync 1 DAGs
[2023-07-23T19:51:02.681+0000] {logging_mixin.py:150} INFO - [2023-07-23T19:51:02.681+0000] {dag.py:3504} INFO - Setting next_dagrun for example_sla_dag to 2023-07-23T19:48:00+00:00, run_after=2023-07-23T19:50:00+00:00
[2023-07-23T19:51:02.758+0000] {processor.py:179} INFO - Processing /home/airflow/.local/lib/python3.9/site-packages/airflow/example_dags/example_sla_dag.py took 0.338 seconds
[2023-07-23T19:51:33.039+0000] {processor.py:157} INFO - Started process (PID=1226) to work on /home/airflow/.local/lib/python3.9/site-packages/airflow/example_dags/example_sla_dag.py
[2023-07-23T19:51:33.041+0000] {processor.py:826} INFO - Processing file /home/airflow/.local/lib/python3.9/site-packages/airflow/example_dags/example_sla_dag.py for tasks to queue
[2023-07-23T19:51:33.041+0000] {logging_mixin.py:150} INFO - [2023-07-23T19:51:33.041+0000] {dagbag.py:541} INFO - Filling up the DagBag from /home/airflow/.local/lib/python3.9/site-packages/airflow/example_dags/example_sla_dag.py
[2023-07-23T19:51:33.083+0000] {processor.py:836} INFO - DAG(s) dict_keys(['example_sla_dag']) retrieved from /home/airflow/.local/lib/python3.9/site-packages/airflow/example_dags/example_sla_dag.py
[2023-07-23T19:51:33.206+0000] {logging_mixin.py:150} INFO - [2023-07-23T19:51:33.206+0000] {dag.py:2742} INFO - Sync 1 DAGs
[2023-07-23T19:51:33.340+0000] {logging_mixin.py:150} INFO - [2023-07-23T19:51:33.340+0000] {dag.py:3504} INFO - Setting next_dagrun for example_sla_dag to 2023-07-23T19:48:00+00:00, run_after=2023-07-23T19:50:00+00:00
[2023-07-23T19:51:33.485+0000] {processor.py:179} INFO - Processing /home/airflow/.local/lib/python3.9/site-packages/airflow/example_dags/example_sla_dag.py took 0.485 seconds
[2023-07-23T19:52:03.854+0000] {processor.py:157} INFO - Started process (PID=1289) to work on /home/airflow/.local/lib/python3.9/site-packages/airflow/example_dags/example_sla_dag.py
[2023-07-23T19:52:03.886+0000] {processor.py:826} INFO - Processing file /home/airflow/.local/lib/python3.9/site-packages/airflow/example_dags/example_sla_dag.py for tasks to queue
[2023-07-23T19:52:03.887+0000] {logging_mixin.py:150} INFO - [2023-07-23T19:52:03.886+0000] {dagbag.py:541} INFO - Filling up the DagBag from /home/airflow/.local/lib/python3.9/site-packages/airflow/example_dags/example_sla_dag.py
[2023-07-23T19:52:03.928+0000] {processor.py:836} INFO - DAG(s) dict_keys(['example_sla_dag']) retrieved from /home/airflow/.local/lib/python3.9/site-packages/airflow/example_dags/example_sla_dag.py
[2023-07-23T19:52:04.046+0000] {logging_mixin.py:150} INFO - [2023-07-23T19:52:04.045+0000] {dag.py:2742} INFO - Sync 1 DAGs
[2023-07-23T19:52:04.130+0000] {logging_mixin.py:150} INFO - [2023-07-23T19:52:04.130+0000] {dag.py:3504} INFO - Setting next_dagrun for example_sla_dag to 2023-07-23T19:50:00+00:00, run_after=2023-07-23T19:52:00+00:00
[2023-07-23T19:52:04.198+0000] {processor.py:179} INFO - Processing /home/airflow/.local/lib/python3.9/site-packages/airflow/example_dags/example_sla_dag.py took 0.348 seconds
[2023-07-23T19:52:34.740+0000] {processor.py:157} INFO - Started process (PID=1343) to work on /home/airflow/.local/lib/python3.9/site-packages/airflow/example_dags/example_sla_dag.py
[2023-07-23T19:52:34.755+0000] {processor.py:826} INFO - Processing file /home/airflow/.local/lib/python3.9/site-packages/airflow/example_dags/example_sla_dag.py for tasks to queue
[2023-07-23T19:52:34.756+0000] {logging_mixin.py:150} INFO - [2023-07-23T19:52:34.756+0000] {dagbag.py:541} INFO - Filling up the DagBag from /home/airflow/.local/lib/python3.9/site-packages/airflow/example_dags/example_sla_dag.py
[2023-07-23T19:52:34.771+0000] {processor.py:836} INFO - DAG(s) dict_keys(['example_sla_dag']) retrieved from /home/airflow/.local/lib/python3.9/site-packages/airflow/example_dags/example_sla_dag.py
[2023-07-23T19:52:34.916+0000] {logging_mixin.py:150} INFO - [2023-07-23T19:52:34.916+0000] {dag.py:2742} INFO - Sync 1 DAGs
[2023-07-23T19:52:35.040+0000] {logging_mixin.py:150} INFO - [2023-07-23T19:52:35.040+0000] {dag.py:3504} INFO - Setting next_dagrun for example_sla_dag to 2023-07-23T19:50:00+00:00, run_after=2023-07-23T19:52:00+00:00
[2023-07-23T19:52:35.118+0000] {processor.py:179} INFO - Processing /home/airflow/.local/lib/python3.9/site-packages/airflow/example_dags/example_sla_dag.py took 0.382 seconds
[2023-07-23T19:53:11.813+0000] {processor.py:157} INFO - Started process (PID=1401) to work on /home/airflow/.local/lib/python3.9/site-packages/airflow/example_dags/example_sla_dag.py
[2023-07-23T19:53:11.868+0000] {processor.py:826} INFO - Processing file /home/airflow/.local/lib/python3.9/site-packages/airflow/example_dags/example_sla_dag.py for tasks to queue
[2023-07-23T19:53:11.869+0000] {logging_mixin.py:150} INFO - [2023-07-23T19:53:11.869+0000] {dagbag.py:541} INFO - Filling up the DagBag from /home/airflow/.local/lib/python3.9/site-packages/airflow/example_dags/example_sla_dag.py
[2023-07-23T19:53:11.923+0000] {processor.py:836} INFO - DAG(s) dict_keys(['example_sla_dag']) retrieved from /home/airflow/.local/lib/python3.9/site-packages/airflow/example_dags/example_sla_dag.py
[2023-07-23T19:53:12.308+0000] {logging_mixin.py:150} INFO - [2023-07-23T19:53:12.307+0000] {dag.py:2742} INFO - Sync 1 DAGs
[2023-07-23T19:53:12.612+0000] {logging_mixin.py:150} INFO - [2023-07-23T19:53:12.612+0000] {dag.py:3504} INFO - Setting next_dagrun for example_sla_dag to 2023-07-23T19:50:00+00:00, run_after=2023-07-23T19:52:00+00:00
[2023-07-23T19:53:12.845+0000] {processor.py:179} INFO - Processing /home/airflow/.local/lib/python3.9/site-packages/airflow/example_dags/example_sla_dag.py took 1.036 seconds
[2023-07-23T19:53:43.005+0000] {processor.py:157} INFO - Started process (PID=1463) to work on /home/airflow/.local/lib/python3.9/site-packages/airflow/example_dags/example_sla_dag.py
[2023-07-23T19:53:43.017+0000] {processor.py:826} INFO - Processing file /home/airflow/.local/lib/python3.9/site-packages/airflow/example_dags/example_sla_dag.py for tasks to queue
[2023-07-23T19:53:43.018+0000] {logging_mixin.py:150} INFO - [2023-07-23T19:53:43.017+0000] {dagbag.py:541} INFO - Filling up the DagBag from /home/airflow/.local/lib/python3.9/site-packages/airflow/example_dags/example_sla_dag.py
[2023-07-23T19:53:43.055+0000] {processor.py:836} INFO - DAG(s) dict_keys(['example_sla_dag']) retrieved from /home/airflow/.local/lib/python3.9/site-packages/airflow/example_dags/example_sla_dag.py
[2023-07-23T19:53:43.098+0000] {logging_mixin.py:150} INFO - [2023-07-23T19:53:43.098+0000] {dag.py:2742} INFO - Sync 1 DAGs
[2023-07-23T19:53:43.153+0000] {logging_mixin.py:150} INFO - [2023-07-23T19:53:43.153+0000] {dag.py:3504} INFO - Setting next_dagrun for example_sla_dag to 2023-07-23T19:50:00+00:00, run_after=2023-07-23T19:52:00+00:00
[2023-07-23T19:53:43.221+0000] {processor.py:179} INFO - Processing /home/airflow/.local/lib/python3.9/site-packages/airflow/example_dags/example_sla_dag.py took 0.221 seconds
[2023-07-23T19:54:13.963+0000] {processor.py:157} INFO - Started process (PID=1525) to work on /home/airflow/.local/lib/python3.9/site-packages/airflow/example_dags/example_sla_dag.py
[2023-07-23T19:54:13.995+0000] {processor.py:826} INFO - Processing file /home/airflow/.local/lib/python3.9/site-packages/airflow/example_dags/example_sla_dag.py for tasks to queue
[2023-07-23T19:54:13.997+0000] {logging_mixin.py:150} INFO - [2023-07-23T19:54:13.996+0000] {dagbag.py:541} INFO - Filling up the DagBag from /home/airflow/.local/lib/python3.9/site-packages/airflow/example_dags/example_sla_dag.py
[2023-07-23T19:54:14.078+0000] {processor.py:836} INFO - DAG(s) dict_keys(['example_sla_dag']) retrieved from /home/airflow/.local/lib/python3.9/site-packages/airflow/example_dags/example_sla_dag.py
[2023-07-23T19:54:14.236+0000] {logging_mixin.py:150} INFO - [2023-07-23T19:54:14.236+0000] {dag.py:2742} INFO - Sync 1 DAGs
[2023-07-23T19:54:14.380+0000] {logging_mixin.py:150} INFO - [2023-07-23T19:54:14.380+0000] {dag.py:3504} INFO - Setting next_dagrun for example_sla_dag to 2023-07-23T19:52:00+00:00, run_after=2023-07-23T19:54:00+00:00
[2023-07-23T19:54:14.506+0000] {processor.py:179} INFO - Processing /home/airflow/.local/lib/python3.9/site-packages/airflow/example_dags/example_sla_dag.py took 0.547 seconds
[2023-07-23T19:54:45.041+0000] {processor.py:157} INFO - Started process (PID=1586) to work on /home/airflow/.local/lib/python3.9/site-packages/airflow/example_dags/example_sla_dag.py
[2023-07-23T19:54:45.082+0000] {processor.py:826} INFO - Processing file /home/airflow/.local/lib/python3.9/site-packages/airflow/example_dags/example_sla_dag.py for tasks to queue
[2023-07-23T19:54:45.083+0000] {logging_mixin.py:150} INFO - [2023-07-23T19:54:45.083+0000] {dagbag.py:541} INFO - Filling up the DagBag from /home/airflow/.local/lib/python3.9/site-packages/airflow/example_dags/example_sla_dag.py
[2023-07-23T19:54:45.111+0000] {processor.py:836} INFO - DAG(s) dict_keys(['example_sla_dag']) retrieved from /home/airflow/.local/lib/python3.9/site-packages/airflow/example_dags/example_sla_dag.py
[2023-07-23T19:54:45.190+0000] {logging_mixin.py:150} INFO - [2023-07-23T19:54:45.189+0000] {dag.py:2742} INFO - Sync 1 DAGs
[2023-07-23T19:54:45.336+0000] {logging_mixin.py:150} INFO - [2023-07-23T19:54:45.335+0000] {dag.py:3504} INFO - Setting next_dagrun for example_sla_dag to 2023-07-23T19:52:00+00:00, run_after=2023-07-23T19:54:00+00:00
[2023-07-23T19:54:45.418+0000] {processor.py:179} INFO - Processing /home/airflow/.local/lib/python3.9/site-packages/airflow/example_dags/example_sla_dag.py took 0.380 seconds
[2023-07-23T19:55:17.392+0000] {processor.py:157} INFO - Started process (PID=1650) to work on /home/airflow/.local/lib/python3.9/site-packages/airflow/example_dags/example_sla_dag.py
[2023-07-23T19:55:17.425+0000] {processor.py:826} INFO - Processing file /home/airflow/.local/lib/python3.9/site-packages/airflow/example_dags/example_sla_dag.py for tasks to queue
[2023-07-23T19:55:17.427+0000] {logging_mixin.py:150} INFO - [2023-07-23T19:55:17.426+0000] {dagbag.py:541} INFO - Filling up the DagBag from /home/airflow/.local/lib/python3.9/site-packages/airflow/example_dags/example_sla_dag.py
[2023-07-23T19:55:17.536+0000] {processor.py:836} INFO - DAG(s) dict_keys(['example_sla_dag']) retrieved from /home/airflow/.local/lib/python3.9/site-packages/airflow/example_dags/example_sla_dag.py
[2023-07-23T19:55:17.639+0000] {logging_mixin.py:150} INFO - [2023-07-23T19:55:17.639+0000] {dag.py:2742} INFO - Sync 1 DAGs
[2023-07-23T19:55:17.783+0000] {logging_mixin.py:150} INFO - [2023-07-23T19:55:17.782+0000] {dag.py:3504} INFO - Setting next_dagrun for example_sla_dag to 2023-07-23T19:52:00+00:00, run_after=2023-07-23T19:54:00+00:00
[2023-07-23T19:55:17.986+0000] {processor.py:179} INFO - Processing /home/airflow/.local/lib/python3.9/site-packages/airflow/example_dags/example_sla_dag.py took 0.598 seconds
[2023-07-23T19:55:48.874+0000] {processor.py:157} INFO - Started process (PID=1713) to work on /home/airflow/.local/lib/python3.9/site-packages/airflow/example_dags/example_sla_dag.py
[2023-07-23T19:55:48.905+0000] {processor.py:826} INFO - Processing file /home/airflow/.local/lib/python3.9/site-packages/airflow/example_dags/example_sla_dag.py for tasks to queue
[2023-07-23T19:55:48.907+0000] {logging_mixin.py:150} INFO - [2023-07-23T19:55:48.906+0000] {dagbag.py:541} INFO - Filling up the DagBag from /home/airflow/.local/lib/python3.9/site-packages/airflow/example_dags/example_sla_dag.py
[2023-07-23T19:55:48.949+0000] {processor.py:836} INFO - DAG(s) dict_keys(['example_sla_dag']) retrieved from /home/airflow/.local/lib/python3.9/site-packages/airflow/example_dags/example_sla_dag.py
[2023-07-23T19:55:49.078+0000] {logging_mixin.py:150} INFO - [2023-07-23T19:55:49.077+0000] {dag.py:2742} INFO - Sync 1 DAGs
[2023-07-23T19:55:49.170+0000] {logging_mixin.py:150} INFO - [2023-07-23T19:55:49.170+0000] {dag.py:3504} INFO - Setting next_dagrun for example_sla_dag to 2023-07-23T19:52:00+00:00, run_after=2023-07-23T19:54:00+00:00
[2023-07-23T19:55:49.293+0000] {processor.py:179} INFO - Processing /home/airflow/.local/lib/python3.9/site-packages/airflow/example_dags/example_sla_dag.py took 0.424 seconds
[2023-07-23T19:56:21.035+0000] {processor.py:157} INFO - Started process (PID=1773) to work on /home/airflow/.local/lib/python3.9/site-packages/airflow/example_dags/example_sla_dag.py
[2023-07-23T19:56:21.042+0000] {processor.py:826} INFO - Processing file /home/airflow/.local/lib/python3.9/site-packages/airflow/example_dags/example_sla_dag.py for tasks to queue
[2023-07-23T19:56:21.043+0000] {logging_mixin.py:150} INFO - [2023-07-23T19:56:21.043+0000] {dagbag.py:541} INFO - Filling up the DagBag from /home/airflow/.local/lib/python3.9/site-packages/airflow/example_dags/example_sla_dag.py
[2023-07-23T19:56:21.055+0000] {processor.py:836} INFO - DAG(s) dict_keys(['example_sla_dag']) retrieved from /home/airflow/.local/lib/python3.9/site-packages/airflow/example_dags/example_sla_dag.py
[2023-07-23T19:56:21.216+0000] {logging_mixin.py:150} INFO - [2023-07-23T19:56:21.215+0000] {dag.py:2742} INFO - Sync 1 DAGs
[2023-07-23T19:56:21.299+0000] {logging_mixin.py:150} INFO - [2023-07-23T19:56:21.299+0000] {dag.py:3504} INFO - Setting next_dagrun for example_sla_dag to 2023-07-23T19:54:00+00:00, run_after=2023-07-23T19:56:00+00:00
[2023-07-23T19:56:21.387+0000] {processor.py:179} INFO - Processing /home/airflow/.local/lib/python3.9/site-packages/airflow/example_dags/example_sla_dag.py took 0.388 seconds
[2023-07-23T19:56:52.004+0000] {processor.py:157} INFO - Started process (PID=1834) to work on /home/airflow/.local/lib/python3.9/site-packages/airflow/example_dags/example_sla_dag.py
[2023-07-23T19:56:52.015+0000] {processor.py:826} INFO - Processing file /home/airflow/.local/lib/python3.9/site-packages/airflow/example_dags/example_sla_dag.py for tasks to queue
[2023-07-23T19:56:52.016+0000] {logging_mixin.py:150} INFO - [2023-07-23T19:56:52.016+0000] {dagbag.py:541} INFO - Filling up the DagBag from /home/airflow/.local/lib/python3.9/site-packages/airflow/example_dags/example_sla_dag.py
[2023-07-23T19:56:52.033+0000] {processor.py:836} INFO - DAG(s) dict_keys(['example_sla_dag']) retrieved from /home/airflow/.local/lib/python3.9/site-packages/airflow/example_dags/example_sla_dag.py
[2023-07-23T19:56:52.099+0000] {logging_mixin.py:150} INFO - [2023-07-23T19:56:52.099+0000] {dag.py:2742} INFO - Sync 1 DAGs
[2023-07-23T19:56:52.200+0000] {logging_mixin.py:150} INFO - [2023-07-23T19:56:52.200+0000] {dag.py:3504} INFO - Setting next_dagrun for example_sla_dag to 2023-07-23T19:54:00+00:00, run_after=2023-07-23T19:56:00+00:00
[2023-07-23T19:56:52.256+0000] {processor.py:179} INFO - Processing /home/airflow/.local/lib/python3.9/site-packages/airflow/example_dags/example_sla_dag.py took 0.257 seconds
[2023-07-23T19:58:34.078+0000] {processor.py:157} INFO - Started process (PID=1933) to work on /home/airflow/.local/lib/python3.9/site-packages/airflow/example_dags/example_sla_dag.py
[2023-07-23T19:58:34.091+0000] {processor.py:826} INFO - Processing file /home/airflow/.local/lib/python3.9/site-packages/airflow/example_dags/example_sla_dag.py for tasks to queue
[2023-07-23T19:58:34.092+0000] {logging_mixin.py:150} INFO - [2023-07-23T19:58:34.092+0000] {dagbag.py:541} INFO - Filling up the DagBag from /home/airflow/.local/lib/python3.9/site-packages/airflow/example_dags/example_sla_dag.py
[2023-07-23T19:58:34.316+0000] {processor.py:836} INFO - DAG(s) dict_keys(['example_sla_dag']) retrieved from /home/airflow/.local/lib/python3.9/site-packages/airflow/example_dags/example_sla_dag.py
[2023-07-23T19:58:35.247+0000] {logging_mixin.py:150} INFO - [2023-07-23T19:58:35.247+0000] {dag.py:2742} INFO - Sync 1 DAGs
[2023-07-23T19:58:36.088+0000] {logging_mixin.py:150} INFO - [2023-07-23T19:58:36.088+0000] {dag.py:3504} INFO - Setting next_dagrun for example_sla_dag to 2023-07-23T19:56:00+00:00, run_after=2023-07-23T19:58:00+00:00
[2023-07-23T19:58:36.451+0000] {processor.py:179} INFO - Processing /home/airflow/.local/lib/python3.9/site-packages/airflow/example_dags/example_sla_dag.py took 2.528 seconds
[2023-07-23T20:05:56.012+0000] {processor.py:157} INFO - Started process (PID=134) to work on /home/airflow/.local/lib/python3.9/site-packages/airflow/example_dags/example_sla_dag.py
[2023-07-23T20:05:56.019+0000] {processor.py:826} INFO - Processing file /home/airflow/.local/lib/python3.9/site-packages/airflow/example_dags/example_sla_dag.py for tasks to queue
[2023-07-23T20:05:56.020+0000] {logging_mixin.py:150} INFO - [2023-07-23T20:05:56.020+0000] {dagbag.py:541} INFO - Filling up the DagBag from /home/airflow/.local/lib/python3.9/site-packages/airflow/example_dags/example_sla_dag.py
[2023-07-23T20:05:56.551+0000] {processor.py:836} INFO - DAG(s) dict_keys(['example_sla_dag']) retrieved from /home/airflow/.local/lib/python3.9/site-packages/airflow/example_dags/example_sla_dag.py
[2023-07-23T20:05:56.635+0000] {logging_mixin.py:150} INFO - [2023-07-23T20:05:56.634+0000] {dag.py:2742} INFO - Sync 1 DAGs
[2023-07-23T20:05:56.726+0000] {logging_mixin.py:150} INFO - [2023-07-23T20:05:56.726+0000] {dag.py:3504} INFO - Setting next_dagrun for example_sla_dag to 2023-07-23T20:02:00+00:00, run_after=2023-07-23T20:04:00+00:00
[2023-07-23T20:05:56.809+0000] {processor.py:179} INFO - Processing /home/airflow/.local/lib/python3.9/site-packages/airflow/example_dags/example_sla_dag.py took 0.801 seconds
[2023-07-23T20:06:41.903+0000] {processor.py:157} INFO - Started process (PID=196) to work on /home/airflow/.local/lib/python3.9/site-packages/airflow/example_dags/example_sla_dag.py
[2023-07-23T20:06:41.905+0000] {processor.py:826} INFO - Processing file /home/airflow/.local/lib/python3.9/site-packages/airflow/example_dags/example_sla_dag.py for tasks to queue
[2023-07-23T20:06:41.931+0000] {logging_mixin.py:150} INFO - [2023-07-23T20:06:41.930+0000] {dagbag.py:541} INFO - Filling up the DagBag from /home/airflow/.local/lib/python3.9/site-packages/airflow/example_dags/example_sla_dag.py
[2023-07-23T20:06:42.457+0000] {processor.py:836} INFO - DAG(s) dict_keys(['example_sla_dag']) retrieved from /home/airflow/.local/lib/python3.9/site-packages/airflow/example_dags/example_sla_dag.py
[2023-07-23T20:06:43.606+0000] {logging_mixin.py:150} INFO - [2023-07-23T20:06:43.605+0000] {dag.py:2742} INFO - Sync 1 DAGs
[2023-07-23T20:06:44.334+0000] {logging_mixin.py:150} INFO - [2023-07-23T20:06:44.334+0000] {dag.py:3504} INFO - Setting next_dagrun for example_sla_dag to 2023-07-23T20:04:00+00:00, run_after=2023-07-23T20:06:00+00:00
[2023-07-23T20:06:44.924+0000] {processor.py:179} INFO - Processing /home/airflow/.local/lib/python3.9/site-packages/airflow/example_dags/example_sla_dag.py took 3.062 seconds
[2023-07-23T20:09:02.112+0000] {processor.py:157} INFO - Started process (PID=304) to work on /home/airflow/.local/lib/python3.9/site-packages/airflow/example_dags/example_sla_dag.py
[2023-07-23T20:09:02.123+0000] {processor.py:826} INFO - Processing file /home/airflow/.local/lib/python3.9/site-packages/airflow/example_dags/example_sla_dag.py for tasks to queue
[2023-07-23T20:09:02.125+0000] {logging_mixin.py:150} INFO - [2023-07-23T20:09:02.124+0000] {dagbag.py:541} INFO - Filling up the DagBag from /home/airflow/.local/lib/python3.9/site-packages/airflow/example_dags/example_sla_dag.py
[2023-07-23T20:09:02.554+0000] {processor.py:836} INFO - DAG(s) dict_keys(['example_sla_dag']) retrieved from /home/airflow/.local/lib/python3.9/site-packages/airflow/example_dags/example_sla_dag.py
[2023-07-23T20:09:03.551+0000] {logging_mixin.py:150} INFO - [2023-07-23T20:09:03.551+0000] {dag.py:2742} INFO - Sync 1 DAGs
[2023-07-23T20:09:04.952+0000] {logging_mixin.py:150} INFO - [2023-07-23T20:09:04.952+0000] {dag.py:3504} INFO - Setting next_dagrun for example_sla_dag to 2023-07-23T20:06:00+00:00, run_after=2023-07-23T20:08:00+00:00
[2023-07-23T20:09:06.179+0000] {processor.py:179} INFO - Processing /home/airflow/.local/lib/python3.9/site-packages/airflow/example_dags/example_sla_dag.py took 4.108 seconds
[2023-07-23T20:10:11.523+0000] {processor.py:157} INFO - Started process (PID=381) to work on /home/airflow/.local/lib/python3.9/site-packages/airflow/example_dags/example_sla_dag.py
[2023-07-23T20:10:11.556+0000] {processor.py:826} INFO - Processing file /home/airflow/.local/lib/python3.9/site-packages/airflow/example_dags/example_sla_dag.py for tasks to queue
[2023-07-23T20:10:11.557+0000] {logging_mixin.py:150} INFO - [2023-07-23T20:10:11.557+0000] {dagbag.py:541} INFO - Filling up the DagBag from /home/airflow/.local/lib/python3.9/site-packages/airflow/example_dags/example_sla_dag.py
[2023-07-23T20:10:11.599+0000] {processor.py:836} INFO - DAG(s) dict_keys(['example_sla_dag']) retrieved from /home/airflow/.local/lib/python3.9/site-packages/airflow/example_dags/example_sla_dag.py
[2023-07-23T20:10:11.716+0000] {logging_mixin.py:150} INFO - [2023-07-23T20:10:11.716+0000] {dag.py:2742} INFO - Sync 1 DAGs
[2023-07-23T20:10:11.820+0000] {logging_mixin.py:150} INFO - [2023-07-23T20:10:11.820+0000] {dag.py:3504} INFO - Setting next_dagrun for example_sla_dag to 2023-07-23T20:08:00+00:00, run_after=2023-07-23T20:10:00+00:00
[2023-07-23T20:10:11.937+0000] {processor.py:179} INFO - Processing /home/airflow/.local/lib/python3.9/site-packages/airflow/example_dags/example_sla_dag.py took 0.418 seconds
[2023-07-23T20:10:42.569+0000] {processor.py:157} INFO - Started process (PID=443) to work on /home/airflow/.local/lib/python3.9/site-packages/airflow/example_dags/example_sla_dag.py
[2023-07-23T20:10:42.577+0000] {processor.py:826} INFO - Processing file /home/airflow/.local/lib/python3.9/site-packages/airflow/example_dags/example_sla_dag.py for tasks to queue
[2023-07-23T20:10:42.578+0000] {logging_mixin.py:150} INFO - [2023-07-23T20:10:42.577+0000] {dagbag.py:541} INFO - Filling up the DagBag from /home/airflow/.local/lib/python3.9/site-packages/airflow/example_dags/example_sla_dag.py
[2023-07-23T20:10:42.622+0000] {processor.py:836} INFO - DAG(s) dict_keys(['example_sla_dag']) retrieved from /home/airflow/.local/lib/python3.9/site-packages/airflow/example_dags/example_sla_dag.py
[2023-07-23T20:10:42.776+0000] {logging_mixin.py:150} INFO - [2023-07-23T20:10:42.776+0000] {dag.py:2742} INFO - Sync 1 DAGs
[2023-07-23T20:10:42.982+0000] {logging_mixin.py:150} INFO - [2023-07-23T20:10:42.982+0000] {dag.py:3504} INFO - Setting next_dagrun for example_sla_dag to 2023-07-23T20:08:00+00:00, run_after=2023-07-23T20:10:00+00:00
[2023-07-23T20:10:43.197+0000] {processor.py:179} INFO - Processing /home/airflow/.local/lib/python3.9/site-packages/airflow/example_dags/example_sla_dag.py took 0.683 seconds
[2023-07-23T20:11:14.096+0000] {processor.py:157} INFO - Started process (PID=499) to work on /home/airflow/.local/lib/python3.9/site-packages/airflow/example_dags/example_sla_dag.py
[2023-07-23T20:11:14.106+0000] {processor.py:826} INFO - Processing file /home/airflow/.local/lib/python3.9/site-packages/airflow/example_dags/example_sla_dag.py for tasks to queue
[2023-07-23T20:11:14.107+0000] {logging_mixin.py:150} INFO - [2023-07-23T20:11:14.106+0000] {dagbag.py:541} INFO - Filling up the DagBag from /home/airflow/.local/lib/python3.9/site-packages/airflow/example_dags/example_sla_dag.py
[2023-07-23T20:11:14.128+0000] {processor.py:836} INFO - DAG(s) dict_keys(['example_sla_dag']) retrieved from /home/airflow/.local/lib/python3.9/site-packages/airflow/example_dags/example_sla_dag.py
[2023-07-23T20:11:14.176+0000] {logging_mixin.py:150} INFO - [2023-07-23T20:11:14.176+0000] {dag.py:2742} INFO - Sync 1 DAGs
[2023-07-23T20:11:14.245+0000] {logging_mixin.py:150} INFO - [2023-07-23T20:11:14.244+0000] {dag.py:3504} INFO - Setting next_dagrun for example_sla_dag to 2023-07-23T20:08:00+00:00, run_after=2023-07-23T20:10:00+00:00
[2023-07-23T20:11:14.330+0000] {processor.py:179} INFO - Processing /home/airflow/.local/lib/python3.9/site-packages/airflow/example_dags/example_sla_dag.py took 0.248 seconds
[2023-07-23T20:12:05.428+0000] {processor.py:157} INFO - Started process (PID=571) to work on /home/airflow/.local/lib/python3.9/site-packages/airflow/example_dags/example_sla_dag.py
[2023-07-23T20:12:05.439+0000] {processor.py:826} INFO - Processing file /home/airflow/.local/lib/python3.9/site-packages/airflow/example_dags/example_sla_dag.py for tasks to queue
[2023-07-23T20:12:05.440+0000] {logging_mixin.py:150} INFO - [2023-07-23T20:12:05.439+0000] {dagbag.py:541} INFO - Filling up the DagBag from /home/airflow/.local/lib/python3.9/site-packages/airflow/example_dags/example_sla_dag.py
[2023-07-23T20:12:05.544+0000] {processor.py:836} INFO - DAG(s) dict_keys(['example_sla_dag']) retrieved from /home/airflow/.local/lib/python3.9/site-packages/airflow/example_dags/example_sla_dag.py
[2023-07-23T20:12:05.988+0000] {logging_mixin.py:150} INFO - [2023-07-23T20:12:05.987+0000] {dag.py:2742} INFO - Sync 1 DAGs
[2023-07-23T20:12:06.872+0000] {logging_mixin.py:150} INFO - [2023-07-23T20:12:06.872+0000] {dag.py:3504} INFO - Setting next_dagrun for example_sla_dag to 2023-07-23T20:10:00+00:00, run_after=2023-07-23T20:12:00+00:00
[2023-07-23T20:12:07.157+0000] {processor.py:179} INFO - Processing /home/airflow/.local/lib/python3.9/site-packages/airflow/example_dags/example_sla_dag.py took 1.758 seconds
[2023-07-23T20:13:41.221+0000] {processor.py:157} INFO - Started process (PID=654) to work on /home/airflow/.local/lib/python3.9/site-packages/airflow/example_dags/example_sla_dag.py
[2023-07-23T20:13:41.236+0000] {processor.py:826} INFO - Processing file /home/airflow/.local/lib/python3.9/site-packages/airflow/example_dags/example_sla_dag.py for tasks to queue
[2023-07-23T20:13:41.237+0000] {logging_mixin.py:150} INFO - [2023-07-23T20:13:41.236+0000] {dagbag.py:541} INFO - Filling up the DagBag from /home/airflow/.local/lib/python3.9/site-packages/airflow/example_dags/example_sla_dag.py
[2023-07-23T20:13:41.468+0000] {processor.py:836} INFO - DAG(s) dict_keys(['example_sla_dag']) retrieved from /home/airflow/.local/lib/python3.9/site-packages/airflow/example_dags/example_sla_dag.py
[2023-07-23T20:13:42.774+0000] {logging_mixin.py:150} INFO - [2023-07-23T20:13:42.773+0000] {dag.py:2742} INFO - Sync 1 DAGs
[2023-07-23T20:13:43.901+0000] {logging_mixin.py:150} INFO - [2023-07-23T20:13:43.901+0000] {dag.py:3504} INFO - Setting next_dagrun for example_sla_dag to 2023-07-23T20:10:00+00:00, run_after=2023-07-23T20:12:00+00:00
[2023-07-23T20:13:44.477+0000] {processor.py:179} INFO - Processing /home/airflow/.local/lib/python3.9/site-packages/airflow/example_dags/example_sla_dag.py took 3.321 seconds
[2023-07-23T20:15:19.503+0000] {processor.py:157} INFO - Started process (PID=752) to work on /home/airflow/.local/lib/python3.9/site-packages/airflow/example_dags/example_sla_dag.py
[2023-07-23T20:15:19.518+0000] {processor.py:826} INFO - Processing file /home/airflow/.local/lib/python3.9/site-packages/airflow/example_dags/example_sla_dag.py for tasks to queue
[2023-07-23T20:15:19.520+0000] {logging_mixin.py:150} INFO - [2023-07-23T20:15:19.520+0000] {dagbag.py:541} INFO - Filling up the DagBag from /home/airflow/.local/lib/python3.9/site-packages/airflow/example_dags/example_sla_dag.py
[2023-07-23T20:15:19.558+0000] {processor.py:836} INFO - DAG(s) dict_keys(['example_sla_dag']) retrieved from /home/airflow/.local/lib/python3.9/site-packages/airflow/example_dags/example_sla_dag.py
[2023-07-23T20:15:19.646+0000] {logging_mixin.py:150} INFO - [2023-07-23T20:15:19.646+0000] {dag.py:2742} INFO - Sync 1 DAGs
[2023-07-23T20:15:19.750+0000] {logging_mixin.py:150} INFO - [2023-07-23T20:15:19.750+0000] {dag.py:3504} INFO - Setting next_dagrun for example_sla_dag to 2023-07-23T20:12:00+00:00, run_after=2023-07-23T20:14:00+00:00
[2023-07-23T20:15:19.868+0000] {processor.py:179} INFO - Processing /home/airflow/.local/lib/python3.9/site-packages/airflow/example_dags/example_sla_dag.py took 0.397 seconds
[2023-07-23T20:15:52.247+0000] {processor.py:157} INFO - Started process (PID=813) to work on /home/airflow/.local/lib/python3.9/site-packages/airflow/example_dags/example_sla_dag.py
[2023-07-23T20:15:52.265+0000] {processor.py:826} INFO - Processing file /home/airflow/.local/lib/python3.9/site-packages/airflow/example_dags/example_sla_dag.py for tasks to queue
[2023-07-23T20:15:52.266+0000] {logging_mixin.py:150} INFO - [2023-07-23T20:15:52.266+0000] {dagbag.py:541} INFO - Filling up the DagBag from /home/airflow/.local/lib/python3.9/site-packages/airflow/example_dags/example_sla_dag.py
[2023-07-23T20:15:52.330+0000] {processor.py:836} INFO - DAG(s) dict_keys(['example_sla_dag']) retrieved from /home/airflow/.local/lib/python3.9/site-packages/airflow/example_dags/example_sla_dag.py
[2023-07-23T20:15:52.412+0000] {logging_mixin.py:150} INFO - [2023-07-23T20:15:52.412+0000] {dag.py:2742} INFO - Sync 1 DAGs
[2023-07-23T20:15:52.550+0000] {logging_mixin.py:150} INFO - [2023-07-23T20:15:52.550+0000] {dag.py:3504} INFO - Setting next_dagrun for example_sla_dag to 2023-07-23T20:12:00+00:00, run_after=2023-07-23T20:14:00+00:00
[2023-07-23T20:15:52.621+0000] {processor.py:179} INFO - Processing /home/airflow/.local/lib/python3.9/site-packages/airflow/example_dags/example_sla_dag.py took 0.399 seconds
[2023-07-23T20:16:37.940+0000] {processor.py:157} INFO - Started process (PID=874) to work on /home/airflow/.local/lib/python3.9/site-packages/airflow/example_dags/example_sla_dag.py
[2023-07-23T20:16:37.956+0000] {processor.py:826} INFO - Processing file /home/airflow/.local/lib/python3.9/site-packages/airflow/example_dags/example_sla_dag.py for tasks to queue
[2023-07-23T20:16:37.957+0000] {logging_mixin.py:150} INFO - [2023-07-23T20:16:37.957+0000] {dagbag.py:541} INFO - Filling up the DagBag from /home/airflow/.local/lib/python3.9/site-packages/airflow/example_dags/example_sla_dag.py
[2023-07-23T20:16:38.230+0000] {processor.py:836} INFO - DAG(s) dict_keys(['example_sla_dag']) retrieved from /home/airflow/.local/lib/python3.9/site-packages/airflow/example_dags/example_sla_dag.py
[2023-07-23T20:16:38.897+0000] {logging_mixin.py:150} INFO - [2023-07-23T20:16:38.896+0000] {dag.py:2742} INFO - Sync 1 DAGs
[2023-07-23T20:16:39.417+0000] {logging_mixin.py:150} INFO - [2023-07-23T20:16:39.417+0000] {dag.py:3504} INFO - Setting next_dagrun for example_sla_dag to 2023-07-23T20:14:00+00:00, run_after=2023-07-23T20:16:00+00:00
[2023-07-23T20:16:40.016+0000] {processor.py:179} INFO - Processing /home/airflow/.local/lib/python3.9/site-packages/airflow/example_dags/example_sla_dag.py took 2.170 seconds
[2023-07-23T20:18:50.765+0000] {processor.py:157} INFO - Started process (PID=965) to work on /home/airflow/.local/lib/python3.9/site-packages/airflow/example_dags/example_sla_dag.py
[2023-07-23T20:18:50.789+0000] {processor.py:826} INFO - Processing file /home/airflow/.local/lib/python3.9/site-packages/airflow/example_dags/example_sla_dag.py for tasks to queue
[2023-07-23T20:18:50.790+0000] {logging_mixin.py:150} INFO - [2023-07-23T20:18:50.790+0000] {dagbag.py:541} INFO - Filling up the DagBag from /home/airflow/.local/lib/python3.9/site-packages/airflow/example_dags/example_sla_dag.py
[2023-07-23T20:18:51.390+0000] {processor.py:836} INFO - DAG(s) dict_keys(['example_sla_dag']) retrieved from /home/airflow/.local/lib/python3.9/site-packages/airflow/example_dags/example_sla_dag.py
[2023-07-23T20:18:52.492+0000] {logging_mixin.py:150} INFO - [2023-07-23T20:18:52.491+0000] {dag.py:2742} INFO - Sync 1 DAGs
[2023-07-23T20:18:54.893+0000] {logging_mixin.py:150} INFO - [2023-07-23T20:18:54.892+0000] {dag.py:3504} INFO - Setting next_dagrun for example_sla_dag to 2023-07-23T20:16:00+00:00, run_after=2023-07-23T20:18:00+00:00
[2023-07-23T20:18:56.176+0000] {processor.py:179} INFO - Processing /home/airflow/.local/lib/python3.9/site-packages/airflow/example_dags/example_sla_dag.py took 5.749 seconds
[2023-07-23T20:20:26.154+0000] {processor.py:157} INFO - Started process (PID=1048) to work on /home/airflow/.local/lib/python3.9/site-packages/airflow/example_dags/example_sla_dag.py
[2023-07-23T20:20:26.185+0000] {processor.py:826} INFO - Processing file /home/airflow/.local/lib/python3.9/site-packages/airflow/example_dags/example_sla_dag.py for tasks to queue
[2023-07-23T20:20:26.187+0000] {logging_mixin.py:150} INFO - [2023-07-23T20:20:26.186+0000] {dagbag.py:541} INFO - Filling up the DagBag from /home/airflow/.local/lib/python3.9/site-packages/airflow/example_dags/example_sla_dag.py
[2023-07-23T20:20:26.228+0000] {processor.py:836} INFO - DAG(s) dict_keys(['example_sla_dag']) retrieved from /home/airflow/.local/lib/python3.9/site-packages/airflow/example_dags/example_sla_dag.py
[2023-07-23T20:20:26.316+0000] {logging_mixin.py:150} INFO - [2023-07-23T20:20:26.316+0000] {dag.py:2742} INFO - Sync 1 DAGs
[2023-07-23T20:20:26.418+0000] {logging_mixin.py:150} INFO - [2023-07-23T20:20:26.418+0000] {dag.py:3504} INFO - Setting next_dagrun for example_sla_dag to 2023-07-23T20:18:00+00:00, run_after=2023-07-23T20:20:00+00:00
[2023-07-23T20:20:26.526+0000] {processor.py:179} INFO - Processing /home/airflow/.local/lib/python3.9/site-packages/airflow/example_dags/example_sla_dag.py took 0.376 seconds
[2023-07-23T20:20:57.863+0000] {processor.py:157} INFO - Started process (PID=1109) to work on /home/airflow/.local/lib/python3.9/site-packages/airflow/example_dags/example_sla_dag.py
[2023-07-23T20:20:57.864+0000] {processor.py:826} INFO - Processing file /home/airflow/.local/lib/python3.9/site-packages/airflow/example_dags/example_sla_dag.py for tasks to queue
[2023-07-23T20:20:57.865+0000] {logging_mixin.py:150} INFO - [2023-07-23T20:20:57.865+0000] {dagbag.py:541} INFO - Filling up the DagBag from /home/airflow/.local/lib/python3.9/site-packages/airflow/example_dags/example_sla_dag.py
[2023-07-23T20:20:57.900+0000] {processor.py:836} INFO - DAG(s) dict_keys(['example_sla_dag']) retrieved from /home/airflow/.local/lib/python3.9/site-packages/airflow/example_dags/example_sla_dag.py
[2023-07-23T20:20:58.005+0000] {logging_mixin.py:150} INFO - [2023-07-23T20:20:58.004+0000] {dag.py:2742} INFO - Sync 1 DAGs
[2023-07-23T20:20:58.063+0000] {logging_mixin.py:150} INFO - [2023-07-23T20:20:58.063+0000] {dag.py:3504} INFO - Setting next_dagrun for example_sla_dag to 2023-07-23T20:18:00+00:00, run_after=2023-07-23T20:20:00+00:00
[2023-07-23T20:20:58.110+0000] {processor.py:179} INFO - Processing /home/airflow/.local/lib/python3.9/site-packages/airflow/example_dags/example_sla_dag.py took 0.251 seconds
[2023-07-23T20:24:40.850+0000] {processor.py:157} INFO - Started process (PID=1262) to work on /home/airflow/.local/lib/python3.9/site-packages/airflow/example_dags/example_sla_dag.py
[2023-07-23T20:24:40.877+0000] {processor.py:826} INFO - Processing file /home/airflow/.local/lib/python3.9/site-packages/airflow/example_dags/example_sla_dag.py for tasks to queue
[2023-07-23T20:24:40.878+0000] {logging_mixin.py:150} INFO - [2023-07-23T20:24:40.877+0000] {dagbag.py:541} INFO - Filling up the DagBag from /home/airflow/.local/lib/python3.9/site-packages/airflow/example_dags/example_sla_dag.py
[2023-07-23T20:24:41.446+0000] {processor.py:836} INFO - DAG(s) dict_keys(['example_sla_dag']) retrieved from /home/airflow/.local/lib/python3.9/site-packages/airflow/example_dags/example_sla_dag.py
[2023-07-23T20:24:42.929+0000] {logging_mixin.py:150} INFO - [2023-07-23T20:24:42.929+0000] {dag.py:2742} INFO - Sync 1 DAGs
[2023-07-23T20:24:44.320+0000] {logging_mixin.py:150} INFO - [2023-07-23T20:24:44.320+0000] {dag.py:3504} INFO - Setting next_dagrun for example_sla_dag to 2023-07-23T20:22:00+00:00, run_after=2023-07-23T20:24:00+00:00
[2023-07-23T20:24:44.929+0000] {processor.py:179} INFO - Processing /home/airflow/.local/lib/python3.9/site-packages/airflow/example_dags/example_sla_dag.py took 4.203 seconds
[2023-07-23T20:25:23.901+0000] {processor.py:157} INFO - Started process (PID=1324) to work on /home/airflow/.local/lib/python3.9/site-packages/airflow/example_dags/example_sla_dag.py
[2023-07-23T20:25:23.904+0000] {processor.py:826} INFO - Processing file /home/airflow/.local/lib/python3.9/site-packages/airflow/example_dags/example_sla_dag.py for tasks to queue
[2023-07-23T20:25:23.907+0000] {logging_mixin.py:150} INFO - [2023-07-23T20:25:23.906+0000] {dagbag.py:541} INFO - Filling up the DagBag from /home/airflow/.local/lib/python3.9/site-packages/airflow/example_dags/example_sla_dag.py
[2023-07-23T20:25:23.933+0000] {processor.py:836} INFO - DAG(s) dict_keys(['example_sla_dag']) retrieved from /home/airflow/.local/lib/python3.9/site-packages/airflow/example_dags/example_sla_dag.py
[2023-07-23T20:25:23.996+0000] {logging_mixin.py:150} INFO - [2023-07-23T20:25:23.995+0000] {dag.py:2742} INFO - Sync 1 DAGs
[2023-07-23T20:25:24.086+0000] {logging_mixin.py:150} INFO - [2023-07-23T20:25:24.085+0000] {dag.py:3504} INFO - Setting next_dagrun for example_sla_dag to 2023-07-23T20:22:00+00:00, run_after=2023-07-23T20:24:00+00:00
[2023-07-23T20:25:24.196+0000] {processor.py:179} INFO - Processing /home/airflow/.local/lib/python3.9/site-packages/airflow/example_dags/example_sla_dag.py took 0.307 seconds
[2023-07-23T20:25:55.634+0000] {processor.py:157} INFO - Started process (PID=1386) to work on /home/airflow/.local/lib/python3.9/site-packages/airflow/example_dags/example_sla_dag.py
[2023-07-23T20:25:55.684+0000] {processor.py:826} INFO - Processing file /home/airflow/.local/lib/python3.9/site-packages/airflow/example_dags/example_sla_dag.py for tasks to queue
[2023-07-23T20:25:55.685+0000] {logging_mixin.py:150} INFO - [2023-07-23T20:25:55.685+0000] {dagbag.py:541} INFO - Filling up the DagBag from /home/airflow/.local/lib/python3.9/site-packages/airflow/example_dags/example_sla_dag.py
[2023-07-23T20:25:55.732+0000] {processor.py:836} INFO - DAG(s) dict_keys(['example_sla_dag']) retrieved from /home/airflow/.local/lib/python3.9/site-packages/airflow/example_dags/example_sla_dag.py
[2023-07-23T20:25:55.836+0000] {logging_mixin.py:150} INFO - [2023-07-23T20:25:55.836+0000] {dag.py:2742} INFO - Sync 1 DAGs
[2023-07-23T20:25:56.059+0000] {logging_mixin.py:150} INFO - [2023-07-23T20:25:56.056+0000] {dag.py:3504} INFO - Setting next_dagrun for example_sla_dag to 2023-07-23T20:22:00+00:00, run_after=2023-07-23T20:24:00+00:00
[2023-07-23T20:25:56.206+0000] {processor.py:179} INFO - Processing /home/airflow/.local/lib/python3.9/site-packages/airflow/example_dags/example_sla_dag.py took 0.577 seconds
[2023-07-23T20:27:35.021+0000] {processor.py:157} INFO - Started process (PID=1460) to work on /home/airflow/.local/lib/python3.9/site-packages/airflow/example_dags/example_sla_dag.py
[2023-07-23T20:27:35.140+0000] {processor.py:826} INFO - Processing file /home/airflow/.local/lib/python3.9/site-packages/airflow/example_dags/example_sla_dag.py for tasks to queue
[2023-07-23T20:27:35.141+0000] {logging_mixin.py:150} INFO - [2023-07-23T20:27:35.141+0000] {dagbag.py:541} INFO - Filling up the DagBag from /home/airflow/.local/lib/python3.9/site-packages/airflow/example_dags/example_sla_dag.py
[2023-07-23T20:27:35.470+0000] {processor.py:836} INFO - DAG(s) dict_keys(['example_sla_dag']) retrieved from /home/airflow/.local/lib/python3.9/site-packages/airflow/example_dags/example_sla_dag.py
[2023-07-23T20:27:35.813+0000] {logging_mixin.py:150} INFO - [2023-07-23T20:27:35.813+0000] {dag.py:2742} INFO - Sync 1 DAGs
[2023-07-23T20:27:38.097+0000] {logging_mixin.py:150} INFO - [2023-07-23T20:27:38.096+0000] {dag.py:3504} INFO - Setting next_dagrun for example_sla_dag to 2023-07-23T20:24:00+00:00, run_after=2023-07-23T20:26:00+00:00
[2023-07-23T20:27:38.970+0000] {processor.py:179} INFO - Processing /home/airflow/.local/lib/python3.9/site-packages/airflow/example_dags/example_sla_dag.py took 3.965 seconds
[2023-07-23T20:30:19.113+0000] {processor.py:157} INFO - Started process (PID=1585) to work on /home/airflow/.local/lib/python3.9/site-packages/airflow/example_dags/example_sla_dag.py
[2023-07-23T20:30:19.180+0000] {processor.py:826} INFO - Processing file /home/airflow/.local/lib/python3.9/site-packages/airflow/example_dags/example_sla_dag.py for tasks to queue
[2023-07-23T20:30:19.181+0000] {logging_mixin.py:150} INFO - [2023-07-23T20:30:19.181+0000] {dagbag.py:541} INFO - Filling up the DagBag from /home/airflow/.local/lib/python3.9/site-packages/airflow/example_dags/example_sla_dag.py
[2023-07-23T20:30:19.275+0000] {processor.py:836} INFO - DAG(s) dict_keys(['example_sla_dag']) retrieved from /home/airflow/.local/lib/python3.9/site-packages/airflow/example_dags/example_sla_dag.py
[2023-07-23T20:30:19.470+0000] {logging_mixin.py:150} INFO - [2023-07-23T20:30:19.470+0000] {dag.py:2742} INFO - Sync 1 DAGs
[2023-07-23T20:30:19.680+0000] {logging_mixin.py:150} INFO - [2023-07-23T20:30:19.680+0000] {dag.py:3504} INFO - Setting next_dagrun for example_sla_dag to 2023-07-23T20:28:00+00:00, run_after=2023-07-23T20:30:00+00:00
[2023-07-23T20:30:19.896+0000] {processor.py:179} INFO - Processing /home/airflow/.local/lib/python3.9/site-packages/airflow/example_dags/example_sla_dag.py took 0.787 seconds
[2023-07-23T20:30:50.368+0000] {processor.py:157} INFO - Started process (PID=1639) to work on /home/airflow/.local/lib/python3.9/site-packages/airflow/example_dags/example_sla_dag.py
[2023-07-23T20:30:50.370+0000] {processor.py:826} INFO - Processing file /home/airflow/.local/lib/python3.9/site-packages/airflow/example_dags/example_sla_dag.py for tasks to queue
[2023-07-23T20:30:50.371+0000] {logging_mixin.py:150} INFO - [2023-07-23T20:30:50.370+0000] {dagbag.py:541} INFO - Filling up the DagBag from /home/airflow/.local/lib/python3.9/site-packages/airflow/example_dags/example_sla_dag.py
[2023-07-23T20:30:50.383+0000] {processor.py:836} INFO - DAG(s) dict_keys(['example_sla_dag']) retrieved from /home/airflow/.local/lib/python3.9/site-packages/airflow/example_dags/example_sla_dag.py
[2023-07-23T20:30:50.413+0000] {logging_mixin.py:150} INFO - [2023-07-23T20:30:50.413+0000] {dag.py:2742} INFO - Sync 1 DAGs
[2023-07-23T20:30:50.454+0000] {logging_mixin.py:150} INFO - [2023-07-23T20:30:50.453+0000] {dag.py:3504} INFO - Setting next_dagrun for example_sla_dag to 2023-07-23T20:28:00+00:00, run_after=2023-07-23T20:30:00+00:00
[2023-07-23T20:30:50.518+0000] {processor.py:179} INFO - Processing /home/airflow/.local/lib/python3.9/site-packages/airflow/example_dags/example_sla_dag.py took 0.155 seconds
[2023-07-23T20:31:25.922+0000] {processor.py:157} INFO - Started process (PID=1702) to work on /home/airflow/.local/lib/python3.9/site-packages/airflow/example_dags/example_sla_dag.py
[2023-07-23T20:31:25.977+0000] {processor.py:826} INFO - Processing file /home/airflow/.local/lib/python3.9/site-packages/airflow/example_dags/example_sla_dag.py for tasks to queue
[2023-07-23T20:31:25.978+0000] {logging_mixin.py:150} INFO - [2023-07-23T20:31:25.978+0000] {dagbag.py:541} INFO - Filling up the DagBag from /home/airflow/.local/lib/python3.9/site-packages/airflow/example_dags/example_sla_dag.py
[2023-07-23T20:31:26.359+0000] {processor.py:836} INFO - DAG(s) dict_keys(['example_sla_dag']) retrieved from /home/airflow/.local/lib/python3.9/site-packages/airflow/example_dags/example_sla_dag.py
[2023-07-23T20:31:27.343+0000] {logging_mixin.py:150} INFO - [2023-07-23T20:31:27.342+0000] {dag.py:2742} INFO - Sync 1 DAGs
[2023-07-23T20:31:27.968+0000] {logging_mixin.py:150} INFO - [2023-07-23T20:31:27.967+0000] {dag.py:3504} INFO - Setting next_dagrun for example_sla_dag to 2023-07-23T20:28:00+00:00, run_after=2023-07-23T20:30:00+00:00
[2023-07-23T20:31:28.534+0000] {processor.py:179} INFO - Processing /home/airflow/.local/lib/python3.9/site-packages/airflow/example_dags/example_sla_dag.py took 2.722 seconds
