[2023-07-23T19:28:18.804+0000] {processor.py:157} INFO - Started process (PID=69) to work on /home/airflow/.local/lib/python3.9/site-packages/airflow/example_dags/example_params_trigger_ui.py
[2023-07-23T19:28:18.805+0000] {processor.py:826} INFO - Processing file /home/airflow/.local/lib/python3.9/site-packages/airflow/example_dags/example_params_trigger_ui.py for tasks to queue
[2023-07-23T19:28:18.856+0000] {logging_mixin.py:150} INFO - [2023-07-23T19:28:18.856+0000] {dagbag.py:541} INFO - Filling up the DagBag from /home/airflow/.local/lib/python3.9/site-packages/airflow/example_dags/example_params_trigger_ui.py
[2023-07-23T19:28:19.063+0000] {processor.py:836} INFO - DAG(s) dict_keys(['example_params_trigger_ui']) retrieved from /home/airflow/.local/lib/python3.9/site-packages/airflow/example_dags/example_params_trigger_ui.py
[2023-07-23T19:28:20.476+0000] {logging_mixin.py:150} INFO - [2023-07-23T19:28:20.476+0000] {dag.py:2742} INFO - Sync 1 DAGs
[2023-07-23T19:28:20.596+0000] {logging_mixin.py:150} INFO - [2023-07-23T19:28:20.596+0000] {dag.py:3504} INFO - Setting next_dagrun for example_params_trigger_ui to None, run_after=None
[2023-07-23T19:28:20.779+0000] {processor.py:179} INFO - Processing /home/airflow/.local/lib/python3.9/site-packages/airflow/example_dags/example_params_trigger_ui.py took 1.979 seconds
[2023-07-23T19:28:51.780+0000] {processor.py:157} INFO - Started process (PID=130) to work on /home/airflow/.local/lib/python3.9/site-packages/airflow/example_dags/example_params_trigger_ui.py
[2023-07-23T19:28:51.808+0000] {processor.py:826} INFO - Processing file /home/airflow/.local/lib/python3.9/site-packages/airflow/example_dags/example_params_trigger_ui.py for tasks to queue
[2023-07-23T19:28:51.809+0000] {logging_mixin.py:150} INFO - [2023-07-23T19:28:51.809+0000] {dagbag.py:541} INFO - Filling up the DagBag from /home/airflow/.local/lib/python3.9/site-packages/airflow/example_dags/example_params_trigger_ui.py
[2023-07-23T19:28:51.885+0000] {processor.py:836} INFO - DAG(s) dict_keys(['example_params_trigger_ui']) retrieved from /home/airflow/.local/lib/python3.9/site-packages/airflow/example_dags/example_params_trigger_ui.py
[2023-07-23T19:28:52.106+0000] {logging_mixin.py:150} INFO - [2023-07-23T19:28:52.105+0000] {dag.py:2742} INFO - Sync 1 DAGs
[2023-07-23T19:28:52.216+0000] {logging_mixin.py:150} INFO - [2023-07-23T19:28:52.216+0000] {dag.py:3504} INFO - Setting next_dagrun for example_params_trigger_ui to None, run_after=None
[2023-07-23T19:28:52.269+0000] {processor.py:179} INFO - Processing /home/airflow/.local/lib/python3.9/site-packages/airflow/example_dags/example_params_trigger_ui.py took 0.496 seconds
[2023-07-23T19:29:22.913+0000] {processor.py:157} INFO - Started process (PID=192) to work on /home/airflow/.local/lib/python3.9/site-packages/airflow/example_dags/example_params_trigger_ui.py
[2023-07-23T19:29:22.925+0000] {processor.py:826} INFO - Processing file /home/airflow/.local/lib/python3.9/site-packages/airflow/example_dags/example_params_trigger_ui.py for tasks to queue
[2023-07-23T19:29:22.926+0000] {logging_mixin.py:150} INFO - [2023-07-23T19:29:22.926+0000] {dagbag.py:541} INFO - Filling up the DagBag from /home/airflow/.local/lib/python3.9/site-packages/airflow/example_dags/example_params_trigger_ui.py
[2023-07-23T19:29:22.976+0000] {processor.py:836} INFO - DAG(s) dict_keys(['example_params_trigger_ui']) retrieved from /home/airflow/.local/lib/python3.9/site-packages/airflow/example_dags/example_params_trigger_ui.py
[2023-07-23T19:29:23.126+0000] {logging_mixin.py:150} INFO - [2023-07-23T19:29:23.126+0000] {dag.py:2742} INFO - Sync 1 DAGs
[2023-07-23T19:29:23.186+0000] {logging_mixin.py:150} INFO - [2023-07-23T19:29:23.185+0000] {dag.py:3504} INFO - Setting next_dagrun for example_params_trigger_ui to None, run_after=None
[2023-07-23T19:29:23.221+0000] {processor.py:179} INFO - Processing /home/airflow/.local/lib/python3.9/site-packages/airflow/example_dags/example_params_trigger_ui.py took 0.311 seconds
[2023-07-23T19:29:54.059+0000] {processor.py:157} INFO - Started process (PID=253) to work on /home/airflow/.local/lib/python3.9/site-packages/airflow/example_dags/example_params_trigger_ui.py
[2023-07-23T19:29:54.076+0000] {processor.py:826} INFO - Processing file /home/airflow/.local/lib/python3.9/site-packages/airflow/example_dags/example_params_trigger_ui.py for tasks to queue
[2023-07-23T19:29:54.077+0000] {logging_mixin.py:150} INFO - [2023-07-23T19:29:54.076+0000] {dagbag.py:541} INFO - Filling up the DagBag from /home/airflow/.local/lib/python3.9/site-packages/airflow/example_dags/example_params_trigger_ui.py
[2023-07-23T19:29:54.136+0000] {processor.py:836} INFO - DAG(s) dict_keys(['example_params_trigger_ui']) retrieved from /home/airflow/.local/lib/python3.9/site-packages/airflow/example_dags/example_params_trigger_ui.py
[2023-07-23T19:29:54.328+0000] {logging_mixin.py:150} INFO - [2023-07-23T19:29:54.328+0000] {dag.py:2742} INFO - Sync 1 DAGs
[2023-07-23T19:29:54.420+0000] {logging_mixin.py:150} INFO - [2023-07-23T19:29:54.420+0000] {dag.py:3504} INFO - Setting next_dagrun for example_params_trigger_ui to None, run_after=None
[2023-07-23T19:29:54.469+0000] {processor.py:179} INFO - Processing /home/airflow/.local/lib/python3.9/site-packages/airflow/example_dags/example_params_trigger_ui.py took 0.417 seconds
[2023-07-23T19:30:25.274+0000] {processor.py:157} INFO - Started process (PID=315) to work on /home/airflow/.local/lib/python3.9/site-packages/airflow/example_dags/example_params_trigger_ui.py
[2023-07-23T19:30:25.277+0000] {processor.py:826} INFO - Processing file /home/airflow/.local/lib/python3.9/site-packages/airflow/example_dags/example_params_trigger_ui.py for tasks to queue
[2023-07-23T19:30:25.283+0000] {logging_mixin.py:150} INFO - [2023-07-23T19:30:25.282+0000] {dagbag.py:541} INFO - Filling up the DagBag from /home/airflow/.local/lib/python3.9/site-packages/airflow/example_dags/example_params_trigger_ui.py
[2023-07-23T19:30:25.347+0000] {processor.py:836} INFO - DAG(s) dict_keys(['example_params_trigger_ui']) retrieved from /home/airflow/.local/lib/python3.9/site-packages/airflow/example_dags/example_params_trigger_ui.py
[2023-07-23T19:30:25.473+0000] {logging_mixin.py:150} INFO - [2023-07-23T19:30:25.472+0000] {dag.py:2742} INFO - Sync 1 DAGs
[2023-07-23T19:30:25.499+0000] {logging_mixin.py:150} INFO - [2023-07-23T19:30:25.499+0000] {dag.py:3504} INFO - Setting next_dagrun for example_params_trigger_ui to None, run_after=None
[2023-07-23T19:30:25.532+0000] {processor.py:179} INFO - Processing /home/airflow/.local/lib/python3.9/site-packages/airflow/example_dags/example_params_trigger_ui.py took 0.271 seconds
[2023-07-23T19:30:57.136+0000] {processor.py:157} INFO - Started process (PID=377) to work on /home/airflow/.local/lib/python3.9/site-packages/airflow/example_dags/example_params_trigger_ui.py
[2023-07-23T19:30:57.143+0000] {processor.py:826} INFO - Processing file /home/airflow/.local/lib/python3.9/site-packages/airflow/example_dags/example_params_trigger_ui.py for tasks to queue
[2023-07-23T19:30:57.145+0000] {logging_mixin.py:150} INFO - [2023-07-23T19:30:57.145+0000] {dagbag.py:541} INFO - Filling up the DagBag from /home/airflow/.local/lib/python3.9/site-packages/airflow/example_dags/example_params_trigger_ui.py
[2023-07-23T19:30:57.186+0000] {processor.py:836} INFO - DAG(s) dict_keys(['example_params_trigger_ui']) retrieved from /home/airflow/.local/lib/python3.9/site-packages/airflow/example_dags/example_params_trigger_ui.py
[2023-07-23T19:30:57.276+0000] {logging_mixin.py:150} INFO - [2023-07-23T19:30:57.275+0000] {dag.py:2742} INFO - Sync 1 DAGs
[2023-07-23T19:30:57.324+0000] {logging_mixin.py:150} INFO - [2023-07-23T19:30:57.324+0000] {dag.py:3504} INFO - Setting next_dagrun for example_params_trigger_ui to None, run_after=None
[2023-07-23T19:30:57.369+0000] {processor.py:179} INFO - Processing /home/airflow/.local/lib/python3.9/site-packages/airflow/example_dags/example_params_trigger_ui.py took 0.237 seconds
[2023-07-23T19:31:28.578+0000] {processor.py:157} INFO - Started process (PID=439) to work on /home/airflow/.local/lib/python3.9/site-packages/airflow/example_dags/example_params_trigger_ui.py
[2023-07-23T19:31:28.584+0000] {processor.py:826} INFO - Processing file /home/airflow/.local/lib/python3.9/site-packages/airflow/example_dags/example_params_trigger_ui.py for tasks to queue
[2023-07-23T19:31:28.585+0000] {logging_mixin.py:150} INFO - [2023-07-23T19:31:28.584+0000] {dagbag.py:541} INFO - Filling up the DagBag from /home/airflow/.local/lib/python3.9/site-packages/airflow/example_dags/example_params_trigger_ui.py
[2023-07-23T19:31:28.632+0000] {processor.py:836} INFO - DAG(s) dict_keys(['example_params_trigger_ui']) retrieved from /home/airflow/.local/lib/python3.9/site-packages/airflow/example_dags/example_params_trigger_ui.py
[2023-07-23T19:31:28.697+0000] {logging_mixin.py:150} INFO - [2023-07-23T19:31:28.696+0000] {dag.py:2742} INFO - Sync 1 DAGs
[2023-07-23T19:31:28.725+0000] {logging_mixin.py:150} INFO - [2023-07-23T19:31:28.724+0000] {dag.py:3504} INFO - Setting next_dagrun for example_params_trigger_ui to None, run_after=None
[2023-07-23T19:31:28.776+0000] {processor.py:179} INFO - Processing /home/airflow/.local/lib/python3.9/site-packages/airflow/example_dags/example_params_trigger_ui.py took 0.203 seconds
[2023-07-23T19:32:00.626+0000] {processor.py:157} INFO - Started process (PID=500) to work on /home/airflow/.local/lib/python3.9/site-packages/airflow/example_dags/example_params_trigger_ui.py
[2023-07-23T19:32:00.641+0000] {processor.py:826} INFO - Processing file /home/airflow/.local/lib/python3.9/site-packages/airflow/example_dags/example_params_trigger_ui.py for tasks to queue
[2023-07-23T19:32:00.642+0000] {logging_mixin.py:150} INFO - [2023-07-23T19:32:00.642+0000] {dagbag.py:541} INFO - Filling up the DagBag from /home/airflow/.local/lib/python3.9/site-packages/airflow/example_dags/example_params_trigger_ui.py
[2023-07-23T19:32:00.719+0000] {processor.py:836} INFO - DAG(s) dict_keys(['example_params_trigger_ui']) retrieved from /home/airflow/.local/lib/python3.9/site-packages/airflow/example_dags/example_params_trigger_ui.py
[2023-07-23T19:32:00.882+0000] {logging_mixin.py:150} INFO - [2023-07-23T19:32:00.881+0000] {dag.py:2742} INFO - Sync 1 DAGs
[2023-07-23T19:32:00.952+0000] {logging_mixin.py:150} INFO - [2023-07-23T19:32:00.952+0000] {dag.py:3504} INFO - Setting next_dagrun for example_params_trigger_ui to None, run_after=None
[2023-07-23T19:32:00.989+0000] {processor.py:179} INFO - Processing /home/airflow/.local/lib/python3.9/site-packages/airflow/example_dags/example_params_trigger_ui.py took 0.385 seconds
[2023-07-23T19:32:32.025+0000] {processor.py:157} INFO - Started process (PID=562) to work on /home/airflow/.local/lib/python3.9/site-packages/airflow/example_dags/example_params_trigger_ui.py
[2023-07-23T19:32:32.026+0000] {processor.py:826} INFO - Processing file /home/airflow/.local/lib/python3.9/site-packages/airflow/example_dags/example_params_trigger_ui.py for tasks to queue
[2023-07-23T19:32:32.027+0000] {logging_mixin.py:150} INFO - [2023-07-23T19:32:32.027+0000] {dagbag.py:541} INFO - Filling up the DagBag from /home/airflow/.local/lib/python3.9/site-packages/airflow/example_dags/example_params_trigger_ui.py
[2023-07-23T19:32:32.048+0000] {processor.py:836} INFO - DAG(s) dict_keys(['example_params_trigger_ui']) retrieved from /home/airflow/.local/lib/python3.9/site-packages/airflow/example_dags/example_params_trigger_ui.py
[2023-07-23T19:32:32.111+0000] {logging_mixin.py:150} INFO - [2023-07-23T19:32:32.111+0000] {dag.py:2742} INFO - Sync 1 DAGs
[2023-07-23T19:32:32.138+0000] {logging_mixin.py:150} INFO - [2023-07-23T19:32:32.137+0000] {dag.py:3504} INFO - Setting next_dagrun for example_params_trigger_ui to None, run_after=None
[2023-07-23T19:32:32.158+0000] {processor.py:179} INFO - Processing /home/airflow/.local/lib/python3.9/site-packages/airflow/example_dags/example_params_trigger_ui.py took 0.138 seconds
[2023-07-23T19:33:03.179+0000] {processor.py:157} INFO - Started process (PID=625) to work on /home/airflow/.local/lib/python3.9/site-packages/airflow/example_dags/example_params_trigger_ui.py
[2023-07-23T19:33:03.186+0000] {processor.py:826} INFO - Processing file /home/airflow/.local/lib/python3.9/site-packages/airflow/example_dags/example_params_trigger_ui.py for tasks to queue
[2023-07-23T19:33:03.187+0000] {logging_mixin.py:150} INFO - [2023-07-23T19:33:03.187+0000] {dagbag.py:541} INFO - Filling up the DagBag from /home/airflow/.local/lib/python3.9/site-packages/airflow/example_dags/example_params_trigger_ui.py
[2023-07-23T19:33:03.231+0000] {processor.py:836} INFO - DAG(s) dict_keys(['example_params_trigger_ui']) retrieved from /home/airflow/.local/lib/python3.9/site-packages/airflow/example_dags/example_params_trigger_ui.py
[2023-07-23T19:33:03.365+0000] {logging_mixin.py:150} INFO - [2023-07-23T19:33:03.357+0000] {dag.py:2742} INFO - Sync 1 DAGs
[2023-07-23T19:33:03.426+0000] {logging_mixin.py:150} INFO - [2023-07-23T19:33:03.426+0000] {dag.py:3504} INFO - Setting next_dagrun for example_params_trigger_ui to None, run_after=None
[2023-07-23T19:33:03.462+0000] {processor.py:179} INFO - Processing /home/airflow/.local/lib/python3.9/site-packages/airflow/example_dags/example_params_trigger_ui.py took 0.304 seconds
[2023-07-23T19:41:34.234+0000] {processor.py:157} INFO - Started process (PID=70) to work on /home/airflow/.local/lib/python3.9/site-packages/airflow/example_dags/example_params_trigger_ui.py
[2023-07-23T19:41:34.276+0000] {processor.py:826} INFO - Processing file /home/airflow/.local/lib/python3.9/site-packages/airflow/example_dags/example_params_trigger_ui.py for tasks to queue
[2023-07-23T19:41:34.278+0000] {logging_mixin.py:150} INFO - [2023-07-23T19:41:34.277+0000] {dagbag.py:541} INFO - Filling up the DagBag from /home/airflow/.local/lib/python3.9/site-packages/airflow/example_dags/example_params_trigger_ui.py
[2023-07-23T19:41:34.434+0000] {processor.py:836} INFO - DAG(s) dict_keys(['example_params_trigger_ui']) retrieved from /home/airflow/.local/lib/python3.9/site-packages/airflow/example_dags/example_params_trigger_ui.py
[2023-07-23T19:41:35.506+0000] {logging_mixin.py:150} INFO - [2023-07-23T19:41:35.506+0000] {dag.py:2742} INFO - Sync 1 DAGs
[2023-07-23T19:41:35.614+0000] {logging_mixin.py:150} INFO - [2023-07-23T19:41:35.614+0000] {dag.py:3504} INFO - Setting next_dagrun for example_params_trigger_ui to None, run_after=None
[2023-07-23T19:41:35.685+0000] {processor.py:179} INFO - Processing /home/airflow/.local/lib/python3.9/site-packages/airflow/example_dags/example_params_trigger_ui.py took 1.455 seconds
[2023-07-23T19:42:06.574+0000] {processor.py:157} INFO - Started process (PID=131) to work on /home/airflow/.local/lib/python3.9/site-packages/airflow/example_dags/example_params_trigger_ui.py
[2023-07-23T19:42:06.586+0000] {processor.py:826} INFO - Processing file /home/airflow/.local/lib/python3.9/site-packages/airflow/example_dags/example_params_trigger_ui.py for tasks to queue
[2023-07-23T19:42:06.587+0000] {logging_mixin.py:150} INFO - [2023-07-23T19:42:06.586+0000] {dagbag.py:541} INFO - Filling up the DagBag from /home/airflow/.local/lib/python3.9/site-packages/airflow/example_dags/example_params_trigger_ui.py
[2023-07-23T19:42:06.626+0000] {processor.py:836} INFO - DAG(s) dict_keys(['example_params_trigger_ui']) retrieved from /home/airflow/.local/lib/python3.9/site-packages/airflow/example_dags/example_params_trigger_ui.py
[2023-07-23T19:42:06.743+0000] {logging_mixin.py:150} INFO - [2023-07-23T19:42:06.742+0000] {dag.py:2742} INFO - Sync 1 DAGs
[2023-07-23T19:42:06.796+0000] {logging_mixin.py:150} INFO - [2023-07-23T19:42:06.796+0000] {dag.py:3504} INFO - Setting next_dagrun for example_params_trigger_ui to None, run_after=None
[2023-07-23T19:42:06.846+0000] {processor.py:179} INFO - Processing /home/airflow/.local/lib/python3.9/site-packages/airflow/example_dags/example_params_trigger_ui.py took 0.277 seconds
[2023-07-23T19:42:37.965+0000] {processor.py:157} INFO - Started process (PID=192) to work on /home/airflow/.local/lib/python3.9/site-packages/airflow/example_dags/example_params_trigger_ui.py
[2023-07-23T19:42:37.975+0000] {processor.py:826} INFO - Processing file /home/airflow/.local/lib/python3.9/site-packages/airflow/example_dags/example_params_trigger_ui.py for tasks to queue
[2023-07-23T19:42:37.976+0000] {logging_mixin.py:150} INFO - [2023-07-23T19:42:37.976+0000] {dagbag.py:541} INFO - Filling up the DagBag from /home/airflow/.local/lib/python3.9/site-packages/airflow/example_dags/example_params_trigger_ui.py
[2023-07-23T19:42:38.022+0000] {processor.py:836} INFO - DAG(s) dict_keys(['example_params_trigger_ui']) retrieved from /home/airflow/.local/lib/python3.9/site-packages/airflow/example_dags/example_params_trigger_ui.py
[2023-07-23T19:42:38.116+0000] {logging_mixin.py:150} INFO - [2023-07-23T19:42:38.116+0000] {dag.py:2742} INFO - Sync 1 DAGs
[2023-07-23T19:42:38.166+0000] {logging_mixin.py:150} INFO - [2023-07-23T19:42:38.166+0000] {dag.py:3504} INFO - Setting next_dagrun for example_params_trigger_ui to None, run_after=None
[2023-07-23T19:42:38.232+0000] {processor.py:179} INFO - Processing /home/airflow/.local/lib/python3.9/site-packages/airflow/example_dags/example_params_trigger_ui.py took 0.271 seconds
[2023-07-23T19:43:09.049+0000] {processor.py:157} INFO - Started process (PID=253) to work on /home/airflow/.local/lib/python3.9/site-packages/airflow/example_dags/example_params_trigger_ui.py
[2023-07-23T19:43:09.088+0000] {processor.py:826} INFO - Processing file /home/airflow/.local/lib/python3.9/site-packages/airflow/example_dags/example_params_trigger_ui.py for tasks to queue
[2023-07-23T19:43:09.089+0000] {logging_mixin.py:150} INFO - [2023-07-23T19:43:09.089+0000] {dagbag.py:541} INFO - Filling up the DagBag from /home/airflow/.local/lib/python3.9/site-packages/airflow/example_dags/example_params_trigger_ui.py
[2023-07-23T19:43:09.185+0000] {processor.py:836} INFO - DAG(s) dict_keys(['example_params_trigger_ui']) retrieved from /home/airflow/.local/lib/python3.9/site-packages/airflow/example_dags/example_params_trigger_ui.py
[2023-07-23T19:43:09.433+0000] {logging_mixin.py:150} INFO - [2023-07-23T19:43:09.433+0000] {dag.py:2742} INFO - Sync 1 DAGs
[2023-07-23T19:43:09.506+0000] {logging_mixin.py:150} INFO - [2023-07-23T19:43:09.506+0000] {dag.py:3504} INFO - Setting next_dagrun for example_params_trigger_ui to None, run_after=None
[2023-07-23T19:43:09.568+0000] {processor.py:179} INFO - Processing /home/airflow/.local/lib/python3.9/site-packages/airflow/example_dags/example_params_trigger_ui.py took 0.546 seconds
[2023-07-23T19:43:40.099+0000] {processor.py:157} INFO - Started process (PID=314) to work on /home/airflow/.local/lib/python3.9/site-packages/airflow/example_dags/example_params_trigger_ui.py
[2023-07-23T19:43:40.126+0000] {processor.py:826} INFO - Processing file /home/airflow/.local/lib/python3.9/site-packages/airflow/example_dags/example_params_trigger_ui.py for tasks to queue
[2023-07-23T19:43:40.127+0000] {logging_mixin.py:150} INFO - [2023-07-23T19:43:40.126+0000] {dagbag.py:541} INFO - Filling up the DagBag from /home/airflow/.local/lib/python3.9/site-packages/airflow/example_dags/example_params_trigger_ui.py
[2023-07-23T19:43:40.278+0000] {processor.py:836} INFO - DAG(s) dict_keys(['example_params_trigger_ui']) retrieved from /home/airflow/.local/lib/python3.9/site-packages/airflow/example_dags/example_params_trigger_ui.py
[2023-07-23T19:43:40.676+0000] {logging_mixin.py:150} INFO - [2023-07-23T19:43:40.676+0000] {dag.py:2742} INFO - Sync 1 DAGs
[2023-07-23T19:43:40.781+0000] {logging_mixin.py:150} INFO - [2023-07-23T19:43:40.780+0000] {dag.py:3504} INFO - Setting next_dagrun for example_params_trigger_ui to None, run_after=None
[2023-07-23T19:43:40.921+0000] {processor.py:179} INFO - Processing /home/airflow/.local/lib/python3.9/site-packages/airflow/example_dags/example_params_trigger_ui.py took 0.832 seconds
[2023-07-23T19:44:11.037+0000] {processor.py:157} INFO - Started process (PID=367) to work on /home/airflow/.local/lib/python3.9/site-packages/airflow/example_dags/example_params_trigger_ui.py
[2023-07-23T19:44:11.039+0000] {processor.py:826} INFO - Processing file /home/airflow/.local/lib/python3.9/site-packages/airflow/example_dags/example_params_trigger_ui.py for tasks to queue
[2023-07-23T19:44:11.040+0000] {logging_mixin.py:150} INFO - [2023-07-23T19:44:11.040+0000] {dagbag.py:541} INFO - Filling up the DagBag from /home/airflow/.local/lib/python3.9/site-packages/airflow/example_dags/example_params_trigger_ui.py
[2023-07-23T19:44:11.086+0000] {processor.py:836} INFO - DAG(s) dict_keys(['example_params_trigger_ui']) retrieved from /home/airflow/.local/lib/python3.9/site-packages/airflow/example_dags/example_params_trigger_ui.py
[2023-07-23T19:44:11.208+0000] {logging_mixin.py:150} INFO - [2023-07-23T19:44:11.207+0000] {dag.py:2742} INFO - Sync 1 DAGs
[2023-07-23T19:44:11.256+0000] {logging_mixin.py:150} INFO - [2023-07-23T19:44:11.256+0000] {dag.py:3504} INFO - Setting next_dagrun for example_params_trigger_ui to None, run_after=None
[2023-07-23T19:44:11.306+0000] {processor.py:179} INFO - Processing /home/airflow/.local/lib/python3.9/site-packages/airflow/example_dags/example_params_trigger_ui.py took 0.283 seconds
[2023-07-23T19:44:42.193+0000] {processor.py:157} INFO - Started process (PID=429) to work on /home/airflow/.local/lib/python3.9/site-packages/airflow/example_dags/example_params_trigger_ui.py
[2023-07-23T19:44:42.205+0000] {processor.py:826} INFO - Processing file /home/airflow/.local/lib/python3.9/site-packages/airflow/example_dags/example_params_trigger_ui.py for tasks to queue
[2023-07-23T19:44:42.206+0000] {logging_mixin.py:150} INFO - [2023-07-23T19:44:42.206+0000] {dagbag.py:541} INFO - Filling up the DagBag from /home/airflow/.local/lib/python3.9/site-packages/airflow/example_dags/example_params_trigger_ui.py
[2023-07-23T19:44:42.249+0000] {processor.py:836} INFO - DAG(s) dict_keys(['example_params_trigger_ui']) retrieved from /home/airflow/.local/lib/python3.9/site-packages/airflow/example_dags/example_params_trigger_ui.py
[2023-07-23T19:44:42.386+0000] {logging_mixin.py:150} INFO - [2023-07-23T19:44:42.386+0000] {dag.py:2742} INFO - Sync 1 DAGs
[2023-07-23T19:44:42.439+0000] {logging_mixin.py:150} INFO - [2023-07-23T19:44:42.439+0000] {dag.py:3504} INFO - Setting next_dagrun for example_params_trigger_ui to None, run_after=None
[2023-07-23T19:44:42.511+0000] {processor.py:179} INFO - Processing /home/airflow/.local/lib/python3.9/site-packages/airflow/example_dags/example_params_trigger_ui.py took 0.322 seconds
[2023-07-23T19:45:13.004+0000] {processor.py:157} INFO - Started process (PID=490) to work on /home/airflow/.local/lib/python3.9/site-packages/airflow/example_dags/example_params_trigger_ui.py
[2023-07-23T19:45:13.016+0000] {processor.py:826} INFO - Processing file /home/airflow/.local/lib/python3.9/site-packages/airflow/example_dags/example_params_trigger_ui.py for tasks to queue
[2023-07-23T19:45:13.017+0000] {logging_mixin.py:150} INFO - [2023-07-23T19:45:13.016+0000] {dagbag.py:541} INFO - Filling up the DagBag from /home/airflow/.local/lib/python3.9/site-packages/airflow/example_dags/example_params_trigger_ui.py
[2023-07-23T19:45:13.069+0000] {processor.py:836} INFO - DAG(s) dict_keys(['example_params_trigger_ui']) retrieved from /home/airflow/.local/lib/python3.9/site-packages/airflow/example_dags/example_params_trigger_ui.py
[2023-07-23T19:45:13.236+0000] {logging_mixin.py:150} INFO - [2023-07-23T19:45:13.236+0000] {dag.py:2742} INFO - Sync 1 DAGs
[2023-07-23T19:45:13.286+0000] {logging_mixin.py:150} INFO - [2023-07-23T19:45:13.286+0000] {dag.py:3504} INFO - Setting next_dagrun for example_params_trigger_ui to None, run_after=None
[2023-07-23T19:45:13.341+0000] {processor.py:179} INFO - Processing /home/airflow/.local/lib/python3.9/site-packages/airflow/example_dags/example_params_trigger_ui.py took 0.342 seconds
[2023-07-23T19:45:44.054+0000] {processor.py:157} INFO - Started process (PID=551) to work on /home/airflow/.local/lib/python3.9/site-packages/airflow/example_dags/example_params_trigger_ui.py
[2023-07-23T19:45:44.086+0000] {processor.py:826} INFO - Processing file /home/airflow/.local/lib/python3.9/site-packages/airflow/example_dags/example_params_trigger_ui.py for tasks to queue
[2023-07-23T19:45:44.087+0000] {logging_mixin.py:150} INFO - [2023-07-23T19:45:44.086+0000] {dagbag.py:541} INFO - Filling up the DagBag from /home/airflow/.local/lib/python3.9/site-packages/airflow/example_dags/example_params_trigger_ui.py
[2023-07-23T19:45:44.180+0000] {processor.py:836} INFO - DAG(s) dict_keys(['example_params_trigger_ui']) retrieved from /home/airflow/.local/lib/python3.9/site-packages/airflow/example_dags/example_params_trigger_ui.py
[2023-07-23T19:45:44.477+0000] {logging_mixin.py:150} INFO - [2023-07-23T19:45:44.477+0000] {dag.py:2742} INFO - Sync 1 DAGs
[2023-07-23T19:45:44.569+0000] {logging_mixin.py:150} INFO - [2023-07-23T19:45:44.569+0000] {dag.py:3504} INFO - Setting next_dagrun for example_params_trigger_ui to None, run_after=None
[2023-07-23T19:45:44.650+0000] {processor.py:179} INFO - Processing /home/airflow/.local/lib/python3.9/site-packages/airflow/example_dags/example_params_trigger_ui.py took 0.600 seconds
[2023-07-23T19:46:15.453+0000] {processor.py:157} INFO - Started process (PID=606) to work on /home/airflow/.local/lib/python3.9/site-packages/airflow/example_dags/example_params_trigger_ui.py
[2023-07-23T19:46:15.454+0000] {processor.py:826} INFO - Processing file /home/airflow/.local/lib/python3.9/site-packages/airflow/example_dags/example_params_trigger_ui.py for tasks to queue
[2023-07-23T19:46:15.455+0000] {logging_mixin.py:150} INFO - [2023-07-23T19:46:15.454+0000] {dagbag.py:541} INFO - Filling up the DagBag from /home/airflow/.local/lib/python3.9/site-packages/airflow/example_dags/example_params_trigger_ui.py
[2023-07-23T19:46:15.477+0000] {processor.py:836} INFO - DAG(s) dict_keys(['example_params_trigger_ui']) retrieved from /home/airflow/.local/lib/python3.9/site-packages/airflow/example_dags/example_params_trigger_ui.py
[2023-07-23T19:46:15.536+0000] {logging_mixin.py:150} INFO - [2023-07-23T19:46:15.536+0000] {dag.py:2742} INFO - Sync 1 DAGs
[2023-07-23T19:46:15.562+0000] {logging_mixin.py:150} INFO - [2023-07-23T19:46:15.562+0000] {dag.py:3504} INFO - Setting next_dagrun for example_params_trigger_ui to None, run_after=None
[2023-07-23T19:46:15.584+0000] {processor.py:179} INFO - Processing /home/airflow/.local/lib/python3.9/site-packages/airflow/example_dags/example_params_trigger_ui.py took 0.135 seconds
[2023-07-23T19:46:46.170+0000] {processor.py:157} INFO - Started process (PID=674) to work on /home/airflow/.local/lib/python3.9/site-packages/airflow/example_dags/example_params_trigger_ui.py
[2023-07-23T19:46:46.181+0000] {processor.py:826} INFO - Processing file /home/airflow/.local/lib/python3.9/site-packages/airflow/example_dags/example_params_trigger_ui.py for tasks to queue
[2023-07-23T19:46:46.183+0000] {logging_mixin.py:150} INFO - [2023-07-23T19:46:46.182+0000] {dagbag.py:541} INFO - Filling up the DagBag from /home/airflow/.local/lib/python3.9/site-packages/airflow/example_dags/example_params_trigger_ui.py
[2023-07-23T19:46:46.242+0000] {processor.py:836} INFO - DAG(s) dict_keys(['example_params_trigger_ui']) retrieved from /home/airflow/.local/lib/python3.9/site-packages/airflow/example_dags/example_params_trigger_ui.py
[2023-07-23T19:46:46.376+0000] {logging_mixin.py:150} INFO - [2023-07-23T19:46:46.375+0000] {dag.py:2742} INFO - Sync 1 DAGs
[2023-07-23T19:46:46.433+0000] {logging_mixin.py:150} INFO - [2023-07-23T19:46:46.433+0000] {dag.py:3504} INFO - Setting next_dagrun for example_params_trigger_ui to None, run_after=None
[2023-07-23T19:46:46.476+0000] {processor.py:179} INFO - Processing /home/airflow/.local/lib/python3.9/site-packages/airflow/example_dags/example_params_trigger_ui.py took 0.322 seconds
[2023-07-23T19:47:17.109+0000] {processor.py:157} INFO - Started process (PID=736) to work on /home/airflow/.local/lib/python3.9/site-packages/airflow/example_dags/example_params_trigger_ui.py
[2023-07-23T19:47:17.110+0000] {processor.py:826} INFO - Processing file /home/airflow/.local/lib/python3.9/site-packages/airflow/example_dags/example_params_trigger_ui.py for tasks to queue
[2023-07-23T19:47:17.111+0000] {logging_mixin.py:150} INFO - [2023-07-23T19:47:17.111+0000] {dagbag.py:541} INFO - Filling up the DagBag from /home/airflow/.local/lib/python3.9/site-packages/airflow/example_dags/example_params_trigger_ui.py
[2023-07-23T19:47:17.133+0000] {processor.py:836} INFO - DAG(s) dict_keys(['example_params_trigger_ui']) retrieved from /home/airflow/.local/lib/python3.9/site-packages/airflow/example_dags/example_params_trigger_ui.py
[2023-07-23T19:47:17.269+0000] {logging_mixin.py:150} INFO - [2023-07-23T19:47:17.269+0000] {dag.py:2742} INFO - Sync 1 DAGs
[2023-07-23T19:47:17.310+0000] {logging_mixin.py:150} INFO - [2023-07-23T19:47:17.310+0000] {dag.py:3504} INFO - Setting next_dagrun for example_params_trigger_ui to None, run_after=None
[2023-07-23T19:47:17.330+0000] {processor.py:179} INFO - Processing /home/airflow/.local/lib/python3.9/site-packages/airflow/example_dags/example_params_trigger_ui.py took 0.226 seconds
[2023-07-23T19:47:47.943+0000] {processor.py:157} INFO - Started process (PID=798) to work on /home/airflow/.local/lib/python3.9/site-packages/airflow/example_dags/example_params_trigger_ui.py
[2023-07-23T19:47:47.946+0000] {processor.py:826} INFO - Processing file /home/airflow/.local/lib/python3.9/site-packages/airflow/example_dags/example_params_trigger_ui.py for tasks to queue
[2023-07-23T19:47:47.947+0000] {logging_mixin.py:150} INFO - [2023-07-23T19:47:47.946+0000] {dagbag.py:541} INFO - Filling up the DagBag from /home/airflow/.local/lib/python3.9/site-packages/airflow/example_dags/example_params_trigger_ui.py
[2023-07-23T19:47:48.030+0000] {processor.py:836} INFO - DAG(s) dict_keys(['example_params_trigger_ui']) retrieved from /home/airflow/.local/lib/python3.9/site-packages/airflow/example_dags/example_params_trigger_ui.py
[2023-07-23T19:47:48.191+0000] {logging_mixin.py:150} INFO - [2023-07-23T19:47:48.190+0000] {dag.py:2742} INFO - Sync 1 DAGs
[2023-07-23T19:47:48.256+0000] {logging_mixin.py:150} INFO - [2023-07-23T19:47:48.255+0000] {dag.py:3504} INFO - Setting next_dagrun for example_params_trigger_ui to None, run_after=None
[2023-07-23T19:47:48.315+0000] {processor.py:179} INFO - Processing /home/airflow/.local/lib/python3.9/site-packages/airflow/example_dags/example_params_trigger_ui.py took 0.391 seconds
[2023-07-23T19:48:18.614+0000] {processor.py:157} INFO - Started process (PID=860) to work on /home/airflow/.local/lib/python3.9/site-packages/airflow/example_dags/example_params_trigger_ui.py
[2023-07-23T19:48:18.630+0000] {processor.py:826} INFO - Processing file /home/airflow/.local/lib/python3.9/site-packages/airflow/example_dags/example_params_trigger_ui.py for tasks to queue
[2023-07-23T19:48:18.656+0000] {logging_mixin.py:150} INFO - [2023-07-23T19:48:18.655+0000] {dagbag.py:541} INFO - Filling up the DagBag from /home/airflow/.local/lib/python3.9/site-packages/airflow/example_dags/example_params_trigger_ui.py
[2023-07-23T19:48:18.721+0000] {processor.py:836} INFO - DAG(s) dict_keys(['example_params_trigger_ui']) retrieved from /home/airflow/.local/lib/python3.9/site-packages/airflow/example_dags/example_params_trigger_ui.py
[2023-07-23T19:48:19.006+0000] {logging_mixin.py:150} INFO - [2023-07-23T19:48:19.006+0000] {dag.py:2742} INFO - Sync 1 DAGs
[2023-07-23T19:48:19.138+0000] {logging_mixin.py:150} INFO - [2023-07-23T19:48:19.137+0000] {dag.py:3504} INFO - Setting next_dagrun for example_params_trigger_ui to None, run_after=None
[2023-07-23T19:48:19.220+0000] {processor.py:179} INFO - Processing /home/airflow/.local/lib/python3.9/site-packages/airflow/example_dags/example_params_trigger_ui.py took 0.610 seconds
[2023-07-23T19:48:49.787+0000] {processor.py:157} INFO - Started process (PID=915) to work on /home/airflow/.local/lib/python3.9/site-packages/airflow/example_dags/example_params_trigger_ui.py
[2023-07-23T19:48:49.788+0000] {processor.py:826} INFO - Processing file /home/airflow/.local/lib/python3.9/site-packages/airflow/example_dags/example_params_trigger_ui.py for tasks to queue
[2023-07-23T19:48:49.789+0000] {logging_mixin.py:150} INFO - [2023-07-23T19:48:49.789+0000] {dagbag.py:541} INFO - Filling up the DagBag from /home/airflow/.local/lib/python3.9/site-packages/airflow/example_dags/example_params_trigger_ui.py
[2023-07-23T19:48:49.830+0000] {processor.py:836} INFO - DAG(s) dict_keys(['example_params_trigger_ui']) retrieved from /home/airflow/.local/lib/python3.9/site-packages/airflow/example_dags/example_params_trigger_ui.py
[2023-07-23T19:48:49.902+0000] {logging_mixin.py:150} INFO - [2023-07-23T19:48:49.901+0000] {dag.py:2742} INFO - Sync 1 DAGs
[2023-07-23T19:48:49.939+0000] {logging_mixin.py:150} INFO - [2023-07-23T19:48:49.939+0000] {dag.py:3504} INFO - Setting next_dagrun for example_params_trigger_ui to None, run_after=None
[2023-07-23T19:48:49.989+0000] {processor.py:179} INFO - Processing /home/airflow/.local/lib/python3.9/site-packages/airflow/example_dags/example_params_trigger_ui.py took 0.217 seconds
[2023-07-23T19:49:20.324+0000] {processor.py:157} INFO - Started process (PID=976) to work on /home/airflow/.local/lib/python3.9/site-packages/airflow/example_dags/example_params_trigger_ui.py
[2023-07-23T19:49:20.335+0000] {processor.py:826} INFO - Processing file /home/airflow/.local/lib/python3.9/site-packages/airflow/example_dags/example_params_trigger_ui.py for tasks to queue
[2023-07-23T19:49:20.344+0000] {logging_mixin.py:150} INFO - [2023-07-23T19:49:20.342+0000] {dagbag.py:541} INFO - Filling up the DagBag from /home/airflow/.local/lib/python3.9/site-packages/airflow/example_dags/example_params_trigger_ui.py
[2023-07-23T19:49:20.406+0000] {processor.py:836} INFO - DAG(s) dict_keys(['example_params_trigger_ui']) retrieved from /home/airflow/.local/lib/python3.9/site-packages/airflow/example_dags/example_params_trigger_ui.py
[2023-07-23T19:49:20.616+0000] {logging_mixin.py:150} INFO - [2023-07-23T19:49:20.616+0000] {dag.py:2742} INFO - Sync 1 DAGs
[2023-07-23T19:49:20.685+0000] {logging_mixin.py:150} INFO - [2023-07-23T19:49:20.684+0000] {dag.py:3504} INFO - Setting next_dagrun for example_params_trigger_ui to None, run_after=None
[2023-07-23T19:49:20.744+0000] {processor.py:179} INFO - Processing /home/airflow/.local/lib/python3.9/site-packages/airflow/example_dags/example_params_trigger_ui.py took 0.424 seconds
[2023-07-23T19:49:51.255+0000] {processor.py:157} INFO - Started process (PID=1038) to work on /home/airflow/.local/lib/python3.9/site-packages/airflow/example_dags/example_params_trigger_ui.py
[2023-07-23T19:49:51.257+0000] {processor.py:826} INFO - Processing file /home/airflow/.local/lib/python3.9/site-packages/airflow/example_dags/example_params_trigger_ui.py for tasks to queue
[2023-07-23T19:49:51.258+0000] {logging_mixin.py:150} INFO - [2023-07-23T19:49:51.257+0000] {dagbag.py:541} INFO - Filling up the DagBag from /home/airflow/.local/lib/python3.9/site-packages/airflow/example_dags/example_params_trigger_ui.py
[2023-07-23T19:49:51.340+0000] {processor.py:836} INFO - DAG(s) dict_keys(['example_params_trigger_ui']) retrieved from /home/airflow/.local/lib/python3.9/site-packages/airflow/example_dags/example_params_trigger_ui.py
[2023-07-23T19:49:51.626+0000] {logging_mixin.py:150} INFO - [2023-07-23T19:49:51.626+0000] {dag.py:2742} INFO - Sync 1 DAGs
[2023-07-23T19:49:51.740+0000] {logging_mixin.py:150} INFO - [2023-07-23T19:49:51.740+0000] {dag.py:3504} INFO - Setting next_dagrun for example_params_trigger_ui to None, run_after=None
[2023-07-23T19:49:51.829+0000] {processor.py:179} INFO - Processing /home/airflow/.local/lib/python3.9/site-packages/airflow/example_dags/example_params_trigger_ui.py took 0.619 seconds
[2023-07-23T19:50:22.538+0000] {processor.py:157} INFO - Started process (PID=1093) to work on /home/airflow/.local/lib/python3.9/site-packages/airflow/example_dags/example_params_trigger_ui.py
[2023-07-23T19:50:22.545+0000] {processor.py:826} INFO - Processing file /home/airflow/.local/lib/python3.9/site-packages/airflow/example_dags/example_params_trigger_ui.py for tasks to queue
[2023-07-23T19:50:22.546+0000] {logging_mixin.py:150} INFO - [2023-07-23T19:50:22.546+0000] {dagbag.py:541} INFO - Filling up the DagBag from /home/airflow/.local/lib/python3.9/site-packages/airflow/example_dags/example_params_trigger_ui.py
[2023-07-23T19:50:22.596+0000] {processor.py:836} INFO - DAG(s) dict_keys(['example_params_trigger_ui']) retrieved from /home/airflow/.local/lib/python3.9/site-packages/airflow/example_dags/example_params_trigger_ui.py
[2023-07-23T19:50:22.726+0000] {logging_mixin.py:150} INFO - [2023-07-23T19:50:22.725+0000] {dag.py:2742} INFO - Sync 1 DAGs
[2023-07-23T19:50:22.769+0000] {logging_mixin.py:150} INFO - [2023-07-23T19:50:22.769+0000] {dag.py:3504} INFO - Setting next_dagrun for example_params_trigger_ui to None, run_after=None
[2023-07-23T19:50:22.816+0000] {processor.py:179} INFO - Processing /home/airflow/.local/lib/python3.9/site-packages/airflow/example_dags/example_params_trigger_ui.py took 0.282 seconds
[2023-07-23T19:50:55.642+0000] {processor.py:157} INFO - Started process (PID=1151) to work on /home/airflow/.local/lib/python3.9/site-packages/airflow/example_dags/example_params_trigger_ui.py
[2023-07-23T19:50:55.685+0000] {processor.py:826} INFO - Processing file /home/airflow/.local/lib/python3.9/site-packages/airflow/example_dags/example_params_trigger_ui.py for tasks to queue
[2023-07-23T19:50:55.687+0000] {logging_mixin.py:150} INFO - [2023-07-23T19:50:55.686+0000] {dagbag.py:541} INFO - Filling up the DagBag from /home/airflow/.local/lib/python3.9/site-packages/airflow/example_dags/example_params_trigger_ui.py
[2023-07-23T19:50:55.759+0000] {processor.py:836} INFO - DAG(s) dict_keys(['example_params_trigger_ui']) retrieved from /home/airflow/.local/lib/python3.9/site-packages/airflow/example_dags/example_params_trigger_ui.py
[2023-07-23T19:50:56.077+0000] {logging_mixin.py:150} INFO - [2023-07-23T19:50:56.077+0000] {dag.py:2742} INFO - Sync 1 DAGs
[2023-07-23T19:50:56.180+0000] {logging_mixin.py:150} INFO - [2023-07-23T19:50:56.179+0000] {dag.py:3504} INFO - Setting next_dagrun for example_params_trigger_ui to None, run_after=None
[2023-07-23T19:50:56.253+0000] {processor.py:179} INFO - Processing /home/airflow/.local/lib/python3.9/site-packages/airflow/example_dags/example_params_trigger_ui.py took 0.670 seconds
[2023-07-23T19:51:27.873+0000] {processor.py:157} INFO - Started process (PID=1212) to work on /home/airflow/.local/lib/python3.9/site-packages/airflow/example_dags/example_params_trigger_ui.py
[2023-07-23T19:51:27.924+0000] {processor.py:826} INFO - Processing file /home/airflow/.local/lib/python3.9/site-packages/airflow/example_dags/example_params_trigger_ui.py for tasks to queue
[2023-07-23T19:51:27.925+0000] {logging_mixin.py:150} INFO - [2023-07-23T19:51:27.925+0000] {dagbag.py:541} INFO - Filling up the DagBag from /home/airflow/.local/lib/python3.9/site-packages/airflow/example_dags/example_params_trigger_ui.py
[2023-07-23T19:51:28.008+0000] {processor.py:836} INFO - DAG(s) dict_keys(['example_params_trigger_ui']) retrieved from /home/airflow/.local/lib/python3.9/site-packages/airflow/example_dags/example_params_trigger_ui.py
[2023-07-23T19:51:28.236+0000] {logging_mixin.py:150} INFO - [2023-07-23T19:51:28.236+0000] {dag.py:2742} INFO - Sync 1 DAGs
[2023-07-23T19:51:28.426+0000] {logging_mixin.py:150} INFO - [2023-07-23T19:51:28.426+0000] {dag.py:3504} INFO - Setting next_dagrun for example_params_trigger_ui to None, run_after=None
[2023-07-23T19:51:28.536+0000] {processor.py:179} INFO - Processing /home/airflow/.local/lib/python3.9/site-packages/airflow/example_dags/example_params_trigger_ui.py took 0.667 seconds
[2023-07-23T19:51:58.640+0000] {processor.py:157} INFO - Started process (PID=1275) to work on /home/airflow/.local/lib/python3.9/site-packages/airflow/example_dags/example_params_trigger_ui.py
[2023-07-23T19:51:58.663+0000] {processor.py:826} INFO - Processing file /home/airflow/.local/lib/python3.9/site-packages/airflow/example_dags/example_params_trigger_ui.py for tasks to queue
[2023-07-23T19:51:58.664+0000] {logging_mixin.py:150} INFO - [2023-07-23T19:51:58.664+0000] {dagbag.py:541} INFO - Filling up the DagBag from /home/airflow/.local/lib/python3.9/site-packages/airflow/example_dags/example_params_trigger_ui.py
[2023-07-23T19:51:58.774+0000] {processor.py:836} INFO - DAG(s) dict_keys(['example_params_trigger_ui']) retrieved from /home/airflow/.local/lib/python3.9/site-packages/airflow/example_dags/example_params_trigger_ui.py
[2023-07-23T19:51:59.055+0000] {logging_mixin.py:150} INFO - [2023-07-23T19:51:59.055+0000] {dag.py:2742} INFO - Sync 1 DAGs
[2023-07-23T19:51:59.162+0000] {logging_mixin.py:150} INFO - [2023-07-23T19:51:59.161+0000] {dag.py:3504} INFO - Setting next_dagrun for example_params_trigger_ui to None, run_after=None
[2023-07-23T19:51:59.326+0000] {processor.py:179} INFO - Processing /home/airflow/.local/lib/python3.9/site-packages/airflow/example_dags/example_params_trigger_ui.py took 0.691 seconds
[2023-07-23T19:52:29.747+0000] {processor.py:157} INFO - Started process (PID=1330) to work on /home/airflow/.local/lib/python3.9/site-packages/airflow/example_dags/example_params_trigger_ui.py
[2023-07-23T19:52:29.749+0000] {processor.py:826} INFO - Processing file /home/airflow/.local/lib/python3.9/site-packages/airflow/example_dags/example_params_trigger_ui.py for tasks to queue
[2023-07-23T19:52:29.750+0000] {logging_mixin.py:150} INFO - [2023-07-23T19:52:29.750+0000] {dagbag.py:541} INFO - Filling up the DagBag from /home/airflow/.local/lib/python3.9/site-packages/airflow/example_dags/example_params_trigger_ui.py
[2023-07-23T19:52:29.832+0000] {processor.py:836} INFO - DAG(s) dict_keys(['example_params_trigger_ui']) retrieved from /home/airflow/.local/lib/python3.9/site-packages/airflow/example_dags/example_params_trigger_ui.py
[2023-07-23T19:52:30.096+0000] {logging_mixin.py:150} INFO - [2023-07-23T19:52:30.096+0000] {dag.py:2742} INFO - Sync 1 DAGs
[2023-07-23T19:52:30.186+0000] {logging_mixin.py:150} INFO - [2023-07-23T19:52:30.186+0000] {dag.py:3504} INFO - Setting next_dagrun for example_params_trigger_ui to None, run_after=None
[2023-07-23T19:52:30.297+0000] {processor.py:179} INFO - Processing /home/airflow/.local/lib/python3.9/site-packages/airflow/example_dags/example_params_trigger_ui.py took 0.598 seconds
[2023-07-23T19:53:01.554+0000] {processor.py:157} INFO - Started process (PID=1378) to work on /home/airflow/.local/lib/python3.9/site-packages/airflow/example_dags/example_params_trigger_ui.py
[2023-07-23T19:53:01.626+0000] {processor.py:826} INFO - Processing file /home/airflow/.local/lib/python3.9/site-packages/airflow/example_dags/example_params_trigger_ui.py for tasks to queue
[2023-07-23T19:53:01.627+0000] {logging_mixin.py:150} INFO - [2023-07-23T19:53:01.626+0000] {dagbag.py:541} INFO - Filling up the DagBag from /home/airflow/.local/lib/python3.9/site-packages/airflow/example_dags/example_params_trigger_ui.py
[2023-07-23T19:53:01.786+0000] {processor.py:836} INFO - DAG(s) dict_keys(['example_params_trigger_ui']) retrieved from /home/airflow/.local/lib/python3.9/site-packages/airflow/example_dags/example_params_trigger_ui.py
[2023-07-23T19:53:02.315+0000] {logging_mixin.py:150} INFO - [2023-07-23T19:53:02.314+0000] {dag.py:2742} INFO - Sync 1 DAGs
[2023-07-23T19:53:02.410+0000] {logging_mixin.py:150} INFO - [2023-07-23T19:53:02.406+0000] {dag.py:3504} INFO - Setting next_dagrun for example_params_trigger_ui to None, run_after=None
[2023-07-23T19:53:02.512+0000] {processor.py:179} INFO - Processing /home/airflow/.local/lib/python3.9/site-packages/airflow/example_dags/example_params_trigger_ui.py took 0.962 seconds
[2023-07-23T19:53:33.459+0000] {processor.py:157} INFO - Started process (PID=1440) to work on /home/airflow/.local/lib/python3.9/site-packages/airflow/example_dags/example_params_trigger_ui.py
[2023-07-23T19:53:33.461+0000] {processor.py:826} INFO - Processing file /home/airflow/.local/lib/python3.9/site-packages/airflow/example_dags/example_params_trigger_ui.py for tasks to queue
[2023-07-23T19:53:33.462+0000] {logging_mixin.py:150} INFO - [2023-07-23T19:53:33.462+0000] {dagbag.py:541} INFO - Filling up the DagBag from /home/airflow/.local/lib/python3.9/site-packages/airflow/example_dags/example_params_trigger_ui.py
[2023-07-23T19:53:33.539+0000] {processor.py:836} INFO - DAG(s) dict_keys(['example_params_trigger_ui']) retrieved from /home/airflow/.local/lib/python3.9/site-packages/airflow/example_dags/example_params_trigger_ui.py
[2023-07-23T19:53:33.736+0000] {logging_mixin.py:150} INFO - [2023-07-23T19:53:33.732+0000] {dag.py:2742} INFO - Sync 1 DAGs
[2023-07-23T19:53:33.876+0000] {logging_mixin.py:150} INFO - [2023-07-23T19:53:33.874+0000] {dag.py:3504} INFO - Setting next_dagrun for example_params_trigger_ui to None, run_after=None
[2023-07-23T19:53:34.044+0000] {processor.py:179} INFO - Processing /home/airflow/.local/lib/python3.9/site-packages/airflow/example_dags/example_params_trigger_ui.py took 0.598 seconds
[2023-07-23T19:54:04.293+0000] {processor.py:157} INFO - Started process (PID=1503) to work on /home/airflow/.local/lib/python3.9/site-packages/airflow/example_dags/example_params_trigger_ui.py
[2023-07-23T19:54:04.315+0000] {processor.py:826} INFO - Processing file /home/airflow/.local/lib/python3.9/site-packages/airflow/example_dags/example_params_trigger_ui.py for tasks to queue
[2023-07-23T19:54:04.316+0000] {logging_mixin.py:150} INFO - [2023-07-23T19:54:04.316+0000] {dagbag.py:541} INFO - Filling up the DagBag from /home/airflow/.local/lib/python3.9/site-packages/airflow/example_dags/example_params_trigger_ui.py
[2023-07-23T19:54:04.377+0000] {processor.py:836} INFO - DAG(s) dict_keys(['example_params_trigger_ui']) retrieved from /home/airflow/.local/lib/python3.9/site-packages/airflow/example_dags/example_params_trigger_ui.py
[2023-07-23T19:54:04.559+0000] {logging_mixin.py:150} INFO - [2023-07-23T19:54:04.559+0000] {dag.py:2742} INFO - Sync 1 DAGs
[2023-07-23T19:54:04.646+0000] {logging_mixin.py:150} INFO - [2023-07-23T19:54:04.646+0000] {dag.py:3504} INFO - Setting next_dagrun for example_params_trigger_ui to None, run_after=None
[2023-07-23T19:54:04.725+0000] {processor.py:179} INFO - Processing /home/airflow/.local/lib/python3.9/site-packages/airflow/example_dags/example_params_trigger_ui.py took 0.436 seconds
[2023-07-23T19:54:34.863+0000] {processor.py:157} INFO - Started process (PID=1556) to work on /home/airflow/.local/lib/python3.9/site-packages/airflow/example_dags/example_params_trigger_ui.py
[2023-07-23T19:54:34.875+0000] {processor.py:826} INFO - Processing file /home/airflow/.local/lib/python3.9/site-packages/airflow/example_dags/example_params_trigger_ui.py for tasks to queue
[2023-07-23T19:54:34.876+0000] {logging_mixin.py:150} INFO - [2023-07-23T19:54:34.876+0000] {dagbag.py:541} INFO - Filling up the DagBag from /home/airflow/.local/lib/python3.9/site-packages/airflow/example_dags/example_params_trigger_ui.py
[2023-07-23T19:54:34.947+0000] {processor.py:836} INFO - DAG(s) dict_keys(['example_params_trigger_ui']) retrieved from /home/airflow/.local/lib/python3.9/site-packages/airflow/example_dags/example_params_trigger_ui.py
[2023-07-23T19:54:35.066+0000] {logging_mixin.py:150} INFO - [2023-07-23T19:54:35.066+0000] {dag.py:2742} INFO - Sync 1 DAGs
[2023-07-23T19:54:35.123+0000] {logging_mixin.py:150} INFO - [2023-07-23T19:54:35.123+0000] {dag.py:3504} INFO - Setting next_dagrun for example_params_trigger_ui to None, run_after=None
[2023-07-23T19:54:35.178+0000] {processor.py:179} INFO - Processing /home/airflow/.local/lib/python3.9/site-packages/airflow/example_dags/example_params_trigger_ui.py took 0.318 seconds
[2023-07-23T19:55:08.495+0000] {processor.py:157} INFO - Started process (PID=1626) to work on /home/airflow/.local/lib/python3.9/site-packages/airflow/example_dags/example_params_trigger_ui.py
[2023-07-23T19:55:08.556+0000] {processor.py:826} INFO - Processing file /home/airflow/.local/lib/python3.9/site-packages/airflow/example_dags/example_params_trigger_ui.py for tasks to queue
[2023-07-23T19:55:08.557+0000] {logging_mixin.py:150} INFO - [2023-07-23T19:55:08.557+0000] {dagbag.py:541} INFO - Filling up the DagBag from /home/airflow/.local/lib/python3.9/site-packages/airflow/example_dags/example_params_trigger_ui.py
[2023-07-23T19:55:08.740+0000] {processor.py:836} INFO - DAG(s) dict_keys(['example_params_trigger_ui']) retrieved from /home/airflow/.local/lib/python3.9/site-packages/airflow/example_dags/example_params_trigger_ui.py
[2023-07-23T19:55:09.187+0000] {logging_mixin.py:150} INFO - [2023-07-23T19:55:09.186+0000] {dag.py:2742} INFO - Sync 1 DAGs
[2023-07-23T19:55:09.360+0000] {logging_mixin.py:150} INFO - [2023-07-23T19:55:09.360+0000] {dag.py:3504} INFO - Setting next_dagrun for example_params_trigger_ui to None, run_after=None
[2023-07-23T19:55:09.658+0000] {processor.py:179} INFO - Processing /home/airflow/.local/lib/python3.9/site-packages/airflow/example_dags/example_params_trigger_ui.py took 1.168 seconds
[2023-07-23T19:55:40.022+0000] {processor.py:157} INFO - Started process (PID=1682) to work on /home/airflow/.local/lib/python3.9/site-packages/airflow/example_dags/example_params_trigger_ui.py
[2023-07-23T19:55:40.066+0000] {processor.py:826} INFO - Processing file /home/airflow/.local/lib/python3.9/site-packages/airflow/example_dags/example_params_trigger_ui.py for tasks to queue
[2023-07-23T19:55:40.067+0000] {logging_mixin.py:150} INFO - [2023-07-23T19:55:40.066+0000] {dagbag.py:541} INFO - Filling up the DagBag from /home/airflow/.local/lib/python3.9/site-packages/airflow/example_dags/example_params_trigger_ui.py
[2023-07-23T19:55:40.189+0000] {processor.py:836} INFO - DAG(s) dict_keys(['example_params_trigger_ui']) retrieved from /home/airflow/.local/lib/python3.9/site-packages/airflow/example_dags/example_params_trigger_ui.py
[2023-07-23T19:55:40.696+0000] {logging_mixin.py:150} INFO - [2023-07-23T19:55:40.696+0000] {dag.py:2742} INFO - Sync 1 DAGs
[2023-07-23T19:55:40.896+0000] {logging_mixin.py:150} INFO - [2023-07-23T19:55:40.896+0000] {dag.py:3504} INFO - Setting next_dagrun for example_params_trigger_ui to None, run_after=None
[2023-07-23T19:55:41.047+0000] {processor.py:179} INFO - Processing /home/airflow/.local/lib/python3.9/site-packages/airflow/example_dags/example_params_trigger_ui.py took 1.029 seconds
[2023-07-23T19:56:11.202+0000] {processor.py:157} INFO - Started process (PID=1742) to work on /home/airflow/.local/lib/python3.9/site-packages/airflow/example_dags/example_params_trigger_ui.py
[2023-07-23T19:56:11.209+0000] {processor.py:826} INFO - Processing file /home/airflow/.local/lib/python3.9/site-packages/airflow/example_dags/example_params_trigger_ui.py for tasks to queue
[2023-07-23T19:56:11.210+0000] {logging_mixin.py:150} INFO - [2023-07-23T19:56:11.209+0000] {dagbag.py:541} INFO - Filling up the DagBag from /home/airflow/.local/lib/python3.9/site-packages/airflow/example_dags/example_params_trigger_ui.py
[2023-07-23T19:56:11.252+0000] {processor.py:836} INFO - DAG(s) dict_keys(['example_params_trigger_ui']) retrieved from /home/airflow/.local/lib/python3.9/site-packages/airflow/example_dags/example_params_trigger_ui.py
[2023-07-23T19:56:11.323+0000] {logging_mixin.py:150} INFO - [2023-07-23T19:56:11.322+0000] {dag.py:2742} INFO - Sync 1 DAGs
[2023-07-23T19:56:11.362+0000] {logging_mixin.py:150} INFO - [2023-07-23T19:56:11.362+0000] {dag.py:3504} INFO - Setting next_dagrun for example_params_trigger_ui to None, run_after=None
[2023-07-23T19:56:11.400+0000] {processor.py:179} INFO - Processing /home/airflow/.local/lib/python3.9/site-packages/airflow/example_dags/example_params_trigger_ui.py took 0.202 seconds
[2023-07-23T19:56:42.116+0000] {processor.py:157} INFO - Started process (PID=1802) to work on /home/airflow/.local/lib/python3.9/site-packages/airflow/example_dags/example_params_trigger_ui.py
[2023-07-23T19:56:42.118+0000] {processor.py:826} INFO - Processing file /home/airflow/.local/lib/python3.9/site-packages/airflow/example_dags/example_params_trigger_ui.py for tasks to queue
[2023-07-23T19:56:42.119+0000] {logging_mixin.py:150} INFO - [2023-07-23T19:56:42.119+0000] {dagbag.py:541} INFO - Filling up the DagBag from /home/airflow/.local/lib/python3.9/site-packages/airflow/example_dags/example_params_trigger_ui.py
[2023-07-23T19:56:42.141+0000] {processor.py:836} INFO - DAG(s) dict_keys(['example_params_trigger_ui']) retrieved from /home/airflow/.local/lib/python3.9/site-packages/airflow/example_dags/example_params_trigger_ui.py
[2023-07-23T19:56:42.211+0000] {logging_mixin.py:150} INFO - [2023-07-23T19:56:42.210+0000] {dag.py:2742} INFO - Sync 1 DAGs
[2023-07-23T19:56:42.237+0000] {logging_mixin.py:150} INFO - [2023-07-23T19:56:42.237+0000] {dag.py:3504} INFO - Setting next_dagrun for example_params_trigger_ui to None, run_after=None
[2023-07-23T19:56:42.258+0000] {processor.py:179} INFO - Processing /home/airflow/.local/lib/python3.9/site-packages/airflow/example_dags/example_params_trigger_ui.py took 0.146 seconds
[2023-07-23T19:57:15.466+0000] {processor.py:157} INFO - Started process (PID=1864) to work on /home/airflow/.local/lib/python3.9/site-packages/airflow/example_dags/example_params_trigger_ui.py
[2023-07-23T19:57:15.468+0000] {processor.py:826} INFO - Processing file /home/airflow/.local/lib/python3.9/site-packages/airflow/example_dags/example_params_trigger_ui.py for tasks to queue
[2023-07-23T19:57:15.489+0000] {logging_mixin.py:150} INFO - [2023-07-23T19:57:15.489+0000] {dagbag.py:541} INFO - Filling up the DagBag from /home/airflow/.local/lib/python3.9/site-packages/airflow/example_dags/example_params_trigger_ui.py
[2023-07-23T19:57:15.727+0000] {processor.py:836} INFO - DAG(s) dict_keys(['example_params_trigger_ui']) retrieved from /home/airflow/.local/lib/python3.9/site-packages/airflow/example_dags/example_params_trigger_ui.py
[2023-07-23T19:57:16.557+0000] {logging_mixin.py:150} INFO - [2023-07-23T19:57:16.557+0000] {dag.py:2742} INFO - Sync 1 DAGs
[2023-07-23T19:57:16.778+0000] {logging_mixin.py:150} INFO - [2023-07-23T19:57:16.777+0000] {dag.py:3504} INFO - Setting next_dagrun for example_params_trigger_ui to None, run_after=None
[2023-07-23T19:57:17.840+0000] {processor.py:179} INFO - Processing /home/airflow/.local/lib/python3.9/site-packages/airflow/example_dags/example_params_trigger_ui.py took 2.419 seconds
[2023-07-23T19:58:23.572+0000] {processor.py:157} INFO - Started process (PID=1922) to work on /home/airflow/.local/lib/python3.9/site-packages/airflow/example_dags/example_params_trigger_ui.py
[2023-07-23T19:58:23.574+0000] {processor.py:826} INFO - Processing file /home/airflow/.local/lib/python3.9/site-packages/airflow/example_dags/example_params_trigger_ui.py for tasks to queue
[2023-07-23T19:58:23.575+0000] {logging_mixin.py:150} INFO - [2023-07-23T19:58:23.574+0000] {dagbag.py:541} INFO - Filling up the DagBag from /home/airflow/.local/lib/python3.9/site-packages/airflow/example_dags/example_params_trigger_ui.py
[2023-07-23T19:58:24.376+0000] {processor.py:836} INFO - DAG(s) dict_keys(['example_params_trigger_ui']) retrieved from /home/airflow/.local/lib/python3.9/site-packages/airflow/example_dags/example_params_trigger_ui.py
[2023-07-23T19:58:26.706+0000] {logging_mixin.py:150} INFO - [2023-07-23T19:58:26.706+0000] {dag.py:2742} INFO - Sync 1 DAGs
[2023-07-23T19:58:28.064+0000] {logging_mixin.py:150} INFO - [2023-07-23T19:58:28.064+0000] {dag.py:3504} INFO - Setting next_dagrun for example_params_trigger_ui to None, run_after=None
[2023-07-23T19:58:28.706+0000] {processor.py:179} INFO - Processing /home/airflow/.local/lib/python3.9/site-packages/airflow/example_dags/example_params_trigger_ui.py took 5.317 seconds
[2023-07-23T20:01:13.476+0000] {processor.py:157} INFO - Started process (PID=84) to work on /home/airflow/.local/lib/python3.9/site-packages/airflow/example_dags/example_params_trigger_ui.py
[2023-07-23T20:01:13.478+0000] {processor.py:826} INFO - Processing file /home/airflow/.local/lib/python3.9/site-packages/airflow/example_dags/example_params_trigger_ui.py for tasks to queue
[2023-07-23T20:01:13.479+0000] {logging_mixin.py:150} INFO - [2023-07-23T20:01:13.478+0000] {dagbag.py:541} INFO - Filling up the DagBag from /home/airflow/.local/lib/python3.9/site-packages/airflow/example_dags/example_params_trigger_ui.py
[2023-07-23T20:01:13.545+0000] {processor.py:836} INFO - DAG(s) dict_keys(['example_params_trigger_ui']) retrieved from /home/airflow/.local/lib/python3.9/site-packages/airflow/example_dags/example_params_trigger_ui.py
[2023-07-23T20:01:14.542+0000] {logging_mixin.py:150} INFO - [2023-07-23T20:01:14.542+0000] {dag.py:2742} INFO - Sync 1 DAGs
[2023-07-23T20:01:14.611+0000] {logging_mixin.py:150} INFO - [2023-07-23T20:01:14.611+0000] {dag.py:3504} INFO - Setting next_dagrun for example_params_trigger_ui to None, run_after=None
[2023-07-23T20:01:14.753+0000] {processor.py:179} INFO - Processing /home/airflow/.local/lib/python3.9/site-packages/airflow/example_dags/example_params_trigger_ui.py took 1.314 seconds
[2023-07-23T20:05:49.982+0000] {processor.py:157} INFO - Started process (PID=116) to work on /home/airflow/.local/lib/python3.9/site-packages/airflow/example_dags/example_params_trigger_ui.py
[2023-07-23T20:05:50.006+0000] {processor.py:826} INFO - Processing file /home/airflow/.local/lib/python3.9/site-packages/airflow/example_dags/example_params_trigger_ui.py for tasks to queue
[2023-07-23T20:05:50.007+0000] {logging_mixin.py:150} INFO - [2023-07-23T20:05:50.007+0000] {dagbag.py:541} INFO - Filling up the DagBag from /home/airflow/.local/lib/python3.9/site-packages/airflow/example_dags/example_params_trigger_ui.py
[2023-07-23T20:05:50.076+0000] {processor.py:836} INFO - DAG(s) dict_keys(['example_params_trigger_ui']) retrieved from /home/airflow/.local/lib/python3.9/site-packages/airflow/example_dags/example_params_trigger_ui.py
[2023-07-23T20:05:50.866+0000] {logging_mixin.py:150} INFO - [2023-07-23T20:05:50.866+0000] {dag.py:2742} INFO - Sync 1 DAGs
[2023-07-23T20:05:50.926+0000] {logging_mixin.py:150} INFO - [2023-07-23T20:05:50.926+0000] {dag.py:3504} INFO - Setting next_dagrun for example_params_trigger_ui to None, run_after=None
[2023-07-23T20:05:51.002+0000] {processor.py:179} INFO - Processing /home/airflow/.local/lib/python3.9/site-packages/airflow/example_dags/example_params_trigger_ui.py took 1.039 seconds
[2023-07-23T20:06:27.055+0000] {processor.py:157} INFO - Started process (PID=178) to work on /home/airflow/.local/lib/python3.9/site-packages/airflow/example_dags/example_params_trigger_ui.py
[2023-07-23T20:06:27.084+0000] {processor.py:826} INFO - Processing file /home/airflow/.local/lib/python3.9/site-packages/airflow/example_dags/example_params_trigger_ui.py for tasks to queue
[2023-07-23T20:06:27.087+0000] {logging_mixin.py:150} INFO - [2023-07-23T20:06:27.087+0000] {dagbag.py:541} INFO - Filling up the DagBag from /home/airflow/.local/lib/python3.9/site-packages/airflow/example_dags/example_params_trigger_ui.py
[2023-07-23T20:06:27.681+0000] {processor.py:836} INFO - DAG(s) dict_keys(['example_params_trigger_ui']) retrieved from /home/airflow/.local/lib/python3.9/site-packages/airflow/example_dags/example_params_trigger_ui.py
[2023-07-23T20:06:29.349+0000] {logging_mixin.py:150} INFO - [2023-07-23T20:06:29.349+0000] {dag.py:2742} INFO - Sync 1 DAGs
[2023-07-23T20:06:30.116+0000] {logging_mixin.py:150} INFO - [2023-07-23T20:06:30.116+0000] {dag.py:3504} INFO - Setting next_dagrun for example_params_trigger_ui to None, run_after=None
[2023-07-23T20:06:30.634+0000] {processor.py:179} INFO - Processing /home/airflow/.local/lib/python3.9/site-packages/airflow/example_dags/example_params_trigger_ui.py took 3.605 seconds
[2023-07-23T20:08:41.715+0000] {processor.py:157} INFO - Started process (PID=285) to work on /home/airflow/.local/lib/python3.9/site-packages/airflow/example_dags/example_params_trigger_ui.py
[2023-07-23T20:08:41.729+0000] {processor.py:826} INFO - Processing file /home/airflow/.local/lib/python3.9/site-packages/airflow/example_dags/example_params_trigger_ui.py for tasks to queue
[2023-07-23T20:08:41.730+0000] {logging_mixin.py:150} INFO - [2023-07-23T20:08:41.730+0000] {dagbag.py:541} INFO - Filling up the DagBag from /home/airflow/.local/lib/python3.9/site-packages/airflow/example_dags/example_params_trigger_ui.py
[2023-07-23T20:08:42.461+0000] {processor.py:836} INFO - DAG(s) dict_keys(['example_params_trigger_ui']) retrieved from /home/airflow/.local/lib/python3.9/site-packages/airflow/example_dags/example_params_trigger_ui.py
[2023-07-23T20:08:44.246+0000] {logging_mixin.py:150} INFO - [2023-07-23T20:08:44.246+0000] {dag.py:2742} INFO - Sync 1 DAGs
[2023-07-23T20:08:44.979+0000] {logging_mixin.py:150} INFO - [2023-07-23T20:08:44.978+0000] {dag.py:3504} INFO - Setting next_dagrun for example_params_trigger_ui to None, run_after=None
[2023-07-23T20:08:45.303+0000] {processor.py:179} INFO - Processing /home/airflow/.local/lib/python3.9/site-packages/airflow/example_dags/example_params_trigger_ui.py took 3.835 seconds
[2023-07-23T20:10:05.311+0000] {processor.py:157} INFO - Started process (PID=364) to work on /home/airflow/.local/lib/python3.9/site-packages/airflow/example_dags/example_params_trigger_ui.py
[2023-07-23T20:10:05.331+0000] {processor.py:826} INFO - Processing file /home/airflow/.local/lib/python3.9/site-packages/airflow/example_dags/example_params_trigger_ui.py for tasks to queue
[2023-07-23T20:10:05.332+0000] {logging_mixin.py:150} INFO - [2023-07-23T20:10:05.332+0000] {dagbag.py:541} INFO - Filling up the DagBag from /home/airflow/.local/lib/python3.9/site-packages/airflow/example_dags/example_params_trigger_ui.py
[2023-07-23T20:10:05.838+0000] {processor.py:836} INFO - DAG(s) dict_keys(['example_params_trigger_ui']) retrieved from /home/airflow/.local/lib/python3.9/site-packages/airflow/example_dags/example_params_trigger_ui.py
[2023-07-23T20:10:06.917+0000] {logging_mixin.py:150} INFO - [2023-07-23T20:10:06.916+0000] {dag.py:2742} INFO - Sync 1 DAGs
[2023-07-23T20:10:07.744+0000] {logging_mixin.py:150} INFO - [2023-07-23T20:10:07.743+0000] {dag.py:3504} INFO - Setting next_dagrun for example_params_trigger_ui to None, run_after=None
[2023-07-23T20:10:07.994+0000] {processor.py:179} INFO - Processing /home/airflow/.local/lib/python3.9/site-packages/airflow/example_dags/example_params_trigger_ui.py took 2.784 seconds
[2023-07-23T20:10:38.318+0000] {processor.py:157} INFO - Started process (PID=425) to work on /home/airflow/.local/lib/python3.9/site-packages/airflow/example_dags/example_params_trigger_ui.py
[2023-07-23T20:10:38.319+0000] {processor.py:826} INFO - Processing file /home/airflow/.local/lib/python3.9/site-packages/airflow/example_dags/example_params_trigger_ui.py for tasks to queue
[2023-07-23T20:10:38.320+0000] {logging_mixin.py:150} INFO - [2023-07-23T20:10:38.320+0000] {dagbag.py:541} INFO - Filling up the DagBag from /home/airflow/.local/lib/python3.9/site-packages/airflow/example_dags/example_params_trigger_ui.py
[2023-07-23T20:10:38.363+0000] {processor.py:836} INFO - DAG(s) dict_keys(['example_params_trigger_ui']) retrieved from /home/airflow/.local/lib/python3.9/site-packages/airflow/example_dags/example_params_trigger_ui.py
[2023-07-23T20:10:38.483+0000] {logging_mixin.py:150} INFO - [2023-07-23T20:10:38.483+0000] {dag.py:2742} INFO - Sync 1 DAGs
[2023-07-23T20:10:38.520+0000] {logging_mixin.py:150} INFO - [2023-07-23T20:10:38.519+0000] {dag.py:3504} INFO - Setting next_dagrun for example_params_trigger_ui to None, run_after=None
[2023-07-23T20:10:38.597+0000] {processor.py:179} INFO - Processing /home/airflow/.local/lib/python3.9/site-packages/airflow/example_dags/example_params_trigger_ui.py took 0.297 seconds
[2023-07-23T20:11:08.680+0000] {processor.py:157} INFO - Started process (PID=487) to work on /home/airflow/.local/lib/python3.9/site-packages/airflow/example_dags/example_params_trigger_ui.py
[2023-07-23T20:11:08.682+0000] {processor.py:826} INFO - Processing file /home/airflow/.local/lib/python3.9/site-packages/airflow/example_dags/example_params_trigger_ui.py for tasks to queue
[2023-07-23T20:11:08.683+0000] {logging_mixin.py:150} INFO - [2023-07-23T20:11:08.682+0000] {dagbag.py:541} INFO - Filling up the DagBag from /home/airflow/.local/lib/python3.9/site-packages/airflow/example_dags/example_params_trigger_ui.py
[2023-07-23T20:11:08.705+0000] {processor.py:836} INFO - DAG(s) dict_keys(['example_params_trigger_ui']) retrieved from /home/airflow/.local/lib/python3.9/site-packages/airflow/example_dags/example_params_trigger_ui.py
[2023-07-23T20:11:08.774+0000] {logging_mixin.py:150} INFO - [2023-07-23T20:11:08.773+0000] {dag.py:2742} INFO - Sync 1 DAGs
[2023-07-23T20:11:08.801+0000] {logging_mixin.py:150} INFO - [2023-07-23T20:11:08.801+0000] {dag.py:3504} INFO - Setting next_dagrun for example_params_trigger_ui to None, run_after=None
[2023-07-23T20:11:08.824+0000] {processor.py:179} INFO - Processing /home/airflow/.local/lib/python3.9/site-packages/airflow/example_dags/example_params_trigger_ui.py took 0.149 seconds
[2023-07-23T20:11:53.246+0000] {processor.py:157} INFO - Started process (PID=560) to work on /home/airflow/.local/lib/python3.9/site-packages/airflow/example_dags/example_params_trigger_ui.py
[2023-07-23T20:11:53.258+0000] {processor.py:826} INFO - Processing file /home/airflow/.local/lib/python3.9/site-packages/airflow/example_dags/example_params_trigger_ui.py for tasks to queue
[2023-07-23T20:11:53.259+0000] {logging_mixin.py:150} INFO - [2023-07-23T20:11:53.259+0000] {dagbag.py:541} INFO - Filling up the DagBag from /home/airflow/.local/lib/python3.9/site-packages/airflow/example_dags/example_params_trigger_ui.py
[2023-07-23T20:11:53.766+0000] {processor.py:836} INFO - DAG(s) dict_keys(['example_params_trigger_ui']) retrieved from /home/airflow/.local/lib/python3.9/site-packages/airflow/example_dags/example_params_trigger_ui.py
[2023-07-23T20:11:55.145+0000] {logging_mixin.py:150} INFO - [2023-07-23T20:11:55.144+0000] {dag.py:2742} INFO - Sync 1 DAGs
[2023-07-23T20:11:55.788+0000] {logging_mixin.py:150} INFO - [2023-07-23T20:11:55.788+0000] {dag.py:3504} INFO - Setting next_dagrun for example_params_trigger_ui to None, run_after=None
[2023-07-23T20:11:56.443+0000] {processor.py:179} INFO - Processing /home/airflow/.local/lib/python3.9/site-packages/airflow/example_dags/example_params_trigger_ui.py took 3.353 seconds
[2023-07-23T20:13:09.871+0000] {processor.py:157} INFO - Started process (PID=630) to work on /home/airflow/.local/lib/python3.9/site-packages/airflow/example_dags/example_params_trigger_ui.py
[2023-07-23T20:13:09.991+0000] {processor.py:826} INFO - Processing file /home/airflow/.local/lib/python3.9/site-packages/airflow/example_dags/example_params_trigger_ui.py for tasks to queue
[2023-07-23T20:13:09.992+0000] {logging_mixin.py:150} INFO - [2023-07-23T20:13:09.992+0000] {dagbag.py:541} INFO - Filling up the DagBag from /home/airflow/.local/lib/python3.9/site-packages/airflow/example_dags/example_params_trigger_ui.py
[2023-07-23T20:13:10.306+0000] {processor.py:836} INFO - DAG(s) dict_keys(['example_params_trigger_ui']) retrieved from /home/airflow/.local/lib/python3.9/site-packages/airflow/example_dags/example_params_trigger_ui.py
[2023-07-23T20:13:12.914+0000] {logging_mixin.py:150} INFO - [2023-07-23T20:13:12.914+0000] {dag.py:2742} INFO - Sync 1 DAGs
[2023-07-23T20:13:14.450+0000] {logging_mixin.py:150} INFO - [2023-07-23T20:13:14.335+0000] {dag.py:3504} INFO - Setting next_dagrun for example_params_trigger_ui to None, run_after=None
[2023-07-23T20:13:16.777+0000] {processor.py:179} INFO - Processing /home/airflow/.local/lib/python3.9/site-packages/airflow/example_dags/example_params_trigger_ui.py took 7.117 seconds
[2023-07-23T20:15:16.806+0000] {processor.py:157} INFO - Started process (PID=741) to work on /home/airflow/.local/lib/python3.9/site-packages/airflow/example_dags/example_params_trigger_ui.py
[2023-07-23T20:15:16.816+0000] {processor.py:826} INFO - Processing file /home/airflow/.local/lib/python3.9/site-packages/airflow/example_dags/example_params_trigger_ui.py for tasks to queue
[2023-07-23T20:15:16.817+0000] {logging_mixin.py:150} INFO - [2023-07-23T20:15:16.816+0000] {dagbag.py:541} INFO - Filling up the DagBag from /home/airflow/.local/lib/python3.9/site-packages/airflow/example_dags/example_params_trigger_ui.py
[2023-07-23T20:15:16.903+0000] {processor.py:836} INFO - DAG(s) dict_keys(['example_params_trigger_ui']) retrieved from /home/airflow/.local/lib/python3.9/site-packages/airflow/example_dags/example_params_trigger_ui.py
[2023-07-23T20:15:17.191+0000] {logging_mixin.py:150} INFO - [2023-07-23T20:15:17.190+0000] {dag.py:2742} INFO - Sync 1 DAGs
[2023-07-23T20:15:17.306+0000] {logging_mixin.py:150} INFO - [2023-07-23T20:15:17.306+0000] {dag.py:3504} INFO - Setting next_dagrun for example_params_trigger_ui to None, run_after=None
[2023-07-23T20:15:17.372+0000] {processor.py:179} INFO - Processing /home/airflow/.local/lib/python3.9/site-packages/airflow/example_dags/example_params_trigger_ui.py took 0.591 seconds
[2023-07-23T20:15:49.115+0000] {processor.py:157} INFO - Started process (PID=802) to work on /home/airflow/.local/lib/python3.9/site-packages/airflow/example_dags/example_params_trigger_ui.py
[2023-07-23T20:15:49.135+0000] {processor.py:826} INFO - Processing file /home/airflow/.local/lib/python3.9/site-packages/airflow/example_dags/example_params_trigger_ui.py for tasks to queue
[2023-07-23T20:15:49.137+0000] {logging_mixin.py:150} INFO - [2023-07-23T20:15:49.136+0000] {dagbag.py:541} INFO - Filling up the DagBag from /home/airflow/.local/lib/python3.9/site-packages/airflow/example_dags/example_params_trigger_ui.py
[2023-07-23T20:15:49.281+0000] {processor.py:836} INFO - DAG(s) dict_keys(['example_params_trigger_ui']) retrieved from /home/airflow/.local/lib/python3.9/site-packages/airflow/example_dags/example_params_trigger_ui.py
[2023-07-23T20:15:49.816+0000] {logging_mixin.py:150} INFO - [2023-07-23T20:15:49.816+0000] {dag.py:2742} INFO - Sync 1 DAGs
[2023-07-23T20:15:50.018+0000] {logging_mixin.py:150} INFO - [2023-07-23T20:15:50.009+0000] {dag.py:3504} INFO - Setting next_dagrun for example_params_trigger_ui to None, run_after=None
[2023-07-23T20:15:50.155+0000] {processor.py:179} INFO - Processing /home/airflow/.local/lib/python3.9/site-packages/airflow/example_dags/example_params_trigger_ui.py took 1.084 seconds
[2023-07-23T20:16:24.303+0000] {processor.py:157} INFO - Started process (PID=856) to work on /home/airflow/.local/lib/python3.9/site-packages/airflow/example_dags/example_params_trigger_ui.py
[2023-07-23T20:16:24.349+0000] {processor.py:826} INFO - Processing file /home/airflow/.local/lib/python3.9/site-packages/airflow/example_dags/example_params_trigger_ui.py for tasks to queue
[2023-07-23T20:16:24.350+0000] {logging_mixin.py:150} INFO - [2023-07-23T20:16:24.350+0000] {dagbag.py:541} INFO - Filling up the DagBag from /home/airflow/.local/lib/python3.9/site-packages/airflow/example_dags/example_params_trigger_ui.py
[2023-07-23T20:16:24.668+0000] {processor.py:836} INFO - DAG(s) dict_keys(['example_params_trigger_ui']) retrieved from /home/airflow/.local/lib/python3.9/site-packages/airflow/example_dags/example_params_trigger_ui.py
[2023-07-23T20:16:25.901+0000] {logging_mixin.py:150} INFO - [2023-07-23T20:16:25.901+0000] {dag.py:2742} INFO - Sync 1 DAGs
[2023-07-23T20:16:26.116+0000] {logging_mixin.py:150} INFO - [2023-07-23T20:16:26.116+0000] {dag.py:3504} INFO - Setting next_dagrun for example_params_trigger_ui to None, run_after=None
[2023-07-23T20:16:26.341+0000] {processor.py:179} INFO - Processing /home/airflow/.local/lib/python3.9/site-packages/airflow/example_dags/example_params_trigger_ui.py took 2.150 seconds
[2023-07-23T20:18:18.963+0000] {processor.py:157} INFO - Started process (PID=940) to work on /home/airflow/.local/lib/python3.9/site-packages/airflow/example_dags/example_params_trigger_ui.py
[2023-07-23T20:18:19.077+0000] {processor.py:826} INFO - Processing file /home/airflow/.local/lib/python3.9/site-packages/airflow/example_dags/example_params_trigger_ui.py for tasks to queue
[2023-07-23T20:18:19.078+0000] {logging_mixin.py:150} INFO - [2023-07-23T20:18:19.078+0000] {dagbag.py:541} INFO - Filling up the DagBag from /home/airflow/.local/lib/python3.9/site-packages/airflow/example_dags/example_params_trigger_ui.py
[2023-07-23T20:18:20.046+0000] {processor.py:836} INFO - DAG(s) dict_keys(['example_params_trigger_ui']) retrieved from /home/airflow/.local/lib/python3.9/site-packages/airflow/example_dags/example_params_trigger_ui.py
[2023-07-23T20:18:23.697+0000] {logging_mixin.py:150} INFO - [2023-07-23T20:18:23.697+0000] {dag.py:2742} INFO - Sync 1 DAGs
[2023-07-23T20:18:24.946+0000] {logging_mixin.py:150} INFO - [2023-07-23T20:18:24.945+0000] {dag.py:3504} INFO - Setting next_dagrun for example_params_trigger_ui to None, run_after=None
[2023-07-23T20:18:25.908+0000] {processor.py:179} INFO - Processing /home/airflow/.local/lib/python3.9/site-packages/airflow/example_dags/example_params_trigger_ui.py took 7.200 seconds
[2023-07-23T20:20:15.491+0000] {processor.py:157} INFO - Started process (PID=1016) to work on /home/airflow/.local/lib/python3.9/site-packages/airflow/example_dags/example_params_trigger_ui.py
[2023-07-23T20:20:15.544+0000] {processor.py:826} INFO - Processing file /home/airflow/.local/lib/python3.9/site-packages/airflow/example_dags/example_params_trigger_ui.py for tasks to queue
[2023-07-23T20:20:15.545+0000] {logging_mixin.py:150} INFO - [2023-07-23T20:20:15.544+0000] {dagbag.py:541} INFO - Filling up the DagBag from /home/airflow/.local/lib/python3.9/site-packages/airflow/example_dags/example_params_trigger_ui.py
[2023-07-23T20:20:15.613+0000] {processor.py:836} INFO - DAG(s) dict_keys(['example_params_trigger_ui']) retrieved from /home/airflow/.local/lib/python3.9/site-packages/airflow/example_dags/example_params_trigger_ui.py
[2023-07-23T20:20:16.036+0000] {logging_mixin.py:150} INFO - [2023-07-23T20:20:16.036+0000] {dag.py:2742} INFO - Sync 1 DAGs
[2023-07-23T20:20:16.190+0000] {logging_mixin.py:150} INFO - [2023-07-23T20:20:16.189+0000] {dag.py:3504} INFO - Setting next_dagrun for example_params_trigger_ui to None, run_after=None
[2023-07-23T20:20:16.320+0000] {processor.py:179} INFO - Processing /home/airflow/.local/lib/python3.9/site-packages/airflow/example_dags/example_params_trigger_ui.py took 0.833 seconds
[2023-07-23T20:20:47.694+0000] {processor.py:157} INFO - Started process (PID=1077) to work on /home/airflow/.local/lib/python3.9/site-packages/airflow/example_dags/example_params_trigger_ui.py
[2023-07-23T20:20:47.725+0000] {processor.py:826} INFO - Processing file /home/airflow/.local/lib/python3.9/site-packages/airflow/example_dags/example_params_trigger_ui.py for tasks to queue
[2023-07-23T20:20:47.727+0000] {logging_mixin.py:150} INFO - [2023-07-23T20:20:47.726+0000] {dagbag.py:541} INFO - Filling up the DagBag from /home/airflow/.local/lib/python3.9/site-packages/airflow/example_dags/example_params_trigger_ui.py
[2023-07-23T20:20:47.832+0000] {processor.py:836} INFO - DAG(s) dict_keys(['example_params_trigger_ui']) retrieved from /home/airflow/.local/lib/python3.9/site-packages/airflow/example_dags/example_params_trigger_ui.py
[2023-07-23T20:20:48.156+0000] {logging_mixin.py:150} INFO - [2023-07-23T20:20:48.155+0000] {dag.py:2742} INFO - Sync 1 DAGs
[2023-07-23T20:20:48.240+0000] {logging_mixin.py:150} INFO - [2023-07-23T20:20:48.240+0000] {dag.py:3504} INFO - Setting next_dagrun for example_params_trigger_ui to None, run_after=None
[2023-07-23T20:20:48.362+0000] {processor.py:179} INFO - Processing /home/airflow/.local/lib/python3.9/site-packages/airflow/example_dags/example_params_trigger_ui.py took 0.672 seconds
[2023-07-23T20:21:27.193+0000] {processor.py:157} INFO - Started process (PID=1139) to work on /home/airflow/.local/lib/python3.9/site-packages/airflow/example_dags/example_params_trigger_ui.py
[2023-07-23T20:21:27.195+0000] {processor.py:826} INFO - Processing file /home/airflow/.local/lib/python3.9/site-packages/airflow/example_dags/example_params_trigger_ui.py for tasks to queue
[2023-07-23T20:21:27.262+0000] {logging_mixin.py:150} INFO - [2023-07-23T20:21:27.261+0000] {dagbag.py:541} INFO - Filling up the DagBag from /home/airflow/.local/lib/python3.9/site-packages/airflow/example_dags/example_params_trigger_ui.py
[2023-07-23T20:21:27.837+0000] {processor.py:836} INFO - DAG(s) dict_keys(['example_params_trigger_ui']) retrieved from /home/airflow/.local/lib/python3.9/site-packages/airflow/example_dags/example_params_trigger_ui.py
[2023-07-23T20:21:29.739+0000] {logging_mixin.py:150} INFO - [2023-07-23T20:21:29.739+0000] {dag.py:2742} INFO - Sync 1 DAGs
[2023-07-23T20:21:30.166+0000] {logging_mixin.py:150} INFO - [2023-07-23T20:21:30.165+0000] {dag.py:3504} INFO - Setting next_dagrun for example_params_trigger_ui to None, run_after=None
[2023-07-23T20:21:30.697+0000] {processor.py:179} INFO - Processing /home/airflow/.local/lib/python3.9/site-packages/airflow/example_dags/example_params_trigger_ui.py took 3.545 seconds
[2023-07-23T20:24:04.092+0000] {processor.py:157} INFO - Started process (PID=1240) to work on /home/airflow/.local/lib/python3.9/site-packages/airflow/example_dags/example_params_trigger_ui.py
[2023-07-23T20:24:04.321+0000] {processor.py:826} INFO - Processing file /home/airflow/.local/lib/python3.9/site-packages/airflow/example_dags/example_params_trigger_ui.py for tasks to queue
[2023-07-23T20:24:04.322+0000] {logging_mixin.py:150} INFO - [2023-07-23T20:24:04.322+0000] {dagbag.py:541} INFO - Filling up the DagBag from /home/airflow/.local/lib/python3.9/site-packages/airflow/example_dags/example_params_trigger_ui.py
[2023-07-23T20:24:06.127+0000] {processor.py:836} INFO - DAG(s) dict_keys(['example_params_trigger_ui']) retrieved from /home/airflow/.local/lib/python3.9/site-packages/airflow/example_dags/example_params_trigger_ui.py
[2023-07-23T20:24:09.650+0000] {logging_mixin.py:150} INFO - [2023-07-23T20:24:09.650+0000] {dag.py:2742} INFO - Sync 1 DAGs
[2023-07-23T20:24:11.085+0000] {logging_mixin.py:150} INFO - [2023-07-23T20:24:11.084+0000] {dag.py:3504} INFO - Setting next_dagrun for example_params_trigger_ui to None, run_after=None
[2023-07-23T20:24:13.049+0000] {processor.py:179} INFO - Processing /home/airflow/.local/lib/python3.9/site-packages/airflow/example_dags/example_params_trigger_ui.py took 8.962 seconds
[2023-07-23T20:25:17.377+0000] {processor.py:157} INFO - Started process (PID=1293) to work on /home/airflow/.local/lib/python3.9/site-packages/airflow/example_dags/example_params_trigger_ui.py
[2023-07-23T20:25:17.379+0000] {processor.py:826} INFO - Processing file /home/airflow/.local/lib/python3.9/site-packages/airflow/example_dags/example_params_trigger_ui.py for tasks to queue
[2023-07-23T20:25:17.380+0000] {logging_mixin.py:150} INFO - [2023-07-23T20:25:17.379+0000] {dagbag.py:541} INFO - Filling up the DagBag from /home/airflow/.local/lib/python3.9/site-packages/airflow/example_dags/example_params_trigger_ui.py
[2023-07-23T20:25:17.462+0000] {processor.py:836} INFO - DAG(s) dict_keys(['example_params_trigger_ui']) retrieved from /home/airflow/.local/lib/python3.9/site-packages/airflow/example_dags/example_params_trigger_ui.py
[2023-07-23T20:25:17.773+0000] {logging_mixin.py:150} INFO - [2023-07-23T20:25:17.773+0000] {dag.py:2742} INFO - Sync 1 DAGs
[2023-07-23T20:25:17.869+0000] {logging_mixin.py:150} INFO - [2023-07-23T20:25:17.868+0000] {dag.py:3504} INFO - Setting next_dagrun for example_params_trigger_ui to None, run_after=None
[2023-07-23T20:25:17.978+0000] {processor.py:179} INFO - Processing /home/airflow/.local/lib/python3.9/site-packages/airflow/example_dags/example_params_trigger_ui.py took 0.635 seconds
[2023-07-23T20:25:49.811+0000] {processor.py:157} INFO - Started process (PID=1355) to work on /home/airflow/.local/lib/python3.9/site-packages/airflow/example_dags/example_params_trigger_ui.py
[2023-07-23T20:25:49.850+0000] {processor.py:826} INFO - Processing file /home/airflow/.local/lib/python3.9/site-packages/airflow/example_dags/example_params_trigger_ui.py for tasks to queue
[2023-07-23T20:25:49.852+0000] {logging_mixin.py:150} INFO - [2023-07-23T20:25:49.851+0000] {dagbag.py:541} INFO - Filling up the DagBag from /home/airflow/.local/lib/python3.9/site-packages/airflow/example_dags/example_params_trigger_ui.py
[2023-07-23T20:25:49.951+0000] {processor.py:836} INFO - DAG(s) dict_keys(['example_params_trigger_ui']) retrieved from /home/airflow/.local/lib/python3.9/site-packages/airflow/example_dags/example_params_trigger_ui.py
[2023-07-23T20:25:50.116+0000] {logging_mixin.py:150} INFO - [2023-07-23T20:25:50.116+0000] {dag.py:2742} INFO - Sync 1 DAGs
[2023-07-23T20:25:50.276+0000] {logging_mixin.py:150} INFO - [2023-07-23T20:25:50.276+0000] {dag.py:3504} INFO - Setting next_dagrun for example_params_trigger_ui to None, run_after=None
[2023-07-23T20:25:50.340+0000] {processor.py:179} INFO - Processing /home/airflow/.local/lib/python3.9/site-packages/airflow/example_dags/example_params_trigger_ui.py took 0.547 seconds
[2023-07-23T20:26:39.857+0000] {processor.py:157} INFO - Started process (PID=1423) to work on /home/airflow/.local/lib/python3.9/site-packages/airflow/example_dags/example_params_trigger_ui.py
[2023-07-23T20:26:39.884+0000] {processor.py:826} INFO - Processing file /home/airflow/.local/lib/python3.9/site-packages/airflow/example_dags/example_params_trigger_ui.py for tasks to queue
[2023-07-23T20:26:39.885+0000] {logging_mixin.py:150} INFO - [2023-07-23T20:26:39.884+0000] {dagbag.py:541} INFO - Filling up the DagBag from /home/airflow/.local/lib/python3.9/site-packages/airflow/example_dags/example_params_trigger_ui.py
[2023-07-23T20:26:40.637+0000] {processor.py:836} INFO - DAG(s) dict_keys(['example_params_trigger_ui']) retrieved from /home/airflow/.local/lib/python3.9/site-packages/airflow/example_dags/example_params_trigger_ui.py
[2023-07-23T20:26:42.835+0000] {logging_mixin.py:150} INFO - [2023-07-23T20:26:42.835+0000] {dag.py:2742} INFO - Sync 1 DAGs
[2023-07-23T20:26:44.038+0000] {logging_mixin.py:150} INFO - [2023-07-23T20:26:44.038+0000] {dag.py:3504} INFO - Setting next_dagrun for example_params_trigger_ui to None, run_after=None
[2023-07-23T20:26:44.630+0000] {processor.py:179} INFO - Processing /home/airflow/.local/lib/python3.9/site-packages/airflow/example_dags/example_params_trigger_ui.py took 4.881 seconds
[2023-07-23T20:29:07.076+0000] {processor.py:157} INFO - Started process (PID=1530) to work on /home/airflow/.local/lib/python3.9/site-packages/airflow/example_dags/example_params_trigger_ui.py
[2023-07-23T20:29:07.127+0000] {processor.py:826} INFO - Processing file /home/airflow/.local/lib/python3.9/site-packages/airflow/example_dags/example_params_trigger_ui.py for tasks to queue
[2023-07-23T20:29:07.142+0000] {logging_mixin.py:150} INFO - [2023-07-23T20:29:07.142+0000] {dagbag.py:541} INFO - Filling up the DagBag from /home/airflow/.local/lib/python3.9/site-packages/airflow/example_dags/example_params_trigger_ui.py
[2023-07-23T20:29:07.771+0000] {processor.py:836} INFO - DAG(s) dict_keys(['example_params_trigger_ui']) retrieved from /home/airflow/.local/lib/python3.9/site-packages/airflow/example_dags/example_params_trigger_ui.py
[2023-07-23T20:29:10.641+0000] {logging_mixin.py:150} INFO - [2023-07-23T20:29:10.640+0000] {dag.py:2742} INFO - Sync 1 DAGs
[2023-07-23T20:29:11.726+0000] {logging_mixin.py:150} INFO - [2023-07-23T20:29:11.725+0000] {dag.py:3504} INFO - Setting next_dagrun for example_params_trigger_ui to None, run_after=None
[2023-07-23T20:29:12.917+0000] {processor.py:179} INFO - Processing /home/airflow/.local/lib/python3.9/site-packages/airflow/example_dags/example_params_trigger_ui.py took 6.349 seconds
[2023-07-23T20:30:29.633+0000] {processor.py:157} INFO - Started process (PID=1609) to work on /home/airflow/.local/lib/python3.9/site-packages/airflow/example_dags/example_params_trigger_ui.py
[2023-07-23T20:30:29.656+0000] {processor.py:826} INFO - Processing file /home/airflow/.local/lib/python3.9/site-packages/airflow/example_dags/example_params_trigger_ui.py for tasks to queue
[2023-07-23T20:30:29.657+0000] {logging_mixin.py:150} INFO - [2023-07-23T20:30:29.656+0000] {dagbag.py:541} INFO - Filling up the DagBag from /home/airflow/.local/lib/python3.9/site-packages/airflow/example_dags/example_params_trigger_ui.py
[2023-07-23T20:30:29.726+0000] {processor.py:836} INFO - DAG(s) dict_keys(['example_params_trigger_ui']) retrieved from /home/airflow/.local/lib/python3.9/site-packages/airflow/example_dags/example_params_trigger_ui.py
[2023-07-23T20:30:30.089+0000] {logging_mixin.py:150} INFO - [2023-07-23T20:30:30.088+0000] {dag.py:2742} INFO - Sync 1 DAGs
[2023-07-23T20:30:30.246+0000] {logging_mixin.py:150} INFO - [2023-07-23T20:30:30.246+0000] {dag.py:3504} INFO - Setting next_dagrun for example_params_trigger_ui to None, run_after=None
[2023-07-23T20:30:30.368+0000] {processor.py:179} INFO - Processing /home/airflow/.local/lib/python3.9/site-packages/airflow/example_dags/example_params_trigger_ui.py took 0.776 seconds
[2023-07-23T20:31:00.855+0000] {processor.py:157} INFO - Started process (PID=1670) to work on /home/airflow/.local/lib/python3.9/site-packages/airflow/example_dags/example_params_trigger_ui.py
[2023-07-23T20:31:00.857+0000] {processor.py:826} INFO - Processing file /home/airflow/.local/lib/python3.9/site-packages/airflow/example_dags/example_params_trigger_ui.py for tasks to queue
[2023-07-23T20:31:00.858+0000] {logging_mixin.py:150} INFO - [2023-07-23T20:31:00.858+0000] {dagbag.py:541} INFO - Filling up the DagBag from /home/airflow/.local/lib/python3.9/site-packages/airflow/example_dags/example_params_trigger_ui.py
[2023-07-23T20:31:00.907+0000] {processor.py:836} INFO - DAG(s) dict_keys(['example_params_trigger_ui']) retrieved from /home/airflow/.local/lib/python3.9/site-packages/airflow/example_dags/example_params_trigger_ui.py
[2023-07-23T20:31:01.031+0000] {logging_mixin.py:150} INFO - [2023-07-23T20:31:01.031+0000] {dag.py:2742} INFO - Sync 1 DAGs
[2023-07-23T20:31:01.096+0000] {logging_mixin.py:150} INFO - [2023-07-23T20:31:01.096+0000] {dag.py:3504} INFO - Setting next_dagrun for example_params_trigger_ui to None, run_after=None
[2023-07-23T20:31:01.131+0000] {processor.py:179} INFO - Processing /home/airflow/.local/lib/python3.9/site-packages/airflow/example_dags/example_params_trigger_ui.py took 0.292 seconds
[2023-07-23T20:32:26.429+0000] {processor.py:157} INFO - Started process (PID=1753) to work on /home/airflow/.local/lib/python3.9/site-packages/airflow/example_dags/example_params_trigger_ui.py
[2023-07-23T20:32:26.430+0000] {processor.py:826} INFO - Processing file /home/airflow/.local/lib/python3.9/site-packages/airflow/example_dags/example_params_trigger_ui.py for tasks to queue
[2023-07-23T20:32:26.480+0000] {logging_mixin.py:150} INFO - [2023-07-23T20:32:26.431+0000] {dagbag.py:541} INFO - Filling up the DagBag from /home/airflow/.local/lib/python3.9/site-packages/airflow/example_dags/example_params_trigger_ui.py
[2023-07-23T20:32:27.317+0000] {processor.py:836} INFO - DAG(s) dict_keys(['example_params_trigger_ui']) retrieved from /home/airflow/.local/lib/python3.9/site-packages/airflow/example_dags/example_params_trigger_ui.py
[2023-07-23T20:32:29.546+0000] {logging_mixin.py:150} INFO - [2023-07-23T20:32:29.546+0000] {dag.py:2742} INFO - Sync 1 DAGs
[2023-07-23T20:32:30.567+0000] {logging_mixin.py:150} INFO - [2023-07-23T20:32:30.567+0000] {dag.py:3504} INFO - Setting next_dagrun for example_params_trigger_ui to None, run_after=None
[2023-07-23T20:32:31.402+0000] {processor.py:179} INFO - Processing /home/airflow/.local/lib/python3.9/site-packages/airflow/example_dags/example_params_trigger_ui.py took 5.144 seconds
