[2023-07-23T19:28:27.691+0000] {processor.py:157} INFO - Started process (PID=90) to work on /home/airflow/.local/lib/python3.9/site-packages/airflow/example_dags/tutorial_dag.py
[2023-07-23T19:28:27.692+0000] {processor.py:826} INFO - Processing file /home/airflow/.local/lib/python3.9/site-packages/airflow/example_dags/tutorial_dag.py for tasks to queue
[2023-07-23T19:28:27.693+0000] {logging_mixin.py:150} INFO - [2023-07-23T19:28:27.692+0000] {dagbag.py:541} INFO - Filling up the DagBag from /home/airflow/.local/lib/python3.9/site-packages/airflow/example_dags/tutorial_dag.py
[2023-07-23T19:28:27.703+0000] {processor.py:836} INFO - DAG(s) dict_keys(['tutorial_dag']) retrieved from /home/airflow/.local/lib/python3.9/site-packages/airflow/example_dags/tutorial_dag.py
[2023-07-23T19:28:27.727+0000] {logging_mixin.py:150} INFO - [2023-07-23T19:28:27.727+0000] {dag.py:2742} INFO - Sync 1 DAGs
[2023-07-23T19:28:27.773+0000] {logging_mixin.py:150} INFO - [2023-07-23T19:28:27.772+0000] {dag.py:3504} INFO - Setting next_dagrun for tutorial_dag to None, run_after=None
[2023-07-23T19:28:27.806+0000] {processor.py:179} INFO - Processing /home/airflow/.local/lib/python3.9/site-packages/airflow/example_dags/tutorial_dag.py took 0.119 seconds
[2023-07-23T19:28:58.733+0000] {processor.py:157} INFO - Started process (PID=151) to work on /home/airflow/.local/lib/python3.9/site-packages/airflow/example_dags/tutorial_dag.py
[2023-07-23T19:28:58.735+0000] {processor.py:826} INFO - Processing file /home/airflow/.local/lib/python3.9/site-packages/airflow/example_dags/tutorial_dag.py for tasks to queue
[2023-07-23T19:28:58.742+0000] {logging_mixin.py:150} INFO - [2023-07-23T19:28:58.742+0000] {dagbag.py:541} INFO - Filling up the DagBag from /home/airflow/.local/lib/python3.9/site-packages/airflow/example_dags/tutorial_dag.py
[2023-07-23T19:28:58.749+0000] {processor.py:836} INFO - DAG(s) dict_keys(['tutorial_dag']) retrieved from /home/airflow/.local/lib/python3.9/site-packages/airflow/example_dags/tutorial_dag.py
[2023-07-23T19:28:58.909+0000] {logging_mixin.py:150} INFO - [2023-07-23T19:28:58.909+0000] {dag.py:2742} INFO - Sync 1 DAGs
[2023-07-23T19:28:58.966+0000] {logging_mixin.py:150} INFO - [2023-07-23T19:28:58.965+0000] {dag.py:3504} INFO - Setting next_dagrun for tutorial_dag to None, run_after=None
[2023-07-23T19:28:59.003+0000] {processor.py:179} INFO - Processing /home/airflow/.local/lib/python3.9/site-packages/airflow/example_dags/tutorial_dag.py took 0.274 seconds
[2023-07-23T19:29:29.122+0000] {processor.py:157} INFO - Started process (PID=213) to work on /home/airflow/.local/lib/python3.9/site-packages/airflow/example_dags/tutorial_dag.py
[2023-07-23T19:29:29.131+0000] {processor.py:826} INFO - Processing file /home/airflow/.local/lib/python3.9/site-packages/airflow/example_dags/tutorial_dag.py for tasks to queue
[2023-07-23T19:29:29.132+0000] {logging_mixin.py:150} INFO - [2023-07-23T19:29:29.132+0000] {dagbag.py:541} INFO - Filling up the DagBag from /home/airflow/.local/lib/python3.9/site-packages/airflow/example_dags/tutorial_dag.py
[2023-07-23T19:29:29.140+0000] {processor.py:836} INFO - DAG(s) dict_keys(['tutorial_dag']) retrieved from /home/airflow/.local/lib/python3.9/site-packages/airflow/example_dags/tutorial_dag.py
[2023-07-23T19:29:29.207+0000] {logging_mixin.py:150} INFO - [2023-07-23T19:29:29.207+0000] {dag.py:2742} INFO - Sync 1 DAGs
[2023-07-23T19:29:29.283+0000] {logging_mixin.py:150} INFO - [2023-07-23T19:29:29.282+0000] {dag.py:3504} INFO - Setting next_dagrun for tutorial_dag to None, run_after=None
[2023-07-23T19:29:29.329+0000] {processor.py:179} INFO - Processing /home/airflow/.local/lib/python3.9/site-packages/airflow/example_dags/tutorial_dag.py took 0.215 seconds
[2023-07-23T19:30:00.398+0000] {processor.py:157} INFO - Started process (PID=274) to work on /home/airflow/.local/lib/python3.9/site-packages/airflow/example_dags/tutorial_dag.py
[2023-07-23T19:30:00.415+0000] {processor.py:826} INFO - Processing file /home/airflow/.local/lib/python3.9/site-packages/airflow/example_dags/tutorial_dag.py for tasks to queue
[2023-07-23T19:30:00.417+0000] {logging_mixin.py:150} INFO - [2023-07-23T19:30:00.416+0000] {dagbag.py:541} INFO - Filling up the DagBag from /home/airflow/.local/lib/python3.9/site-packages/airflow/example_dags/tutorial_dag.py
[2023-07-23T19:30:00.425+0000] {processor.py:836} INFO - DAG(s) dict_keys(['tutorial_dag']) retrieved from /home/airflow/.local/lib/python3.9/site-packages/airflow/example_dags/tutorial_dag.py
[2023-07-23T19:30:00.516+0000] {logging_mixin.py:150} INFO - [2023-07-23T19:30:00.516+0000] {dag.py:2742} INFO - Sync 1 DAGs
[2023-07-23T19:30:00.606+0000] {logging_mixin.py:150} INFO - [2023-07-23T19:30:00.606+0000] {dag.py:3504} INFO - Setting next_dagrun for tutorial_dag to None, run_after=None
[2023-07-23T19:30:00.716+0000] {processor.py:179} INFO - Processing /home/airflow/.local/lib/python3.9/site-packages/airflow/example_dags/tutorial_dag.py took 0.332 seconds
[2023-07-23T19:30:31.534+0000] {processor.py:157} INFO - Started process (PID=336) to work on /home/airflow/.local/lib/python3.9/site-packages/airflow/example_dags/tutorial_dag.py
[2023-07-23T19:30:31.540+0000] {processor.py:826} INFO - Processing file /home/airflow/.local/lib/python3.9/site-packages/airflow/example_dags/tutorial_dag.py for tasks to queue
[2023-07-23T19:30:31.541+0000] {logging_mixin.py:150} INFO - [2023-07-23T19:30:31.541+0000] {dagbag.py:541} INFO - Filling up the DagBag from /home/airflow/.local/lib/python3.9/site-packages/airflow/example_dags/tutorial_dag.py
[2023-07-23T19:30:31.550+0000] {processor.py:836} INFO - DAG(s) dict_keys(['tutorial_dag']) retrieved from /home/airflow/.local/lib/python3.9/site-packages/airflow/example_dags/tutorial_dag.py
[2023-07-23T19:30:31.577+0000] {logging_mixin.py:150} INFO - [2023-07-23T19:30:31.577+0000] {dag.py:2742} INFO - Sync 1 DAGs
[2023-07-23T19:30:31.605+0000] {logging_mixin.py:150} INFO - [2023-07-23T19:30:31.605+0000] {dag.py:3504} INFO - Setting next_dagrun for tutorial_dag to None, run_after=None
[2023-07-23T19:30:31.630+0000] {processor.py:179} INFO - Processing /home/airflow/.local/lib/python3.9/site-packages/airflow/example_dags/tutorial_dag.py took 0.101 seconds
[2023-07-23T19:31:02.254+0000] {processor.py:157} INFO - Started process (PID=398) to work on /home/airflow/.local/lib/python3.9/site-packages/airflow/example_dags/tutorial_dag.py
[2023-07-23T19:31:02.257+0000] {processor.py:826} INFO - Processing file /home/airflow/.local/lib/python3.9/site-packages/airflow/example_dags/tutorial_dag.py for tasks to queue
[2023-07-23T19:31:02.262+0000] {logging_mixin.py:150} INFO - [2023-07-23T19:31:02.262+0000] {dagbag.py:541} INFO - Filling up the DagBag from /home/airflow/.local/lib/python3.9/site-packages/airflow/example_dags/tutorial_dag.py
[2023-07-23T19:31:02.273+0000] {processor.py:836} INFO - DAG(s) dict_keys(['tutorial_dag']) retrieved from /home/airflow/.local/lib/python3.9/site-packages/airflow/example_dags/tutorial_dag.py
[2023-07-23T19:31:02.320+0000] {logging_mixin.py:150} INFO - [2023-07-23T19:31:02.320+0000] {dag.py:2742} INFO - Sync 1 DAGs
[2023-07-23T19:31:02.346+0000] {logging_mixin.py:150} INFO - [2023-07-23T19:31:02.346+0000] {dag.py:3504} INFO - Setting next_dagrun for tutorial_dag to None, run_after=None
[2023-07-23T19:31:02.372+0000] {processor.py:179} INFO - Processing /home/airflow/.local/lib/python3.9/site-packages/airflow/example_dags/tutorial_dag.py took 0.122 seconds
[2023-07-23T19:31:32.604+0000] {processor.py:157} INFO - Started process (PID=460) to work on /home/airflow/.local/lib/python3.9/site-packages/airflow/example_dags/tutorial_dag.py
[2023-07-23T19:31:32.607+0000] {processor.py:826} INFO - Processing file /home/airflow/.local/lib/python3.9/site-packages/airflow/example_dags/tutorial_dag.py for tasks to queue
[2023-07-23T19:31:32.616+0000] {logging_mixin.py:150} INFO - [2023-07-23T19:31:32.616+0000] {dagbag.py:541} INFO - Filling up the DagBag from /home/airflow/.local/lib/python3.9/site-packages/airflow/example_dags/tutorial_dag.py
[2023-07-23T19:31:32.638+0000] {processor.py:836} INFO - DAG(s) dict_keys(['tutorial_dag']) retrieved from /home/airflow/.local/lib/python3.9/site-packages/airflow/example_dags/tutorial_dag.py
[2023-07-23T19:31:32.670+0000] {logging_mixin.py:150} INFO - [2023-07-23T19:31:32.670+0000] {dag.py:2742} INFO - Sync 1 DAGs
[2023-07-23T19:31:32.697+0000] {logging_mixin.py:150} INFO - [2023-07-23T19:31:32.696+0000] {dag.py:3504} INFO - Setting next_dagrun for tutorial_dag to None, run_after=None
[2023-07-23T19:31:32.719+0000] {processor.py:179} INFO - Processing /home/airflow/.local/lib/python3.9/site-packages/airflow/example_dags/tutorial_dag.py took 0.119 seconds
[2023-07-23T19:32:04.625+0000] {processor.py:157} INFO - Started process (PID=528) to work on /home/airflow/.local/lib/python3.9/site-packages/airflow/example_dags/tutorial_dag.py
[2023-07-23T19:32:04.628+0000] {processor.py:826} INFO - Processing file /home/airflow/.local/lib/python3.9/site-packages/airflow/example_dags/tutorial_dag.py for tasks to queue
[2023-07-23T19:32:04.629+0000] {logging_mixin.py:150} INFO - [2023-07-23T19:32:04.628+0000] {dagbag.py:541} INFO - Filling up the DagBag from /home/airflow/.local/lib/python3.9/site-packages/airflow/example_dags/tutorial_dag.py
[2023-07-23T19:32:04.657+0000] {processor.py:836} INFO - DAG(s) dict_keys(['tutorial_dag']) retrieved from /home/airflow/.local/lib/python3.9/site-packages/airflow/example_dags/tutorial_dag.py
[2023-07-23T19:32:04.738+0000] {logging_mixin.py:150} INFO - [2023-07-23T19:32:04.738+0000] {dag.py:2742} INFO - Sync 1 DAGs
[2023-07-23T19:32:04.846+0000] {logging_mixin.py:150} INFO - [2023-07-23T19:32:04.846+0000] {dag.py:3504} INFO - Setting next_dagrun for tutorial_dag to None, run_after=None
[2023-07-23T19:32:05.004+0000] {processor.py:179} INFO - Processing /home/airflow/.local/lib/python3.9/site-packages/airflow/example_dags/tutorial_dag.py took 0.403 seconds
[2023-07-23T19:32:35.295+0000] {processor.py:157} INFO - Started process (PID=583) to work on /home/airflow/.local/lib/python3.9/site-packages/airflow/example_dags/tutorial_dag.py
[2023-07-23T19:32:35.299+0000] {processor.py:826} INFO - Processing file /home/airflow/.local/lib/python3.9/site-packages/airflow/example_dags/tutorial_dag.py for tasks to queue
[2023-07-23T19:32:35.300+0000] {logging_mixin.py:150} INFO - [2023-07-23T19:32:35.300+0000] {dagbag.py:541} INFO - Filling up the DagBag from /home/airflow/.local/lib/python3.9/site-packages/airflow/example_dags/tutorial_dag.py
[2023-07-23T19:32:35.311+0000] {processor.py:836} INFO - DAG(s) dict_keys(['tutorial_dag']) retrieved from /home/airflow/.local/lib/python3.9/site-packages/airflow/example_dags/tutorial_dag.py
[2023-07-23T19:32:35.353+0000] {logging_mixin.py:150} INFO - [2023-07-23T19:32:35.353+0000] {dag.py:2742} INFO - Sync 1 DAGs
[2023-07-23T19:32:35.380+0000] {logging_mixin.py:150} INFO - [2023-07-23T19:32:35.379+0000] {dag.py:3504} INFO - Setting next_dagrun for tutorial_dag to None, run_after=None
[2023-07-23T19:32:35.401+0000] {processor.py:179} INFO - Processing /home/airflow/.local/lib/python3.9/site-packages/airflow/example_dags/tutorial_dag.py took 0.110 seconds
[2023-07-23T19:33:05.627+0000] {processor.py:157} INFO - Started process (PID=646) to work on /home/airflow/.local/lib/python3.9/site-packages/airflow/example_dags/tutorial_dag.py
[2023-07-23T19:33:05.629+0000] {processor.py:826} INFO - Processing file /home/airflow/.local/lib/python3.9/site-packages/airflow/example_dags/tutorial_dag.py for tasks to queue
[2023-07-23T19:33:05.630+0000] {logging_mixin.py:150} INFO - [2023-07-23T19:33:05.629+0000] {dagbag.py:541} INFO - Filling up the DagBag from /home/airflow/.local/lib/python3.9/site-packages/airflow/example_dags/tutorial_dag.py
[2023-07-23T19:33:05.637+0000] {processor.py:836} INFO - DAG(s) dict_keys(['tutorial_dag']) retrieved from /home/airflow/.local/lib/python3.9/site-packages/airflow/example_dags/tutorial_dag.py
[2023-07-23T19:33:05.663+0000] {logging_mixin.py:150} INFO - [2023-07-23T19:33:05.662+0000] {dag.py:2742} INFO - Sync 1 DAGs
[2023-07-23T19:33:05.689+0000] {logging_mixin.py:150} INFO - [2023-07-23T19:33:05.689+0000] {dag.py:3504} INFO - Setting next_dagrun for tutorial_dag to None, run_after=None
[2023-07-23T19:33:05.709+0000] {processor.py:179} INFO - Processing /home/airflow/.local/lib/python3.9/site-packages/airflow/example_dags/tutorial_dag.py took 0.086 seconds
[2023-07-23T19:41:42.033+0000] {processor.py:157} INFO - Started process (PID=91) to work on /home/airflow/.local/lib/python3.9/site-packages/airflow/example_dags/tutorial_dag.py
[2023-07-23T19:41:42.040+0000] {processor.py:826} INFO - Processing file /home/airflow/.local/lib/python3.9/site-packages/airflow/example_dags/tutorial_dag.py for tasks to queue
[2023-07-23T19:41:42.047+0000] {logging_mixin.py:150} INFO - [2023-07-23T19:41:42.046+0000] {dagbag.py:541} INFO - Filling up the DagBag from /home/airflow/.local/lib/python3.9/site-packages/airflow/example_dags/tutorial_dag.py
[2023-07-23T19:41:42.055+0000] {processor.py:836} INFO - DAG(s) dict_keys(['tutorial_dag']) retrieved from /home/airflow/.local/lib/python3.9/site-packages/airflow/example_dags/tutorial_dag.py
[2023-07-23T19:41:42.108+0000] {logging_mixin.py:150} INFO - [2023-07-23T19:41:42.108+0000] {dag.py:2742} INFO - Sync 1 DAGs
[2023-07-23T19:41:42.135+0000] {logging_mixin.py:150} INFO - [2023-07-23T19:41:42.134+0000] {dag.py:3504} INFO - Setting next_dagrun for tutorial_dag to None, run_after=None
[2023-07-23T19:41:42.163+0000] {processor.py:179} INFO - Processing /home/airflow/.local/lib/python3.9/site-packages/airflow/example_dags/tutorial_dag.py took 0.134 seconds
[2023-07-23T19:42:13.100+0000] {processor.py:157} INFO - Started process (PID=152) to work on /home/airflow/.local/lib/python3.9/site-packages/airflow/example_dags/tutorial_dag.py
[2023-07-23T19:42:13.112+0000] {processor.py:826} INFO - Processing file /home/airflow/.local/lib/python3.9/site-packages/airflow/example_dags/tutorial_dag.py for tasks to queue
[2023-07-23T19:42:13.113+0000] {logging_mixin.py:150} INFO - [2023-07-23T19:42:13.113+0000] {dagbag.py:541} INFO - Filling up the DagBag from /home/airflow/.local/lib/python3.9/site-packages/airflow/example_dags/tutorial_dag.py
[2023-07-23T19:42:13.122+0000] {processor.py:836} INFO - DAG(s) dict_keys(['tutorial_dag']) retrieved from /home/airflow/.local/lib/python3.9/site-packages/airflow/example_dags/tutorial_dag.py
[2023-07-23T19:42:13.148+0000] {logging_mixin.py:150} INFO - [2023-07-23T19:42:13.147+0000] {dag.py:2742} INFO - Sync 1 DAGs
[2023-07-23T19:42:13.174+0000] {logging_mixin.py:150} INFO - [2023-07-23T19:42:13.173+0000] {dag.py:3504} INFO - Setting next_dagrun for tutorial_dag to None, run_after=None
[2023-07-23T19:42:13.199+0000] {processor.py:179} INFO - Processing /home/airflow/.local/lib/python3.9/site-packages/airflow/example_dags/tutorial_dag.py took 0.103 seconds
[2023-07-23T19:42:44.194+0000] {processor.py:157} INFO - Started process (PID=213) to work on /home/airflow/.local/lib/python3.9/site-packages/airflow/example_dags/tutorial_dag.py
[2023-07-23T19:42:44.207+0000] {processor.py:826} INFO - Processing file /home/airflow/.local/lib/python3.9/site-packages/airflow/example_dags/tutorial_dag.py for tasks to queue
[2023-07-23T19:42:44.225+0000] {logging_mixin.py:150} INFO - [2023-07-23T19:42:44.208+0000] {dagbag.py:541} INFO - Filling up the DagBag from /home/airflow/.local/lib/python3.9/site-packages/airflow/example_dags/tutorial_dag.py
[2023-07-23T19:42:44.262+0000] {processor.py:836} INFO - DAG(s) dict_keys(['tutorial_dag']) retrieved from /home/airflow/.local/lib/python3.9/site-packages/airflow/example_dags/tutorial_dag.py
[2023-07-23T19:42:44.366+0000] {logging_mixin.py:150} INFO - [2023-07-23T19:42:44.364+0000] {dag.py:2742} INFO - Sync 1 DAGs
[2023-07-23T19:42:44.454+0000] {logging_mixin.py:150} INFO - [2023-07-23T19:42:44.454+0000] {dag.py:3504} INFO - Setting next_dagrun for tutorial_dag to None, run_after=None
[2023-07-23T19:42:44.520+0000] {processor.py:179} INFO - Processing /home/airflow/.local/lib/python3.9/site-packages/airflow/example_dags/tutorial_dag.py took 0.341 seconds
[2023-07-23T19:43:15.538+0000] {processor.py:157} INFO - Started process (PID=274) to work on /home/airflow/.local/lib/python3.9/site-packages/airflow/example_dags/tutorial_dag.py
[2023-07-23T19:43:15.545+0000] {processor.py:826} INFO - Processing file /home/airflow/.local/lib/python3.9/site-packages/airflow/example_dags/tutorial_dag.py for tasks to queue
[2023-07-23T19:43:15.546+0000] {logging_mixin.py:150} INFO - [2023-07-23T19:43:15.546+0000] {dagbag.py:541} INFO - Filling up the DagBag from /home/airflow/.local/lib/python3.9/site-packages/airflow/example_dags/tutorial_dag.py
[2023-07-23T19:43:15.554+0000] {processor.py:836} INFO - DAG(s) dict_keys(['tutorial_dag']) retrieved from /home/airflow/.local/lib/python3.9/site-packages/airflow/example_dags/tutorial_dag.py
[2023-07-23T19:43:15.663+0000] {logging_mixin.py:150} INFO - [2023-07-23T19:43:15.663+0000] {dag.py:2742} INFO - Sync 1 DAGs
[2023-07-23T19:43:15.771+0000] {logging_mixin.py:150} INFO - [2023-07-23T19:43:15.770+0000] {dag.py:3504} INFO - Setting next_dagrun for tutorial_dag to None, run_after=None
[2023-07-23T19:43:15.868+0000] {processor.py:179} INFO - Processing /home/airflow/.local/lib/python3.9/site-packages/airflow/example_dags/tutorial_dag.py took 0.349 seconds
[2023-07-23T19:43:46.376+0000] {processor.py:157} INFO - Started process (PID=336) to work on /home/airflow/.local/lib/python3.9/site-packages/airflow/example_dags/tutorial_dag.py
[2023-07-23T19:43:46.381+0000] {processor.py:826} INFO - Processing file /home/airflow/.local/lib/python3.9/site-packages/airflow/example_dags/tutorial_dag.py for tasks to queue
[2023-07-23T19:43:46.382+0000] {logging_mixin.py:150} INFO - [2023-07-23T19:43:46.382+0000] {dagbag.py:541} INFO - Filling up the DagBag from /home/airflow/.local/lib/python3.9/site-packages/airflow/example_dags/tutorial_dag.py
[2023-07-23T19:43:46.390+0000] {processor.py:836} INFO - DAG(s) dict_keys(['tutorial_dag']) retrieved from /home/airflow/.local/lib/python3.9/site-packages/airflow/example_dags/tutorial_dag.py
[2023-07-23T19:43:46.437+0000] {logging_mixin.py:150} INFO - [2023-07-23T19:43:46.437+0000] {dag.py:2742} INFO - Sync 1 DAGs
[2023-07-23T19:43:46.488+0000] {logging_mixin.py:150} INFO - [2023-07-23T19:43:46.487+0000] {dag.py:3504} INFO - Setting next_dagrun for tutorial_dag to None, run_after=None
[2023-07-23T19:43:46.523+0000] {processor.py:179} INFO - Processing /home/airflow/.local/lib/python3.9/site-packages/airflow/example_dags/tutorial_dag.py took 0.165 seconds
[2023-07-23T19:44:20.712+0000] {processor.py:157} INFO - Started process (PID=397) to work on /home/airflow/.local/lib/python3.9/site-packages/airflow/example_dags/tutorial_dag.py
[2023-07-23T19:44:20.730+0000] {processor.py:826} INFO - Processing file /home/airflow/.local/lib/python3.9/site-packages/airflow/example_dags/tutorial_dag.py for tasks to queue
[2023-07-23T19:44:20.747+0000] {logging_mixin.py:150} INFO - [2023-07-23T19:44:20.747+0000] {dagbag.py:541} INFO - Filling up the DagBag from /home/airflow/.local/lib/python3.9/site-packages/airflow/example_dags/tutorial_dag.py
[2023-07-23T19:44:20.787+0000] {processor.py:836} INFO - DAG(s) dict_keys(['tutorial_dag']) retrieved from /home/airflow/.local/lib/python3.9/site-packages/airflow/example_dags/tutorial_dag.py
[2023-07-23T19:44:20.954+0000] {logging_mixin.py:150} INFO - [2023-07-23T19:44:20.953+0000] {dag.py:2742} INFO - Sync 1 DAGs
[2023-07-23T19:44:21.034+0000] {logging_mixin.py:150} INFO - [2023-07-23T19:44:21.034+0000] {dag.py:3504} INFO - Setting next_dagrun for tutorial_dag to None, run_after=None
[2023-07-23T19:44:21.122+0000] {processor.py:179} INFO - Processing /home/airflow/.local/lib/python3.9/site-packages/airflow/example_dags/tutorial_dag.py took 0.414 seconds
[2023-07-23T19:44:51.780+0000] {processor.py:157} INFO - Started process (PID=458) to work on /home/airflow/.local/lib/python3.9/site-packages/airflow/example_dags/tutorial_dag.py
[2023-07-23T19:44:51.782+0000] {processor.py:826} INFO - Processing file /home/airflow/.local/lib/python3.9/site-packages/airflow/example_dags/tutorial_dag.py for tasks to queue
[2023-07-23T19:44:51.783+0000] {logging_mixin.py:150} INFO - [2023-07-23T19:44:51.783+0000] {dagbag.py:541} INFO - Filling up the DagBag from /home/airflow/.local/lib/python3.9/site-packages/airflow/example_dags/tutorial_dag.py
[2023-07-23T19:44:51.804+0000] {processor.py:836} INFO - DAG(s) dict_keys(['tutorial_dag']) retrieved from /home/airflow/.local/lib/python3.9/site-packages/airflow/example_dags/tutorial_dag.py
[2023-07-23T19:44:51.880+0000] {logging_mixin.py:150} INFO - [2023-07-23T19:44:51.880+0000] {dag.py:2742} INFO - Sync 1 DAGs
[2023-07-23T19:44:51.907+0000] {logging_mixin.py:150} INFO - [2023-07-23T19:44:51.907+0000] {dag.py:3504} INFO - Setting next_dagrun for tutorial_dag to None, run_after=None
[2023-07-23T19:44:51.953+0000] {processor.py:179} INFO - Processing /home/airflow/.local/lib/python3.9/site-packages/airflow/example_dags/tutorial_dag.py took 0.209 seconds
[2023-07-23T19:45:24.234+0000] {processor.py:157} INFO - Started process (PID=520) to work on /home/airflow/.local/lib/python3.9/site-packages/airflow/example_dags/tutorial_dag.py
[2023-07-23T19:45:24.290+0000] {processor.py:826} INFO - Processing file /home/airflow/.local/lib/python3.9/site-packages/airflow/example_dags/tutorial_dag.py for tasks to queue
[2023-07-23T19:45:24.291+0000] {logging_mixin.py:150} INFO - [2023-07-23T19:45:24.290+0000] {dagbag.py:541} INFO - Filling up the DagBag from /home/airflow/.local/lib/python3.9/site-packages/airflow/example_dags/tutorial_dag.py
[2023-07-23T19:45:24.318+0000] {processor.py:836} INFO - DAG(s) dict_keys(['tutorial_dag']) retrieved from /home/airflow/.local/lib/python3.9/site-packages/airflow/example_dags/tutorial_dag.py
[2023-07-23T19:45:24.457+0000] {logging_mixin.py:150} INFO - [2023-07-23T19:45:24.457+0000] {dag.py:2742} INFO - Sync 1 DAGs
[2023-07-23T19:45:24.606+0000] {logging_mixin.py:150} INFO - [2023-07-23T19:45:24.606+0000] {dag.py:3504} INFO - Setting next_dagrun for tutorial_dag to None, run_after=None
[2023-07-23T19:45:24.745+0000] {processor.py:179} INFO - Processing /home/airflow/.local/lib/python3.9/site-packages/airflow/example_dags/tutorial_dag.py took 0.515 seconds
[2023-07-23T19:45:57.184+0000] {processor.py:157} INFO - Started process (PID=574) to work on /home/airflow/.local/lib/python3.9/site-packages/airflow/example_dags/tutorial_dag.py
[2023-07-23T19:45:57.192+0000] {processor.py:826} INFO - Processing file /home/airflow/.local/lib/python3.9/site-packages/airflow/example_dags/tutorial_dag.py for tasks to queue
[2023-07-23T19:45:57.197+0000] {logging_mixin.py:150} INFO - [2023-07-23T19:45:57.193+0000] {dagbag.py:541} INFO - Filling up the DagBag from /home/airflow/.local/lib/python3.9/site-packages/airflow/example_dags/tutorial_dag.py
[2023-07-23T19:45:57.219+0000] {processor.py:836} INFO - DAG(s) dict_keys(['tutorial_dag']) retrieved from /home/airflow/.local/lib/python3.9/site-packages/airflow/example_dags/tutorial_dag.py
[2023-07-23T19:45:57.267+0000] {logging_mixin.py:150} INFO - [2023-07-23T19:45:57.265+0000] {dag.py:2742} INFO - Sync 1 DAGs
[2023-07-23T19:45:57.342+0000] {logging_mixin.py:150} INFO - [2023-07-23T19:45:57.341+0000] {dag.py:3504} INFO - Setting next_dagrun for tutorial_dag to None, run_after=None
[2023-07-23T19:45:57.382+0000] {processor.py:179} INFO - Processing /home/airflow/.local/lib/python3.9/site-packages/airflow/example_dags/tutorial_dag.py took 0.208 seconds
[2023-07-23T19:46:27.501+0000] {processor.py:157} INFO - Started process (PID=636) to work on /home/airflow/.local/lib/python3.9/site-packages/airflow/example_dags/tutorial_dag.py
[2023-07-23T19:46:27.506+0000] {processor.py:826} INFO - Processing file /home/airflow/.local/lib/python3.9/site-packages/airflow/example_dags/tutorial_dag.py for tasks to queue
[2023-07-23T19:46:27.507+0000] {logging_mixin.py:150} INFO - [2023-07-23T19:46:27.507+0000] {dagbag.py:541} INFO - Filling up the DagBag from /home/airflow/.local/lib/python3.9/site-packages/airflow/example_dags/tutorial_dag.py
[2023-07-23T19:46:27.515+0000] {processor.py:836} INFO - DAG(s) dict_keys(['tutorial_dag']) retrieved from /home/airflow/.local/lib/python3.9/site-packages/airflow/example_dags/tutorial_dag.py
[2023-07-23T19:46:27.553+0000] {logging_mixin.py:150} INFO - [2023-07-23T19:46:27.553+0000] {dag.py:2742} INFO - Sync 1 DAGs
[2023-07-23T19:46:27.579+0000] {logging_mixin.py:150} INFO - [2023-07-23T19:46:27.579+0000] {dag.py:3504} INFO - Setting next_dagrun for tutorial_dag to None, run_after=None
[2023-07-23T19:46:27.638+0000] {processor.py:179} INFO - Processing /home/airflow/.local/lib/python3.9/site-packages/airflow/example_dags/tutorial_dag.py took 0.142 seconds
[2023-07-23T19:46:58.972+0000] {processor.py:157} INFO - Started process (PID=704) to work on /home/airflow/.local/lib/python3.9/site-packages/airflow/example_dags/tutorial_dag.py
[2023-07-23T19:46:58.986+0000] {processor.py:826} INFO - Processing file /home/airflow/.local/lib/python3.9/site-packages/airflow/example_dags/tutorial_dag.py for tasks to queue
[2023-07-23T19:46:59.001+0000] {logging_mixin.py:150} INFO - [2023-07-23T19:46:58.994+0000] {dagbag.py:541} INFO - Filling up the DagBag from /home/airflow/.local/lib/python3.9/site-packages/airflow/example_dags/tutorial_dag.py
[2023-07-23T19:46:59.024+0000] {processor.py:836} INFO - DAG(s) dict_keys(['tutorial_dag']) retrieved from /home/airflow/.local/lib/python3.9/site-packages/airflow/example_dags/tutorial_dag.py
[2023-07-23T19:46:59.118+0000] {logging_mixin.py:150} INFO - [2023-07-23T19:46:59.118+0000] {dag.py:2742} INFO - Sync 1 DAGs
[2023-07-23T19:46:59.169+0000] {logging_mixin.py:150} INFO - [2023-07-23T19:46:59.169+0000] {dag.py:3504} INFO - Setting next_dagrun for tutorial_dag to None, run_after=None
[2023-07-23T19:46:59.253+0000] {processor.py:179} INFO - Processing /home/airflow/.local/lib/python3.9/site-packages/airflow/example_dags/tutorial_dag.py took 0.301 seconds
[2023-07-23T19:47:30.662+0000] {processor.py:157} INFO - Started process (PID=767) to work on /home/airflow/.local/lib/python3.9/site-packages/airflow/example_dags/tutorial_dag.py
[2023-07-23T19:47:30.671+0000] {processor.py:826} INFO - Processing file /home/airflow/.local/lib/python3.9/site-packages/airflow/example_dags/tutorial_dag.py for tasks to queue
[2023-07-23T19:47:30.672+0000] {logging_mixin.py:150} INFO - [2023-07-23T19:47:30.671+0000] {dagbag.py:541} INFO - Filling up the DagBag from /home/airflow/.local/lib/python3.9/site-packages/airflow/example_dags/tutorial_dag.py
[2023-07-23T19:47:30.691+0000] {processor.py:836} INFO - DAG(s) dict_keys(['tutorial_dag']) retrieved from /home/airflow/.local/lib/python3.9/site-packages/airflow/example_dags/tutorial_dag.py
[2023-07-23T19:47:30.779+0000] {logging_mixin.py:150} INFO - [2023-07-23T19:47:30.778+0000] {dag.py:2742} INFO - Sync 1 DAGs
[2023-07-23T19:47:30.851+0000] {logging_mixin.py:150} INFO - [2023-07-23T19:47:30.851+0000] {dag.py:3504} INFO - Setting next_dagrun for tutorial_dag to None, run_after=None
[2023-07-23T19:47:30.959+0000] {processor.py:179} INFO - Processing /home/airflow/.local/lib/python3.9/site-packages/airflow/example_dags/tutorial_dag.py took 0.302 seconds
[2023-07-23T19:48:05.043+0000] {processor.py:157} INFO - Started process (PID=829) to work on /home/airflow/.local/lib/python3.9/site-packages/airflow/example_dags/tutorial_dag.py
[2023-07-23T19:48:05.066+0000] {processor.py:826} INFO - Processing file /home/airflow/.local/lib/python3.9/site-packages/airflow/example_dags/tutorial_dag.py for tasks to queue
[2023-07-23T19:48:05.068+0000] {logging_mixin.py:150} INFO - [2023-07-23T19:48:05.068+0000] {dagbag.py:541} INFO - Filling up the DagBag from /home/airflow/.local/lib/python3.9/site-packages/airflow/example_dags/tutorial_dag.py
[2023-07-23T19:48:05.114+0000] {processor.py:836} INFO - DAG(s) dict_keys(['tutorial_dag']) retrieved from /home/airflow/.local/lib/python3.9/site-packages/airflow/example_dags/tutorial_dag.py
[2023-07-23T19:48:05.211+0000] {logging_mixin.py:150} INFO - [2023-07-23T19:48:05.211+0000] {dag.py:2742} INFO - Sync 1 DAGs
[2023-07-23T19:48:05.426+0000] {logging_mixin.py:150} INFO - [2023-07-23T19:48:05.421+0000] {dag.py:3504} INFO - Setting next_dagrun for tutorial_dag to None, run_after=None
[2023-07-23T19:48:05.534+0000] {processor.py:179} INFO - Processing /home/airflow/.local/lib/python3.9/site-packages/airflow/example_dags/tutorial_dag.py took 0.542 seconds
[2023-07-23T19:48:35.926+0000] {processor.py:157} INFO - Started process (PID=891) to work on /home/airflow/.local/lib/python3.9/site-packages/airflow/example_dags/tutorial_dag.py
[2023-07-23T19:48:35.928+0000] {processor.py:826} INFO - Processing file /home/airflow/.local/lib/python3.9/site-packages/airflow/example_dags/tutorial_dag.py for tasks to queue
[2023-07-23T19:48:35.929+0000] {logging_mixin.py:150} INFO - [2023-07-23T19:48:35.929+0000] {dagbag.py:541} INFO - Filling up the DagBag from /home/airflow/.local/lib/python3.9/site-packages/airflow/example_dags/tutorial_dag.py
[2023-07-23T19:48:35.956+0000] {processor.py:836} INFO - DAG(s) dict_keys(['tutorial_dag']) retrieved from /home/airflow/.local/lib/python3.9/site-packages/airflow/example_dags/tutorial_dag.py
[2023-07-23T19:48:36.026+0000] {logging_mixin.py:150} INFO - [2023-07-23T19:48:36.025+0000] {dag.py:2742} INFO - Sync 1 DAGs
[2023-07-23T19:48:36.146+0000] {logging_mixin.py:150} INFO - [2023-07-23T19:48:36.146+0000] {dag.py:3504} INFO - Setting next_dagrun for tutorial_dag to None, run_after=None
[2023-07-23T19:48:36.258+0000] {processor.py:179} INFO - Processing /home/airflow/.local/lib/python3.9/site-packages/airflow/example_dags/tutorial_dag.py took 0.356 seconds
[2023-07-23T19:49:06.711+0000] {processor.py:157} INFO - Started process (PID=945) to work on /home/airflow/.local/lib/python3.9/site-packages/airflow/example_dags/tutorial_dag.py
[2023-07-23T19:49:06.715+0000] {processor.py:826} INFO - Processing file /home/airflow/.local/lib/python3.9/site-packages/airflow/example_dags/tutorial_dag.py for tasks to queue
[2023-07-23T19:49:06.716+0000] {logging_mixin.py:150} INFO - [2023-07-23T19:49:06.716+0000] {dagbag.py:541} INFO - Filling up the DagBag from /home/airflow/.local/lib/python3.9/site-packages/airflow/example_dags/tutorial_dag.py
[2023-07-23T19:49:06.729+0000] {processor.py:836} INFO - DAG(s) dict_keys(['tutorial_dag']) retrieved from /home/airflow/.local/lib/python3.9/site-packages/airflow/example_dags/tutorial_dag.py
[2023-07-23T19:49:06.779+0000] {logging_mixin.py:150} INFO - [2023-07-23T19:49:06.779+0000] {dag.py:2742} INFO - Sync 1 DAGs
[2023-07-23T19:49:06.874+0000] {logging_mixin.py:150} INFO - [2023-07-23T19:49:06.874+0000] {dag.py:3504} INFO - Setting next_dagrun for tutorial_dag to None, run_after=None
[2023-07-23T19:49:06.941+0000] {processor.py:179} INFO - Processing /home/airflow/.local/lib/python3.9/site-packages/airflow/example_dags/tutorial_dag.py took 0.234 seconds
[2023-07-23T19:49:39.723+0000] {processor.py:157} INFO - Started process (PID=1007) to work on /home/airflow/.local/lib/python3.9/site-packages/airflow/example_dags/tutorial_dag.py
[2023-07-23T19:49:39.745+0000] {processor.py:826} INFO - Processing file /home/airflow/.local/lib/python3.9/site-packages/airflow/example_dags/tutorial_dag.py for tasks to queue
[2023-07-23T19:49:39.747+0000] {logging_mixin.py:150} INFO - [2023-07-23T19:49:39.746+0000] {dagbag.py:541} INFO - Filling up the DagBag from /home/airflow/.local/lib/python3.9/site-packages/airflow/example_dags/tutorial_dag.py
[2023-07-23T19:49:39.773+0000] {processor.py:836} INFO - DAG(s) dict_keys(['tutorial_dag']) retrieved from /home/airflow/.local/lib/python3.9/site-packages/airflow/example_dags/tutorial_dag.py
[2023-07-23T19:49:39.880+0000] {logging_mixin.py:150} INFO - [2023-07-23T19:49:39.880+0000] {dag.py:2742} INFO - Sync 1 DAGs
[2023-07-23T19:49:39.966+0000] {logging_mixin.py:150} INFO - [2023-07-23T19:49:39.965+0000] {dag.py:3504} INFO - Setting next_dagrun for tutorial_dag to None, run_after=None
[2023-07-23T19:49:40.026+0000] {processor.py:179} INFO - Processing /home/airflow/.local/lib/python3.9/site-packages/airflow/example_dags/tutorial_dag.py took 0.308 seconds
[2023-07-23T19:50:17.963+0000] {processor.py:157} INFO - Started process (PID=1079) to work on /home/airflow/.local/lib/python3.9/site-packages/airflow/example_dags/tutorial_dag.py
[2023-07-23T19:50:17.980+0000] {processor.py:826} INFO - Processing file /home/airflow/.local/lib/python3.9/site-packages/airflow/example_dags/tutorial_dag.py for tasks to queue
[2023-07-23T19:50:17.989+0000] {logging_mixin.py:150} INFO - [2023-07-23T19:50:17.989+0000] {dagbag.py:541} INFO - Filling up the DagBag from /home/airflow/.local/lib/python3.9/site-packages/airflow/example_dags/tutorial_dag.py
[2023-07-23T19:50:18.012+0000] {processor.py:836} INFO - DAG(s) dict_keys(['tutorial_dag']) retrieved from /home/airflow/.local/lib/python3.9/site-packages/airflow/example_dags/tutorial_dag.py
[2023-07-23T19:50:18.166+0000] {logging_mixin.py:150} INFO - [2023-07-23T19:50:18.165+0000] {dag.py:2742} INFO - Sync 1 DAGs
[2023-07-23T19:50:18.240+0000] {logging_mixin.py:150} INFO - [2023-07-23T19:50:18.240+0000] {dag.py:3504} INFO - Setting next_dagrun for tutorial_dag to None, run_after=None
[2023-07-23T19:50:18.321+0000] {processor.py:179} INFO - Processing /home/airflow/.local/lib/python3.9/site-packages/airflow/example_dags/tutorial_dag.py took 0.361 seconds
[2023-07-23T19:50:52.763+0000] {processor.py:157} INFO - Started process (PID=1141) to work on /home/airflow/.local/lib/python3.9/site-packages/airflow/example_dags/tutorial_dag.py
[2023-07-23T19:50:52.815+0000] {processor.py:826} INFO - Processing file /home/airflow/.local/lib/python3.9/site-packages/airflow/example_dags/tutorial_dag.py for tasks to queue
[2023-07-23T19:50:52.816+0000] {logging_mixin.py:150} INFO - [2023-07-23T19:50:52.816+0000] {dagbag.py:541} INFO - Filling up the DagBag from /home/airflow/.local/lib/python3.9/site-packages/airflow/example_dags/tutorial_dag.py
[2023-07-23T19:50:52.824+0000] {processor.py:836} INFO - DAG(s) dict_keys(['tutorial_dag']) retrieved from /home/airflow/.local/lib/python3.9/site-packages/airflow/example_dags/tutorial_dag.py
[2023-07-23T19:50:52.967+0000] {logging_mixin.py:150} INFO - [2023-07-23T19:50:52.967+0000] {dag.py:2742} INFO - Sync 1 DAGs
[2023-07-23T19:50:53.096+0000] {logging_mixin.py:150} INFO - [2023-07-23T19:50:53.096+0000] {dag.py:3504} INFO - Setting next_dagrun for tutorial_dag to None, run_after=None
[2023-07-23T19:50:53.216+0000] {processor.py:179} INFO - Processing /home/airflow/.local/lib/python3.9/site-packages/airflow/example_dags/tutorial_dag.py took 0.457 seconds
[2023-07-23T19:51:24.104+0000] {processor.py:157} INFO - Started process (PID=1202) to work on /home/airflow/.local/lib/python3.9/site-packages/airflow/example_dags/tutorial_dag.py
[2023-07-23T19:51:24.139+0000] {processor.py:826} INFO - Processing file /home/airflow/.local/lib/python3.9/site-packages/airflow/example_dags/tutorial_dag.py for tasks to queue
[2023-07-23T19:51:24.140+0000] {logging_mixin.py:150} INFO - [2023-07-23T19:51:24.140+0000] {dagbag.py:541} INFO - Filling up the DagBag from /home/airflow/.local/lib/python3.9/site-packages/airflow/example_dags/tutorial_dag.py
[2023-07-23T19:51:24.209+0000] {processor.py:836} INFO - DAG(s) dict_keys(['tutorial_dag']) retrieved from /home/airflow/.local/lib/python3.9/site-packages/airflow/example_dags/tutorial_dag.py
[2023-07-23T19:51:24.347+0000] {logging_mixin.py:150} INFO - [2023-07-23T19:51:24.346+0000] {dag.py:2742} INFO - Sync 1 DAGs
[2023-07-23T19:51:24.528+0000] {logging_mixin.py:150} INFO - [2023-07-23T19:51:24.528+0000] {dag.py:3504} INFO - Setting next_dagrun for tutorial_dag to None, run_after=None
[2023-07-23T19:51:24.646+0000] {processor.py:179} INFO - Processing /home/airflow/.local/lib/python3.9/site-packages/airflow/example_dags/tutorial_dag.py took 0.546 seconds
[2023-07-23T19:51:55.284+0000] {processor.py:157} INFO - Started process (PID=1257) to work on /home/airflow/.local/lib/python3.9/site-packages/airflow/example_dags/tutorial_dag.py
[2023-07-23T19:51:55.305+0000] {processor.py:826} INFO - Processing file /home/airflow/.local/lib/python3.9/site-packages/airflow/example_dags/tutorial_dag.py for tasks to queue
[2023-07-23T19:51:55.306+0000] {logging_mixin.py:150} INFO - [2023-07-23T19:51:55.306+0000] {dagbag.py:541} INFO - Filling up the DagBag from /home/airflow/.local/lib/python3.9/site-packages/airflow/example_dags/tutorial_dag.py
[2023-07-23T19:51:55.314+0000] {processor.py:836} INFO - DAG(s) dict_keys(['tutorial_dag']) retrieved from /home/airflow/.local/lib/python3.9/site-packages/airflow/example_dags/tutorial_dag.py
[2023-07-23T19:51:55.504+0000] {logging_mixin.py:150} INFO - [2023-07-23T19:51:55.494+0000] {dag.py:2742} INFO - Sync 1 DAGs
[2023-07-23T19:51:55.642+0000] {logging_mixin.py:150} INFO - [2023-07-23T19:51:55.642+0000] {dag.py:3504} INFO - Setting next_dagrun for tutorial_dag to None, run_after=None
[2023-07-23T19:51:55.740+0000] {processor.py:179} INFO - Processing /home/airflow/.local/lib/python3.9/site-packages/airflow/example_dags/tutorial_dag.py took 0.460 seconds
[2023-07-23T19:52:26.599+0000] {processor.py:157} INFO - Started process (PID=1320) to work on /home/airflow/.local/lib/python3.9/site-packages/airflow/example_dags/tutorial_dag.py
[2023-07-23T19:52:26.605+0000] {processor.py:826} INFO - Processing file /home/airflow/.local/lib/python3.9/site-packages/airflow/example_dags/tutorial_dag.py for tasks to queue
[2023-07-23T19:52:26.606+0000] {logging_mixin.py:150} INFO - [2023-07-23T19:52:26.606+0000] {dagbag.py:541} INFO - Filling up the DagBag from /home/airflow/.local/lib/python3.9/site-packages/airflow/example_dags/tutorial_dag.py
[2023-07-23T19:52:26.614+0000] {processor.py:836} INFO - DAG(s) dict_keys(['tutorial_dag']) retrieved from /home/airflow/.local/lib/python3.9/site-packages/airflow/example_dags/tutorial_dag.py
[2023-07-23T19:52:26.729+0000] {logging_mixin.py:150} INFO - [2023-07-23T19:52:26.729+0000] {dag.py:2742} INFO - Sync 1 DAGs
[2023-07-23T19:52:26.784+0000] {logging_mixin.py:150} INFO - [2023-07-23T19:52:26.783+0000] {dag.py:3504} INFO - Setting next_dagrun for tutorial_dag to None, run_after=None
[2023-07-23T19:52:26.836+0000] {processor.py:179} INFO - Processing /home/airflow/.local/lib/python3.9/site-packages/airflow/example_dags/tutorial_dag.py took 0.265 seconds
[2023-07-23T19:53:04.515+0000] {processor.py:157} INFO - Started process (PID=1384) to work on /home/airflow/.local/lib/python3.9/site-packages/airflow/example_dags/tutorial_dag.py
[2023-07-23T19:53:04.566+0000] {processor.py:826} INFO - Processing file /home/airflow/.local/lib/python3.9/site-packages/airflow/example_dags/tutorial_dag.py for tasks to queue
[2023-07-23T19:53:04.567+0000] {logging_mixin.py:150} INFO - [2023-07-23T19:53:04.566+0000] {dagbag.py:541} INFO - Filling up the DagBag from /home/airflow/.local/lib/python3.9/site-packages/airflow/example_dags/tutorial_dag.py
[2023-07-23T19:53:04.574+0000] {processor.py:836} INFO - DAG(s) dict_keys(['tutorial_dag']) retrieved from /home/airflow/.local/lib/python3.9/site-packages/airflow/example_dags/tutorial_dag.py
[2023-07-23T19:53:04.858+0000] {logging_mixin.py:150} INFO - [2023-07-23T19:53:04.857+0000] {dag.py:2742} INFO - Sync 1 DAGs
[2023-07-23T19:53:05.043+0000] {logging_mixin.py:150} INFO - [2023-07-23T19:53:05.043+0000] {dag.py:3504} INFO - Setting next_dagrun for tutorial_dag to None, run_after=None
[2023-07-23T19:53:05.322+0000] {processor.py:179} INFO - Processing /home/airflow/.local/lib/python3.9/site-packages/airflow/example_dags/tutorial_dag.py took 0.831 seconds
[2023-07-23T19:53:35.973+0000] {processor.py:157} INFO - Started process (PID=1446) to work on /home/airflow/.local/lib/python3.9/site-packages/airflow/example_dags/tutorial_dag.py
[2023-07-23T19:53:35.986+0000] {processor.py:826} INFO - Processing file /home/airflow/.local/lib/python3.9/site-packages/airflow/example_dags/tutorial_dag.py for tasks to queue
[2023-07-23T19:53:35.987+0000] {logging_mixin.py:150} INFO - [2023-07-23T19:53:35.987+0000] {dagbag.py:541} INFO - Filling up the DagBag from /home/airflow/.local/lib/python3.9/site-packages/airflow/example_dags/tutorial_dag.py
[2023-07-23T19:53:35.995+0000] {processor.py:836} INFO - DAG(s) dict_keys(['tutorial_dag']) retrieved from /home/airflow/.local/lib/python3.9/site-packages/airflow/example_dags/tutorial_dag.py
[2023-07-23T19:53:36.156+0000] {logging_mixin.py:150} INFO - [2023-07-23T19:53:36.156+0000] {dag.py:2742} INFO - Sync 1 DAGs
[2023-07-23T19:53:36.316+0000] {logging_mixin.py:150} INFO - [2023-07-23T19:53:36.316+0000] {dag.py:3504} INFO - Setting next_dagrun for tutorial_dag to None, run_after=None
[2023-07-23T19:53:36.472+0000] {processor.py:179} INFO - Processing /home/airflow/.local/lib/python3.9/site-packages/airflow/example_dags/tutorial_dag.py took 0.503 seconds
[2023-07-23T19:54:06.823+0000] {processor.py:157} INFO - Started process (PID=1508) to work on /home/airflow/.local/lib/python3.9/site-packages/airflow/example_dags/tutorial_dag.py
[2023-07-23T19:54:06.835+0000] {processor.py:826} INFO - Processing file /home/airflow/.local/lib/python3.9/site-packages/airflow/example_dags/tutorial_dag.py for tasks to queue
[2023-07-23T19:54:06.836+0000] {logging_mixin.py:150} INFO - [2023-07-23T19:54:06.836+0000] {dagbag.py:541} INFO - Filling up the DagBag from /home/airflow/.local/lib/python3.9/site-packages/airflow/example_dags/tutorial_dag.py
[2023-07-23T19:54:06.844+0000] {processor.py:836} INFO - DAG(s) dict_keys(['tutorial_dag']) retrieved from /home/airflow/.local/lib/python3.9/site-packages/airflow/example_dags/tutorial_dag.py
[2023-07-23T19:54:07.008+0000] {logging_mixin.py:150} INFO - [2023-07-23T19:54:07.008+0000] {dag.py:2742} INFO - Sync 1 DAGs
[2023-07-23T19:54:07.096+0000] {logging_mixin.py:150} INFO - [2023-07-23T19:54:07.096+0000] {dag.py:3504} INFO - Setting next_dagrun for tutorial_dag to None, run_after=None
[2023-07-23T19:54:07.166+0000] {processor.py:179} INFO - Processing /home/airflow/.local/lib/python3.9/site-packages/airflow/example_dags/tutorial_dag.py took 0.347 seconds
[2023-07-23T19:54:37.503+0000] {processor.py:157} INFO - Started process (PID=1569) to work on /home/airflow/.local/lib/python3.9/site-packages/airflow/example_dags/tutorial_dag.py
[2023-07-23T19:54:37.516+0000] {processor.py:826} INFO - Processing file /home/airflow/.local/lib/python3.9/site-packages/airflow/example_dags/tutorial_dag.py for tasks to queue
[2023-07-23T19:54:37.517+0000] {logging_mixin.py:150} INFO - [2023-07-23T19:54:37.517+0000] {dagbag.py:541} INFO - Filling up the DagBag from /home/airflow/.local/lib/python3.9/site-packages/airflow/example_dags/tutorial_dag.py
[2023-07-23T19:54:37.546+0000] {processor.py:836} INFO - DAG(s) dict_keys(['tutorial_dag']) retrieved from /home/airflow/.local/lib/python3.9/site-packages/airflow/example_dags/tutorial_dag.py
[2023-07-23T19:54:37.617+0000] {logging_mixin.py:150} INFO - [2023-07-23T19:54:37.617+0000] {dag.py:2742} INFO - Sync 1 DAGs
[2023-07-23T19:54:37.760+0000] {logging_mixin.py:150} INFO - [2023-07-23T19:54:37.759+0000] {dag.py:3504} INFO - Setting next_dagrun for tutorial_dag to None, run_after=None
[2023-07-23T19:54:37.905+0000] {processor.py:179} INFO - Processing /home/airflow/.local/lib/python3.9/site-packages/airflow/example_dags/tutorial_dag.py took 0.407 seconds
[2023-07-23T19:55:11.134+0000] {processor.py:157} INFO - Started process (PID=1632) to work on /home/airflow/.local/lib/python3.9/site-packages/airflow/example_dags/tutorial_dag.py
[2023-07-23T19:55:11.195+0000] {processor.py:826} INFO - Processing file /home/airflow/.local/lib/python3.9/site-packages/airflow/example_dags/tutorial_dag.py for tasks to queue
[2023-07-23T19:55:11.197+0000] {logging_mixin.py:150} INFO - [2023-07-23T19:55:11.196+0000] {dagbag.py:541} INFO - Filling up the DagBag from /home/airflow/.local/lib/python3.9/site-packages/airflow/example_dags/tutorial_dag.py
[2023-07-23T19:55:11.204+0000] {processor.py:836} INFO - DAG(s) dict_keys(['tutorial_dag']) retrieved from /home/airflow/.local/lib/python3.9/site-packages/airflow/example_dags/tutorial_dag.py
[2023-07-23T19:55:11.408+0000] {logging_mixin.py:150} INFO - [2023-07-23T19:55:11.408+0000] {dag.py:2742} INFO - Sync 1 DAGs
[2023-07-23T19:55:11.576+0000] {logging_mixin.py:150} INFO - [2023-07-23T19:55:11.576+0000] {dag.py:3504} INFO - Setting next_dagrun for tutorial_dag to None, run_after=None
[2023-07-23T19:55:11.687+0000] {processor.py:179} INFO - Processing /home/airflow/.local/lib/python3.9/site-packages/airflow/example_dags/tutorial_dag.py took 0.557 seconds
[2023-07-23T19:55:43.654+0000] {processor.py:157} INFO - Started process (PID=1688) to work on /home/airflow/.local/lib/python3.9/site-packages/airflow/example_dags/tutorial_dag.py
[2023-07-23T19:55:43.686+0000] {processor.py:826} INFO - Processing file /home/airflow/.local/lib/python3.9/site-packages/airflow/example_dags/tutorial_dag.py for tasks to queue
[2023-07-23T19:55:43.687+0000] {logging_mixin.py:150} INFO - [2023-07-23T19:55:43.686+0000] {dagbag.py:541} INFO - Filling up the DagBag from /home/airflow/.local/lib/python3.9/site-packages/airflow/example_dags/tutorial_dag.py
[2023-07-23T19:55:43.694+0000] {processor.py:836} INFO - DAG(s) dict_keys(['tutorial_dag']) retrieved from /home/airflow/.local/lib/python3.9/site-packages/airflow/example_dags/tutorial_dag.py
[2023-07-23T19:55:43.846+0000] {logging_mixin.py:150} INFO - [2023-07-23T19:55:43.846+0000] {dag.py:2742} INFO - Sync 1 DAGs
[2023-07-23T19:55:43.976+0000] {logging_mixin.py:150} INFO - [2023-07-23T19:55:43.976+0000] {dag.py:3504} INFO - Setting next_dagrun for tutorial_dag to None, run_after=None
[2023-07-23T19:55:44.108+0000] {processor.py:179} INFO - Processing /home/airflow/.local/lib/python3.9/site-packages/airflow/example_dags/tutorial_dag.py took 0.459 seconds
[2023-07-23T19:56:14.922+0000] {processor.py:157} INFO - Started process (PID=1749) to work on /home/airflow/.local/lib/python3.9/site-packages/airflow/example_dags/tutorial_dag.py
[2023-07-23T19:56:14.929+0000] {processor.py:826} INFO - Processing file /home/airflow/.local/lib/python3.9/site-packages/airflow/example_dags/tutorial_dag.py for tasks to queue
[2023-07-23T19:56:14.930+0000] {logging_mixin.py:150} INFO - [2023-07-23T19:56:14.930+0000] {dagbag.py:541} INFO - Filling up the DagBag from /home/airflow/.local/lib/python3.9/site-packages/airflow/example_dags/tutorial_dag.py
[2023-07-23T19:56:14.949+0000] {processor.py:836} INFO - DAG(s) dict_keys(['tutorial_dag']) retrieved from /home/airflow/.local/lib/python3.9/site-packages/airflow/example_dags/tutorial_dag.py
[2023-07-23T19:56:14.996+0000] {logging_mixin.py:150} INFO - [2023-07-23T19:56:14.995+0000] {dag.py:2742} INFO - Sync 1 DAGs
[2023-07-23T19:56:15.046+0000] {logging_mixin.py:150} INFO - [2023-07-23T19:56:15.046+0000] {dag.py:3504} INFO - Setting next_dagrun for tutorial_dag to None, run_after=None
[2023-07-23T19:56:15.153+0000] {processor.py:179} INFO - Processing /home/airflow/.local/lib/python3.9/site-packages/airflow/example_dags/tutorial_dag.py took 0.245 seconds
[2023-07-23T19:56:46.173+0000] {processor.py:157} INFO - Started process (PID=1809) to work on /home/airflow/.local/lib/python3.9/site-packages/airflow/example_dags/tutorial_dag.py
[2023-07-23T19:56:46.185+0000] {processor.py:826} INFO - Processing file /home/airflow/.local/lib/python3.9/site-packages/airflow/example_dags/tutorial_dag.py for tasks to queue
[2023-07-23T19:56:46.186+0000] {logging_mixin.py:150} INFO - [2023-07-23T19:56:46.186+0000] {dagbag.py:541} INFO - Filling up the DagBag from /home/airflow/.local/lib/python3.9/site-packages/airflow/example_dags/tutorial_dag.py
[2023-07-23T19:56:46.194+0000] {processor.py:836} INFO - DAG(s) dict_keys(['tutorial_dag']) retrieved from /home/airflow/.local/lib/python3.9/site-packages/airflow/example_dags/tutorial_dag.py
[2023-07-23T19:56:46.296+0000] {logging_mixin.py:150} INFO - [2023-07-23T19:56:46.295+0000] {dag.py:2742} INFO - Sync 1 DAGs
[2023-07-23T19:56:46.361+0000] {logging_mixin.py:150} INFO - [2023-07-23T19:56:46.360+0000] {dag.py:3504} INFO - Setting next_dagrun for tutorial_dag to None, run_after=None
[2023-07-23T19:56:46.435+0000] {processor.py:179} INFO - Processing /home/airflow/.local/lib/python3.9/site-packages/airflow/example_dags/tutorial_dag.py took 0.266 seconds
[2023-07-23T19:57:47.914+0000] {processor.py:157} INFO - Started process (PID=1894) to work on /home/airflow/.local/lib/python3.9/site-packages/airflow/example_dags/tutorial_dag.py
[2023-07-23T19:57:47.925+0000] {processor.py:826} INFO - Processing file /home/airflow/.local/lib/python3.9/site-packages/airflow/example_dags/tutorial_dag.py for tasks to queue
[2023-07-23T19:57:47.926+0000] {logging_mixin.py:150} INFO - [2023-07-23T19:57:47.926+0000] {dagbag.py:541} INFO - Filling up the DagBag from /home/airflow/.local/lib/python3.9/site-packages/airflow/example_dags/tutorial_dag.py
[2023-07-23T19:57:48.156+0000] {processor.py:836} INFO - DAG(s) dict_keys(['tutorial_dag']) retrieved from /home/airflow/.local/lib/python3.9/site-packages/airflow/example_dags/tutorial_dag.py
[2023-07-23T19:57:48.997+0000] {logging_mixin.py:150} INFO - [2023-07-23T19:57:48.997+0000] {dag.py:2742} INFO - Sync 1 DAGs
[2023-07-23T19:57:49.846+0000] {logging_mixin.py:150} INFO - [2023-07-23T19:57:49.846+0000] {dag.py:3504} INFO - Setting next_dagrun for tutorial_dag to None, run_after=None
[2023-07-23T19:57:50.097+0000] {processor.py:179} INFO - Processing /home/airflow/.local/lib/python3.9/site-packages/airflow/example_dags/tutorial_dag.py took 2.267 seconds
[2023-07-23T20:05:59.406+0000] {processor.py:157} INFO - Started process (PID=144) to work on /home/airflow/.local/lib/python3.9/site-packages/airflow/example_dags/tutorial_dag.py
[2023-07-23T20:05:59.409+0000] {processor.py:826} INFO - Processing file /home/airflow/.local/lib/python3.9/site-packages/airflow/example_dags/tutorial_dag.py for tasks to queue
[2023-07-23T20:05:59.410+0000] {logging_mixin.py:150} INFO - [2023-07-23T20:05:59.410+0000] {dagbag.py:541} INFO - Filling up the DagBag from /home/airflow/.local/lib/python3.9/site-packages/airflow/example_dags/tutorial_dag.py
[2023-07-23T20:05:59.441+0000] {processor.py:836} INFO - DAG(s) dict_keys(['tutorial_dag']) retrieved from /home/airflow/.local/lib/python3.9/site-packages/airflow/example_dags/tutorial_dag.py
[2023-07-23T20:05:59.494+0000] {logging_mixin.py:150} INFO - [2023-07-23T20:05:59.493+0000] {dag.py:2742} INFO - Sync 1 DAGs
[2023-07-23T20:05:59.564+0000] {logging_mixin.py:150} INFO - [2023-07-23T20:05:59.564+0000] {dag.py:3504} INFO - Setting next_dagrun for tutorial_dag to None, run_after=None
[2023-07-23T20:05:59.645+0000] {processor.py:179} INFO - Processing /home/airflow/.local/lib/python3.9/site-packages/airflow/example_dags/tutorial_dag.py took 0.248 seconds
[2023-07-23T20:07:36.314+0000] {processor.py:157} INFO - Started process (PID=240) to work on /home/airflow/.local/lib/python3.9/site-packages/airflow/example_dags/tutorial_dag.py
[2023-07-23T20:07:36.353+0000] {processor.py:826} INFO - Processing file /home/airflow/.local/lib/python3.9/site-packages/airflow/example_dags/tutorial_dag.py for tasks to queue
[2023-07-23T20:07:36.354+0000] {logging_mixin.py:150} INFO - [2023-07-23T20:07:36.354+0000] {dagbag.py:541} INFO - Filling up the DagBag from /home/airflow/.local/lib/python3.9/site-packages/airflow/example_dags/tutorial_dag.py
[2023-07-23T20:07:36.424+0000] {processor.py:836} INFO - DAG(s) dict_keys(['tutorial_dag']) retrieved from /home/airflow/.local/lib/python3.9/site-packages/airflow/example_dags/tutorial_dag.py
[2023-07-23T20:07:37.326+0000] {logging_mixin.py:150} INFO - [2023-07-23T20:07:37.326+0000] {dag.py:2742} INFO - Sync 1 DAGs
[2023-07-23T20:07:38.412+0000] {logging_mixin.py:150} INFO - [2023-07-23T20:07:38.412+0000] {dag.py:3504} INFO - Setting next_dagrun for tutorial_dag to None, run_after=None
[2023-07-23T20:07:38.876+0000] {processor.py:179} INFO - Processing /home/airflow/.local/lib/python3.9/site-packages/airflow/example_dags/tutorial_dag.py took 2.603 seconds
[2023-07-23T20:09:41.670+0000] {processor.py:157} INFO - Started process (PID=342) to work on /home/airflow/.local/lib/python3.9/site-packages/airflow/example_dags/tutorial_dag.py
[2023-07-23T20:09:41.697+0000] {processor.py:826} INFO - Processing file /home/airflow/.local/lib/python3.9/site-packages/airflow/example_dags/tutorial_dag.py for tasks to queue
[2023-07-23T20:09:41.698+0000] {logging_mixin.py:150} INFO - [2023-07-23T20:09:41.698+0000] {dagbag.py:541} INFO - Filling up the DagBag from /home/airflow/.local/lib/python3.9/site-packages/airflow/example_dags/tutorial_dag.py
[2023-07-23T20:09:41.739+0000] {processor.py:836} INFO - DAG(s) dict_keys(['tutorial_dag']) retrieved from /home/airflow/.local/lib/python3.9/site-packages/airflow/example_dags/tutorial_dag.py
[2023-07-23T20:09:41.969+0000] {logging_mixin.py:150} INFO - [2023-07-23T20:09:41.969+0000] {dag.py:2742} INFO - Sync 1 DAGs
[2023-07-23T20:09:42.160+0000] {logging_mixin.py:150} INFO - [2023-07-23T20:09:42.160+0000] {dag.py:3504} INFO - Setting next_dagrun for tutorial_dag to None, run_after=None
[2023-07-23T20:09:42.540+0000] {processor.py:179} INFO - Processing /home/airflow/.local/lib/python3.9/site-packages/airflow/example_dags/tutorial_dag.py took 0.883 seconds
[2023-07-23T20:10:16.264+0000] {processor.py:157} INFO - Started process (PID=403) to work on /home/airflow/.local/lib/python3.9/site-packages/airflow/example_dags/tutorial_dag.py
[2023-07-23T20:10:16.276+0000] {processor.py:826} INFO - Processing file /home/airflow/.local/lib/python3.9/site-packages/airflow/example_dags/tutorial_dag.py for tasks to queue
[2023-07-23T20:10:16.277+0000] {logging_mixin.py:150} INFO - [2023-07-23T20:10:16.276+0000] {dagbag.py:541} INFO - Filling up the DagBag from /home/airflow/.local/lib/python3.9/site-packages/airflow/example_dags/tutorial_dag.py
[2023-07-23T20:10:16.289+0000] {processor.py:836} INFO - DAG(s) dict_keys(['tutorial_dag']) retrieved from /home/airflow/.local/lib/python3.9/site-packages/airflow/example_dags/tutorial_dag.py
[2023-07-23T20:10:16.345+0000] {logging_mixin.py:150} INFO - [2023-07-23T20:10:16.344+0000] {dag.py:2742} INFO - Sync 1 DAGs
[2023-07-23T20:10:16.400+0000] {logging_mixin.py:150} INFO - [2023-07-23T20:10:16.399+0000] {dag.py:3504} INFO - Setting next_dagrun for tutorial_dag to None, run_after=None
[2023-07-23T20:10:16.446+0000] {processor.py:179} INFO - Processing /home/airflow/.local/lib/python3.9/site-packages/airflow/example_dags/tutorial_dag.py took 0.187 seconds
[2023-07-23T20:10:50.646+0000] {processor.py:157} INFO - Started process (PID=465) to work on /home/airflow/.local/lib/python3.9/site-packages/airflow/example_dags/tutorial_dag.py
[2023-07-23T20:10:50.665+0000] {processor.py:826} INFO - Processing file /home/airflow/.local/lib/python3.9/site-packages/airflow/example_dags/tutorial_dag.py for tasks to queue
[2023-07-23T20:10:50.667+0000] {logging_mixin.py:150} INFO - [2023-07-23T20:10:50.666+0000] {dagbag.py:541} INFO - Filling up the DagBag from /home/airflow/.local/lib/python3.9/site-packages/airflow/example_dags/tutorial_dag.py
[2023-07-23T20:10:50.674+0000] {processor.py:836} INFO - DAG(s) dict_keys(['tutorial_dag']) retrieved from /home/airflow/.local/lib/python3.9/site-packages/airflow/example_dags/tutorial_dag.py
[2023-07-23T20:10:50.846+0000] {logging_mixin.py:150} INFO - [2023-07-23T20:10:50.846+0000] {dag.py:2742} INFO - Sync 1 DAGs
[2023-07-23T20:10:50.987+0000] {logging_mixin.py:150} INFO - [2023-07-23T20:10:50.986+0000] {dag.py:3504} INFO - Setting next_dagrun for tutorial_dag to None, run_after=None
[2023-07-23T20:10:51.207+0000] {processor.py:179} INFO - Processing /home/airflow/.local/lib/python3.9/site-packages/airflow/example_dags/tutorial_dag.py took 0.614 seconds
[2023-07-23T20:11:21.835+0000] {processor.py:157} INFO - Started process (PID=527) to work on /home/airflow/.local/lib/python3.9/site-packages/airflow/example_dags/tutorial_dag.py
[2023-07-23T20:11:21.846+0000] {processor.py:826} INFO - Processing file /home/airflow/.local/lib/python3.9/site-packages/airflow/example_dags/tutorial_dag.py for tasks to queue
[2023-07-23T20:11:21.847+0000] {logging_mixin.py:150} INFO - [2023-07-23T20:11:21.846+0000] {dagbag.py:541} INFO - Filling up the DagBag from /home/airflow/.local/lib/python3.9/site-packages/airflow/example_dags/tutorial_dag.py
[2023-07-23T20:11:21.863+0000] {processor.py:836} INFO - DAG(s) dict_keys(['tutorial_dag']) retrieved from /home/airflow/.local/lib/python3.9/site-packages/airflow/example_dags/tutorial_dag.py
[2023-07-23T20:11:21.889+0000] {logging_mixin.py:150} INFO - [2023-07-23T20:11:21.888+0000] {dag.py:2742} INFO - Sync 1 DAGs
[2023-07-23T20:11:21.981+0000] {logging_mixin.py:150} INFO - [2023-07-23T20:11:21.972+0000] {dag.py:3504} INFO - Setting next_dagrun for tutorial_dag to None, run_after=None
[2023-07-23T20:11:22.049+0000] {processor.py:179} INFO - Processing /home/airflow/.local/lib/python3.9/site-packages/airflow/example_dags/tutorial_dag.py took 0.218 seconds
[2023-07-23T20:12:33.010+0000] {processor.py:157} INFO - Started process (PID=605) to work on /home/airflow/.local/lib/python3.9/site-packages/airflow/example_dags/tutorial_dag.py
[2023-07-23T20:12:33.077+0000] {processor.py:826} INFO - Processing file /home/airflow/.local/lib/python3.9/site-packages/airflow/example_dags/tutorial_dag.py for tasks to queue
[2023-07-23T20:12:33.079+0000] {logging_mixin.py:150} INFO - [2023-07-23T20:12:33.078+0000] {dagbag.py:541} INFO - Filling up the DagBag from /home/airflow/.local/lib/python3.9/site-packages/airflow/example_dags/tutorial_dag.py
[2023-07-23T20:12:33.217+0000] {processor.py:836} INFO - DAG(s) dict_keys(['tutorial_dag']) retrieved from /home/airflow/.local/lib/python3.9/site-packages/airflow/example_dags/tutorial_dag.py
[2023-07-23T20:12:33.624+0000] {logging_mixin.py:150} INFO - [2023-07-23T20:12:33.616+0000] {dag.py:2742} INFO - Sync 1 DAGs
[2023-07-23T20:12:34.336+0000] {logging_mixin.py:150} INFO - [2023-07-23T20:12:34.336+0000] {dag.py:3504} INFO - Setting next_dagrun for tutorial_dag to None, run_after=None
[2023-07-23T20:12:34.695+0000] {processor.py:179} INFO - Processing /home/airflow/.local/lib/python3.9/site-packages/airflow/example_dags/tutorial_dag.py took 1.727 seconds
[2023-07-23T20:14:58.946+0000] {processor.py:157} INFO - Started process (PID=710) to work on /home/airflow/.local/lib/python3.9/site-packages/airflow/example_dags/tutorial_dag.py
[2023-07-23T20:14:58.986+0000] {processor.py:826} INFO - Processing file /home/airflow/.local/lib/python3.9/site-packages/airflow/example_dags/tutorial_dag.py for tasks to queue
[2023-07-23T20:14:58.987+0000] {logging_mixin.py:150} INFO - [2023-07-23T20:14:58.986+0000] {dagbag.py:541} INFO - Filling up the DagBag from /home/airflow/.local/lib/python3.9/site-packages/airflow/example_dags/tutorial_dag.py
[2023-07-23T20:14:59.288+0000] {processor.py:836} INFO - DAG(s) dict_keys(['tutorial_dag']) retrieved from /home/airflow/.local/lib/python3.9/site-packages/airflow/example_dags/tutorial_dag.py
[2023-07-23T20:15:00.235+0000] {logging_mixin.py:150} INFO - [2023-07-23T20:15:00.234+0000] {dag.py:2742} INFO - Sync 1 DAGs
[2023-07-23T20:15:00.725+0000] {logging_mixin.py:150} INFO - [2023-07-23T20:15:00.725+0000] {dag.py:3504} INFO - Setting next_dagrun for tutorial_dag to None, run_after=None
[2023-07-23T20:15:01.658+0000] {processor.py:179} INFO - Processing /home/airflow/.local/lib/python3.9/site-packages/airflow/example_dags/tutorial_dag.py took 2.790 seconds
[2023-07-23T20:15:32.274+0000] {processor.py:157} INFO - Started process (PID=772) to work on /home/airflow/.local/lib/python3.9/site-packages/airflow/example_dags/tutorial_dag.py
[2023-07-23T20:15:32.285+0000] {processor.py:826} INFO - Processing file /home/airflow/.local/lib/python3.9/site-packages/airflow/example_dags/tutorial_dag.py for tasks to queue
[2023-07-23T20:15:32.287+0000] {logging_mixin.py:150} INFO - [2023-07-23T20:15:32.286+0000] {dagbag.py:541} INFO - Filling up the DagBag from /home/airflow/.local/lib/python3.9/site-packages/airflow/example_dags/tutorial_dag.py
[2023-07-23T20:15:32.294+0000] {processor.py:836} INFO - DAG(s) dict_keys(['tutorial_dag']) retrieved from /home/airflow/.local/lib/python3.9/site-packages/airflow/example_dags/tutorial_dag.py
[2023-07-23T20:15:32.488+0000] {logging_mixin.py:150} INFO - [2023-07-23T20:15:32.487+0000] {dag.py:2742} INFO - Sync 1 DAGs
[2023-07-23T20:15:32.649+0000] {logging_mixin.py:150} INFO - [2023-07-23T20:15:32.648+0000] {dag.py:3504} INFO - Setting next_dagrun for tutorial_dag to None, run_after=None
[2023-07-23T20:15:32.769+0000] {processor.py:179} INFO - Processing /home/airflow/.local/lib/python3.9/site-packages/airflow/example_dags/tutorial_dag.py took 0.500 seconds
[2023-07-23T20:16:03.564+0000] {processor.py:157} INFO - Started process (PID=826) to work on /home/airflow/.local/lib/python3.9/site-packages/airflow/example_dags/tutorial_dag.py
[2023-07-23T20:16:03.586+0000] {processor.py:826} INFO - Processing file /home/airflow/.local/lib/python3.9/site-packages/airflow/example_dags/tutorial_dag.py for tasks to queue
[2023-07-23T20:16:03.587+0000] {logging_mixin.py:150} INFO - [2023-07-23T20:16:03.586+0000] {dagbag.py:541} INFO - Filling up the DagBag from /home/airflow/.local/lib/python3.9/site-packages/airflow/example_dags/tutorial_dag.py
[2023-07-23T20:16:03.594+0000] {processor.py:836} INFO - DAG(s) dict_keys(['tutorial_dag']) retrieved from /home/airflow/.local/lib/python3.9/site-packages/airflow/example_dags/tutorial_dag.py
[2023-07-23T20:16:03.646+0000] {logging_mixin.py:150} INFO - [2023-07-23T20:16:03.646+0000] {dag.py:2742} INFO - Sync 1 DAGs
[2023-07-23T20:16:03.694+0000] {logging_mixin.py:150} INFO - [2023-07-23T20:16:03.693+0000] {dag.py:3504} INFO - Setting next_dagrun for tutorial_dag to None, run_after=None
[2023-07-23T20:16:03.751+0000] {processor.py:179} INFO - Processing /home/airflow/.local/lib/python3.9/site-packages/airflow/example_dags/tutorial_dag.py took 0.191 seconds
[2023-07-23T20:17:17.236+0000] {processor.py:157} INFO - Started process (PID=900) to work on /home/airflow/.local/lib/python3.9/site-packages/airflow/example_dags/tutorial_dag.py
[2023-07-23T20:17:17.237+0000] {processor.py:826} INFO - Processing file /home/airflow/.local/lib/python3.9/site-packages/airflow/example_dags/tutorial_dag.py for tasks to queue
[2023-07-23T20:17:17.368+0000] {logging_mixin.py:150} INFO - [2023-07-23T20:17:17.368+0000] {dagbag.py:541} INFO - Filling up the DagBag from /home/airflow/.local/lib/python3.9/site-packages/airflow/example_dags/tutorial_dag.py
[2023-07-23T20:17:18.298+0000] {processor.py:836} INFO - DAG(s) dict_keys(['tutorial_dag']) retrieved from /home/airflow/.local/lib/python3.9/site-packages/airflow/example_dags/tutorial_dag.py
[2023-07-23T20:17:18.943+0000] {logging_mixin.py:150} INFO - [2023-07-23T20:17:18.943+0000] {dag.py:2742} INFO - Sync 1 DAGs
[2023-07-23T20:17:19.748+0000] {logging_mixin.py:150} INFO - [2023-07-23T20:17:19.748+0000] {dag.py:3504} INFO - Setting next_dagrun for tutorial_dag to None, run_after=None
[2023-07-23T20:17:20.510+0000] {processor.py:179} INFO - Processing /home/airflow/.local/lib/python3.9/site-packages/airflow/example_dags/tutorial_dag.py took 3.429 seconds
[2023-07-23T20:20:18.764+0000] {processor.py:157} INFO - Started process (PID=1026) to work on /home/airflow/.local/lib/python3.9/site-packages/airflow/example_dags/tutorial_dag.py
[2023-07-23T20:20:18.775+0000] {processor.py:826} INFO - Processing file /home/airflow/.local/lib/python3.9/site-packages/airflow/example_dags/tutorial_dag.py for tasks to queue
[2023-07-23T20:20:18.802+0000] {logging_mixin.py:150} INFO - [2023-07-23T20:20:18.801+0000] {dagbag.py:541} INFO - Filling up the DagBag from /home/airflow/.local/lib/python3.9/site-packages/airflow/example_dags/tutorial_dag.py
[2023-07-23T20:20:18.820+0000] {processor.py:836} INFO - DAG(s) dict_keys(['tutorial_dag']) retrieved from /home/airflow/.local/lib/python3.9/site-packages/airflow/example_dags/tutorial_dag.py
[2023-07-23T20:20:18.940+0000] {logging_mixin.py:150} INFO - [2023-07-23T20:20:18.940+0000] {dag.py:2742} INFO - Sync 1 DAGs
[2023-07-23T20:20:19.170+0000] {logging_mixin.py:150} INFO - [2023-07-23T20:20:19.170+0000] {dag.py:3504} INFO - Setting next_dagrun for tutorial_dag to None, run_after=None
[2023-07-23T20:20:19.276+0000] {processor.py:179} INFO - Processing /home/airflow/.local/lib/python3.9/site-packages/airflow/example_dags/tutorial_dag.py took 0.516 seconds
[2023-07-23T20:20:51.114+0000] {processor.py:157} INFO - Started process (PID=1087) to work on /home/airflow/.local/lib/python3.9/site-packages/airflow/example_dags/tutorial_dag.py
[2023-07-23T20:20:51.139+0000] {processor.py:826} INFO - Processing file /home/airflow/.local/lib/python3.9/site-packages/airflow/example_dags/tutorial_dag.py for tasks to queue
[2023-07-23T20:20:51.140+0000] {logging_mixin.py:150} INFO - [2023-07-23T20:20:51.139+0000] {dagbag.py:541} INFO - Filling up the DagBag from /home/airflow/.local/lib/python3.9/site-packages/airflow/example_dags/tutorial_dag.py
[2023-07-23T20:20:51.178+0000] {processor.py:836} INFO - DAG(s) dict_keys(['tutorial_dag']) retrieved from /home/airflow/.local/lib/python3.9/site-packages/airflow/example_dags/tutorial_dag.py
[2023-07-23T20:20:51.277+0000] {logging_mixin.py:150} INFO - [2023-07-23T20:20:51.276+0000] {dag.py:2742} INFO - Sync 1 DAGs
[2023-07-23T20:20:51.416+0000] {logging_mixin.py:150} INFO - [2023-07-23T20:20:51.416+0000] {dag.py:3504} INFO - Setting next_dagrun for tutorial_dag to None, run_after=None
[2023-07-23T20:20:51.565+0000] {processor.py:179} INFO - Processing /home/airflow/.local/lib/python3.9/site-packages/airflow/example_dags/tutorial_dag.py took 0.456 seconds
[2023-07-23T20:22:24.644+0000] {processor.py:157} INFO - Started process (PID=1184) to work on /home/airflow/.local/lib/python3.9/site-packages/airflow/example_dags/tutorial_dag.py
[2023-07-23T20:22:24.670+0000] {processor.py:826} INFO - Processing file /home/airflow/.local/lib/python3.9/site-packages/airflow/example_dags/tutorial_dag.py for tasks to queue
[2023-07-23T20:22:24.671+0000] {logging_mixin.py:150} INFO - [2023-07-23T20:22:24.670+0000] {dagbag.py:541} INFO - Filling up the DagBag from /home/airflow/.local/lib/python3.9/site-packages/airflow/example_dags/tutorial_dag.py
[2023-07-23T20:22:25.062+0000] {processor.py:836} INFO - DAG(s) dict_keys(['tutorial_dag']) retrieved from /home/airflow/.local/lib/python3.9/site-packages/airflow/example_dags/tutorial_dag.py
[2023-07-23T20:22:25.839+0000] {logging_mixin.py:150} INFO - [2023-07-23T20:22:25.838+0000] {dag.py:2742} INFO - Sync 1 DAGs
[2023-07-23T20:22:28.019+0000] {logging_mixin.py:150} INFO - [2023-07-23T20:22:28.018+0000] {dag.py:3504} INFO - Setting next_dagrun for tutorial_dag to None, run_after=None
[2023-07-23T20:22:28.813+0000] {processor.py:179} INFO - Processing /home/airflow/.local/lib/python3.9/site-packages/airflow/example_dags/tutorial_dag.py took 4.365 seconds
[2023-07-23T20:25:20.406+0000] {processor.py:157} INFO - Started process (PID=1310) to work on /home/airflow/.local/lib/python3.9/site-packages/airflow/example_dags/tutorial_dag.py
[2023-07-23T20:25:20.412+0000] {processor.py:826} INFO - Processing file /home/airflow/.local/lib/python3.9/site-packages/airflow/example_dags/tutorial_dag.py for tasks to queue
[2023-07-23T20:25:20.413+0000] {logging_mixin.py:150} INFO - [2023-07-23T20:25:20.413+0000] {dagbag.py:541} INFO - Filling up the DagBag from /home/airflow/.local/lib/python3.9/site-packages/airflow/example_dags/tutorial_dag.py
[2023-07-23T20:25:20.421+0000] {processor.py:836} INFO - DAG(s) dict_keys(['tutorial_dag']) retrieved from /home/airflow/.local/lib/python3.9/site-packages/airflow/example_dags/tutorial_dag.py
[2023-07-23T20:25:20.547+0000] {logging_mixin.py:150} INFO - [2023-07-23T20:25:20.547+0000] {dag.py:2742} INFO - Sync 1 DAGs
[2023-07-23T20:25:20.676+0000] {logging_mixin.py:150} INFO - [2023-07-23T20:25:20.676+0000] {dag.py:3504} INFO - Setting next_dagrun for tutorial_dag to None, run_after=None
[2023-07-23T20:25:20.829+0000] {processor.py:179} INFO - Processing /home/airflow/.local/lib/python3.9/site-packages/airflow/example_dags/tutorial_dag.py took 0.447 seconds
[2023-07-23T20:25:52.487+0000] {processor.py:157} INFO - Started process (PID=1365) to work on /home/airflow/.local/lib/python3.9/site-packages/airflow/example_dags/tutorial_dag.py
[2023-07-23T20:25:52.488+0000] {processor.py:826} INFO - Processing file /home/airflow/.local/lib/python3.9/site-packages/airflow/example_dags/tutorial_dag.py for tasks to queue
[2023-07-23T20:25:52.489+0000] {logging_mixin.py:150} INFO - [2023-07-23T20:25:52.488+0000] {dagbag.py:541} INFO - Filling up the DagBag from /home/airflow/.local/lib/python3.9/site-packages/airflow/example_dags/tutorial_dag.py
[2023-07-23T20:25:52.507+0000] {processor.py:836} INFO - DAG(s) dict_keys(['tutorial_dag']) retrieved from /home/airflow/.local/lib/python3.9/site-packages/airflow/example_dags/tutorial_dag.py
[2023-07-23T20:25:52.614+0000] {logging_mixin.py:150} INFO - [2023-07-23T20:25:52.613+0000] {dag.py:2742} INFO - Sync 1 DAGs
[2023-07-23T20:25:52.673+0000] {logging_mixin.py:150} INFO - [2023-07-23T20:25:52.673+0000] {dag.py:3504} INFO - Setting next_dagrun for tutorial_dag to None, run_after=None
[2023-07-23T20:25:52.727+0000] {processor.py:179} INFO - Processing /home/airflow/.local/lib/python3.9/site-packages/airflow/example_dags/tutorial_dag.py took 0.259 seconds
[2023-07-23T20:27:51.530+0000] {processor.py:157} INFO - Started process (PID=1475) to work on /home/airflow/.local/lib/python3.9/site-packages/airflow/example_dags/tutorial_dag.py
[2023-07-23T20:27:51.541+0000] {processor.py:826} INFO - Processing file /home/airflow/.local/lib/python3.9/site-packages/airflow/example_dags/tutorial_dag.py for tasks to queue
[2023-07-23T20:27:51.542+0000] {logging_mixin.py:150} INFO - [2023-07-23T20:27:51.542+0000] {dagbag.py:541} INFO - Filling up the DagBag from /home/airflow/.local/lib/python3.9/site-packages/airflow/example_dags/tutorial_dag.py
[2023-07-23T20:27:51.601+0000] {processor.py:836} INFO - DAG(s) dict_keys(['tutorial_dag']) retrieved from /home/airflow/.local/lib/python3.9/site-packages/airflow/example_dags/tutorial_dag.py
[2023-07-23T20:27:52.608+0000] {logging_mixin.py:150} INFO - [2023-07-23T20:27:52.607+0000] {dag.py:2742} INFO - Sync 1 DAGs
[2023-07-23T20:27:53.605+0000] {logging_mixin.py:150} INFO - [2023-07-23T20:27:53.605+0000] {dag.py:3504} INFO - Setting next_dagrun for tutorial_dag to None, run_after=None
[2023-07-23T20:27:54.275+0000] {processor.py:179} INFO - Processing /home/airflow/.local/lib/python3.9/site-packages/airflow/example_dags/tutorial_dag.py took 2.855 seconds
[2023-07-23T20:30:22.624+0000] {processor.py:157} INFO - Started process (PID=1593) to work on /home/airflow/.local/lib/python3.9/site-packages/airflow/example_dags/tutorial_dag.py
[2023-07-23T20:30:22.676+0000] {processor.py:826} INFO - Processing file /home/airflow/.local/lib/python3.9/site-packages/airflow/example_dags/tutorial_dag.py for tasks to queue
[2023-07-23T20:30:22.677+0000] {logging_mixin.py:150} INFO - [2023-07-23T20:30:22.676+0000] {dagbag.py:541} INFO - Filling up the DagBag from /home/airflow/.local/lib/python3.9/site-packages/airflow/example_dags/tutorial_dag.py
[2023-07-23T20:30:22.684+0000] {processor.py:836} INFO - DAG(s) dict_keys(['tutorial_dag']) retrieved from /home/airflow/.local/lib/python3.9/site-packages/airflow/example_dags/tutorial_dag.py
[2023-07-23T20:30:22.872+0000] {logging_mixin.py:150} INFO - [2023-07-23T20:30:22.872+0000] {dag.py:2742} INFO - Sync 1 DAGs
[2023-07-23T20:30:23.019+0000] {logging_mixin.py:150} INFO - [2023-07-23T20:30:23.019+0000] {dag.py:3504} INFO - Setting next_dagrun for tutorial_dag to None, run_after=None
[2023-07-23T20:30:23.181+0000] {processor.py:179} INFO - Processing /home/airflow/.local/lib/python3.9/site-packages/airflow/example_dags/tutorial_dag.py took 0.561 seconds
[2023-07-23T20:30:53.696+0000] {processor.py:157} INFO - Started process (PID=1655) to work on /home/airflow/.local/lib/python3.9/site-packages/airflow/example_dags/tutorial_dag.py
[2023-07-23T20:30:53.716+0000] {processor.py:826} INFO - Processing file /home/airflow/.local/lib/python3.9/site-packages/airflow/example_dags/tutorial_dag.py for tasks to queue
[2023-07-23T20:30:53.717+0000] {logging_mixin.py:150} INFO - [2023-07-23T20:30:53.716+0000] {dagbag.py:541} INFO - Filling up the DagBag from /home/airflow/.local/lib/python3.9/site-packages/airflow/example_dags/tutorial_dag.py
[2023-07-23T20:30:53.725+0000] {processor.py:836} INFO - DAG(s) dict_keys(['tutorial_dag']) retrieved from /home/airflow/.local/lib/python3.9/site-packages/airflow/example_dags/tutorial_dag.py
[2023-07-23T20:30:53.818+0000] {logging_mixin.py:150} INFO - [2023-07-23T20:30:53.818+0000] {dag.py:2742} INFO - Sync 1 DAGs
[2023-07-23T20:30:53.915+0000] {logging_mixin.py:150} INFO - [2023-07-23T20:30:53.914+0000] {dag.py:3504} INFO - Setting next_dagrun for tutorial_dag to None, run_after=None
[2023-07-23T20:30:54.038+0000] {processor.py:179} INFO - Processing /home/airflow/.local/lib/python3.9/site-packages/airflow/example_dags/tutorial_dag.py took 0.366 seconds
[2023-07-23T20:31:43.650+0000] {processor.py:157} INFO - Started process (PID=1717) to work on /home/airflow/.local/lib/python3.9/site-packages/airflow/example_dags/tutorial_dag.py
[2023-07-23T20:31:43.677+0000] {processor.py:826} INFO - Processing file /home/airflow/.local/lib/python3.9/site-packages/airflow/example_dags/tutorial_dag.py for tasks to queue
[2023-07-23T20:31:43.678+0000] {logging_mixin.py:150} INFO - [2023-07-23T20:31:43.678+0000] {dagbag.py:541} INFO - Filling up the DagBag from /home/airflow/.local/lib/python3.9/site-packages/airflow/example_dags/tutorial_dag.py
[2023-07-23T20:31:43.877+0000] {processor.py:836} INFO - DAG(s) dict_keys(['tutorial_dag']) retrieved from /home/airflow/.local/lib/python3.9/site-packages/airflow/example_dags/tutorial_dag.py
[2023-07-23T20:31:44.346+0000] {logging_mixin.py:150} INFO - [2023-07-23T20:31:44.345+0000] {dag.py:2742} INFO - Sync 1 DAGs
[2023-07-23T20:31:44.848+0000] {logging_mixin.py:150} INFO - [2023-07-23T20:31:44.848+0000] {dag.py:3504} INFO - Setting next_dagrun for tutorial_dag to None, run_after=None
[2023-07-23T20:31:45.594+0000] {processor.py:179} INFO - Processing /home/airflow/.local/lib/python3.9/site-packages/airflow/example_dags/tutorial_dag.py took 2.107 seconds
