[2023-07-23T19:28:27.757+0000] {processor.py:157} INFO - Started process (PID=91) to work on /home/airflow/.local/lib/python3.9/site-packages/airflow/example_dags/tutorial_taskflow_api.py
[2023-07-23T19:28:27.758+0000] {processor.py:826} INFO - Processing file /home/airflow/.local/lib/python3.9/site-packages/airflow/example_dags/tutorial_taskflow_api.py for tasks to queue
[2023-07-23T19:28:27.759+0000] {logging_mixin.py:150} INFO - [2023-07-23T19:28:27.758+0000] {dagbag.py:541} INFO - Filling up the DagBag from /home/airflow/.local/lib/python3.9/site-packages/airflow/example_dags/tutorial_taskflow_api.py
[2023-07-23T19:28:27.781+0000] {processor.py:836} INFO - DAG(s) dict_keys(['tutorial_taskflow_api']) retrieved from /home/airflow/.local/lib/python3.9/site-packages/airflow/example_dags/tutorial_taskflow_api.py
[2023-07-23T19:28:27.830+0000] {logging_mixin.py:150} INFO - [2023-07-23T19:28:27.829+0000] {dag.py:2742} INFO - Sync 1 DAGs
[2023-07-23T19:28:27.890+0000] {logging_mixin.py:150} INFO - [2023-07-23T19:28:27.886+0000] {dag.py:3504} INFO - Setting next_dagrun for tutorial_taskflow_api to None, run_after=None
[2023-07-23T19:28:27.930+0000] {processor.py:179} INFO - Processing /home/airflow/.local/lib/python3.9/site-packages/airflow/example_dags/tutorial_taskflow_api.py took 0.188 seconds
[2023-07-23T19:28:58.836+0000] {processor.py:157} INFO - Started process (PID=152) to work on /home/airflow/.local/lib/python3.9/site-packages/airflow/example_dags/tutorial_taskflow_api.py
[2023-07-23T19:28:58.841+0000] {processor.py:826} INFO - Processing file /home/airflow/.local/lib/python3.9/site-packages/airflow/example_dags/tutorial_taskflow_api.py for tasks to queue
[2023-07-23T19:28:58.842+0000] {logging_mixin.py:150} INFO - [2023-07-23T19:28:58.842+0000] {dagbag.py:541} INFO - Filling up the DagBag from /home/airflow/.local/lib/python3.9/site-packages/airflow/example_dags/tutorial_taskflow_api.py
[2023-07-23T19:28:58.851+0000] {processor.py:836} INFO - DAG(s) dict_keys(['tutorial_taskflow_api']) retrieved from /home/airflow/.local/lib/python3.9/site-packages/airflow/example_dags/tutorial_taskflow_api.py
[2023-07-23T19:28:58.961+0000] {logging_mixin.py:150} INFO - [2023-07-23T19:28:58.961+0000] {dag.py:2742} INFO - Sync 1 DAGs
[2023-07-23T19:28:59.029+0000] {logging_mixin.py:150} INFO - [2023-07-23T19:28:59.016+0000] {dag.py:3504} INFO - Setting next_dagrun for tutorial_taskflow_api to None, run_after=None
[2023-07-23T19:28:59.071+0000] {processor.py:179} INFO - Processing /home/airflow/.local/lib/python3.9/site-packages/airflow/example_dags/tutorial_taskflow_api.py took 0.249 seconds
[2023-07-23T19:29:29.369+0000] {processor.py:157} INFO - Started process (PID=214) to work on /home/airflow/.local/lib/python3.9/site-packages/airflow/example_dags/tutorial_taskflow_api.py
[2023-07-23T19:29:29.386+0000] {processor.py:826} INFO - Processing file /home/airflow/.local/lib/python3.9/site-packages/airflow/example_dags/tutorial_taskflow_api.py for tasks to queue
[2023-07-23T19:29:29.387+0000] {logging_mixin.py:150} INFO - [2023-07-23T19:29:29.386+0000] {dagbag.py:541} INFO - Filling up the DagBag from /home/airflow/.local/lib/python3.9/site-packages/airflow/example_dags/tutorial_taskflow_api.py
[2023-07-23T19:29:29.405+0000] {processor.py:836} INFO - DAG(s) dict_keys(['tutorial_taskflow_api']) retrieved from /home/airflow/.local/lib/python3.9/site-packages/airflow/example_dags/tutorial_taskflow_api.py
[2023-07-23T19:29:29.457+0000] {logging_mixin.py:150} INFO - [2023-07-23T19:29:29.457+0000] {dag.py:2742} INFO - Sync 1 DAGs
[2023-07-23T19:29:29.527+0000] {logging_mixin.py:150} INFO - [2023-07-23T19:29:29.526+0000] {dag.py:3504} INFO - Setting next_dagrun for tutorial_taskflow_api to None, run_after=None
[2023-07-23T19:29:29.596+0000] {processor.py:179} INFO - Processing /home/airflow/.local/lib/python3.9/site-packages/airflow/example_dags/tutorial_taskflow_api.py took 0.232 seconds
[2023-07-23T19:30:00.494+0000] {processor.py:157} INFO - Started process (PID=275) to work on /home/airflow/.local/lib/python3.9/site-packages/airflow/example_dags/tutorial_taskflow_api.py
[2023-07-23T19:30:00.515+0000] {processor.py:826} INFO - Processing file /home/airflow/.local/lib/python3.9/site-packages/airflow/example_dags/tutorial_taskflow_api.py for tasks to queue
[2023-07-23T19:30:00.517+0000] {logging_mixin.py:150} INFO - [2023-07-23T19:30:00.516+0000] {dagbag.py:541} INFO - Filling up the DagBag from /home/airflow/.local/lib/python3.9/site-packages/airflow/example_dags/tutorial_taskflow_api.py
[2023-07-23T19:30:00.540+0000] {processor.py:836} INFO - DAG(s) dict_keys(['tutorial_taskflow_api']) retrieved from /home/airflow/.local/lib/python3.9/site-packages/airflow/example_dags/tutorial_taskflow_api.py
[2023-07-23T19:30:00.636+0000] {logging_mixin.py:150} INFO - [2023-07-23T19:30:00.636+0000] {dag.py:2742} INFO - Sync 1 DAGs
[2023-07-23T19:30:00.743+0000] {logging_mixin.py:150} INFO - [2023-07-23T19:30:00.742+0000] {dag.py:3504} INFO - Setting next_dagrun for tutorial_taskflow_api to None, run_after=None
[2023-07-23T19:30:00.836+0000] {processor.py:179} INFO - Processing /home/airflow/.local/lib/python3.9/site-packages/airflow/example_dags/tutorial_taskflow_api.py took 0.346 seconds
[2023-07-23T19:30:31.681+0000] {processor.py:157} INFO - Started process (PID=337) to work on /home/airflow/.local/lib/python3.9/site-packages/airflow/example_dags/tutorial_taskflow_api.py
[2023-07-23T19:30:31.689+0000] {processor.py:826} INFO - Processing file /home/airflow/.local/lib/python3.9/site-packages/airflow/example_dags/tutorial_taskflow_api.py for tasks to queue
[2023-07-23T19:30:31.690+0000] {logging_mixin.py:150} INFO - [2023-07-23T19:30:31.690+0000] {dagbag.py:541} INFO - Filling up the DagBag from /home/airflow/.local/lib/python3.9/site-packages/airflow/example_dags/tutorial_taskflow_api.py
[2023-07-23T19:30:31.710+0000] {processor.py:836} INFO - DAG(s) dict_keys(['tutorial_taskflow_api']) retrieved from /home/airflow/.local/lib/python3.9/site-packages/airflow/example_dags/tutorial_taskflow_api.py
[2023-07-23T19:30:31.754+0000] {logging_mixin.py:150} INFO - [2023-07-23T19:30:31.754+0000] {dag.py:2742} INFO - Sync 1 DAGs
[2023-07-23T19:30:31.805+0000] {logging_mixin.py:150} INFO - [2023-07-23T19:30:31.804+0000] {dag.py:3504} INFO - Setting next_dagrun for tutorial_taskflow_api to None, run_after=None
[2023-07-23T19:30:31.842+0000] {processor.py:179} INFO - Processing /home/airflow/.local/lib/python3.9/site-packages/airflow/example_dags/tutorial_taskflow_api.py took 0.170 seconds
[2023-07-23T19:31:02.318+0000] {processor.py:157} INFO - Started process (PID=399) to work on /home/airflow/.local/lib/python3.9/site-packages/airflow/example_dags/tutorial_taskflow_api.py
[2023-07-23T19:31:02.326+0000] {processor.py:826} INFO - Processing file /home/airflow/.local/lib/python3.9/site-packages/airflow/example_dags/tutorial_taskflow_api.py for tasks to queue
[2023-07-23T19:31:02.327+0000] {logging_mixin.py:150} INFO - [2023-07-23T19:31:02.326+0000] {dagbag.py:541} INFO - Filling up the DagBag from /home/airflow/.local/lib/python3.9/site-packages/airflow/example_dags/tutorial_taskflow_api.py
[2023-07-23T19:31:02.349+0000] {processor.py:836} INFO - DAG(s) dict_keys(['tutorial_taskflow_api']) retrieved from /home/airflow/.local/lib/python3.9/site-packages/airflow/example_dags/tutorial_taskflow_api.py
[2023-07-23T19:31:02.404+0000] {logging_mixin.py:150} INFO - [2023-07-23T19:31:02.396+0000] {dag.py:2742} INFO - Sync 1 DAGs
[2023-07-23T19:31:02.451+0000] {logging_mixin.py:150} INFO - [2023-07-23T19:31:02.451+0000] {dag.py:3504} INFO - Setting next_dagrun for tutorial_taskflow_api to None, run_after=None
[2023-07-23T19:31:02.496+0000] {processor.py:179} INFO - Processing /home/airflow/.local/lib/python3.9/site-packages/airflow/example_dags/tutorial_taskflow_api.py took 0.193 seconds
[2023-07-23T19:31:32.655+0000] {processor.py:157} INFO - Started process (PID=461) to work on /home/airflow/.local/lib/python3.9/site-packages/airflow/example_dags/tutorial_taskflow_api.py
[2023-07-23T19:31:32.657+0000] {processor.py:826} INFO - Processing file /home/airflow/.local/lib/python3.9/site-packages/airflow/example_dags/tutorial_taskflow_api.py for tasks to queue
[2023-07-23T19:31:32.658+0000] {logging_mixin.py:150} INFO - [2023-07-23T19:31:32.657+0000] {dagbag.py:541} INFO - Filling up the DagBag from /home/airflow/.local/lib/python3.9/site-packages/airflow/example_dags/tutorial_taskflow_api.py
[2023-07-23T19:31:32.687+0000] {processor.py:836} INFO - DAG(s) dict_keys(['tutorial_taskflow_api']) retrieved from /home/airflow/.local/lib/python3.9/site-packages/airflow/example_dags/tutorial_taskflow_api.py
[2023-07-23T19:31:32.744+0000] {logging_mixin.py:150} INFO - [2023-07-23T19:31:32.744+0000] {dag.py:2742} INFO - Sync 1 DAGs
[2023-07-23T19:31:32.800+0000] {logging_mixin.py:150} INFO - [2023-07-23T19:31:32.799+0000] {dag.py:3504} INFO - Setting next_dagrun for tutorial_taskflow_api to None, run_after=None
[2023-07-23T19:31:32.845+0000] {processor.py:179} INFO - Processing /home/airflow/.local/lib/python3.9/site-packages/airflow/example_dags/tutorial_taskflow_api.py took 0.200 seconds
[2023-07-23T19:32:04.707+0000] {processor.py:157} INFO - Started process (PID=529) to work on /home/airflow/.local/lib/python3.9/site-packages/airflow/example_dags/tutorial_taskflow_api.py
[2023-07-23T19:32:04.716+0000] {processor.py:826} INFO - Processing file /home/airflow/.local/lib/python3.9/site-packages/airflow/example_dags/tutorial_taskflow_api.py for tasks to queue
[2023-07-23T19:32:04.717+0000] {logging_mixin.py:150} INFO - [2023-07-23T19:32:04.717+0000] {dagbag.py:541} INFO - Filling up the DagBag from /home/airflow/.local/lib/python3.9/site-packages/airflow/example_dags/tutorial_taskflow_api.py
[2023-07-23T19:32:04.766+0000] {processor.py:836} INFO - DAG(s) dict_keys(['tutorial_taskflow_api']) retrieved from /home/airflow/.local/lib/python3.9/site-packages/airflow/example_dags/tutorial_taskflow_api.py
[2023-07-23T19:32:04.872+0000] {logging_mixin.py:150} INFO - [2023-07-23T19:32:04.871+0000] {dag.py:2742} INFO - Sync 1 DAGs
[2023-07-23T19:32:05.026+0000] {logging_mixin.py:150} INFO - [2023-07-23T19:32:05.026+0000] {dag.py:3504} INFO - Setting next_dagrun for tutorial_taskflow_api to None, run_after=None
[2023-07-23T19:32:05.095+0000] {processor.py:179} INFO - Processing /home/airflow/.local/lib/python3.9/site-packages/airflow/example_dags/tutorial_taskflow_api.py took 0.411 seconds
[2023-07-23T19:32:35.432+0000] {processor.py:157} INFO - Started process (PID=584) to work on /home/airflow/.local/lib/python3.9/site-packages/airflow/example_dags/tutorial_taskflow_api.py
[2023-07-23T19:32:35.434+0000] {processor.py:826} INFO - Processing file /home/airflow/.local/lib/python3.9/site-packages/airflow/example_dags/tutorial_taskflow_api.py for tasks to queue
[2023-07-23T19:32:35.436+0000] {logging_mixin.py:150} INFO - [2023-07-23T19:32:35.435+0000] {dagbag.py:541} INFO - Filling up the DagBag from /home/airflow/.local/lib/python3.9/site-packages/airflow/example_dags/tutorial_taskflow_api.py
[2023-07-23T19:32:35.444+0000] {processor.py:836} INFO - DAG(s) dict_keys(['tutorial_taskflow_api']) retrieved from /home/airflow/.local/lib/python3.9/site-packages/airflow/example_dags/tutorial_taskflow_api.py
[2023-07-23T19:32:35.471+0000] {logging_mixin.py:150} INFO - [2023-07-23T19:32:35.470+0000] {dag.py:2742} INFO - Sync 1 DAGs
[2023-07-23T19:32:35.497+0000] {logging_mixin.py:150} INFO - [2023-07-23T19:32:35.496+0000] {dag.py:3504} INFO - Setting next_dagrun for tutorial_taskflow_api to None, run_after=None
[2023-07-23T19:32:35.518+0000] {processor.py:179} INFO - Processing /home/airflow/.local/lib/python3.9/site-packages/airflow/example_dags/tutorial_taskflow_api.py took 0.090 seconds
[2023-07-23T19:33:05.739+0000] {processor.py:157} INFO - Started process (PID=647) to work on /home/airflow/.local/lib/python3.9/site-packages/airflow/example_dags/tutorial_taskflow_api.py
[2023-07-23T19:33:05.741+0000] {processor.py:826} INFO - Processing file /home/airflow/.local/lib/python3.9/site-packages/airflow/example_dags/tutorial_taskflow_api.py for tasks to queue
[2023-07-23T19:33:05.742+0000] {logging_mixin.py:150} INFO - [2023-07-23T19:33:05.741+0000] {dagbag.py:541} INFO - Filling up the DagBag from /home/airflow/.local/lib/python3.9/site-packages/airflow/example_dags/tutorial_taskflow_api.py
[2023-07-23T19:33:05.750+0000] {processor.py:836} INFO - DAG(s) dict_keys(['tutorial_taskflow_api']) retrieved from /home/airflow/.local/lib/python3.9/site-packages/airflow/example_dags/tutorial_taskflow_api.py
[2023-07-23T19:33:05.775+0000] {logging_mixin.py:150} INFO - [2023-07-23T19:33:05.775+0000] {dag.py:2742} INFO - Sync 1 DAGs
[2023-07-23T19:33:05.801+0000] {logging_mixin.py:150} INFO - [2023-07-23T19:33:05.801+0000] {dag.py:3504} INFO - Setting next_dagrun for tutorial_taskflow_api to None, run_after=None
[2023-07-23T19:33:05.831+0000] {processor.py:179} INFO - Processing /home/airflow/.local/lib/python3.9/site-packages/airflow/example_dags/tutorial_taskflow_api.py took 0.096 seconds
[2023-07-23T19:41:42.110+0000] {processor.py:157} INFO - Started process (PID=92) to work on /home/airflow/.local/lib/python3.9/site-packages/airflow/example_dags/tutorial_taskflow_api.py
[2023-07-23T19:41:42.125+0000] {processor.py:826} INFO - Processing file /home/airflow/.local/lib/python3.9/site-packages/airflow/example_dags/tutorial_taskflow_api.py for tasks to queue
[2023-07-23T19:41:42.126+0000] {logging_mixin.py:150} INFO - [2023-07-23T19:41:42.126+0000] {dagbag.py:541} INFO - Filling up the DagBag from /home/airflow/.local/lib/python3.9/site-packages/airflow/example_dags/tutorial_taskflow_api.py
[2023-07-23T19:41:42.150+0000] {processor.py:836} INFO - DAG(s) dict_keys(['tutorial_taskflow_api']) retrieved from /home/airflow/.local/lib/python3.9/site-packages/airflow/example_dags/tutorial_taskflow_api.py
[2023-07-23T19:41:42.245+0000] {logging_mixin.py:150} INFO - [2023-07-23T19:41:42.245+0000] {dag.py:2742} INFO - Sync 1 DAGs
[2023-07-23T19:41:42.289+0000] {logging_mixin.py:150} INFO - [2023-07-23T19:41:42.288+0000] {dag.py:3504} INFO - Setting next_dagrun for tutorial_taskflow_api to None, run_after=None
[2023-07-23T19:41:42.310+0000] {processor.py:179} INFO - Processing /home/airflow/.local/lib/python3.9/site-packages/airflow/example_dags/tutorial_taskflow_api.py took 0.205 seconds
[2023-07-23T19:42:13.243+0000] {processor.py:157} INFO - Started process (PID=153) to work on /home/airflow/.local/lib/python3.9/site-packages/airflow/example_dags/tutorial_taskflow_api.py
[2023-07-23T19:42:13.245+0000] {processor.py:826} INFO - Processing file /home/airflow/.local/lib/python3.9/site-packages/airflow/example_dags/tutorial_taskflow_api.py for tasks to queue
[2023-07-23T19:42:13.246+0000] {logging_mixin.py:150} INFO - [2023-07-23T19:42:13.246+0000] {dagbag.py:541} INFO - Filling up the DagBag from /home/airflow/.local/lib/python3.9/site-packages/airflow/example_dags/tutorial_taskflow_api.py
[2023-07-23T19:42:13.255+0000] {processor.py:836} INFO - DAG(s) dict_keys(['tutorial_taskflow_api']) retrieved from /home/airflow/.local/lib/python3.9/site-packages/airflow/example_dags/tutorial_taskflow_api.py
[2023-07-23T19:42:13.379+0000] {logging_mixin.py:150} INFO - [2023-07-23T19:42:13.379+0000] {dag.py:2742} INFO - Sync 1 DAGs
[2023-07-23T19:42:13.456+0000] {logging_mixin.py:150} INFO - [2023-07-23T19:42:13.456+0000] {dag.py:3504} INFO - Setting next_dagrun for tutorial_taskflow_api to None, run_after=None
[2023-07-23T19:42:13.499+0000] {processor.py:179} INFO - Processing /home/airflow/.local/lib/python3.9/site-packages/airflow/example_dags/tutorial_taskflow_api.py took 0.260 seconds
[2023-07-23T19:42:44.578+0000] {processor.py:157} INFO - Started process (PID=215) to work on /home/airflow/.local/lib/python3.9/site-packages/airflow/example_dags/tutorial_taskflow_api.py
[2023-07-23T19:42:44.590+0000] {processor.py:826} INFO - Processing file /home/airflow/.local/lib/python3.9/site-packages/airflow/example_dags/tutorial_taskflow_api.py for tasks to queue
[2023-07-23T19:42:44.591+0000] {logging_mixin.py:150} INFO - [2023-07-23T19:42:44.591+0000] {dagbag.py:541} INFO - Filling up the DagBag from /home/airflow/.local/lib/python3.9/site-packages/airflow/example_dags/tutorial_taskflow_api.py
[2023-07-23T19:42:44.600+0000] {processor.py:836} INFO - DAG(s) dict_keys(['tutorial_taskflow_api']) retrieved from /home/airflow/.local/lib/python3.9/site-packages/airflow/example_dags/tutorial_taskflow_api.py
[2023-07-23T19:42:44.682+0000] {logging_mixin.py:150} INFO - [2023-07-23T19:42:44.682+0000] {dag.py:2742} INFO - Sync 1 DAGs
[2023-07-23T19:42:44.730+0000] {logging_mixin.py:150} INFO - [2023-07-23T19:42:44.730+0000] {dag.py:3504} INFO - Setting next_dagrun for tutorial_taskflow_api to None, run_after=None
[2023-07-23T19:42:44.835+0000] {processor.py:179} INFO - Processing /home/airflow/.local/lib/python3.9/site-packages/airflow/example_dags/tutorial_taskflow_api.py took 0.261 seconds
[2023-07-23T19:43:15.893+0000] {processor.py:157} INFO - Started process (PID=276) to work on /home/airflow/.local/lib/python3.9/site-packages/airflow/example_dags/tutorial_taskflow_api.py
[2023-07-23T19:43:15.913+0000] {processor.py:826} INFO - Processing file /home/airflow/.local/lib/python3.9/site-packages/airflow/example_dags/tutorial_taskflow_api.py for tasks to queue
[2023-07-23T19:43:15.926+0000] {logging_mixin.py:150} INFO - [2023-07-23T19:43:15.925+0000] {dagbag.py:541} INFO - Filling up the DagBag from /home/airflow/.local/lib/python3.9/site-packages/airflow/example_dags/tutorial_taskflow_api.py
[2023-07-23T19:43:15.964+0000] {processor.py:836} INFO - DAG(s) dict_keys(['tutorial_taskflow_api']) retrieved from /home/airflow/.local/lib/python3.9/site-packages/airflow/example_dags/tutorial_taskflow_api.py
[2023-07-23T19:43:16.069+0000] {logging_mixin.py:150} INFO - [2023-07-23T19:43:16.069+0000] {dag.py:2742} INFO - Sync 1 DAGs
[2023-07-23T19:43:16.181+0000] {logging_mixin.py:150} INFO - [2023-07-23T19:43:16.181+0000] {dag.py:3504} INFO - Setting next_dagrun for tutorial_taskflow_api to None, run_after=None
[2023-07-23T19:43:16.263+0000] {processor.py:179} INFO - Processing /home/airflow/.local/lib/python3.9/site-packages/airflow/example_dags/tutorial_taskflow_api.py took 0.374 seconds
[2023-07-23T19:43:46.608+0000] {processor.py:157} INFO - Started process (PID=337) to work on /home/airflow/.local/lib/python3.9/site-packages/airflow/example_dags/tutorial_taskflow_api.py
[2023-07-23T19:43:46.625+0000] {processor.py:826} INFO - Processing file /home/airflow/.local/lib/python3.9/site-packages/airflow/example_dags/tutorial_taskflow_api.py for tasks to queue
[2023-07-23T19:43:46.626+0000] {logging_mixin.py:150} INFO - [2023-07-23T19:43:46.626+0000] {dagbag.py:541} INFO - Filling up the DagBag from /home/airflow/.local/lib/python3.9/site-packages/airflow/example_dags/tutorial_taskflow_api.py
[2023-07-23T19:43:46.635+0000] {processor.py:836} INFO - DAG(s) dict_keys(['tutorial_taskflow_api']) retrieved from /home/airflow/.local/lib/python3.9/site-packages/airflow/example_dags/tutorial_taskflow_api.py
[2023-07-23T19:43:46.689+0000] {logging_mixin.py:150} INFO - [2023-07-23T19:43:46.688+0000] {dag.py:2742} INFO - Sync 1 DAGs
[2023-07-23T19:43:46.742+0000] {logging_mixin.py:150} INFO - [2023-07-23T19:43:46.742+0000] {dag.py:3504} INFO - Setting next_dagrun for tutorial_taskflow_api to None, run_after=None
[2023-07-23T19:43:46.776+0000] {processor.py:179} INFO - Processing /home/airflow/.local/lib/python3.9/site-packages/airflow/example_dags/tutorial_taskflow_api.py took 0.183 seconds
[2023-07-23T19:44:20.924+0000] {processor.py:157} INFO - Started process (PID=398) to work on /home/airflow/.local/lib/python3.9/site-packages/airflow/example_dags/tutorial_taskflow_api.py
[2023-07-23T19:44:20.965+0000] {processor.py:826} INFO - Processing file /home/airflow/.local/lib/python3.9/site-packages/airflow/example_dags/tutorial_taskflow_api.py for tasks to queue
[2023-07-23T19:44:20.967+0000] {logging_mixin.py:150} INFO - [2023-07-23T19:44:20.966+0000] {dagbag.py:541} INFO - Filling up the DagBag from /home/airflow/.local/lib/python3.9/site-packages/airflow/example_dags/tutorial_taskflow_api.py
[2023-07-23T19:44:21.026+0000] {processor.py:836} INFO - DAG(s) dict_keys(['tutorial_taskflow_api']) retrieved from /home/airflow/.local/lib/python3.9/site-packages/airflow/example_dags/tutorial_taskflow_api.py
[2023-07-23T19:44:21.164+0000] {logging_mixin.py:150} INFO - [2023-07-23T19:44:21.164+0000] {dag.py:2742} INFO - Sync 1 DAGs
[2023-07-23T19:44:21.320+0000] {logging_mixin.py:150} INFO - [2023-07-23T19:44:21.320+0000] {dag.py:3504} INFO - Setting next_dagrun for tutorial_taskflow_api to None, run_after=None
[2023-07-23T19:44:21.478+0000] {processor.py:179} INFO - Processing /home/airflow/.local/lib/python3.9/site-packages/airflow/example_dags/tutorial_taskflow_api.py took 0.559 seconds
[2023-07-23T19:44:51.952+0000] {processor.py:157} INFO - Started process (PID=459) to work on /home/airflow/.local/lib/python3.9/site-packages/airflow/example_dags/tutorial_taskflow_api.py
[2023-07-23T19:44:51.985+0000] {processor.py:826} INFO - Processing file /home/airflow/.local/lib/python3.9/site-packages/airflow/example_dags/tutorial_taskflow_api.py for tasks to queue
[2023-07-23T19:44:51.986+0000] {logging_mixin.py:150} INFO - [2023-07-23T19:44:51.986+0000] {dagbag.py:541} INFO - Filling up the DagBag from /home/airflow/.local/lib/python3.9/site-packages/airflow/example_dags/tutorial_taskflow_api.py
[2023-07-23T19:44:52.015+0000] {processor.py:836} INFO - DAG(s) dict_keys(['tutorial_taskflow_api']) retrieved from /home/airflow/.local/lib/python3.9/site-packages/airflow/example_dags/tutorial_taskflow_api.py
[2023-07-23T19:44:52.086+0000] {logging_mixin.py:150} INFO - [2023-07-23T19:44:52.086+0000] {dag.py:2742} INFO - Sync 1 DAGs
[2023-07-23T19:44:52.206+0000] {logging_mixin.py:150} INFO - [2023-07-23T19:44:52.205+0000] {dag.py:3504} INFO - Setting next_dagrun for tutorial_taskflow_api to None, run_after=None
[2023-07-23T19:44:52.263+0000] {processor.py:179} INFO - Processing /home/airflow/.local/lib/python3.9/site-packages/airflow/example_dags/tutorial_taskflow_api.py took 0.315 seconds
[2023-07-23T19:45:24.364+0000] {processor.py:157} INFO - Started process (PID=521) to work on /home/airflow/.local/lib/python3.9/site-packages/airflow/example_dags/tutorial_taskflow_api.py
[2023-07-23T19:45:24.406+0000] {processor.py:826} INFO - Processing file /home/airflow/.local/lib/python3.9/site-packages/airflow/example_dags/tutorial_taskflow_api.py for tasks to queue
[2023-07-23T19:45:24.426+0000] {logging_mixin.py:150} INFO - [2023-07-23T19:45:24.425+0000] {dagbag.py:541} INFO - Filling up the DagBag from /home/airflow/.local/lib/python3.9/site-packages/airflow/example_dags/tutorial_taskflow_api.py
[2023-07-23T19:45:24.435+0000] {processor.py:836} INFO - DAG(s) dict_keys(['tutorial_taskflow_api']) retrieved from /home/airflow/.local/lib/python3.9/site-packages/airflow/example_dags/tutorial_taskflow_api.py
[2023-07-23T19:45:24.591+0000] {logging_mixin.py:150} INFO - [2023-07-23T19:45:24.591+0000] {dag.py:2742} INFO - Sync 1 DAGs
[2023-07-23T19:45:24.776+0000] {logging_mixin.py:150} INFO - [2023-07-23T19:45:24.776+0000] {dag.py:3504} INFO - Setting next_dagrun for tutorial_taskflow_api to None, run_after=None
[2023-07-23T19:45:24.966+0000] {processor.py:179} INFO - Processing /home/airflow/.local/lib/python3.9/site-packages/airflow/example_dags/tutorial_taskflow_api.py took 0.606 seconds
[2023-07-23T19:45:57.453+0000] {processor.py:157} INFO - Started process (PID=575) to work on /home/airflow/.local/lib/python3.9/site-packages/airflow/example_dags/tutorial_taskflow_api.py
[2023-07-23T19:45:57.474+0000] {processor.py:826} INFO - Processing file /home/airflow/.local/lib/python3.9/site-packages/airflow/example_dags/tutorial_taskflow_api.py for tasks to queue
[2023-07-23T19:45:57.475+0000] {logging_mixin.py:150} INFO - [2023-07-23T19:45:57.474+0000] {dagbag.py:541} INFO - Filling up the DagBag from /home/airflow/.local/lib/python3.9/site-packages/airflow/example_dags/tutorial_taskflow_api.py
[2023-07-23T19:45:57.484+0000] {processor.py:836} INFO - DAG(s) dict_keys(['tutorial_taskflow_api']) retrieved from /home/airflow/.local/lib/python3.9/site-packages/airflow/example_dags/tutorial_taskflow_api.py
[2023-07-23T19:45:57.558+0000] {logging_mixin.py:150} INFO - [2023-07-23T19:45:57.557+0000] {dag.py:2742} INFO - Sync 1 DAGs
[2023-07-23T19:45:57.646+0000] {logging_mixin.py:150} INFO - [2023-07-23T19:45:57.646+0000] {dag.py:3504} INFO - Setting next_dagrun for tutorial_taskflow_api to None, run_after=None
[2023-07-23T19:45:57.722+0000] {processor.py:179} INFO - Processing /home/airflow/.local/lib/python3.9/site-packages/airflow/example_dags/tutorial_taskflow_api.py took 0.272 seconds
[2023-07-23T19:46:28.671+0000] {processor.py:157} INFO - Started process (PID=638) to work on /home/airflow/.local/lib/python3.9/site-packages/airflow/example_dags/tutorial_taskflow_api.py
[2023-07-23T19:46:28.685+0000] {processor.py:826} INFO - Processing file /home/airflow/.local/lib/python3.9/site-packages/airflow/example_dags/tutorial_taskflow_api.py for tasks to queue
[2023-07-23T19:46:28.686+0000] {logging_mixin.py:150} INFO - [2023-07-23T19:46:28.686+0000] {dagbag.py:541} INFO - Filling up the DagBag from /home/airflow/.local/lib/python3.9/site-packages/airflow/example_dags/tutorial_taskflow_api.py
[2023-07-23T19:46:28.704+0000] {processor.py:836} INFO - DAG(s) dict_keys(['tutorial_taskflow_api']) retrieved from /home/airflow/.local/lib/python3.9/site-packages/airflow/example_dags/tutorial_taskflow_api.py
[2023-07-23T19:46:28.731+0000] {logging_mixin.py:150} INFO - [2023-07-23T19:46:28.731+0000] {dag.py:2742} INFO - Sync 1 DAGs
[2023-07-23T19:46:28.759+0000] {logging_mixin.py:150} INFO - [2023-07-23T19:46:28.758+0000] {dag.py:3504} INFO - Setting next_dagrun for tutorial_taskflow_api to None, run_after=None
[2023-07-23T19:46:28.790+0000] {processor.py:179} INFO - Processing /home/airflow/.local/lib/python3.9/site-packages/airflow/example_dags/tutorial_taskflow_api.py took 0.123 seconds
[2023-07-23T19:46:59.327+0000] {processor.py:157} INFO - Started process (PID=706) to work on /home/airflow/.local/lib/python3.9/site-packages/airflow/example_dags/tutorial_taskflow_api.py
[2023-07-23T19:46:59.348+0000] {processor.py:826} INFO - Processing file /home/airflow/.local/lib/python3.9/site-packages/airflow/example_dags/tutorial_taskflow_api.py for tasks to queue
[2023-07-23T19:46:59.349+0000] {logging_mixin.py:150} INFO - [2023-07-23T19:46:59.348+0000] {dagbag.py:541} INFO - Filling up the DagBag from /home/airflow/.local/lib/python3.9/site-packages/airflow/example_dags/tutorial_taskflow_api.py
[2023-07-23T19:46:59.386+0000] {processor.py:836} INFO - DAG(s) dict_keys(['tutorial_taskflow_api']) retrieved from /home/airflow/.local/lib/python3.9/site-packages/airflow/example_dags/tutorial_taskflow_api.py
[2023-07-23T19:46:59.466+0000] {logging_mixin.py:150} INFO - [2023-07-23T19:46:59.465+0000] {dag.py:2742} INFO - Sync 1 DAGs
[2023-07-23T19:46:59.539+0000] {logging_mixin.py:150} INFO - [2023-07-23T19:46:59.538+0000] {dag.py:3504} INFO - Setting next_dagrun for tutorial_taskflow_api to None, run_after=None
[2023-07-23T19:46:59.584+0000] {processor.py:179} INFO - Processing /home/airflow/.local/lib/python3.9/site-packages/airflow/example_dags/tutorial_taskflow_api.py took 0.285 seconds
[2023-07-23T19:47:30.788+0000] {processor.py:157} INFO - Started process (PID=768) to work on /home/airflow/.local/lib/python3.9/site-packages/airflow/example_dags/tutorial_taskflow_api.py
[2023-07-23T19:47:30.806+0000] {processor.py:826} INFO - Processing file /home/airflow/.local/lib/python3.9/site-packages/airflow/example_dags/tutorial_taskflow_api.py for tasks to queue
[2023-07-23T19:47:30.807+0000] {logging_mixin.py:150} INFO - [2023-07-23T19:47:30.807+0000] {dagbag.py:541} INFO - Filling up the DagBag from /home/airflow/.local/lib/python3.9/site-packages/airflow/example_dags/tutorial_taskflow_api.py
[2023-07-23T19:47:30.822+0000] {processor.py:836} INFO - DAG(s) dict_keys(['tutorial_taskflow_api']) retrieved from /home/airflow/.local/lib/python3.9/site-packages/airflow/example_dags/tutorial_taskflow_api.py
[2023-07-23T19:47:30.943+0000] {logging_mixin.py:150} INFO - [2023-07-23T19:47:30.943+0000] {dag.py:2742} INFO - Sync 1 DAGs
[2023-07-23T19:47:31.021+0000] {logging_mixin.py:150} INFO - [2023-07-23T19:47:31.021+0000] {dag.py:3504} INFO - Setting next_dagrun for tutorial_taskflow_api to None, run_after=None
[2023-07-23T19:47:31.076+0000] {processor.py:179} INFO - Processing /home/airflow/.local/lib/python3.9/site-packages/airflow/example_dags/tutorial_taskflow_api.py took 0.303 seconds
[2023-07-23T19:48:05.468+0000] {processor.py:157} INFO - Started process (PID=830) to work on /home/airflow/.local/lib/python3.9/site-packages/airflow/example_dags/tutorial_taskflow_api.py
[2023-07-23T19:48:05.477+0000] {processor.py:826} INFO - Processing file /home/airflow/.local/lib/python3.9/site-packages/airflow/example_dags/tutorial_taskflow_api.py for tasks to queue
[2023-07-23T19:48:05.478+0000] {logging_mixin.py:150} INFO - [2023-07-23T19:48:05.477+0000] {dagbag.py:541} INFO - Filling up the DagBag from /home/airflow/.local/lib/python3.9/site-packages/airflow/example_dags/tutorial_taskflow_api.py
[2023-07-23T19:48:05.524+0000] {processor.py:836} INFO - DAG(s) dict_keys(['tutorial_taskflow_api']) retrieved from /home/airflow/.local/lib/python3.9/site-packages/airflow/example_dags/tutorial_taskflow_api.py
[2023-07-23T19:48:05.633+0000] {logging_mixin.py:150} INFO - [2023-07-23T19:48:05.632+0000] {dag.py:2742} INFO - Sync 1 DAGs
[2023-07-23T19:48:05.775+0000] {logging_mixin.py:150} INFO - [2023-07-23T19:48:05.775+0000] {dag.py:3504} INFO - Setting next_dagrun for tutorial_taskflow_api to None, run_after=None
[2023-07-23T19:48:05.910+0000] {processor.py:179} INFO - Processing /home/airflow/.local/lib/python3.9/site-packages/airflow/example_dags/tutorial_taskflow_api.py took 0.476 seconds
[2023-07-23T19:48:36.361+0000] {processor.py:157} INFO - Started process (PID=892) to work on /home/airflow/.local/lib/python3.9/site-packages/airflow/example_dags/tutorial_taskflow_api.py
[2023-07-23T19:48:36.386+0000] {processor.py:826} INFO - Processing file /home/airflow/.local/lib/python3.9/site-packages/airflow/example_dags/tutorial_taskflow_api.py for tasks to queue
[2023-07-23T19:48:36.387+0000] {logging_mixin.py:150} INFO - [2023-07-23T19:48:36.386+0000] {dagbag.py:541} INFO - Filling up the DagBag from /home/airflow/.local/lib/python3.9/site-packages/airflow/example_dags/tutorial_taskflow_api.py
[2023-07-23T19:48:36.425+0000] {processor.py:836} INFO - DAG(s) dict_keys(['tutorial_taskflow_api']) retrieved from /home/airflow/.local/lib/python3.9/site-packages/airflow/example_dags/tutorial_taskflow_api.py
[2023-07-23T19:48:36.498+0000] {logging_mixin.py:150} INFO - [2023-07-23T19:48:36.498+0000] {dag.py:2742} INFO - Sync 1 DAGs
[2023-07-23T19:48:36.616+0000] {logging_mixin.py:150} INFO - [2023-07-23T19:48:36.616+0000] {dag.py:3504} INFO - Setting next_dagrun for tutorial_taskflow_api to None, run_after=None
[2023-07-23T19:48:36.743+0000] {processor.py:179} INFO - Processing /home/airflow/.local/lib/python3.9/site-packages/airflow/example_dags/tutorial_taskflow_api.py took 0.386 seconds
[2023-07-23T19:49:06.910+0000] {processor.py:157} INFO - Started process (PID=946) to work on /home/airflow/.local/lib/python3.9/site-packages/airflow/example_dags/tutorial_taskflow_api.py
[2023-07-23T19:49:06.912+0000] {processor.py:826} INFO - Processing file /home/airflow/.local/lib/python3.9/site-packages/airflow/example_dags/tutorial_taskflow_api.py for tasks to queue
[2023-07-23T19:49:06.913+0000] {logging_mixin.py:150} INFO - [2023-07-23T19:49:06.913+0000] {dagbag.py:541} INFO - Filling up the DagBag from /home/airflow/.local/lib/python3.9/site-packages/airflow/example_dags/tutorial_taskflow_api.py
[2023-07-23T19:49:06.931+0000] {processor.py:836} INFO - DAG(s) dict_keys(['tutorial_taskflow_api']) retrieved from /home/airflow/.local/lib/python3.9/site-packages/airflow/example_dags/tutorial_taskflow_api.py
[2023-07-23T19:49:07.061+0000] {logging_mixin.py:150} INFO - [2023-07-23T19:49:07.060+0000] {dag.py:2742} INFO - Sync 1 DAGs
[2023-07-23T19:49:07.186+0000] {logging_mixin.py:150} INFO - [2023-07-23T19:49:07.186+0000] {dag.py:3504} INFO - Setting next_dagrun for tutorial_taskflow_api to None, run_after=None
[2023-07-23T19:49:07.273+0000] {processor.py:179} INFO - Processing /home/airflow/.local/lib/python3.9/site-packages/airflow/example_dags/tutorial_taskflow_api.py took 0.390 seconds
[2023-07-23T19:49:40.068+0000] {processor.py:157} INFO - Started process (PID=1008) to work on /home/airflow/.local/lib/python3.9/site-packages/airflow/example_dags/tutorial_taskflow_api.py
[2023-07-23T19:49:40.081+0000] {processor.py:826} INFO - Processing file /home/airflow/.local/lib/python3.9/site-packages/airflow/example_dags/tutorial_taskflow_api.py for tasks to queue
[2023-07-23T19:49:40.082+0000] {logging_mixin.py:150} INFO - [2023-07-23T19:49:40.082+0000] {dagbag.py:541} INFO - Filling up the DagBag from /home/airflow/.local/lib/python3.9/site-packages/airflow/example_dags/tutorial_taskflow_api.py
[2023-07-23T19:49:40.117+0000] {processor.py:836} INFO - DAG(s) dict_keys(['tutorial_taskflow_api']) retrieved from /home/airflow/.local/lib/python3.9/site-packages/airflow/example_dags/tutorial_taskflow_api.py
[2023-07-23T19:49:40.177+0000] {logging_mixin.py:150} INFO - [2023-07-23T19:49:40.176+0000] {dag.py:2742} INFO - Sync 1 DAGs
[2023-07-23T19:49:40.229+0000] {logging_mixin.py:150} INFO - [2023-07-23T19:49:40.229+0000] {dag.py:3504} INFO - Setting next_dagrun for tutorial_taskflow_api to None, run_after=None
[2023-07-23T19:49:40.270+0000] {processor.py:179} INFO - Processing /home/airflow/.local/lib/python3.9/site-packages/airflow/example_dags/tutorial_taskflow_api.py took 0.215 seconds
[2023-07-23T19:50:18.222+0000] {processor.py:157} INFO - Started process (PID=1080) to work on /home/airflow/.local/lib/python3.9/site-packages/airflow/example_dags/tutorial_taskflow_api.py
[2023-07-23T19:50:18.253+0000] {processor.py:826} INFO - Processing file /home/airflow/.local/lib/python3.9/site-packages/airflow/example_dags/tutorial_taskflow_api.py for tasks to queue
[2023-07-23T19:50:18.254+0000] {logging_mixin.py:150} INFO - [2023-07-23T19:50:18.254+0000] {dagbag.py:541} INFO - Filling up the DagBag from /home/airflow/.local/lib/python3.9/site-packages/airflow/example_dags/tutorial_taskflow_api.py
[2023-07-23T19:50:18.264+0000] {processor.py:836} INFO - DAG(s) dict_keys(['tutorial_taskflow_api']) retrieved from /home/airflow/.local/lib/python3.9/site-packages/airflow/example_dags/tutorial_taskflow_api.py
[2023-07-23T19:50:18.463+0000] {logging_mixin.py:150} INFO - [2023-07-23T19:50:18.462+0000] {dag.py:2742} INFO - Sync 1 DAGs
[2023-07-23T19:50:18.568+0000] {logging_mixin.py:150} INFO - [2023-07-23T19:50:18.568+0000] {dag.py:3504} INFO - Setting next_dagrun for tutorial_taskflow_api to None, run_after=None
[2023-07-23T19:50:18.655+0000] {processor.py:179} INFO - Processing /home/airflow/.local/lib/python3.9/site-packages/airflow/example_dags/tutorial_taskflow_api.py took 0.437 seconds
[2023-07-23T19:50:52.874+0000] {processor.py:157} INFO - Started process (PID=1142) to work on /home/airflow/.local/lib/python3.9/site-packages/airflow/example_dags/tutorial_taskflow_api.py
[2023-07-23T19:50:52.897+0000] {processor.py:826} INFO - Processing file /home/airflow/.local/lib/python3.9/site-packages/airflow/example_dags/tutorial_taskflow_api.py for tasks to queue
[2023-07-23T19:50:52.898+0000] {logging_mixin.py:150} INFO - [2023-07-23T19:50:52.898+0000] {dagbag.py:541} INFO - Filling up the DagBag from /home/airflow/.local/lib/python3.9/site-packages/airflow/example_dags/tutorial_taskflow_api.py
[2023-07-23T19:50:52.918+0000] {processor.py:836} INFO - DAG(s) dict_keys(['tutorial_taskflow_api']) retrieved from /home/airflow/.local/lib/python3.9/site-packages/airflow/example_dags/tutorial_taskflow_api.py
[2023-07-23T19:50:53.067+0000] {logging_mixin.py:150} INFO - [2023-07-23T19:50:53.067+0000] {dag.py:2742} INFO - Sync 1 DAGs
[2023-07-23T19:50:53.245+0000] {logging_mixin.py:150} INFO - [2023-07-23T19:50:53.244+0000] {dag.py:3504} INFO - Setting next_dagrun for tutorial_taskflow_api to None, run_after=None
[2023-07-23T19:50:53.366+0000] {processor.py:179} INFO - Processing /home/airflow/.local/lib/python3.9/site-packages/airflow/example_dags/tutorial_taskflow_api.py took 0.496 seconds
[2023-07-23T19:51:24.660+0000] {processor.py:157} INFO - Started process (PID=1203) to work on /home/airflow/.local/lib/python3.9/site-packages/airflow/example_dags/tutorial_taskflow_api.py
[2023-07-23T19:51:24.687+0000] {processor.py:826} INFO - Processing file /home/airflow/.local/lib/python3.9/site-packages/airflow/example_dags/tutorial_taskflow_api.py for tasks to queue
[2023-07-23T19:51:24.688+0000] {logging_mixin.py:150} INFO - [2023-07-23T19:51:24.687+0000] {dagbag.py:541} INFO - Filling up the DagBag from /home/airflow/.local/lib/python3.9/site-packages/airflow/example_dags/tutorial_taskflow_api.py
[2023-07-23T19:51:24.728+0000] {processor.py:836} INFO - DAG(s) dict_keys(['tutorial_taskflow_api']) retrieved from /home/airflow/.local/lib/python3.9/site-packages/airflow/example_dags/tutorial_taskflow_api.py
[2023-07-23T19:51:24.906+0000] {logging_mixin.py:150} INFO - [2023-07-23T19:51:24.906+0000] {dag.py:2742} INFO - Sync 1 DAGs
[2023-07-23T19:51:25.060+0000] {logging_mixin.py:150} INFO - [2023-07-23T19:51:25.060+0000] {dag.py:3504} INFO - Setting next_dagrun for tutorial_taskflow_api to None, run_after=None
[2023-07-23T19:51:25.209+0000] {processor.py:179} INFO - Processing /home/airflow/.local/lib/python3.9/site-packages/airflow/example_dags/tutorial_taskflow_api.py took 0.553 seconds
[2023-07-23T19:51:55.714+0000] {processor.py:157} INFO - Started process (PID=1258) to work on /home/airflow/.local/lib/python3.9/site-packages/airflow/example_dags/tutorial_taskflow_api.py
[2023-07-23T19:51:55.719+0000] {processor.py:826} INFO - Processing file /home/airflow/.local/lib/python3.9/site-packages/airflow/example_dags/tutorial_taskflow_api.py for tasks to queue
[2023-07-23T19:51:55.720+0000] {logging_mixin.py:150} INFO - [2023-07-23T19:51:55.720+0000] {dagbag.py:541} INFO - Filling up the DagBag from /home/airflow/.local/lib/python3.9/site-packages/airflow/example_dags/tutorial_taskflow_api.py
[2023-07-23T19:51:55.767+0000] {processor.py:836} INFO - DAG(s) dict_keys(['tutorial_taskflow_api']) retrieved from /home/airflow/.local/lib/python3.9/site-packages/airflow/example_dags/tutorial_taskflow_api.py
[2023-07-23T19:51:55.876+0000] {logging_mixin.py:150} INFO - [2023-07-23T19:51:55.876+0000] {dag.py:2742} INFO - Sync 1 DAGs
[2023-07-23T19:51:56.012+0000] {logging_mixin.py:150} INFO - [2023-07-23T19:51:56.012+0000] {dag.py:3504} INFO - Setting next_dagrun for tutorial_taskflow_api to None, run_after=None
[2023-07-23T19:51:56.105+0000] {processor.py:179} INFO - Processing /home/airflow/.local/lib/python3.9/site-packages/airflow/example_dags/tutorial_taskflow_api.py took 0.421 seconds
[2023-07-23T19:52:26.742+0000] {processor.py:157} INFO - Started process (PID=1321) to work on /home/airflow/.local/lib/python3.9/site-packages/airflow/example_dags/tutorial_taskflow_api.py
[2023-07-23T19:52:26.755+0000] {processor.py:826} INFO - Processing file /home/airflow/.local/lib/python3.9/site-packages/airflow/example_dags/tutorial_taskflow_api.py for tasks to queue
[2023-07-23T19:52:26.756+0000] {logging_mixin.py:150} INFO - [2023-07-23T19:52:26.756+0000] {dagbag.py:541} INFO - Filling up the DagBag from /home/airflow/.local/lib/python3.9/site-packages/airflow/example_dags/tutorial_taskflow_api.py
[2023-07-23T19:52:26.798+0000] {processor.py:836} INFO - DAG(s) dict_keys(['tutorial_taskflow_api']) retrieved from /home/airflow/.local/lib/python3.9/site-packages/airflow/example_dags/tutorial_taskflow_api.py
[2023-07-23T19:52:26.837+0000] {logging_mixin.py:150} INFO - [2023-07-23T19:52:26.837+0000] {dag.py:2742} INFO - Sync 1 DAGs
[2023-07-23T19:52:26.868+0000] {logging_mixin.py:150} INFO - [2023-07-23T19:52:26.868+0000] {dag.py:3504} INFO - Setting next_dagrun for tutorial_taskflow_api to None, run_after=None
[2023-07-23T19:52:26.921+0000] {processor.py:179} INFO - Processing /home/airflow/.local/lib/python3.9/site-packages/airflow/example_dags/tutorial_taskflow_api.py took 0.184 seconds
[2023-07-23T19:53:04.734+0000] {processor.py:157} INFO - Started process (PID=1385) to work on /home/airflow/.local/lib/python3.9/site-packages/airflow/example_dags/tutorial_taskflow_api.py
[2023-07-23T19:53:04.827+0000] {processor.py:826} INFO - Processing file /home/airflow/.local/lib/python3.9/site-packages/airflow/example_dags/tutorial_taskflow_api.py for tasks to queue
[2023-07-23T19:53:04.828+0000] {logging_mixin.py:150} INFO - [2023-07-23T19:53:04.828+0000] {dagbag.py:541} INFO - Filling up the DagBag from /home/airflow/.local/lib/python3.9/site-packages/airflow/example_dags/tutorial_taskflow_api.py
[2023-07-23T19:53:04.921+0000] {processor.py:836} INFO - DAG(s) dict_keys(['tutorial_taskflow_api']) retrieved from /home/airflow/.local/lib/python3.9/site-packages/airflow/example_dags/tutorial_taskflow_api.py
[2023-07-23T19:53:05.071+0000] {logging_mixin.py:150} INFO - [2023-07-23T19:53:05.071+0000] {dag.py:2742} INFO - Sync 1 DAGs
[2023-07-23T19:53:05.251+0000] {logging_mixin.py:150} INFO - [2023-07-23T19:53:05.251+0000] {dag.py:3504} INFO - Setting next_dagrun for tutorial_taskflow_api to None, run_after=None
[2023-07-23T19:53:05.486+0000] {processor.py:179} INFO - Processing /home/airflow/.local/lib/python3.9/site-packages/airflow/example_dags/tutorial_taskflow_api.py took 0.756 seconds
[2023-07-23T19:53:35.987+0000] {processor.py:157} INFO - Started process (PID=1447) to work on /home/airflow/.local/lib/python3.9/site-packages/airflow/example_dags/tutorial_taskflow_api.py
[2023-07-23T19:53:35.993+0000] {processor.py:826} INFO - Processing file /home/airflow/.local/lib/python3.9/site-packages/airflow/example_dags/tutorial_taskflow_api.py for tasks to queue
[2023-07-23T19:53:36.006+0000] {logging_mixin.py:150} INFO - [2023-07-23T19:53:36.006+0000] {dagbag.py:541} INFO - Filling up the DagBag from /home/airflow/.local/lib/python3.9/site-packages/airflow/example_dags/tutorial_taskflow_api.py
[2023-07-23T19:53:36.031+0000] {processor.py:836} INFO - DAG(s) dict_keys(['tutorial_taskflow_api']) retrieved from /home/airflow/.local/lib/python3.9/site-packages/airflow/example_dags/tutorial_taskflow_api.py
[2023-07-23T19:53:36.136+0000] {logging_mixin.py:150} INFO - [2023-07-23T19:53:36.136+0000] {dag.py:2742} INFO - Sync 1 DAGs
[2023-07-23T19:53:36.250+0000] {logging_mixin.py:150} INFO - [2023-07-23T19:53:36.249+0000] {dag.py:3504} INFO - Setting next_dagrun for tutorial_taskflow_api to None, run_after=None
[2023-07-23T19:53:36.354+0000] {processor.py:179} INFO - Processing /home/airflow/.local/lib/python3.9/site-packages/airflow/example_dags/tutorial_taskflow_api.py took 0.387 seconds
[2023-07-23T19:54:06.861+0000] {processor.py:157} INFO - Started process (PID=1509) to work on /home/airflow/.local/lib/python3.9/site-packages/airflow/example_dags/tutorial_taskflow_api.py
[2023-07-23T19:54:06.887+0000] {processor.py:826} INFO - Processing file /home/airflow/.local/lib/python3.9/site-packages/airflow/example_dags/tutorial_taskflow_api.py for tasks to queue
[2023-07-23T19:54:06.888+0000] {logging_mixin.py:150} INFO - [2023-07-23T19:54:06.888+0000] {dagbag.py:541} INFO - Filling up the DagBag from /home/airflow/.local/lib/python3.9/site-packages/airflow/example_dags/tutorial_taskflow_api.py
[2023-07-23T19:54:06.937+0000] {processor.py:836} INFO - DAG(s) dict_keys(['tutorial_taskflow_api']) retrieved from /home/airflow/.local/lib/python3.9/site-packages/airflow/example_dags/tutorial_taskflow_api.py
[2023-07-23T19:54:07.069+0000] {logging_mixin.py:150} INFO - [2023-07-23T19:54:07.068+0000] {dag.py:2742} INFO - Sync 1 DAGs
[2023-07-23T19:54:07.230+0000] {logging_mixin.py:150} INFO - [2023-07-23T19:54:07.230+0000] {dag.py:3504} INFO - Setting next_dagrun for tutorial_taskflow_api to None, run_after=None
[2023-07-23T19:54:07.344+0000] {processor.py:179} INFO - Processing /home/airflow/.local/lib/python3.9/site-packages/airflow/example_dags/tutorial_taskflow_api.py took 0.488 seconds
[2023-07-23T19:54:37.566+0000] {processor.py:157} INFO - Started process (PID=1570) to work on /home/airflow/.local/lib/python3.9/site-packages/airflow/example_dags/tutorial_taskflow_api.py
[2023-07-23T19:54:37.595+0000] {processor.py:826} INFO - Processing file /home/airflow/.local/lib/python3.9/site-packages/airflow/example_dags/tutorial_taskflow_api.py for tasks to queue
[2023-07-23T19:54:37.596+0000] {logging_mixin.py:150} INFO - [2023-07-23T19:54:37.596+0000] {dagbag.py:541} INFO - Filling up the DagBag from /home/airflow/.local/lib/python3.9/site-packages/airflow/example_dags/tutorial_taskflow_api.py
[2023-07-23T19:54:37.643+0000] {processor.py:836} INFO - DAG(s) dict_keys(['tutorial_taskflow_api']) retrieved from /home/airflow/.local/lib/python3.9/site-packages/airflow/example_dags/tutorial_taskflow_api.py
[2023-07-23T19:54:37.716+0000] {logging_mixin.py:150} INFO - [2023-07-23T19:54:37.715+0000] {dag.py:2742} INFO - Sync 1 DAGs
[2023-07-23T19:54:37.806+0000] {logging_mixin.py:150} INFO - [2023-07-23T19:54:37.806+0000] {dag.py:3504} INFO - Setting next_dagrun for tutorial_taskflow_api to None, run_after=None
[2023-07-23T19:54:37.896+0000] {processor.py:179} INFO - Processing /home/airflow/.local/lib/python3.9/site-packages/airflow/example_dags/tutorial_taskflow_api.py took 0.367 seconds
[2023-07-23T19:55:11.224+0000] {processor.py:157} INFO - Started process (PID=1633) to work on /home/airflow/.local/lib/python3.9/site-packages/airflow/example_dags/tutorial_taskflow_api.py
[2023-07-23T19:55:11.257+0000] {processor.py:826} INFO - Processing file /home/airflow/.local/lib/python3.9/site-packages/airflow/example_dags/tutorial_taskflow_api.py for tasks to queue
[2023-07-23T19:55:11.258+0000] {logging_mixin.py:150} INFO - [2023-07-23T19:55:11.258+0000] {dagbag.py:541} INFO - Filling up the DagBag from /home/airflow/.local/lib/python3.9/site-packages/airflow/example_dags/tutorial_taskflow_api.py
[2023-07-23T19:55:11.274+0000] {processor.py:836} INFO - DAG(s) dict_keys(['tutorial_taskflow_api']) retrieved from /home/airflow/.local/lib/python3.9/site-packages/airflow/example_dags/tutorial_taskflow_api.py
[2023-07-23T19:55:11.466+0000] {logging_mixin.py:150} INFO - [2023-07-23T19:55:11.466+0000] {dag.py:2742} INFO - Sync 1 DAGs
[2023-07-23T19:55:11.610+0000] {logging_mixin.py:150} INFO - [2023-07-23T19:55:11.610+0000] {dag.py:3504} INFO - Setting next_dagrun for tutorial_taskflow_api to None, run_after=None
[2023-07-23T19:55:11.776+0000] {processor.py:179} INFO - Processing /home/airflow/.local/lib/python3.9/site-packages/airflow/example_dags/tutorial_taskflow_api.py took 0.557 seconds
[2023-07-23T19:55:43.756+0000] {processor.py:157} INFO - Started process (PID=1689) to work on /home/airflow/.local/lib/python3.9/site-packages/airflow/example_dags/tutorial_taskflow_api.py
[2023-07-23T19:55:43.758+0000] {processor.py:826} INFO - Processing file /home/airflow/.local/lib/python3.9/site-packages/airflow/example_dags/tutorial_taskflow_api.py for tasks to queue
[2023-07-23T19:55:43.759+0000] {logging_mixin.py:150} INFO - [2023-07-23T19:55:43.759+0000] {dagbag.py:541} INFO - Filling up the DagBag from /home/airflow/.local/lib/python3.9/site-packages/airflow/example_dags/tutorial_taskflow_api.py
[2023-07-23T19:55:43.825+0000] {processor.py:836} INFO - DAG(s) dict_keys(['tutorial_taskflow_api']) retrieved from /home/airflow/.local/lib/python3.9/site-packages/airflow/example_dags/tutorial_taskflow_api.py
[2023-07-23T19:55:43.925+0000] {logging_mixin.py:150} INFO - [2023-07-23T19:55:43.921+0000] {dag.py:2742} INFO - Sync 1 DAGs
[2023-07-23T19:55:44.058+0000] {logging_mixin.py:150} INFO - [2023-07-23T19:55:44.057+0000] {dag.py:3504} INFO - Setting next_dagrun for tutorial_taskflow_api to None, run_after=None
[2023-07-23T19:55:44.195+0000] {processor.py:179} INFO - Processing /home/airflow/.local/lib/python3.9/site-packages/airflow/example_dags/tutorial_taskflow_api.py took 0.466 seconds
[2023-07-23T19:56:15.225+0000] {processor.py:157} INFO - Started process (PID=1750) to work on /home/airflow/.local/lib/python3.9/site-packages/airflow/example_dags/tutorial_taskflow_api.py
[2023-07-23T19:56:15.229+0000] {processor.py:826} INFO - Processing file /home/airflow/.local/lib/python3.9/site-packages/airflow/example_dags/tutorial_taskflow_api.py for tasks to queue
[2023-07-23T19:56:15.230+0000] {logging_mixin.py:150} INFO - [2023-07-23T19:56:15.230+0000] {dagbag.py:541} INFO - Filling up the DagBag from /home/airflow/.local/lib/python3.9/site-packages/airflow/example_dags/tutorial_taskflow_api.py
[2023-07-23T19:56:15.254+0000] {processor.py:836} INFO - DAG(s) dict_keys(['tutorial_taskflow_api']) retrieved from /home/airflow/.local/lib/python3.9/site-packages/airflow/example_dags/tutorial_taskflow_api.py
[2023-07-23T19:56:15.344+0000] {logging_mixin.py:150} INFO - [2023-07-23T19:56:15.344+0000] {dag.py:2742} INFO - Sync 1 DAGs
[2023-07-23T19:56:15.411+0000] {logging_mixin.py:150} INFO - [2023-07-23T19:56:15.411+0000] {dag.py:3504} INFO - Setting next_dagrun for tutorial_taskflow_api to None, run_after=None
[2023-07-23T19:56:15.457+0000] {processor.py:179} INFO - Processing /home/airflow/.local/lib/python3.9/site-packages/airflow/example_dags/tutorial_taskflow_api.py took 0.254 seconds
[2023-07-23T19:56:46.513+0000] {processor.py:157} INFO - Started process (PID=1810) to work on /home/airflow/.local/lib/python3.9/site-packages/airflow/example_dags/tutorial_taskflow_api.py
[2023-07-23T19:56:46.515+0000] {processor.py:826} INFO - Processing file /home/airflow/.local/lib/python3.9/site-packages/airflow/example_dags/tutorial_taskflow_api.py for tasks to queue
[2023-07-23T19:56:46.518+0000] {logging_mixin.py:150} INFO - [2023-07-23T19:56:46.516+0000] {dagbag.py:541} INFO - Filling up the DagBag from /home/airflow/.local/lib/python3.9/site-packages/airflow/example_dags/tutorial_taskflow_api.py
[2023-07-23T19:56:46.560+0000] {processor.py:836} INFO - DAG(s) dict_keys(['tutorial_taskflow_api']) retrieved from /home/airflow/.local/lib/python3.9/site-packages/airflow/example_dags/tutorial_taskflow_api.py
[2023-07-23T19:56:46.636+0000] {logging_mixin.py:150} INFO - [2023-07-23T19:56:46.636+0000] {dag.py:2742} INFO - Sync 1 DAGs
[2023-07-23T19:56:46.710+0000] {logging_mixin.py:150} INFO - [2023-07-23T19:56:46.709+0000] {dag.py:3504} INFO - Setting next_dagrun for tutorial_taskflow_api to None, run_after=None
[2023-07-23T19:56:46.810+0000] {processor.py:179} INFO - Processing /home/airflow/.local/lib/python3.9/site-packages/airflow/example_dags/tutorial_taskflow_api.py took 0.308 seconds
[2023-07-23T19:57:50.366+0000] {processor.py:157} INFO - Started process (PID=1895) to work on /home/airflow/.local/lib/python3.9/site-packages/airflow/example_dags/tutorial_taskflow_api.py
[2023-07-23T19:57:50.550+0000] {processor.py:826} INFO - Processing file /home/airflow/.local/lib/python3.9/site-packages/airflow/example_dags/tutorial_taskflow_api.py for tasks to queue
[2023-07-23T19:57:50.551+0000] {logging_mixin.py:150} INFO - [2023-07-23T19:57:50.551+0000] {dagbag.py:541} INFO - Filling up the DagBag from /home/airflow/.local/lib/python3.9/site-packages/airflow/example_dags/tutorial_taskflow_api.py
[2023-07-23T19:57:50.841+0000] {processor.py:836} INFO - DAG(s) dict_keys(['tutorial_taskflow_api']) retrieved from /home/airflow/.local/lib/python3.9/site-packages/airflow/example_dags/tutorial_taskflow_api.py
[2023-07-23T19:57:51.806+0000] {logging_mixin.py:150} INFO - [2023-07-23T19:57:51.806+0000] {dag.py:2742} INFO - Sync 1 DAGs
[2023-07-23T19:57:52.483+0000] {logging_mixin.py:150} INFO - [2023-07-23T19:57:52.483+0000] {dag.py:3504} INFO - Setting next_dagrun for tutorial_taskflow_api to None, run_after=None
[2023-07-23T19:57:53.162+0000] {processor.py:179} INFO - Processing /home/airflow/.local/lib/python3.9/site-packages/airflow/example_dags/tutorial_taskflow_api.py took 2.824 seconds
[2023-07-23T20:05:59.492+0000] {processor.py:157} INFO - Started process (PID=145) to work on /home/airflow/.local/lib/python3.9/site-packages/airflow/example_dags/tutorial_taskflow_api.py
[2023-07-23T20:05:59.516+0000] {processor.py:826} INFO - Processing file /home/airflow/.local/lib/python3.9/site-packages/airflow/example_dags/tutorial_taskflow_api.py for tasks to queue
[2023-07-23T20:05:59.517+0000] {logging_mixin.py:150} INFO - [2023-07-23T20:05:59.516+0000] {dagbag.py:541} INFO - Filling up the DagBag from /home/airflow/.local/lib/python3.9/site-packages/airflow/example_dags/tutorial_taskflow_api.py
[2023-07-23T20:05:59.536+0000] {processor.py:836} INFO - DAG(s) dict_keys(['tutorial_taskflow_api']) retrieved from /home/airflow/.local/lib/python3.9/site-packages/airflow/example_dags/tutorial_taskflow_api.py
[2023-07-23T20:05:59.592+0000] {logging_mixin.py:150} INFO - [2023-07-23T20:05:59.592+0000] {dag.py:2742} INFO - Sync 1 DAGs
[2023-07-23T20:05:59.686+0000] {logging_mixin.py:150} INFO - [2023-07-23T20:05:59.685+0000] {dag.py:3504} INFO - Setting next_dagrun for tutorial_taskflow_api to None, run_after=None
[2023-07-23T20:05:59.731+0000] {processor.py:179} INFO - Processing /home/airflow/.local/lib/python3.9/site-packages/airflow/example_dags/tutorial_taskflow_api.py took 0.243 seconds
[2023-07-23T20:07:39.106+0000] {processor.py:157} INFO - Started process (PID=241) to work on /home/airflow/.local/lib/python3.9/site-packages/airflow/example_dags/tutorial_taskflow_api.py
[2023-07-23T20:07:39.121+0000] {processor.py:826} INFO - Processing file /home/airflow/.local/lib/python3.9/site-packages/airflow/example_dags/tutorial_taskflow_api.py for tasks to queue
[2023-07-23T20:07:39.122+0000] {logging_mixin.py:150} INFO - [2023-07-23T20:07:39.121+0000] {dagbag.py:541} INFO - Filling up the DagBag from /home/airflow/.local/lib/python3.9/site-packages/airflow/example_dags/tutorial_taskflow_api.py
[2023-07-23T20:07:39.165+0000] {processor.py:836} INFO - DAG(s) dict_keys(['tutorial_taskflow_api']) retrieved from /home/airflow/.local/lib/python3.9/site-packages/airflow/example_dags/tutorial_taskflow_api.py
[2023-07-23T20:07:39.697+0000] {logging_mixin.py:150} INFO - [2023-07-23T20:07:39.696+0000] {dag.py:2742} INFO - Sync 1 DAGs
[2023-07-23T20:07:40.552+0000] {logging_mixin.py:150} INFO - [2023-07-23T20:07:40.552+0000] {dag.py:3504} INFO - Setting next_dagrun for tutorial_taskflow_api to None, run_after=None
[2023-07-23T20:07:41.088+0000] {processor.py:179} INFO - Processing /home/airflow/.local/lib/python3.9/site-packages/airflow/example_dags/tutorial_taskflow_api.py took 2.183 seconds
[2023-07-23T20:09:42.475+0000] {processor.py:157} INFO - Started process (PID=343) to work on /home/airflow/.local/lib/python3.9/site-packages/airflow/example_dags/tutorial_taskflow_api.py
[2023-07-23T20:09:42.478+0000] {processor.py:826} INFO - Processing file /home/airflow/.local/lib/python3.9/site-packages/airflow/example_dags/tutorial_taskflow_api.py for tasks to queue
[2023-07-23T20:09:42.504+0000] {logging_mixin.py:150} INFO - [2023-07-23T20:09:42.503+0000] {dagbag.py:541} INFO - Filling up the DagBag from /home/airflow/.local/lib/python3.9/site-packages/airflow/example_dags/tutorial_taskflow_api.py
[2023-07-23T20:09:42.542+0000] {processor.py:836} INFO - DAG(s) dict_keys(['tutorial_taskflow_api']) retrieved from /home/airflow/.local/lib/python3.9/site-packages/airflow/example_dags/tutorial_taskflow_api.py
[2023-07-23T20:09:42.828+0000] {logging_mixin.py:150} INFO - [2023-07-23T20:09:42.828+0000] {dag.py:2742} INFO - Sync 1 DAGs
[2023-07-23T20:09:43.291+0000] {logging_mixin.py:150} INFO - [2023-07-23T20:09:43.290+0000] {dag.py:3504} INFO - Setting next_dagrun for tutorial_taskflow_api to None, run_after=None
[2023-07-23T20:09:44.086+0000] {processor.py:179} INFO - Processing /home/airflow/.local/lib/python3.9/site-packages/airflow/example_dags/tutorial_taskflow_api.py took 1.661 seconds
[2023-07-23T20:10:16.445+0000] {processor.py:157} INFO - Started process (PID=404) to work on /home/airflow/.local/lib/python3.9/site-packages/airflow/example_dags/tutorial_taskflow_api.py
[2023-07-23T20:10:16.455+0000] {processor.py:826} INFO - Processing file /home/airflow/.local/lib/python3.9/site-packages/airflow/example_dags/tutorial_taskflow_api.py for tasks to queue
[2023-07-23T20:10:16.456+0000] {logging_mixin.py:150} INFO - [2023-07-23T20:10:16.456+0000] {dagbag.py:541} INFO - Filling up the DagBag from /home/airflow/.local/lib/python3.9/site-packages/airflow/example_dags/tutorial_taskflow_api.py
[2023-07-23T20:10:16.482+0000] {processor.py:836} INFO - DAG(s) dict_keys(['tutorial_taskflow_api']) retrieved from /home/airflow/.local/lib/python3.9/site-packages/airflow/example_dags/tutorial_taskflow_api.py
[2023-07-23T20:10:16.525+0000] {logging_mixin.py:150} INFO - [2023-07-23T20:10:16.525+0000] {dag.py:2742} INFO - Sync 1 DAGs
[2023-07-23T20:10:16.587+0000] {logging_mixin.py:150} INFO - [2023-07-23T20:10:16.587+0000] {dag.py:3504} INFO - Setting next_dagrun for tutorial_taskflow_api to None, run_after=None
[2023-07-23T20:10:16.630+0000] {processor.py:179} INFO - Processing /home/airflow/.local/lib/python3.9/site-packages/airflow/example_dags/tutorial_taskflow_api.py took 0.197 seconds
[2023-07-23T20:10:51.091+0000] {processor.py:157} INFO - Started process (PID=466) to work on /home/airflow/.local/lib/python3.9/site-packages/airflow/example_dags/tutorial_taskflow_api.py
[2023-07-23T20:10:51.100+0000] {processor.py:826} INFO - Processing file /home/airflow/.local/lib/python3.9/site-packages/airflow/example_dags/tutorial_taskflow_api.py for tasks to queue
[2023-07-23T20:10:51.101+0000] {logging_mixin.py:150} INFO - [2023-07-23T20:10:51.101+0000] {dagbag.py:541} INFO - Filling up the DagBag from /home/airflow/.local/lib/python3.9/site-packages/airflow/example_dags/tutorial_taskflow_api.py
[2023-07-23T20:10:51.124+0000] {processor.py:836} INFO - DAG(s) dict_keys(['tutorial_taskflow_api']) retrieved from /home/airflow/.local/lib/python3.9/site-packages/airflow/example_dags/tutorial_taskflow_api.py
[2023-07-23T20:10:51.268+0000] {logging_mixin.py:150} INFO - [2023-07-23T20:10:51.268+0000] {dag.py:2742} INFO - Sync 1 DAGs
[2023-07-23T20:10:51.384+0000] {logging_mixin.py:150} INFO - [2023-07-23T20:10:51.384+0000] {dag.py:3504} INFO - Setting next_dagrun for tutorial_taskflow_api to None, run_after=None
[2023-07-23T20:10:51.498+0000] {processor.py:179} INFO - Processing /home/airflow/.local/lib/python3.9/site-packages/airflow/example_dags/tutorial_taskflow_api.py took 0.411 seconds
[2023-07-23T20:11:22.019+0000] {processor.py:157} INFO - Started process (PID=528) to work on /home/airflow/.local/lib/python3.9/site-packages/airflow/example_dags/tutorial_taskflow_api.py
[2023-07-23T20:11:22.021+0000] {processor.py:826} INFO - Processing file /home/airflow/.local/lib/python3.9/site-packages/airflow/example_dags/tutorial_taskflow_api.py for tasks to queue
[2023-07-23T20:11:22.022+0000] {logging_mixin.py:150} INFO - [2023-07-23T20:11:22.022+0000] {dagbag.py:541} INFO - Filling up the DagBag from /home/airflow/.local/lib/python3.9/site-packages/airflow/example_dags/tutorial_taskflow_api.py
[2023-07-23T20:11:22.042+0000] {processor.py:836} INFO - DAG(s) dict_keys(['tutorial_taskflow_api']) retrieved from /home/airflow/.local/lib/python3.9/site-packages/airflow/example_dags/tutorial_taskflow_api.py
[2023-07-23T20:11:22.114+0000] {logging_mixin.py:150} INFO - [2023-07-23T20:11:22.114+0000] {dag.py:2742} INFO - Sync 1 DAGs
[2023-07-23T20:11:22.141+0000] {logging_mixin.py:150} INFO - [2023-07-23T20:11:22.141+0000] {dag.py:3504} INFO - Setting next_dagrun for tutorial_taskflow_api to None, run_after=None
[2023-07-23T20:11:22.182+0000] {processor.py:179} INFO - Processing /home/airflow/.local/lib/python3.9/site-packages/airflow/example_dags/tutorial_taskflow_api.py took 0.168 seconds
[2023-07-23T20:12:35.409+0000] {processor.py:157} INFO - Started process (PID=606) to work on /home/airflow/.local/lib/python3.9/site-packages/airflow/example_dags/tutorial_taskflow_api.py
[2023-07-23T20:12:35.411+0000] {processor.py:826} INFO - Processing file /home/airflow/.local/lib/python3.9/site-packages/airflow/example_dags/tutorial_taskflow_api.py for tasks to queue
[2023-07-23T20:12:35.510+0000] {logging_mixin.py:150} INFO - [2023-07-23T20:12:35.509+0000] {dagbag.py:541} INFO - Filling up the DagBag from /home/airflow/.local/lib/python3.9/site-packages/airflow/example_dags/tutorial_taskflow_api.py
[2023-07-23T20:12:35.658+0000] {processor.py:836} INFO - DAG(s) dict_keys(['tutorial_taskflow_api']) retrieved from /home/airflow/.local/lib/python3.9/site-packages/airflow/example_dags/tutorial_taskflow_api.py
[2023-07-23T20:12:36.254+0000] {logging_mixin.py:150} INFO - [2023-07-23T20:12:36.253+0000] {dag.py:2742} INFO - Sync 1 DAGs
[2023-07-23T20:12:37.299+0000] {logging_mixin.py:150} INFO - [2023-07-23T20:12:37.299+0000] {dag.py:3504} INFO - Setting next_dagrun for tutorial_taskflow_api to None, run_after=None
[2023-07-23T20:12:38.374+0000] {processor.py:179} INFO - Processing /home/airflow/.local/lib/python3.9/site-packages/airflow/example_dags/tutorial_taskflow_api.py took 3.023 seconds
[2023-07-23T20:15:01.741+0000] {processor.py:157} INFO - Started process (PID=711) to work on /home/airflow/.local/lib/python3.9/site-packages/airflow/example_dags/tutorial_taskflow_api.py
[2023-07-23T20:15:01.766+0000] {processor.py:826} INFO - Processing file /home/airflow/.local/lib/python3.9/site-packages/airflow/example_dags/tutorial_taskflow_api.py for tasks to queue
[2023-07-23T20:15:01.767+0000] {logging_mixin.py:150} INFO - [2023-07-23T20:15:01.766+0000] {dagbag.py:541} INFO - Filling up the DagBag from /home/airflow/.local/lib/python3.9/site-packages/airflow/example_dags/tutorial_taskflow_api.py
[2023-07-23T20:15:02.165+0000] {processor.py:836} INFO - DAG(s) dict_keys(['tutorial_taskflow_api']) retrieved from /home/airflow/.local/lib/python3.9/site-packages/airflow/example_dags/tutorial_taskflow_api.py
[2023-07-23T20:15:02.923+0000] {logging_mixin.py:150} INFO - [2023-07-23T20:15:02.922+0000] {dag.py:2742} INFO - Sync 1 DAGs
[2023-07-23T20:15:04.069+0000] {logging_mixin.py:150} INFO - [2023-07-23T20:15:04.069+0000] {dag.py:3504} INFO - Setting next_dagrun for tutorial_taskflow_api to None, run_after=None
[2023-07-23T20:15:04.982+0000] {processor.py:179} INFO - Processing /home/airflow/.local/lib/python3.9/site-packages/airflow/example_dags/tutorial_taskflow_api.py took 3.326 seconds
[2023-07-23T20:15:35.779+0000] {processor.py:157} INFO - Started process (PID=773) to work on /home/airflow/.local/lib/python3.9/site-packages/airflow/example_dags/tutorial_taskflow_api.py
[2023-07-23T20:15:35.785+0000] {processor.py:826} INFO - Processing file /home/airflow/.local/lib/python3.9/site-packages/airflow/example_dags/tutorial_taskflow_api.py for tasks to queue
[2023-07-23T20:15:35.786+0000] {logging_mixin.py:150} INFO - [2023-07-23T20:15:35.786+0000] {dagbag.py:541} INFO - Filling up the DagBag from /home/airflow/.local/lib/python3.9/site-packages/airflow/example_dags/tutorial_taskflow_api.py
[2023-07-23T20:15:35.825+0000] {processor.py:836} INFO - DAG(s) dict_keys(['tutorial_taskflow_api']) retrieved from /home/airflow/.local/lib/python3.9/site-packages/airflow/example_dags/tutorial_taskflow_api.py
[2023-07-23T20:15:35.917+0000] {logging_mixin.py:150} INFO - [2023-07-23T20:15:35.917+0000] {dag.py:2742} INFO - Sync 1 DAGs
[2023-07-23T20:15:36.026+0000] {logging_mixin.py:150} INFO - [2023-07-23T20:15:36.026+0000] {dag.py:3504} INFO - Setting next_dagrun for tutorial_taskflow_api to None, run_after=None
[2023-07-23T20:15:36.076+0000] {processor.py:179} INFO - Processing /home/airflow/.local/lib/python3.9/site-packages/airflow/example_dags/tutorial_taskflow_api.py took 0.301 seconds
[2023-07-23T20:16:06.781+0000] {processor.py:157} INFO - Started process (PID=833) to work on /home/airflow/.local/lib/python3.9/site-packages/airflow/example_dags/tutorial_taskflow_api.py
[2023-07-23T20:16:06.816+0000] {processor.py:826} INFO - Processing file /home/airflow/.local/lib/python3.9/site-packages/airflow/example_dags/tutorial_taskflow_api.py for tasks to queue
[2023-07-23T20:16:06.825+0000] {logging_mixin.py:150} INFO - [2023-07-23T20:16:06.817+0000] {dagbag.py:541} INFO - Filling up the DagBag from /home/airflow/.local/lib/python3.9/site-packages/airflow/example_dags/tutorial_taskflow_api.py
[2023-07-23T20:16:06.888+0000] {processor.py:836} INFO - DAG(s) dict_keys(['tutorial_taskflow_api']) retrieved from /home/airflow/.local/lib/python3.9/site-packages/airflow/example_dags/tutorial_taskflow_api.py
[2023-07-23T20:16:06.997+0000] {logging_mixin.py:150} INFO - [2023-07-23T20:16:06.997+0000] {dag.py:2742} INFO - Sync 1 DAGs
[2023-07-23T20:16:07.258+0000] {logging_mixin.py:150} INFO - [2023-07-23T20:16:07.256+0000] {dag.py:3504} INFO - Setting next_dagrun for tutorial_taskflow_api to None, run_after=None
[2023-07-23T20:16:07.430+0000] {processor.py:179} INFO - Processing /home/airflow/.local/lib/python3.9/site-packages/airflow/example_dags/tutorial_taskflow_api.py took 0.653 seconds
[2023-07-23T20:17:20.882+0000] {processor.py:157} INFO - Started process (PID=901) to work on /home/airflow/.local/lib/python3.9/site-packages/airflow/example_dags/tutorial_taskflow_api.py
[2023-07-23T20:17:21.045+0000] {processor.py:826} INFO - Processing file /home/airflow/.local/lib/python3.9/site-packages/airflow/example_dags/tutorial_taskflow_api.py for tasks to queue
[2023-07-23T20:17:21.046+0000] {logging_mixin.py:150} INFO - [2023-07-23T20:17:21.046+0000] {dagbag.py:541} INFO - Filling up the DagBag from /home/airflow/.local/lib/python3.9/site-packages/airflow/example_dags/tutorial_taskflow_api.py
[2023-07-23T20:17:21.282+0000] {processor.py:836} INFO - DAG(s) dict_keys(['tutorial_taskflow_api']) retrieved from /home/airflow/.local/lib/python3.9/site-packages/airflow/example_dags/tutorial_taskflow_api.py
[2023-07-23T20:17:22.651+0000] {logging_mixin.py:150} INFO - [2023-07-23T20:17:22.651+0000] {dag.py:2742} INFO - Sync 1 DAGs
[2023-07-23T20:17:23.511+0000] {logging_mixin.py:150} INFO - [2023-07-23T20:17:23.511+0000] {dag.py:3504} INFO - Setting next_dagrun for tutorial_taskflow_api to None, run_after=None
[2023-07-23T20:17:24.286+0000] {processor.py:179} INFO - Processing /home/airflow/.local/lib/python3.9/site-packages/airflow/example_dags/tutorial_taskflow_api.py took 3.543 seconds
[2023-07-23T20:20:19.033+0000] {processor.py:157} INFO - Started process (PID=1027) to work on /home/airflow/.local/lib/python3.9/site-packages/airflow/example_dags/tutorial_taskflow_api.py
[2023-07-23T20:20:19.055+0000] {processor.py:826} INFO - Processing file /home/airflow/.local/lib/python3.9/site-packages/airflow/example_dags/tutorial_taskflow_api.py for tasks to queue
[2023-07-23T20:20:19.056+0000] {logging_mixin.py:150} INFO - [2023-07-23T20:20:19.056+0000] {dagbag.py:541} INFO - Filling up the DagBag from /home/airflow/.local/lib/python3.9/site-packages/airflow/example_dags/tutorial_taskflow_api.py
[2023-07-23T20:20:19.095+0000] {processor.py:836} INFO - DAG(s) dict_keys(['tutorial_taskflow_api']) retrieved from /home/airflow/.local/lib/python3.9/site-packages/airflow/example_dags/tutorial_taskflow_api.py
[2023-07-23T20:20:19.186+0000] {logging_mixin.py:150} INFO - [2023-07-23T20:20:19.185+0000] {dag.py:2742} INFO - Sync 1 DAGs
[2023-07-23T20:20:19.240+0000] {logging_mixin.py:150} INFO - [2023-07-23T20:20:19.240+0000] {dag.py:3504} INFO - Setting next_dagrun for tutorial_taskflow_api to None, run_after=None
[2023-07-23T20:20:19.398+0000] {processor.py:179} INFO - Processing /home/airflow/.local/lib/python3.9/site-packages/airflow/example_dags/tutorial_taskflow_api.py took 0.369 seconds
[2023-07-23T20:20:52.604+0000] {processor.py:157} INFO - Started process (PID=1092) to work on /home/airflow/.local/lib/python3.9/site-packages/airflow/example_dags/tutorial_taskflow_api.py
[2023-07-23T20:20:52.634+0000] {processor.py:826} INFO - Processing file /home/airflow/.local/lib/python3.9/site-packages/airflow/example_dags/tutorial_taskflow_api.py for tasks to queue
[2023-07-23T20:20:52.645+0000] {logging_mixin.py:150} INFO - [2023-07-23T20:20:52.634+0000] {dagbag.py:541} INFO - Filling up the DagBag from /home/airflow/.local/lib/python3.9/site-packages/airflow/example_dags/tutorial_taskflow_api.py
[2023-07-23T20:20:52.672+0000] {processor.py:836} INFO - DAG(s) dict_keys(['tutorial_taskflow_api']) retrieved from /home/airflow/.local/lib/python3.9/site-packages/airflow/example_dags/tutorial_taskflow_api.py
[2023-07-23T20:20:52.826+0000] {logging_mixin.py:150} INFO - [2023-07-23T20:20:52.826+0000] {dag.py:2742} INFO - Sync 1 DAGs
[2023-07-23T20:20:52.956+0000] {logging_mixin.py:150} INFO - [2023-07-23T20:20:52.956+0000] {dag.py:3504} INFO - Setting next_dagrun for tutorial_taskflow_api to None, run_after=None
[2023-07-23T20:20:53.046+0000] {processor.py:179} INFO - Processing /home/airflow/.local/lib/python3.9/site-packages/airflow/example_dags/tutorial_taskflow_api.py took 0.446 seconds
[2023-07-23T20:22:29.165+0000] {processor.py:157} INFO - Started process (PID=1185) to work on /home/airflow/.local/lib/python3.9/site-packages/airflow/example_dags/tutorial_taskflow_api.py
[2023-07-23T20:22:29.167+0000] {processor.py:826} INFO - Processing file /home/airflow/.local/lib/python3.9/site-packages/airflow/example_dags/tutorial_taskflow_api.py for tasks to queue
[2023-07-23T20:22:29.168+0000] {logging_mixin.py:150} INFO - [2023-07-23T20:22:29.168+0000] {dagbag.py:541} INFO - Filling up the DagBag from /home/airflow/.local/lib/python3.9/site-packages/airflow/example_dags/tutorial_taskflow_api.py
[2023-07-23T20:22:29.550+0000] {processor.py:836} INFO - DAG(s) dict_keys(['tutorial_taskflow_api']) retrieved from /home/airflow/.local/lib/python3.9/site-packages/airflow/example_dags/tutorial_taskflow_api.py
[2023-07-23T20:22:30.714+0000] {logging_mixin.py:150} INFO - [2023-07-23T20:22:30.713+0000] {dag.py:2742} INFO - Sync 1 DAGs
[2023-07-23T20:22:32.284+0000] {logging_mixin.py:150} INFO - [2023-07-23T20:22:32.284+0000] {dag.py:3504} INFO - Setting next_dagrun for tutorial_taskflow_api to None, run_after=None
[2023-07-23T20:22:34.307+0000] {processor.py:179} INFO - Processing /home/airflow/.local/lib/python3.9/site-packages/airflow/example_dags/tutorial_taskflow_api.py took 5.428 seconds
[2023-07-23T20:25:20.698+0000] {processor.py:157} INFO - Started process (PID=1311) to work on /home/airflow/.local/lib/python3.9/site-packages/airflow/example_dags/tutorial_taskflow_api.py
[2023-07-23T20:25:20.710+0000] {processor.py:826} INFO - Processing file /home/airflow/.local/lib/python3.9/site-packages/airflow/example_dags/tutorial_taskflow_api.py for tasks to queue
[2023-07-23T20:25:20.711+0000] {logging_mixin.py:150} INFO - [2023-07-23T20:25:20.710+0000] {dagbag.py:541} INFO - Filling up the DagBag from /home/airflow/.local/lib/python3.9/site-packages/airflow/example_dags/tutorial_taskflow_api.py
[2023-07-23T20:25:20.730+0000] {processor.py:836} INFO - DAG(s) dict_keys(['tutorial_taskflow_api']) retrieved from /home/airflow/.local/lib/python3.9/site-packages/airflow/example_dags/tutorial_taskflow_api.py
[2023-07-23T20:25:20.810+0000] {logging_mixin.py:150} INFO - [2023-07-23T20:25:20.810+0000] {dag.py:2742} INFO - Sync 1 DAGs
[2023-07-23T20:25:20.943+0000] {logging_mixin.py:150} INFO - [2023-07-23T20:25:20.943+0000] {dag.py:3504} INFO - Setting next_dagrun for tutorial_taskflow_api to None, run_after=None
[2023-07-23T20:25:21.050+0000] {processor.py:179} INFO - Processing /home/airflow/.local/lib/python3.9/site-packages/airflow/example_dags/tutorial_taskflow_api.py took 0.377 seconds
[2023-07-23T20:25:52.783+0000] {processor.py:157} INFO - Started process (PID=1366) to work on /home/airflow/.local/lib/python3.9/site-packages/airflow/example_dags/tutorial_taskflow_api.py
[2023-07-23T20:25:52.815+0000] {processor.py:826} INFO - Processing file /home/airflow/.local/lib/python3.9/site-packages/airflow/example_dags/tutorial_taskflow_api.py for tasks to queue
[2023-07-23T20:25:52.817+0000] {logging_mixin.py:150} INFO - [2023-07-23T20:25:52.816+0000] {dagbag.py:541} INFO - Filling up the DagBag from /home/airflow/.local/lib/python3.9/site-packages/airflow/example_dags/tutorial_taskflow_api.py
[2023-07-23T20:25:52.866+0000] {processor.py:836} INFO - DAG(s) dict_keys(['tutorial_taskflow_api']) retrieved from /home/airflow/.local/lib/python3.9/site-packages/airflow/example_dags/tutorial_taskflow_api.py
[2023-07-23T20:25:52.956+0000] {logging_mixin.py:150} INFO - [2023-07-23T20:25:52.955+0000] {dag.py:2742} INFO - Sync 1 DAGs
[2023-07-23T20:25:53.076+0000] {logging_mixin.py:150} INFO - [2023-07-23T20:25:53.076+0000] {dag.py:3504} INFO - Setting next_dagrun for tutorial_taskflow_api to None, run_after=None
[2023-07-23T20:25:53.172+0000] {processor.py:179} INFO - Processing /home/airflow/.local/lib/python3.9/site-packages/airflow/example_dags/tutorial_taskflow_api.py took 0.393 seconds
[2023-07-23T20:27:52.869+0000] {processor.py:157} INFO - Started process (PID=1476) to work on /home/airflow/.local/lib/python3.9/site-packages/airflow/example_dags/tutorial_taskflow_api.py
[2023-07-23T20:27:52.879+0000] {processor.py:826} INFO - Processing file /home/airflow/.local/lib/python3.9/site-packages/airflow/example_dags/tutorial_taskflow_api.py for tasks to queue
[2023-07-23T20:27:52.880+0000] {logging_mixin.py:150} INFO - [2023-07-23T20:27:52.879+0000] {dagbag.py:541} INFO - Filling up the DagBag from /home/airflow/.local/lib/python3.9/site-packages/airflow/example_dags/tutorial_taskflow_api.py
[2023-07-23T20:27:53.141+0000] {processor.py:836} INFO - DAG(s) dict_keys(['tutorial_taskflow_api']) retrieved from /home/airflow/.local/lib/python3.9/site-packages/airflow/example_dags/tutorial_taskflow_api.py
[2023-07-23T20:27:53.696+0000] {logging_mixin.py:150} INFO - [2023-07-23T20:27:53.696+0000] {dag.py:2742} INFO - Sync 1 DAGs
[2023-07-23T20:27:54.290+0000] {logging_mixin.py:150} INFO - [2023-07-23T20:27:54.290+0000] {dag.py:3504} INFO - Setting next_dagrun for tutorial_taskflow_api to None, run_after=None
[2023-07-23T20:27:55.175+0000] {processor.py:179} INFO - Processing /home/airflow/.local/lib/python3.9/site-packages/airflow/example_dags/tutorial_taskflow_api.py took 2.465 seconds
[2023-07-23T20:30:23.056+0000] {processor.py:157} INFO - Started process (PID=1594) to work on /home/airflow/.local/lib/python3.9/site-packages/airflow/example_dags/tutorial_taskflow_api.py
[2023-07-23T20:30:23.063+0000] {processor.py:826} INFO - Processing file /home/airflow/.local/lib/python3.9/site-packages/airflow/example_dags/tutorial_taskflow_api.py for tasks to queue
[2023-07-23T20:30:23.072+0000] {logging_mixin.py:150} INFO - [2023-07-23T20:30:23.068+0000] {dagbag.py:541} INFO - Filling up the DagBag from /home/airflow/.local/lib/python3.9/site-packages/airflow/example_dags/tutorial_taskflow_api.py
[2023-07-23T20:30:23.131+0000] {processor.py:836} INFO - DAG(s) dict_keys(['tutorial_taskflow_api']) retrieved from /home/airflow/.local/lib/python3.9/site-packages/airflow/example_dags/tutorial_taskflow_api.py
[2023-07-23T20:30:23.313+0000] {logging_mixin.py:150} INFO - [2023-07-23T20:30:23.312+0000] {dag.py:2742} INFO - Sync 1 DAGs
[2023-07-23T20:30:23.446+0000] {logging_mixin.py:150} INFO - [2023-07-23T20:30:23.446+0000] {dag.py:3504} INFO - Setting next_dagrun for tutorial_taskflow_api to None, run_after=None
[2023-07-23T20:30:23.573+0000] {processor.py:179} INFO - Processing /home/airflow/.local/lib/python3.9/site-packages/airflow/example_dags/tutorial_taskflow_api.py took 0.546 seconds
[2023-07-23T20:30:54.124+0000] {processor.py:157} INFO - Started process (PID=1656) to work on /home/airflow/.local/lib/python3.9/site-packages/airflow/example_dags/tutorial_taskflow_api.py
[2023-07-23T20:30:54.136+0000] {processor.py:826} INFO - Processing file /home/airflow/.local/lib/python3.9/site-packages/airflow/example_dags/tutorial_taskflow_api.py for tasks to queue
[2023-07-23T20:30:54.137+0000] {logging_mixin.py:150} INFO - [2023-07-23T20:30:54.136+0000] {dagbag.py:541} INFO - Filling up the DagBag from /home/airflow/.local/lib/python3.9/site-packages/airflow/example_dags/tutorial_taskflow_api.py
[2023-07-23T20:30:54.166+0000] {processor.py:836} INFO - DAG(s) dict_keys(['tutorial_taskflow_api']) retrieved from /home/airflow/.local/lib/python3.9/site-packages/airflow/example_dags/tutorial_taskflow_api.py
[2023-07-23T20:30:54.298+0000] {logging_mixin.py:150} INFO - [2023-07-23T20:30:54.297+0000] {dag.py:2742} INFO - Sync 1 DAGs
[2023-07-23T20:30:54.446+0000] {logging_mixin.py:150} INFO - [2023-07-23T20:30:54.446+0000] {dag.py:3504} INFO - Setting next_dagrun for tutorial_taskflow_api to None, run_after=None
[2023-07-23T20:30:54.579+0000] {processor.py:179} INFO - Processing /home/airflow/.local/lib/python3.9/site-packages/airflow/example_dags/tutorial_taskflow_api.py took 0.459 seconds
[2023-07-23T20:31:44.988+0000] {processor.py:157} INFO - Started process (PID=1718) to work on /home/airflow/.local/lib/python3.9/site-packages/airflow/example_dags/tutorial_taskflow_api.py
[2023-07-23T20:31:45.005+0000] {processor.py:826} INFO - Processing file /home/airflow/.local/lib/python3.9/site-packages/airflow/example_dags/tutorial_taskflow_api.py for tasks to queue
[2023-07-23T20:31:45.006+0000] {logging_mixin.py:150} INFO - [2023-07-23T20:31:45.006+0000] {dagbag.py:541} INFO - Filling up the DagBag from /home/airflow/.local/lib/python3.9/site-packages/airflow/example_dags/tutorial_taskflow_api.py
[2023-07-23T20:31:45.352+0000] {processor.py:836} INFO - DAG(s) dict_keys(['tutorial_taskflow_api']) retrieved from /home/airflow/.local/lib/python3.9/site-packages/airflow/example_dags/tutorial_taskflow_api.py
[2023-07-23T20:31:45.774+0000] {logging_mixin.py:150} INFO - [2023-07-23T20:31:45.774+0000] {dag.py:2742} INFO - Sync 1 DAGs
[2023-07-23T20:31:46.437+0000] {logging_mixin.py:150} INFO - [2023-07-23T20:31:46.436+0000] {dag.py:3504} INFO - Setting next_dagrun for tutorial_taskflow_api to None, run_after=None
[2023-07-23T20:31:46.830+0000] {processor.py:179} INFO - Processing /home/airflow/.local/lib/python3.9/site-packages/airflow/example_dags/tutorial_taskflow_api.py took 2.246 seconds
