[2023-07-23T19:28:27.516+0000] {processor.py:157} INFO - Started process (PID=89) to work on /home/airflow/.local/lib/python3.9/site-packages/airflow/example_dags/tutorial.py
[2023-07-23T19:28:27.517+0000] {processor.py:826} INFO - Processing file /home/airflow/.local/lib/python3.9/site-packages/airflow/example_dags/tutorial.py for tasks to queue
[2023-07-23T19:28:27.518+0000] {logging_mixin.py:150} INFO - [2023-07-23T19:28:27.518+0000] {dagbag.py:541} INFO - Filling up the DagBag from /home/airflow/.local/lib/python3.9/site-packages/airflow/example_dags/tutorial.py
[2023-07-23T19:28:27.528+0000] {processor.py:836} INFO - DAG(s) dict_keys(['tutorial']) retrieved from /home/airflow/.local/lib/python3.9/site-packages/airflow/example_dags/tutorial.py
[2023-07-23T19:28:27.584+0000] {logging_mixin.py:150} INFO - [2023-07-23T19:28:27.583+0000] {dag.py:2742} INFO - Sync 1 DAGs
[2023-07-23T19:28:27.632+0000] {logging_mixin.py:150} INFO - [2023-07-23T19:28:27.632+0000] {dag.py:3504} INFO - Setting next_dagrun for tutorial to 2023-07-22T19:28:27.631678+00:00, run_after=2023-07-23T19:28:27.631678+00:00
[2023-07-23T19:28:27.696+0000] {processor.py:179} INFO - Processing /home/airflow/.local/lib/python3.9/site-packages/airflow/example_dags/tutorial.py took 0.185 seconds
[2023-07-23T19:28:58.534+0000] {processor.py:157} INFO - Started process (PID=150) to work on /home/airflow/.local/lib/python3.9/site-packages/airflow/example_dags/tutorial.py
[2023-07-23T19:28:58.537+0000] {processor.py:826} INFO - Processing file /home/airflow/.local/lib/python3.9/site-packages/airflow/example_dags/tutorial.py for tasks to queue
[2023-07-23T19:28:58.538+0000] {logging_mixin.py:150} INFO - [2023-07-23T19:28:58.538+0000] {dagbag.py:541} INFO - Filling up the DagBag from /home/airflow/.local/lib/python3.9/site-packages/airflow/example_dags/tutorial.py
[2023-07-23T19:28:58.551+0000] {processor.py:836} INFO - DAG(s) dict_keys(['tutorial']) retrieved from /home/airflow/.local/lib/python3.9/site-packages/airflow/example_dags/tutorial.py
[2023-07-23T19:28:58.600+0000] {logging_mixin.py:150} INFO - [2023-07-23T19:28:58.600+0000] {dag.py:2742} INFO - Sync 1 DAGs
[2023-07-23T19:28:58.657+0000] {logging_mixin.py:150} INFO - [2023-07-23T19:28:58.657+0000] {dag.py:3504} INFO - Setting next_dagrun for tutorial to 2023-07-22T19:28:58.651686+00:00, run_after=2023-07-23T19:28:58.651686+00:00
[2023-07-23T19:28:58.709+0000] {processor.py:179} INFO - Processing /home/airflow/.local/lib/python3.9/site-packages/airflow/example_dags/tutorial.py took 0.179 seconds
[2023-07-23T19:29:28.883+0000] {processor.py:157} INFO - Started process (PID=212) to work on /home/airflow/.local/lib/python3.9/site-packages/airflow/example_dags/tutorial.py
[2023-07-23T19:29:28.893+0000] {processor.py:826} INFO - Processing file /home/airflow/.local/lib/python3.9/site-packages/airflow/example_dags/tutorial.py for tasks to queue
[2023-07-23T19:29:28.893+0000] {logging_mixin.py:150} INFO - [2023-07-23T19:29:28.893+0000] {dagbag.py:541} INFO - Filling up the DagBag from /home/airflow/.local/lib/python3.9/site-packages/airflow/example_dags/tutorial.py
[2023-07-23T19:29:28.912+0000] {processor.py:836} INFO - DAG(s) dict_keys(['tutorial']) retrieved from /home/airflow/.local/lib/python3.9/site-packages/airflow/example_dags/tutorial.py
[2023-07-23T19:29:28.976+0000] {logging_mixin.py:150} INFO - [2023-07-23T19:29:28.974+0000] {dag.py:2742} INFO - Sync 1 DAGs
[2023-07-23T19:29:29.025+0000] {logging_mixin.py:150} INFO - [2023-07-23T19:29:29.025+0000] {dag.py:3504} INFO - Setting next_dagrun for tutorial to 2023-07-22T19:29:29.025038+00:00, run_after=2023-07-23T19:29:29.025038+00:00
[2023-07-23T19:29:29.077+0000] {processor.py:179} INFO - Processing /home/airflow/.local/lib/python3.9/site-packages/airflow/example_dags/tutorial.py took 0.198 seconds
[2023-07-23T19:30:00.118+0000] {processor.py:157} INFO - Started process (PID=273) to work on /home/airflow/.local/lib/python3.9/site-packages/airflow/example_dags/tutorial.py
[2023-07-23T19:30:00.125+0000] {processor.py:826} INFO - Processing file /home/airflow/.local/lib/python3.9/site-packages/airflow/example_dags/tutorial.py for tasks to queue
[2023-07-23T19:30:00.127+0000] {logging_mixin.py:150} INFO - [2023-07-23T19:30:00.126+0000] {dagbag.py:541} INFO - Filling up the DagBag from /home/airflow/.local/lib/python3.9/site-packages/airflow/example_dags/tutorial.py
[2023-07-23T19:30:00.134+0000] {processor.py:836} INFO - DAG(s) dict_keys(['tutorial']) retrieved from /home/airflow/.local/lib/python3.9/site-packages/airflow/example_dags/tutorial.py
[2023-07-23T19:30:00.219+0000] {logging_mixin.py:150} INFO - [2023-07-23T19:30:00.219+0000] {dag.py:2742} INFO - Sync 1 DAGs
[2023-07-23T19:30:00.302+0000] {logging_mixin.py:150} INFO - [2023-07-23T19:30:00.302+0000] {dag.py:3504} INFO - Setting next_dagrun for tutorial to 2023-07-22T19:30:00.301981+00:00, run_after=2023-07-23T19:30:00.301981+00:00
[2023-07-23T19:30:00.399+0000] {processor.py:179} INFO - Processing /home/airflow/.local/lib/python3.9/site-packages/airflow/example_dags/tutorial.py took 0.296 seconds
[2023-07-23T19:30:31.274+0000] {processor.py:157} INFO - Started process (PID=335) to work on /home/airflow/.local/lib/python3.9/site-packages/airflow/example_dags/tutorial.py
[2023-07-23T19:30:31.278+0000] {processor.py:826} INFO - Processing file /home/airflow/.local/lib/python3.9/site-packages/airflow/example_dags/tutorial.py for tasks to queue
[2023-07-23T19:30:31.285+0000] {logging_mixin.py:150} INFO - [2023-07-23T19:30:31.285+0000] {dagbag.py:541} INFO - Filling up the DagBag from /home/airflow/.local/lib/python3.9/site-packages/airflow/example_dags/tutorial.py
[2023-07-23T19:30:31.293+0000] {processor.py:836} INFO - DAG(s) dict_keys(['tutorial']) retrieved from /home/airflow/.local/lib/python3.9/site-packages/airflow/example_dags/tutorial.py
[2023-07-23T19:30:31.355+0000] {logging_mixin.py:150} INFO - [2023-07-23T19:30:31.354+0000] {dag.py:2742} INFO - Sync 1 DAGs
[2023-07-23T19:30:31.415+0000] {logging_mixin.py:150} INFO - [2023-07-23T19:30:31.414+0000] {dag.py:3504} INFO - Setting next_dagrun for tutorial to 2023-07-22T19:30:31.414382+00:00, run_after=2023-07-23T19:30:31.414382+00:00
[2023-07-23T19:30:31.466+0000] {processor.py:179} INFO - Processing /home/airflow/.local/lib/python3.9/site-packages/airflow/example_dags/tutorial.py took 0.195 seconds
[2023-07-23T19:31:02.080+0000] {processor.py:157} INFO - Started process (PID=397) to work on /home/airflow/.local/lib/python3.9/site-packages/airflow/example_dags/tutorial.py
[2023-07-23T19:31:02.085+0000] {processor.py:826} INFO - Processing file /home/airflow/.local/lib/python3.9/site-packages/airflow/example_dags/tutorial.py for tasks to queue
[2023-07-23T19:31:02.086+0000] {logging_mixin.py:150} INFO - [2023-07-23T19:31:02.086+0000] {dagbag.py:541} INFO - Filling up the DagBag from /home/airflow/.local/lib/python3.9/site-packages/airflow/example_dags/tutorial.py
[2023-07-23T19:31:02.094+0000] {processor.py:836} INFO - DAG(s) dict_keys(['tutorial']) retrieved from /home/airflow/.local/lib/python3.9/site-packages/airflow/example_dags/tutorial.py
[2023-07-23T19:31:02.169+0000] {logging_mixin.py:150} INFO - [2023-07-23T19:31:02.168+0000] {dag.py:2742} INFO - Sync 1 DAGs
[2023-07-23T19:31:02.236+0000] {logging_mixin.py:150} INFO - [2023-07-23T19:31:02.235+0000] {dag.py:3504} INFO - Setting next_dagrun for tutorial to 2023-07-22T19:31:02.235539+00:00, run_after=2023-07-23T19:31:02.235539+00:00
[2023-07-23T19:31:02.276+0000] {processor.py:179} INFO - Processing /home/airflow/.local/lib/python3.9/site-packages/airflow/example_dags/tutorial.py took 0.200 seconds
[2023-07-23T19:31:32.443+0000] {processor.py:157} INFO - Started process (PID=459) to work on /home/airflow/.local/lib/python3.9/site-packages/airflow/example_dags/tutorial.py
[2023-07-23T19:31:32.445+0000] {processor.py:826} INFO - Processing file /home/airflow/.local/lib/python3.9/site-packages/airflow/example_dags/tutorial.py for tasks to queue
[2023-07-23T19:31:32.456+0000] {logging_mixin.py:150} INFO - [2023-07-23T19:31:32.455+0000] {dagbag.py:541} INFO - Filling up the DagBag from /home/airflow/.local/lib/python3.9/site-packages/airflow/example_dags/tutorial.py
[2023-07-23T19:31:32.467+0000] {processor.py:836} INFO - DAG(s) dict_keys(['tutorial']) retrieved from /home/airflow/.local/lib/python3.9/site-packages/airflow/example_dags/tutorial.py
[2023-07-23T19:31:32.520+0000] {logging_mixin.py:150} INFO - [2023-07-23T19:31:32.520+0000] {dag.py:2742} INFO - Sync 1 DAGs
[2023-07-23T19:31:32.557+0000] {logging_mixin.py:150} INFO - [2023-07-23T19:31:32.556+0000] {dag.py:3504} INFO - Setting next_dagrun for tutorial to 2023-07-22T19:31:32.556527+00:00, run_after=2023-07-23T19:31:32.556527+00:00
[2023-07-23T19:31:32.608+0000] {processor.py:179} INFO - Processing /home/airflow/.local/lib/python3.9/site-packages/airflow/example_dags/tutorial.py took 0.169 seconds
[2023-07-23T19:32:04.319+0000] {processor.py:157} INFO - Started process (PID=527) to work on /home/airflow/.local/lib/python3.9/site-packages/airflow/example_dags/tutorial.py
[2023-07-23T19:32:04.335+0000] {processor.py:826} INFO - Processing file /home/airflow/.local/lib/python3.9/site-packages/airflow/example_dags/tutorial.py for tasks to queue
[2023-07-23T19:32:04.337+0000] {logging_mixin.py:150} INFO - [2023-07-23T19:32:04.336+0000] {dagbag.py:541} INFO - Filling up the DagBag from /home/airflow/.local/lib/python3.9/site-packages/airflow/example_dags/tutorial.py
[2023-07-23T19:32:04.344+0000] {processor.py:836} INFO - DAG(s) dict_keys(['tutorial']) retrieved from /home/airflow/.local/lib/python3.9/site-packages/airflow/example_dags/tutorial.py
[2023-07-23T19:32:04.436+0000] {logging_mixin.py:150} INFO - [2023-07-23T19:32:04.436+0000] {dag.py:2742} INFO - Sync 1 DAGs
[2023-07-23T19:32:04.528+0000] {logging_mixin.py:150} INFO - [2023-07-23T19:32:04.528+0000] {dag.py:3504} INFO - Setting next_dagrun for tutorial to 2023-07-22T19:32:04.528084+00:00, run_after=2023-07-23T19:32:04.528084+00:00
[2023-07-23T19:32:04.616+0000] {processor.py:179} INFO - Processing /home/airflow/.local/lib/python3.9/site-packages/airflow/example_dags/tutorial.py took 0.302 seconds
[2023-07-23T19:32:35.144+0000] {processor.py:157} INFO - Started process (PID=582) to work on /home/airflow/.local/lib/python3.9/site-packages/airflow/example_dags/tutorial.py
[2023-07-23T19:32:35.149+0000] {processor.py:826} INFO - Processing file /home/airflow/.local/lib/python3.9/site-packages/airflow/example_dags/tutorial.py for tasks to queue
[2023-07-23T19:32:35.150+0000] {logging_mixin.py:150} INFO - [2023-07-23T19:32:35.150+0000] {dagbag.py:541} INFO - Filling up the DagBag from /home/airflow/.local/lib/python3.9/site-packages/airflow/example_dags/tutorial.py
[2023-07-23T19:32:35.157+0000] {processor.py:836} INFO - DAG(s) dict_keys(['tutorial']) retrieved from /home/airflow/.local/lib/python3.9/site-packages/airflow/example_dags/tutorial.py
[2023-07-23T19:32:35.183+0000] {logging_mixin.py:150} INFO - [2023-07-23T19:32:35.182+0000] {dag.py:2742} INFO - Sync 1 DAGs
[2023-07-23T19:32:35.229+0000] {logging_mixin.py:150} INFO - [2023-07-23T19:32:35.229+0000] {dag.py:3504} INFO - Setting next_dagrun for tutorial to 2023-07-22T19:32:35.217776+00:00, run_after=2023-07-23T19:32:35.217776+00:00
[2023-07-23T19:32:35.257+0000] {processor.py:179} INFO - Processing /home/airflow/.local/lib/python3.9/site-packages/airflow/example_dags/tutorial.py took 0.116 seconds
[2023-07-23T19:33:05.423+0000] {processor.py:157} INFO - Started process (PID=645) to work on /home/airflow/.local/lib/python3.9/site-packages/airflow/example_dags/tutorial.py
[2023-07-23T19:33:05.435+0000] {processor.py:826} INFO - Processing file /home/airflow/.local/lib/python3.9/site-packages/airflow/example_dags/tutorial.py for tasks to queue
[2023-07-23T19:33:05.436+0000] {logging_mixin.py:150} INFO - [2023-07-23T19:33:05.436+0000] {dagbag.py:541} INFO - Filling up the DagBag from /home/airflow/.local/lib/python3.9/site-packages/airflow/example_dags/tutorial.py
[2023-07-23T19:33:05.443+0000] {processor.py:836} INFO - DAG(s) dict_keys(['tutorial']) retrieved from /home/airflow/.local/lib/python3.9/site-packages/airflow/example_dags/tutorial.py
[2023-07-23T19:33:05.500+0000] {logging_mixin.py:150} INFO - [2023-07-23T19:33:05.500+0000] {dag.py:2742} INFO - Sync 1 DAGs
[2023-07-23T19:33:05.553+0000] {logging_mixin.py:150} INFO - [2023-07-23T19:33:05.552+0000] {dag.py:3504} INFO - Setting next_dagrun for tutorial to 2023-07-22T19:33:05.552506+00:00, run_after=2023-07-23T19:33:05.552506+00:00
[2023-07-23T19:33:05.601+0000] {processor.py:179} INFO - Processing /home/airflow/.local/lib/python3.9/site-packages/airflow/example_dags/tutorial.py took 0.182 seconds
[2023-07-23T19:41:41.907+0000] {processor.py:157} INFO - Started process (PID=90) to work on /home/airflow/.local/lib/python3.9/site-packages/airflow/example_dags/tutorial.py
[2023-07-23T19:41:41.909+0000] {processor.py:826} INFO - Processing file /home/airflow/.local/lib/python3.9/site-packages/airflow/example_dags/tutorial.py for tasks to queue
[2023-07-23T19:41:41.910+0000] {logging_mixin.py:150} INFO - [2023-07-23T19:41:41.910+0000] {dagbag.py:541} INFO - Filling up the DagBag from /home/airflow/.local/lib/python3.9/site-packages/airflow/example_dags/tutorial.py
[2023-07-23T19:41:41.928+0000] {processor.py:836} INFO - DAG(s) dict_keys(['tutorial']) retrieved from /home/airflow/.local/lib/python3.9/site-packages/airflow/example_dags/tutorial.py
[2023-07-23T19:41:41.977+0000] {logging_mixin.py:150} INFO - [2023-07-23T19:41:41.974+0000] {dag.py:2742} INFO - Sync 1 DAGs
[2023-07-23T19:41:42.019+0000] {logging_mixin.py:150} INFO - [2023-07-23T19:41:42.019+0000] {dag.py:3504} INFO - Setting next_dagrun for tutorial to 2023-07-22T19:41:42.018788+00:00, run_after=2023-07-23T19:41:42.018788+00:00
[2023-07-23T19:41:42.059+0000] {processor.py:179} INFO - Processing /home/airflow/.local/lib/python3.9/site-packages/airflow/example_dags/tutorial.py took 0.167 seconds
[2023-07-23T19:42:12.823+0000] {processor.py:157} INFO - Started process (PID=151) to work on /home/airflow/.local/lib/python3.9/site-packages/airflow/example_dags/tutorial.py
[2023-07-23T19:42:12.825+0000] {processor.py:826} INFO - Processing file /home/airflow/.local/lib/python3.9/site-packages/airflow/example_dags/tutorial.py for tasks to queue
[2023-07-23T19:42:12.835+0000] {logging_mixin.py:150} INFO - [2023-07-23T19:42:12.835+0000] {dagbag.py:541} INFO - Filling up the DagBag from /home/airflow/.local/lib/python3.9/site-packages/airflow/example_dags/tutorial.py
[2023-07-23T19:42:12.842+0000] {processor.py:836} INFO - DAG(s) dict_keys(['tutorial']) retrieved from /home/airflow/.local/lib/python3.9/site-packages/airflow/example_dags/tutorial.py
[2023-07-23T19:42:12.897+0000] {logging_mixin.py:150} INFO - [2023-07-23T19:42:12.896+0000] {dag.py:2742} INFO - Sync 1 DAGs
[2023-07-23T19:42:12.956+0000] {logging_mixin.py:150} INFO - [2023-07-23T19:42:12.956+0000] {dag.py:3504} INFO - Setting next_dagrun for tutorial to 2023-07-22T19:42:12.955712+00:00, run_after=2023-07-23T19:42:12.955712+00:00
[2023-07-23T19:42:12.992+0000] {processor.py:179} INFO - Processing /home/airflow/.local/lib/python3.9/site-packages/airflow/example_dags/tutorial.py took 0.173 seconds
[2023-07-23T19:42:44.093+0000] {processor.py:157} INFO - Started process (PID=212) to work on /home/airflow/.local/lib/python3.9/site-packages/airflow/example_dags/tutorial.py
[2023-07-23T19:42:44.128+0000] {processor.py:826} INFO - Processing file /home/airflow/.local/lib/python3.9/site-packages/airflow/example_dags/tutorial.py for tasks to queue
[2023-07-23T19:42:44.129+0000] {logging_mixin.py:150} INFO - [2023-07-23T19:42:44.129+0000] {dagbag.py:541} INFO - Filling up the DagBag from /home/airflow/.local/lib/python3.9/site-packages/airflow/example_dags/tutorial.py
[2023-07-23T19:42:44.171+0000] {processor.py:836} INFO - DAG(s) dict_keys(['tutorial']) retrieved from /home/airflow/.local/lib/python3.9/site-packages/airflow/example_dags/tutorial.py
[2023-07-23T19:42:44.296+0000] {logging_mixin.py:150} INFO - [2023-07-23T19:42:44.296+0000] {dag.py:2742} INFO - Sync 1 DAGs
[2023-07-23T19:42:44.376+0000] {logging_mixin.py:150} INFO - [2023-07-23T19:42:44.376+0000] {dag.py:3504} INFO - Setting next_dagrun for tutorial to 2023-07-22T19:42:44.376102+00:00, run_after=2023-07-23T19:42:44.376102+00:00
[2023-07-23T19:42:44.467+0000] {processor.py:179} INFO - Processing /home/airflow/.local/lib/python3.9/site-packages/airflow/example_dags/tutorial.py took 0.378 seconds
[2023-07-23T19:43:15.340+0000] {processor.py:157} INFO - Started process (PID=273) to work on /home/airflow/.local/lib/python3.9/site-packages/airflow/example_dags/tutorial.py
[2023-07-23T19:43:15.348+0000] {processor.py:826} INFO - Processing file /home/airflow/.local/lib/python3.9/site-packages/airflow/example_dags/tutorial.py for tasks to queue
[2023-07-23T19:43:15.349+0000] {logging_mixin.py:150} INFO - [2023-07-23T19:43:15.349+0000] {dagbag.py:541} INFO - Filling up the DagBag from /home/airflow/.local/lib/python3.9/site-packages/airflow/example_dags/tutorial.py
[2023-07-23T19:43:15.361+0000] {processor.py:836} INFO - DAG(s) dict_keys(['tutorial']) retrieved from /home/airflow/.local/lib/python3.9/site-packages/airflow/example_dags/tutorial.py
[2023-07-23T19:43:15.469+0000] {logging_mixin.py:150} INFO - [2023-07-23T19:43:15.469+0000] {dag.py:2742} INFO - Sync 1 DAGs
[2023-07-23T19:43:15.556+0000] {logging_mixin.py:150} INFO - [2023-07-23T19:43:15.556+0000] {dag.py:3504} INFO - Setting next_dagrun for tutorial to 2023-07-22T19:43:15.556096+00:00, run_after=2023-07-23T19:43:15.556096+00:00
[2023-07-23T19:43:15.626+0000] {processor.py:179} INFO - Processing /home/airflow/.local/lib/python3.9/site-packages/airflow/example_dags/tutorial.py took 0.298 seconds
[2023-07-23T19:43:46.358+0000] {processor.py:157} INFO - Started process (PID=335) to work on /home/airflow/.local/lib/python3.9/site-packages/airflow/example_dags/tutorial.py
[2023-07-23T19:43:46.359+0000] {processor.py:826} INFO - Processing file /home/airflow/.local/lib/python3.9/site-packages/airflow/example_dags/tutorial.py for tasks to queue
[2023-07-23T19:43:46.361+0000] {logging_mixin.py:150} INFO - [2023-07-23T19:43:46.360+0000] {dagbag.py:541} INFO - Filling up the DagBag from /home/airflow/.local/lib/python3.9/site-packages/airflow/example_dags/tutorial.py
[2023-07-23T19:43:46.375+0000] {processor.py:836} INFO - DAG(s) dict_keys(['tutorial']) retrieved from /home/airflow/.local/lib/python3.9/site-packages/airflow/example_dags/tutorial.py
[2023-07-23T19:43:46.436+0000] {logging_mixin.py:150} INFO - [2023-07-23T19:43:46.435+0000] {dag.py:2742} INFO - Sync 1 DAGs
[2023-07-23T19:43:46.506+0000] {logging_mixin.py:150} INFO - [2023-07-23T19:43:46.506+0000] {dag.py:3504} INFO - Setting next_dagrun for tutorial to 2023-07-22T19:43:46.506202+00:00, run_after=2023-07-23T19:43:46.506202+00:00
[2023-07-23T19:43:46.595+0000] {processor.py:179} INFO - Processing /home/airflow/.local/lib/python3.9/site-packages/airflow/example_dags/tutorial.py took 0.248 seconds
[2023-07-23T19:44:20.364+0000] {processor.py:157} INFO - Started process (PID=396) to work on /home/airflow/.local/lib/python3.9/site-packages/airflow/example_dags/tutorial.py
[2023-07-23T19:44:20.385+0000] {processor.py:826} INFO - Processing file /home/airflow/.local/lib/python3.9/site-packages/airflow/example_dags/tutorial.py for tasks to queue
[2023-07-23T19:44:20.387+0000] {logging_mixin.py:150} INFO - [2023-07-23T19:44:20.386+0000] {dagbag.py:541} INFO - Filling up the DagBag from /home/airflow/.local/lib/python3.9/site-packages/airflow/example_dags/tutorial.py
[2023-07-23T19:44:20.395+0000] {processor.py:836} INFO - DAG(s) dict_keys(['tutorial']) retrieved from /home/airflow/.local/lib/python3.9/site-packages/airflow/example_dags/tutorial.py
[2023-07-23T19:44:20.561+0000] {logging_mixin.py:150} INFO - [2023-07-23T19:44:20.560+0000] {dag.py:2742} INFO - Sync 1 DAGs
[2023-07-23T19:44:20.726+0000] {logging_mixin.py:150} INFO - [2023-07-23T19:44:20.726+0000] {dag.py:3504} INFO - Setting next_dagrun for tutorial to 2023-07-22T19:44:20.726153+00:00, run_after=2023-07-23T19:44:20.726153+00:00
[2023-07-23T19:44:20.815+0000] {processor.py:179} INFO - Processing /home/airflow/.local/lib/python3.9/site-packages/airflow/example_dags/tutorial.py took 0.455 seconds
[2023-07-23T19:44:51.437+0000] {processor.py:157} INFO - Started process (PID=457) to work on /home/airflow/.local/lib/python3.9/site-packages/airflow/example_dags/tutorial.py
[2023-07-23T19:44:51.439+0000] {processor.py:826} INFO - Processing file /home/airflow/.local/lib/python3.9/site-packages/airflow/example_dags/tutorial.py for tasks to queue
[2023-07-23T19:44:51.440+0000] {logging_mixin.py:150} INFO - [2023-07-23T19:44:51.440+0000] {dagbag.py:541} INFO - Filling up the DagBag from /home/airflow/.local/lib/python3.9/site-packages/airflow/example_dags/tutorial.py
[2023-07-23T19:44:51.478+0000] {processor.py:836} INFO - DAG(s) dict_keys(['tutorial']) retrieved from /home/airflow/.local/lib/python3.9/site-packages/airflow/example_dags/tutorial.py
[2023-07-23T19:44:51.632+0000] {logging_mixin.py:150} INFO - [2023-07-23T19:44:51.632+0000] {dag.py:2742} INFO - Sync 1 DAGs
[2023-07-23T19:44:51.736+0000] {logging_mixin.py:150} INFO - [2023-07-23T19:44:51.736+0000] {dag.py:3504} INFO - Setting next_dagrun for tutorial to 2023-07-22T19:44:51.735996+00:00, run_after=2023-07-23T19:44:51.735996+00:00
[2023-07-23T19:44:51.837+0000] {processor.py:179} INFO - Processing /home/airflow/.local/lib/python3.9/site-packages/airflow/example_dags/tutorial.py took 0.464 seconds
[2023-07-23T19:45:23.722+0000] {processor.py:157} INFO - Started process (PID=519) to work on /home/airflow/.local/lib/python3.9/site-packages/airflow/example_dags/tutorial.py
[2023-07-23T19:45:23.776+0000] {processor.py:826} INFO - Processing file /home/airflow/.local/lib/python3.9/site-packages/airflow/example_dags/tutorial.py for tasks to queue
[2023-07-23T19:45:23.777+0000] {logging_mixin.py:150} INFO - [2023-07-23T19:45:23.777+0000] {dagbag.py:541} INFO - Filling up the DagBag from /home/airflow/.local/lib/python3.9/site-packages/airflow/example_dags/tutorial.py
[2023-07-23T19:45:23.820+0000] {processor.py:836} INFO - DAG(s) dict_keys(['tutorial']) retrieved from /home/airflow/.local/lib/python3.9/site-packages/airflow/example_dags/tutorial.py
[2023-07-23T19:45:23.947+0000] {logging_mixin.py:150} INFO - [2023-07-23T19:45:23.947+0000] {dag.py:2742} INFO - Sync 1 DAGs
[2023-07-23T19:45:24.074+0000] {logging_mixin.py:150} INFO - [2023-07-23T19:45:24.073+0000] {dag.py:3504} INFO - Setting next_dagrun for tutorial to 2023-07-22T19:45:24.073434+00:00, run_after=2023-07-23T19:45:24.073434+00:00
[2023-07-23T19:45:24.248+0000] {processor.py:179} INFO - Processing /home/airflow/.local/lib/python3.9/site-packages/airflow/example_dags/tutorial.py took 0.533 seconds
[2023-07-23T19:45:56.757+0000] {processor.py:157} INFO - Started process (PID=573) to work on /home/airflow/.local/lib/python3.9/site-packages/airflow/example_dags/tutorial.py
[2023-07-23T19:45:56.765+0000] {processor.py:826} INFO - Processing file /home/airflow/.local/lib/python3.9/site-packages/airflow/example_dags/tutorial.py for tasks to queue
[2023-07-23T19:45:56.766+0000] {logging_mixin.py:150} INFO - [2023-07-23T19:45:56.766+0000] {dagbag.py:541} INFO - Filling up the DagBag from /home/airflow/.local/lib/python3.9/site-packages/airflow/example_dags/tutorial.py
[2023-07-23T19:45:56.774+0000] {processor.py:836} INFO - DAG(s) dict_keys(['tutorial']) retrieved from /home/airflow/.local/lib/python3.9/site-packages/airflow/example_dags/tutorial.py
[2023-07-23T19:45:56.844+0000] {logging_mixin.py:150} INFO - [2023-07-23T19:45:56.844+0000] {dag.py:2742} INFO - Sync 1 DAGs
[2023-07-23T19:45:56.925+0000] {logging_mixin.py:150} INFO - [2023-07-23T19:45:56.919+0000] {dag.py:3504} INFO - Setting next_dagrun for tutorial to 2023-07-22T19:45:56.919422+00:00, run_after=2023-07-23T19:45:56.919422+00:00
[2023-07-23T19:45:57.061+0000] {processor.py:179} INFO - Processing /home/airflow/.local/lib/python3.9/site-packages/airflow/example_dags/tutorial.py took 0.329 seconds
[2023-07-23T19:46:27.400+0000] {processor.py:157} INFO - Started process (PID=635) to work on /home/airflow/.local/lib/python3.9/site-packages/airflow/example_dags/tutorial.py
[2023-07-23T19:46:27.415+0000] {processor.py:826} INFO - Processing file /home/airflow/.local/lib/python3.9/site-packages/airflow/example_dags/tutorial.py for tasks to queue
[2023-07-23T19:46:27.416+0000] {logging_mixin.py:150} INFO - [2023-07-23T19:46:27.415+0000] {dagbag.py:541} INFO - Filling up the DagBag from /home/airflow/.local/lib/python3.9/site-packages/airflow/example_dags/tutorial.py
[2023-07-23T19:46:27.424+0000] {processor.py:836} INFO - DAG(s) dict_keys(['tutorial']) retrieved from /home/airflow/.local/lib/python3.9/site-packages/airflow/example_dags/tutorial.py
[2023-07-23T19:46:27.494+0000] {logging_mixin.py:150} INFO - [2023-07-23T19:46:27.484+0000] {dag.py:2742} INFO - Sync 1 DAGs
[2023-07-23T19:46:27.536+0000] {logging_mixin.py:150} INFO - [2023-07-23T19:46:27.536+0000] {dag.py:3504} INFO - Setting next_dagrun for tutorial to 2023-07-22T19:46:27.536025+00:00, run_after=2023-07-23T19:46:27.536025+00:00
[2023-07-23T19:46:27.596+0000] {processor.py:179} INFO - Processing /home/airflow/.local/lib/python3.9/site-packages/airflow/example_dags/tutorial.py took 0.200 seconds
[2023-07-23T19:46:58.706+0000] {processor.py:157} INFO - Started process (PID=703) to work on /home/airflow/.local/lib/python3.9/site-packages/airflow/example_dags/tutorial.py
[2023-07-23T19:46:58.714+0000] {processor.py:826} INFO - Processing file /home/airflow/.local/lib/python3.9/site-packages/airflow/example_dags/tutorial.py for tasks to queue
[2023-07-23T19:46:58.715+0000] {logging_mixin.py:150} INFO - [2023-07-23T19:46:58.715+0000] {dagbag.py:541} INFO - Filling up the DagBag from /home/airflow/.local/lib/python3.9/site-packages/airflow/example_dags/tutorial.py
[2023-07-23T19:46:58.723+0000] {processor.py:836} INFO - DAG(s) dict_keys(['tutorial']) retrieved from /home/airflow/.local/lib/python3.9/site-packages/airflow/example_dags/tutorial.py
[2023-07-23T19:46:58.795+0000] {logging_mixin.py:150} INFO - [2023-07-23T19:46:58.771+0000] {dag.py:2742} INFO - Sync 1 DAGs
[2023-07-23T19:46:58.858+0000] {logging_mixin.py:150} INFO - [2023-07-23T19:46:58.857+0000] {dag.py:3504} INFO - Setting next_dagrun for tutorial to 2023-07-22T19:46:58.857483+00:00, run_after=2023-07-23T19:46:58.857483+00:00
[2023-07-23T19:46:58.900+0000] {processor.py:179} INFO - Processing /home/airflow/.local/lib/python3.9/site-packages/airflow/example_dags/tutorial.py took 0.208 seconds
[2023-07-23T19:47:30.563+0000] {processor.py:157} INFO - Started process (PID=766) to work on /home/airflow/.local/lib/python3.9/site-packages/airflow/example_dags/tutorial.py
[2023-07-23T19:47:30.585+0000] {processor.py:826} INFO - Processing file /home/airflow/.local/lib/python3.9/site-packages/airflow/example_dags/tutorial.py for tasks to queue
[2023-07-23T19:47:30.586+0000] {logging_mixin.py:150} INFO - [2023-07-23T19:47:30.585+0000] {dagbag.py:541} INFO - Filling up the DagBag from /home/airflow/.local/lib/python3.9/site-packages/airflow/example_dags/tutorial.py
[2023-07-23T19:47:30.594+0000] {processor.py:836} INFO - DAG(s) dict_keys(['tutorial']) retrieved from /home/airflow/.local/lib/python3.9/site-packages/airflow/example_dags/tutorial.py
[2023-07-23T19:47:30.631+0000] {logging_mixin.py:150} INFO - [2023-07-23T19:47:30.631+0000] {dag.py:2742} INFO - Sync 1 DAGs
[2023-07-23T19:47:30.667+0000] {logging_mixin.py:150} INFO - [2023-07-23T19:47:30.667+0000] {dag.py:3504} INFO - Setting next_dagrun for tutorial to 2023-07-22T19:47:30.667058+00:00, run_after=2023-07-23T19:47:30.667058+00:00
[2023-07-23T19:47:30.716+0000] {processor.py:179} INFO - Processing /home/airflow/.local/lib/python3.9/site-packages/airflow/example_dags/tutorial.py took 0.158 seconds
[2023-07-23T19:48:04.404+0000] {processor.py:157} INFO - Started process (PID=828) to work on /home/airflow/.local/lib/python3.9/site-packages/airflow/example_dags/tutorial.py
[2023-07-23T19:48:04.406+0000] {processor.py:826} INFO - Processing file /home/airflow/.local/lib/python3.9/site-packages/airflow/example_dags/tutorial.py for tasks to queue
[2023-07-23T19:48:04.406+0000] {logging_mixin.py:150} INFO - [2023-07-23T19:48:04.406+0000] {dagbag.py:541} INFO - Filling up the DagBag from /home/airflow/.local/lib/python3.9/site-packages/airflow/example_dags/tutorial.py
[2023-07-23T19:48:04.414+0000] {processor.py:836} INFO - DAG(s) dict_keys(['tutorial']) retrieved from /home/airflow/.local/lib/python3.9/site-packages/airflow/example_dags/tutorial.py
[2023-07-23T19:48:04.619+0000] {logging_mixin.py:150} INFO - [2023-07-23T19:48:04.619+0000] {dag.py:2742} INFO - Sync 1 DAGs
[2023-07-23T19:48:04.756+0000] {logging_mixin.py:150} INFO - [2023-07-23T19:48:04.755+0000] {dag.py:3504} INFO - Setting next_dagrun for tutorial to 2023-07-22T19:48:04.755585+00:00, run_after=2023-07-23T19:48:04.755585+00:00
[2023-07-23T19:48:04.927+0000] {processor.py:179} INFO - Processing /home/airflow/.local/lib/python3.9/site-packages/airflow/example_dags/tutorial.py took 0.578 seconds
[2023-07-23T19:48:35.540+0000] {processor.py:157} INFO - Started process (PID=890) to work on /home/airflow/.local/lib/python3.9/site-packages/airflow/example_dags/tutorial.py
[2023-07-23T19:48:35.555+0000] {processor.py:826} INFO - Processing file /home/airflow/.local/lib/python3.9/site-packages/airflow/example_dags/tutorial.py for tasks to queue
[2023-07-23T19:48:35.556+0000] {logging_mixin.py:150} INFO - [2023-07-23T19:48:35.556+0000] {dagbag.py:541} INFO - Filling up the DagBag from /home/airflow/.local/lib/python3.9/site-packages/airflow/example_dags/tutorial.py
[2023-07-23T19:48:35.564+0000] {processor.py:836} INFO - DAG(s) dict_keys(['tutorial']) retrieved from /home/airflow/.local/lib/python3.9/site-packages/airflow/example_dags/tutorial.py
[2023-07-23T19:48:35.656+0000] {logging_mixin.py:150} INFO - [2023-07-23T19:48:35.655+0000] {dag.py:2742} INFO - Sync 1 DAGs
[2023-07-23T19:48:35.766+0000] {logging_mixin.py:150} INFO - [2023-07-23T19:48:35.765+0000] {dag.py:3504} INFO - Setting next_dagrun for tutorial to 2023-07-22T19:48:35.748342+00:00, run_after=2023-07-23T19:48:35.748342+00:00
[2023-07-23T19:48:35.818+0000] {processor.py:179} INFO - Processing /home/airflow/.local/lib/python3.9/site-packages/airflow/example_dags/tutorial.py took 0.282 seconds
[2023-07-23T19:49:06.574+0000] {processor.py:157} INFO - Started process (PID=944) to work on /home/airflow/.local/lib/python3.9/site-packages/airflow/example_dags/tutorial.py
[2023-07-23T19:49:06.585+0000] {processor.py:826} INFO - Processing file /home/airflow/.local/lib/python3.9/site-packages/airflow/example_dags/tutorial.py for tasks to queue
[2023-07-23T19:49:06.587+0000] {logging_mixin.py:150} INFO - [2023-07-23T19:49:06.586+0000] {dagbag.py:541} INFO - Filling up the DagBag from /home/airflow/.local/lib/python3.9/site-packages/airflow/example_dags/tutorial.py
[2023-07-23T19:49:06.595+0000] {processor.py:836} INFO - DAG(s) dict_keys(['tutorial']) retrieved from /home/airflow/.local/lib/python3.9/site-packages/airflow/example_dags/tutorial.py
[2023-07-23T19:49:06.682+0000] {logging_mixin.py:150} INFO - [2023-07-23T19:49:06.681+0000] {dag.py:2742} INFO - Sync 1 DAGs
[2023-07-23T19:49:06.770+0000] {logging_mixin.py:150} INFO - [2023-07-23T19:49:06.769+0000] {dag.py:3504} INFO - Setting next_dagrun for tutorial to 2023-07-22T19:49:06.769580+00:00, run_after=2023-07-23T19:49:06.769580+00:00
[2023-07-23T19:49:06.835+0000] {processor.py:179} INFO - Processing /home/airflow/.local/lib/python3.9/site-packages/airflow/example_dags/tutorial.py took 0.265 seconds
[2023-07-23T19:49:39.637+0000] {processor.py:157} INFO - Started process (PID=1006) to work on /home/airflow/.local/lib/python3.9/site-packages/airflow/example_dags/tutorial.py
[2023-07-23T19:49:39.657+0000] {processor.py:826} INFO - Processing file /home/airflow/.local/lib/python3.9/site-packages/airflow/example_dags/tutorial.py for tasks to queue
[2023-07-23T19:49:39.658+0000] {logging_mixin.py:150} INFO - [2023-07-23T19:49:39.658+0000] {dagbag.py:541} INFO - Filling up the DagBag from /home/airflow/.local/lib/python3.9/site-packages/airflow/example_dags/tutorial.py
[2023-07-23T19:49:39.678+0000] {processor.py:836} INFO - DAG(s) dict_keys(['tutorial']) retrieved from /home/airflow/.local/lib/python3.9/site-packages/airflow/example_dags/tutorial.py
[2023-07-23T19:49:39.810+0000] {logging_mixin.py:150} INFO - [2023-07-23T19:49:39.810+0000] {dag.py:2742} INFO - Sync 1 DAGs
[2023-07-23T19:49:39.921+0000] {logging_mixin.py:150} INFO - [2023-07-23T19:49:39.918+0000] {dag.py:3504} INFO - Setting next_dagrun for tutorial to 2023-07-22T19:49:39.918547+00:00, run_after=2023-07-23T19:49:39.918547+00:00
[2023-07-23T19:49:40.000+0000] {processor.py:179} INFO - Processing /home/airflow/.local/lib/python3.9/site-packages/airflow/example_dags/tutorial.py took 0.379 seconds
[2023-07-23T19:50:17.716+0000] {processor.py:157} INFO - Started process (PID=1078) to work on /home/airflow/.local/lib/python3.9/site-packages/airflow/example_dags/tutorial.py
[2023-07-23T19:50:17.735+0000] {processor.py:826} INFO - Processing file /home/airflow/.local/lib/python3.9/site-packages/airflow/example_dags/tutorial.py for tasks to queue
[2023-07-23T19:50:17.736+0000] {logging_mixin.py:150} INFO - [2023-07-23T19:50:17.736+0000] {dagbag.py:541} INFO - Filling up the DagBag from /home/airflow/.local/lib/python3.9/site-packages/airflow/example_dags/tutorial.py
[2023-07-23T19:50:17.744+0000] {processor.py:836} INFO - DAG(s) dict_keys(['tutorial']) retrieved from /home/airflow/.local/lib/python3.9/site-packages/airflow/example_dags/tutorial.py
[2023-07-23T19:50:17.842+0000] {logging_mixin.py:150} INFO - [2023-07-23T19:50:17.842+0000] {dag.py:2742} INFO - Sync 1 DAGs
[2023-07-23T19:50:17.977+0000] {logging_mixin.py:150} INFO - [2023-07-23T19:50:17.976+0000] {dag.py:3504} INFO - Setting next_dagrun for tutorial to 2023-07-22T19:50:17.976609+00:00, run_after=2023-07-23T19:50:17.976609+00:00
[2023-07-23T19:50:18.083+0000] {processor.py:179} INFO - Processing /home/airflow/.local/lib/python3.9/site-packages/airflow/example_dags/tutorial.py took 0.402 seconds
[2023-07-23T19:50:52.184+0000] {processor.py:157} INFO - Started process (PID=1140) to work on /home/airflow/.local/lib/python3.9/site-packages/airflow/example_dags/tutorial.py
[2023-07-23T19:50:52.195+0000] {processor.py:826} INFO - Processing file /home/airflow/.local/lib/python3.9/site-packages/airflow/example_dags/tutorial.py for tasks to queue
[2023-07-23T19:50:52.196+0000] {logging_mixin.py:150} INFO - [2023-07-23T19:50:52.196+0000] {dagbag.py:541} INFO - Filling up the DagBag from /home/airflow/.local/lib/python3.9/site-packages/airflow/example_dags/tutorial.py
[2023-07-23T19:50:52.205+0000] {processor.py:836} INFO - DAG(s) dict_keys(['tutorial']) retrieved from /home/airflow/.local/lib/python3.9/site-packages/airflow/example_dags/tutorial.py
[2023-07-23T19:50:52.396+0000] {logging_mixin.py:150} INFO - [2023-07-23T19:50:52.396+0000] {dag.py:2742} INFO - Sync 1 DAGs
[2023-07-23T19:50:52.548+0000] {logging_mixin.py:150} INFO - [2023-07-23T19:50:52.548+0000] {dag.py:3504} INFO - Setting next_dagrun for tutorial to 2023-07-22T19:50:52.547802+00:00, run_after=2023-07-23T19:50:52.547802+00:00
[2023-07-23T19:50:52.714+0000] {processor.py:179} INFO - Processing /home/airflow/.local/lib/python3.9/site-packages/airflow/example_dags/tutorial.py took 0.535 seconds
[2023-07-23T19:51:23.849+0000] {processor.py:157} INFO - Started process (PID=1201) to work on /home/airflow/.local/lib/python3.9/site-packages/airflow/example_dags/tutorial.py
[2023-07-23T19:51:23.876+0000] {processor.py:826} INFO - Processing file /home/airflow/.local/lib/python3.9/site-packages/airflow/example_dags/tutorial.py for tasks to queue
[2023-07-23T19:51:23.886+0000] {logging_mixin.py:150} INFO - [2023-07-23T19:51:23.886+0000] {dagbag.py:541} INFO - Filling up the DagBag from /home/airflow/.local/lib/python3.9/site-packages/airflow/example_dags/tutorial.py
[2023-07-23T19:51:23.894+0000] {processor.py:836} INFO - DAG(s) dict_keys(['tutorial']) retrieved from /home/airflow/.local/lib/python3.9/site-packages/airflow/example_dags/tutorial.py
[2023-07-23T19:51:24.076+0000] {logging_mixin.py:150} INFO - [2023-07-23T19:51:24.076+0000] {dag.py:2742} INFO - Sync 1 DAGs
[2023-07-23T19:51:24.239+0000] {logging_mixin.py:150} INFO - [2023-07-23T19:51:24.239+0000] {dag.py:3504} INFO - Setting next_dagrun for tutorial to 2023-07-22T19:51:24.238658+00:00, run_after=2023-07-23T19:51:24.238658+00:00
[2023-07-23T19:51:24.481+0000] {processor.py:179} INFO - Processing /home/airflow/.local/lib/python3.9/site-packages/airflow/example_dags/tutorial.py took 0.651 seconds
[2023-07-23T19:51:55.244+0000] {processor.py:157} INFO - Started process (PID=1256) to work on /home/airflow/.local/lib/python3.9/site-packages/airflow/example_dags/tutorial.py
[2023-07-23T19:51:55.256+0000] {processor.py:826} INFO - Processing file /home/airflow/.local/lib/python3.9/site-packages/airflow/example_dags/tutorial.py for tasks to queue
[2023-07-23T19:51:55.257+0000] {logging_mixin.py:150} INFO - [2023-07-23T19:51:55.256+0000] {dagbag.py:541} INFO - Filling up the DagBag from /home/airflow/.local/lib/python3.9/site-packages/airflow/example_dags/tutorial.py
[2023-07-23T19:51:55.299+0000] {processor.py:836} INFO - DAG(s) dict_keys(['tutorial']) retrieved from /home/airflow/.local/lib/python3.9/site-packages/airflow/example_dags/tutorial.py
[2023-07-23T19:51:55.406+0000] {logging_mixin.py:150} INFO - [2023-07-23T19:51:55.403+0000] {dag.py:2742} INFO - Sync 1 DAGs
[2023-07-23T19:51:55.526+0000] {logging_mixin.py:150} INFO - [2023-07-23T19:51:55.526+0000] {dag.py:3504} INFO - Setting next_dagrun for tutorial to 2023-07-22T19:51:55.526090+00:00, run_after=2023-07-23T19:51:55.526090+00:00
[2023-07-23T19:51:55.633+0000] {processor.py:179} INFO - Processing /home/airflow/.local/lib/python3.9/site-packages/airflow/example_dags/tutorial.py took 0.421 seconds
[2023-07-23T19:52:26.374+0000] {processor.py:157} INFO - Started process (PID=1319) to work on /home/airflow/.local/lib/python3.9/site-packages/airflow/example_dags/tutorial.py
[2023-07-23T19:52:26.385+0000] {processor.py:826} INFO - Processing file /home/airflow/.local/lib/python3.9/site-packages/airflow/example_dags/tutorial.py for tasks to queue
[2023-07-23T19:52:26.386+0000] {logging_mixin.py:150} INFO - [2023-07-23T19:52:26.386+0000] {dagbag.py:541} INFO - Filling up the DagBag from /home/airflow/.local/lib/python3.9/site-packages/airflow/example_dags/tutorial.py
[2023-07-23T19:52:26.394+0000] {processor.py:836} INFO - DAG(s) dict_keys(['tutorial']) retrieved from /home/airflow/.local/lib/python3.9/site-packages/airflow/example_dags/tutorial.py
[2023-07-23T19:52:26.476+0000] {logging_mixin.py:150} INFO - [2023-07-23T19:52:26.475+0000] {dag.py:2742} INFO - Sync 1 DAGs
[2023-07-23T19:52:26.552+0000] {logging_mixin.py:150} INFO - [2023-07-23T19:52:26.551+0000] {dag.py:3504} INFO - Setting next_dagrun for tutorial to 2023-07-22T19:52:26.551593+00:00, run_after=2023-07-23T19:52:26.551593+00:00
[2023-07-23T19:52:26.640+0000] {processor.py:179} INFO - Processing /home/airflow/.local/lib/python3.9/site-packages/airflow/example_dags/tutorial.py took 0.270 seconds
[2023-07-23T19:53:03.868+0000] {processor.py:157} INFO - Started process (PID=1383) to work on /home/airflow/.local/lib/python3.9/site-packages/airflow/example_dags/tutorial.py
[2023-07-23T19:53:03.869+0000] {processor.py:826} INFO - Processing file /home/airflow/.local/lib/python3.9/site-packages/airflow/example_dags/tutorial.py for tasks to queue
[2023-07-23T19:53:03.870+0000] {logging_mixin.py:150} INFO - [2023-07-23T19:53:03.870+0000] {dagbag.py:541} INFO - Filling up the DagBag from /home/airflow/.local/lib/python3.9/site-packages/airflow/example_dags/tutorial.py
[2023-07-23T19:53:03.900+0000] {processor.py:836} INFO - DAG(s) dict_keys(['tutorial']) retrieved from /home/airflow/.local/lib/python3.9/site-packages/airflow/example_dags/tutorial.py
[2023-07-23T19:53:04.118+0000] {logging_mixin.py:150} INFO - [2023-07-23T19:53:04.118+0000] {dag.py:2742} INFO - Sync 1 DAGs
[2023-07-23T19:53:04.318+0000] {logging_mixin.py:150} INFO - [2023-07-23T19:53:04.317+0000] {dag.py:3504} INFO - Setting next_dagrun for tutorial to 2023-07-22T19:53:04.317590+00:00, run_after=2023-07-23T19:53:04.317590+00:00
[2023-07-23T19:53:04.545+0000] {processor.py:179} INFO - Processing /home/airflow/.local/lib/python3.9/site-packages/airflow/example_dags/tutorial.py took 0.756 seconds
[2023-07-23T19:53:34.929+0000] {processor.py:157} INFO - Started process (PID=1445) to work on /home/airflow/.local/lib/python3.9/site-packages/airflow/example_dags/tutorial.py
[2023-07-23T19:53:34.943+0000] {processor.py:826} INFO - Processing file /home/airflow/.local/lib/python3.9/site-packages/airflow/example_dags/tutorial.py for tasks to queue
[2023-07-23T19:53:34.944+0000] {logging_mixin.py:150} INFO - [2023-07-23T19:53:34.944+0000] {dagbag.py:541} INFO - Filling up the DagBag from /home/airflow/.local/lib/python3.9/site-packages/airflow/example_dags/tutorial.py
[2023-07-23T19:53:34.952+0000] {processor.py:836} INFO - DAG(s) dict_keys(['tutorial']) retrieved from /home/airflow/.local/lib/python3.9/site-packages/airflow/example_dags/tutorial.py
[2023-07-23T19:53:34.996+0000] {logging_mixin.py:150} INFO - [2023-07-23T19:53:34.996+0000] {dag.py:2742} INFO - Sync 1 DAGs
[2023-07-23T19:53:35.054+0000] {logging_mixin.py:150} INFO - [2023-07-23T19:53:35.053+0000] {dag.py:3504} INFO - Setting next_dagrun for tutorial to 2023-07-22T19:53:35.052955+00:00, run_after=2023-07-23T19:53:35.052955+00:00
[2023-07-23T19:53:35.119+0000] {processor.py:179} INFO - Processing /home/airflow/.local/lib/python3.9/site-packages/airflow/example_dags/tutorial.py took 0.204 seconds
[2023-07-23T19:54:05.393+0000] {processor.py:157} INFO - Started process (PID=1507) to work on /home/airflow/.local/lib/python3.9/site-packages/airflow/example_dags/tutorial.py
[2023-07-23T19:54:05.415+0000] {processor.py:826} INFO - Processing file /home/airflow/.local/lib/python3.9/site-packages/airflow/example_dags/tutorial.py for tasks to queue
[2023-07-23T19:54:05.416+0000] {logging_mixin.py:150} INFO - [2023-07-23T19:54:05.415+0000] {dagbag.py:541} INFO - Filling up the DagBag from /home/airflow/.local/lib/python3.9/site-packages/airflow/example_dags/tutorial.py
[2023-07-23T19:54:05.423+0000] {processor.py:836} INFO - DAG(s) dict_keys(['tutorial']) retrieved from /home/airflow/.local/lib/python3.9/site-packages/airflow/example_dags/tutorial.py
[2023-07-23T19:54:05.516+0000] {logging_mixin.py:150} INFO - [2023-07-23T19:54:05.515+0000] {dag.py:2742} INFO - Sync 1 DAGs
[2023-07-23T19:54:05.616+0000] {logging_mixin.py:150} INFO - [2023-07-23T19:54:05.616+0000] {dag.py:3504} INFO - Setting next_dagrun for tutorial to 2023-07-22T19:54:05.616047+00:00, run_after=2023-07-23T19:54:05.616047+00:00
[2023-07-23T19:54:05.698+0000] {processor.py:179} INFO - Processing /home/airflow/.local/lib/python3.9/site-packages/airflow/example_dags/tutorial.py took 0.309 seconds
[2023-07-23T19:54:36.461+0000] {processor.py:157} INFO - Started process (PID=1568) to work on /home/airflow/.local/lib/python3.9/site-packages/airflow/example_dags/tutorial.py
[2023-07-23T19:54:36.475+0000] {processor.py:826} INFO - Processing file /home/airflow/.local/lib/python3.9/site-packages/airflow/example_dags/tutorial.py for tasks to queue
[2023-07-23T19:54:36.476+0000] {logging_mixin.py:150} INFO - [2023-07-23T19:54:36.476+0000] {dagbag.py:541} INFO - Filling up the DagBag from /home/airflow/.local/lib/python3.9/site-packages/airflow/example_dags/tutorial.py
[2023-07-23T19:54:36.499+0000] {processor.py:836} INFO - DAG(s) dict_keys(['tutorial']) retrieved from /home/airflow/.local/lib/python3.9/site-packages/airflow/example_dags/tutorial.py
[2023-07-23T19:54:36.577+0000] {logging_mixin.py:150} INFO - [2023-07-23T19:54:36.577+0000] {dag.py:2742} INFO - Sync 1 DAGs
[2023-07-23T19:54:36.660+0000] {logging_mixin.py:150} INFO - [2023-07-23T19:54:36.660+0000] {dag.py:3504} INFO - Setting next_dagrun for tutorial to 2023-07-22T19:54:36.659664+00:00, run_after=2023-07-23T19:54:36.659664+00:00
[2023-07-23T19:54:36.717+0000] {processor.py:179} INFO - Processing /home/airflow/.local/lib/python3.9/site-packages/airflow/example_dags/tutorial.py took 0.260 seconds
[2023-07-23T19:55:10.495+0000] {processor.py:157} INFO - Started process (PID=1631) to work on /home/airflow/.local/lib/python3.9/site-packages/airflow/example_dags/tutorial.py
[2023-07-23T19:55:10.516+0000] {processor.py:826} INFO - Processing file /home/airflow/.local/lib/python3.9/site-packages/airflow/example_dags/tutorial.py for tasks to queue
[2023-07-23T19:55:10.535+0000] {logging_mixin.py:150} INFO - [2023-07-23T19:55:10.517+0000] {dagbag.py:541} INFO - Filling up the DagBag from /home/airflow/.local/lib/python3.9/site-packages/airflow/example_dags/tutorial.py
[2023-07-23T19:55:10.543+0000] {processor.py:836} INFO - DAG(s) dict_keys(['tutorial']) retrieved from /home/airflow/.local/lib/python3.9/site-packages/airflow/example_dags/tutorial.py
[2023-07-23T19:55:10.776+0000] {logging_mixin.py:150} INFO - [2023-07-23T19:55:10.776+0000] {dag.py:2742} INFO - Sync 1 DAGs
[2023-07-23T19:55:10.928+0000] {logging_mixin.py:150} INFO - [2023-07-23T19:55:10.928+0000] {dag.py:3504} INFO - Setting next_dagrun for tutorial to 2023-07-22T19:55:10.928279+00:00, run_after=2023-07-23T19:55:10.928279+00:00
[2023-07-23T19:55:11.104+0000] {processor.py:179} INFO - Processing /home/airflow/.local/lib/python3.9/site-packages/airflow/example_dags/tutorial.py took 0.613 seconds
[2023-07-23T19:55:43.047+0000] {processor.py:157} INFO - Started process (PID=1687) to work on /home/airflow/.local/lib/python3.9/site-packages/airflow/example_dags/tutorial.py
[2023-07-23T19:55:43.055+0000] {processor.py:826} INFO - Processing file /home/airflow/.local/lib/python3.9/site-packages/airflow/example_dags/tutorial.py for tasks to queue
[2023-07-23T19:55:43.056+0000] {logging_mixin.py:150} INFO - [2023-07-23T19:55:43.056+0000] {dagbag.py:541} INFO - Filling up the DagBag from /home/airflow/.local/lib/python3.9/site-packages/airflow/example_dags/tutorial.py
[2023-07-23T19:55:43.065+0000] {processor.py:836} INFO - DAG(s) dict_keys(['tutorial']) retrieved from /home/airflow/.local/lib/python3.9/site-packages/airflow/example_dags/tutorial.py
[2023-07-23T19:55:43.287+0000] {logging_mixin.py:150} INFO - [2023-07-23T19:55:43.287+0000] {dag.py:2742} INFO - Sync 1 DAGs
[2023-07-23T19:55:43.417+0000] {logging_mixin.py:150} INFO - [2023-07-23T19:55:43.416+0000] {dag.py:3504} INFO - Setting next_dagrun for tutorial to 2023-07-22T19:55:43.416308+00:00, run_after=2023-07-23T19:55:43.416308+00:00
[2023-07-23T19:55:43.549+0000] {processor.py:179} INFO - Processing /home/airflow/.local/lib/python3.9/site-packages/airflow/example_dags/tutorial.py took 0.525 seconds
[2023-07-23T19:56:14.723+0000] {processor.py:157} INFO - Started process (PID=1748) to work on /home/airflow/.local/lib/python3.9/site-packages/airflow/example_dags/tutorial.py
[2023-07-23T19:56:14.752+0000] {processor.py:826} INFO - Processing file /home/airflow/.local/lib/python3.9/site-packages/airflow/example_dags/tutorial.py for tasks to queue
[2023-07-23T19:56:14.753+0000] {logging_mixin.py:150} INFO - [2023-07-23T19:56:14.753+0000] {dagbag.py:541} INFO - Filling up the DagBag from /home/airflow/.local/lib/python3.9/site-packages/airflow/example_dags/tutorial.py
[2023-07-23T19:56:14.761+0000] {processor.py:836} INFO - DAG(s) dict_keys(['tutorial']) retrieved from /home/airflow/.local/lib/python3.9/site-packages/airflow/example_dags/tutorial.py
[2023-07-23T19:56:14.787+0000] {logging_mixin.py:150} INFO - [2023-07-23T19:56:14.787+0000] {dag.py:2742} INFO - Sync 1 DAGs
[2023-07-23T19:56:14.814+0000] {logging_mixin.py:150} INFO - [2023-07-23T19:56:14.813+0000] {dag.py:3504} INFO - Setting next_dagrun for tutorial to 2023-07-22T19:56:14.813482+00:00, run_after=2023-07-23T19:56:14.813482+00:00
[2023-07-23T19:56:14.861+0000] {processor.py:179} INFO - Processing /home/airflow/.local/lib/python3.9/site-packages/airflow/example_dags/tutorial.py took 0.142 seconds
[2023-07-23T19:56:45.841+0000] {processor.py:157} INFO - Started process (PID=1808) to work on /home/airflow/.local/lib/python3.9/site-packages/airflow/example_dags/tutorial.py
[2023-07-23T19:56:45.865+0000] {processor.py:826} INFO - Processing file /home/airflow/.local/lib/python3.9/site-packages/airflow/example_dags/tutorial.py for tasks to queue
[2023-07-23T19:56:45.866+0000] {logging_mixin.py:150} INFO - [2023-07-23T19:56:45.866+0000] {dagbag.py:541} INFO - Filling up the DagBag from /home/airflow/.local/lib/python3.9/site-packages/airflow/example_dags/tutorial.py
[2023-07-23T19:56:45.874+0000] {processor.py:836} INFO - DAG(s) dict_keys(['tutorial']) retrieved from /home/airflow/.local/lib/python3.9/site-packages/airflow/example_dags/tutorial.py
[2023-07-23T19:56:45.976+0000] {logging_mixin.py:150} INFO - [2023-07-23T19:56:45.976+0000] {dag.py:2742} INFO - Sync 1 DAGs
[2023-07-23T19:56:46.056+0000] {logging_mixin.py:150} INFO - [2023-07-23T19:56:46.056+0000] {dag.py:3504} INFO - Setting next_dagrun for tutorial to 2023-07-22T19:56:46.056022+00:00, run_after=2023-07-23T19:56:46.056022+00:00
[2023-07-23T19:56:46.116+0000] {processor.py:179} INFO - Processing /home/airflow/.local/lib/python3.9/site-packages/airflow/example_dags/tutorial.py took 0.279 seconds
[2023-07-23T19:57:47.250+0000] {processor.py:157} INFO - Started process (PID=1893) to work on /home/airflow/.local/lib/python3.9/site-packages/airflow/example_dags/tutorial.py
[2023-07-23T19:57:47.252+0000] {processor.py:826} INFO - Processing file /home/airflow/.local/lib/python3.9/site-packages/airflow/example_dags/tutorial.py for tasks to queue
[2023-07-23T19:57:47.289+0000] {logging_mixin.py:150} INFO - [2023-07-23T19:57:47.289+0000] {dagbag.py:541} INFO - Filling up the DagBag from /home/airflow/.local/lib/python3.9/site-packages/airflow/example_dags/tutorial.py
[2023-07-23T19:57:47.399+0000] {processor.py:836} INFO - DAG(s) dict_keys(['tutorial']) retrieved from /home/airflow/.local/lib/python3.9/site-packages/airflow/example_dags/tutorial.py
[2023-07-23T19:57:47.968+0000] {logging_mixin.py:150} INFO - [2023-07-23T19:57:47.968+0000] {dag.py:2742} INFO - Sync 1 DAGs
[2023-07-23T19:57:48.959+0000] {logging_mixin.py:150} INFO - [2023-07-23T19:57:48.959+0000] {dag.py:3504} INFO - Setting next_dagrun for tutorial to 2023-07-22T19:57:48.958711+00:00, run_after=2023-07-23T19:57:48.958711+00:00
[2023-07-23T19:57:49.805+0000] {processor.py:179} INFO - Processing /home/airflow/.local/lib/python3.9/site-packages/airflow/example_dags/tutorial.py took 2.617 seconds
[2023-07-23T20:05:59.122+0000] {processor.py:157} INFO - Started process (PID=143) to work on /home/airflow/.local/lib/python3.9/site-packages/airflow/example_dags/tutorial.py
[2023-07-23T20:05:59.142+0000] {processor.py:826} INFO - Processing file /home/airflow/.local/lib/python3.9/site-packages/airflow/example_dags/tutorial.py for tasks to queue
[2023-07-23T20:05:59.143+0000] {logging_mixin.py:150} INFO - [2023-07-23T20:05:59.142+0000] {dagbag.py:541} INFO - Filling up the DagBag from /home/airflow/.local/lib/python3.9/site-packages/airflow/example_dags/tutorial.py
[2023-07-23T20:05:59.151+0000] {processor.py:836} INFO - DAG(s) dict_keys(['tutorial']) retrieved from /home/airflow/.local/lib/python3.9/site-packages/airflow/example_dags/tutorial.py
[2023-07-23T20:05:59.222+0000] {logging_mixin.py:150} INFO - [2023-07-23T20:05:59.222+0000] {dag.py:2742} INFO - Sync 1 DAGs
[2023-07-23T20:05:59.336+0000] {logging_mixin.py:150} INFO - [2023-07-23T20:05:59.336+0000] {dag.py:3504} INFO - Setting next_dagrun for tutorial to 2023-07-22T20:05:59.335898+00:00, run_after=2023-07-23T20:05:59.335898+00:00
[2023-07-23T20:05:59.415+0000] {processor.py:179} INFO - Processing /home/airflow/.local/lib/python3.9/site-packages/airflow/example_dags/tutorial.py took 0.298 seconds
[2023-07-23T20:07:34.992+0000] {processor.py:157} INFO - Started process (PID=239) to work on /home/airflow/.local/lib/python3.9/site-packages/airflow/example_dags/tutorial.py
[2023-07-23T20:07:35.009+0000] {processor.py:826} INFO - Processing file /home/airflow/.local/lib/python3.9/site-packages/airflow/example_dags/tutorial.py for tasks to queue
[2023-07-23T20:07:35.010+0000] {logging_mixin.py:150} INFO - [2023-07-23T20:07:35.010+0000] {dagbag.py:541} INFO - Filling up the DagBag from /home/airflow/.local/lib/python3.9/site-packages/airflow/example_dags/tutorial.py
[2023-07-23T20:07:35.157+0000] {processor.py:836} INFO - DAG(s) dict_keys(['tutorial']) retrieved from /home/airflow/.local/lib/python3.9/site-packages/airflow/example_dags/tutorial.py
[2023-07-23T20:07:35.624+0000] {logging_mixin.py:150} INFO - [2023-07-23T20:07:35.624+0000] {dag.py:2742} INFO - Sync 1 DAGs
[2023-07-23T20:07:35.973+0000] {logging_mixin.py:150} INFO - [2023-07-23T20:07:35.972+0000] {dag.py:3504} INFO - Setting next_dagrun for tutorial to 2023-07-22T20:07:35.972596+00:00, run_after=2023-07-23T20:07:35.972596+00:00
[2023-07-23T20:07:36.865+0000] {processor.py:179} INFO - Processing /home/airflow/.local/lib/python3.9/site-packages/airflow/example_dags/tutorial.py took 1.965 seconds
[2023-07-23T20:09:40.635+0000] {processor.py:157} INFO - Started process (PID=341) to work on /home/airflow/.local/lib/python3.9/site-packages/airflow/example_dags/tutorial.py
[2023-07-23T20:09:40.637+0000] {processor.py:826} INFO - Processing file /home/airflow/.local/lib/python3.9/site-packages/airflow/example_dags/tutorial.py for tasks to queue
[2023-07-23T20:09:40.638+0000] {logging_mixin.py:150} INFO - [2023-07-23T20:09:40.637+0000] {dagbag.py:541} INFO - Filling up the DagBag from /home/airflow/.local/lib/python3.9/site-packages/airflow/example_dags/tutorial.py
[2023-07-23T20:09:40.728+0000] {processor.py:836} INFO - DAG(s) dict_keys(['tutorial']) retrieved from /home/airflow/.local/lib/python3.9/site-packages/airflow/example_dags/tutorial.py
[2023-07-23T20:09:40.910+0000] {logging_mixin.py:150} INFO - [2023-07-23T20:09:40.910+0000] {dag.py:2742} INFO - Sync 1 DAGs
[2023-07-23T20:09:41.361+0000] {logging_mixin.py:150} INFO - [2023-07-23T20:09:41.360+0000] {dag.py:3504} INFO - Setting next_dagrun for tutorial to 2023-07-22T20:09:41.348317+00:00, run_after=2023-07-23T20:09:41.348317+00:00
[2023-07-23T20:09:41.589+0000] {processor.py:179} INFO - Processing /home/airflow/.local/lib/python3.9/site-packages/airflow/example_dags/tutorial.py took 1.056 seconds
[2023-07-23T20:10:16.203+0000] {processor.py:157} INFO - Started process (PID=402) to work on /home/airflow/.local/lib/python3.9/site-packages/airflow/example_dags/tutorial.py
[2023-07-23T20:10:16.215+0000] {processor.py:826} INFO - Processing file /home/airflow/.local/lib/python3.9/site-packages/airflow/example_dags/tutorial.py for tasks to queue
[2023-07-23T20:10:16.216+0000] {logging_mixin.py:150} INFO - [2023-07-23T20:10:16.215+0000] {dagbag.py:541} INFO - Filling up the DagBag from /home/airflow/.local/lib/python3.9/site-packages/airflow/example_dags/tutorial.py
[2023-07-23T20:10:16.223+0000] {processor.py:836} INFO - DAG(s) dict_keys(['tutorial']) retrieved from /home/airflow/.local/lib/python3.9/site-packages/airflow/example_dags/tutorial.py
[2023-07-23T20:10:16.282+0000] {logging_mixin.py:150} INFO - [2023-07-23T20:10:16.282+0000] {dag.py:2742} INFO - Sync 1 DAGs
[2023-07-23T20:10:16.339+0000] {logging_mixin.py:150} INFO - [2023-07-23T20:10:16.339+0000] {dag.py:3504} INFO - Setting next_dagrun for tutorial to 2023-07-22T20:10:16.338875+00:00, run_after=2023-07-23T20:10:16.338875+00:00
[2023-07-23T20:10:16.385+0000] {processor.py:179} INFO - Processing /home/airflow/.local/lib/python3.9/site-packages/airflow/example_dags/tutorial.py took 0.191 seconds
[2023-07-23T20:10:50.503+0000] {processor.py:157} INFO - Started process (PID=464) to work on /home/airflow/.local/lib/python3.9/site-packages/airflow/example_dags/tutorial.py
[2023-07-23T20:10:50.525+0000] {processor.py:826} INFO - Processing file /home/airflow/.local/lib/python3.9/site-packages/airflow/example_dags/tutorial.py for tasks to queue
[2023-07-23T20:10:50.526+0000] {logging_mixin.py:150} INFO - [2023-07-23T20:10:50.526+0000] {dagbag.py:541} INFO - Filling up the DagBag from /home/airflow/.local/lib/python3.9/site-packages/airflow/example_dags/tutorial.py
[2023-07-23T20:10:50.534+0000] {processor.py:836} INFO - DAG(s) dict_keys(['tutorial']) retrieved from /home/airflow/.local/lib/python3.9/site-packages/airflow/example_dags/tutorial.py
[2023-07-23T20:10:50.668+0000] {logging_mixin.py:150} INFO - [2023-07-23T20:10:50.667+0000] {dag.py:2742} INFO - Sync 1 DAGs
[2023-07-23T20:10:50.828+0000] {logging_mixin.py:150} INFO - [2023-07-23T20:10:50.828+0000] {dag.py:3504} INFO - Setting next_dagrun for tutorial to 2023-07-22T20:10:50.827874+00:00, run_after=2023-07-23T20:10:50.827874+00:00
[2023-07-23T20:10:50.955+0000] {processor.py:179} INFO - Processing /home/airflow/.local/lib/python3.9/site-packages/airflow/example_dags/tutorial.py took 0.457 seconds
[2023-07-23T20:11:21.835+0000] {processor.py:157} INFO - Started process (PID=526) to work on /home/airflow/.local/lib/python3.9/site-packages/airflow/example_dags/tutorial.py
[2023-07-23T20:11:21.837+0000] {processor.py:826} INFO - Processing file /home/airflow/.local/lib/python3.9/site-packages/airflow/example_dags/tutorial.py for tasks to queue
[2023-07-23T20:11:21.838+0000] {logging_mixin.py:150} INFO - [2023-07-23T20:11:21.837+0000] {dagbag.py:541} INFO - Filling up the DagBag from /home/airflow/.local/lib/python3.9/site-packages/airflow/example_dags/tutorial.py
[2023-07-23T20:11:21.849+0000] {processor.py:836} INFO - DAG(s) dict_keys(['tutorial']) retrieved from /home/airflow/.local/lib/python3.9/site-packages/airflow/example_dags/tutorial.py
[2023-07-23T20:11:21.886+0000] {logging_mixin.py:150} INFO - [2023-07-23T20:11:21.886+0000] {dag.py:2742} INFO - Sync 1 DAGs
[2023-07-23T20:11:21.927+0000] {logging_mixin.py:150} INFO - [2023-07-23T20:11:21.927+0000] {dag.py:3504} INFO - Setting next_dagrun for tutorial to 2023-07-22T20:11:21.926871+00:00, run_after=2023-07-23T20:11:21.926871+00:00
[2023-07-23T20:11:21.968+0000] {processor.py:179} INFO - Processing /home/airflow/.local/lib/python3.9/site-packages/airflow/example_dags/tutorial.py took 0.137 seconds
[2023-07-23T20:12:32.155+0000] {processor.py:157} INFO - Started process (PID=603) to work on /home/airflow/.local/lib/python3.9/site-packages/airflow/example_dags/tutorial.py
[2023-07-23T20:12:32.194+0000] {processor.py:826} INFO - Processing file /home/airflow/.local/lib/python3.9/site-packages/airflow/example_dags/tutorial.py for tasks to queue
[2023-07-23T20:12:32.195+0000] {logging_mixin.py:150} INFO - [2023-07-23T20:12:32.195+0000] {dagbag.py:541} INFO - Filling up the DagBag from /home/airflow/.local/lib/python3.9/site-packages/airflow/example_dags/tutorial.py
[2023-07-23T20:12:32.423+0000] {processor.py:836} INFO - DAG(s) dict_keys(['tutorial']) retrieved from /home/airflow/.local/lib/python3.9/site-packages/airflow/example_dags/tutorial.py
[2023-07-23T20:12:33.110+0000] {logging_mixin.py:150} INFO - [2023-07-23T20:12:33.110+0000] {dag.py:2742} INFO - Sync 1 DAGs
[2023-07-23T20:12:34.112+0000] {logging_mixin.py:150} INFO - [2023-07-23T20:12:34.111+0000] {dag.py:3504} INFO - Setting next_dagrun for tutorial to 2023-07-22T20:12:34.111570+00:00, run_after=2023-07-23T20:12:34.111570+00:00
[2023-07-23T20:12:35.060+0000] {processor.py:179} INFO - Processing /home/airflow/.local/lib/python3.9/site-packages/airflow/example_dags/tutorial.py took 3.231 seconds
[2023-07-23T20:14:58.505+0000] {processor.py:157} INFO - Started process (PID=709) to work on /home/airflow/.local/lib/python3.9/site-packages/airflow/example_dags/tutorial.py
[2023-07-23T20:14:58.545+0000] {processor.py:826} INFO - Processing file /home/airflow/.local/lib/python3.9/site-packages/airflow/example_dags/tutorial.py for tasks to queue
[2023-07-23T20:14:58.546+0000] {logging_mixin.py:150} INFO - [2023-07-23T20:14:58.546+0000] {dagbag.py:541} INFO - Filling up the DagBag from /home/airflow/.local/lib/python3.9/site-packages/airflow/example_dags/tutorial.py
[2023-07-23T20:14:58.777+0000] {processor.py:836} INFO - DAG(s) dict_keys(['tutorial']) retrieved from /home/airflow/.local/lib/python3.9/site-packages/airflow/example_dags/tutorial.py
[2023-07-23T20:14:59.680+0000] {logging_mixin.py:150} INFO - [2023-07-23T20:14:59.679+0000] {dag.py:2742} INFO - Sync 1 DAGs
[2023-07-23T20:15:00.141+0000] {logging_mixin.py:150} INFO - [2023-07-23T20:15:00.141+0000] {dag.py:3504} INFO - Setting next_dagrun for tutorial to 2023-07-22T20:15:00.141270+00:00, run_after=2023-07-23T20:15:00.141270+00:00
[2023-07-23T20:15:00.615+0000] {processor.py:179} INFO - Processing /home/airflow/.local/lib/python3.9/site-packages/airflow/example_dags/tutorial.py took 2.354 seconds
[2023-07-23T20:15:31.151+0000] {processor.py:157} INFO - Started process (PID=764) to work on /home/airflow/.local/lib/python3.9/site-packages/airflow/example_dags/tutorial.py
[2023-07-23T20:15:31.157+0000] {processor.py:826} INFO - Processing file /home/airflow/.local/lib/python3.9/site-packages/airflow/example_dags/tutorial.py for tasks to queue
[2023-07-23T20:15:31.158+0000] {logging_mixin.py:150} INFO - [2023-07-23T20:15:31.157+0000] {dagbag.py:541} INFO - Filling up the DagBag from /home/airflow/.local/lib/python3.9/site-packages/airflow/example_dags/tutorial.py
[2023-07-23T20:15:31.186+0000] {processor.py:836} INFO - DAG(s) dict_keys(['tutorial']) retrieved from /home/airflow/.local/lib/python3.9/site-packages/airflow/example_dags/tutorial.py
[2023-07-23T20:15:31.256+0000] {logging_mixin.py:150} INFO - [2023-07-23T20:15:31.256+0000] {dag.py:2742} INFO - Sync 1 DAGs
[2023-07-23T20:15:31.363+0000] {logging_mixin.py:150} INFO - [2023-07-23T20:15:31.363+0000] {dag.py:3504} INFO - Setting next_dagrun for tutorial to 2023-07-22T20:15:31.362966+00:00, run_after=2023-07-23T20:15:31.362966+00:00
[2023-07-23T20:15:31.496+0000] {processor.py:179} INFO - Processing /home/airflow/.local/lib/python3.9/site-packages/airflow/example_dags/tutorial.py took 0.349 seconds
[2023-07-23T20:16:02.492+0000] {processor.py:157} INFO - Started process (PID=825) to work on /home/airflow/.local/lib/python3.9/site-packages/airflow/example_dags/tutorial.py
[2023-07-23T20:16:02.493+0000] {processor.py:826} INFO - Processing file /home/airflow/.local/lib/python3.9/site-packages/airflow/example_dags/tutorial.py for tasks to queue
[2023-07-23T20:16:02.494+0000] {logging_mixin.py:150} INFO - [2023-07-23T20:16:02.493+0000] {dagbag.py:541} INFO - Filling up the DagBag from /home/airflow/.local/lib/python3.9/site-packages/airflow/example_dags/tutorial.py
[2023-07-23T20:16:02.501+0000] {processor.py:836} INFO - DAG(s) dict_keys(['tutorial']) retrieved from /home/airflow/.local/lib/python3.9/site-packages/airflow/example_dags/tutorial.py
[2023-07-23T20:16:02.570+0000] {logging_mixin.py:150} INFO - [2023-07-23T20:16:02.570+0000] {dag.py:2742} INFO - Sync 1 DAGs
[2023-07-23T20:16:02.626+0000] {logging_mixin.py:150} INFO - [2023-07-23T20:16:02.626+0000] {dag.py:3504} INFO - Setting next_dagrun for tutorial to 2023-07-22T20:16:02.626053+00:00, run_after=2023-07-23T20:16:02.626053+00:00
[2023-07-23T20:16:02.673+0000] {processor.py:179} INFO - Processing /home/airflow/.local/lib/python3.9/site-packages/airflow/example_dags/tutorial.py took 0.192 seconds
[2023-07-23T20:17:16.424+0000] {processor.py:157} INFO - Started process (PID=899) to work on /home/airflow/.local/lib/python3.9/site-packages/airflow/example_dags/tutorial.py
[2023-07-23T20:17:16.493+0000] {processor.py:826} INFO - Processing file /home/airflow/.local/lib/python3.9/site-packages/airflow/example_dags/tutorial.py for tasks to queue
[2023-07-23T20:17:16.494+0000] {logging_mixin.py:150} INFO - [2023-07-23T20:17:16.493+0000] {dagbag.py:541} INFO - Filling up the DagBag from /home/airflow/.local/lib/python3.9/site-packages/airflow/example_dags/tutorial.py
[2023-07-23T20:17:16.909+0000] {processor.py:836} INFO - DAG(s) dict_keys(['tutorial']) retrieved from /home/airflow/.local/lib/python3.9/site-packages/airflow/example_dags/tutorial.py
[2023-07-23T20:17:17.743+0000] {logging_mixin.py:150} INFO - [2023-07-23T20:17:17.742+0000] {dag.py:2742} INFO - Sync 1 DAGs
[2023-07-23T20:17:18.981+0000] {logging_mixin.py:150} INFO - [2023-07-23T20:17:18.980+0000] {dag.py:3504} INFO - Setting next_dagrun for tutorial to 2023-07-22T20:17:18.980401+00:00, run_after=2023-07-23T20:17:18.980401+00:00
[2023-07-23T20:17:20.088+0000] {processor.py:179} INFO - Processing /home/airflow/.local/lib/python3.9/site-packages/airflow/example_dags/tutorial.py took 3.704 seconds
[2023-07-23T20:20:18.602+0000] {processor.py:157} INFO - Started process (PID=1025) to work on /home/airflow/.local/lib/python3.9/site-packages/airflow/example_dags/tutorial.py
[2023-07-23T20:20:18.615+0000] {processor.py:826} INFO - Processing file /home/airflow/.local/lib/python3.9/site-packages/airflow/example_dags/tutorial.py for tasks to queue
[2023-07-23T20:20:18.616+0000] {logging_mixin.py:150} INFO - [2023-07-23T20:20:18.616+0000] {dagbag.py:541} INFO - Filling up the DagBag from /home/airflow/.local/lib/python3.9/site-packages/airflow/example_dags/tutorial.py
[2023-07-23T20:20:18.624+0000] {processor.py:836} INFO - DAG(s) dict_keys(['tutorial']) retrieved from /home/airflow/.local/lib/python3.9/site-packages/airflow/example_dags/tutorial.py
[2023-07-23T20:20:18.766+0000] {logging_mixin.py:150} INFO - [2023-07-23T20:20:18.766+0000] {dag.py:2742} INFO - Sync 1 DAGs
[2023-07-23T20:20:18.854+0000] {logging_mixin.py:150} INFO - [2023-07-23T20:20:18.853+0000] {dag.py:3504} INFO - Setting next_dagrun for tutorial to 2023-07-22T20:20:18.853596+00:00, run_after=2023-07-23T20:20:18.853596+00:00
[2023-07-23T20:20:18.955+0000] {processor.py:179} INFO - Processing /home/airflow/.local/lib/python3.9/site-packages/airflow/example_dags/tutorial.py took 0.385 seconds
[2023-07-23T20:20:50.973+0000] {processor.py:157} INFO - Started process (PID=1086) to work on /home/airflow/.local/lib/python3.9/site-packages/airflow/example_dags/tutorial.py
[2023-07-23T20:20:50.995+0000] {processor.py:826} INFO - Processing file /home/airflow/.local/lib/python3.9/site-packages/airflow/example_dags/tutorial.py for tasks to queue
[2023-07-23T20:20:50.996+0000] {logging_mixin.py:150} INFO - [2023-07-23T20:20:50.995+0000] {dagbag.py:541} INFO - Filling up the DagBag from /home/airflow/.local/lib/python3.9/site-packages/airflow/example_dags/tutorial.py
[2023-07-23T20:20:51.004+0000] {processor.py:836} INFO - DAG(s) dict_keys(['tutorial']) retrieved from /home/airflow/.local/lib/python3.9/site-packages/airflow/example_dags/tutorial.py
[2023-07-23T20:20:51.226+0000] {logging_mixin.py:150} INFO - [2023-07-23T20:20:51.225+0000] {dag.py:2742} INFO - Sync 1 DAGs
[2023-07-23T20:20:51.350+0000] {logging_mixin.py:150} INFO - [2023-07-23T20:20:51.350+0000] {dag.py:3504} INFO - Setting next_dagrun for tutorial to 2023-07-22T20:20:51.350246+00:00, run_after=2023-07-23T20:20:51.350246+00:00
[2023-07-23T20:20:51.490+0000] {processor.py:179} INFO - Processing /home/airflow/.local/lib/python3.9/site-packages/airflow/example_dags/tutorial.py took 0.521 seconds
[2023-07-23T20:22:23.816+0000] {processor.py:157} INFO - Started process (PID=1183) to work on /home/airflow/.local/lib/python3.9/site-packages/airflow/example_dags/tutorial.py
[2023-07-23T20:22:23.925+0000] {processor.py:826} INFO - Processing file /home/airflow/.local/lib/python3.9/site-packages/airflow/example_dags/tutorial.py for tasks to queue
[2023-07-23T20:22:23.927+0000] {logging_mixin.py:150} INFO - [2023-07-23T20:22:23.926+0000] {dagbag.py:541} INFO - Filling up the DagBag from /home/airflow/.local/lib/python3.9/site-packages/airflow/example_dags/tutorial.py
[2023-07-23T20:22:24.353+0000] {processor.py:836} INFO - DAG(s) dict_keys(['tutorial']) retrieved from /home/airflow/.local/lib/python3.9/site-packages/airflow/example_dags/tutorial.py
[2023-07-23T20:22:24.962+0000] {logging_mixin.py:150} INFO - [2023-07-23T20:22:24.962+0000] {dag.py:2742} INFO - Sync 1 DAGs
[2023-07-23T20:22:26.029+0000] {logging_mixin.py:150} INFO - [2023-07-23T20:22:26.028+0000] {dag.py:3504} INFO - Setting next_dagrun for tutorial to 2023-07-22T20:22:26.028551+00:00, run_after=2023-07-23T20:22:26.028551+00:00
[2023-07-23T20:22:27.775+0000] {processor.py:179} INFO - Processing /home/airflow/.local/lib/python3.9/site-packages/airflow/example_dags/tutorial.py took 4.132 seconds
[2023-07-23T20:25:20.183+0000] {processor.py:157} INFO - Started process (PID=1309) to work on /home/airflow/.local/lib/python3.9/site-packages/airflow/example_dags/tutorial.py
[2023-07-23T20:25:20.195+0000] {processor.py:826} INFO - Processing file /home/airflow/.local/lib/python3.9/site-packages/airflow/example_dags/tutorial.py for tasks to queue
[2023-07-23T20:25:20.196+0000] {logging_mixin.py:150} INFO - [2023-07-23T20:25:20.196+0000] {dagbag.py:541} INFO - Filling up the DagBag from /home/airflow/.local/lib/python3.9/site-packages/airflow/example_dags/tutorial.py
[2023-07-23T20:25:20.204+0000] {processor.py:836} INFO - DAG(s) dict_keys(['tutorial']) retrieved from /home/airflow/.local/lib/python3.9/site-packages/airflow/example_dags/tutorial.py
[2023-07-23T20:25:20.300+0000] {logging_mixin.py:150} INFO - [2023-07-23T20:25:20.300+0000] {dag.py:2742} INFO - Sync 1 DAGs
[2023-07-23T20:25:20.451+0000] {logging_mixin.py:150} INFO - [2023-07-23T20:25:20.450+0000] {dag.py:3504} INFO - Setting next_dagrun for tutorial to 2023-07-22T20:25:20.450568+00:00, run_after=2023-07-23T20:25:20.450568+00:00
[2023-07-23T20:25:20.600+0000] {processor.py:179} INFO - Processing /home/airflow/.local/lib/python3.9/site-packages/airflow/example_dags/tutorial.py took 0.435 seconds
[2023-07-23T20:25:52.053+0000] {processor.py:157} INFO - Started process (PID=1364) to work on /home/airflow/.local/lib/python3.9/site-packages/airflow/example_dags/tutorial.py
[2023-07-23T20:25:52.055+0000] {processor.py:826} INFO - Processing file /home/airflow/.local/lib/python3.9/site-packages/airflow/example_dags/tutorial.py for tasks to queue
[2023-07-23T20:25:52.056+0000] {logging_mixin.py:150} INFO - [2023-07-23T20:25:52.056+0000] {dagbag.py:541} INFO - Filling up the DagBag from /home/airflow/.local/lib/python3.9/site-packages/airflow/example_dags/tutorial.py
[2023-07-23T20:25:52.064+0000] {processor.py:836} INFO - DAG(s) dict_keys(['tutorial']) retrieved from /home/airflow/.local/lib/python3.9/site-packages/airflow/example_dags/tutorial.py
[2023-07-23T20:25:52.226+0000] {logging_mixin.py:150} INFO - [2023-07-23T20:25:52.226+0000] {dag.py:2742} INFO - Sync 1 DAGs
[2023-07-23T20:25:52.347+0000] {logging_mixin.py:150} INFO - [2023-07-23T20:25:52.347+0000] {dag.py:3504} INFO - Setting next_dagrun for tutorial to 2023-07-22T20:25:52.347015+00:00, run_after=2023-07-23T20:25:52.347015+00:00
[2023-07-23T20:25:52.419+0000] {processor.py:179} INFO - Processing /home/airflow/.local/lib/python3.9/site-packages/airflow/example_dags/tutorial.py took 0.378 seconds
[2023-07-23T20:27:49.633+0000] {processor.py:157} INFO - Started process (PID=1474) to work on /home/airflow/.local/lib/python3.9/site-packages/airflow/example_dags/tutorial.py
[2023-07-23T20:27:49.673+0000] {processor.py:826} INFO - Processing file /home/airflow/.local/lib/python3.9/site-packages/airflow/example_dags/tutorial.py for tasks to queue
[2023-07-23T20:27:49.713+0000] {logging_mixin.py:150} INFO - [2023-07-23T20:27:49.713+0000] {dagbag.py:541} INFO - Filling up the DagBag from /home/airflow/.local/lib/python3.9/site-packages/airflow/example_dags/tutorial.py
[2023-07-23T20:27:50.032+0000] {processor.py:836} INFO - DAG(s) dict_keys(['tutorial']) retrieved from /home/airflow/.local/lib/python3.9/site-packages/airflow/example_dags/tutorial.py
[2023-07-23T20:27:51.092+0000] {logging_mixin.py:150} INFO - [2023-07-23T20:27:51.092+0000] {dag.py:2742} INFO - Sync 1 DAGs
[2023-07-23T20:27:51.782+0000] {logging_mixin.py:150} INFO - [2023-07-23T20:27:51.781+0000] {dag.py:3504} INFO - Setting next_dagrun for tutorial to 2023-07-22T20:27:51.781414+00:00, run_after=2023-07-23T20:27:51.781414+00:00
[2023-07-23T20:27:52.277+0000] {processor.py:179} INFO - Processing /home/airflow/.local/lib/python3.9/site-packages/airflow/example_dags/tutorial.py took 2.771 seconds
[2023-07-23T20:30:22.313+0000] {processor.py:157} INFO - Started process (PID=1592) to work on /home/airflow/.local/lib/python3.9/site-packages/airflow/example_dags/tutorial.py
[2023-07-23T20:30:22.368+0000] {processor.py:826} INFO - Processing file /home/airflow/.local/lib/python3.9/site-packages/airflow/example_dags/tutorial.py for tasks to queue
[2023-07-23T20:30:22.370+0000] {logging_mixin.py:150} INFO - [2023-07-23T20:30:22.370+0000] {dagbag.py:541} INFO - Filling up the DagBag from /home/airflow/.local/lib/python3.9/site-packages/airflow/example_dags/tutorial.py
[2023-07-23T20:30:22.414+0000] {processor.py:836} INFO - DAG(s) dict_keys(['tutorial']) retrieved from /home/airflow/.local/lib/python3.9/site-packages/airflow/example_dags/tutorial.py
[2023-07-23T20:30:22.566+0000] {logging_mixin.py:150} INFO - [2023-07-23T20:30:22.566+0000] {dag.py:2742} INFO - Sync 1 DAGs
[2023-07-23T20:30:22.720+0000] {logging_mixin.py:150} INFO - [2023-07-23T20:30:22.720+0000] {dag.py:3504} INFO - Setting next_dagrun for tutorial to 2023-07-22T20:30:22.720140+00:00, run_after=2023-07-23T20:30:22.720140+00:00
[2023-07-23T20:30:22.886+0000] {processor.py:179} INFO - Processing /home/airflow/.local/lib/python3.9/site-packages/airflow/example_dags/tutorial.py took 0.577 seconds
[2023-07-23T20:30:53.213+0000] {processor.py:157} INFO - Started process (PID=1654) to work on /home/airflow/.local/lib/python3.9/site-packages/airflow/example_dags/tutorial.py
[2023-07-23T20:30:53.244+0000] {processor.py:826} INFO - Processing file /home/airflow/.local/lib/python3.9/site-packages/airflow/example_dags/tutorial.py for tasks to queue
[2023-07-23T20:30:53.245+0000] {logging_mixin.py:150} INFO - [2023-07-23T20:30:53.244+0000] {dagbag.py:541} INFO - Filling up the DagBag from /home/airflow/.local/lib/python3.9/site-packages/airflow/example_dags/tutorial.py
[2023-07-23T20:30:53.271+0000] {processor.py:836} INFO - DAG(s) dict_keys(['tutorial']) retrieved from /home/airflow/.local/lib/python3.9/site-packages/airflow/example_dags/tutorial.py
[2023-07-23T20:30:53.406+0000] {logging_mixin.py:150} INFO - [2023-07-23T20:30:53.406+0000] {dag.py:2742} INFO - Sync 1 DAGs
[2023-07-23T20:30:53.537+0000] {logging_mixin.py:150} INFO - [2023-07-23T20:30:53.536+0000] {dag.py:3504} INFO - Setting next_dagrun for tutorial to 2023-07-22T20:30:53.536239+00:00, run_after=2023-07-23T20:30:53.536239+00:00
[2023-07-23T20:30:53.629+0000] {processor.py:179} INFO - Processing /home/airflow/.local/lib/python3.9/site-packages/airflow/example_dags/tutorial.py took 0.420 seconds
[2023-07-23T20:31:42.163+0000] {processor.py:157} INFO - Started process (PID=1716) to work on /home/airflow/.local/lib/python3.9/site-packages/airflow/example_dags/tutorial.py
[2023-07-23T20:31:42.283+0000] {processor.py:826} INFO - Processing file /home/airflow/.local/lib/python3.9/site-packages/airflow/example_dags/tutorial.py for tasks to queue
[2023-07-23T20:31:42.284+0000] {logging_mixin.py:150} INFO - [2023-07-23T20:31:42.284+0000] {dagbag.py:541} INFO - Filling up the DagBag from /home/airflow/.local/lib/python3.9/site-packages/airflow/example_dags/tutorial.py
[2023-07-23T20:31:42.480+0000] {processor.py:836} INFO - DAG(s) dict_keys(['tutorial']) retrieved from /home/airflow/.local/lib/python3.9/site-packages/airflow/example_dags/tutorial.py
[2023-07-23T20:31:43.079+0000] {logging_mixin.py:150} INFO - [2023-07-23T20:31:43.079+0000] {dag.py:2742} INFO - Sync 1 DAGs
[2023-07-23T20:31:43.568+0000] {logging_mixin.py:150} INFO - [2023-07-23T20:31:43.568+0000] {dag.py:3504} INFO - Setting next_dagrun for tutorial to 2023-07-22T20:31:43.568005+00:00, run_after=2023-07-23T20:31:43.568005+00:00
[2023-07-23T20:31:44.096+0000] {processor.py:179} INFO - Processing /home/airflow/.local/lib/python3.9/site-packages/airflow/example_dags/tutorial.py took 1.937 seconds
