[2023-08-14T19:42:49.813+0000] {taskinstance.py:1103} INFO - Dependencies all met for dep_context=non-requeueable deps ti=<TaskInstance: ny_taxi_Pipeline.step_checker_agg_task manual__2023-08-14T19:31:28+00:00 [queued]>
[2023-08-14T19:42:49.868+0000] {taskinstance.py:1103} INFO - Dependencies all met for dep_context=requeueable deps ti=<TaskInstance: ny_taxi_Pipeline.step_checker_agg_task manual__2023-08-14T19:31:28+00:00 [queued]>
[2023-08-14T19:42:49.869+0000] {taskinstance.py:1308} INFO - Starting attempt 1 of 1
[2023-08-14T19:42:49.932+0000] {taskinstance.py:1327} INFO - Executing <Task(EmrStepSensor): step_checker_agg_task> on 2023-08-14 19:31:28+00:00
[2023-08-14T19:42:49.986+0000] {standard_task_runner.py:57} INFO - Started process 16366 to run task
[2023-08-14T19:42:50.026+0000] {standard_task_runner.py:84} INFO - Running: ['***', 'tasks', 'run', 'ny_taxi_Pipeline', 'step_checker_agg_task', 'manual__2023-08-14T19:31:28+00:00', '--job-id', '1669', '--raw', '--subdir', 'DAGS_FOLDER/ny_taxi_datapipeline.py', '--cfg-path', '/tmp/tmpd33tun9v']
[2023-08-14T19:42:50.029+0000] {standard_task_runner.py:85} INFO - Job 1669: Subtask step_checker_agg_task
[2023-08-14T19:42:50.159+0000] {warnings.py:109} WARNING - /home/***/.local/lib/python3.9/site-packages/***/settings.py:195: DeprecationWarning: The sql_alchemy_conn option in [core] has been moved to the sql_alchemy_conn option in [database] - the old setting has been used, but please update your config.
  SQL_ALCHEMY_CONN = conf.get("database", "SQL_ALCHEMY_CONN")

[2023-08-14T19:42:50.552+0000] {task_command.py:410} INFO - Running <TaskInstance: ny_taxi_Pipeline.step_checker_agg_task manual__2023-08-14T19:31:28+00:00 [running]> on host d4028c5ba2ac
[2023-08-14T19:42:51.568+0000] {taskinstance.py:1545} INFO - Exporting env vars: AIRFLOW_CTX_DAG_OWNER='***' AIRFLOW_CTX_DAG_ID='ny_taxi_Pipeline' AIRFLOW_CTX_TASK_ID='step_checker_agg_task' AIRFLOW_CTX_EXECUTION_DATE='2023-08-14T19:31:28+00:00' AIRFLOW_CTX_TRY_NUMBER='1' AIRFLOW_CTX_DAG_RUN_ID='manual__2023-08-14T19:31:28+00:00'
[2023-08-14T19:42:51.633+0000] {base.py:73} INFO - Using connection ID 'aws_connection' for task execution.
[2023-08-14T19:42:51.634+0000] {connection_wrapper.py:340} INFO - AWS Connection (conn_id='aws_connection', conn_type='aws') credentials retrieved from login and password.
[2023-08-14T19:42:54.912+0000] {emr.py:544} INFO - Poking step s-08809411A10L0AVMMKWX on cluster j-W1W2PHE79UFQ
[2023-08-14T19:42:55.672+0000] {emr.py:74} INFO - Job flow currently RUNNING
[2023-08-14T19:43:05.677+0000] {emr.py:544} INFO - Poking step s-08809411A10L0AVMMKWX on cluster j-W1W2PHE79UFQ
[2023-08-14T19:43:06.088+0000] {emr.py:74} INFO - Job flow currently RUNNING
[2023-08-14T19:43:16.098+0000] {emr.py:544} INFO - Poking step s-08809411A10L0AVMMKWX on cluster j-W1W2PHE79UFQ
[2023-08-14T19:43:16.462+0000] {emr.py:74} INFO - Job flow currently RUNNING
[2023-08-14T19:43:26.478+0000] {emr.py:544} INFO - Poking step s-08809411A10L0AVMMKWX on cluster j-W1W2PHE79UFQ
[2023-08-14T19:43:26.880+0000] {emr.py:74} INFO - Job flow currently RUNNING
[2023-08-14T19:43:36.887+0000] {emr.py:544} INFO - Poking step s-08809411A10L0AVMMKWX on cluster j-W1W2PHE79UFQ
[2023-08-14T19:43:37.195+0000] {emr.py:74} INFO - Job flow currently RUNNING
[2023-08-14T19:43:47.204+0000] {emr.py:544} INFO - Poking step s-08809411A10L0AVMMKWX on cluster j-W1W2PHE79UFQ
[2023-08-14T19:43:47.584+0000] {emr.py:74} INFO - Job flow currently COMPLETED
[2023-08-14T19:43:47.584+0000] {base.py:255} INFO - Success criteria met. Exiting.
[2023-08-14T19:43:47.627+0000] {taskinstance.py:1345} INFO - Marking task as SUCCESS. dag_id=ny_taxi_Pipeline, task_id=step_checker_agg_task, execution_date=20230814T193128, start_date=20230814T194249, end_date=20230814T194347
[2023-08-14T19:43:47.728+0000] {local_task_job_runner.py:225} INFO - Task exited with return code 0
[2023-08-14T19:43:47.773+0000] {taskinstance.py:2653} INFO - 0 downstream tasks scheduled from follow-on schedule check
