[2023-08-12T18:10:32.997+0000] {warnings.py:109} WARNING - /home/***/.local/lib/python3.9/site-packages/***/utils/sqlalchemy.py:124: DeprecationWarning: The sql_alchemy_conn option in [core] has been moved to the sql_alchemy_conn option in [database] - the old setting has been used, but please update your config.
  return not conf.get("database", "sql_alchemy_conn").startswith("mssql")

[2023-08-12T18:10:33.064+0000] {taskinstance.py:1103} INFO - Dependencies all met for dep_context=non-requeueable deps ti=<TaskInstance: emrPipeline.step_checker_agg_task scheduled__2023-08-12T17:00:00+00:00 [queued]>
[2023-08-12T18:10:33.075+0000] {taskinstance.py:1103} INFO - Dependencies all met for dep_context=requeueable deps ti=<TaskInstance: emrPipeline.step_checker_agg_task scheduled__2023-08-12T17:00:00+00:00 [queued]>
[2023-08-12T18:10:33.075+0000] {taskinstance.py:1308} INFO - Starting attempt 1 of 1
[2023-08-12T18:10:33.090+0000] {taskinstance.py:1327} INFO - Executing <Task(EmrStepSensor): step_checker_agg_task> on 2023-08-12 17:00:00+00:00
[2023-08-12T18:10:33.098+0000] {standard_task_runner.py:57} INFO - Started process 13899 to run task
[2023-08-12T18:10:33.102+0000] {standard_task_runner.py:84} INFO - Running: ['***', 'tasks', 'run', 'emrPipeline', 'step_checker_agg_task', 'scheduled__2023-08-12T17:00:00+00:00', '--job-id', '220', '--raw', '--subdir', 'DAGS_FOLDER/emr.py', '--cfg-path', '/tmp/tmpdae3myvu']
[2023-08-12T18:10:33.105+0000] {standard_task_runner.py:85} INFO - Job 220: Subtask step_checker_agg_task
[2023-08-12T18:10:33.118+0000] {warnings.py:109} WARNING - /home/***/.local/lib/python3.9/site-packages/***/settings.py:195: DeprecationWarning: The sql_alchemy_conn option in [core] has been moved to the sql_alchemy_conn option in [database] - the old setting has been used, but please update your config.
  SQL_ALCHEMY_CONN = conf.get("database", "SQL_ALCHEMY_CONN")

[2023-08-12T18:10:33.158+0000] {task_command.py:410} INFO - Running <TaskInstance: emrPipeline.step_checker_agg_task scheduled__2023-08-12T17:00:00+00:00 [running]> on host 484e6be077e8
[2023-08-12T18:10:33.170+0000] {warnings.py:109} WARNING - /home/***/.local/lib/python3.9/site-packages/***/utils/sqlalchemy.py:124: DeprecationWarning: The sql_alchemy_conn option in [core] has been moved to the sql_alchemy_conn option in [database] - the old setting has been used, but please update your config.
  return not conf.get("database", "sql_alchemy_conn").startswith("mssql")

[2023-08-12T18:10:33.266+0000] {taskinstance.py:1545} INFO - Exporting env vars: AIRFLOW_CTX_DAG_OWNER='***' AIRFLOW_CTX_DAG_ID='emrPipeline' AIRFLOW_CTX_TASK_ID='step_checker_agg_task' AIRFLOW_CTX_EXECUTION_DATE='2023-08-12T17:00:00+00:00' AIRFLOW_CTX_TRY_NUMBER='1' AIRFLOW_CTX_DAG_RUN_ID='scheduled__2023-08-12T17:00:00+00:00'
[2023-08-12T18:10:33.277+0000] {base.py:73} INFO - Using connection ID 'aws_connection' for task execution.
[2023-08-12T18:10:33.277+0000] {connection_wrapper.py:340} INFO - AWS Connection (conn_id='aws_connection', conn_type='aws') credentials retrieved from login and password.
[2023-08-12T18:10:33.770+0000] {emr.py:544} INFO - Poking step s-08203103R8ZEWZA7HSBQ on cluster j-1DLDR1BT02URC
[2023-08-12T18:10:33.882+0000] {emr.py:74} INFO - Job flow currently RUNNING
[2023-08-12T18:10:43.891+0000] {emr.py:544} INFO - Poking step s-08203103R8ZEWZA7HSBQ on cluster j-1DLDR1BT02URC
[2023-08-12T18:10:44.029+0000] {emr.py:74} INFO - Job flow currently RUNNING
[2023-08-12T18:10:54.030+0000] {emr.py:544} INFO - Poking step s-08203103R8ZEWZA7HSBQ on cluster j-1DLDR1BT02URC
[2023-08-12T18:10:54.136+0000] {emr.py:74} INFO - Job flow currently RUNNING
[2023-08-12T18:11:04.141+0000] {emr.py:544} INFO - Poking step s-08203103R8ZEWZA7HSBQ on cluster j-1DLDR1BT02URC
[2023-08-12T18:11:04.257+0000] {emr.py:74} INFO - Job flow currently RUNNING
[2023-08-12T18:11:14.262+0000] {emr.py:544} INFO - Poking step s-08203103R8ZEWZA7HSBQ on cluster j-1DLDR1BT02URC
[2023-08-12T18:11:14.395+0000] {emr.py:74} INFO - Job flow currently RUNNING
[2023-08-12T18:11:24.400+0000] {emr.py:544} INFO - Poking step s-08203103R8ZEWZA7HSBQ on cluster j-1DLDR1BT02URC
[2023-08-12T18:11:24.528+0000] {emr.py:74} INFO - Job flow currently RUNNING
[2023-08-12T18:11:34.538+0000] {emr.py:544} INFO - Poking step s-08203103R8ZEWZA7HSBQ on cluster j-1DLDR1BT02URC
[2023-08-12T18:11:34.649+0000] {emr.py:74} INFO - Job flow currently COMPLETED
[2023-08-12T18:11:34.650+0000] {base.py:255} INFO - Success criteria met. Exiting.
[2023-08-12T18:11:34.672+0000] {taskinstance.py:1345} INFO - Marking task as SUCCESS. dag_id=emrPipeline, task_id=step_checker_agg_task, execution_date=20230812T170000, start_date=20230812T181033, end_date=20230812T181134
[2023-08-12T18:11:34.700+0000] {local_task_job_runner.py:225} INFO - Task exited with return code 0
[2023-08-12T18:11:34.726+0000] {taskinstance.py:2653} INFO - 1 downstream tasks scheduled from follow-on schedule check
