[2023-08-13T09:15:08.479+0000] {taskinstance.py:1103} INFO - Dependencies all met for dep_context=non-requeueable deps ti=<TaskInstance: emrPipeline.renameFile manual__2023-08-13T09:14:37+00:00 [queued]>
[2023-08-13T09:15:08.489+0000] {taskinstance.py:1103} INFO - Dependencies all met for dep_context=requeueable deps ti=<TaskInstance: emrPipeline.renameFile manual__2023-08-13T09:14:37+00:00 [queued]>
[2023-08-13T09:15:08.490+0000] {taskinstance.py:1308} INFO - Starting attempt 1 of 1
[2023-08-13T09:15:08.504+0000] {taskinstance.py:1327} INFO - Executing <Task(BashOperator): renameFile> on 2023-08-13 09:14:37+00:00
[2023-08-13T09:15:08.511+0000] {standard_task_runner.py:57} INFO - Started process 12169 to run task
[2023-08-13T09:15:08.518+0000] {standard_task_runner.py:84} INFO - Running: ['***', 'tasks', 'run', 'emrPipeline', 'renameFile', 'manual__2023-08-13T09:14:37+00:00', '--job-id', '664', '--raw', '--subdir', 'DAGS_FOLDER/emr.py', '--cfg-path', '/tmp/tmpuzj0rltz']
[2023-08-13T09:15:08.521+0000] {standard_task_runner.py:85} INFO - Job 664: Subtask renameFile
[2023-08-13T09:15:08.535+0000] {warnings.py:109} WARNING - /home/***/.local/lib/python3.9/site-packages/***/settings.py:195: DeprecationWarning: The sql_alchemy_conn option in [core] has been moved to the sql_alchemy_conn option in [database] - the old setting has been used, but please update your config.
  SQL_ALCHEMY_CONN = conf.get("database", "SQL_ALCHEMY_CONN")

[2023-08-13T09:15:08.575+0000] {task_command.py:410} INFO - Running <TaskInstance: emrPipeline.renameFile manual__2023-08-13T09:14:37+00:00 [running]> on host 484e6be077e8
[2023-08-13T09:15:08.665+0000] {taskinstance.py:1545} INFO - Exporting env vars: AIRFLOW_CTX_DAG_OWNER='***' AIRFLOW_CTX_DAG_ID='emrPipeline' AIRFLOW_CTX_TASK_ID='renameFile' AIRFLOW_CTX_EXECUTION_DATE='2023-08-13T09:14:37+00:00' AIRFLOW_CTX_TRY_NUMBER='1' AIRFLOW_CTX_DAG_RUN_ID='manual__2023-08-13T09:14:37+00:00'
[2023-08-13T09:15:08.667+0000] {subprocess.py:63} INFO - Tmp dir root location: /tmp
[2023-08-13T09:15:08.667+0000] {subprocess.py:75} INFO - Running command: ['/bin/bash', '-c', 'set -e \n        . ~/.profile\n        . ~/.bashrc\n        s3_buckName=${s3_bucketName}\n        s3_location=${s3_location}\n\n        s3_file_name_without_ext=${s3_location%.*}\n        s3_file_ext=${s3_location: -4}\n\n        \n        export AWS_ACCESS_KEY_ID="AKIAYJC6EOICLQ475Y7D"\n        export AWS_SECRET_ACCESS_KEY="***"\n        timestamp=20230813T091437\n        /home/***/.local/bin/aws  s3 mv  s3://${s3_buckName}/${s3_location}   s3://${s3_buckName}/${s3_file_name_without_ext}_${timestamp}_validated${s3_file_ext} \n\n    ']
[2023-08-13T09:15:08.680+0000] {subprocess.py:86} INFO - Output:
[2023-08-13T09:15:08.682+0000] {subprocess.py:93} INFO - /bin/bash: line 14: /home/***/.local/bin/aws: No such file or directory
[2023-08-13T09:15:08.683+0000] {subprocess.py:97} INFO - Command exited with return code 127
[2023-08-13T09:15:08.693+0000] {taskinstance.py:1824} ERROR - Task failed with exception
Traceback (most recent call last):
  File "/home/airflow/.local/lib/python3.9/site-packages/airflow/operators/bash.py", line 210, in execute
    raise AirflowException(
airflow.exceptions.AirflowException: Bash command failed. The command returned a non-zero exit code 127.
[2023-08-13T09:15:08.699+0000] {taskinstance.py:1345} INFO - Marking task as FAILED. dag_id=emrPipeline, task_id=renameFile, execution_date=20230813T091437, start_date=20230813T091508, end_date=20230813T091508
[2023-08-13T09:15:08.713+0000] {standard_task_runner.py:104} ERROR - Failed to execute job 664 for task renameFile (Bash command failed. The command returned a non-zero exit code 127.; 12169)
[2023-08-13T09:15:08.729+0000] {local_task_job_runner.py:225} INFO - Task exited with return code 1
[2023-08-13T09:15:08.746+0000] {taskinstance.py:2653} INFO - 0 downstream tasks scheduled from follow-on schedule check
