[2023-08-14T16:33:51.475+0000] {taskinstance.py:1103} INFO - Dependencies all met for dep_context=non-requeueable deps ti=<TaskInstance: emrPipeline.step_checker_hive_task manual__2023-08-14T16:22:50+00:00 [queued]>
[2023-08-14T16:33:51.625+0000] {taskinstance.py:1103} INFO - Dependencies all met for dep_context=requeueable deps ti=<TaskInstance: emrPipeline.step_checker_hive_task manual__2023-08-14T16:22:50+00:00 [queued]>
[2023-08-14T16:33:51.625+0000] {taskinstance.py:1308} INFO - Starting attempt 1 of 1
[2023-08-14T16:33:51.871+0000] {taskinstance.py:1327} INFO - Executing <Task(EmrStepSensor): step_checker_hive_task> on 2023-08-14 16:22:50+00:00
[2023-08-14T16:33:51.992+0000] {standard_task_runner.py:57} INFO - Started process 10471 to run task
[2023-08-14T16:33:52.034+0000] {standard_task_runner.py:84} INFO - Running: ['***', 'tasks', 'run', 'emrPipeline', 'step_checker_hive_task', 'manual__2023-08-14T16:22:50+00:00', '--job-id', '1492', '--raw', '--subdir', 'DAGS_FOLDER/emr.py', '--cfg-path', '/tmp/tmp6k5fhbe0']
[2023-08-14T16:33:52.090+0000] {standard_task_runner.py:85} INFO - Job 1492: Subtask step_checker_hive_task
[2023-08-14T16:33:52.290+0000] {warnings.py:109} WARNING - /home/***/.local/lib/python3.9/site-packages/***/settings.py:195: DeprecationWarning: The sql_alchemy_conn option in [core] has been moved to the sql_alchemy_conn option in [database] - the old setting has been used, but please update your config.
  SQL_ALCHEMY_CONN = conf.get("database", "SQL_ALCHEMY_CONN")

[2023-08-14T16:33:52.864+0000] {task_command.py:410} INFO - Running <TaskInstance: emrPipeline.step_checker_hive_task manual__2023-08-14T16:22:50+00:00 [running]> on host d4028c5ba2ac
[2023-08-14T16:33:54.430+0000] {taskinstance.py:1545} INFO - Exporting env vars: AIRFLOW_CTX_DAG_OWNER='***' AIRFLOW_CTX_DAG_ID='emrPipeline' AIRFLOW_CTX_TASK_ID='step_checker_hive_task' AIRFLOW_CTX_EXECUTION_DATE='2023-08-14T16:22:50+00:00' AIRFLOW_CTX_TRY_NUMBER='1' AIRFLOW_CTX_DAG_RUN_ID='manual__2023-08-14T16:22:50+00:00'
[2023-08-14T16:33:54.627+0000] {base.py:73} INFO - Using connection ID 'aws_connection' for task execution.
[2023-08-14T16:33:54.628+0000] {connection_wrapper.py:340} INFO - AWS Connection (conn_id='aws_connection', conn_type='aws') credentials retrieved from login and password.
[2023-08-14T16:34:04.112+0000] {emr.py:544} INFO - Poking step s-00954923BJ4RGXUQ6UYH on cluster j-11XJWD4XM14T6
[2023-08-14T16:34:04.818+0000] {emr.py:74} INFO - Job flow currently PENDING
[2023-08-14T16:34:14.827+0000] {emr.py:544} INFO - Poking step s-00954923BJ4RGXUQ6UYH on cluster j-11XJWD4XM14T6
[2023-08-14T16:34:15.196+0000] {emr.py:74} INFO - Job flow currently PENDING
[2023-08-14T16:34:25.208+0000] {emr.py:544} INFO - Poking step s-00954923BJ4RGXUQ6UYH on cluster j-11XJWD4XM14T6
[2023-08-14T16:34:25.622+0000] {emr.py:74} INFO - Job flow currently RUNNING
[2023-08-14T16:34:35.661+0000] {emr.py:544} INFO - Poking step s-00954923BJ4RGXUQ6UYH on cluster j-11XJWD4XM14T6
[2023-08-14T16:34:35.924+0000] {emr.py:74} INFO - Job flow currently RUNNING
[2023-08-14T16:34:45.926+0000] {emr.py:544} INFO - Poking step s-00954923BJ4RGXUQ6UYH on cluster j-11XJWD4XM14T6
[2023-08-14T16:34:46.239+0000] {emr.py:74} INFO - Job flow currently RUNNING
[2023-08-14T16:34:56.251+0000] {emr.py:544} INFO - Poking step s-00954923BJ4RGXUQ6UYH on cluster j-11XJWD4XM14T6
[2023-08-14T16:34:56.664+0000] {emr.py:74} INFO - Job flow currently COMPLETED
[2023-08-14T16:34:56.665+0000] {base.py:255} INFO - Success criteria met. Exiting.
[2023-08-14T16:34:56.755+0000] {taskinstance.py:1345} INFO - Marking task as SUCCESS. dag_id=emrPipeline, task_id=step_checker_hive_task, execution_date=20230814T162250, start_date=20230814T163351, end_date=20230814T163456
[2023-08-14T16:34:56.989+0000] {local_task_job_runner.py:225} INFO - Task exited with return code 0
[2023-08-14T16:34:57.243+0000] {taskinstance.py:2653} INFO - 0 downstream tasks scheduled from follow-on schedule check
