[2023-08-14T19:22:16.211+0000] {taskinstance.py:1103} INFO - Dependencies all met for dep_context=non-requeueable deps ti=<TaskInstance: ny_taxi_Pipeline.step_checker_agg_task manual__2023-08-14T19:11:57+00:00 [queued]>
[2023-08-14T19:22:16.221+0000] {taskinstance.py:1103} INFO - Dependencies all met for dep_context=requeueable deps ti=<TaskInstance: ny_taxi_Pipeline.step_checker_agg_task manual__2023-08-14T19:11:57+00:00 [queued]>
[2023-08-14T19:22:16.221+0000] {taskinstance.py:1308} INFO - Starting attempt 1 of 1
[2023-08-14T19:22:16.236+0000] {taskinstance.py:1327} INFO - Executing <Task(EmrStepSensor): step_checker_agg_task> on 2023-08-14 19:11:57+00:00
[2023-08-14T19:22:16.243+0000] {standard_task_runner.py:57} INFO - Started process 15718 to run task
[2023-08-14T19:22:16.250+0000] {standard_task_runner.py:84} INFO - Running: ['***', 'tasks', 'run', 'ny_taxi_Pipeline', 'step_checker_agg_task', 'manual__2023-08-14T19:11:57+00:00', '--job-id', '1647', '--raw', '--subdir', 'DAGS_FOLDER/ny_taxi_datapipeline.py', '--cfg-path', '/tmp/tmpdv3jdush']
[2023-08-14T19:22:16.254+0000] {standard_task_runner.py:85} INFO - Job 1647: Subtask step_checker_agg_task
[2023-08-14T19:22:16.267+0000] {warnings.py:109} WARNING - /home/***/.local/lib/python3.9/site-packages/***/settings.py:195: DeprecationWarning: The sql_alchemy_conn option in [core] has been moved to the sql_alchemy_conn option in [database] - the old setting has been used, but please update your config.
  SQL_ALCHEMY_CONN = conf.get("database", "SQL_ALCHEMY_CONN")

[2023-08-14T19:22:16.318+0000] {task_command.py:410} INFO - Running <TaskInstance: ny_taxi_Pipeline.step_checker_agg_task manual__2023-08-14T19:11:57+00:00 [running]> on host d4028c5ba2ac
[2023-08-14T19:22:16.451+0000] {taskinstance.py:1545} INFO - Exporting env vars: AIRFLOW_CTX_DAG_OWNER='***' AIRFLOW_CTX_DAG_ID='ny_taxi_Pipeline' AIRFLOW_CTX_TASK_ID='step_checker_agg_task' AIRFLOW_CTX_EXECUTION_DATE='2023-08-14T19:11:57+00:00' AIRFLOW_CTX_TRY_NUMBER='1' AIRFLOW_CTX_DAG_RUN_ID='manual__2023-08-14T19:11:57+00:00'
[2023-08-14T19:22:16.463+0000] {base.py:73} INFO - Using connection ID 'aws_connection' for task execution.
[2023-08-14T19:22:16.464+0000] {connection_wrapper.py:340} INFO - AWS Connection (conn_id='aws_connection', conn_type='aws') credentials retrieved from login and password.
[2023-08-14T19:22:16.963+0000] {emr.py:544} INFO - Poking step s-07032572GYBRQV94AB6N on cluster j-281UQFGBEUOCC
[2023-08-14T19:22:17.081+0000] {emr.py:74} INFO - Job flow currently PENDING
[2023-08-14T19:22:27.086+0000] {emr.py:544} INFO - Poking step s-07032572GYBRQV94AB6N on cluster j-281UQFGBEUOCC
[2023-08-14T19:22:27.265+0000] {emr.py:74} INFO - Job flow currently PENDING
[2023-08-14T19:22:37.268+0000] {emr.py:544} INFO - Poking step s-07032572GYBRQV94AB6N on cluster j-281UQFGBEUOCC
[2023-08-14T19:22:37.850+0000] {emr.py:74} INFO - Job flow currently PENDING
[2023-08-14T19:22:47.856+0000] {emr.py:544} INFO - Poking step s-07032572GYBRQV94AB6N on cluster j-281UQFGBEUOCC
[2023-08-14T19:22:48.601+0000] {emr.py:74} INFO - Job flow currently PENDING
[2023-08-14T19:22:58.606+0000] {emr.py:544} INFO - Poking step s-07032572GYBRQV94AB6N on cluster j-281UQFGBEUOCC
[2023-08-14T19:22:58.999+0000] {emr.py:74} INFO - Job flow currently PENDING
[2023-08-14T19:23:09.015+0000] {emr.py:544} INFO - Poking step s-07032572GYBRQV94AB6N on cluster j-281UQFGBEUOCC
[2023-08-14T19:23:09.481+0000] {emr.py:74} INFO - Job flow currently PENDING
[2023-08-14T19:23:19.494+0000] {emr.py:544} INFO - Poking step s-07032572GYBRQV94AB6N on cluster j-281UQFGBEUOCC
[2023-08-14T19:23:19.916+0000] {emr.py:74} INFO - Job flow currently PENDING
[2023-08-14T19:23:29.928+0000] {emr.py:544} INFO - Poking step s-07032572GYBRQV94AB6N on cluster j-281UQFGBEUOCC
[2023-08-14T19:23:30.217+0000] {emr.py:74} INFO - Job flow currently PENDING
[2023-08-14T19:23:40.234+0000] {emr.py:544} INFO - Poking step s-07032572GYBRQV94AB6N on cluster j-281UQFGBEUOCC
[2023-08-14T19:23:40.753+0000] {emr.py:74} INFO - Job flow currently PENDING
[2023-08-14T19:23:50.759+0000] {emr.py:544} INFO - Poking step s-07032572GYBRQV94AB6N on cluster j-281UQFGBEUOCC
[2023-08-14T19:23:51.406+0000] {emr.py:74} INFO - Job flow currently PENDING
[2023-08-14T19:24:01.450+0000] {emr.py:544} INFO - Poking step s-07032572GYBRQV94AB6N on cluster j-281UQFGBEUOCC
[2023-08-14T19:24:01.859+0000] {emr.py:74} INFO - Job flow currently PENDING
[2023-08-14T19:24:11.872+0000] {emr.py:544} INFO - Poking step s-07032572GYBRQV94AB6N on cluster j-281UQFGBEUOCC
[2023-08-14T19:24:12.264+0000] {emr.py:74} INFO - Job flow currently RUNNING
[2023-08-14T19:24:22.272+0000] {emr.py:544} INFO - Poking step s-07032572GYBRQV94AB6N on cluster j-281UQFGBEUOCC
[2023-08-14T19:24:22.770+0000] {emr.py:74} INFO - Job flow currently RUNNING
[2023-08-14T19:24:32.780+0000] {emr.py:544} INFO - Poking step s-07032572GYBRQV94AB6N on cluster j-281UQFGBEUOCC
[2023-08-14T19:24:33.106+0000] {emr.py:74} INFO - Job flow currently RUNNING
[2023-08-14T19:24:43.118+0000] {emr.py:544} INFO - Poking step s-07032572GYBRQV94AB6N on cluster j-281UQFGBEUOCC
[2023-08-14T19:24:43.518+0000] {emr.py:74} INFO - Job flow currently RUNNING
[2023-08-14T19:24:53.538+0000] {emr.py:544} INFO - Poking step s-07032572GYBRQV94AB6N on cluster j-281UQFGBEUOCC
[2023-08-14T19:24:53.961+0000] {emr.py:74} INFO - Job flow currently RUNNING
[2023-08-14T19:25:03.976+0000] {emr.py:544} INFO - Poking step s-07032572GYBRQV94AB6N on cluster j-281UQFGBEUOCC
[2023-08-14T19:25:04.405+0000] {emr.py:74} INFO - Job flow currently RUNNING
[2023-08-14T19:25:14.406+0000] {emr.py:544} INFO - Poking step s-07032572GYBRQV94AB6N on cluster j-281UQFGBEUOCC
[2023-08-14T19:25:14.517+0000] {emr.py:74} INFO - Job flow currently COMPLETED
[2023-08-14T19:25:14.517+0000] {base.py:255} INFO - Success criteria met. Exiting.
[2023-08-14T19:25:14.526+0000] {taskinstance.py:1345} INFO - Marking task as SUCCESS. dag_id=ny_taxi_Pipeline, task_id=step_checker_agg_task, execution_date=20230814T191157, start_date=20230814T192216, end_date=20230814T192514
[2023-08-14T19:25:14.581+0000] {local_task_job_runner.py:225} INFO - Task exited with return code 0
[2023-08-14T19:25:14.611+0000] {taskinstance.py:2653} INFO - 1 downstream tasks scheduled from follow-on schedule check
