[2023-07-29T15:00:13.750+0000] {warnings.py:109} WARNING - /home/***/.local/lib/python3.9/site-packages/***/utils/sqlalchemy.py:124: DeprecationWarning: The sql_alchemy_conn option in [core] has been moved to the sql_alchemy_conn option in [database] - the old setting has been used, but please update your config.
  return not conf.get("database", "sql_alchemy_conn").startswith("mssql")

[2023-07-29T15:00:13.799+0000] {taskinstance.py:1103} INFO - Dependencies all met for dep_context=non-requeueable deps ti=<TaskInstance: emrPipeline.create_emr_cluster scheduled__2023-07-29T14:00:00+00:00 [queued]>
[2023-07-29T15:00:13.809+0000] {taskinstance.py:1103} INFO - Dependencies all met for dep_context=requeueable deps ti=<TaskInstance: emrPipeline.create_emr_cluster scheduled__2023-07-29T14:00:00+00:00 [queued]>
[2023-07-29T15:00:13.809+0000] {taskinstance.py:1308} INFO - Starting attempt 1 of 1
[2023-07-29T15:00:13.821+0000] {taskinstance.py:1327} INFO - Executing <Task(EmrCreateJobFlowOperator): create_emr_cluster> on 2023-07-29 14:00:00+00:00
[2023-07-29T15:00:13.829+0000] {standard_task_runner.py:57} INFO - Started process 1990 to run task
[2023-07-29T15:00:13.833+0000] {standard_task_runner.py:84} INFO - Running: ['***', 'tasks', 'run', 'emrPipeline', 'create_emr_cluster', 'scheduled__2023-07-29T14:00:00+00:00', '--job-id', '5', '--raw', '--subdir', 'DAGS_FOLDER/emr.py', '--cfg-path', '/tmp/tmpnj7pxstf']
[2023-07-29T15:00:13.839+0000] {standard_task_runner.py:85} INFO - Job 5: Subtask create_emr_cluster
[2023-07-29T15:00:13.853+0000] {warnings.py:109} WARNING - /home/***/.local/lib/python3.9/site-packages/***/settings.py:195: DeprecationWarning: The sql_alchemy_conn option in [core] has been moved to the sql_alchemy_conn option in [database] - the old setting has been used, but please update your config.
  SQL_ALCHEMY_CONN = conf.get("database", "SQL_ALCHEMY_CONN")

[2023-07-29T15:00:13.888+0000] {task_command.py:410} INFO - Running <TaskInstance: emrPipeline.create_emr_cluster scheduled__2023-07-29T14:00:00+00:00 [running]> on host 3ea9eeb1605e
[2023-07-29T15:00:13.900+0000] {warnings.py:109} WARNING - /home/***/.local/lib/python3.9/site-packages/***/utils/sqlalchemy.py:124: DeprecationWarning: The sql_alchemy_conn option in [core] has been moved to the sql_alchemy_conn option in [database] - the old setting has been used, but please update your config.
  return not conf.get("database", "sql_alchemy_conn").startswith("mssql")

[2023-07-29T15:00:13.982+0000] {taskinstance.py:1545} INFO - Exporting env vars: AIRFLOW_CTX_DAG_OWNER='***' AIRFLOW_CTX_DAG_ID='emrPipeline' AIRFLOW_CTX_TASK_ID='create_emr_cluster' AIRFLOW_CTX_EXECUTION_DATE='2023-07-29T14:00:00+00:00' AIRFLOW_CTX_TRY_NUMBER='1' AIRFLOW_CTX_DAG_RUN_ID='scheduled__2023-07-29T14:00:00+00:00'
[2023-07-29T15:00:13.983+0000] {emr.py:700} INFO - Creating job flow using aws_conn_id: aws_connection, emr_conn_id: emr_default
[2023-07-29T15:00:13.995+0000] {warnings.py:109} WARNING - /home/***/.local/lib/python3.9/site-packages/***/providers/amazon/aws/operators/emr.py:708: UserWarning: Unable to find Amazon Elastic MapReduce Connection ID 'emr_default', using an empty initial configuration. If you want to get rid of this warning message please provide a valid `emr_conn_id` or set it to None.
  response = self._emr_hook.create_job_flow(job_flow_overrides)

[2023-07-29T15:00:14.002+0000] {base.py:73} INFO - Using connection ID 'aws_connection' for task execution.
[2023-07-29T15:00:14.002+0000] {connection_wrapper.py:340} INFO - AWS Connection (conn_id='aws_connection', conn_type='aws') credentials retrieved from login and password.
[2023-07-29T15:00:14.839+0000] {emr.py:714} INFO - Job flow with id j-31JJQQUOM8I9U created
[2023-07-29T15:00:14.932+0000] {taskinstance.py:1345} INFO - Marking task as SUCCESS. dag_id=emrPipeline, task_id=create_emr_cluster, execution_date=20230729T140000, start_date=20230729T150013, end_date=20230729T150014
[2023-07-29T15:00:14.970+0000] {local_task_job_runner.py:225} INFO - Task exited with return code 0
[2023-07-29T15:00:14.990+0000] {taskinstance.py:2653} INFO - 0 downstream tasks scheduled from follow-on schedule check
