[2023-07-25 17:47:10,335] {taskinstance.py:896} INFO - Dependencies all met for <TaskInstance: example_bash_operator.this_will_skip 2023-07-23T00:00:00+00:00 [queued]>
[2023-07-25 17:47:10,446] {taskinstance.py:896} INFO - Dependencies all met for <TaskInstance: example_bash_operator.this_will_skip 2023-07-23T00:00:00+00:00 [queued]>
[2023-07-25 17:47:10,446] {taskinstance.py:1087} INFO - 
--------------------------------------------------------------------------------
[2023-07-25 17:47:10,446] {taskinstance.py:1088} INFO - Starting attempt 1 of 1
[2023-07-25 17:47:10,446] {taskinstance.py:1089} INFO - 
--------------------------------------------------------------------------------
[2023-07-25 17:47:10,492] {taskinstance.py:1107} INFO - Executing <Task(BashOperator): this_will_skip> on 2023-07-23T00:00:00+00:00
[2023-07-25 17:47:10,549] {standard_task_runner.py:52} INFO - Started process 874 to run task
[2023-07-25 17:47:10,656] {standard_task_runner.py:76} INFO - Running: ['***', 'tasks', 'run', 'example_bash_operator', 'this_will_skip', '2023-07-23T00:00:00+00:00', '--job-id', '6', '--pool', 'default_pool', '--raw', '--subdir', '/home/***/.local/lib/python3.9/site-packages/***/example_dags/example_bash_operator.py', '--cfg-path', '/tmp/tmpanhql2ot', '--error-file', '/tmp/tmpi5ap7hr6']
[2023-07-25 17:47:10,656] {standard_task_runner.py:77} INFO - Job 6: Subtask this_will_skip
[2023-07-25 17:47:11,065] {logging_mixin.py:104} INFO - Running <TaskInstance: example_bash_operator.this_will_skip 2023-07-23T00:00:00+00:00 [running]> on host 2ae13fbb8692
[2023-07-25 17:47:11,395] {taskinstance.py:1300} INFO - Exporting the following env vars:
AIRFLOW_CTX_DAG_OWNER=***
AIRFLOW_CTX_DAG_ID=example_bash_operator
AIRFLOW_CTX_TASK_ID=this_will_skip
AIRFLOW_CTX_EXECUTION_DATE=2023-07-23T00:00:00+00:00
AIRFLOW_CTX_DAG_RUN_ID=scheduled__2023-07-23T00:00:00+00:00
[2023-07-25 17:47:11,396] {subprocess.py:52} INFO - Tmp dir root location: 
 /tmp
[2023-07-25 17:47:11,396] {subprocess.py:63} INFO - Running command: ['bash', '-c', 'echo "hello world"; exit 99;']
[2023-07-25 17:47:11,470] {subprocess.py:74} INFO - Output:
[2023-07-25 17:47:11,508] {subprocess.py:78} INFO - hello world
[2023-07-25 17:47:11,511] {subprocess.py:82} INFO - Command exited with return code 99
[2023-07-25 17:47:11,514] {taskinstance.py:1167} INFO - Bash command returned exit code 99. Skipping.
[2023-07-25 17:47:11,541] {taskinstance.py:1170} INFO - Marking task as SKIPPED. dag_id=example_bash_operator, task_id=this_will_skip, execution_date=20230723T000000, start_date=20230725T174710, end_date=
[2023-07-25 17:47:11,542] {taskinstance.py:1204} INFO - Marking task as SUCCESS. dag_id=example_bash_operator, task_id=this_will_skip, execution_date=20230723T000000, start_date=20230725T174710, end_date=20230725T174711
[2023-07-25 17:47:11,651] {taskinstance.py:1265} INFO - 0 downstream tasks scheduled from follow-on schedule check
[2023-07-25 17:47:11,728] {local_task_job.py:149} INFO - Task exited with return code 0
