[2023-07-25 17:47:10,229] {taskinstance.py:896} INFO - Dependencies all met for <TaskInstance: example_bash_operator.runme_2 2023-07-23T00:00:00+00:00 [queued]>
[2023-07-25 17:47:10,406] {taskinstance.py:896} INFO - Dependencies all met for <TaskInstance: example_bash_operator.runme_2 2023-07-23T00:00:00+00:00 [queued]>
[2023-07-25 17:47:10,407] {taskinstance.py:1087} INFO - 
--------------------------------------------------------------------------------
[2023-07-25 17:47:10,407] {taskinstance.py:1088} INFO - Starting attempt 1 of 1
[2023-07-25 17:47:10,407] {taskinstance.py:1089} INFO - 
--------------------------------------------------------------------------------
[2023-07-25 17:47:10,485] {taskinstance.py:1107} INFO - Executing <Task(BashOperator): runme_2> on 2023-07-23T00:00:00+00:00
[2023-07-25 17:47:10,539] {standard_task_runner.py:76} INFO - Running: ['***', 'tasks', 'run', 'example_bash_operator', 'runme_2', '2023-07-23T00:00:00+00:00', '--job-id', '5', '--pool', 'default_pool', '--raw', '--subdir', '/home/***/.local/lib/python3.9/site-packages/***/example_dags/example_bash_operator.py', '--cfg-path', '/tmp/tmptc44a6w9', '--error-file', '/tmp/tmpjo483w66']
[2023-07-25 17:47:10,540] {standard_task_runner.py:77} INFO - Job 5: Subtask runme_2
[2023-07-25 17:47:10,490] {standard_task_runner.py:52} INFO - Started process 873 to run task
[2023-07-25 17:47:10,969] {logging_mixin.py:104} INFO - Running <TaskInstance: example_bash_operator.runme_2 2023-07-23T00:00:00+00:00 [running]> on host 2ae13fbb8692
[2023-07-25 17:47:11,393] {taskinstance.py:1300} INFO - Exporting the following env vars:
AIRFLOW_CTX_DAG_OWNER=***
AIRFLOW_CTX_DAG_ID=example_bash_operator
AIRFLOW_CTX_TASK_ID=runme_2
AIRFLOW_CTX_EXECUTION_DATE=2023-07-23T00:00:00+00:00
AIRFLOW_CTX_DAG_RUN_ID=scheduled__2023-07-23T00:00:00+00:00
[2023-07-25 17:47:11,394] {subprocess.py:52} INFO - Tmp dir root location: 
 /tmp
[2023-07-25 17:47:11,394] {subprocess.py:63} INFO - Running command: ['bash', '-c', 'echo "example_bash_operator__runme_2__20230723" && sleep 1']
[2023-07-25 17:47:11,486] {subprocess.py:74} INFO - Output:
[2023-07-25 17:47:11,509] {subprocess.py:78} INFO - example_bash_operator__runme_2__20230723
[2023-07-25 17:47:12,527] {subprocess.py:82} INFO - Command exited with return code 0
[2023-07-25 17:47:12,596] {taskinstance.py:1204} INFO - Marking task as SUCCESS. dag_id=example_bash_operator, task_id=runme_2, execution_date=20230723T000000, start_date=20230725T174710, end_date=20230725T174712
[2023-07-25 17:47:12,629] {taskinstance.py:1265} INFO - 1 downstream tasks scheduled from follow-on schedule check
[2023-07-25 17:47:12,658] {local_task_job.py:149} INFO - Task exited with return code 0
