[2023-07-29T14:22:39.499+0000] {warnings.py:109} WARNING - /home/***/.local/lib/python3.9/site-packages/***/utils/sqlalchemy.py:124: DeprecationWarning: The sql_alchemy_conn option in [core] has been moved to the sql_alchemy_conn option in [database] - the old setting has been used, but please update your config.
  return not conf.get("database", "sql_alchemy_conn").startswith("mssql")

[2023-07-29T14:22:39.509+0000] {taskinstance.py:1103} INFO - Dependencies all met for dep_context=non-requeueable deps ti=<TaskInstance: emrPipeline.create_emr_cluster scheduled__2023-07-29T13:00:00+00:00 [queued]>
[2023-07-29T14:22:39.517+0000] {taskinstance.py:1103} INFO - Dependencies all met for dep_context=requeueable deps ti=<TaskInstance: emrPipeline.create_emr_cluster scheduled__2023-07-29T13:00:00+00:00 [queued]>
[2023-07-29T14:22:39.518+0000] {taskinstance.py:1308} INFO - Starting attempt 1 of 1
[2023-07-29T14:22:39.530+0000] {taskinstance.py:1327} INFO - Executing <Task(EmrCreateJobFlowOperator): create_emr_cluster> on 2023-07-29 13:00:00+00:00
[2023-07-29T14:22:39.537+0000] {standard_task_runner.py:57} INFO - Started process 653 to run task
[2023-07-29T14:22:39.544+0000] {standard_task_runner.py:84} INFO - Running: ['***', 'tasks', 'run', 'emrPipeline', 'create_emr_cluster', 'scheduled__2023-07-29T13:00:00+00:00', '--job-id', '3', '--raw', '--subdir', 'DAGS_FOLDER/emr.py', '--cfg-path', '/tmp/tmpjb29_1tc']
[2023-07-29T14:22:39.546+0000] {standard_task_runner.py:85} INFO - Job 3: Subtask create_emr_cluster
[2023-07-29T14:22:39.563+0000] {warnings.py:109} WARNING - /home/***/.local/lib/python3.9/site-packages/***/settings.py:195: DeprecationWarning: The sql_alchemy_conn option in [core] has been moved to the sql_alchemy_conn option in [database] - the old setting has been used, but please update your config.
  SQL_ALCHEMY_CONN = conf.get("database", "SQL_ALCHEMY_CONN")

[2023-07-29T14:22:39.604+0000] {task_command.py:410} INFO - Running <TaskInstance: emrPipeline.create_emr_cluster scheduled__2023-07-29T13:00:00+00:00 [running]> on host 3ea9eeb1605e
[2023-07-29T14:22:39.616+0000] {warnings.py:109} WARNING - /home/***/.local/lib/python3.9/site-packages/***/utils/sqlalchemy.py:124: DeprecationWarning: The sql_alchemy_conn option in [core] has been moved to the sql_alchemy_conn option in [database] - the old setting has been used, but please update your config.
  return not conf.get("database", "sql_alchemy_conn").startswith("mssql")

[2023-07-29T14:22:39.688+0000] {taskinstance.py:1545} INFO - Exporting env vars: AIRFLOW_CTX_DAG_OWNER='***' AIRFLOW_CTX_DAG_ID='emrPipeline' AIRFLOW_CTX_TASK_ID='create_emr_cluster' AIRFLOW_CTX_EXECUTION_DATE='2023-07-29T13:00:00+00:00' AIRFLOW_CTX_TRY_NUMBER='1' AIRFLOW_CTX_DAG_RUN_ID='scheduled__2023-07-29T13:00:00+00:00'
[2023-07-29T14:22:39.689+0000] {emr.py:700} INFO - Creating job flow using aws_conn_id: aws_connection, emr_conn_id: emr_default
[2023-07-29T14:22:39.698+0000] {warnings.py:109} WARNING - /home/***/.local/lib/python3.9/site-packages/***/providers/amazon/aws/operators/emr.py:708: UserWarning: Unable to find Amazon Elastic MapReduce Connection ID 'emr_default', using an empty initial configuration. If you want to get rid of this warning message please provide a valid `emr_conn_id` or set it to None.
  response = self._emr_hook.create_job_flow(job_flow_overrides)

[2023-07-29T14:22:39.704+0000] {base.py:73} INFO - Using connection ID 'aws_connection' for task execution.
[2023-07-29T14:22:39.704+0000] {connection_wrapper.py:340} INFO - AWS Connection (conn_id='aws_connection', conn_type='aws') credentials retrieved from login and password.
[2023-07-29T14:22:40.543+0000] {emr.py:714} INFO - Job flow with id j-1P4C9YOCHINCC created
[2023-07-29T14:22:40.625+0000] {taskinstance.py:1345} INFO - Marking task as SUCCESS. dag_id=emrPipeline, task_id=create_emr_cluster, execution_date=20230729T130000, start_date=20230729T142239, end_date=20230729T142240
[2023-07-29T14:22:40.677+0000] {local_task_job_runner.py:225} INFO - Task exited with return code 0
[2023-07-29T14:22:40.695+0000] {taskinstance.py:2653} INFO - 0 downstream tasks scheduled from follow-on schedule check
