[2023-07-30T18:39:06.378+0000] {warnings.py:109} WARNING - /home/***/.local/lib/python3.9/site-packages/***/utils/sqlalchemy.py:124: DeprecationWarning: The sql_alchemy_conn option in [core] has been moved to the sql_alchemy_conn option in [database] - the old setting has been used, but please update your config.
  return not conf.get("database", "sql_alchemy_conn").startswith("mssql")

[2023-07-30T18:39:06.389+0000] {taskinstance.py:1103} INFO - Dependencies all met for dep_context=non-requeueable deps ti=<TaskInstance: emrSteps.S6 scheduled__2023-07-30T17:00:00+00:00 [queued]>
[2023-07-30T18:39:06.398+0000] {taskinstance.py:1103} INFO - Dependencies all met for dep_context=requeueable deps ti=<TaskInstance: emrSteps.S6 scheduled__2023-07-30T17:00:00+00:00 [queued]>
[2023-07-30T18:39:06.398+0000] {taskinstance.py:1308} INFO - Starting attempt 1 of 1
[2023-07-30T18:39:06.414+0000] {taskinstance.py:1327} INFO - Executing <Task(EmrAddStepsOperator): S6> on 2023-07-30 17:00:00+00:00
[2023-07-30T18:39:06.422+0000] {standard_task_runner.py:57} INFO - Started process 569 to run task
[2023-07-30T18:39:06.426+0000] {standard_task_runner.py:84} INFO - Running: ['***', 'tasks', 'run', 'emrSteps', 'S6', 'scheduled__2023-07-30T17:00:00+00:00', '--job-id', '62', '--raw', '--subdir', 'DAGS_FOLDER/emrSteps.py', '--cfg-path', '/tmp/tmp3iq2pjaz']
[2023-07-30T18:39:06.429+0000] {standard_task_runner.py:85} INFO - Job 62: Subtask S6
[2023-07-30T18:39:06.445+0000] {warnings.py:109} WARNING - /home/***/.local/lib/python3.9/site-packages/***/settings.py:195: DeprecationWarning: The sql_alchemy_conn option in [core] has been moved to the sql_alchemy_conn option in [database] - the old setting has been used, but please update your config.
  SQL_ALCHEMY_CONN = conf.get("database", "SQL_ALCHEMY_CONN")

[2023-07-30T18:39:06.490+0000] {task_command.py:410} INFO - Running <TaskInstance: emrSteps.S6 scheduled__2023-07-30T17:00:00+00:00 [running]> on host 484e6be077e8
[2023-07-30T18:39:06.504+0000] {warnings.py:109} WARNING - /home/***/.local/lib/python3.9/site-packages/***/utils/sqlalchemy.py:124: DeprecationWarning: The sql_alchemy_conn option in [core] has been moved to the sql_alchemy_conn option in [database] - the old setting has been used, but please update your config.
  return not conf.get("database", "sql_alchemy_conn").startswith("mssql")

[2023-07-30T18:39:06.575+0000] {taskinstance.py:1545} INFO - Exporting env vars: AIRFLOW_CTX_DAG_OWNER='***' AIRFLOW_CTX_DAG_ID='emrSteps' AIRFLOW_CTX_TASK_ID='S6' AIRFLOW_CTX_EXECUTION_DATE='2023-07-30T17:00:00+00:00' AIRFLOW_CTX_TRY_NUMBER='1' AIRFLOW_CTX_DAG_RUN_ID='scheduled__2023-07-30T17:00:00+00:00'
[2023-07-30T18:39:06.600+0000] {base.py:73} INFO - Using connection ID 'aws_connection' for task execution.
[2023-07-30T18:39:06.601+0000] {connection_wrapper.py:340} INFO - AWS Connection (conn_id='aws_connection', conn_type='aws') credentials retrieved from login and password.
[2023-07-30T18:39:07.310+0000] {taskinstance.py:1824} ERROR - Task failed with exception
Traceback (most recent call last):
  File "/home/airflow/.local/lib/python3.9/site-packages/airflow/providers/amazon/aws/operators/emr.py", line 142, in execute
    log_uri=get_log_uri(emr_client=emr_hook.conn, job_flow_id=job_flow_id),
  File "/home/airflow/.local/lib/python3.9/site-packages/airflow/providers/amazon/aws/links/emr.py", line 62, in get_log_uri
    cluster_info = (cluster or emr_client.describe_cluster(ClusterId=job_flow_id))["Cluster"]
  File "/home/airflow/.local/lib/python3.9/site-packages/botocore/client.py", line 530, in _api_call
    return self._make_api_call(operation_name, kwargs)
  File "/home/airflow/.local/lib/python3.9/site-packages/botocore/client.py", line 964, in _make_api_call
    raise error_class(parsed_response, operation_name)
botocore.errorfactory.InvalidRequestException: An error occurred (InvalidRequestException) when calling the DescribeCluster operation: Cluster id '3EO35D3IB9FCU' is not valid.
[2023-07-30T18:39:07.320+0000] {taskinstance.py:1345} INFO - Marking task as FAILED. dag_id=emrSteps, task_id=S6, execution_date=20230730T170000, start_date=20230730T183906, end_date=20230730T183907
[2023-07-30T18:39:07.337+0000] {standard_task_runner.py:104} ERROR - Failed to execute job 62 for task S6 (An error occurred (InvalidRequestException) when calling the DescribeCluster operation: Cluster id '3EO35D3IB9FCU' is not valid.; 569)
[2023-07-30T18:39:07.388+0000] {local_task_job_runner.py:225} INFO - Task exited with return code 1
[2023-07-30T18:39:07.407+0000] {taskinstance.py:2653} INFO - 0 downstream tasks scheduled from follow-on schedule check
