[2023-07-29 09:31:14,753] {taskinstance.py:896} INFO - Dependencies all met for <TaskInstance: example_bash_operator.run_after_loop 2023-07-28T00:00:00+00:00 [queued]>
[2023-07-29 09:31:14,807] {taskinstance.py:896} INFO - Dependencies all met for <TaskInstance: example_bash_operator.run_after_loop 2023-07-28T00:00:00+00:00 [queued]>
[2023-07-29 09:31:14,807] {taskinstance.py:1087} INFO - 
--------------------------------------------------------------------------------
[2023-07-29 09:31:14,807] {taskinstance.py:1088} INFO - Starting attempt 1 of 1
[2023-07-29 09:31:14,807] {taskinstance.py:1089} INFO - 
--------------------------------------------------------------------------------
[2023-07-29 09:31:14,864] {taskinstance.py:1107} INFO - Executing <Task(BashOperator): run_after_loop> on 2023-07-28T00:00:00+00:00
[2023-07-29 09:31:14,868] {standard_task_runner.py:52} INFO - Started process 115 to run task
[2023-07-29 09:31:14,939] {standard_task_runner.py:76} INFO - Running: ['***', 'tasks', 'run', 'example_bash_operator', 'run_after_loop', '2023-07-28T00:00:00+00:00', '--job-id', '38', '--pool', 'default_pool', '--raw', '--subdir', '/home/***/.local/lib/python3.9/site-packages/***/example_dags/example_bash_operator.py', '--cfg-path', '/tmp/tmp4od6nb5p', '--error-file', '/tmp/tmp4kbuut43']
[2023-07-29 09:31:14,939] {standard_task_runner.py:77} INFO - Job 38: Subtask run_after_loop
[2023-07-29 09:31:15,194] {logging_mixin.py:104} INFO - Running <TaskInstance: example_bash_operator.run_after_loop 2023-07-28T00:00:00+00:00 [running]> on host 2ae13fbb8692
[2023-07-29 09:31:15,375] {taskinstance.py:1300} INFO - Exporting the following env vars:
AIRFLOW_CTX_DAG_OWNER=***
AIRFLOW_CTX_DAG_ID=example_bash_operator
AIRFLOW_CTX_TASK_ID=run_after_loop
AIRFLOW_CTX_EXECUTION_DATE=2023-07-28T00:00:00+00:00
AIRFLOW_CTX_DAG_RUN_ID=scheduled__2023-07-28T00:00:00+00:00
[2023-07-29 09:31:15,375] {subprocess.py:52} INFO - Tmp dir root location: 
 /tmp
[2023-07-29 09:31:15,376] {subprocess.py:63} INFO - Running command: ['bash', '-c', 'echo 1']
[2023-07-29 09:31:15,432] {subprocess.py:74} INFO - Output:
[2023-07-29 09:31:15,445] {subprocess.py:78} INFO - 1
[2023-07-29 09:31:15,445] {subprocess.py:82} INFO - Command exited with return code 0
[2023-07-29 09:31:15,560] {taskinstance.py:1204} INFO - Marking task as SUCCESS. dag_id=example_bash_operator, task_id=run_after_loop, execution_date=20230728T000000, start_date=20230729T093114, end_date=20230729T093115
[2023-07-29 09:31:15,614] {taskinstance.py:1265} INFO - 0 downstream tasks scheduled from follow-on schedule check
[2023-07-29 09:31:15,621] {local_task_job.py:149} INFO - Task exited with return code 0
