[2023-08-12T18:00:19.729+0000] {warnings.py:109} WARNING - /home/***/.local/lib/python3.9/site-packages/***/utils/sqlalchemy.py:124: DeprecationWarning: The sql_alchemy_conn option in [core] has been moved to the sql_alchemy_conn option in [database] - the old setting has been used, but please update your config.
  return not conf.get("database", "sql_alchemy_conn").startswith("mssql")

[2023-08-12T18:00:19.790+0000] {taskinstance.py:1103} INFO - Dependencies all met for dep_context=non-requeueable deps ti=<TaskInstance: emrPipeline.create_emr_cluster scheduled__2023-08-12T17:00:00+00:00 [queued]>
[2023-08-12T18:00:19.799+0000] {taskinstance.py:1103} INFO - Dependencies all met for dep_context=requeueable deps ti=<TaskInstance: emrPipeline.create_emr_cluster scheduled__2023-08-12T17:00:00+00:00 [queued]>
[2023-08-12T18:00:19.799+0000] {taskinstance.py:1308} INFO - Starting attempt 1 of 1
[2023-08-12T18:00:19.816+0000] {taskinstance.py:1327} INFO - Executing <Task(EmrCreateJobFlowOperator): create_emr_cluster> on 2023-08-12 17:00:00+00:00
[2023-08-12T18:00:19.823+0000] {standard_task_runner.py:57} INFO - Started process 13606 to run task
[2023-08-12T18:00:19.832+0000] {standard_task_runner.py:84} INFO - Running: ['***', 'tasks', 'run', 'emrPipeline', 'create_emr_cluster', 'scheduled__2023-08-12T17:00:00+00:00', '--job-id', '214', '--raw', '--subdir', 'DAGS_FOLDER/emr.py', '--cfg-path', '/tmp/tmpcr2ermca']
[2023-08-12T18:00:19.836+0000] {standard_task_runner.py:85} INFO - Job 214: Subtask create_emr_cluster
[2023-08-12T18:00:19.859+0000] {warnings.py:109} WARNING - /home/***/.local/lib/python3.9/site-packages/***/settings.py:195: DeprecationWarning: The sql_alchemy_conn option in [core] has been moved to the sql_alchemy_conn option in [database] - the old setting has been used, but please update your config.
  SQL_ALCHEMY_CONN = conf.get("database", "SQL_ALCHEMY_CONN")

[2023-08-12T18:00:19.900+0000] {task_command.py:410} INFO - Running <TaskInstance: emrPipeline.create_emr_cluster scheduled__2023-08-12T17:00:00+00:00 [running]> on host 484e6be077e8
[2023-08-12T18:00:19.913+0000] {warnings.py:109} WARNING - /home/***/.local/lib/python3.9/site-packages/***/utils/sqlalchemy.py:124: DeprecationWarning: The sql_alchemy_conn option in [core] has been moved to the sql_alchemy_conn option in [database] - the old setting has been used, but please update your config.
  return not conf.get("database", "sql_alchemy_conn").startswith("mssql")

[2023-08-12T18:00:20.001+0000] {taskinstance.py:1545} INFO - Exporting env vars: AIRFLOW_CTX_DAG_OWNER='***' AIRFLOW_CTX_DAG_ID='emrPipeline' AIRFLOW_CTX_TASK_ID='create_emr_cluster' AIRFLOW_CTX_EXECUTION_DATE='2023-08-12T17:00:00+00:00' AIRFLOW_CTX_TRY_NUMBER='1' AIRFLOW_CTX_DAG_RUN_ID='scheduled__2023-08-12T17:00:00+00:00'
[2023-08-12T18:00:20.002+0000] {emr.py:700} INFO - Creating job flow using aws_conn_id: aws_connection, emr_conn_id: EMR_Connection
[2023-08-12T18:00:20.016+0000] {base.py:73} INFO - Using connection ID 'EMR_Connection' for task execution.
[2023-08-12T18:00:20.027+0000] {base.py:73} INFO - Using connection ID 'aws_connection' for task execution.
[2023-08-12T18:00:20.028+0000] {connection_wrapper.py:340} INFO - AWS Connection (conn_id='aws_connection', conn_type='aws') credentials retrieved from login and password.
[2023-08-12T18:00:21.156+0000] {emr.py:714} INFO - Job flow with id j-1DLDR1BT02URC created
[2023-08-12T18:08:22.729+0000] {taskinstance.py:1345} INFO - Marking task as SUCCESS. dag_id=emrPipeline, task_id=create_emr_cluster, execution_date=20230812T170000, start_date=20230812T180019, end_date=20230812T180822
[2023-08-12T18:08:23.162+0000] {local_task_job_runner.py:225} INFO - Task exited with return code 0
[2023-08-12T18:08:23.422+0000] {taskinstance.py:2653} INFO - 1 downstream tasks scheduled from follow-on schedule check
