[2023-07-23T19:28:28.047+0000] {processor.py:157} INFO - Started process (PID=94) to work on /home/airflow/.local/lib/python3.9/site-packages/airflow/example_dags/plugins/listener_plugin.py
[2023-07-23T19:28:28.048+0000] {processor.py:826} INFO - Processing file /home/airflow/.local/lib/python3.9/site-packages/airflow/example_dags/plugins/listener_plugin.py for tasks to queue
[2023-07-23T19:28:28.049+0000] {logging_mixin.py:150} INFO - [2023-07-23T19:28:28.048+0000] {dagbag.py:541} INFO - Filling up the DagBag from /home/airflow/.local/lib/python3.9/site-packages/airflow/example_dags/plugins/listener_plugin.py
[2023-07-23T19:28:28.052+0000] {processor.py:838} WARNING - No viable dags retrieved from /home/airflow/.local/lib/python3.9/site-packages/airflow/example_dags/plugins/listener_plugin.py
[2023-07-23T19:28:28.069+0000] {processor.py:179} INFO - Processing /home/airflow/.local/lib/python3.9/site-packages/airflow/example_dags/plugins/listener_plugin.py took 0.026 seconds
[2023-07-23T19:28:59.216+0000] {processor.py:157} INFO - Started process (PID=155) to work on /home/airflow/.local/lib/python3.9/site-packages/airflow/example_dags/plugins/listener_plugin.py
[2023-07-23T19:28:59.225+0000] {processor.py:826} INFO - Processing file /home/airflow/.local/lib/python3.9/site-packages/airflow/example_dags/plugins/listener_plugin.py for tasks to queue
[2023-07-23T19:28:59.226+0000] {logging_mixin.py:150} INFO - [2023-07-23T19:28:59.225+0000] {dagbag.py:541} INFO - Filling up the DagBag from /home/airflow/.local/lib/python3.9/site-packages/airflow/example_dags/plugins/listener_plugin.py
[2023-07-23T19:28:59.229+0000] {processor.py:838} WARNING - No viable dags retrieved from /home/airflow/.local/lib/python3.9/site-packages/airflow/example_dags/plugins/listener_plugin.py
[2023-07-23T19:28:59.255+0000] {processor.py:179} INFO - Processing /home/airflow/.local/lib/python3.9/site-packages/airflow/example_dags/plugins/listener_plugin.py took 0.059 seconds
[2023-07-23T19:29:29.849+0000] {processor.py:157} INFO - Started process (PID=217) to work on /home/airflow/.local/lib/python3.9/site-packages/airflow/example_dags/plugins/listener_plugin.py
[2023-07-23T19:29:29.855+0000] {processor.py:826} INFO - Processing file /home/airflow/.local/lib/python3.9/site-packages/airflow/example_dags/plugins/listener_plugin.py for tasks to queue
[2023-07-23T19:29:29.857+0000] {logging_mixin.py:150} INFO - [2023-07-23T19:29:29.856+0000] {dagbag.py:541} INFO - Filling up the DagBag from /home/airflow/.local/lib/python3.9/site-packages/airflow/example_dags/plugins/listener_plugin.py
[2023-07-23T19:29:29.869+0000] {processor.py:838} WARNING - No viable dags retrieved from /home/airflow/.local/lib/python3.9/site-packages/airflow/example_dags/plugins/listener_plugin.py
[2023-07-23T19:29:29.949+0000] {processor.py:179} INFO - Processing /home/airflow/.local/lib/python3.9/site-packages/airflow/example_dags/plugins/listener_plugin.py took 0.116 seconds
[2023-07-23T19:30:01.070+0000] {processor.py:157} INFO - Started process (PID=278) to work on /home/airflow/.local/lib/python3.9/site-packages/airflow/example_dags/plugins/listener_plugin.py
[2023-07-23T19:30:01.075+0000] {processor.py:826} INFO - Processing file /home/airflow/.local/lib/python3.9/site-packages/airflow/example_dags/plugins/listener_plugin.py for tasks to queue
[2023-07-23T19:30:01.076+0000] {logging_mixin.py:150} INFO - [2023-07-23T19:30:01.076+0000] {dagbag.py:541} INFO - Filling up the DagBag from /home/airflow/.local/lib/python3.9/site-packages/airflow/example_dags/plugins/listener_plugin.py
[2023-07-23T19:30:01.080+0000] {processor.py:838} WARNING - No viable dags retrieved from /home/airflow/.local/lib/python3.9/site-packages/airflow/example_dags/plugins/listener_plugin.py
[2023-07-23T19:30:01.155+0000] {processor.py:179} INFO - Processing /home/airflow/.local/lib/python3.9/site-packages/airflow/example_dags/plugins/listener_plugin.py took 0.090 seconds
[2023-07-23T19:30:31.980+0000] {processor.py:157} INFO - Started process (PID=340) to work on /home/airflow/.local/lib/python3.9/site-packages/airflow/example_dags/plugins/listener_plugin.py
[2023-07-23T19:30:31.990+0000] {processor.py:826} INFO - Processing file /home/airflow/.local/lib/python3.9/site-packages/airflow/example_dags/plugins/listener_plugin.py for tasks to queue
[2023-07-23T19:30:31.991+0000] {logging_mixin.py:150} INFO - [2023-07-23T19:30:31.990+0000] {dagbag.py:541} INFO - Filling up the DagBag from /home/airflow/.local/lib/python3.9/site-packages/airflow/example_dags/plugins/listener_plugin.py
[2023-07-23T19:30:31.994+0000] {processor.py:838} WARNING - No viable dags retrieved from /home/airflow/.local/lib/python3.9/site-packages/airflow/example_dags/plugins/listener_plugin.py
[2023-07-23T19:30:32.020+0000] {processor.py:179} INFO - Processing /home/airflow/.local/lib/python3.9/site-packages/airflow/example_dags/plugins/listener_plugin.py took 0.044 seconds
[2023-07-23T19:31:02.604+0000] {processor.py:157} INFO - Started process (PID=402) to work on /home/airflow/.local/lib/python3.9/site-packages/airflow/example_dags/plugins/listener_plugin.py
[2023-07-23T19:31:02.613+0000] {processor.py:826} INFO - Processing file /home/airflow/.local/lib/python3.9/site-packages/airflow/example_dags/plugins/listener_plugin.py for tasks to queue
[2023-07-23T19:31:02.614+0000] {logging_mixin.py:150} INFO - [2023-07-23T19:31:02.613+0000] {dagbag.py:541} INFO - Filling up the DagBag from /home/airflow/.local/lib/python3.9/site-packages/airflow/example_dags/plugins/listener_plugin.py
[2023-07-23T19:31:02.617+0000] {processor.py:838} WARNING - No viable dags retrieved from /home/airflow/.local/lib/python3.9/site-packages/airflow/example_dags/plugins/listener_plugin.py
[2023-07-23T19:31:02.641+0000] {processor.py:179} INFO - Processing /home/airflow/.local/lib/python3.9/site-packages/airflow/example_dags/plugins/listener_plugin.py took 0.041 seconds
[2023-07-23T19:31:32.998+0000] {processor.py:157} INFO - Started process (PID=464) to work on /home/airflow/.local/lib/python3.9/site-packages/airflow/example_dags/plugins/listener_plugin.py
[2023-07-23T19:31:33.002+0000] {processor.py:826} INFO - Processing file /home/airflow/.local/lib/python3.9/site-packages/airflow/example_dags/plugins/listener_plugin.py for tasks to queue
[2023-07-23T19:31:33.003+0000] {logging_mixin.py:150} INFO - [2023-07-23T19:31:33.003+0000] {dagbag.py:541} INFO - Filling up the DagBag from /home/airflow/.local/lib/python3.9/site-packages/airflow/example_dags/plugins/listener_plugin.py
[2023-07-23T19:31:33.012+0000] {processor.py:838} WARNING - No viable dags retrieved from /home/airflow/.local/lib/python3.9/site-packages/airflow/example_dags/plugins/listener_plugin.py
[2023-07-23T19:31:33.032+0000] {processor.py:179} INFO - Processing /home/airflow/.local/lib/python3.9/site-packages/airflow/example_dags/plugins/listener_plugin.py took 0.054 seconds
[2023-07-23T19:32:05.424+0000] {processor.py:157} INFO - Started process (PID=532) to work on /home/airflow/.local/lib/python3.9/site-packages/airflow/example_dags/plugins/listener_plugin.py
[2023-07-23T19:32:05.446+0000] {processor.py:826} INFO - Processing file /home/airflow/.local/lib/python3.9/site-packages/airflow/example_dags/plugins/listener_plugin.py for tasks to queue
[2023-07-23T19:32:05.447+0000] {logging_mixin.py:150} INFO - [2023-07-23T19:32:05.446+0000] {dagbag.py:541} INFO - Filling up the DagBag from /home/airflow/.local/lib/python3.9/site-packages/airflow/example_dags/plugins/listener_plugin.py
[2023-07-23T19:32:05.450+0000] {processor.py:838} WARNING - No viable dags retrieved from /home/airflow/.local/lib/python3.9/site-packages/airflow/example_dags/plugins/listener_plugin.py
[2023-07-23T19:32:05.555+0000] {processor.py:179} INFO - Processing /home/airflow/.local/lib/python3.9/site-packages/airflow/example_dags/plugins/listener_plugin.py took 0.136 seconds
[2023-07-23T19:32:35.643+0000] {processor.py:157} INFO - Started process (PID=587) to work on /home/airflow/.local/lib/python3.9/site-packages/airflow/example_dags/plugins/listener_plugin.py
[2023-07-23T19:32:35.652+0000] {processor.py:826} INFO - Processing file /home/airflow/.local/lib/python3.9/site-packages/airflow/example_dags/plugins/listener_plugin.py for tasks to queue
[2023-07-23T19:32:35.653+0000] {logging_mixin.py:150} INFO - [2023-07-23T19:32:35.653+0000] {dagbag.py:541} INFO - Filling up the DagBag from /home/airflow/.local/lib/python3.9/site-packages/airflow/example_dags/plugins/listener_plugin.py
[2023-07-23T19:32:35.660+0000] {processor.py:838} WARNING - No viable dags retrieved from /home/airflow/.local/lib/python3.9/site-packages/airflow/example_dags/plugins/listener_plugin.py
[2023-07-23T19:32:35.686+0000] {processor.py:179} INFO - Processing /home/airflow/.local/lib/python3.9/site-packages/airflow/example_dags/plugins/listener_plugin.py took 0.048 seconds
[2023-07-23T19:33:05.952+0000] {processor.py:157} INFO - Started process (PID=650) to work on /home/airflow/.local/lib/python3.9/site-packages/airflow/example_dags/plugins/listener_plugin.py
[2023-07-23T19:33:05.954+0000] {processor.py:826} INFO - Processing file /home/airflow/.local/lib/python3.9/site-packages/airflow/example_dags/plugins/listener_plugin.py for tasks to queue
[2023-07-23T19:33:05.955+0000] {logging_mixin.py:150} INFO - [2023-07-23T19:33:05.955+0000] {dagbag.py:541} INFO - Filling up the DagBag from /home/airflow/.local/lib/python3.9/site-packages/airflow/example_dags/plugins/listener_plugin.py
[2023-07-23T19:33:05.967+0000] {processor.py:838} WARNING - No viable dags retrieved from /home/airflow/.local/lib/python3.9/site-packages/airflow/example_dags/plugins/listener_plugin.py
[2023-07-23T19:33:05.995+0000] {processor.py:179} INFO - Processing /home/airflow/.local/lib/python3.9/site-packages/airflow/example_dags/plugins/listener_plugin.py took 0.056 seconds
[2023-07-23T19:41:42.461+0000] {processor.py:157} INFO - Started process (PID=95) to work on /home/airflow/.local/lib/python3.9/site-packages/airflow/example_dags/plugins/listener_plugin.py
[2023-07-23T19:41:42.465+0000] {processor.py:826} INFO - Processing file /home/airflow/.local/lib/python3.9/site-packages/airflow/example_dags/plugins/listener_plugin.py for tasks to queue
[2023-07-23T19:41:42.466+0000] {logging_mixin.py:150} INFO - [2023-07-23T19:41:42.466+0000] {dagbag.py:541} INFO - Filling up the DagBag from /home/airflow/.local/lib/python3.9/site-packages/airflow/example_dags/plugins/listener_plugin.py
[2023-07-23T19:41:42.469+0000] {processor.py:838} WARNING - No viable dags retrieved from /home/airflow/.local/lib/python3.9/site-packages/airflow/example_dags/plugins/listener_plugin.py
[2023-07-23T19:41:42.507+0000] {processor.py:179} INFO - Processing /home/airflow/.local/lib/python3.9/site-packages/airflow/example_dags/plugins/listener_plugin.py took 0.051 seconds
[2023-07-23T19:42:13.534+0000] {processor.py:157} INFO - Started process (PID=156) to work on /home/airflow/.local/lib/python3.9/site-packages/airflow/example_dags/plugins/listener_plugin.py
[2023-07-23T19:42:13.545+0000] {processor.py:826} INFO - Processing file /home/airflow/.local/lib/python3.9/site-packages/airflow/example_dags/plugins/listener_plugin.py for tasks to queue
[2023-07-23T19:42:13.546+0000] {logging_mixin.py:150} INFO - [2023-07-23T19:42:13.546+0000] {dagbag.py:541} INFO - Filling up the DagBag from /home/airflow/.local/lib/python3.9/site-packages/airflow/example_dags/plugins/listener_plugin.py
[2023-07-23T19:42:13.550+0000] {processor.py:838} WARNING - No viable dags retrieved from /home/airflow/.local/lib/python3.9/site-packages/airflow/example_dags/plugins/listener_plugin.py
[2023-07-23T19:42:13.575+0000] {processor.py:179} INFO - Processing /home/airflow/.local/lib/python3.9/site-packages/airflow/example_dags/plugins/listener_plugin.py took 0.046 seconds
[2023-07-23T19:42:44.935+0000] {processor.py:157} INFO - Started process (PID=222) to work on /home/airflow/.local/lib/python3.9/site-packages/airflow/example_dags/plugins/listener_plugin.py
[2023-07-23T19:42:44.956+0000] {processor.py:826} INFO - Processing file /home/airflow/.local/lib/python3.9/site-packages/airflow/example_dags/plugins/listener_plugin.py for tasks to queue
[2023-07-23T19:42:44.957+0000] {logging_mixin.py:150} INFO - [2023-07-23T19:42:44.956+0000] {dagbag.py:541} INFO - Filling up the DagBag from /home/airflow/.local/lib/python3.9/site-packages/airflow/example_dags/plugins/listener_plugin.py
[2023-07-23T19:42:44.960+0000] {processor.py:838} WARNING - No viable dags retrieved from /home/airflow/.local/lib/python3.9/site-packages/airflow/example_dags/plugins/listener_plugin.py
[2023-07-23T19:42:45.095+0000] {processor.py:179} INFO - Processing /home/airflow/.local/lib/python3.9/site-packages/airflow/example_dags/plugins/listener_plugin.py took 0.164 seconds
[2023-07-23T19:43:16.379+0000] {processor.py:157} INFO - Started process (PID=278) to work on /home/airflow/.local/lib/python3.9/site-packages/airflow/example_dags/plugins/listener_plugin.py
[2023-07-23T19:43:16.395+0000] {processor.py:826} INFO - Processing file /home/airflow/.local/lib/python3.9/site-packages/airflow/example_dags/plugins/listener_plugin.py for tasks to queue
[2023-07-23T19:43:16.396+0000] {logging_mixin.py:150} INFO - [2023-07-23T19:43:16.395+0000] {dagbag.py:541} INFO - Filling up the DagBag from /home/airflow/.local/lib/python3.9/site-packages/airflow/example_dags/plugins/listener_plugin.py
[2023-07-23T19:43:16.399+0000] {processor.py:838} WARNING - No viable dags retrieved from /home/airflow/.local/lib/python3.9/site-packages/airflow/example_dags/plugins/listener_plugin.py
[2023-07-23T19:43:16.479+0000] {processor.py:179} INFO - Processing /home/airflow/.local/lib/python3.9/site-packages/airflow/example_dags/plugins/listener_plugin.py took 0.134 seconds
[2023-07-23T19:43:46.823+0000] {processor.py:157} INFO - Started process (PID=340) to work on /home/airflow/.local/lib/python3.9/site-packages/airflow/example_dags/plugins/listener_plugin.py
[2023-07-23T19:43:46.835+0000] {processor.py:826} INFO - Processing file /home/airflow/.local/lib/python3.9/site-packages/airflow/example_dags/plugins/listener_plugin.py for tasks to queue
[2023-07-23T19:43:46.836+0000] {logging_mixin.py:150} INFO - [2023-07-23T19:43:46.836+0000] {dagbag.py:541} INFO - Filling up the DagBag from /home/airflow/.local/lib/python3.9/site-packages/airflow/example_dags/plugins/listener_plugin.py
[2023-07-23T19:43:46.840+0000] {processor.py:838} WARNING - No viable dags retrieved from /home/airflow/.local/lib/python3.9/site-packages/airflow/example_dags/plugins/listener_plugin.py
[2023-07-23T19:43:46.882+0000] {processor.py:179} INFO - Processing /home/airflow/.local/lib/python3.9/site-packages/airflow/example_dags/plugins/listener_plugin.py took 0.062 seconds
[2023-07-23T19:44:21.777+0000] {processor.py:157} INFO - Started process (PID=401) to work on /home/airflow/.local/lib/python3.9/site-packages/airflow/example_dags/plugins/listener_plugin.py
[2023-07-23T19:44:21.779+0000] {processor.py:826} INFO - Processing file /home/airflow/.local/lib/python3.9/site-packages/airflow/example_dags/plugins/listener_plugin.py for tasks to queue
[2023-07-23T19:44:21.780+0000] {logging_mixin.py:150} INFO - [2023-07-23T19:44:21.780+0000] {dagbag.py:541} INFO - Filling up the DagBag from /home/airflow/.local/lib/python3.9/site-packages/airflow/example_dags/plugins/listener_plugin.py
[2023-07-23T19:44:21.783+0000] {processor.py:838} WARNING - No viable dags retrieved from /home/airflow/.local/lib/python3.9/site-packages/airflow/example_dags/plugins/listener_plugin.py
[2023-07-23T19:44:21.876+0000] {processor.py:179} INFO - Processing /home/airflow/.local/lib/python3.9/site-packages/airflow/example_dags/plugins/listener_plugin.py took 0.109 seconds
[2023-07-23T19:44:52.501+0000] {processor.py:157} INFO - Started process (PID=462) to work on /home/airflow/.local/lib/python3.9/site-packages/airflow/example_dags/plugins/listener_plugin.py
[2023-07-23T19:44:52.511+0000] {processor.py:826} INFO - Processing file /home/airflow/.local/lib/python3.9/site-packages/airflow/example_dags/plugins/listener_plugin.py for tasks to queue
[2023-07-23T19:44:52.512+0000] {logging_mixin.py:150} INFO - [2023-07-23T19:44:52.512+0000] {dagbag.py:541} INFO - Filling up the DagBag from /home/airflow/.local/lib/python3.9/site-packages/airflow/example_dags/plugins/listener_plugin.py
[2023-07-23T19:44:52.517+0000] {processor.py:838} WARNING - No viable dags retrieved from /home/airflow/.local/lib/python3.9/site-packages/airflow/example_dags/plugins/listener_plugin.py
[2023-07-23T19:44:52.586+0000] {processor.py:179} INFO - Processing /home/airflow/.local/lib/python3.9/site-packages/airflow/example_dags/plugins/listener_plugin.py took 0.089 seconds
[2023-07-23T19:45:25.304+0000] {processor.py:157} INFO - Started process (PID=524) to work on /home/airflow/.local/lib/python3.9/site-packages/airflow/example_dags/plugins/listener_plugin.py
[2023-07-23T19:45:25.356+0000] {processor.py:826} INFO - Processing file /home/airflow/.local/lib/python3.9/site-packages/airflow/example_dags/plugins/listener_plugin.py for tasks to queue
[2023-07-23T19:45:25.357+0000] {logging_mixin.py:150} INFO - [2023-07-23T19:45:25.356+0000] {dagbag.py:541} INFO - Filling up the DagBag from /home/airflow/.local/lib/python3.9/site-packages/airflow/example_dags/plugins/listener_plugin.py
[2023-07-23T19:45:25.360+0000] {processor.py:838} WARNING - No viable dags retrieved from /home/airflow/.local/lib/python3.9/site-packages/airflow/example_dags/plugins/listener_plugin.py
[2023-07-23T19:45:25.496+0000] {processor.py:179} INFO - Processing /home/airflow/.local/lib/python3.9/site-packages/airflow/example_dags/plugins/listener_plugin.py took 0.196 seconds
[2023-07-23T19:45:58.032+0000] {processor.py:157} INFO - Started process (PID=578) to work on /home/airflow/.local/lib/python3.9/site-packages/airflow/example_dags/plugins/listener_plugin.py
[2023-07-23T19:45:58.066+0000] {processor.py:826} INFO - Processing file /home/airflow/.local/lib/python3.9/site-packages/airflow/example_dags/plugins/listener_plugin.py for tasks to queue
[2023-07-23T19:45:58.067+0000] {logging_mixin.py:150} INFO - [2023-07-23T19:45:58.067+0000] {dagbag.py:541} INFO - Filling up the DagBag from /home/airflow/.local/lib/python3.9/site-packages/airflow/example_dags/plugins/listener_plugin.py
[2023-07-23T19:45:58.084+0000] {processor.py:838} WARNING - No viable dags retrieved from /home/airflow/.local/lib/python3.9/site-packages/airflow/example_dags/plugins/listener_plugin.py
[2023-07-23T19:45:58.146+0000] {processor.py:179} INFO - Processing /home/airflow/.local/lib/python3.9/site-packages/airflow/example_dags/plugins/listener_plugin.py took 0.118 seconds
[2023-07-23T19:46:29.001+0000] {processor.py:157} INFO - Started process (PID=641) to work on /home/airflow/.local/lib/python3.9/site-packages/airflow/example_dags/plugins/listener_plugin.py
[2023-07-23T19:46:29.004+0000] {processor.py:826} INFO - Processing file /home/airflow/.local/lib/python3.9/site-packages/airflow/example_dags/plugins/listener_plugin.py for tasks to queue
[2023-07-23T19:46:29.005+0000] {logging_mixin.py:150} INFO - [2023-07-23T19:46:29.004+0000] {dagbag.py:541} INFO - Filling up the DagBag from /home/airflow/.local/lib/python3.9/site-packages/airflow/example_dags/plugins/listener_plugin.py
[2023-07-23T19:46:29.008+0000] {processor.py:838} WARNING - No viable dags retrieved from /home/airflow/.local/lib/python3.9/site-packages/airflow/example_dags/plugins/listener_plugin.py
[2023-07-23T19:46:29.069+0000] {processor.py:179} INFO - Processing /home/airflow/.local/lib/python3.9/site-packages/airflow/example_dags/plugins/listener_plugin.py took 0.071 seconds
[2023-07-23T19:46:59.665+0000] {processor.py:157} INFO - Started process (PID=709) to work on /home/airflow/.local/lib/python3.9/site-packages/airflow/example_dags/plugins/listener_plugin.py
[2023-07-23T19:46:59.686+0000] {processor.py:826} INFO - Processing file /home/airflow/.local/lib/python3.9/site-packages/airflow/example_dags/plugins/listener_plugin.py for tasks to queue
[2023-07-23T19:46:59.686+0000] {logging_mixin.py:150} INFO - [2023-07-23T19:46:59.686+0000] {dagbag.py:541} INFO - Filling up the DagBag from /home/airflow/.local/lib/python3.9/site-packages/airflow/example_dags/plugins/listener_plugin.py
[2023-07-23T19:46:59.690+0000] {processor.py:838} WARNING - No viable dags retrieved from /home/airflow/.local/lib/python3.9/site-packages/airflow/example_dags/plugins/listener_plugin.py
[2023-07-23T19:46:59.721+0000] {processor.py:179} INFO - Processing /home/airflow/.local/lib/python3.9/site-packages/airflow/example_dags/plugins/listener_plugin.py took 0.079 seconds
[2023-07-23T19:47:31.237+0000] {processor.py:157} INFO - Started process (PID=771) to work on /home/airflow/.local/lib/python3.9/site-packages/airflow/example_dags/plugins/listener_plugin.py
[2023-07-23T19:47:31.256+0000] {processor.py:826} INFO - Processing file /home/airflow/.local/lib/python3.9/site-packages/airflow/example_dags/plugins/listener_plugin.py for tasks to queue
[2023-07-23T19:47:31.257+0000] {logging_mixin.py:150} INFO - [2023-07-23T19:47:31.257+0000] {dagbag.py:541} INFO - Filling up the DagBag from /home/airflow/.local/lib/python3.9/site-packages/airflow/example_dags/plugins/listener_plugin.py
[2023-07-23T19:47:31.260+0000] {processor.py:838} WARNING - No viable dags retrieved from /home/airflow/.local/lib/python3.9/site-packages/airflow/example_dags/plugins/listener_plugin.py
[2023-07-23T19:47:31.293+0000] {processor.py:179} INFO - Processing /home/airflow/.local/lib/python3.9/site-packages/airflow/example_dags/plugins/listener_plugin.py took 0.078 seconds
[2023-07-23T19:48:06.211+0000] {processor.py:157} INFO - Started process (PID=833) to work on /home/airflow/.local/lib/python3.9/site-packages/airflow/example_dags/plugins/listener_plugin.py
[2023-07-23T19:48:06.230+0000] {processor.py:826} INFO - Processing file /home/airflow/.local/lib/python3.9/site-packages/airflow/example_dags/plugins/listener_plugin.py for tasks to queue
[2023-07-23T19:48:06.231+0000] {logging_mixin.py:150} INFO - [2023-07-23T19:48:06.231+0000] {dagbag.py:541} INFO - Filling up the DagBag from /home/airflow/.local/lib/python3.9/site-packages/airflow/example_dags/plugins/listener_plugin.py
[2023-07-23T19:48:06.235+0000] {processor.py:838} WARNING - No viable dags retrieved from /home/airflow/.local/lib/python3.9/site-packages/airflow/example_dags/plugins/listener_plugin.py
[2023-07-23T19:48:06.308+0000] {processor.py:179} INFO - Processing /home/airflow/.local/lib/python3.9/site-packages/airflow/example_dags/plugins/listener_plugin.py took 0.101 seconds
[2023-07-23T19:48:37.001+0000] {processor.py:157} INFO - Started process (PID=895) to work on /home/airflow/.local/lib/python3.9/site-packages/airflow/example_dags/plugins/listener_plugin.py
[2023-07-23T19:48:37.040+0000] {processor.py:826} INFO - Processing file /home/airflow/.local/lib/python3.9/site-packages/airflow/example_dags/plugins/listener_plugin.py for tasks to queue
[2023-07-23T19:48:37.047+0000] {logging_mixin.py:150} INFO - [2023-07-23T19:48:37.047+0000] {dagbag.py:541} INFO - Filling up the DagBag from /home/airflow/.local/lib/python3.9/site-packages/airflow/example_dags/plugins/listener_plugin.py
[2023-07-23T19:48:37.078+0000] {processor.py:838} WARNING - No viable dags retrieved from /home/airflow/.local/lib/python3.9/site-packages/airflow/example_dags/plugins/listener_plugin.py
[2023-07-23T19:48:37.279+0000] {processor.py:179} INFO - Processing /home/airflow/.local/lib/python3.9/site-packages/airflow/example_dags/plugins/listener_plugin.py took 0.281 seconds
[2023-07-23T19:49:07.349+0000] {processor.py:157} INFO - Started process (PID=949) to work on /home/airflow/.local/lib/python3.9/site-packages/airflow/example_dags/plugins/listener_plugin.py
[2023-07-23T19:49:07.356+0000] {processor.py:826} INFO - Processing file /home/airflow/.local/lib/python3.9/site-packages/airflow/example_dags/plugins/listener_plugin.py for tasks to queue
[2023-07-23T19:49:07.357+0000] {logging_mixin.py:150} INFO - [2023-07-23T19:49:07.357+0000] {dagbag.py:541} INFO - Filling up the DagBag from /home/airflow/.local/lib/python3.9/site-packages/airflow/example_dags/plugins/listener_plugin.py
[2023-07-23T19:49:07.360+0000] {processor.py:838} WARNING - No viable dags retrieved from /home/airflow/.local/lib/python3.9/site-packages/airflow/example_dags/plugins/listener_plugin.py
[2023-07-23T19:49:07.388+0000] {processor.py:179} INFO - Processing /home/airflow/.local/lib/python3.9/site-packages/airflow/example_dags/plugins/listener_plugin.py took 0.044 seconds
[2023-07-23T19:49:40.451+0000] {processor.py:157} INFO - Started process (PID=1011) to work on /home/airflow/.local/lib/python3.9/site-packages/airflow/example_dags/plugins/listener_plugin.py
[2023-07-23T19:49:40.457+0000] {processor.py:826} INFO - Processing file /home/airflow/.local/lib/python3.9/site-packages/airflow/example_dags/plugins/listener_plugin.py for tasks to queue
[2023-07-23T19:49:40.458+0000] {logging_mixin.py:150} INFO - [2023-07-23T19:49:40.457+0000] {dagbag.py:541} INFO - Filling up the DagBag from /home/airflow/.local/lib/python3.9/site-packages/airflow/example_dags/plugins/listener_plugin.py
[2023-07-23T19:49:40.461+0000] {processor.py:838} WARNING - No viable dags retrieved from /home/airflow/.local/lib/python3.9/site-packages/airflow/example_dags/plugins/listener_plugin.py
[2023-07-23T19:49:40.553+0000] {processor.py:179} INFO - Processing /home/airflow/.local/lib/python3.9/site-packages/airflow/example_dags/plugins/listener_plugin.py took 0.106 seconds
[2023-07-23T19:50:18.890+0000] {processor.py:157} INFO - Started process (PID=1083) to work on /home/airflow/.local/lib/python3.9/site-packages/airflow/example_dags/plugins/listener_plugin.py
[2023-07-23T19:50:18.891+0000] {processor.py:826} INFO - Processing file /home/airflow/.local/lib/python3.9/site-packages/airflow/example_dags/plugins/listener_plugin.py for tasks to queue
[2023-07-23T19:50:18.896+0000] {logging_mixin.py:150} INFO - [2023-07-23T19:50:18.895+0000] {dagbag.py:541} INFO - Filling up the DagBag from /home/airflow/.local/lib/python3.9/site-packages/airflow/example_dags/plugins/listener_plugin.py
[2023-07-23T19:50:18.899+0000] {processor.py:838} WARNING - No viable dags retrieved from /home/airflow/.local/lib/python3.9/site-packages/airflow/example_dags/plugins/listener_plugin.py
[2023-07-23T19:50:18.985+0000] {processor.py:179} INFO - Processing /home/airflow/.local/lib/python3.9/site-packages/airflow/example_dags/plugins/listener_plugin.py took 0.100 seconds
[2023-07-23T19:50:53.649+0000] {processor.py:157} INFO - Started process (PID=1145) to work on /home/airflow/.local/lib/python3.9/site-packages/airflow/example_dags/plugins/listener_plugin.py
[2023-07-23T19:50:53.655+0000] {processor.py:826} INFO - Processing file /home/airflow/.local/lib/python3.9/site-packages/airflow/example_dags/plugins/listener_plugin.py for tasks to queue
[2023-07-23T19:50:53.656+0000] {logging_mixin.py:150} INFO - [2023-07-23T19:50:53.656+0000] {dagbag.py:541} INFO - Filling up the DagBag from /home/airflow/.local/lib/python3.9/site-packages/airflow/example_dags/plugins/listener_plugin.py
[2023-07-23T19:50:53.660+0000] {processor.py:838} WARNING - No viable dags retrieved from /home/airflow/.local/lib/python3.9/site-packages/airflow/example_dags/plugins/listener_plugin.py
[2023-07-23T19:50:53.767+0000] {processor.py:179} INFO - Processing /home/airflow/.local/lib/python3.9/site-packages/airflow/example_dags/plugins/listener_plugin.py took 0.133 seconds
[2023-07-23T19:51:25.534+0000] {processor.py:157} INFO - Started process (PID=1206) to work on /home/airflow/.local/lib/python3.9/site-packages/airflow/example_dags/plugins/listener_plugin.py
[2023-07-23T19:51:25.606+0000] {processor.py:826} INFO - Processing file /home/airflow/.local/lib/python3.9/site-packages/airflow/example_dags/plugins/listener_plugin.py for tasks to queue
[2023-07-23T19:51:25.607+0000] {logging_mixin.py:150} INFO - [2023-07-23T19:51:25.606+0000] {dagbag.py:541} INFO - Filling up the DagBag from /home/airflow/.local/lib/python3.9/site-packages/airflow/example_dags/plugins/listener_plugin.py
[2023-07-23T19:51:25.610+0000] {processor.py:838} WARNING - No viable dags retrieved from /home/airflow/.local/lib/python3.9/site-packages/airflow/example_dags/plugins/listener_plugin.py
[2023-07-23T19:51:25.705+0000] {processor.py:179} INFO - Processing /home/airflow/.local/lib/python3.9/site-packages/airflow/example_dags/plugins/listener_plugin.py took 0.176 seconds
[2023-07-23T19:51:56.353+0000] {processor.py:157} INFO - Started process (PID=1261) to work on /home/airflow/.local/lib/python3.9/site-packages/airflow/example_dags/plugins/listener_plugin.py
[2023-07-23T19:51:56.366+0000] {processor.py:826} INFO - Processing file /home/airflow/.local/lib/python3.9/site-packages/airflow/example_dags/plugins/listener_plugin.py for tasks to queue
[2023-07-23T19:51:56.372+0000] {logging_mixin.py:150} INFO - [2023-07-23T19:51:56.372+0000] {dagbag.py:541} INFO - Filling up the DagBag from /home/airflow/.local/lib/python3.9/site-packages/airflow/example_dags/plugins/listener_plugin.py
[2023-07-23T19:51:56.386+0000] {processor.py:838} WARNING - No viable dags retrieved from /home/airflow/.local/lib/python3.9/site-packages/airflow/example_dags/plugins/listener_plugin.py
[2023-07-23T19:51:56.516+0000] {processor.py:179} INFO - Processing /home/airflow/.local/lib/python3.9/site-packages/airflow/example_dags/plugins/listener_plugin.py took 0.166 seconds
[2023-07-23T19:52:27.211+0000] {processor.py:157} INFO - Started process (PID=1325) to work on /home/airflow/.local/lib/python3.9/site-packages/airflow/example_dags/plugins/listener_plugin.py
[2023-07-23T19:52:27.218+0000] {processor.py:826} INFO - Processing file /home/airflow/.local/lib/python3.9/site-packages/airflow/example_dags/plugins/listener_plugin.py for tasks to queue
[2023-07-23T19:52:27.220+0000] {logging_mixin.py:150} INFO - [2023-07-23T19:52:27.219+0000] {dagbag.py:541} INFO - Filling up the DagBag from /home/airflow/.local/lib/python3.9/site-packages/airflow/example_dags/plugins/listener_plugin.py
[2023-07-23T19:52:27.228+0000] {processor.py:838} WARNING - No viable dags retrieved from /home/airflow/.local/lib/python3.9/site-packages/airflow/example_dags/plugins/listener_plugin.py
[2023-07-23T19:52:27.291+0000] {processor.py:179} INFO - Processing /home/airflow/.local/lib/python3.9/site-packages/airflow/example_dags/plugins/listener_plugin.py took 0.088 seconds
[2023-07-23T19:53:05.884+0000] {processor.py:157} INFO - Started process (PID=1388) to work on /home/airflow/.local/lib/python3.9/site-packages/airflow/example_dags/plugins/listener_plugin.py
[2023-07-23T19:53:05.905+0000] {processor.py:826} INFO - Processing file /home/airflow/.local/lib/python3.9/site-packages/airflow/example_dags/plugins/listener_plugin.py for tasks to queue
[2023-07-23T19:53:05.906+0000] {logging_mixin.py:150} INFO - [2023-07-23T19:53:05.906+0000] {dagbag.py:541} INFO - Filling up the DagBag from /home/airflow/.local/lib/python3.9/site-packages/airflow/example_dags/plugins/listener_plugin.py
[2023-07-23T19:53:05.919+0000] {processor.py:838} WARNING - No viable dags retrieved from /home/airflow/.local/lib/python3.9/site-packages/airflow/example_dags/plugins/listener_plugin.py
[2023-07-23T19:53:06.036+0000] {processor.py:179} INFO - Processing /home/airflow/.local/lib/python3.9/site-packages/airflow/example_dags/plugins/listener_plugin.py took 0.157 seconds
[2023-07-23T19:53:36.770+0000] {processor.py:157} INFO - Started process (PID=1450) to work on /home/airflow/.local/lib/python3.9/site-packages/airflow/example_dags/plugins/listener_plugin.py
[2023-07-23T19:53:36.790+0000] {processor.py:826} INFO - Processing file /home/airflow/.local/lib/python3.9/site-packages/airflow/example_dags/plugins/listener_plugin.py for tasks to queue
[2023-07-23T19:53:36.791+0000] {logging_mixin.py:150} INFO - [2023-07-23T19:53:36.791+0000] {dagbag.py:541} INFO - Filling up the DagBag from /home/airflow/.local/lib/python3.9/site-packages/airflow/example_dags/plugins/listener_plugin.py
[2023-07-23T19:53:36.795+0000] {processor.py:838} WARNING - No viable dags retrieved from /home/airflow/.local/lib/python3.9/site-packages/airflow/example_dags/plugins/listener_plugin.py
[2023-07-23T19:53:36.896+0000] {processor.py:179} INFO - Processing /home/airflow/.local/lib/python3.9/site-packages/airflow/example_dags/plugins/listener_plugin.py took 0.130 seconds
[2023-07-23T19:54:07.791+0000] {processor.py:157} INFO - Started process (PID=1512) to work on /home/airflow/.local/lib/python3.9/site-packages/airflow/example_dags/plugins/listener_plugin.py
[2023-07-23T19:54:07.792+0000] {processor.py:826} INFO - Processing file /home/airflow/.local/lib/python3.9/site-packages/airflow/example_dags/plugins/listener_plugin.py for tasks to queue
[2023-07-23T19:54:07.793+0000] {logging_mixin.py:150} INFO - [2023-07-23T19:54:07.793+0000] {dagbag.py:541} INFO - Filling up the DagBag from /home/airflow/.local/lib/python3.9/site-packages/airflow/example_dags/plugins/listener_plugin.py
[2023-07-23T19:54:07.807+0000] {processor.py:838} WARNING - No viable dags retrieved from /home/airflow/.local/lib/python3.9/site-packages/airflow/example_dags/plugins/listener_plugin.py
[2023-07-23T19:54:07.866+0000] {processor.py:179} INFO - Processing /home/airflow/.local/lib/python3.9/site-packages/airflow/example_dags/plugins/listener_plugin.py took 0.095 seconds
[2023-07-23T19:54:38.157+0000] {processor.py:157} INFO - Started process (PID=1573) to work on /home/airflow/.local/lib/python3.9/site-packages/airflow/example_dags/plugins/listener_plugin.py
[2023-07-23T19:54:38.175+0000] {processor.py:826} INFO - Processing file /home/airflow/.local/lib/python3.9/site-packages/airflow/example_dags/plugins/listener_plugin.py for tasks to queue
[2023-07-23T19:54:38.176+0000] {logging_mixin.py:150} INFO - [2023-07-23T19:54:38.176+0000] {dagbag.py:541} INFO - Filling up the DagBag from /home/airflow/.local/lib/python3.9/site-packages/airflow/example_dags/plugins/listener_plugin.py
[2023-07-23T19:54:38.180+0000] {processor.py:838} WARNING - No viable dags retrieved from /home/airflow/.local/lib/python3.9/site-packages/airflow/example_dags/plugins/listener_plugin.py
[2023-07-23T19:54:38.241+0000] {processor.py:179} INFO - Processing /home/airflow/.local/lib/python3.9/site-packages/airflow/example_dags/plugins/listener_plugin.py took 0.095 seconds
[2023-07-23T19:55:12.164+0000] {processor.py:157} INFO - Started process (PID=1636) to work on /home/airflow/.local/lib/python3.9/site-packages/airflow/example_dags/plugins/listener_plugin.py
[2023-07-23T19:55:12.186+0000] {processor.py:826} INFO - Processing file /home/airflow/.local/lib/python3.9/site-packages/airflow/example_dags/plugins/listener_plugin.py for tasks to queue
[2023-07-23T19:55:12.187+0000] {logging_mixin.py:150} INFO - [2023-07-23T19:55:12.186+0000] {dagbag.py:541} INFO - Filling up the DagBag from /home/airflow/.local/lib/python3.9/site-packages/airflow/example_dags/plugins/listener_plugin.py
[2023-07-23T19:55:12.190+0000] {processor.py:838} WARNING - No viable dags retrieved from /home/airflow/.local/lib/python3.9/site-packages/airflow/example_dags/plugins/listener_plugin.py
[2023-07-23T19:55:12.276+0000] {processor.py:179} INFO - Processing /home/airflow/.local/lib/python3.9/site-packages/airflow/example_dags/plugins/listener_plugin.py took 0.116 seconds
[2023-07-23T19:55:44.649+0000] {processor.py:157} INFO - Started process (PID=1692) to work on /home/airflow/.local/lib/python3.9/site-packages/airflow/example_dags/plugins/listener_plugin.py
[2023-07-23T19:55:44.676+0000] {processor.py:826} INFO - Processing file /home/airflow/.local/lib/python3.9/site-packages/airflow/example_dags/plugins/listener_plugin.py for tasks to queue
[2023-07-23T19:55:44.683+0000] {logging_mixin.py:150} INFO - [2023-07-23T19:55:44.676+0000] {dagbag.py:541} INFO - Filling up the DagBag from /home/airflow/.local/lib/python3.9/site-packages/airflow/example_dags/plugins/listener_plugin.py
[2023-07-23T19:55:44.728+0000] {processor.py:838} WARNING - No viable dags retrieved from /home/airflow/.local/lib/python3.9/site-packages/airflow/example_dags/plugins/listener_plugin.py
[2023-07-23T19:55:44.851+0000] {processor.py:179} INFO - Processing /home/airflow/.local/lib/python3.9/site-packages/airflow/example_dags/plugins/listener_plugin.py took 0.206 seconds
[2023-07-23T19:56:15.829+0000] {processor.py:157} INFO - Started process (PID=1753) to work on /home/airflow/.local/lib/python3.9/site-packages/airflow/example_dags/plugins/listener_plugin.py
[2023-07-23T19:56:15.837+0000] {processor.py:826} INFO - Processing file /home/airflow/.local/lib/python3.9/site-packages/airflow/example_dags/plugins/listener_plugin.py for tasks to queue
[2023-07-23T19:56:15.838+0000] {logging_mixin.py:150} INFO - [2023-07-23T19:56:15.837+0000] {dagbag.py:541} INFO - Filling up the DagBag from /home/airflow/.local/lib/python3.9/site-packages/airflow/example_dags/plugins/listener_plugin.py
[2023-07-23T19:56:15.841+0000] {processor.py:838} WARNING - No viable dags retrieved from /home/airflow/.local/lib/python3.9/site-packages/airflow/example_dags/plugins/listener_plugin.py
[2023-07-23T19:56:15.892+0000] {processor.py:179} INFO - Processing /home/airflow/.local/lib/python3.9/site-packages/airflow/example_dags/plugins/listener_plugin.py took 0.098 seconds
[2023-07-23T19:56:47.140+0000] {processor.py:157} INFO - Started process (PID=1813) to work on /home/airflow/.local/lib/python3.9/site-packages/airflow/example_dags/plugins/listener_plugin.py
[2023-07-23T19:56:47.145+0000] {processor.py:826} INFO - Processing file /home/airflow/.local/lib/python3.9/site-packages/airflow/example_dags/plugins/listener_plugin.py for tasks to queue
[2023-07-23T19:56:47.146+0000] {logging_mixin.py:150} INFO - [2023-07-23T19:56:47.146+0000] {dagbag.py:541} INFO - Filling up the DagBag from /home/airflow/.local/lib/python3.9/site-packages/airflow/example_dags/plugins/listener_plugin.py
[2023-07-23T19:56:47.150+0000] {processor.py:838} WARNING - No viable dags retrieved from /home/airflow/.local/lib/python3.9/site-packages/airflow/example_dags/plugins/listener_plugin.py
[2023-07-23T19:56:47.199+0000] {processor.py:179} INFO - Processing /home/airflow/.local/lib/python3.9/site-packages/airflow/example_dags/plugins/listener_plugin.py took 0.077 seconds
[2023-07-23T19:57:54.592+0000] {processor.py:157} INFO - Started process (PID=1898) to work on /home/airflow/.local/lib/python3.9/site-packages/airflow/example_dags/plugins/listener_plugin.py
[2023-07-23T19:57:54.716+0000] {processor.py:826} INFO - Processing file /home/airflow/.local/lib/python3.9/site-packages/airflow/example_dags/plugins/listener_plugin.py for tasks to queue
[2023-07-23T19:57:54.816+0000] {logging_mixin.py:150} INFO - [2023-07-23T19:57:54.816+0000] {dagbag.py:541} INFO - Filling up the DagBag from /home/airflow/.local/lib/python3.9/site-packages/airflow/example_dags/plugins/listener_plugin.py
[2023-07-23T19:57:54.901+0000] {processor.py:838} WARNING - No viable dags retrieved from /home/airflow/.local/lib/python3.9/site-packages/airflow/example_dags/plugins/listener_plugin.py
[2023-07-23T19:57:55.506+0000] {processor.py:179} INFO - Processing /home/airflow/.local/lib/python3.9/site-packages/airflow/example_dags/plugins/listener_plugin.py took 0.935 seconds
[2023-07-23T20:06:00.022+0000] {processor.py:157} INFO - Started process (PID=148) to work on /home/airflow/.local/lib/python3.9/site-packages/airflow/example_dags/plugins/listener_plugin.py
[2023-07-23T20:06:00.036+0000] {processor.py:826} INFO - Processing file /home/airflow/.local/lib/python3.9/site-packages/airflow/example_dags/plugins/listener_plugin.py for tasks to queue
[2023-07-23T20:06:00.037+0000] {logging_mixin.py:150} INFO - [2023-07-23T20:06:00.036+0000] {dagbag.py:541} INFO - Filling up the DagBag from /home/airflow/.local/lib/python3.9/site-packages/airflow/example_dags/plugins/listener_plugin.py
[2023-07-23T20:06:00.040+0000] {processor.py:838} WARNING - No viable dags retrieved from /home/airflow/.local/lib/python3.9/site-packages/airflow/example_dags/plugins/listener_plugin.py
[2023-07-23T20:06:00.075+0000] {processor.py:179} INFO - Processing /home/airflow/.local/lib/python3.9/site-packages/airflow/example_dags/plugins/listener_plugin.py took 0.058 seconds
[2023-07-23T20:07:42.100+0000] {processor.py:157} INFO - Started process (PID=244) to work on /home/airflow/.local/lib/python3.9/site-packages/airflow/example_dags/plugins/listener_plugin.py
[2023-07-23T20:07:42.169+0000] {processor.py:826} INFO - Processing file /home/airflow/.local/lib/python3.9/site-packages/airflow/example_dags/plugins/listener_plugin.py for tasks to queue
[2023-07-23T20:07:42.170+0000] {logging_mixin.py:150} INFO - [2023-07-23T20:07:42.169+0000] {dagbag.py:541} INFO - Filling up the DagBag from /home/airflow/.local/lib/python3.9/site-packages/airflow/example_dags/plugins/listener_plugin.py
[2023-07-23T20:07:42.173+0000] {processor.py:838} WARNING - No viable dags retrieved from /home/airflow/.local/lib/python3.9/site-packages/airflow/example_dags/plugins/listener_plugin.py
[2023-07-23T20:07:42.331+0000] {processor.py:179} INFO - Processing /home/airflow/.local/lib/python3.9/site-packages/airflow/example_dags/plugins/listener_plugin.py took 0.274 seconds
[2023-07-23T20:09:44.791+0000] {processor.py:157} INFO - Started process (PID=346) to work on /home/airflow/.local/lib/python3.9/site-packages/airflow/example_dags/plugins/listener_plugin.py
[2023-07-23T20:09:44.817+0000] {processor.py:826} INFO - Processing file /home/airflow/.local/lib/python3.9/site-packages/airflow/example_dags/plugins/listener_plugin.py for tasks to queue
[2023-07-23T20:09:44.818+0000] {logging_mixin.py:150} INFO - [2023-07-23T20:09:44.818+0000] {dagbag.py:541} INFO - Filling up the DagBag from /home/airflow/.local/lib/python3.9/site-packages/airflow/example_dags/plugins/listener_plugin.py
[2023-07-23T20:09:44.822+0000] {processor.py:838} WARNING - No viable dags retrieved from /home/airflow/.local/lib/python3.9/site-packages/airflow/example_dags/plugins/listener_plugin.py
[2023-07-23T20:09:45.101+0000] {processor.py:179} INFO - Processing /home/airflow/.local/lib/python3.9/site-packages/airflow/example_dags/plugins/listener_plugin.py took 0.340 seconds
[2023-07-23T20:10:16.763+0000] {processor.py:157} INFO - Started process (PID=407) to work on /home/airflow/.local/lib/python3.9/site-packages/airflow/example_dags/plugins/listener_plugin.py
[2023-07-23T20:10:16.767+0000] {processor.py:826} INFO - Processing file /home/airflow/.local/lib/python3.9/site-packages/airflow/example_dags/plugins/listener_plugin.py for tasks to queue
[2023-07-23T20:10:16.768+0000] {logging_mixin.py:150} INFO - [2023-07-23T20:10:16.767+0000] {dagbag.py:541} INFO - Filling up the DagBag from /home/airflow/.local/lib/python3.9/site-packages/airflow/example_dags/plugins/listener_plugin.py
[2023-07-23T20:10:16.771+0000] {processor.py:838} WARNING - No viable dags retrieved from /home/airflow/.local/lib/python3.9/site-packages/airflow/example_dags/plugins/listener_plugin.py
[2023-07-23T20:10:16.806+0000] {processor.py:179} INFO - Processing /home/airflow/.local/lib/python3.9/site-packages/airflow/example_dags/plugins/listener_plugin.py took 0.048 seconds
[2023-07-23T20:10:51.763+0000] {processor.py:157} INFO - Started process (PID=469) to work on /home/airflow/.local/lib/python3.9/site-packages/airflow/example_dags/plugins/listener_plugin.py
[2023-07-23T20:10:51.777+0000] {processor.py:826} INFO - Processing file /home/airflow/.local/lib/python3.9/site-packages/airflow/example_dags/plugins/listener_plugin.py for tasks to queue
[2023-07-23T20:10:51.804+0000] {logging_mixin.py:150} INFO - [2023-07-23T20:10:51.801+0000] {dagbag.py:541} INFO - Filling up the DagBag from /home/airflow/.local/lib/python3.9/site-packages/airflow/example_dags/plugins/listener_plugin.py
[2023-07-23T20:10:51.808+0000] {processor.py:838} WARNING - No viable dags retrieved from /home/airflow/.local/lib/python3.9/site-packages/airflow/example_dags/plugins/listener_plugin.py
[2023-07-23T20:10:51.882+0000] {processor.py:179} INFO - Processing /home/airflow/.local/lib/python3.9/site-packages/airflow/example_dags/plugins/listener_plugin.py took 0.123 seconds
[2023-07-23T20:11:22.419+0000] {processor.py:157} INFO - Started process (PID=531) to work on /home/airflow/.local/lib/python3.9/site-packages/airflow/example_dags/plugins/listener_plugin.py
[2023-07-23T20:11:22.420+0000] {processor.py:826} INFO - Processing file /home/airflow/.local/lib/python3.9/site-packages/airflow/example_dags/plugins/listener_plugin.py for tasks to queue
[2023-07-23T20:11:22.421+0000] {logging_mixin.py:150} INFO - [2023-07-23T20:11:22.421+0000] {dagbag.py:541} INFO - Filling up the DagBag from /home/airflow/.local/lib/python3.9/site-packages/airflow/example_dags/plugins/listener_plugin.py
[2023-07-23T20:11:22.425+0000] {processor.py:838} WARNING - No viable dags retrieved from /home/airflow/.local/lib/python3.9/site-packages/airflow/example_dags/plugins/listener_plugin.py
[2023-07-23T20:11:22.465+0000] {processor.py:179} INFO - Processing /home/airflow/.local/lib/python3.9/site-packages/airflow/example_dags/plugins/listener_plugin.py took 0.051 seconds
[2023-07-23T20:12:39.717+0000] {processor.py:157} INFO - Started process (PID=609) to work on /home/airflow/.local/lib/python3.9/site-packages/airflow/example_dags/plugins/listener_plugin.py
[2023-07-23T20:12:39.740+0000] {processor.py:826} INFO - Processing file /home/airflow/.local/lib/python3.9/site-packages/airflow/example_dags/plugins/listener_plugin.py for tasks to queue
[2023-07-23T20:12:39.741+0000] {logging_mixin.py:150} INFO - [2023-07-23T20:12:39.741+0000] {dagbag.py:541} INFO - Filling up the DagBag from /home/airflow/.local/lib/python3.9/site-packages/airflow/example_dags/plugins/listener_plugin.py
[2023-07-23T20:12:39.876+0000] {processor.py:838} WARNING - No viable dags retrieved from /home/airflow/.local/lib/python3.9/site-packages/airflow/example_dags/plugins/listener_plugin.py
[2023-07-23T20:12:40.586+0000] {processor.py:179} INFO - Processing /home/airflow/.local/lib/python3.9/site-packages/airflow/example_dags/plugins/listener_plugin.py took 1.035 seconds
[2023-07-23T20:15:06.382+0000] {processor.py:157} INFO - Started process (PID=714) to work on /home/airflow/.local/lib/python3.9/site-packages/airflow/example_dags/plugins/listener_plugin.py
[2023-07-23T20:15:06.433+0000] {processor.py:826} INFO - Processing file /home/airflow/.local/lib/python3.9/site-packages/airflow/example_dags/plugins/listener_plugin.py for tasks to queue
[2023-07-23T20:15:06.434+0000] {logging_mixin.py:150} INFO - [2023-07-23T20:15:06.433+0000] {dagbag.py:541} INFO - Filling up the DagBag from /home/airflow/.local/lib/python3.9/site-packages/airflow/example_dags/plugins/listener_plugin.py
[2023-07-23T20:15:06.503+0000] {processor.py:838} WARNING - No viable dags retrieved from /home/airflow/.local/lib/python3.9/site-packages/airflow/example_dags/plugins/listener_plugin.py
[2023-07-23T20:15:07.008+0000] {processor.py:179} INFO - Processing /home/airflow/.local/lib/python3.9/site-packages/airflow/example_dags/plugins/listener_plugin.py took 0.822 seconds
[2023-07-23T20:15:38.139+0000] {processor.py:157} INFO - Started process (PID=776) to work on /home/airflow/.local/lib/python3.9/site-packages/airflow/example_dags/plugins/listener_plugin.py
[2023-07-23T20:15:38.146+0000] {processor.py:826} INFO - Processing file /home/airflow/.local/lib/python3.9/site-packages/airflow/example_dags/plugins/listener_plugin.py for tasks to queue
[2023-07-23T20:15:38.146+0000] {logging_mixin.py:150} INFO - [2023-07-23T20:15:38.146+0000] {dagbag.py:541} INFO - Filling up the DagBag from /home/airflow/.local/lib/python3.9/site-packages/airflow/example_dags/plugins/listener_plugin.py
[2023-07-23T20:15:38.150+0000] {processor.py:838} WARNING - No viable dags retrieved from /home/airflow/.local/lib/python3.9/site-packages/airflow/example_dags/plugins/listener_plugin.py
[2023-07-23T20:15:38.171+0000] {processor.py:179} INFO - Processing /home/airflow/.local/lib/python3.9/site-packages/airflow/example_dags/plugins/listener_plugin.py took 0.036 seconds
[2023-07-23T20:16:08.599+0000] {processor.py:157} INFO - Started process (PID=836) to work on /home/airflow/.local/lib/python3.9/site-packages/airflow/example_dags/plugins/listener_plugin.py
[2023-07-23T20:16:08.616+0000] {processor.py:826} INFO - Processing file /home/airflow/.local/lib/python3.9/site-packages/airflow/example_dags/plugins/listener_plugin.py for tasks to queue
[2023-07-23T20:16:08.617+0000] {logging_mixin.py:150} INFO - [2023-07-23T20:16:08.616+0000] {dagbag.py:541} INFO - Filling up the DagBag from /home/airflow/.local/lib/python3.9/site-packages/airflow/example_dags/plugins/listener_plugin.py
[2023-07-23T20:16:08.620+0000] {processor.py:838} WARNING - No viable dags retrieved from /home/airflow/.local/lib/python3.9/site-packages/airflow/example_dags/plugins/listener_plugin.py
[2023-07-23T20:16:08.671+0000] {processor.py:179} INFO - Processing /home/airflow/.local/lib/python3.9/site-packages/airflow/example_dags/plugins/listener_plugin.py took 0.093 seconds
[2023-07-23T20:17:26.821+0000] {processor.py:157} INFO - Started process (PID=904) to work on /home/airflow/.local/lib/python3.9/site-packages/airflow/example_dags/plugins/listener_plugin.py
[2023-07-23T20:17:27.078+0000] {processor.py:826} INFO - Processing file /home/airflow/.local/lib/python3.9/site-packages/airflow/example_dags/plugins/listener_plugin.py for tasks to queue
[2023-07-23T20:17:27.089+0000] {logging_mixin.py:150} INFO - [2023-07-23T20:17:27.089+0000] {dagbag.py:541} INFO - Filling up the DagBag from /home/airflow/.local/lib/python3.9/site-packages/airflow/example_dags/plugins/listener_plugin.py
[2023-07-23T20:17:27.227+0000] {processor.py:838} WARNING - No viable dags retrieved from /home/airflow/.local/lib/python3.9/site-packages/airflow/example_dags/plugins/listener_plugin.py
[2023-07-23T20:17:27.489+0000] {processor.py:179} INFO - Processing /home/airflow/.local/lib/python3.9/site-packages/airflow/example_dags/plugins/listener_plugin.py took 0.779 seconds
[2023-07-23T20:20:19.757+0000] {processor.py:157} INFO - Started process (PID=1030) to work on /home/airflow/.local/lib/python3.9/site-packages/airflow/example_dags/plugins/listener_plugin.py
[2023-07-23T20:20:19.775+0000] {processor.py:826} INFO - Processing file /home/airflow/.local/lib/python3.9/site-packages/airflow/example_dags/plugins/listener_plugin.py for tasks to queue
[2023-07-23T20:20:19.776+0000] {logging_mixin.py:150} INFO - [2023-07-23T20:20:19.776+0000] {dagbag.py:541} INFO - Filling up the DagBag from /home/airflow/.local/lib/python3.9/site-packages/airflow/example_dags/plugins/listener_plugin.py
[2023-07-23T20:20:19.780+0000] {processor.py:838} WARNING - No viable dags retrieved from /home/airflow/.local/lib/python3.9/site-packages/airflow/example_dags/plugins/listener_plugin.py
[2023-07-23T20:20:19.857+0000] {processor.py:179} INFO - Processing /home/airflow/.local/lib/python3.9/site-packages/airflow/example_dags/plugins/listener_plugin.py took 0.114 seconds
[2023-07-23T20:20:53.452+0000] {processor.py:157} INFO - Started process (PID=1095) to work on /home/airflow/.local/lib/python3.9/site-packages/airflow/example_dags/plugins/listener_plugin.py
[2023-07-23T20:20:53.495+0000] {processor.py:826} INFO - Processing file /home/airflow/.local/lib/python3.9/site-packages/airflow/example_dags/plugins/listener_plugin.py for tasks to queue
[2023-07-23T20:20:53.497+0000] {logging_mixin.py:150} INFO - [2023-07-23T20:20:53.497+0000] {dagbag.py:541} INFO - Filling up the DagBag from /home/airflow/.local/lib/python3.9/site-packages/airflow/example_dags/plugins/listener_plugin.py
[2023-07-23T20:20:53.501+0000] {processor.py:838} WARNING - No viable dags retrieved from /home/airflow/.local/lib/python3.9/site-packages/airflow/example_dags/plugins/listener_plugin.py
[2023-07-23T20:20:53.558+0000] {processor.py:179} INFO - Processing /home/airflow/.local/lib/python3.9/site-packages/airflow/example_dags/plugins/listener_plugin.py took 0.111 seconds
[2023-07-23T20:22:36.444+0000] {processor.py:157} INFO - Started process (PID=1188) to work on /home/airflow/.local/lib/python3.9/site-packages/airflow/example_dags/plugins/listener_plugin.py
[2023-07-23T20:22:36.560+0000] {processor.py:826} INFO - Processing file /home/airflow/.local/lib/python3.9/site-packages/airflow/example_dags/plugins/listener_plugin.py for tasks to queue
[2023-07-23T20:22:36.561+0000] {logging_mixin.py:150} INFO - [2023-07-23T20:22:36.561+0000] {dagbag.py:541} INFO - Filling up the DagBag from /home/airflow/.local/lib/python3.9/site-packages/airflow/example_dags/plugins/listener_plugin.py
[2023-07-23T20:22:36.764+0000] {processor.py:838} WARNING - No viable dags retrieved from /home/airflow/.local/lib/python3.9/site-packages/airflow/example_dags/plugins/listener_plugin.py
[2023-07-23T20:22:37.366+0000] {processor.py:179} INFO - Processing /home/airflow/.local/lib/python3.9/site-packages/airflow/example_dags/plugins/listener_plugin.py took 0.926 seconds
[2023-07-23T20:25:21.503+0000] {processor.py:157} INFO - Started process (PID=1314) to work on /home/airflow/.local/lib/python3.9/site-packages/airflow/example_dags/plugins/listener_plugin.py
[2023-07-23T20:25:21.514+0000] {processor.py:826} INFO - Processing file /home/airflow/.local/lib/python3.9/site-packages/airflow/example_dags/plugins/listener_plugin.py for tasks to queue
[2023-07-23T20:25:21.517+0000] {logging_mixin.py:150} INFO - [2023-07-23T20:25:21.516+0000] {dagbag.py:541} INFO - Filling up the DagBag from /home/airflow/.local/lib/python3.9/site-packages/airflow/example_dags/plugins/listener_plugin.py
[2023-07-23T20:25:21.567+0000] {processor.py:838} WARNING - No viable dags retrieved from /home/airflow/.local/lib/python3.9/site-packages/airflow/example_dags/plugins/listener_plugin.py
[2023-07-23T20:25:21.664+0000] {processor.py:179} INFO - Processing /home/airflow/.local/lib/python3.9/site-packages/airflow/example_dags/plugins/listener_plugin.py took 0.166 seconds
[2023-07-23T20:25:53.369+0000] {processor.py:157} INFO - Started process (PID=1369) to work on /home/airflow/.local/lib/python3.9/site-packages/airflow/example_dags/plugins/listener_plugin.py
[2023-07-23T20:25:53.372+0000] {processor.py:826} INFO - Processing file /home/airflow/.local/lib/python3.9/site-packages/airflow/example_dags/plugins/listener_plugin.py for tasks to queue
[2023-07-23T20:25:53.373+0000] {logging_mixin.py:150} INFO - [2023-07-23T20:25:53.372+0000] {dagbag.py:541} INFO - Filling up the DagBag from /home/airflow/.local/lib/python3.9/site-packages/airflow/example_dags/plugins/listener_plugin.py
[2023-07-23T20:25:53.386+0000] {processor.py:838} WARNING - No viable dags retrieved from /home/airflow/.local/lib/python3.9/site-packages/airflow/example_dags/plugins/listener_plugin.py
[2023-07-23T20:25:53.416+0000] {processor.py:179} INFO - Processing /home/airflow/.local/lib/python3.9/site-packages/airflow/example_dags/plugins/listener_plugin.py took 0.057 seconds
[2023-07-23T20:27:58.182+0000] {processor.py:157} INFO - Started process (PID=1486) to work on /home/airflow/.local/lib/python3.9/site-packages/airflow/example_dags/plugins/listener_plugin.py
[2023-07-23T20:27:58.338+0000] {processor.py:826} INFO - Processing file /home/airflow/.local/lib/python3.9/site-packages/airflow/example_dags/plugins/listener_plugin.py for tasks to queue
[2023-07-23T20:27:58.339+0000] {logging_mixin.py:150} INFO - [2023-07-23T20:27:58.338+0000] {dagbag.py:541} INFO - Filling up the DagBag from /home/airflow/.local/lib/python3.9/site-packages/airflow/example_dags/plugins/listener_plugin.py
[2023-07-23T20:27:58.437+0000] {processor.py:838} WARNING - No viable dags retrieved from /home/airflow/.local/lib/python3.9/site-packages/airflow/example_dags/plugins/listener_plugin.py
[2023-07-23T20:27:58.943+0000] {processor.py:179} INFO - Processing /home/airflow/.local/lib/python3.9/site-packages/airflow/example_dags/plugins/listener_plugin.py took 0.765 seconds
[2023-07-23T20:30:23.963+0000] {processor.py:157} INFO - Started process (PID=1597) to work on /home/airflow/.local/lib/python3.9/site-packages/airflow/example_dags/plugins/listener_plugin.py
[2023-07-23T20:30:23.986+0000] {processor.py:826} INFO - Processing file /home/airflow/.local/lib/python3.9/site-packages/airflow/example_dags/plugins/listener_plugin.py for tasks to queue
[2023-07-23T20:30:23.987+0000] {logging_mixin.py:150} INFO - [2023-07-23T20:30:23.986+0000] {dagbag.py:541} INFO - Filling up the DagBag from /home/airflow/.local/lib/python3.9/site-packages/airflow/example_dags/plugins/listener_plugin.py
[2023-07-23T20:30:23.990+0000] {processor.py:838} WARNING - No viable dags retrieved from /home/airflow/.local/lib/python3.9/site-packages/airflow/example_dags/plugins/listener_plugin.py
[2023-07-23T20:30:24.064+0000] {processor.py:179} INFO - Processing /home/airflow/.local/lib/python3.9/site-packages/airflow/example_dags/plugins/listener_plugin.py took 0.105 seconds
[2023-07-23T20:30:54.802+0000] {processor.py:157} INFO - Started process (PID=1659) to work on /home/airflow/.local/lib/python3.9/site-packages/airflow/example_dags/plugins/listener_plugin.py
[2023-07-23T20:30:54.829+0000] {processor.py:826} INFO - Processing file /home/airflow/.local/lib/python3.9/site-packages/airflow/example_dags/plugins/listener_plugin.py for tasks to queue
[2023-07-23T20:30:54.830+0000] {logging_mixin.py:150} INFO - [2023-07-23T20:30:54.830+0000] {dagbag.py:541} INFO - Filling up the DagBag from /home/airflow/.local/lib/python3.9/site-packages/airflow/example_dags/plugins/listener_plugin.py
[2023-07-23T20:30:54.834+0000] {processor.py:838} WARNING - No viable dags retrieved from /home/airflow/.local/lib/python3.9/site-packages/airflow/example_dags/plugins/listener_plugin.py
[2023-07-23T20:30:54.912+0000] {processor.py:179} INFO - Processing /home/airflow/.local/lib/python3.9/site-packages/airflow/example_dags/plugins/listener_plugin.py took 0.115 seconds
[2023-07-23T20:31:48.173+0000] {processor.py:157} INFO - Started process (PID=1721) to work on /home/airflow/.local/lib/python3.9/site-packages/airflow/example_dags/plugins/listener_plugin.py
[2023-07-23T20:31:48.187+0000] {processor.py:826} INFO - Processing file /home/airflow/.local/lib/python3.9/site-packages/airflow/example_dags/plugins/listener_plugin.py for tasks to queue
[2023-07-23T20:31:48.188+0000] {logging_mixin.py:150} INFO - [2023-07-23T20:31:48.187+0000] {dagbag.py:541} INFO - Filling up the DagBag from /home/airflow/.local/lib/python3.9/site-packages/airflow/example_dags/plugins/listener_plugin.py
[2023-07-23T20:31:48.216+0000] {processor.py:838} WARNING - No viable dags retrieved from /home/airflow/.local/lib/python3.9/site-packages/airflow/example_dags/plugins/listener_plugin.py
[2023-07-23T20:31:48.407+0000] {processor.py:179} INFO - Processing /home/airflow/.local/lib/python3.9/site-packages/airflow/example_dags/plugins/listener_plugin.py took 0.297 seconds
