[2023-08-13T19:18:46.050+0000] {taskinstance.py:1103} INFO - Dependencies all met for dep_context=non-requeueable deps ti=<TaskInstance: emrPipeline.copyFile manual__2023-08-13T19:16:50+00:00 [queued]>
[2023-08-13T19:18:46.071+0000] {taskinstance.py:1103} INFO - Dependencies all met for dep_context=requeueable deps ti=<TaskInstance: emrPipeline.copyFile manual__2023-08-13T19:16:50+00:00 [queued]>
[2023-08-13T19:18:46.071+0000] {taskinstance.py:1308} INFO - Starting attempt 1 of 1
[2023-08-13T19:18:46.137+0000] {taskinstance.py:1327} INFO - Executing <Task(BashOperator): copyFile> on 2023-08-13 19:16:50+00:00
[2023-08-13T19:18:46.161+0000] {standard_task_runner.py:57} INFO - Started process 15785 to run task
[2023-08-13T19:18:46.188+0000] {standard_task_runner.py:84} INFO - Running: ['***', 'tasks', 'run', 'emrPipeline', 'copyFile', 'manual__2023-08-13T19:16:50+00:00', '--job-id', '1170', '--raw', '--subdir', 'DAGS_FOLDER/emr.py', '--cfg-path', '/tmp/tmpylfhyy_f']
[2023-08-13T19:18:46.199+0000] {standard_task_runner.py:85} INFO - Job 1170: Subtask copyFile
[2023-08-13T19:18:46.280+0000] {warnings.py:109} WARNING - /home/***/.local/lib/python3.9/site-packages/***/settings.py:195: DeprecationWarning: The sql_alchemy_conn option in [core] has been moved to the sql_alchemy_conn option in [database] - the old setting has been used, but please update your config.
  SQL_ALCHEMY_CONN = conf.get("database", "SQL_ALCHEMY_CONN")

[2023-08-13T19:18:46.530+0000] {task_command.py:410} INFO - Running <TaskInstance: emrPipeline.copyFile manual__2023-08-13T19:16:50+00:00 [running]> on host 484e6be077e8
[2023-08-13T19:18:47.121+0000] {taskinstance.py:1545} INFO - Exporting env vars: AIRFLOW_CTX_DAG_OWNER='***' AIRFLOW_CTX_DAG_ID='emrPipeline' AIRFLOW_CTX_TASK_ID='copyFile' AIRFLOW_CTX_EXECUTION_DATE='2023-08-13T19:16:50+00:00' AIRFLOW_CTX_TRY_NUMBER='1' AIRFLOW_CTX_DAG_RUN_ID='manual__2023-08-13T19:16:50+00:00'
[2023-08-13T19:18:47.122+0000] {subprocess.py:63} INFO - Tmp dir root location: /tmp
[2023-08-13T19:18:47.123+0000] {subprocess.py:75} INFO - Running command: ['/bin/bash', '-c', '\n    s3_buckName=${s3_bucketName}\n    s3_source_dir=${s3_source_dir}\n    s3_target_dir=${s3_target_dir}\n    export AWS_ACCESS_KEY_ID="AKIAYJC6EOICLQ475Y7D"\n    export AWS_SECRET_ACCESS_KEY="***"\n    #fileName=$(/home/***/.local/bin/aws s3 ls s3://${s3_buckName}/${s3_source_dir}/ | sed -n 2p | awk \'{ print $4 }\')\n    fileName=$(/home/***/.local/bin/aws s3 ls s3://${s3_buckName}/${s3_source_dir}/ --recursive|sort|tail -n 1 |awk \'{ print $4 }\' | awk -F "/" \'{print $NF}\')\n    timeStamp=$(echo $fileName | awk -F "_"  \'{ print $2}\')\n    /home/***/.local/bin/aws s3 cp   s3://${s3_buckName}/${s3_source_dir}/$fileName   s3://${s3_buckName}/${s3_target_dir}/${timeStamp}/\n    echo $timeStamp\n    ']
[2023-08-13T19:18:47.226+0000] {subprocess.py:86} INFO - Output:
[2023-08-13T19:19:08.011+0000] {subprocess.py:93} INFO - Completed 1.4 MiB/1.4 MiB (3.3 MiB/s) with 1 file(s) remainingcopy: s3://myawsbucket19080/hiveStep/raw/tripdata_20230813T191650_validated.csv to s3://myawsbucket19080/hiveStep/inputData/20230813T191650/tripdata_20230813T191650_validated.csv
[2023-08-13T19:19:08.798+0000] {subprocess.py:93} INFO - 20230813T191650
[2023-08-13T19:19:08.799+0000] {subprocess.py:97} INFO - Command exited with return code 0
[2023-08-13T19:19:09.035+0000] {taskinstance.py:1345} INFO - Marking task as SUCCESS. dag_id=emrPipeline, task_id=copyFile, execution_date=20230813T191650, start_date=20230813T191846, end_date=20230813T191909
[2023-08-13T19:19:09.219+0000] {local_task_job_runner.py:225} INFO - Task exited with return code 0
[2023-08-13T19:19:09.402+0000] {taskinstance.py:2653} INFO - 1 downstream tasks scheduled from follow-on schedule check
