[2023-08-12T19:35:16.222+0000] {taskinstance.py:1103} INFO - Dependencies all met for dep_context=non-requeueable deps ti=<TaskInstance: emrPipeline.create_emr_cluster manual__2023-08-12T19:35:06+00:00 [queued]>
[2023-08-12T19:35:16.261+0000] {taskinstance.py:1103} INFO - Dependencies all met for dep_context=requeueable deps ti=<TaskInstance: emrPipeline.create_emr_cluster manual__2023-08-12T19:35:06+00:00 [queued]>
[2023-08-12T19:35:16.261+0000] {taskinstance.py:1308} INFO - Starting attempt 1 of 1
[2023-08-12T19:35:16.302+0000] {taskinstance.py:1327} INFO - Executing <Task(EmrCreateJobFlowOperator): create_emr_cluster> on 2023-08-12 19:35:06+00:00
[2023-08-12T19:35:16.316+0000] {standard_task_runner.py:57} INFO - Started process 16337 to run task
[2023-08-12T19:35:16.338+0000] {standard_task_runner.py:84} INFO - Running: ['***', 'tasks', 'run', 'emrPipeline', 'create_emr_cluster', 'manual__2023-08-12T19:35:06+00:00', '--job-id', '242', '--raw', '--subdir', 'DAGS_FOLDER/emr.py', '--cfg-path', '/tmp/tmpimtld4mh']
[2023-08-12T19:35:16.358+0000] {standard_task_runner.py:85} INFO - Job 242: Subtask create_emr_cluster
[2023-08-12T19:35:16.395+0000] {warnings.py:109} WARNING - /home/***/.local/lib/python3.9/site-packages/***/settings.py:195: DeprecationWarning: The sql_alchemy_conn option in [core] has been moved to the sql_alchemy_conn option in [database] - the old setting has been used, but please update your config.
  SQL_ALCHEMY_CONN = conf.get("database", "SQL_ALCHEMY_CONN")

[2023-08-12T19:35:16.513+0000] {task_command.py:410} INFO - Running <TaskInstance: emrPipeline.create_emr_cluster manual__2023-08-12T19:35:06+00:00 [running]> on host 484e6be077e8
[2023-08-12T19:35:16.828+0000] {taskinstance.py:1545} INFO - Exporting env vars: AIRFLOW_CTX_DAG_OWNER='***' AIRFLOW_CTX_DAG_ID='emrPipeline' AIRFLOW_CTX_TASK_ID='create_emr_cluster' AIRFLOW_CTX_EXECUTION_DATE='2023-08-12T19:35:06+00:00' AIRFLOW_CTX_TRY_NUMBER='1' AIRFLOW_CTX_DAG_RUN_ID='manual__2023-08-12T19:35:06+00:00'
[2023-08-12T19:35:16.829+0000] {emr.py:700} INFO - Creating job flow using aws_conn_id: aws_connection, emr_conn_id: EMR_Connection
[2023-08-12T19:35:16.864+0000] {base.py:73} INFO - Using connection ID 'EMR_Connection' for task execution.
[2023-08-12T19:35:16.880+0000] {base.py:73} INFO - Using connection ID 'aws_connection' for task execution.
[2023-08-12T19:35:16.880+0000] {connection_wrapper.py:340} INFO - AWS Connection (conn_id='aws_connection', conn_type='aws') credentials retrieved from login and password.
[2023-08-12T19:35:18.360+0000] {emr.py:714} INFO - Job flow with id j-5AY9K3GTW182 created
[2023-08-12T19:38:45.578+0000] {local_task_job_runner.py:291} WARNING - State of this instance has been externally set to removed. Terminating instance.
[2023-08-12T19:38:45.612+0000] {process_utils.py:131} INFO - Sending Signals.SIGTERM to group 16337. PIDs of all processes in the group: [16337]
[2023-08-12T19:38:45.613+0000] {process_utils.py:86} INFO - Sending the signal Signals.SIGTERM to group 16337
[2023-08-12T19:38:45.613+0000] {taskinstance.py:1517} ERROR - Received SIGTERM. Terminating subprocesses.
[2023-08-12T19:38:45.613+0000] {emr.py:770} INFO - Terminating job flow j-5AY9K3GTW182
[2023-08-12T19:38:46.144+0000] {process_utils.py:79} INFO - Process psutil.Process(pid=16337, status='terminated', exitcode=0, started='19:35:15') (16337) terminated with exit code 0
