[2023-08-12T19:44:33.230+0000] {warnings.py:109} WARNING - /home/***/.local/lib/python3.9/site-packages/***/utils/sqlalchemy.py:124: DeprecationWarning: The sql_alchemy_conn option in [core] has been moved to the sql_alchemy_conn option in [database] - the old setting has been used, but please update your config.
  return not conf.get("database", "sql_alchemy_conn").startswith("mssql")

[2023-08-12T19:44:33.894+0000] {taskinstance.py:1103} INFO - Dependencies all met for dep_context=non-requeueable deps ti=<TaskInstance: emrPipeline.S0 __airflow_temporary_run_2023-08-12T19:44:22.582899+00:00__ [queued]>
[2023-08-12T19:44:34.014+0000] {taskinstance.py:1103} INFO - Dependencies all met for dep_context=requeueable deps ti=<TaskInstance: emrPipeline.S0 __airflow_temporary_run_2023-08-12T19:44:22.582899+00:00__ [queued]>
[2023-08-12T19:44:34.014+0000] {taskinstance.py:1308} INFO - Starting attempt 1 of 1
[2023-08-12T19:44:34.131+0000] {taskinstance.py:1327} INFO - Executing <Task(BashOperator): S0> on 2023-08-12 19:44:22.582867+00:00
[2023-08-12T19:44:34.173+0000] {standard_task_runner.py:57} INFO - Started process 16606 to run task
[2023-08-12T19:44:34.200+0000] {standard_task_runner.py:84} INFO - Running: ['***', 'tasks', 'run', 'emrPipeline', 'S0', '__***_temporary_run_2023-08-12T19:44:22.582899+00:00__', '--job-id', '249', '--raw', '--subdir', 'DAGS_FOLDER/emr.py', '--cfg-path', '/tmp/tmp86k9_akc']
[2023-08-12T19:44:34.243+0000] {standard_task_runner.py:85} INFO - Job 249: Subtask S0
[2023-08-12T19:44:34.432+0000] {warnings.py:109} WARNING - /home/***/.local/lib/python3.9/site-packages/***/settings.py:195: DeprecationWarning: The sql_alchemy_conn option in [core] has been moved to the sql_alchemy_conn option in [database] - the old setting has been used, but please update your config.
  SQL_ALCHEMY_CONN = conf.get("database", "SQL_ALCHEMY_CONN")

[2023-08-12T19:44:34.894+0000] {task_command.py:410} INFO - Running <TaskInstance: emrPipeline.S0 __airflow_temporary_run_2023-08-12T19:44:22.582899+00:00__ [running]> on host 484e6be077e8
[2023-08-12T19:44:35.087+0000] {warnings.py:109} WARNING - /home/***/.local/lib/python3.9/site-packages/***/utils/sqlalchemy.py:124: DeprecationWarning: The sql_alchemy_conn option in [core] has been moved to the sql_alchemy_conn option in [database] - the old setting has been used, but please update your config.
  return not conf.get("database", "sql_alchemy_conn").startswith("mssql")

[2023-08-12T19:44:35.826+0000] {taskinstance.py:1545} INFO - Exporting env vars: AIRFLOW_CTX_DAG_OWNER='***' AIRFLOW_CTX_DAG_ID='emrPipeline' AIRFLOW_CTX_TASK_ID='S0' AIRFLOW_CTX_EXECUTION_DATE='2023-08-12T19:44:22.582867+00:00' AIRFLOW_CTX_TRY_NUMBER='1' AIRFLOW_CTX_DAG_RUN_ID='__***_temporary_run_2023-08-12T19:44:22.582899+00:00__'
[2023-08-12T19:44:35.828+0000] {subprocess.py:63} INFO - Tmp dir root location: /tmp
[2023-08-12T19:44:35.850+0000] {subprocess.py:75} INFO - Running command: ['/bin/bash', '-c', 'sleep 10']
[2023-08-12T19:44:36.015+0000] {subprocess.py:86} INFO - Output:
[2023-08-12T19:44:46.112+0000] {subprocess.py:97} INFO - Command exited with return code 0
[2023-08-12T19:44:46.331+0000] {taskinstance.py:1345} INFO - Marking task as SUCCESS. dag_id=emrPipeline, task_id=S0, execution_date=20230812T194422, start_date=20230812T194433, end_date=20230812T194446
[2023-08-12T19:44:46.512+0000] {local_task_job_runner.py:225} INFO - Task exited with return code 0
[2023-08-12T19:44:46.750+0000] {taskinstance.py:2653} INFO - 0 downstream tasks scheduled from follow-on schedule check
