[2023-08-13T15:12:14.717+0000] {taskinstance.py:1103} INFO - Dependencies all met for dep_context=non-requeueable deps ti=<TaskInstance: emrPipeline.step_checker_hive_task manual__2023-08-13T15:00:53+00:00 [queued]>
[2023-08-13T15:12:14.733+0000] {taskinstance.py:1103} INFO - Dependencies all met for dep_context=requeueable deps ti=<TaskInstance: emrPipeline.step_checker_hive_task manual__2023-08-13T15:00:53+00:00 [queued]>
[2023-08-13T15:12:14.734+0000] {taskinstance.py:1308} INFO - Starting attempt 1 of 1
[2023-08-13T15:12:14.760+0000] {taskinstance.py:1327} INFO - Executing <Task(EmrStepSensor): step_checker_hive_task> on 2023-08-13 15:00:53+00:00
[2023-08-13T15:12:14.767+0000] {standard_task_runner.py:57} INFO - Started process 8217 to run task
[2023-08-13T15:12:14.783+0000] {standard_task_runner.py:84} INFO - Running: ['***', 'tasks', 'run', 'emrPipeline', 'step_checker_hive_task', 'manual__2023-08-13T15:00:53+00:00', '--job-id', '973', '--raw', '--subdir', 'DAGS_FOLDER/emr.py', '--cfg-path', '/tmp/tmpfptcu1fz']
[2023-08-13T15:12:14.786+0000] {standard_task_runner.py:85} INFO - Job 973: Subtask step_checker_hive_task
[2023-08-13T15:12:14.812+0000] {warnings.py:109} WARNING - /home/***/.local/lib/python3.9/site-packages/***/settings.py:195: DeprecationWarning: The sql_alchemy_conn option in [core] has been moved to the sql_alchemy_conn option in [database] - the old setting has been used, but please update your config.
  SQL_ALCHEMY_CONN = conf.get("database", "SQL_ALCHEMY_CONN")

[2023-08-13T15:12:14.907+0000] {task_command.py:410} INFO - Running <TaskInstance: emrPipeline.step_checker_hive_task manual__2023-08-13T15:00:53+00:00 [running]> on host 484e6be077e8
[2023-08-13T15:12:15.204+0000] {taskinstance.py:1545} INFO - Exporting env vars: AIRFLOW_CTX_DAG_OWNER='***' AIRFLOW_CTX_DAG_ID='emrPipeline' AIRFLOW_CTX_TASK_ID='step_checker_hive_task' AIRFLOW_CTX_EXECUTION_DATE='2023-08-13T15:00:53+00:00' AIRFLOW_CTX_TRY_NUMBER='1' AIRFLOW_CTX_DAG_RUN_ID='manual__2023-08-13T15:00:53+00:00'
[2023-08-13T15:12:15.229+0000] {base.py:73} INFO - Using connection ID 'aws_connection' for task execution.
[2023-08-13T15:12:15.230+0000] {connection_wrapper.py:340} INFO - AWS Connection (conn_id='aws_connection', conn_type='aws') credentials retrieved from login and password.
[2023-08-13T15:12:16.017+0000] {emr.py:544} INFO - Poking step s-0417164CMOM6YTRZA54 on cluster j-1TBUUS9KP9O30
[2023-08-13T15:12:16.125+0000] {emr.py:74} INFO - Job flow currently PENDING
[2023-08-13T15:12:26.133+0000] {emr.py:544} INFO - Poking step s-0417164CMOM6YTRZA54 on cluster j-1TBUUS9KP9O30
[2023-08-13T15:12:26.237+0000] {emr.py:74} INFO - Job flow currently PENDING
[2023-08-13T15:12:36.249+0000] {emr.py:544} INFO - Poking step s-0417164CMOM6YTRZA54 on cluster j-1TBUUS9KP9O30
[2023-08-13T15:12:36.806+0000] {emr.py:74} INFO - Job flow currently PENDING
[2023-08-13T15:12:46.815+0000] {emr.py:544} INFO - Poking step s-0417164CMOM6YTRZA54 on cluster j-1TBUUS9KP9O30
[2023-08-13T15:12:47.128+0000] {emr.py:74} INFO - Job flow currently PENDING
[2023-08-13T15:12:57.129+0000] {emr.py:544} INFO - Poking step s-0417164CMOM6YTRZA54 on cluster j-1TBUUS9KP9O30
[2023-08-13T15:12:57.830+0000] {emr.py:74} INFO - Job flow currently PENDING
[2023-08-13T15:13:07.841+0000] {emr.py:544} INFO - Poking step s-0417164CMOM6YTRZA54 on cluster j-1TBUUS9KP9O30
[2023-08-13T15:13:08.141+0000] {emr.py:74} INFO - Job flow currently RUNNING
[2023-08-13T15:13:18.159+0000] {emr.py:544} INFO - Poking step s-0417164CMOM6YTRZA54 on cluster j-1TBUUS9KP9O30
[2023-08-13T15:13:19.132+0000] {emr.py:74} INFO - Job flow currently RUNNING
[2023-08-13T15:13:29.139+0000] {emr.py:544} INFO - Poking step s-0417164CMOM6YTRZA54 on cluster j-1TBUUS9KP9O30
[2023-08-13T15:13:29.569+0000] {emr.py:74} INFO - Job flow currently RUNNING
[2023-08-13T15:13:39.569+0000] {emr.py:544} INFO - Poking step s-0417164CMOM6YTRZA54 on cluster j-1TBUUS9KP9O30
[2023-08-13T15:13:40.059+0000] {emr.py:74} INFO - Job flow currently RUNNING
[2023-08-13T15:13:50.069+0000] {emr.py:544} INFO - Poking step s-0417164CMOM6YTRZA54 on cluster j-1TBUUS9KP9O30
[2023-08-13T15:13:50.483+0000] {emr.py:74} INFO - Job flow currently RUNNING
[2023-08-13T15:14:00.497+0000] {emr.py:544} INFO - Poking step s-0417164CMOM6YTRZA54 on cluster j-1TBUUS9KP9O30
[2023-08-13T15:14:01.185+0000] {emr.py:74} INFO - Job flow currently RUNNING
[2023-08-13T15:14:11.202+0000] {emr.py:544} INFO - Poking step s-0417164CMOM6YTRZA54 on cluster j-1TBUUS9KP9O30
[2023-08-13T15:14:11.560+0000] {emr.py:74} INFO - Job flow currently COMPLETED
[2023-08-13T15:14:11.560+0000] {base.py:255} INFO - Success criteria met. Exiting.
[2023-08-13T15:14:11.681+0000] {taskinstance.py:1345} INFO - Marking task as SUCCESS. dag_id=emrPipeline, task_id=step_checker_hive_task, execution_date=20230813T150053, start_date=20230813T151214, end_date=20230813T151411
[2023-08-13T15:14:11.908+0000] {local_task_job_runner.py:225} INFO - Task exited with return code 0
[2023-08-13T15:14:12.083+0000] {taskinstance.py:2653} INFO - 0 downstream tasks scheduled from follow-on schedule check
