[2023-08-12T20:00:21.773+0000] {warnings.py:109} WARNING - /home/***/.local/lib/python3.9/site-packages/***/utils/sqlalchemy.py:124: DeprecationWarning: The sql_alchemy_conn option in [core] has been moved to the sql_alchemy_conn option in [database] - the old setting has been used, but please update your config.
  return not conf.get("database", "sql_alchemy_conn").startswith("mssql")

[2023-08-12T20:00:21.878+0000] {taskinstance.py:1103} INFO - Dependencies all met for dep_context=non-requeueable deps ti=<TaskInstance: userCase2.s3_file_check scheduled__2023-08-12T19:00:00+00:00 [queued]>
[2023-08-12T20:00:21.887+0000] {taskinstance.py:1103} INFO - Dependencies all met for dep_context=requeueable deps ti=<TaskInstance: userCase2.s3_file_check scheduled__2023-08-12T19:00:00+00:00 [queued]>
[2023-08-12T20:00:21.888+0000] {taskinstance.py:1308} INFO - Starting attempt 1 of 3
[2023-08-12T20:00:21.912+0000] {taskinstance.py:1327} INFO - Executing <Task(S3KeySensor): s3_file_check> on 2023-08-12 19:00:00+00:00
[2023-08-12T20:00:21.920+0000] {standard_task_runner.py:57} INFO - Started process 17077 to run task
[2023-08-12T20:00:21.930+0000] {standard_task_runner.py:84} INFO - Running: ['***', 'tasks', 'run', 'userCase2', 's3_file_check', 'scheduled__2023-08-12T19:00:00+00:00', '--job-id', '261', '--raw', '--subdir', 'DAGS_FOLDER/userCase.py', '--cfg-path', '/tmp/tmpm3606mqy']
[2023-08-12T20:00:21.933+0000] {standard_task_runner.py:85} INFO - Job 261: Subtask s3_file_check
[2023-08-12T20:00:21.948+0000] {warnings.py:109} WARNING - /home/***/.local/lib/python3.9/site-packages/***/settings.py:195: DeprecationWarning: The sql_alchemy_conn option in [core] has been moved to the sql_alchemy_conn option in [database] - the old setting has been used, but please update your config.
  SQL_ALCHEMY_CONN = conf.get("database", "SQL_ALCHEMY_CONN")

[2023-08-12T20:00:21.989+0000] {task_command.py:410} INFO - Running <TaskInstance: userCase2.s3_file_check scheduled__2023-08-12T19:00:00+00:00 [running]> on host 484e6be077e8
[2023-08-12T20:00:22.001+0000] {warnings.py:109} WARNING - /home/***/.local/lib/python3.9/site-packages/***/utils/sqlalchemy.py:124: DeprecationWarning: The sql_alchemy_conn option in [core] has been moved to the sql_alchemy_conn option in [database] - the old setting has been used, but please update your config.
  return not conf.get("database", "sql_alchemy_conn").startswith("mssql")

[2023-08-12T20:00:22.246+0000] {taskinstance.py:1545} INFO - Exporting env vars: AIRFLOW_CTX_DAG_OWNER='***' AIRFLOW_CTX_DAG_ID='userCase2' AIRFLOW_CTX_TASK_ID='s3_file_check' AIRFLOW_CTX_EXECUTION_DATE='2023-08-12T19:00:00+00:00' AIRFLOW_CTX_TRY_NUMBER='1' AIRFLOW_CTX_DAG_RUN_ID='scheduled__2023-08-12T19:00:00+00:00'
[2023-08-12T20:00:22.247+0000] {s3.py:103} INFO - Poking for key : s3://myawsbucket19080/raw/movies.csv
[2023-08-12T20:00:22.276+0000] {base.py:73} INFO - Using connection ID 'aws_connection' for task execution.
[2023-08-12T20:00:22.277+0000] {connection_wrapper.py:340} INFO - AWS Connection (conn_id='aws_connection', conn_type='aws') credentials retrieved from login and password.
[2023-08-12T20:00:23.376+0000] {base.py:255} INFO - Success criteria met. Exiting.
[2023-08-12T20:00:23.396+0000] {taskinstance.py:1345} INFO - Marking task as SUCCESS. dag_id=userCase2, task_id=s3_file_check, execution_date=20230812T190000, start_date=20230812T200021, end_date=20230812T200023
[2023-08-12T20:00:23.428+0000] {local_task_job_runner.py:225} INFO - Task exited with return code 0
[2023-08-12T20:00:23.465+0000] {taskinstance.py:2653} INFO - 1 downstream tasks scheduled from follow-on schedule check
