[2023-08-13T14:27:18.893+0000] {taskinstance.py:1103} INFO - Dependencies all met for dep_context=non-requeueable deps ti=<TaskInstance: emrPipeline.s3_file_check manual__2023-08-13T14:26:52+00:00 [queued]>
[2023-08-13T14:27:18.901+0000] {taskinstance.py:1103} INFO - Dependencies all met for dep_context=requeueable deps ti=<TaskInstance: emrPipeline.s3_file_check manual__2023-08-13T14:26:52+00:00 [queued]>
[2023-08-13T14:27:18.902+0000] {taskinstance.py:1308} INFO - Starting attempt 1 of 31
[2023-08-13T14:27:18.924+0000] {taskinstance.py:1327} INFO - Executing <Task(S3KeySensor): s3_file_check> on 2023-08-13 14:26:52+00:00
[2023-08-13T14:27:18.931+0000] {standard_task_runner.py:57} INFO - Started process 6805 to run task
[2023-08-13T14:27:18.938+0000] {standard_task_runner.py:84} INFO - Running: ['***', 'tasks', 'run', 'emrPipeline', 's3_file_check', 'manual__2023-08-13T14:26:52+00:00', '--job-id', '931', '--raw', '--subdir', 'DAGS_FOLDER/emr.py', '--cfg-path', '/tmp/tmp5z3el6yj']
[2023-08-13T14:27:18.941+0000] {standard_task_runner.py:85} INFO - Job 931: Subtask s3_file_check
[2023-08-13T14:27:18.964+0000] {warnings.py:109} WARNING - /home/***/.local/lib/python3.9/site-packages/***/settings.py:195: DeprecationWarning: The sql_alchemy_conn option in [core] has been moved to the sql_alchemy_conn option in [database] - the old setting has been used, but please update your config.
  SQL_ALCHEMY_CONN = conf.get("database", "SQL_ALCHEMY_CONN")

[2023-08-13T14:27:19.013+0000] {task_command.py:410} INFO - Running <TaskInstance: emrPipeline.s3_file_check manual__2023-08-13T14:26:52+00:00 [running]> on host 484e6be077e8
[2023-08-13T14:27:19.264+0000] {taskinstance.py:1545} INFO - Exporting env vars: AIRFLOW_CTX_DAG_OWNER='***' AIRFLOW_CTX_DAG_ID='emrPipeline' AIRFLOW_CTX_TASK_ID='s3_file_check' AIRFLOW_CTX_EXECUTION_DATE='2023-08-13T14:26:52+00:00' AIRFLOW_CTX_TRY_NUMBER='1' AIRFLOW_CTX_DAG_RUN_ID='manual__2023-08-13T14:26:52+00:00'
[2023-08-13T14:27:19.265+0000] {s3.py:103} INFO - Poking for key : s3://myawsbucket19080/hiveStep/raw/tripdata.csv
[2023-08-13T14:27:19.276+0000] {base.py:73} INFO - Using connection ID 'aws_connection' for task execution.
[2023-08-13T14:27:19.276+0000] {connection_wrapper.py:340} INFO - AWS Connection (conn_id='aws_connection', conn_type='aws') credentials retrieved from login and password.
[2023-08-13T14:27:30.470+0000] {s3.py:103} INFO - Poking for key : s3://myawsbucket19080/hiveStep/raw/tripdata.csv
[2023-08-13T14:27:40.529+0000] {s3.py:103} INFO - Poking for key : s3://myawsbucket19080/hiveStep/raw/tripdata.csv
[2023-08-13T14:27:50.683+0000] {s3.py:103} INFO - Poking for key : s3://myawsbucket19080/hiveStep/raw/tripdata.csv
[2023-08-13T14:28:00.839+0000] {s3.py:103} INFO - Poking for key : s3://myawsbucket19080/hiveStep/raw/tripdata.csv
[2023-08-13T14:28:11.072+0000] {s3.py:103} INFO - Poking for key : s3://myawsbucket19080/hiveStep/raw/tripdata.csv
[2023-08-13T14:28:21.239+0000] {s3.py:103} INFO - Poking for key : s3://myawsbucket19080/hiveStep/raw/tripdata.csv
[2023-08-13T14:28:31.439+0000] {s3.py:103} INFO - Poking for key : s3://myawsbucket19080/hiveStep/raw/tripdata.csv
[2023-08-13T14:28:41.590+0000] {s3.py:103} INFO - Poking for key : s3://myawsbucket19080/hiveStep/raw/tripdata.csv
[2023-08-13T14:28:51.708+0000] {s3.py:103} INFO - Poking for key : s3://myawsbucket19080/hiveStep/raw/tripdata.csv
[2023-08-13T14:29:01.862+0000] {s3.py:103} INFO - Poking for key : s3://myawsbucket19080/hiveStep/raw/tripdata.csv
[2023-08-13T14:29:11.990+0000] {s3.py:103} INFO - Poking for key : s3://myawsbucket19080/hiveStep/raw/tripdata.csv
[2023-08-13T14:29:22.239+0000] {s3.py:103} INFO - Poking for key : s3://myawsbucket19080/hiveStep/raw/tripdata.csv
[2023-08-13T14:29:22.372+0000] {base.py:255} INFO - Success criteria met. Exiting.
[2023-08-13T14:29:22.463+0000] {taskinstance.py:1345} INFO - Marking task as SUCCESS. dag_id=emrPipeline, task_id=s3_file_check, execution_date=20230813T142652, start_date=20230813T142718, end_date=20230813T142922
[2023-08-13T14:29:22.623+0000] {local_task_job_runner.py:225} INFO - Task exited with return code 0
[2023-08-13T14:29:22.757+0000] {taskinstance.py:2653} INFO - 1 downstream tasks scheduled from follow-on schedule check
