[2023-08-14T19:22:16.229+0000] {taskinstance.py:1103} INFO - Dependencies all met for dep_context=non-requeueable deps ti=<TaskInstance: ny_taxi_Pipeline.step_checker_hive_task manual__2023-08-14T19:11:57+00:00 [queued]>
[2023-08-14T19:22:16.238+0000] {taskinstance.py:1103} INFO - Dependencies all met for dep_context=requeueable deps ti=<TaskInstance: ny_taxi_Pipeline.step_checker_hive_task manual__2023-08-14T19:11:57+00:00 [queued]>
[2023-08-14T19:22:16.239+0000] {taskinstance.py:1308} INFO - Starting attempt 1 of 1
[2023-08-14T19:22:16.255+0000] {taskinstance.py:1327} INFO - Executing <Task(EmrStepSensor): step_checker_hive_task> on 2023-08-14 19:11:57+00:00
[2023-08-14T19:22:16.269+0000] {standard_task_runner.py:57} INFO - Started process 15719 to run task
[2023-08-14T19:22:16.277+0000] {standard_task_runner.py:84} INFO - Running: ['***', 'tasks', 'run', 'ny_taxi_Pipeline', 'step_checker_hive_task', 'manual__2023-08-14T19:11:57+00:00', '--job-id', '1648', '--raw', '--subdir', 'DAGS_FOLDER/ny_taxi_datapipeline.py', '--cfg-path', '/tmp/tmplwfyv3qn']
[2023-08-14T19:22:16.280+0000] {standard_task_runner.py:85} INFO - Job 1648: Subtask step_checker_hive_task
[2023-08-14T19:22:16.296+0000] {warnings.py:109} WARNING - /home/***/.local/lib/python3.9/site-packages/***/settings.py:195: DeprecationWarning: The sql_alchemy_conn option in [core] has been moved to the sql_alchemy_conn option in [database] - the old setting has been used, but please update your config.
  SQL_ALCHEMY_CONN = conf.get("database", "SQL_ALCHEMY_CONN")

[2023-08-14T19:22:16.345+0000] {task_command.py:410} INFO - Running <TaskInstance: ny_taxi_Pipeline.step_checker_hive_task manual__2023-08-14T19:11:57+00:00 [running]> on host d4028c5ba2ac
[2023-08-14T19:22:16.470+0000] {taskinstance.py:1545} INFO - Exporting env vars: AIRFLOW_CTX_DAG_OWNER='***' AIRFLOW_CTX_DAG_ID='ny_taxi_Pipeline' AIRFLOW_CTX_TASK_ID='step_checker_hive_task' AIRFLOW_CTX_EXECUTION_DATE='2023-08-14T19:11:57+00:00' AIRFLOW_CTX_TRY_NUMBER='1' AIRFLOW_CTX_DAG_RUN_ID='manual__2023-08-14T19:11:57+00:00'
[2023-08-14T19:22:16.481+0000] {base.py:73} INFO - Using connection ID 'aws_connection' for task execution.
[2023-08-14T19:22:16.481+0000] {connection_wrapper.py:340} INFO - AWS Connection (conn_id='aws_connection', conn_type='aws') credentials retrieved from login and password.
[2023-08-14T19:22:16.976+0000] {emr.py:544} INFO - Poking step s-01788152P7AFHM2GYL0Y on cluster j-281UQFGBEUOCC
[2023-08-14T19:22:17.088+0000] {emr.py:74} INFO - Job flow currently PENDING
[2023-08-14T19:22:27.097+0000] {emr.py:544} INFO - Poking step s-01788152P7AFHM2GYL0Y on cluster j-281UQFGBEUOCC
[2023-08-14T19:22:27.284+0000] {emr.py:74} INFO - Job flow currently PENDING
[2023-08-14T19:22:37.293+0000] {emr.py:544} INFO - Poking step s-01788152P7AFHM2GYL0Y on cluster j-281UQFGBEUOCC
[2023-08-14T19:22:37.750+0000] {emr.py:74} INFO - Job flow currently PENDING
[2023-08-14T19:22:47.757+0000] {emr.py:544} INFO - Poking step s-01788152P7AFHM2GYL0Y on cluster j-281UQFGBEUOCC
[2023-08-14T19:22:48.509+0000] {emr.py:74} INFO - Job flow currently PENDING
[2023-08-14T19:22:58.517+0000] {emr.py:544} INFO - Poking step s-01788152P7AFHM2GYL0Y on cluster j-281UQFGBEUOCC
[2023-08-14T19:22:58.891+0000] {emr.py:74} INFO - Job flow currently PENDING
[2023-08-14T19:23:08.896+0000] {emr.py:544} INFO - Poking step s-01788152P7AFHM2GYL0Y on cluster j-281UQFGBEUOCC
[2023-08-14T19:23:09.271+0000] {emr.py:74} INFO - Job flow currently RUNNING
[2023-08-14T19:23:19.303+0000] {emr.py:544} INFO - Poking step s-01788152P7AFHM2GYL0Y on cluster j-281UQFGBEUOCC
[2023-08-14T19:23:19.679+0000] {emr.py:74} INFO - Job flow currently RUNNING
[2023-08-14T19:23:29.687+0000] {emr.py:544} INFO - Poking step s-01788152P7AFHM2GYL0Y on cluster j-281UQFGBEUOCC
[2023-08-14T19:23:30.105+0000] {emr.py:74} INFO - Job flow currently RUNNING
[2023-08-14T19:23:40.106+0000] {emr.py:544} INFO - Poking step s-01788152P7AFHM2GYL0Y on cluster j-281UQFGBEUOCC
[2023-08-14T19:23:40.993+0000] {emr.py:74} INFO - Job flow currently RUNNING
[2023-08-14T19:23:51.010+0000] {emr.py:544} INFO - Poking step s-01788152P7AFHM2GYL0Y on cluster j-281UQFGBEUOCC
[2023-08-14T19:23:51.718+0000] {emr.py:74} INFO - Job flow currently RUNNING
[2023-08-14T19:24:01.731+0000] {emr.py:544} INFO - Poking step s-01788152P7AFHM2GYL0Y on cluster j-281UQFGBEUOCC
[2023-08-14T19:24:02.296+0000] {emr.py:74} INFO - Job flow currently RUNNING
[2023-08-14T19:24:12.297+0000] {emr.py:544} INFO - Poking step s-01788152P7AFHM2GYL0Y on cluster j-281UQFGBEUOCC
[2023-08-14T19:24:12.680+0000] {emr.py:74} INFO - Job flow currently COMPLETED
[2023-08-14T19:24:12.681+0000] {base.py:255} INFO - Success criteria met. Exiting.
[2023-08-14T19:24:12.738+0000] {taskinstance.py:1345} INFO - Marking task as SUCCESS. dag_id=ny_taxi_Pipeline, task_id=step_checker_hive_task, execution_date=20230814T191157, start_date=20230814T192216, end_date=20230814T192412
[2023-08-14T19:24:13.713+0000] {local_task_job_runner.py:225} INFO - Task exited with return code 0
[2023-08-14T19:24:13.887+0000] {taskinstance.py:2653} INFO - 0 downstream tasks scheduled from follow-on schedule check
