[2023-08-14T12:31:44.036+0000] {taskinstance.py:1103} INFO - Dependencies all met for dep_context=non-requeueable deps ti=<TaskInstance: emrPipeline.step_checker_hive_task manual__2023-08-14T12:18:36+00:00 [queued]>
[2023-08-14T12:31:44.047+0000] {taskinstance.py:1103} INFO - Dependencies all met for dep_context=requeueable deps ti=<TaskInstance: emrPipeline.step_checker_hive_task manual__2023-08-14T12:18:36+00:00 [queued]>
[2023-08-14T12:31:44.048+0000] {taskinstance.py:1308} INFO - Starting attempt 1 of 1
[2023-08-14T12:31:44.063+0000] {taskinstance.py:1327} INFO - Executing <Task(EmrStepSensor): step_checker_hive_task> on 2023-08-14 12:18:36+00:00
[2023-08-14T12:31:44.070+0000] {standard_task_runner.py:57} INFO - Started process 2633 to run task
[2023-08-14T12:31:44.077+0000] {standard_task_runner.py:84} INFO - Running: ['***', 'tasks', 'run', 'emrPipeline', 'step_checker_hive_task', 'manual__2023-08-14T12:18:36+00:00', '--job-id', '1331', '--raw', '--subdir', 'DAGS_FOLDER/emr.py', '--cfg-path', '/tmp/tmpi5lutohj']
[2023-08-14T12:31:44.080+0000] {standard_task_runner.py:85} INFO - Job 1331: Subtask step_checker_hive_task
[2023-08-14T12:31:44.095+0000] {warnings.py:109} WARNING - /home/***/.local/lib/python3.9/site-packages/***/settings.py:195: DeprecationWarning: The sql_alchemy_conn option in [core] has been moved to the sql_alchemy_conn option in [database] - the old setting has been used, but please update your config.
  SQL_ALCHEMY_CONN = conf.get("database", "SQL_ALCHEMY_CONN")

[2023-08-14T12:31:44.185+0000] {task_command.py:410} INFO - Running <TaskInstance: emrPipeline.step_checker_hive_task manual__2023-08-14T12:18:36+00:00 [running]> on host d4028c5ba2ac
[2023-08-14T12:31:44.402+0000] {taskinstance.py:1545} INFO - Exporting env vars: AIRFLOW_CTX_DAG_OWNER='***' AIRFLOW_CTX_DAG_ID='emrPipeline' AIRFLOW_CTX_TASK_ID='step_checker_hive_task' AIRFLOW_CTX_EXECUTION_DATE='2023-08-14T12:18:36+00:00' AIRFLOW_CTX_TRY_NUMBER='1' AIRFLOW_CTX_DAG_RUN_ID='manual__2023-08-14T12:18:36+00:00'
[2023-08-14T12:31:44.414+0000] {base.py:73} INFO - Using connection ID 'aws_connection' for task execution.
[2023-08-14T12:31:44.414+0000] {connection_wrapper.py:340} INFO - AWS Connection (conn_id='aws_connection', conn_type='aws') credentials retrieved from login and password.
[2023-08-14T12:31:44.905+0000] {emr.py:544} INFO - Poking step s-02212441YBN2GM4DAS29 on cluster j-2GE7MR5IVZSY6
[2023-08-14T12:31:45.048+0000] {emr.py:74} INFO - Job flow currently PENDING
[2023-08-14T12:31:55.056+0000] {emr.py:544} INFO - Poking step s-02212441YBN2GM4DAS29 on cluster j-2GE7MR5IVZSY6
[2023-08-14T12:31:55.169+0000] {emr.py:74} INFO - Job flow currently PENDING
[2023-08-14T12:32:05.178+0000] {emr.py:544} INFO - Poking step s-02212441YBN2GM4DAS29 on cluster j-2GE7MR5IVZSY6
[2023-08-14T12:32:05.283+0000] {emr.py:74} INFO - Job flow currently PENDING
[2023-08-14T12:32:15.286+0000] {emr.py:544} INFO - Poking step s-02212441YBN2GM4DAS29 on cluster j-2GE7MR5IVZSY6
[2023-08-14T12:32:15.409+0000] {emr.py:74} INFO - Job flow currently PENDING
[2023-08-14T12:32:25.416+0000] {emr.py:544} INFO - Poking step s-02212441YBN2GM4DAS29 on cluster j-2GE7MR5IVZSY6
[2023-08-14T12:32:25.528+0000] {emr.py:74} INFO - Job flow currently PENDING
[2023-08-14T12:32:35.537+0000] {emr.py:544} INFO - Poking step s-02212441YBN2GM4DAS29 on cluster j-2GE7MR5IVZSY6
[2023-08-14T12:32:35.641+0000] {emr.py:74} INFO - Job flow currently PENDING
[2023-08-14T12:32:45.646+0000] {emr.py:544} INFO - Poking step s-02212441YBN2GM4DAS29 on cluster j-2GE7MR5IVZSY6
[2023-08-14T12:32:45.802+0000] {emr.py:74} INFO - Job flow currently RUNNING
[2023-08-14T12:32:55.810+0000] {emr.py:544} INFO - Poking step s-02212441YBN2GM4DAS29 on cluster j-2GE7MR5IVZSY6
[2023-08-14T12:32:55.931+0000] {emr.py:74} INFO - Job flow currently RUNNING
[2023-08-14T12:33:05.937+0000] {emr.py:544} INFO - Poking step s-02212441YBN2GM4DAS29 on cluster j-2GE7MR5IVZSY6
[2023-08-14T12:33:06.048+0000] {emr.py:74} INFO - Job flow currently RUNNING
[2023-08-14T12:33:16.056+0000] {emr.py:544} INFO - Poking step s-02212441YBN2GM4DAS29 on cluster j-2GE7MR5IVZSY6
[2023-08-14T12:33:16.183+0000] {emr.py:74} INFO - Job flow currently RUNNING
[2023-08-14T12:33:26.187+0000] {emr.py:544} INFO - Poking step s-02212441YBN2GM4DAS29 on cluster j-2GE7MR5IVZSY6
[2023-08-14T12:33:26.310+0000] {emr.py:74} INFO - Job flow currently RUNNING
[2023-08-14T12:33:36.316+0000] {emr.py:544} INFO - Poking step s-02212441YBN2GM4DAS29 on cluster j-2GE7MR5IVZSY6
[2023-08-14T12:33:36.444+0000] {emr.py:74} INFO - Job flow currently RUNNING
[2023-08-14T12:33:46.456+0000] {emr.py:544} INFO - Poking step s-02212441YBN2GM4DAS29 on cluster j-2GE7MR5IVZSY6
[2023-08-14T12:33:46.566+0000] {emr.py:74} INFO - Job flow currently COMPLETED
[2023-08-14T12:33:46.566+0000] {base.py:255} INFO - Success criteria met. Exiting.
[2023-08-14T12:33:46.574+0000] {taskinstance.py:1345} INFO - Marking task as SUCCESS. dag_id=emrPipeline, task_id=step_checker_hive_task, execution_date=20230814T121836, start_date=20230814T123144, end_date=20230814T123346
[2023-08-14T12:33:46.629+0000] {local_task_job_runner.py:225} INFO - Task exited with return code 0
[2023-08-14T12:33:46.656+0000] {taskinstance.py:2653} INFO - 1 downstream tasks scheduled from follow-on schedule check
