[2023-07-29 09:31:06,893] {taskinstance.py:896} INFO - Dependencies all met for <TaskInstance: example_bash_operator.runme_1 2023-07-27T00:00:00+00:00 [queued]>
[2023-07-29 09:31:07,114] {taskinstance.py:896} INFO - Dependencies all met for <TaskInstance: example_bash_operator.runme_1 2023-07-27T00:00:00+00:00 [queued]>
[2023-07-29 09:31:07,114] {taskinstance.py:1087} INFO - 
--------------------------------------------------------------------------------
[2023-07-29 09:31:07,114] {taskinstance.py:1088} INFO - Starting attempt 1 of 1
[2023-07-29 09:31:07,114] {taskinstance.py:1089} INFO - 
--------------------------------------------------------------------------------
[2023-07-29 09:31:07,321] {taskinstance.py:1107} INFO - Executing <Task(BashOperator): runme_1> on 2023-07-27T00:00:00+00:00
[2023-07-29 09:31:07,439] {standard_task_runner.py:52} INFO - Started process 82 to run task
[2023-07-29 09:31:07,515] {standard_task_runner.py:76} INFO - Running: ['***', 'tasks', 'run', 'example_bash_operator', 'runme_1', '2023-07-27T00:00:00+00:00', '--job-id', '22', '--pool', 'default_pool', '--raw', '--subdir', '/home/***/.local/lib/python3.9/site-packages/***/example_dags/example_bash_operator.py', '--cfg-path', '/tmp/tmpgss2iusc', '--error-file', '/tmp/tmpj8l4ffkq']
[2023-07-29 09:31:07,515] {standard_task_runner.py:77} INFO - Job 22: Subtask runme_1
[2023-07-29 09:31:08,382] {logging_mixin.py:104} INFO - Running <TaskInstance: example_bash_operator.runme_1 2023-07-27T00:00:00+00:00 [running]> on host 2ae13fbb8692
[2023-07-29 09:31:09,411] {taskinstance.py:1300} INFO - Exporting the following env vars:
AIRFLOW_CTX_DAG_OWNER=***
AIRFLOW_CTX_DAG_ID=example_bash_operator
AIRFLOW_CTX_TASK_ID=runme_1
AIRFLOW_CTX_EXECUTION_DATE=2023-07-27T00:00:00+00:00
AIRFLOW_CTX_DAG_RUN_ID=scheduled__2023-07-27T00:00:00+00:00
[2023-07-29 09:31:09,412] {subprocess.py:52} INFO - Tmp dir root location: 
 /tmp
[2023-07-29 09:31:09,412] {subprocess.py:63} INFO - Running command: ['bash', '-c', 'echo "example_bash_operator__runme_1__20230727" && sleep 1']
[2023-07-29 09:31:09,656] {subprocess.py:74} INFO - Output:
[2023-07-29 09:31:09,662] {subprocess.py:78} INFO - example_bash_operator__runme_1__20230727
[2023-07-29 09:31:10,715] {subprocess.py:82} INFO - Command exited with return code 0
[2023-07-29 09:31:11,030] {taskinstance.py:1204} INFO - Marking task as SUCCESS. dag_id=example_bash_operator, task_id=runme_1, execution_date=20230727T000000, start_date=20230729T093106, end_date=20230729T093111
[2023-07-29 09:31:11,353] {taskinstance.py:1265} INFO - 0 downstream tasks scheduled from follow-on schedule check
[2023-07-29 09:31:11,384] {local_task_job.py:149} INFO - Task exited with return code 0
