[2023-08-13T15:00:07.821+0000] {warnings.py:109} WARNING - /home/***/.local/lib/python3.9/site-packages/***/utils/sqlalchemy.py:124: DeprecationWarning: The sql_alchemy_conn option in [core] has been moved to the sql_alchemy_conn option in [database] - the old setting has been used, but please update your config.
  return not conf.get("database", "sql_alchemy_conn").startswith("mssql")

[2023-08-13T15:00:07.954+0000] {taskinstance.py:1103} INFO - Dependencies all met for dep_context=non-requeueable deps ti=<TaskInstance: emrPipeline.S0 scheduled__2023-08-13T14:00:00+00:00 [queued]>
[2023-08-13T15:00:07.966+0000] {taskinstance.py:1103} INFO - Dependencies all met for dep_context=requeueable deps ti=<TaskInstance: emrPipeline.S0 scheduled__2023-08-13T14:00:00+00:00 [queued]>
[2023-08-13T15:00:07.966+0000] {taskinstance.py:1308} INFO - Starting attempt 1 of 1
[2023-08-13T15:00:07.993+0000] {taskinstance.py:1327} INFO - Executing <Task(BashOperator): S0> on 2023-08-13 14:00:00+00:00
[2023-08-13T15:00:08.011+0000] {standard_task_runner.py:57} INFO - Started process 7797 to run task
[2023-08-13T15:00:08.027+0000] {standard_task_runner.py:84} INFO - Running: ['***', 'tasks', 'run', 'emrPipeline', 'S0', 'scheduled__2023-08-13T14:00:00+00:00', '--job-id', '954', '--raw', '--subdir', 'DAGS_FOLDER/emr.py', '--cfg-path', '/tmp/tmp1u1m238z']
[2023-08-13T15:00:08.041+0000] {standard_task_runner.py:85} INFO - Job 954: Subtask S0
[2023-08-13T15:00:08.058+0000] {warnings.py:109} WARNING - /home/***/.local/lib/python3.9/site-packages/***/settings.py:195: DeprecationWarning: The sql_alchemy_conn option in [core] has been moved to the sql_alchemy_conn option in [database] - the old setting has been used, but please update your config.
  SQL_ALCHEMY_CONN = conf.get("database", "SQL_ALCHEMY_CONN")

[2023-08-13T15:00:08.133+0000] {task_command.py:410} INFO - Running <TaskInstance: emrPipeline.S0 scheduled__2023-08-13T14:00:00+00:00 [running]> on host 484e6be077e8
[2023-08-13T15:00:08.154+0000] {warnings.py:109} WARNING - /home/***/.local/lib/python3.9/site-packages/***/utils/sqlalchemy.py:124: DeprecationWarning: The sql_alchemy_conn option in [core] has been moved to the sql_alchemy_conn option in [database] - the old setting has been used, but please update your config.
  return not conf.get("database", "sql_alchemy_conn").startswith("mssql")

[2023-08-13T15:00:08.300+0000] {taskinstance.py:1545} INFO - Exporting env vars: AIRFLOW_CTX_DAG_OWNER='***' AIRFLOW_CTX_DAG_ID='emrPipeline' AIRFLOW_CTX_TASK_ID='S0' AIRFLOW_CTX_EXECUTION_DATE='2023-08-13T14:00:00+00:00' AIRFLOW_CTX_TRY_NUMBER='1' AIRFLOW_CTX_DAG_RUN_ID='scheduled__2023-08-13T14:00:00+00:00'
[2023-08-13T15:00:08.302+0000] {subprocess.py:63} INFO - Tmp dir root location: /tmp
[2023-08-13T15:00:08.305+0000] {subprocess.py:75} INFO - Running command: ['/bin/bash', '-c', 'sleep 10']
[2023-08-13T15:00:08.336+0000] {subprocess.py:86} INFO - Output:
[2023-08-13T15:00:18.353+0000] {subprocess.py:97} INFO - Command exited with return code 0
[2023-08-13T15:00:18.381+0000] {taskinstance.py:1345} INFO - Marking task as SUCCESS. dag_id=emrPipeline, task_id=S0, execution_date=20230813T140000, start_date=20230813T150007, end_date=20230813T150018
[2023-08-13T15:00:18.431+0000] {local_task_job_runner.py:225} INFO - Task exited with return code 0
[2023-08-13T15:00:18.448+0000] {dagrun.py:720} ERROR - Failed to get task for ti <TaskInstance: emrPipeline.create_emr_cluster scheduled__2023-08-13T14:00:00+00:00 [None]>. Marking it as removed.
[2023-08-13T15:00:18.452+0000] {dagrun.py:720} ERROR - Failed to get task for ti <TaskInstance: emrPipeline.step_adder scheduled__2023-08-13T14:00:00+00:00 [None]>. Marking it as removed.
[2023-08-13T15:00:18.453+0000] {dagrun.py:720} ERROR - Failed to get task for ti <TaskInstance: emrPipeline.step_checker_hive_task scheduled__2023-08-13T14:00:00+00:00 [None]>. Marking it as removed.
[2023-08-13T15:00:18.455+0000] {dagrun.py:720} ERROR - Failed to get task for ti <TaskInstance: emrPipeline.step_checker_agg_task scheduled__2023-08-13T14:00:00+00:00 [None]>. Marking it as removed.
[2023-08-13T15:00:18.456+0000] {dagrun.py:720} ERROR - Failed to get task for ti <TaskInstance: emrPipeline.cluster_remover scheduled__2023-08-13T14:00:00+00:00 [None]>. Marking it as removed.
[2023-08-13T15:00:18.469+0000] {taskinstance.py:2653} INFO - 1 downstream tasks scheduled from follow-on schedule check
