[2023-08-02T18:29:58.157+0000] {warnings.py:109} WARNING - /home/***/.local/lib/python3.9/site-packages/***/utils/sqlalchemy.py:124: DeprecationWarning: The sql_alchemy_conn option in [core] has been moved to the sql_alchemy_conn option in [database] - the old setting has been used, but please update your config.
  return not conf.get("database", "sql_alchemy_conn").startswith("mssql")

[2023-08-02T18:29:58.247+0000] {taskinstance.py:1103} INFO - Dependencies all met for dep_context=non-requeueable deps ti=<TaskInstance: userCase2.S5 __airflow_temporary_run_2023-08-02T18:29:56.003684+00:00__ [queued]>
[2023-08-02T18:29:58.273+0000] {taskinstance.py:1103} INFO - Dependencies all met for dep_context=requeueable deps ti=<TaskInstance: userCase2.S5 __airflow_temporary_run_2023-08-02T18:29:56.003684+00:00__ [queued]>
[2023-08-02T18:29:58.274+0000] {taskinstance.py:1308} INFO - Starting attempt 1 of 1
[2023-08-02T18:29:58.302+0000] {taskinstance.py:1327} INFO - Executing <Task(BashOperator): S5> on 2023-08-02 18:29:56.003656+00:00
[2023-08-02T18:29:58.309+0000] {standard_task_runner.py:57} INFO - Started process 4700 to run task
[2023-08-02T18:29:58.313+0000] {standard_task_runner.py:84} INFO - Running: ['***', 'tasks', 'run', 'userCase2', 'S5', '__***_temporary_run_2023-08-02T18:29:56.003684+00:00__', '--job-id', '110', '--raw', '--subdir', 'DAGS_FOLDER/userCase.py', '--cfg-path', '/tmp/tmp9je7tnq1']
[2023-08-02T18:29:58.326+0000] {standard_task_runner.py:85} INFO - Job 110: Subtask S5
[2023-08-02T18:29:58.359+0000] {warnings.py:109} WARNING - /home/***/.local/lib/python3.9/site-packages/***/settings.py:195: DeprecationWarning: The sql_alchemy_conn option in [core] has been moved to the sql_alchemy_conn option in [database] - the old setting has been used, but please update your config.
  SQL_ALCHEMY_CONN = conf.get("database", "SQL_ALCHEMY_CONN")

[2023-08-02T18:29:58.436+0000] {task_command.py:410} INFO - Running <TaskInstance: userCase2.S5 __airflow_temporary_run_2023-08-02T18:29:56.003684+00:00__ [running]> on host 484e6be077e8
[2023-08-02T18:29:58.457+0000] {warnings.py:109} WARNING - /home/***/.local/lib/python3.9/site-packages/***/utils/sqlalchemy.py:124: DeprecationWarning: The sql_alchemy_conn option in [core] has been moved to the sql_alchemy_conn option in [database] - the old setting has been used, but please update your config.
  return not conf.get("database", "sql_alchemy_conn").startswith("mssql")

[2023-08-02T18:29:58.583+0000] {taskinstance.py:1545} INFO - Exporting env vars: AIRFLOW_CTX_DAG_OWNER='***' AIRFLOW_CTX_DAG_ID='userCase2' AIRFLOW_CTX_TASK_ID='S5' AIRFLOW_CTX_EXECUTION_DATE='2023-08-02T18:29:56.003656+00:00' AIRFLOW_CTX_TRY_NUMBER='2' AIRFLOW_CTX_DAG_RUN_ID='__***_temporary_run_2023-08-02T18:29:56.003684+00:00__'
[2023-08-02T18:29:58.585+0000] {subprocess.py:63} INFO - Tmp dir root location: /tmp
[2023-08-02T18:29:58.585+0000] {subprocess.py:75} INFO - Running command: ['/bin/bash', '-c', 'sleep 10']
[2023-08-02T18:29:58.608+0000] {subprocess.py:86} INFO - Output:
[2023-08-02T18:30:03.346+0000] {local_task_job_runner.py:271} WARNING - Recorded pid 4711 does not match the current pid 4700
[2023-08-02T18:30:03.348+0000] {process_utils.py:131} INFO - Sending Signals.SIGTERM to group 4700. PIDs of all processes in the group: [4701, 4700]
[2023-08-02T18:30:03.348+0000] {process_utils.py:86} INFO - Sending the signal Signals.SIGTERM to group 4700
[2023-08-02T18:30:03.349+0000] {taskinstance.py:1517} ERROR - Received SIGTERM. Terminating subprocesses.
[2023-08-02T18:30:03.349+0000] {subprocess.py:104} INFO - Sending SIGTERM signal to process group
[2023-08-02T18:30:03.365+0000] {taskinstance.py:1824} ERROR - Task failed with exception
Traceback (most recent call last):
  File "/home/airflow/.local/lib/python3.9/site-packages/airflow/operators/bash.py", line 201, in execute
    result = self.subprocess_hook.run_command(
  File "/home/airflow/.local/lib/python3.9/site-packages/airflow/hooks/subprocess.py", line 91, in run_command
    for raw_line in iter(self.sub_process.stdout.readline, b""):
  File "/home/airflow/.local/lib/python3.9/site-packages/airflow/models/taskinstance.py", line 1519, in signal_handler
    raise AirflowException("Task received SIGTERM signal")
airflow.exceptions.AirflowException: Task received SIGTERM signal
[2023-08-02T18:30:03.371+0000] {taskinstance.py:1345} INFO - Marking task as FAILED. dag_id=userCase2, task_id=S5, execution_date=20230802T182956, start_date=20230802T183001, end_date=20230802T183003
[2023-08-02T18:30:03.389+0000] {standard_task_runner.py:104} ERROR - Failed to execute job 110 for task S5 (Task received SIGTERM signal; 4700)
[2023-08-02T18:30:03.416+0000] {process_utils.py:79} INFO - Process psutil.Process(pid=4700, status='terminated', exitcode=1, started='18:29:58') (4700) terminated with exit code 1
[2023-08-02T18:30:03.417+0000] {process_utils.py:79} INFO - Process psutil.Process(pid=4701, status='terminated', started='18:29:58') (4701) terminated with exit code None
