[2023-08-14T18:05:41.870+0000] {taskinstance.py:1103} INFO - Dependencies all met for dep_context=non-requeueable deps ti=<TaskInstance: ny_taxi_Pipeline.s3_file_check manual__2023-08-14T18:03:20+00:00 [queued]>
[2023-08-14T18:05:41.890+0000] {taskinstance.py:1103} INFO - Dependencies all met for dep_context=requeueable deps ti=<TaskInstance: ny_taxi_Pipeline.s3_file_check manual__2023-08-14T18:03:20+00:00 [queued]>
[2023-08-14T18:05:41.890+0000] {taskinstance.py:1308} INFO - Starting attempt 1 of 31
[2023-08-14T18:05:41.921+0000] {taskinstance.py:1327} INFO - Executing <Task(S3KeySensor): s3_file_check> on 2023-08-14 18:03:20+00:00
[2023-08-14T18:05:41.958+0000] {standard_task_runner.py:57} INFO - Started process 13334 to run task
[2023-08-14T18:05:41.965+0000] {standard_task_runner.py:84} INFO - Running: ['***', 'tasks', 'run', 'ny_taxi_Pipeline', 's3_file_check', 'manual__2023-08-14T18:03:20+00:00', '--job-id', '1580', '--raw', '--subdir', 'DAGS_FOLDER/ny_taxi_datapipeline.py', '--cfg-path', '/tmp/tmptiaej9t1']
[2023-08-14T18:05:41.978+0000] {standard_task_runner.py:85} INFO - Job 1580: Subtask s3_file_check
[2023-08-14T18:05:41.999+0000] {warnings.py:109} WARNING - /home/***/.local/lib/python3.9/site-packages/***/settings.py:195: DeprecationWarning: The sql_alchemy_conn option in [core] has been moved to the sql_alchemy_conn option in [database] - the old setting has been used, but please update your config.
  SQL_ALCHEMY_CONN = conf.get("database", "SQL_ALCHEMY_CONN")

[2023-08-14T18:05:42.096+0000] {task_command.py:410} INFO - Running <TaskInstance: ny_taxi_Pipeline.s3_file_check manual__2023-08-14T18:03:20+00:00 [running]> on host d4028c5ba2ac
[2023-08-14T18:05:42.237+0000] {taskinstance.py:1545} INFO - Exporting env vars: AIRFLOW_CTX_DAG_OWNER='***' AIRFLOW_CTX_DAG_ID='ny_taxi_Pipeline' AIRFLOW_CTX_TASK_ID='s3_file_check' AIRFLOW_CTX_EXECUTION_DATE='2023-08-14T18:03:20+00:00' AIRFLOW_CTX_TRY_NUMBER='1' AIRFLOW_CTX_DAG_RUN_ID='manual__2023-08-14T18:03:20+00:00'
[2023-08-14T18:05:42.238+0000] {s3.py:103} INFO - Poking for key : s3://myawsbucket19080/hiveStep/raw/tripdata.csv
[2023-08-14T18:05:42.258+0000] {base.py:73} INFO - Using connection ID 'aws_connection' for task execution.
[2023-08-14T18:05:42.259+0000] {connection_wrapper.py:340} INFO - AWS Connection (conn_id='aws_connection', conn_type='aws') credentials retrieved from login and password.
[2023-08-14T18:05:52.977+0000] {s3.py:103} INFO - Poking for key : s3://myawsbucket19080/hiveStep/raw/tripdata.csv
[2023-08-14T18:06:03.016+0000] {s3.py:103} INFO - Poking for key : s3://myawsbucket19080/hiveStep/raw/tripdata.csv
[2023-08-14T18:06:13.066+0000] {s3.py:103} INFO - Poking for key : s3://myawsbucket19080/hiveStep/raw/tripdata.csv
[2023-08-14T18:06:23.116+0000] {s3.py:103} INFO - Poking for key : s3://myawsbucket19080/hiveStep/raw/tripdata.csv
[2023-08-14T18:06:33.166+0000] {s3.py:103} INFO - Poking for key : s3://myawsbucket19080/hiveStep/raw/tripdata.csv
[2023-08-14T18:06:43.206+0000] {s3.py:103} INFO - Poking for key : s3://myawsbucket19080/hiveStep/raw/tripdata.csv
[2023-08-14T18:06:53.256+0000] {s3.py:103} INFO - Poking for key : s3://myawsbucket19080/hiveStep/raw/tripdata.csv
[2023-08-14T18:07:03.306+0000] {s3.py:103} INFO - Poking for key : s3://myawsbucket19080/hiveStep/raw/tripdata.csv
[2023-08-14T18:07:13.353+0000] {s3.py:103} INFO - Poking for key : s3://myawsbucket19080/hiveStep/raw/tripdata.csv
[2023-08-14T18:07:23.419+0000] {s3.py:103} INFO - Poking for key : s3://myawsbucket19080/hiveStep/raw/tripdata.csv
[2023-08-14T18:07:33.466+0000] {s3.py:103} INFO - Poking for key : s3://myawsbucket19080/hiveStep/raw/tripdata.csv
[2023-08-14T18:07:43.521+0000] {s3.py:103} INFO - Poking for key : s3://myawsbucket19080/hiveStep/raw/tripdata.csv
[2023-08-14T18:07:43.619+0000] {base.py:255} INFO - Success criteria met. Exiting.
[2023-08-14T18:07:43.665+0000] {taskinstance.py:1345} INFO - Marking task as SUCCESS. dag_id=ny_taxi_Pipeline, task_id=s3_file_check, execution_date=20230814T180320, start_date=20230814T180541, end_date=20230814T180743
[2023-08-14T18:07:43.805+0000] {local_task_job_runner.py:225} INFO - Task exited with return code 0
[2023-08-14T18:07:43.976+0000] {taskinstance.py:2653} INFO - 1 downstream tasks scheduled from follow-on schedule check
