[2023-08-18T13:55:52.019+0000] {warnings.py:109} WARNING - /home/***/.local/lib/python3.9/site-packages/***/utils/sqlalchemy.py:124: DeprecationWarning: The sql_alchemy_conn option in [core] has been moved to the sql_alchemy_conn option in [database] - the old setting has been used, but please update your config.
  return not conf.get("database", "sql_alchemy_conn").startswith("mssql")

[2023-08-18T13:55:52.097+0000] {taskinstance.py:1103} INFO - Dependencies all met for dep_context=non-requeueable deps ti=<TaskInstance: serial_parallel_data_pipeline.B0 scheduled__2023-08-17T00:00:00+00:00 [queued]>
[2023-08-18T13:55:52.113+0000] {taskinstance.py:1103} INFO - Dependencies all met for dep_context=requeueable deps ti=<TaskInstance: serial_parallel_data_pipeline.B0 scheduled__2023-08-17T00:00:00+00:00 [queued]>
[2023-08-18T13:55:52.113+0000] {taskinstance.py:1308} INFO - Starting attempt 1 of 1
[2023-08-18T13:55:52.141+0000] {taskinstance.py:1327} INFO - Executing <Task(BranchPythonOperator): B0> on 2023-08-17 00:00:00+00:00
[2023-08-18T13:55:52.153+0000] {standard_task_runner.py:57} INFO - Started process 1024 to run task
[2023-08-18T13:55:52.157+0000] {standard_task_runner.py:84} INFO - Running: ['***', 'tasks', 'run', 'serial_parallel_data_pipeline', 'B0', 'scheduled__2023-08-17T00:00:00+00:00', '--job-id', '1740', '--raw', '--subdir', 'DAGS_FOLDER/data_pipleline_serial_and_parallel.py', '--cfg-path', '/tmp/tmp4fmt18tx']
[2023-08-18T13:55:52.159+0000] {standard_task_runner.py:85} INFO - Job 1740: Subtask B0
[2023-08-18T13:55:52.181+0000] {warnings.py:109} WARNING - /home/***/.local/lib/python3.9/site-packages/***/settings.py:195: DeprecationWarning: The sql_alchemy_conn option in [core] has been moved to the sql_alchemy_conn option in [database] - the old setting has been used, but please update your config.
  SQL_ALCHEMY_CONN = conf.get("database", "SQL_ALCHEMY_CONN")

[2023-08-18T13:55:52.276+0000] {task_command.py:410} INFO - Running <TaskInstance: serial_parallel_data_pipeline.B0 scheduled__2023-08-17T00:00:00+00:00 [running]> on host d4028c5ba2ac
[2023-08-18T13:55:52.298+0000] {warnings.py:109} WARNING - /home/***/.local/lib/python3.9/site-packages/***/utils/sqlalchemy.py:124: DeprecationWarning: The sql_alchemy_conn option in [core] has been moved to the sql_alchemy_conn option in [database] - the old setting has been used, but please update your config.
  return not conf.get("database", "sql_alchemy_conn").startswith("mssql")

[2023-08-18T13:55:52.478+0000] {taskinstance.py:1545} INFO - Exporting env vars: AIRFLOW_CTX_DAG_OWNER='***' AIRFLOW_CTX_DAG_ID='serial_parallel_data_pipeline' AIRFLOW_CTX_TASK_ID='B0' AIRFLOW_CTX_EXECUTION_DATE='2023-08-17T00:00:00+00:00' AIRFLOW_CTX_TRY_NUMBER='1' AIRFLOW_CTX_DAG_RUN_ID='scheduled__2023-08-17T00:00:00+00:00'
[2023-08-18T13:55:52.480+0000] {python.py:183} INFO - Done. Returned value was: F1
[2023-08-18T13:55:52.480+0000] {python.py:216} INFO - Branch callable return F1
[2023-08-18T13:55:52.480+0000] {skipmixin.py:164} INFO - Following branch F1
[2023-08-18T13:55:52.480+0000] {skipmixin.py:224} INFO - Skipping tasks ['F0']
[2023-08-18T13:55:52.539+0000] {taskinstance.py:1345} INFO - Marking task as SUCCESS. dag_id=serial_parallel_data_pipeline, task_id=B0, execution_date=20230817T000000, start_date=20230818T135552, end_date=20230818T135552
[2023-08-18T13:55:52.603+0000] {local_task_job_runner.py:225} INFO - Task exited with return code 0
[2023-08-18T13:55:52.728+0000] {taskinstance.py:2653} INFO - 1 downstream tasks scheduled from follow-on schedule check
