[2023-08-14T18:16:29.909+0000] {taskinstance.py:1103} INFO - Dependencies all met for dep_context=non-requeueable deps ti=<TaskInstance: ny_taxi_Pipeline.step_checker_hive_task manual__2023-08-14T18:03:20+00:00 [queued]>
[2023-08-14T18:16:29.919+0000] {taskinstance.py:1103} INFO - Dependencies all met for dep_context=requeueable deps ti=<TaskInstance: ny_taxi_Pipeline.step_checker_hive_task manual__2023-08-14T18:03:20+00:00 [queued]>
[2023-08-14T18:16:29.919+0000] {taskinstance.py:1308} INFO - Starting attempt 1 of 1
[2023-08-14T18:16:29.934+0000] {taskinstance.py:1327} INFO - Executing <Task(EmrStepSensor): step_checker_hive_task> on 2023-08-14 18:03:20+00:00
[2023-08-14T18:16:29.942+0000] {standard_task_runner.py:57} INFO - Started process 13688 to run task
[2023-08-14T18:16:29.949+0000] {standard_task_runner.py:84} INFO - Running: ['***', 'tasks', 'run', 'ny_taxi_Pipeline', 'step_checker_hive_task', 'manual__2023-08-14T18:03:20+00:00', '--job-id', '1590', '--raw', '--subdir', 'DAGS_FOLDER/ny_taxi_datapipeline.py', '--cfg-path', '/tmp/tmp_j2o0vdk']
[2023-08-14T18:16:29.952+0000] {standard_task_runner.py:85} INFO - Job 1590: Subtask step_checker_hive_task
[2023-08-14T18:16:29.966+0000] {warnings.py:109} WARNING - /home/***/.local/lib/python3.9/site-packages/***/settings.py:195: DeprecationWarning: The sql_alchemy_conn option in [core] has been moved to the sql_alchemy_conn option in [database] - the old setting has been used, but please update your config.
  SQL_ALCHEMY_CONN = conf.get("database", "SQL_ALCHEMY_CONN")

[2023-08-14T18:16:30.011+0000] {task_command.py:410} INFO - Running <TaskInstance: ny_taxi_Pipeline.step_checker_hive_task manual__2023-08-14T18:03:20+00:00 [running]> on host d4028c5ba2ac
[2023-08-14T18:16:30.153+0000] {taskinstance.py:1545} INFO - Exporting env vars: AIRFLOW_CTX_DAG_OWNER='***' AIRFLOW_CTX_DAG_ID='ny_taxi_Pipeline' AIRFLOW_CTX_TASK_ID='step_checker_hive_task' AIRFLOW_CTX_EXECUTION_DATE='2023-08-14T18:03:20+00:00' AIRFLOW_CTX_TRY_NUMBER='1' AIRFLOW_CTX_DAG_RUN_ID='manual__2023-08-14T18:03:20+00:00'
[2023-08-14T18:16:30.164+0000] {base.py:73} INFO - Using connection ID 'aws_connection' for task execution.
[2023-08-14T18:16:30.165+0000] {connection_wrapper.py:340} INFO - AWS Connection (conn_id='aws_connection', conn_type='aws') credentials retrieved from login and password.
[2023-08-14T18:16:30.736+0000] {emr.py:544} INFO - Poking step s-07875113CK7BBAVDDB3A on cluster j-32USIBSRB9NIV
[2023-08-14T18:16:30.886+0000] {emr.py:74} INFO - Job flow currently PENDING
[2023-08-14T18:16:40.886+0000] {emr.py:544} INFO - Poking step s-07875113CK7BBAVDDB3A on cluster j-32USIBSRB9NIV
[2023-08-14T18:16:41.003+0000] {emr.py:74} INFO - Job flow currently PENDING
[2023-08-14T18:16:51.008+0000] {emr.py:544} INFO - Poking step s-07875113CK7BBAVDDB3A on cluster j-32USIBSRB9NIV
[2023-08-14T18:16:51.151+0000] {emr.py:74} INFO - Job flow currently PENDING
[2023-08-14T18:17:01.156+0000] {emr.py:544} INFO - Poking step s-07875113CK7BBAVDDB3A on cluster j-32USIBSRB9NIV
[2023-08-14T18:17:01.271+0000] {emr.py:74} INFO - Job flow currently PENDING
[2023-08-14T18:17:11.280+0000] {emr.py:544} INFO - Poking step s-07875113CK7BBAVDDB3A on cluster j-32USIBSRB9NIV
[2023-08-14T18:17:11.516+0000] {emr.py:74} INFO - Job flow currently PENDING
[2023-08-14T18:17:21.517+0000] {emr.py:544} INFO - Poking step s-07875113CK7BBAVDDB3A on cluster j-32USIBSRB9NIV
[2023-08-14T18:17:21.661+0000] {emr.py:74} INFO - Job flow currently PENDING
[2023-08-14T18:17:31.666+0000] {emr.py:544} INFO - Poking step s-07875113CK7BBAVDDB3A on cluster j-32USIBSRB9NIV
[2023-08-14T18:17:32.118+0000] {emr.py:74} INFO - Job flow currently RUNNING
[2023-08-14T18:17:42.133+0000] {emr.py:544} INFO - Poking step s-07875113CK7BBAVDDB3A on cluster j-32USIBSRB9NIV
[2023-08-14T18:17:42.536+0000] {emr.py:74} INFO - Job flow currently RUNNING
[2023-08-14T18:17:52.547+0000] {emr.py:544} INFO - Poking step s-07875113CK7BBAVDDB3A on cluster j-32USIBSRB9NIV
[2023-08-14T18:17:52.829+0000] {emr.py:74} INFO - Job flow currently RUNNING
[2023-08-14T18:18:02.839+0000] {emr.py:544} INFO - Poking step s-07875113CK7BBAVDDB3A on cluster j-32USIBSRB9NIV
[2023-08-14T18:18:03.326+0000] {emr.py:74} INFO - Job flow currently RUNNING
[2023-08-14T18:18:13.337+0000] {emr.py:544} INFO - Poking step s-07875113CK7BBAVDDB3A on cluster j-32USIBSRB9NIV
[2023-08-14T18:18:13.738+0000] {emr.py:74} INFO - Job flow currently RUNNING
[2023-08-14T18:18:23.746+0000] {emr.py:544} INFO - Poking step s-07875113CK7BBAVDDB3A on cluster j-32USIBSRB9NIV
[2023-08-14T18:18:24.268+0000] {emr.py:74} INFO - Job flow currently RUNNING
[2023-08-14T18:18:34.276+0000] {emr.py:544} INFO - Poking step s-07875113CK7BBAVDDB3A on cluster j-32USIBSRB9NIV
[2023-08-14T18:18:34.737+0000] {emr.py:74} INFO - Job flow currently COMPLETED
[2023-08-14T18:18:34.737+0000] {base.py:255} INFO - Success criteria met. Exiting.
[2023-08-14T18:18:34.829+0000] {taskinstance.py:1345} INFO - Marking task as SUCCESS. dag_id=ny_taxi_Pipeline, task_id=step_checker_hive_task, execution_date=20230814T180320, start_date=20230814T181629, end_date=20230814T181834
[2023-08-14T18:18:34.962+0000] {local_task_job_runner.py:225} INFO - Task exited with return code 0
[2023-08-14T18:18:35.446+0000] {taskinstance.py:2653} INFO - 0 downstream tasks scheduled from follow-on schedule check
