[2023-08-13T18:36:36.744+0000] {taskinstance.py:1103} INFO - Dependencies all met for dep_context=non-requeueable deps ti=<TaskInstance: emrPipeline.step_checker_hive_task manual__2023-08-13T18:26:32+00:00 [queued]>
[2023-08-13T18:36:36.752+0000] {taskinstance.py:1103} INFO - Dependencies all met for dep_context=requeueable deps ti=<TaskInstance: emrPipeline.step_checker_hive_task manual__2023-08-13T18:26:32+00:00 [queued]>
[2023-08-13T18:36:36.752+0000] {taskinstance.py:1308} INFO - Starting attempt 1 of 1
[2023-08-13T18:36:36.768+0000] {taskinstance.py:1327} INFO - Executing <Task(EmrStepSensor): step_checker_hive_task> on 2023-08-13 18:26:32+00:00
[2023-08-13T18:36:36.780+0000] {standard_task_runner.py:57} INFO - Started process 14475 to run task
[2023-08-13T18:36:36.787+0000] {standard_task_runner.py:84} INFO - Running: ['***', 'tasks', 'run', 'emrPipeline', 'step_checker_hive_task', 'manual__2023-08-13T18:26:32+00:00', '--job-id', '1135', '--raw', '--subdir', 'DAGS_FOLDER/emr.py', '--cfg-path', '/tmp/tmpo6m89wk8']
[2023-08-13T18:36:36.790+0000] {standard_task_runner.py:85} INFO - Job 1135: Subtask step_checker_hive_task
[2023-08-13T18:36:36.804+0000] {warnings.py:109} WARNING - /home/***/.local/lib/python3.9/site-packages/***/settings.py:195: DeprecationWarning: The sql_alchemy_conn option in [core] has been moved to the sql_alchemy_conn option in [database] - the old setting has been used, but please update your config.
  SQL_ALCHEMY_CONN = conf.get("database", "SQL_ALCHEMY_CONN")

[2023-08-13T18:36:36.853+0000] {task_command.py:410} INFO - Running <TaskInstance: emrPipeline.step_checker_hive_task manual__2023-08-13T18:26:32+00:00 [running]> on host 484e6be077e8
[2023-08-13T18:36:36.962+0000] {taskinstance.py:1545} INFO - Exporting env vars: AIRFLOW_CTX_DAG_OWNER='***' AIRFLOW_CTX_DAG_ID='emrPipeline' AIRFLOW_CTX_TASK_ID='step_checker_hive_task' AIRFLOW_CTX_EXECUTION_DATE='2023-08-13T18:26:32+00:00' AIRFLOW_CTX_TRY_NUMBER='1' AIRFLOW_CTX_DAG_RUN_ID='manual__2023-08-13T18:26:32+00:00'
[2023-08-13T18:36:36.971+0000] {base.py:73} INFO - Using connection ID 'aws_connection' for task execution.
[2023-08-13T18:36:36.971+0000] {connection_wrapper.py:340} INFO - AWS Connection (conn_id='aws_connection', conn_type='aws') credentials retrieved from login and password.
[2023-08-13T18:36:37.458+0000] {emr.py:544} INFO - Poking step s-094087432UFEM1SB1LCZ on cluster j-1C2B720A8W3LF
[2023-08-13T18:36:37.577+0000] {emr.py:74} INFO - Job flow currently PENDING
[2023-08-13T18:36:47.579+0000] {emr.py:544} INFO - Poking step s-094087432UFEM1SB1LCZ on cluster j-1C2B720A8W3LF
[2023-08-13T18:36:47.710+0000] {emr.py:74} INFO - Job flow currently PENDING
[2023-08-13T18:36:57.719+0000] {emr.py:544} INFO - Poking step s-094087432UFEM1SB1LCZ on cluster j-1C2B720A8W3LF
[2023-08-13T18:36:57.831+0000] {emr.py:74} INFO - Job flow currently PENDING
[2023-08-13T18:37:07.839+0000] {emr.py:544} INFO - Poking step s-094087432UFEM1SB1LCZ on cluster j-1C2B720A8W3LF
[2023-08-13T18:37:07.999+0000] {emr.py:74} INFO - Job flow currently PENDING
[2023-08-13T18:37:17.999+0000] {emr.py:544} INFO - Poking step s-094087432UFEM1SB1LCZ on cluster j-1C2B720A8W3LF
[2023-08-13T18:37:18.120+0000] {emr.py:74} INFO - Job flow currently PENDING
[2023-08-13T18:37:28.129+0000] {emr.py:544} INFO - Poking step s-094087432UFEM1SB1LCZ on cluster j-1C2B720A8W3LF
[2023-08-13T18:37:28.254+0000] {emr.py:74} INFO - Job flow currently PENDING
[2023-08-13T18:37:38.259+0000] {emr.py:544} INFO - Poking step s-094087432UFEM1SB1LCZ on cluster j-1C2B720A8W3LF
[2023-08-13T18:37:38.369+0000] {emr.py:74} INFO - Job flow currently RUNNING
[2023-08-13T18:37:48.372+0000] {emr.py:544} INFO - Poking step s-094087432UFEM1SB1LCZ on cluster j-1C2B720A8W3LF
[2023-08-13T18:37:48.665+0000] {emr.py:74} INFO - Job flow currently RUNNING
[2023-08-13T18:37:58.677+0000] {emr.py:544} INFO - Poking step s-094087432UFEM1SB1LCZ on cluster j-1C2B720A8W3LF
[2023-08-13T18:37:58.988+0000] {emr.py:74} INFO - Job flow currently RUNNING
[2023-08-13T18:38:09.003+0000] {emr.py:544} INFO - Poking step s-094087432UFEM1SB1LCZ on cluster j-1C2B720A8W3LF
[2023-08-13T18:38:09.444+0000] {emr.py:74} INFO - Job flow currently RUNNING
[2023-08-13T18:38:19.449+0000] {emr.py:544} INFO - Poking step s-094087432UFEM1SB1LCZ on cluster j-1C2B720A8W3LF
[2023-08-13T18:38:19.852+0000] {emr.py:74} INFO - Job flow currently RUNNING
[2023-08-13T18:38:29.859+0000] {emr.py:544} INFO - Poking step s-094087432UFEM1SB1LCZ on cluster j-1C2B720A8W3LF
[2023-08-13T18:38:30.137+0000] {emr.py:74} INFO - Job flow currently RUNNING
[2023-08-13T18:38:40.145+0000] {emr.py:544} INFO - Poking step s-094087432UFEM1SB1LCZ on cluster j-1C2B720A8W3LF
[2023-08-13T18:38:40.429+0000] {emr.py:74} INFO - Job flow currently COMPLETED
[2023-08-13T18:38:40.429+0000] {base.py:255} INFO - Success criteria met. Exiting.
[2023-08-13T18:38:40.471+0000] {taskinstance.py:1345} INFO - Marking task as SUCCESS. dag_id=emrPipeline, task_id=step_checker_hive_task, execution_date=20230813T182632, start_date=20230813T183636, end_date=20230813T183840
[2023-08-13T18:38:40.679+0000] {local_task_job_runner.py:225} INFO - Task exited with return code 0
[2023-08-13T18:38:40.846+0000] {taskinstance.py:2653} INFO - 1 downstream tasks scheduled from follow-on schedule check
