[2023-08-14T17:45:31.259+0000] {warnings.py:109} WARNING - /home/***/.local/lib/python3.9/site-packages/***/utils/sqlalchemy.py:124: DeprecationWarning: The sql_alchemy_conn option in [core] has been moved to the sql_alchemy_conn option in [database] - the old setting has been used, but please update your config.
  return not conf.get("database", "sql_alchemy_conn").startswith("mssql")

[2023-08-14T17:45:31.270+0000] {taskinstance.py:1103} INFO - Dependencies all met for dep_context=non-requeueable deps ti=<TaskInstance: serial_parallel_data_pipeline.S2 scheduled__2023-08-13T00:00:00+00:00 [queued]>
[2023-08-14T17:45:31.279+0000] {taskinstance.py:1103} INFO - Dependencies all met for dep_context=requeueable deps ti=<TaskInstance: serial_parallel_data_pipeline.S2 scheduled__2023-08-13T00:00:00+00:00 [queued]>
[2023-08-14T17:45:31.279+0000] {taskinstance.py:1308} INFO - Starting attempt 1 of 1
[2023-08-14T17:45:31.293+0000] {taskinstance.py:1327} INFO - Executing <Task(BashOperator): S2> on 2023-08-13 00:00:00+00:00
[2023-08-14T17:45:31.300+0000] {standard_task_runner.py:57} INFO - Started process 12626 to run task
[2023-08-14T17:45:31.306+0000] {standard_task_runner.py:84} INFO - Running: ['***', 'tasks', 'run', 'serial_parallel_data_pipeline', 'S2', 'scheduled__2023-08-13T00:00:00+00:00', '--job-id', '1535', '--raw', '--subdir', 'DAGS_FOLDER/data_pipleline_serial_and_parallel.py', '--cfg-path', '/tmp/tmpgxk6n82w']
[2023-08-14T17:45:31.309+0000] {standard_task_runner.py:85} INFO - Job 1535: Subtask S2
[2023-08-14T17:45:31.323+0000] {warnings.py:109} WARNING - /home/***/.local/lib/python3.9/site-packages/***/settings.py:195: DeprecationWarning: The sql_alchemy_conn option in [core] has been moved to the sql_alchemy_conn option in [database] - the old setting has been used, but please update your config.
  SQL_ALCHEMY_CONN = conf.get("database", "SQL_ALCHEMY_CONN")

[2023-08-14T17:45:31.369+0000] {task_command.py:410} INFO - Running <TaskInstance: serial_parallel_data_pipeline.S2 scheduled__2023-08-13T00:00:00+00:00 [running]> on host d4028c5ba2ac
[2023-08-14T17:45:31.381+0000] {warnings.py:109} WARNING - /home/***/.local/lib/python3.9/site-packages/***/utils/sqlalchemy.py:124: DeprecationWarning: The sql_alchemy_conn option in [core] has been moved to the sql_alchemy_conn option in [database] - the old setting has been used, but please update your config.
  return not conf.get("database", "sql_alchemy_conn").startswith("mssql")

[2023-08-14T17:45:36.476+0000] {taskinstance.py:1545} INFO - Exporting env vars: AIRFLOW_CTX_DAG_OWNER='***' AIRFLOW_CTX_DAG_ID='serial_parallel_data_pipeline' AIRFLOW_CTX_TASK_ID='S2' AIRFLOW_CTX_EXECUTION_DATE='2023-08-13T00:00:00+00:00' AIRFLOW_CTX_TRY_NUMBER='1' AIRFLOW_CTX_DAG_RUN_ID='scheduled__2023-08-13T00:00:00+00:00'
[2023-08-14T17:45:36.478+0000] {subprocess.py:63} INFO - Tmp dir root location: /tmp
[2023-08-14T17:45:36.478+0000] {subprocess.py:75} INFO - Running command: ['/bin/bash', '-c', 'sleep 10']
[2023-08-14T17:45:36.497+0000] {subprocess.py:86} INFO - Output:
[2023-08-14T17:45:46.506+0000] {subprocess.py:97} INFO - Command exited with return code 0
[2023-08-14T17:45:46.535+0000] {taskinstance.py:1345} INFO - Marking task as SUCCESS. dag_id=serial_parallel_data_pipeline, task_id=S2, execution_date=20230813T000000, start_date=20230814T174531, end_date=20230814T174546
[2023-08-14T17:45:46.591+0000] {local_task_job_runner.py:225} INFO - Task exited with return code 0
[2023-08-14T17:45:46.628+0000] {taskinstance.py:2653} INFO - 1 downstream tasks scheduled from follow-on schedule check
