[2023-07-29T18:27:14.387+0000] {taskinstance.py:1103} INFO - Dependencies all met for dep_context=non-requeueable deps ti=<TaskInstance: emrPipeline.create_emr_cluster manual__2023-07-29T18:27:01.442063+00:00 [queued]>
[2023-07-29T18:27:14.403+0000] {taskinstance.py:1103} INFO - Dependencies all met for dep_context=requeueable deps ti=<TaskInstance: emrPipeline.create_emr_cluster manual__2023-07-29T18:27:01.442063+00:00 [queued]>
[2023-07-29T18:27:14.403+0000] {taskinstance.py:1308} INFO - Starting attempt 1 of 1
[2023-07-29T18:27:14.429+0000] {taskinstance.py:1327} INFO - Executing <Task(EmrCreateJobFlowOperator): create_emr_cluster> on 2023-07-29 18:27:01.442063+00:00
[2023-07-29T18:27:14.437+0000] {standard_task_runner.py:57} INFO - Started process 9361 to run task
[2023-07-29T18:27:14.441+0000] {standard_task_runner.py:84} INFO - Running: ['***', 'tasks', 'run', 'emrPipeline', 'create_emr_cluster', 'manual__2023-07-29T18:27:01.442063+00:00', '--job-id', '23', '--raw', '--subdir', 'DAGS_FOLDER/emr.py', '--cfg-path', '/tmp/tmpx2kn503c']
[2023-07-29T18:27:14.444+0000] {standard_task_runner.py:85} INFO - Job 23: Subtask create_emr_cluster
[2023-07-29T18:27:14.480+0000] {warnings.py:109} WARNING - /home/***/.local/lib/python3.9/site-packages/***/settings.py:195: DeprecationWarning: The sql_alchemy_conn option in [core] has been moved to the sql_alchemy_conn option in [database] - the old setting has been used, but please update your config.
  SQL_ALCHEMY_CONN = conf.get("database", "SQL_ALCHEMY_CONN")

[2023-07-29T18:27:14.577+0000] {task_command.py:410} INFO - Running <TaskInstance: emrPipeline.create_emr_cluster manual__2023-07-29T18:27:01.442063+00:00 [running]> on host 3ea9eeb1605e
[2023-07-29T18:27:14.677+0000] {taskinstance.py:1545} INFO - Exporting env vars: AIRFLOW_CTX_DAG_OWNER='***' AIRFLOW_CTX_DAG_ID='emrPipeline' AIRFLOW_CTX_TASK_ID='create_emr_cluster' AIRFLOW_CTX_EXECUTION_DATE='2023-07-29T18:27:01.442063+00:00' AIRFLOW_CTX_TRY_NUMBER='1' AIRFLOW_CTX_DAG_RUN_ID='manual__2023-07-29T18:27:01.442063+00:00'
[2023-07-29T18:27:14.678+0000] {emr.py:700} INFO - Creating job flow using aws_conn_id: aws_connection, emr_conn_id: EMR_Connection
[2023-07-29T18:27:14.687+0000] {base.py:73} INFO - Using connection ID 'EMR_Connection' for task execution.
[2023-07-29T18:27:14.693+0000] {base.py:73} INFO - Using connection ID 'aws_connection' for task execution.
[2023-07-29T18:27:14.693+0000] {connection_wrapper.py:340} INFO - AWS Connection (conn_id='aws_connection', conn_type='aws') credentials retrieved from login and password.
[2023-07-29T18:27:15.202+0000] {taskinstance.py:1824} ERROR - Task failed with exception
Traceback (most recent call last):
  File "/home/airflow/.local/lib/python3.9/site-packages/airflow/providers/amazon/aws/operators/emr.py", line 708, in execute
    response = self._emr_hook.create_job_flow(job_flow_overrides)
  File "/home/airflow/.local/lib/python3.9/site-packages/airflow/providers/amazon/aws/hooks/emr.py", line 134, in create_job_flow
    response = self.get_conn().run_job_flow(**config)
  File "/home/airflow/.local/lib/python3.9/site-packages/botocore/client.py", line 530, in _api_call
    return self._make_api_call(operation_name, kwargs)
  File "/home/airflow/.local/lib/python3.9/site-packages/botocore/client.py", line 923, in _make_api_call
    request_dict = self._convert_to_request_dict(
  File "/home/airflow/.local/lib/python3.9/site-packages/botocore/client.py", line 991, in _convert_to_request_dict
    request_dict = self._serializer.serialize_to_request(
  File "/home/airflow/.local/lib/python3.9/site-packages/botocore/validate.py", line 381, in serialize_to_request
    raise ParamValidationError(report=report.generate_report())
botocore.exceptions.ParamValidationError: Parameter validation failed:
Invalid type for parameter Instances.KeepJobFlowAliveWhenNoSteps, value: True, type: <class 'str'>, valid types: <class 'bool'>
Invalid type for parameter Instances.TerminationProtected, value: False, type: <class 'str'>, valid types: <class 'bool'>
Invalid type for parameter VisibleToAllUsers, value: True, type: <class 'str'>, valid types: <class 'bool'>
[2023-07-29T18:27:15.211+0000] {taskinstance.py:1345} INFO - Marking task as FAILED. dag_id=emrPipeline, task_id=create_emr_cluster, execution_date=20230729T182701, start_date=20230729T182714, end_date=20230729T182715
[2023-07-29T18:27:15.224+0000] {standard_task_runner.py:104} ERROR - Failed to execute job 23 for task create_emr_cluster (Parameter validation failed:
Invalid type for parameter Instances.KeepJobFlowAliveWhenNoSteps, value: True, type: <class 'str'>, valid types: <class 'bool'>
Invalid type for parameter Instances.TerminationProtected, value: False, type: <class 'str'>, valid types: <class 'bool'>
Invalid type for parameter VisibleToAllUsers, value: True, type: <class 'str'>, valid types: <class 'bool'>; 9361)
[2023-07-29T18:27:15.274+0000] {local_task_job_runner.py:225} INFO - Task exited with return code 1
[2023-07-29T18:27:15.294+0000] {taskinstance.py:2653} INFO - 0 downstream tasks scheduled from follow-on schedule check
