[2023-08-12T18:00:32.928+0000] {taskinstance.py:1103} INFO - Dependencies all met for dep_context=non-requeueable deps ti=<TaskInstance: emrPipeline.step_checker_agg_task manual__2023-08-12T17:49:59.677539+00:00 [queued]>
[2023-08-12T18:00:32.938+0000] {taskinstance.py:1103} INFO - Dependencies all met for dep_context=requeueable deps ti=<TaskInstance: emrPipeline.step_checker_agg_task manual__2023-08-12T17:49:59.677539+00:00 [queued]>
[2023-08-12T18:00:32.938+0000] {taskinstance.py:1308} INFO - Starting attempt 1 of 1
[2023-08-12T18:00:32.954+0000] {taskinstance.py:1327} INFO - Executing <Task(EmrStepSensor): step_checker_agg_task> on 2023-08-12 17:49:59.677539+00:00
[2023-08-12T18:00:32.962+0000] {standard_task_runner.py:57} INFO - Started process 13618 to run task
[2023-08-12T18:00:32.966+0000] {standard_task_runner.py:84} INFO - Running: ['***', 'tasks', 'run', 'emrPipeline', 'step_checker_agg_task', 'manual__2023-08-12T17:49:59.677539+00:00', '--job-id', '216', '--raw', '--subdir', 'DAGS_FOLDER/emr.py', '--cfg-path', '/tmp/tmp7n3fujdf']
[2023-08-12T18:00:32.969+0000] {standard_task_runner.py:85} INFO - Job 216: Subtask step_checker_agg_task
[2023-08-12T18:00:32.983+0000] {warnings.py:109} WARNING - /home/***/.local/lib/python3.9/site-packages/***/settings.py:195: DeprecationWarning: The sql_alchemy_conn option in [core] has been moved to the sql_alchemy_conn option in [database] - the old setting has been used, but please update your config.
  SQL_ALCHEMY_CONN = conf.get("database", "SQL_ALCHEMY_CONN")

[2023-08-12T18:00:33.019+0000] {task_command.py:410} INFO - Running <TaskInstance: emrPipeline.step_checker_agg_task manual__2023-08-12T17:49:59.677539+00:00 [running]> on host 484e6be077e8
[2023-08-12T18:00:33.120+0000] {taskinstance.py:1545} INFO - Exporting env vars: AIRFLOW_CTX_DAG_OWNER='***' AIRFLOW_CTX_DAG_ID='emrPipeline' AIRFLOW_CTX_TASK_ID='step_checker_agg_task' AIRFLOW_CTX_EXECUTION_DATE='2023-08-12T17:49:59.677539+00:00' AIRFLOW_CTX_TRY_NUMBER='1' AIRFLOW_CTX_DAG_RUN_ID='manual__2023-08-12T17:49:59.677539+00:00'
[2023-08-12T18:00:33.130+0000] {base.py:73} INFO - Using connection ID 'aws_connection' for task execution.
[2023-08-12T18:00:33.131+0000] {connection_wrapper.py:340} INFO - AWS Connection (conn_id='aws_connection', conn_type='aws') credentials retrieved from login and password.
[2023-08-12T18:00:33.618+0000] {emr.py:544} INFO - Poking step s-06801466YASV58QKUNI on cluster j-3LW3BGW4RH16G
[2023-08-12T18:00:33.742+0000] {emr.py:74} INFO - Job flow currently RUNNING
[2023-08-12T18:00:43.753+0000] {emr.py:544} INFO - Poking step s-06801466YASV58QKUNI on cluster j-3LW3BGW4RH16G
[2023-08-12T18:00:43.849+0000] {emr.py:74} INFO - Job flow currently RUNNING
[2023-08-12T18:00:53.860+0000] {emr.py:544} INFO - Poking step s-06801466YASV58QKUNI on cluster j-3LW3BGW4RH16G
[2023-08-12T18:00:53.976+0000] {emr.py:74} INFO - Job flow currently RUNNING
[2023-08-12T18:01:03.980+0000] {emr.py:544} INFO - Poking step s-06801466YASV58QKUNI on cluster j-3LW3BGW4RH16G
[2023-08-12T18:01:04.100+0000] {emr.py:74} INFO - Job flow currently RUNNING
[2023-08-12T18:01:14.110+0000] {emr.py:544} INFO - Poking step s-06801466YASV58QKUNI on cluster j-3LW3BGW4RH16G
[2023-08-12T18:01:14.220+0000] {emr.py:74} INFO - Job flow currently RUNNING
[2023-08-12T18:01:24.230+0000] {emr.py:544} INFO - Poking step s-06801466YASV58QKUNI on cluster j-3LW3BGW4RH16G
[2023-08-12T18:01:24.335+0000] {emr.py:74} INFO - Job flow currently RUNNING
[2023-08-12T18:01:34.341+0000] {emr.py:544} INFO - Poking step s-06801466YASV58QKUNI on cluster j-3LW3BGW4RH16G
[2023-08-12T18:01:34.442+0000] {emr.py:74} INFO - Job flow currently COMPLETED
[2023-08-12T18:01:34.442+0000] {base.py:255} INFO - Success criteria met. Exiting.
[2023-08-12T18:01:34.454+0000] {taskinstance.py:1345} INFO - Marking task as SUCCESS. dag_id=emrPipeline, task_id=step_checker_agg_task, execution_date=20230812T174959, start_date=20230812T180032, end_date=20230812T180134
[2023-08-12T18:01:34.516+0000] {local_task_job_runner.py:225} INFO - Task exited with return code 0
[2023-08-12T18:01:34.540+0000] {taskinstance.py:2653} INFO - 1 downstream tasks scheduled from follow-on schedule check
